<?xml version="1.0" encoding="UTF-8"?>
<TestRun id="0de5d63d-fa83-4791-94c5-43a7d133d058" name="zanaanuar@ZANAANUAR1564 2016-08-14 19:17:46" runUser="ZANAANUAR1564\zanaanuar" xmlns="http://microsoft.com/schemas/VisualStudio/TeamTest/2010">
  <Times creation="2016-08-14T19:17:46.9555792+08:00" queuing="2016-08-14T19:17:46.9555792+08:00" start="2016-08-14T19:17:46.9605794+08:00" finish="2016-08-14T19:17:48.7966258+08:00" />
  <TestSettings name="default" id="9d4a2653-2714-449f-9b2c-44664d166961">
    <Execution>
      <TestTypeSpecific />
    </Execution>
    <Deployment runDeploymentRoot="zanaanuar_ZANAANUAR1564 2016-08-14 19_17_46" />
    <Properties />
  </TestSettings>
  <Results>
    <UnitTestResult executionId="a6a556c0-9672-4b62-a761-14198e931f1b" testId="8d13645f-ace3-ee52-0b1f-b75f216a1c8a" testName="ExA2_TestWithAName" computerName="ZANAANUAR1564" duration="00:00:00.0232782" startTime="2016-08-14T19:17:46.8415794+08:00" endTime="2016-08-14T19:17:46.8957206+08:00" testType="13cdc9d9-ddb5-4fa4-a97d-d965ccfc6d4b" outcome="Failed" testListId="8c84fa94-04c1-424b-9868-57a2d4851a1d" relativeResultsDirectory="a6a556c0-9672-4b62-a761-14198e931f1b">
      <Output>
        <StdOut>Debug Trace:
John</StdOut>
        <ErrorInfo>
          <Message>Assert.IsTrue failed. There is no output detected</Message>
          <StackTrace>   at ExercisesTest.TestHelper.AssertOutputContains(String expectedOutput) in \\mac\home\Desktop\CSExercises\ExercisesTest\TestHelper.cs:line 55
   at ExercisesTest.ExA2Test.ExA2_TestWithAName() in \\mac\home\Desktop\CSExercises\ExercisesTest\SectionA\ExA2Test.cs:line 19
</StackTrace>
        </ErrorInfo>
      </Output>
    </UnitTestResult>
    <UnitTestResult executionId="b8409cc3-74b7-4e6c-b5f5-505b3b48f5f8" testId="e3d43c25-4879-9987-1b05-886dcab007db" testName="ExC3_TestWithZero" computerName="ZANAANUAR1564" duration="00:00:00.0014861" startTime="2016-08-14T19:17:46.9057088+08:00" endTime="2016-08-14T19:17:46.9076200+08:00" testType="13cdc9d9-ddb5-4fa4-a97d-d965ccfc6d4b" outcome="Failed" testListId="8c84fa94-04c1-424b-9868-57a2d4851a1d" relativeResultsDirectory="b8409cc3-74b7-4e6c-b5f5-505b3b48f5f8">
      <Output>
        <ErrorInfo>
          <Message>Assert.AreEqual failed. Expected:&lt;F&gt;. Actual:&lt;(null)&gt;. </Message>
          <StackTrace>   at ExercisesTest.ExC3Test.ExC3_TestWithZero() in \\mac\home\Desktop\CSExercises\ExercisesTest\SectionC\ExC3Test.cs:line 14
</StackTrace>
        </ErrorInfo>
      </Output>
    </UnitTestResult>
    <UnitTestResult executionId="4ec5a58a-0ef3-4e8a-b699-2ac70989ed49" testId="97c4b883-ea03-6670-c7d7-8a5271d03002" testName="ExC3_TestForA" computerName="ZANAANUAR1564" duration="00:00:00.0009873" startTime="2016-08-14T19:17:46.9076200+08:00" endTime="2016-08-14T19:17:46.9086931+08:00" testType="13cdc9d9-ddb5-4fa4-a97d-d965ccfc6d4b" outcome="Failed" testListId="8c84fa94-04c1-424b-9868-57a2d4851a1d" relativeResultsDirectory="4ec5a58a-0ef3-4e8a-b699-2ac70989ed49">
      <Output>
        <ErrorInfo>
          <Message>Assert.AreEqual failed. Expected:&lt;A&gt;. Actual:&lt;(null)&gt;. </Message>
          <StackTrace>   at ExercisesTest.ExC3Test.ExC3_TestForA() in \\mac\home\Desktop\CSExercises\ExercisesTest\SectionC\ExC3Test.cs:line 21
</StackTrace>
        </ErrorInfo>
      </Output>
    </UnitTestResult>
    <UnitTestResult executionId="21608264-c103-4b46-ac8b-b1edf18c12cb" testId="057093fc-37d3-acb2-7e8c-260165b052fe" testName="ExC3_TestForB" computerName="ZANAANUAR1564" duration="00:00:00.0010355" startTime="2016-08-14T19:17:46.9086931+08:00" endTime="2016-08-14T19:17:46.9105843+08:00" testType="13cdc9d9-ddb5-4fa4-a97d-d965ccfc6d4b" outcome="Failed" testListId="8c84fa94-04c1-424b-9868-57a2d4851a1d" relativeResultsDirectory="21608264-c103-4b46-ac8b-b1edf18c12cb">
      <Output>
        <ErrorInfo>
          <Message>Assert.AreEqual failed. Expected:&lt;B&gt;. Actual:&lt;(null)&gt;. </Message>
          <StackTrace>   at ExercisesTest.ExC3Test.ExC3_TestForB() in \\mac\home\Desktop\CSExercises\ExercisesTest\SectionC\ExC3Test.cs:line 28
</StackTrace>
        </ErrorInfo>
      </Output>
    </UnitTestResult>
    <UnitTestResult executionId="0bc6777f-a5ed-48fa-a8da-9d6f6813c78f" testId="9f43dc8a-28c1-8a57-a21b-12b5d329c479" testName="ExC3_TestForC" computerName="ZANAANUAR1564" duration="00:00:00.0009340" startTime="2016-08-14T19:17:46.9105843+08:00" endTime="2016-08-14T19:17:46.9117234+08:00" testType="13cdc9d9-ddb5-4fa4-a97d-d965ccfc6d4b" outcome="Failed" testListId="8c84fa94-04c1-424b-9868-57a2d4851a1d" relativeResultsDirectory="0bc6777f-a5ed-48fa-a8da-9d6f6813c78f">
      <Output>
        <ErrorInfo>
          <Message>Assert.AreEqual failed. Expected:&lt;C&gt;. Actual:&lt;(null)&gt;. </Message>
          <StackTrace>   at ExercisesTest.ExC3Test.ExC3_TestForC() in \\mac\home\Desktop\CSExercises\ExercisesTest\SectionC\ExC3Test.cs:line 35
</StackTrace>
        </ErrorInfo>
      </Output>
    </UnitTestResult>
    <UnitTestResult executionId="56a17a13-f56f-45a3-96cd-edf44f8fe3bc" testId="e77da0c1-e064-d298-63e2-55fde252db14" testName="ExC3_TestWithNegative" computerName="ZANAANUAR1564" duration="00:00:00.0009671" startTime="2016-08-14T19:17:46.9117234+08:00" endTime="2016-08-14T19:17:46.9125844+08:00" testType="13cdc9d9-ddb5-4fa4-a97d-d965ccfc6d4b" outcome="Failed" testListId="8c84fa94-04c1-424b-9868-57a2d4851a1d" relativeResultsDirectory="56a17a13-f56f-45a3-96cd-edf44f8fe3bc">
      <Output>
        <ErrorInfo>
          <Message>Assert.AreEqual failed. Expected:&lt;**Error**&gt;. Actual:&lt;(null)&gt;. </Message>
          <StackTrace>   at ExercisesTest.ExC3Test.ExC3_TestWithNegative() in \\mac\home\Desktop\CSExercises\ExercisesTest\SectionC\ExC3Test.cs:line 41
</StackTrace>
        </ErrorInfo>
      </Output>
    </UnitTestResult>
    <UnitTestResult executionId="9927dcd4-d53d-4977-b579-88a7f3db7c18" testId="736ce668-007a-8538-cb57-b0aa4f59c7ed" testName="ExC3_TestWithLargeNumber" computerName="ZANAANUAR1564" duration="00:00:00.0010201" startTime="2016-08-14T19:17:46.9125844+08:00" endTime="2016-08-14T19:17:46.9136374+08:00" testType="13cdc9d9-ddb5-4fa4-a97d-d965ccfc6d4b" outcome="Failed" testListId="8c84fa94-04c1-424b-9868-57a2d4851a1d" relativeResultsDirectory="9927dcd4-d53d-4977-b579-88a7f3db7c18">
      <Output>
        <ErrorInfo>
          <Message>Assert.AreEqual failed. Expected:&lt;**Error**&gt;. Actual:&lt;(null)&gt;. </Message>
          <StackTrace>   at ExercisesTest.ExC3Test.ExC3_TestWithLargeNumber() in \\mac\home\Desktop\CSExercises\ExercisesTest\SectionC\ExC3Test.cs:line 47
</StackTrace>
        </ErrorInfo>
      </Output>
    </UnitTestResult>
    <UnitTestResult executionId="0362c587-6e9d-4982-922d-c1f2d404d5df" testId="159ba622-1904-2602-2526-72a12ffa196f" testName="ExB5_TestWithZero" computerName="ZANAANUAR1564" duration="00:00:00.0018404" startTime="2016-08-14T19:17:46.9136374+08:00" endTime="2016-08-14T19:17:46.9166284+08:00" testType="13cdc9d9-ddb5-4fa4-a97d-d965ccfc6d4b" outcome="Failed" testListId="8c84fa94-04c1-424b-9868-57a2d4851a1d" relativeResultsDirectory="0362c587-6e9d-4982-922d-c1f2d404d5df">
      <Output>
        <StdOut>Debug Trace:</StdOut>
        <ErrorInfo>
          <Message>Assert.IsTrue failed. There is no output detected</Message>
          <StackTrace>   at ExercisesTest.TestHelper.AssertOutput(String expectedOutput) in \\mac\home\Desktop\CSExercises\ExercisesTest\TestHelper.cs:line 47
   at ExercisesTest.TestHelper.TestOutputEqual(Type t, String input, String output) in \\mac\home\Desktop\CSExercises\ExercisesTest\TestHelper.cs:line 97
   at ExercisesTest.ExB5Test.ExB5_TestWithZero() in \\mac\home\Desktop\CSExercises\ExercisesTest\SectionB\ExB5Test.cs:line 13
</StackTrace>
        </ErrorInfo>
      </Output>
    </UnitTestResult>
    <UnitTestResult executionId="e04cbfc0-c357-45bf-b82a-463853315376" testId="4ce714ee-0184-d714-c26f-c0f025b421a2" testName="ExB5_TestWithRandomPositiveNumber" computerName="ZANAANUAR1564" duration="00:00:00.0013526" startTime="2016-08-14T19:17:46.9166284+08:00" endTime="2016-08-14T19:17:46.9177259+08:00" testType="13cdc9d9-ddb5-4fa4-a97d-d965ccfc6d4b" outcome="Failed" testListId="8c84fa94-04c1-424b-9868-57a2d4851a1d" relativeResultsDirectory="e04cbfc0-c357-45bf-b82a-463853315376">
      <Output>
        <StdOut>Debug Trace:</StdOut>
        <ErrorInfo>
          <Message>Assert.IsTrue failed. There is no output detected</Message>
          <StackTrace>   at ExercisesTest.TestHelper.AssertOutput(String expectedOutput) in \\mac\home\Desktop\CSExercises\ExercisesTest\TestHelper.cs:line 47
   at ExercisesTest.TestHelper.TestOutputEqual(Type t, String input, String output) in \\mac\home\Desktop\CSExercises\ExercisesTest\TestHelper.cs:line 97
   at ExercisesTest.ExB5Test.ExB5_TestWithRandomPositiveNumber() in \\mac\home\Desktop\CSExercises\ExercisesTest\SectionB\ExB5Test.cs:line 21
</StackTrace>
        </ErrorInfo>
      </Output>
    </UnitTestResult>
    <UnitTestResult executionId="b02e60b6-d645-41db-bab0-0f53126aa0a6" testId="56a6c058-ff64-0a54-1bb8-aba4833eba62" testName="ExB5_TestWithRandomNegativeNumber" computerName="ZANAANUAR1564" duration="00:00:00.0038651" startTime="2016-08-14T19:17:46.9225817+08:00" endTime="2016-08-14T19:17:46.9265818+08:00" testType="13cdc9d9-ddb5-4fa4-a97d-d965ccfc6d4b" outcome="Failed" testListId="8c84fa94-04c1-424b-9868-57a2d4851a1d" relativeResultsDirectory="b02e60b6-d645-41db-bab0-0f53126aa0a6">
      <Output>
        <StdOut>Debug Trace:</StdOut>
        <ErrorInfo>
          <Message>Assert.IsTrue failed. There is no output detected</Message>
          <StackTrace>   at ExercisesTest.TestHelper.AssertOutput(String expectedOutput) in \\mac\home\Desktop\CSExercises\ExercisesTest\TestHelper.cs:line 47
   at ExercisesTest.TestHelper.TestOutputEqual(Type t, String input, String output) in \\mac\home\Desktop\CSExercises\ExercisesTest\TestHelper.cs:line 97
   at ExercisesTest.ExB5Test.ExB5_TestWithRandomNegativeNumber() in \\mac\home\Desktop\CSExercises\ExercisesTest\SectionB\ExB5Test.cs:line 29
</StackTrace>
        </ErrorInfo>
      </Output>
    </UnitTestResult>
    <UnitTestResult executionId="e942914b-1ffb-4f5d-a5c0-feedc85c6b19" testId="521f27a5-8565-5e7d-7db9-96f0742480e4" testName="ExB4_TestWithZero" computerName="ZANAANUAR1564" duration="00:00:00.0020517" startTime="2016-08-14T19:17:46.9265818+08:00" endTime="2016-08-14T19:17:46.9285837+08:00" testType="13cdc9d9-ddb5-4fa4-a97d-d965ccfc6d4b" outcome="Failed" testListId="8c84fa94-04c1-424b-9868-57a2d4851a1d" relativeResultsDirectory="e942914b-1ffb-4f5d-a5c0-feedc85c6b19">
      <Output>
        <StdOut>Debug Trace:</StdOut>
        <ErrorInfo>
          <Message>Assert.IsTrue failed. There is no output detected</Message>
          <StackTrace>   at ExercisesTest.TestHelper.AssertOutputContains(String expectedOutput) in \\mac\home\Desktop\CSExercises\ExercisesTest\TestHelper.cs:line 55
   at ExercisesTest.TestHelper.TestOutputContains(Type t, String input, String output) in \\mac\home\Desktop\CSExercises\ExercisesTest\TestHelper.cs:line 115
   at ExercisesTest.ExB4Test.ExB4_TestWithZero() in \\mac\home\Desktop\CSExercises\ExercisesTest\SectionB\ExB4Test.cs:line 13
</StackTrace>
        </ErrorInfo>
      </Output>
    </UnitTestResult>
    <UnitTestResult executionId="d9d3d1bd-d241-4c9d-af27-85016cc9d233" testId="d3c73420-c493-2580-26b5-713efb8af071" testName="ExB4_TestWithRandomPositiveNumber" computerName="ZANAANUAR1564" duration="00:00:00.0015465" startTime="2016-08-14T19:17:46.9295847+08:00" endTime="2016-08-14T19:17:46.9315817+08:00" testType="13cdc9d9-ddb5-4fa4-a97d-d965ccfc6d4b" outcome="Failed" testListId="8c84fa94-04c1-424b-9868-57a2d4851a1d" relativeResultsDirectory="d9d3d1bd-d241-4c9d-af27-85016cc9d233">
      <Output>
        <StdOut>Debug Trace:</StdOut>
        <ErrorInfo>
          <Message>Assert.IsTrue failed. There is no output detected</Message>
          <StackTrace>   at ExercisesTest.TestHelper.AssertOutputContains(String expectedOutput) in \\mac\home\Desktop\CSExercises\ExercisesTest\TestHelper.cs:line 55
   at ExercisesTest.TestHelper.TestOutputContains(Type t, String input, String output) in \\mac\home\Desktop\CSExercises\ExercisesTest\TestHelper.cs:line 115
   at ExercisesTest.ExB4Test.ExB4_TestWithRandomPositiveNumber() in \\mac\home\Desktop\CSExercises\ExercisesTest\SectionB\ExB4Test.cs:line 21
</StackTrace>
        </ErrorInfo>
      </Output>
    </UnitTestResult>
    <UnitTestResult executionId="e9d3be57-8726-4e0d-806e-e95dc8552d8d" testId="07543d53-3299-9504-fc22-6f3224244293" testName="ExB4_TestWithRandomNegativeNumber" computerName="ZANAANUAR1564" duration="00:00:00.0017675" startTime="2016-08-14T19:17:46.9315817+08:00" endTime="2016-08-14T19:17:46.9335789+08:00" testType="13cdc9d9-ddb5-4fa4-a97d-d965ccfc6d4b" outcome="Failed" testListId="8c84fa94-04c1-424b-9868-57a2d4851a1d" relativeResultsDirectory="e9d3be57-8726-4e0d-806e-e95dc8552d8d">
      <Output>
        <StdOut>Debug Trace:</StdOut>
        <ErrorInfo>
          <Message>Assert.IsTrue failed. There is no output detected</Message>
          <StackTrace>   at ExercisesTest.TestHelper.AssertOutputContains(String expectedOutput) in \\mac\home\Desktop\CSExercises\ExercisesTest\TestHelper.cs:line 55
   at ExercisesTest.TestHelper.TestOutputContains(Type t, String input, String output) in \\mac\home\Desktop\CSExercises\ExercisesTest\TestHelper.cs:line 115
   at ExercisesTest.ExB4Test.ExB4_TestWithRandomNegativeNumber() in \\mac\home\Desktop\CSExercises\ExercisesTest\SectionB\ExB4Test.cs:line 29
</StackTrace>
        </ErrorInfo>
      </Output>
    </UnitTestResult>
    <UnitTestResult executionId="96093fd1-3a40-4edf-94a8-97fb1b51d893" testId="547d9154-166e-a709-4ab7-dbf01b9db8a0" testName="ExB3_TestWithZero" computerName="ZANAANUAR1564" duration="00:00:00.0016565" startTime="2016-08-14T19:17:46.9335789+08:00" endTime="2016-08-14T19:17:46.9355820+08:00" testType="13cdc9d9-ddb5-4fa4-a97d-d965ccfc6d4b" outcome="Failed" testListId="8c84fa94-04c1-424b-9868-57a2d4851a1d" relativeResultsDirectory="96093fd1-3a40-4edf-94a8-97fb1b51d893">
      <Output>
        <StdOut>Debug Trace:</StdOut>
        <ErrorInfo>
          <Message>Assert.IsTrue failed. There is no output detected</Message>
          <StackTrace>   at ExercisesTest.TestHelper.AssertOutputContains(String expectedOutput) in \\mac\home\Desktop\CSExercises\ExercisesTest\TestHelper.cs:line 55
   at ExercisesTest.TestHelper.TestOutputContains(Type t, String input, String output) in \\mac\home\Desktop\CSExercises\ExercisesTest\TestHelper.cs:line 115
   at ExercisesTest.ExB3Test.ExB3_TestWithZero() in \\mac\home\Desktop\CSExercises\ExercisesTest\SectionB\ExB3Test.cs:line 13
</StackTrace>
        </ErrorInfo>
      </Output>
    </UnitTestResult>
    <UnitTestResult executionId="b7356385-280f-40f0-adb2-d178cc426a11" testId="ff06b2a1-aac2-2828-23bf-4e83c2715f17" testName="ExB3_TestWithRandomNumber" computerName="ZANAANUAR1564" duration="00:00:00.0014660" startTime="2016-08-14T19:17:46.9355820+08:00" endTime="2016-08-14T19:17:46.9375799+08:00" testType="13cdc9d9-ddb5-4fa4-a97d-d965ccfc6d4b" outcome="Failed" testListId="8c84fa94-04c1-424b-9868-57a2d4851a1d" relativeResultsDirectory="b7356385-280f-40f0-adb2-d178cc426a11">
      <Output>
        <StdOut>Debug Trace:</StdOut>
        <ErrorInfo>
          <Message>Assert.IsTrue failed. There is no output detected</Message>
          <StackTrace>   at ExercisesTest.TestHelper.AssertOutputContains(String expectedOutput) in \\mac\home\Desktop\CSExercises\ExercisesTest\TestHelper.cs:line 55
   at ExercisesTest.TestHelper.TestOutputContains(Type t, String input, String output) in \\mac\home\Desktop\CSExercises\ExercisesTest\TestHelper.cs:line 115
   at ExercisesTest.ExB3Test.ExB3_TestWithRandomNumber() in \\mac\home\Desktop\CSExercises\ExercisesTest\SectionB\ExB3Test.cs:line 21
</StackTrace>
        </ErrorInfo>
      </Output>
    </UnitTestResult>
    <UnitTestResult executionId="183f91cf-1967-41bf-9c54-534964788217" testId="dd7a1cf7-7671-a70a-aef5-f365aedd4d0e" testName="ExB2_TestWithZero" computerName="ZANAANUAR1564" duration="00:00:00.0019904" startTime="2016-08-14T19:17:46.9375799+08:00" endTime="2016-08-14T19:17:46.9395816+08:00" testType="13cdc9d9-ddb5-4fa4-a97d-d965ccfc6d4b" outcome="Failed" testListId="8c84fa94-04c1-424b-9868-57a2d4851a1d" relativeResultsDirectory="183f91cf-1967-41bf-9c54-534964788217">
      <Output>
        <ErrorInfo>
          <Message>Assert.AreEqual failed. Expected:&lt;0.000&gt;. Actual:&lt;(null)&gt;. </Message>
          <StackTrace>   at ExercisesTest.ExB2Test.ExB2_TestWithZero() in \\mac\home\Desktop\CSExercises\ExercisesTest\SectionB\ExB2Test.cs:line 13
</StackTrace>
        </ErrorInfo>
      </Output>
    </UnitTestResult>
    <UnitTestResult executionId="7fd2cb98-b61e-4e15-bf1b-129594ed6383" testId="1e6e95e5-93d0-8567-b766-24daa399e7a5" testName="ExB2_TestWithRandomNumber" computerName="ZANAANUAR1564" duration="00:00:00.0011423" startTime="2016-08-14T19:17:46.9395816+08:00" endTime="2016-08-14T19:17:46.9415791+08:00" testType="13cdc9d9-ddb5-4fa4-a97d-d965ccfc6d4b" outcome="Failed" testListId="8c84fa94-04c1-424b-9868-57a2d4851a1d" relativeResultsDirectory="7fd2cb98-b61e-4e15-bf1b-129594ed6383">
      <Output>
        <ErrorInfo>
          <Message>Assert.AreEqual failed. Expected:&lt;5.000&gt;. Actual:&lt;(null)&gt;. </Message>
          <StackTrace>   at ExercisesTest.ExB2Test.ExB2_TestWithRandomNumber() in \\mac\home\Desktop\CSExercises\ExercisesTest\SectionB\ExB2Test.cs:line 19
</StackTrace>
        </ErrorInfo>
      </Output>
    </UnitTestResult>
    <UnitTestResult executionId="c4893763-670f-4fca-856b-705a96a40693" testId="928f0289-fc26-87c9-cbcc-7860f04c41e5" testName="ExB1_TestWithZero" computerName="ZANAANUAR1564" duration="00:00:00.0002166" startTime="2016-08-14T19:17:46.9415791+08:00" endTime="2016-08-14T19:17:46.9415791+08:00" testType="13cdc9d9-ddb5-4fa4-a97d-d965ccfc6d4b" outcome="Passed" testListId="8c84fa94-04c1-424b-9868-57a2d4851a1d" relativeResultsDirectory="c4893763-670f-4fca-856b-705a96a40693" />
    <UnitTestResult executionId="1181fed3-f9fe-454d-8feb-0f2f6eb950c8" testId="cf3fce46-434f-4b13-6b4c-ced354dd07f6" testName="ExB1_TestWithRandomNumber" computerName="ZANAANUAR1564" duration="00:00:00.0012739" startTime="2016-08-14T19:17:46.9415791+08:00" endTime="2016-08-14T19:17:46.9435808+08:00" testType="13cdc9d9-ddb5-4fa4-a97d-d965ccfc6d4b" outcome="Failed" testListId="8c84fa94-04c1-424b-9868-57a2d4851a1d" relativeResultsDirectory="1181fed3-f9fe-454d-8feb-0f2f6eb950c8">
      <Output>
        <ErrorInfo>
          <Message>Assert.AreEqual failed. Expected a difference no greater than &lt;1E-05&gt; between expected value &lt;6.33196178131233&gt; and actual value &lt;0&gt;. </Message>
          <StackTrace>   at ExercisesTest.ExB1Test.ExB1_TestWithRandomNumber() in \\mac\home\Desktop\CSExercises\ExercisesTest\SectionB\ExB1Test.cs:line 21
</StackTrace>
        </ErrorInfo>
      </Output>
    </UnitTestResult>
    <UnitTestResult executionId="fdd8270e-e6b7-4f1a-b6b2-5f83f0e3b76c" testId="76d0a13b-ab80-9522-b82c-80ef6e94b587" testName="ExA5_Case1" computerName="ZANAANUAR1564" duration="00:00:00.0017175" startTime="2016-08-14T19:17:46.9435808+08:00" endTime="2016-08-14T19:17:46.9455807+08:00" testType="13cdc9d9-ddb5-4fa4-a97d-d965ccfc6d4b" outcome="Failed" testListId="8c84fa94-04c1-424b-9868-57a2d4851a1d" relativeResultsDirectory="fdd8270e-e6b7-4f1a-b6b2-5f83f0e3b76c">
      <Output>
        <StdOut>Debug Trace:
100.1</StdOut>
        <ErrorInfo>
          <Message>Assert.IsTrue failed. There is no output detected</Message>
          <StackTrace>   at ExercisesTest.TestHelper.AssertOutputContains(String expectedOutput) in \\mac\home\Desktop\CSExercises\ExercisesTest\TestHelper.cs:line 55
   at ExercisesTest.ExA5Test.ExA5_Case1() in \\mac\home\Desktop\CSExercises\ExercisesTest\SectionA\ExA5Test.cs:line 16
</StackTrace>
        </ErrorInfo>
      </Output>
    </UnitTestResult>
    <UnitTestResult executionId="966ab620-d2c4-49dc-95ee-6371ee4bafc5" testId="22a0a7fb-7586-1091-0284-41aa8e900d3a" testName="ExA5_Case2" computerName="ZANAANUAR1564" duration="00:00:00.0012494" startTime="2016-08-14T19:17:46.9455807+08:00" endTime="2016-08-14T19:17:46.9465808+08:00" testType="13cdc9d9-ddb5-4fa4-a97d-d965ccfc6d4b" outcome="Failed" testListId="8c84fa94-04c1-424b-9868-57a2d4851a1d" relativeResultsDirectory="966ab620-d2c4-49dc-95ee-6371ee4bafc5">
      <Output>
        <StdOut>Debug Trace:
0</StdOut>
        <ErrorInfo>
          <Message>Assert.IsTrue failed. There is no output detected</Message>
          <StackTrace>   at ExercisesTest.TestHelper.AssertOutputContains(String expectedOutput) in \\mac\home\Desktop\CSExercises\ExercisesTest\TestHelper.cs:line 55
   at ExercisesTest.ExA5Test.ExA5_Case2() in \\mac\home\Desktop\CSExercises\ExercisesTest\SectionA\ExA5Test.cs:line 25
</StackTrace>
        </ErrorInfo>
      </Output>
    </UnitTestResult>
    <UnitTestResult executionId="8a6a9864-c034-46b0-8ad1-2547eff5f8e7" testId="220c17f5-86fd-d612-976c-3a2f2514a9ee" testName="ExA5_Case3" computerName="ZANAANUAR1564" duration="00:00:00.0012762" startTime="2016-08-14T19:17:46.9465808+08:00" endTime="2016-08-14T19:17:46.9486269+08:00" testType="13cdc9d9-ddb5-4fa4-a97d-d965ccfc6d4b" outcome="Failed" testListId="8c84fa94-04c1-424b-9868-57a2d4851a1d" relativeResultsDirectory="8a6a9864-c034-46b0-8ad1-2547eff5f8e7">
      <Output>
        <StdOut>Debug Trace:
3.232</StdOut>
        <ErrorInfo>
          <Message>Assert.IsTrue failed. There is no output detected</Message>
          <StackTrace>   at ExercisesTest.TestHelper.AssertOutputContains(String expectedOutput) in \\mac\home\Desktop\CSExercises\ExercisesTest\TestHelper.cs:line 55
   at ExercisesTest.ExA5Test.ExA5_Case3() in \\mac\home\Desktop\CSExercises\ExercisesTest\SectionA\ExA5Test.cs:line 34
</StackTrace>
        </ErrorInfo>
      </Output>
    </UnitTestResult>
    <UnitTestResult executionId="7eca1f5b-b87f-48a4-84ed-2b6d4b961001" testId="eeda8489-f414-b738-730a-b86d9a065988" testName="ExA5_Case4" computerName="ZANAANUAR1564" duration="00:00:00.0011857" startTime="2016-08-14T19:17:46.9486269+08:00" endTime="2016-08-14T19:17:46.9495811+08:00" testType="13cdc9d9-ddb5-4fa4-a97d-d965ccfc6d4b" outcome="Failed" testListId="8c84fa94-04c1-424b-9868-57a2d4851a1d" relativeResultsDirectory="7eca1f5b-b87f-48a4-84ed-2b6d4b961001">
      <Output>
        <StdOut>Debug Trace:
4.555</StdOut>
        <ErrorInfo>
          <Message>Assert.IsTrue failed. There is no output detected</Message>
          <StackTrace>   at ExercisesTest.TestHelper.AssertOutputContains(String expectedOutput) in \\mac\home\Desktop\CSExercises\ExercisesTest\TestHelper.cs:line 55
   at ExercisesTest.ExA5Test.ExA5_Case4() in \\mac\home\Desktop\CSExercises\ExercisesTest\SectionA\ExA5Test.cs:line 43
</StackTrace>
        </ErrorInfo>
      </Output>
    </UnitTestResult>
    <UnitTestResult executionId="d3fd1435-1aeb-43ca-863f-f3affe3d4f66" testId="7c77c2c8-c4ae-c33d-b32c-0c27ea0a4ea6" testName="ExA4_SquareOf0" computerName="ZANAANUAR1564" duration="00:00:00.0015381" startTime="2016-08-14T19:17:46.9495811+08:00" endTime="2016-08-14T19:17:46.9525801+08:00" testType="13cdc9d9-ddb5-4fa4-a97d-d965ccfc6d4b" outcome="Passed" testListId="8c84fa94-04c1-424b-9868-57a2d4851a1d" relativeResultsDirectory="d3fd1435-1aeb-43ca-863f-f3affe3d4f66" />
    <UnitTestResult executionId="9a37ce74-700a-4881-912c-4daaca23f795" testId="06b9133f-4899-3a9e-2fb2-27c70cb6b199" testName="ExA4_SquareOf10" computerName="ZANAANUAR1564" duration="00:00:00.0016207" startTime="2016-08-14T19:17:46.9525801+08:00" endTime="2016-08-14T19:17:46.9545817+08:00" testType="13cdc9d9-ddb5-4fa4-a97d-d965ccfc6d4b" outcome="Failed" testListId="8c84fa94-04c1-424b-9868-57a2d4851a1d" relativeResultsDirectory="9a37ce74-700a-4881-912c-4daaca23f795">
      <Output>
        <ErrorInfo>
          <Message>Assert.AreEqual failed. Expected:&lt;100&gt;. Actual:&lt;0&gt;. Square of 10 should be 100</Message>
          <StackTrace>   at ExercisesTest.ExA4Test.ExA4_SquareOf10() in \\mac\home\Desktop\CSExercises\ExercisesTest\SectionA\ExA4Test.cs:line 21
</StackTrace>
        </ErrorInfo>
      </Output>
    </UnitTestResult>
    <UnitTestResult executionId="32af9533-9213-4c0e-b923-da572329c2bd" testId="bb1830d4-461e-fe67-a1f1-5256b7d4a372" testName="ExA4_SquareOfMin10" computerName="ZANAANUAR1564" duration="00:00:00.0014486" startTime="2016-08-14T19:17:46.9545817+08:00" endTime="2016-08-14T19:17:46.9565817+08:00" testType="13cdc9d9-ddb5-4fa4-a97d-d965ccfc6d4b" outcome="Failed" testListId="8c84fa94-04c1-424b-9868-57a2d4851a1d" relativeResultsDirectory="32af9533-9213-4c0e-b923-da572329c2bd">
      <Output>
        <ErrorInfo>
          <Message>Assert.AreEqual failed. Expected:&lt;100&gt;. Actual:&lt;0&gt;. Square of -10 should be 100</Message>
          <StackTrace>   at ExercisesTest.ExA4Test.ExA4_SquareOfMin10() in \\mac\home\Desktop\CSExercises\ExercisesTest\SectionA\ExA4Test.cs:line 28
</StackTrace>
        </ErrorInfo>
      </Output>
    </UnitTestResult>
    <UnitTestResult executionId="d9908c45-cfd2-42b6-a30b-cd19ba1d3b27" testId="b0fe1b76-85dd-996a-6897-764077fa221a" testName="ExB6_TestWithZero" computerName="ZANAANUAR1564" duration="00:00:00.0014083" startTime="2016-08-14T19:17:46.9565817+08:00" endTime="2016-08-14T19:17:46.9585796+08:00" testType="13cdc9d9-ddb5-4fa4-a97d-d965ccfc6d4b" outcome="Failed" testListId="8c84fa94-04c1-424b-9868-57a2d4851a1d" relativeResultsDirectory="d9908c45-cfd2-42b6-a30b-cd19ba1d3b27">
      <Output>
        <StdOut>Debug Trace:</StdOut>
        <ErrorInfo>
          <Message>Assert.IsTrue failed. There is no output detected</Message>
          <StackTrace>   at ExercisesTest.TestHelper.AssertOutput(String expectedOutput) in \\mac\home\Desktop\CSExercises\ExercisesTest\TestHelper.cs:line 47
   at ExercisesTest.ExB6Test.ExB6_TestWithZero() in \\mac\home\Desktop\CSExercises\ExercisesTest\SectionB\ExB6Test.cs:line 16
</StackTrace>
        </ErrorInfo>
      </Output>
    </UnitTestResult>
    <UnitTestResult executionId="b52cddf2-b1b9-447b-9119-981cdcb74cea" testId="3e2b89e5-e2cc-63c8-e53e-5e4f06942620" testName="ExB6_TestWithPositiveNumber" computerName="ZANAANUAR1564" duration="00:00:00.0011583" startTime="2016-08-14T19:17:46.9585796+08:00" endTime="2016-08-14T19:17:46.9595817+08:00" testType="13cdc9d9-ddb5-4fa4-a97d-d965ccfc6d4b" outcome="Failed" testListId="8c84fa94-04c1-424b-9868-57a2d4851a1d" relativeResultsDirectory="b52cddf2-b1b9-447b-9119-981cdcb74cea">
      <Output>
        <StdOut>Debug Trace:</StdOut>
        <ErrorInfo>
          <Message>Assert.IsTrue failed. There is no output detected</Message>
          <StackTrace>   at ExercisesTest.TestHelper.AssertOutput(String expectedOutput) in \\mac\home\Desktop\CSExercises\ExercisesTest\TestHelper.cs:line 47
   at ExercisesTest.ExB6Test.ExB6_TestWithPositiveNumber() in \\mac\home\Desktop\CSExercises\ExercisesTest\SectionB\ExB6Test.cs:line 25
</StackTrace>
        </ErrorInfo>
      </Output>
    </UnitTestResult>
    <UnitTestResult executionId="b48e3e58-6f7f-4760-8c20-35aabf6f7156" testId="09a74379-7aab-b6a3-6c3c-bf77ba90813f" testName="ExB6_TestWithNegativeNumber" computerName="ZANAANUAR1564" duration="00:00:00.0013649" startTime="2016-08-14T19:17:46.9595817+08:00" endTime="2016-08-14T19:17:46.9615798+08:00" testType="13cdc9d9-ddb5-4fa4-a97d-d965ccfc6d4b" outcome="Failed" testListId="8c84fa94-04c1-424b-9868-57a2d4851a1d" relativeResultsDirectory="b48e3e58-6f7f-4760-8c20-35aabf6f7156">
      <Output>
        <StdOut>Debug Trace:</StdOut>
        <ErrorInfo>
          <Message>Assert.IsTrue failed. There is no output detected</Message>
          <StackTrace>   at ExercisesTest.TestHelper.AssertOutput(String expectedOutput) in \\mac\home\Desktop\CSExercises\ExercisesTest\TestHelper.cs:line 47
   at ExercisesTest.ExB6Test.ExB6_TestWithNegativeNumber() in \\mac\home\Desktop\CSExercises\ExercisesTest\SectionB\ExB6Test.cs:line 34
</StackTrace>
        </ErrorInfo>
      </Output>
    </UnitTestResult>
    <UnitTestResult executionId="9cd79608-9316-44ec-8fd2-1f2d1eef78fc" testId="5d10d8c6-9801-fba8-47ea-4f24d629e64e" testName="ExB7_TestWithZero" computerName="ZANAANUAR1564" duration="00:00:00.0017434" startTime="2016-08-14T19:17:46.9615798+08:00" endTime="2016-08-14T19:17:46.9635800+08:00" testType="13cdc9d9-ddb5-4fa4-a97d-d965ccfc6d4b" outcome="Failed" testListId="8c84fa94-04c1-424b-9868-57a2d4851a1d" relativeResultsDirectory="9cd79608-9316-44ec-8fd2-1f2d1eef78fc">
      <Output>
        <StdOut>Debug Trace:</StdOut>
        <ErrorInfo>
          <Message>Assert.IsTrue failed. There is no output detected</Message>
          <StackTrace>   at ExercisesTest.TestHelper.AssertOutput(String expectedOutput) in \\mac\home\Desktop\CSExercises\ExercisesTest\TestHelper.cs:line 47
   at ExercisesTest.TestHelper.TestOutputEqual(Type t, String input, String output) in \\mac\home\Desktop\CSExercises\ExercisesTest\TestHelper.cs:line 97
   at ExercisesTest.ExB7Test.ExB7_TestWithZero() in \\mac\home\Desktop\CSExercises\ExercisesTest\SectionB\ExB7Test.cs:line 13
</StackTrace>
        </ErrorInfo>
      </Output>
    </UnitTestResult>
    <UnitTestResult executionId="923c2048-40c4-4f15-a98a-925ea6e65a99" testId="8a3c2921-0d21-9733-b802-8fd60efda746" testName="ExB7_TestWithRandomPositiveNumber" computerName="ZANAANUAR1564" duration="00:00:00.0017001" startTime="2016-08-14T19:17:46.9635800+08:00" endTime="2016-08-14T19:17:46.9655809+08:00" testType="13cdc9d9-ddb5-4fa4-a97d-d965ccfc6d4b" outcome="Failed" testListId="8c84fa94-04c1-424b-9868-57a2d4851a1d" relativeResultsDirectory="923c2048-40c4-4f15-a98a-925ea6e65a99">
      <Output>
        <StdOut>Debug Trace:</StdOut>
        <ErrorInfo>
          <Message>Assert.IsTrue failed. There is no output detected</Message>
          <StackTrace>   at ExercisesTest.TestHelper.AssertOutput(String expectedOutput) in \\mac\home\Desktop\CSExercises\ExercisesTest\TestHelper.cs:line 47
   at ExercisesTest.TestHelper.TestOutputEqual(Type t, String input, String output) in \\mac\home\Desktop\CSExercises\ExercisesTest\TestHelper.cs:line 97
   at ExercisesTest.ExB7Test.ExB7_TestWithRandomPositiveNumber() in \\mac\home\Desktop\CSExercises\ExercisesTest\SectionB\ExB7Test.cs:line 23
</StackTrace>
        </ErrorInfo>
      </Output>
    </UnitTestResult>
    <UnitTestResult executionId="d2b0f7c5-2610-4a28-9069-e87431bcec11" testId="d8f4ff5b-1da8-68e0-6735-dca747510bd3" testName="ExB8_TestWithZero" computerName="ZANAANUAR1564" duration="00:00:00.0015713" startTime="2016-08-14T19:17:46.9655809+08:00" endTime="2016-08-14T19:17:46.9676054+08:00" testType="13cdc9d9-ddb5-4fa4-a97d-d965ccfc6d4b" outcome="Failed" testListId="8c84fa94-04c1-424b-9868-57a2d4851a1d" relativeResultsDirectory="d2b0f7c5-2610-4a28-9069-e87431bcec11">
      <Output>
        <StdOut>Debug Trace:</StdOut>
        <ErrorInfo>
          <Message>Assert.IsTrue failed. There is no output detected</Message>
          <StackTrace>   at ExercisesTest.TestHelper.AssertOutput(String expectedOutput) in \\mac\home\Desktop\CSExercises\ExercisesTest\TestHelper.cs:line 47
   at ExercisesTest.TestHelper.TestOutputEqual(Type t, String input, String output) in \\mac\home\Desktop\CSExercises\ExercisesTest\TestHelper.cs:line 97
   at ExercisesTest.ExB8Test.ExB8_TestWithZero() in \\mac\home\Desktop\CSExercises\ExercisesTest\SectionB\ExB8Test.cs:line 13
</StackTrace>
        </ErrorInfo>
      </Output>
    </UnitTestResult>
    <UnitTestResult executionId="85726e41-1e2d-4d84-bead-28a68cbc179f" testId="4c46834b-f4c3-08ad-a27c-3715addd7c00" testName="ExB8_TestWithRandomPositiveNumber" computerName="ZANAANUAR1564" duration="00:00:00.0013812" startTime="2016-08-14T19:17:46.9676054+08:00" endTime="2016-08-14T19:17:46.9685814+08:00" testType="13cdc9d9-ddb5-4fa4-a97d-d965ccfc6d4b" outcome="Failed" testListId="8c84fa94-04c1-424b-9868-57a2d4851a1d" relativeResultsDirectory="85726e41-1e2d-4d84-bead-28a68cbc179f">
      <Output>
        <StdOut>Debug Trace:</StdOut>
        <ErrorInfo>
          <Message>Assert.IsTrue failed. There is no output detected</Message>
          <StackTrace>   at ExercisesTest.TestHelper.AssertOutput(String expectedOutput) in \\mac\home\Desktop\CSExercises\ExercisesTest\TestHelper.cs:line 47
   at ExercisesTest.TestHelper.TestOutputEqual(Type t, String input, String output) in \\mac\home\Desktop\CSExercises\ExercisesTest\TestHelper.cs:line 97
   at ExercisesTest.ExB8Test.ExB8_TestWithRandomPositiveNumber() in \\mac\home\Desktop\CSExercises\ExercisesTest\SectionB\ExB8Test.cs:line 23
</StackTrace>
        </ErrorInfo>
      </Output>
    </UnitTestResult>
    <UnitTestResult executionId="6691184e-2dfe-47a7-b738-cf07e9baccaa" testId="4d421191-ce69-78f3-5526-c5d9422be733" testName="ExB9TestWithZero" computerName="ZANAANUAR1564" duration="00:00:00.0016709" startTime="2016-08-14T19:17:46.9696335+08:00" endTime="2016-08-14T19:17:46.9715796+08:00" testType="13cdc9d9-ddb5-4fa4-a97d-d965ccfc6d4b" outcome="Failed" testListId="8c84fa94-04c1-424b-9868-57a2d4851a1d" relativeResultsDirectory="6691184e-2dfe-47a7-b738-cf07e9baccaa">
      <Output>
        <StdOut>Debug Trace:</StdOut>
        <ErrorInfo>
          <Message>Assert.IsTrue failed. There is no output detected</Message>
          <StackTrace>   at ExercisesTest.TestHelper.AssertOutput(String expectedOutput) in \\mac\home\Desktop\CSExercises\ExercisesTest\TestHelper.cs:line 47
   at ExercisesTest.TestHelper.TestOutputEqual(Type t, String input, String output) in \\mac\home\Desktop\CSExercises\ExercisesTest\TestHelper.cs:line 97
   at ExercisesTest.ExB9Test.ExB9TestWithZero() in \\mac\home\Desktop\CSExercises\ExercisesTest\SectionB\ExB9Test.cs:line 13
</StackTrace>
        </ErrorInfo>
      </Output>
    </UnitTestResult>
    <UnitTestResult executionId="50449eb5-8f53-45f6-9a5d-afd99b406714" testId="2514325f-8396-182f-50e8-0dd4b88ec67a" testName="ExB9TestWithRandomPositiveNumber" computerName="ZANAANUAR1564" duration="00:00:00.0020854" startTime="2016-08-14T19:17:46.9715796+08:00" endTime="2016-08-14T19:17:46.9735826+08:00" testType="13cdc9d9-ddb5-4fa4-a97d-d965ccfc6d4b" outcome="Failed" testListId="8c84fa94-04c1-424b-9868-57a2d4851a1d" relativeResultsDirectory="50449eb5-8f53-45f6-9a5d-afd99b406714">
      <Output>
        <StdOut>Debug Trace:</StdOut>
        <ErrorInfo>
          <Message>Assert.IsTrue failed. There is no output detected</Message>
          <StackTrace>   at ExercisesTest.TestHelper.AssertOutput(String expectedOutput) in \\mac\home\Desktop\CSExercises\ExercisesTest\TestHelper.cs:line 47
   at ExercisesTest.TestHelper.TestOutputEqual(Type t, String input, String output) in \\mac\home\Desktop\CSExercises\ExercisesTest\TestHelper.cs:line 97
   at ExercisesTest.ExB9Test.ExB9TestWithRandomPositiveNumber() in \\mac\home\Desktop\CSExercises\ExercisesTest\SectionB\ExB9Test.cs:line 23
</StackTrace>
        </ErrorInfo>
      </Output>
    </UnitTestResult>
    <UnitTestResult executionId="a4f6b2fd-edfb-4808-b1a8-f5eed6c959a1" testId="2f64d7d7-397c-497d-5ac2-6f48b2c6e87a" testName="ExB10_TestWithZero" computerName="ZANAANUAR1564" duration="00:00:00.0015490" startTime="2016-08-14T19:17:46.9735826+08:00" endTime="2016-08-14T19:17:46.9765796+08:00" testType="13cdc9d9-ddb5-4fa4-a97d-d965ccfc6d4b" outcome="Failed" testListId="8c84fa94-04c1-424b-9868-57a2d4851a1d" relativeResultsDirectory="a4f6b2fd-edfb-4808-b1a8-f5eed6c959a1">
      <Output>
        <StdOut>Debug Trace:</StdOut>
        <ErrorInfo>
          <Message>Assert.IsTrue failed. There is no output detected</Message>
          <StackTrace>   at ExercisesTest.TestHelper.AssertOutput(String expectedOutput) in \\mac\home\Desktop\CSExercises\ExercisesTest\TestHelper.cs:line 47
   at ExercisesTest.ExB10_Test.ExB10_TestWithZero() in \\mac\home\Desktop\CSExercises\ExercisesTest\SectionB\ExB10Test.cs:line 16
</StackTrace>
        </ErrorInfo>
      </Output>
    </UnitTestResult>
    <UnitTestResult executionId="2b33da9d-6b8e-46e1-af03-1398fa4ebe7c" testId="2c0176f9-773e-372e-9030-1985551cf0c5" testName="ExB10_TestWithPositiveNumber" computerName="ZANAANUAR1564" duration="00:00:00.0013423" startTime="2016-08-14T19:17:46.9765796+08:00" endTime="2016-08-14T19:17:46.9775810+08:00" testType="13cdc9d9-ddb5-4fa4-a97d-d965ccfc6d4b" outcome="Failed" testListId="8c84fa94-04c1-424b-9868-57a2d4851a1d" relativeResultsDirectory="2b33da9d-6b8e-46e1-af03-1398fa4ebe7c">
      <Output>
        <StdOut>Debug Trace:</StdOut>
        <ErrorInfo>
          <Message>Assert.IsTrue failed. There is no output detected</Message>
          <StackTrace>   at ExercisesTest.TestHelper.AssertOutput(String expectedOutput) in \\mac\home\Desktop\CSExercises\ExercisesTest\TestHelper.cs:line 47
   at ExercisesTest.ExB10_Test.ExB10_TestWithPositiveNumber() in \\mac\home\Desktop\CSExercises\ExercisesTest\SectionB\ExB10Test.cs:line 25
</StackTrace>
        </ErrorInfo>
      </Output>
    </UnitTestResult>
    <UnitTestResult executionId="a018dfa9-3e12-47be-bdf4-7f3301aefa51" testId="f44f585d-496a-ceff-8ec5-5aa583d03039" testName="ExC5_TestWithAmstrongNumber" computerName="ZANAANUAR1564" duration="00:00:00.0013755" startTime="2016-08-14T19:17:46.9775810+08:00" endTime="2016-08-14T19:17:46.9795812+08:00" testType="13cdc9d9-ddb5-4fa4-a97d-d965ccfc6d4b" outcome="Failed" testListId="8c84fa94-04c1-424b-9868-57a2d4851a1d" relativeResultsDirectory="a018dfa9-3e12-47be-bdf4-7f3301aefa51">
      <Output>
        <StdOut>Debug Trace:</StdOut>
        <ErrorInfo>
          <Message>Assert.IsTrue failed. There is no output detected</Message>
          <StackTrace>   at ExercisesTest.TestHelper.AssertOutput(String expectedOutput) in \\mac\home\Desktop\CSExercises\ExercisesTest\TestHelper.cs:line 47
   at ExercisesTest.TestHelper.TestOutputEqual(Type t, String input, String output) in \\mac\home\Desktop\CSExercises\ExercisesTest\TestHelper.cs:line 97
   at ExercisesTest.ExC5Test.ExC5_TestWithAmstrongNumber() in \\mac\home\Desktop\CSExercises\ExercisesTest\SectionC\ExC5Test.cs:line 13
</StackTrace>
        </ErrorInfo>
      </Output>
    </UnitTestResult>
    <UnitTestResult executionId="8b23afd0-6014-49b6-b098-e1e136e489a8" testId="403ee091-5d56-e49f-11e0-a0069db2d71f" testName="ExC5_TestWithRandomPositiveNumber" computerName="ZANAANUAR1564" duration="00:00:00.0016116" startTime="2016-08-14T19:17:46.9795812+08:00" endTime="2016-08-14T19:17:46.9815815+08:00" testType="13cdc9d9-ddb5-4fa4-a97d-d965ccfc6d4b" outcome="Failed" testListId="8c84fa94-04c1-424b-9868-57a2d4851a1d" relativeResultsDirectory="8b23afd0-6014-49b6-b098-e1e136e489a8">
      <Output>
        <StdOut>Debug Trace:</StdOut>
        <ErrorInfo>
          <Message>Assert.IsTrue failed. There is no output detected</Message>
          <StackTrace>   at ExercisesTest.TestHelper.AssertOutput(String expectedOutput) in \\mac\home\Desktop\CSExercises\ExercisesTest\TestHelper.cs:line 47
   at ExercisesTest.TestHelper.TestOutputEqual(Type t, String input, String output) in \\mac\home\Desktop\CSExercises\ExercisesTest\TestHelper.cs:line 97
   at ExercisesTest.ExC5Test.ExC5_TestWithRandomPositiveNumber() in \\mac\home\Desktop\CSExercises\ExercisesTest\SectionC\ExC5Test.cs:line 27
</StackTrace>
        </ErrorInfo>
      </Output>
    </UnitTestResult>
    <UnitTestResult executionId="1638c9b7-c265-40fa-8231-d7212f1ae27f" testId="61d166ef-4cfe-77e3-b543-897aca364290" testName="ExC1_TestWithMale" computerName="ZANAANUAR1564" duration="00:00:00.0016442" startTime="2016-08-14T19:17:46.9815815+08:00" endTime="2016-08-14T19:17:46.9835811+08:00" testType="13cdc9d9-ddb5-4fa4-a97d-d965ccfc6d4b" outcome="Failed" testListId="8c84fa94-04c1-424b-9868-57a2d4851a1d" relativeResultsDirectory="1638c9b7-c265-40fa-8231-d7212f1ae27f">
      <Output>
        <StdOut>Debug Trace:
Please enter your name: John Smith
Please enter your gender (M/F): M</StdOut>
        <ErrorInfo>
          <Message>Assert.AreEqual failed. Expected:&lt;good morning mr. john smith&gt;. Actual:&lt;please enter your gender (m/f):&gt;. Program output is different from the expected output.</Message>
          <StackTrace>   at ExercisesTest.TestHelper.AssertOutput(String expectedOutput) in \\mac\home\Desktop\CSExercises\ExercisesTest\TestHelper.cs:line 48
   at ExercisesTest.ExC1Test.ExC1_TestWithMale() in \\mac\home\Desktop\CSExercises\ExercisesTest\SectionC\ExC1Test.cs:line 15
</StackTrace>
        </ErrorInfo>
      </Output>
    </UnitTestResult>
    <UnitTestResult executionId="63d92572-c0b2-42d6-8840-bc6a1003480d" testId="f01da9c2-186f-f432-e2ea-a4bf6e6db11b" testName="ExC1_TestWithFemale" computerName="ZANAANUAR1564" duration="00:00:00.0012137" startTime="2016-08-14T19:17:46.9845806+08:00" endTime="2016-08-14T19:17:46.9855826+08:00" testType="13cdc9d9-ddb5-4fa4-a97d-d965ccfc6d4b" outcome="Failed" testListId="8c84fa94-04c1-424b-9868-57a2d4851a1d" relativeResultsDirectory="63d92572-c0b2-42d6-8840-bc6a1003480d">
      <Output>
        <StdOut>Debug Trace:
Please enter your name: Jane Austen
Please enter your gender (M/F): F</StdOut>
        <ErrorInfo>
          <Message>Assert.AreEqual failed. Expected:&lt;good morning ms. jane austen&gt;. Actual:&lt;please enter your gender (m/f):&gt;. Program output is different from the expected output.</Message>
          <StackTrace>   at ExercisesTest.TestHelper.AssertOutput(String expectedOutput) in \\mac\home\Desktop\CSExercises\ExercisesTest\TestHelper.cs:line 48
   at ExercisesTest.ExC1Test.ExC1_TestWithFemale() in \\mac\home\Desktop\CSExercises\ExercisesTest\SectionC\ExC1Test.cs:line 24
</StackTrace>
        </ErrorInfo>
      </Output>
    </UnitTestResult>
    <UnitTestResult executionId="7b8507f8-2ddc-4123-9a76-3b06e8072f90" testId="437f057a-e785-23b6-2c3b-fdb00373c2ea" testName="ExC1_TestWithUnknown" computerName="ZANAANUAR1564" duration="00:00:00.0005102" startTime="2016-08-14T19:17:46.9855826+08:00" endTime="2016-08-14T19:17:46.9865805+08:00" testType="13cdc9d9-ddb5-4fa4-a97d-d965ccfc6d4b" outcome="Passed" testListId="8c84fa94-04c1-424b-9868-57a2d4851a1d" relativeResultsDirectory="7b8507f8-2ddc-4123-9a76-3b06e8072f90">
      <Output>
        <StdOut>Debug Trace:
Please enter your name: Jane Austen
Please enter your gender (M/F): X</StdOut>
      </Output>
    </UnitTestResult>
    <UnitTestResult executionId="920a6010-0a3e-4c85-8e23-09626922e81e" testId="2cc7dc39-d769-d794-e8ff-a77afcb7d16c" testName="ExC2_TestWithUncle" computerName="ZANAANUAR1564" duration="00:00:00.0013954" startTime="2016-08-14T19:17:46.9865805+08:00" endTime="2016-08-14T19:17:46.9875827+08:00" testType="13cdc9d9-ddb5-4fa4-a97d-d965ccfc6d4b" outcome="Failed" testListId="8c84fa94-04c1-424b-9868-57a2d4851a1d" relativeResultsDirectory="920a6010-0a3e-4c85-8e23-09626922e81e">
      <Output>
        <StdOut>Debug Trace:
Please enter your name: Arnold
Please enter your gender (M/F): M
Please enter your age: 40</StdOut>
        <ErrorInfo>
          <Message>Assert.AreEqual failed. Expected:&lt;good morning uncle arnold&gt;. Actual:&lt;please enter your age:&gt;. Program output is different from the expected output.</Message>
          <StackTrace>   at ExercisesTest.TestHelper.AssertOutput(String expectedOutput) in \\mac\home\Desktop\CSExercises\ExercisesTest\TestHelper.cs:line 48
   at ExercisesTest.ExC2_Test.ExC2_TestWithUncle() in \\mac\home\Desktop\CSExercises\ExercisesTest\SectionC\ExC2_Test.cs:line 15
</StackTrace>
        </ErrorInfo>
      </Output>
    </UnitTestResult>
    <UnitTestResult executionId="75046f05-47ce-40f9-aed3-19145d284544" testId="358b895f-9561-e345-43e3-0530571178f3" testName="ExC2_TestWithAunty" computerName="ZANAANUAR1564" duration="00:00:00.0016000" startTime="2016-08-14T19:17:46.9875827+08:00" endTime="2016-08-14T19:17:46.9895901+08:00" testType="13cdc9d9-ddb5-4fa4-a97d-d965ccfc6d4b" outcome="Failed" testListId="8c84fa94-04c1-424b-9868-57a2d4851a1d" relativeResultsDirectory="75046f05-47ce-40f9-aed3-19145d284544">
      <Output>
        <StdOut>Debug Trace:
Please enter your name: Madonna
Please enter your gender (M/F): F
Please enter your age: 51</StdOut>
        <ErrorInfo>
          <Message>Assert.AreEqual failed. Expected:&lt;good morning aunty madonna&gt;. Actual:&lt;please enter your age:&gt;. Program output is different from the expected output.</Message>
          <StackTrace>   at ExercisesTest.TestHelper.AssertOutput(String expectedOutput) in \\mac\home\Desktop\CSExercises\ExercisesTest\TestHelper.cs:line 48
   at ExercisesTest.ExC2_Test.ExC2_TestWithAunty() in \\mac\home\Desktop\CSExercises\ExercisesTest\SectionC\ExC2_Test.cs:line 24
</StackTrace>
        </ErrorInfo>
      </Output>
    </UnitTestResult>
    <UnitTestResult executionId="d2f2d704-86f1-41a1-8a27-f7f6808d41d3" testId="5786c8fe-760a-f1e2-51f3-9bf03ba7c133" testName="ExC2_TestWitMr" computerName="ZANAANUAR1564" duration="00:00:00.0012944" startTime="2016-08-14T19:17:46.9895901+08:00" endTime="2016-08-14T19:17:46.9915777+08:00" testType="13cdc9d9-ddb5-4fa4-a97d-d965ccfc6d4b" outcome="Failed" testListId="8c84fa94-04c1-424b-9868-57a2d4851a1d" relativeResultsDirectory="d2f2d704-86f1-41a1-8a27-f7f6808d41d3">
      <Output>
        <StdOut>Debug Trace:
Please enter your name: Will Smith
Please enter your gender (M/F): M
Please enter your age:</StdOut>
        <ErrorInfo>
          <Message>Assert.AreEqual failed. Expected:&lt;good morning mr. will smith&gt;. Actual:&lt;please enter your age:&gt;. Program output is different from the expected output.</Message>
          <StackTrace>   at ExercisesTest.TestHelper.AssertOutput(String expectedOutput) in \\mac\home\Desktop\CSExercises\ExercisesTest\TestHelper.cs:line 48
   at ExercisesTest.ExC2_Test.ExC2_TestWitMr() in \\mac\home\Desktop\CSExercises\ExercisesTest\SectionC\ExC2_Test.cs:line 33
</StackTrace>
        </ErrorInfo>
      </Output>
    </UnitTestResult>
    <UnitTestResult executionId="fdc57bc6-e97e-4c73-99dc-73028b27e142" testId="1d1c8a71-2287-e26b-162e-49d36eb500a6" testName="ExC2_TestWithMs" computerName="ZANAANUAR1564" duration="00:00:00.0012471" startTime="2016-08-14T19:17:46.9915777+08:00" endTime="2016-08-14T19:17:46.9925791+08:00" testType="13cdc9d9-ddb5-4fa4-a97d-d965ccfc6d4b" outcome="Failed" testListId="8c84fa94-04c1-424b-9868-57a2d4851a1d" relativeResultsDirectory="fdc57bc6-e97e-4c73-99dc-73028b27e142">
      <Output>
        <StdOut>Debug Trace:
Please enter your name: Ariana Grande
Please enter your gender (M/F): F
Please enter your age: 18</StdOut>
        <ErrorInfo>
          <Message>Assert.AreEqual failed. Expected:&lt;good morning ms. ariana grande&gt;. Actual:&lt;please enter your age:&gt;. Program output is different from the expected output.</Message>
          <StackTrace>   at ExercisesTest.TestHelper.AssertOutput(String expectedOutput) in \\mac\home\Desktop\CSExercises\ExercisesTest\TestHelper.cs:line 48
   at ExercisesTest.ExC2_Test.ExC2_TestWithMs() in \\mac\home\Desktop\CSExercises\ExercisesTest\SectionC\ExC2_Test.cs:line 42
</StackTrace>
        </ErrorInfo>
      </Output>
    </UnitTestResult>
    <UnitTestResult executionId="5724610d-b4b1-4f97-8d01-02a8ab073967" testId="3f3b4237-6c70-8c91-dc5f-29e8e770339b" testName="ExC2_TestWithUnknown" computerName="ZANAANUAR1564" duration="00:00:00.0003312" startTime="2016-08-14T19:17:46.9925791+08:00" endTime="2016-08-14T19:17:46.9935802+08:00" testType="13cdc9d9-ddb5-4fa4-a97d-d965ccfc6d4b" outcome="Passed" testListId="8c84fa94-04c1-424b-9868-57a2d4851a1d" relativeResultsDirectory="5724610d-b4b1-4f97-8d01-02a8ab073967">
      <Output>
        <StdOut>Debug Trace:
Please enter your name: Jane Austen
Please enter your gender (M/F): X
Please enter your age: 20</StdOut>
      </Output>
    </UnitTestResult>
    <UnitTestResult executionId="c36610c0-6d05-42ca-a37a-1860ebda6236" testId="66b3003b-1aa8-40bb-c162-a94b6568685b" testName="ExC4_TestWithZero" computerName="ZANAANUAR1564" duration="00:00:00.0021217" startTime="2016-08-14T19:17:46.9935802+08:00" endTime="2016-08-14T19:17:46.9965832+08:00" testType="13cdc9d9-ddb5-4fa4-a97d-d965ccfc6d4b" outcome="Failed" testListId="8c84fa94-04c1-424b-9868-57a2d4851a1d" relativeResultsDirectory="c36610c0-6d05-42ca-a37a-1860ebda6236">
      <Output>
        <ErrorInfo>
          <Message>Assert.AreEqual failed. Expected:&lt;2.4&gt;. Actual:&lt;0&gt;. </Message>
          <StackTrace>   at ExercisesTest.ExC4Test.ExC4_TestWithZero() in \\mac\home\Desktop\CSExercises\ExercisesTest\SectionC\ExC4Test.cs:line 13
</StackTrace>
        </ErrorInfo>
      </Output>
    </UnitTestResult>
    <UnitTestResult executionId="0a0d0642-baba-4a0a-a22b-d7aee26ef7d3" testId="b31774ee-007b-47f0-8e32-c6031c54d16f" testName="ExC4TestWithHalf" computerName="ZANAANUAR1564" duration="00:00:00.0012283" startTime="2016-08-14T19:17:46.9965832+08:00" endTime="2016-08-14T19:17:46.9975809+08:00" testType="13cdc9d9-ddb5-4fa4-a97d-d965ccfc6d4b" outcome="Failed" testListId="8c84fa94-04c1-424b-9868-57a2d4851a1d" relativeResultsDirectory="0a0d0642-baba-4a0a-a22b-d7aee26ef7d3">
      <Output>
        <ErrorInfo>
          <Message>Assert.AreEqual failed. Expected:&lt;2.4&gt;. Actual:&lt;0&gt;. </Message>
          <StackTrace>   at ExercisesTest.ExC4Test.ExC4TestWithHalf() in \\mac\home\Desktop\CSExercises\ExercisesTest\SectionC\ExC4Test.cs:line 20
</StackTrace>
        </ErrorInfo>
      </Output>
    </UnitTestResult>
    <UnitTestResult executionId="82774f30-480f-4902-9a8d-13fcca882263" testId="27d651a7-a3b9-7a3a-3e05-60be06064821" testName="ExC4Test9Km" computerName="ZANAANUAR1564" duration="00:00:00.0012556" startTime="2016-08-14T19:17:46.9975809+08:00" endTime="2016-08-14T19:17:46.9995811+08:00" testType="13cdc9d9-ddb5-4fa4-a97d-d965ccfc6d4b" outcome="Failed" testListId="8c84fa94-04c1-424b-9868-57a2d4851a1d" relativeResultsDirectory="82774f30-480f-4902-9a8d-13fcca882263">
      <Output>
        <ErrorInfo>
          <Message>Assert.AreEqual failed. Expected:&lt;5.8&gt;. Actual:&lt;0&gt;. </Message>
          <StackTrace>   at ExercisesTest.ExC4Test.ExC4Test9Km() in \\mac\home\Desktop\CSExercises\ExercisesTest\SectionC\ExC4Test.cs:line 26
</StackTrace>
        </ErrorInfo>
      </Output>
    </UnitTestResult>
    <UnitTestResult executionId="55f6f0a6-2698-4469-9cc0-d51854d1cb00" testId="99cc52e4-4ede-d6f1-699a-639a70caf19e" testName="ExC4Test1213Km" computerName="ZANAANUAR1564" duration="00:00:00.0012708" startTime="2016-08-14T19:17:46.9995811+08:00" endTime="2016-08-14T19:17:47.0005831+08:00" testType="13cdc9d9-ddb5-4fa4-a97d-d965ccfc6d4b" outcome="Failed" testListId="8c84fa94-04c1-424b-9868-57a2d4851a1d" relativeResultsDirectory="55f6f0a6-2698-4469-9cc0-d51854d1cb00">
      <Output>
        <ErrorInfo>
          <Message>Assert.AreEqual failed. Expected:&lt;7.4&gt;. Actual:&lt;0&gt;. </Message>
          <StackTrace>   at ExercisesTest.ExC4Test.ExC4Test1213Km() in \\mac\home\Desktop\CSExercises\ExercisesTest\SectionC\ExC4Test.cs:line 33
</StackTrace>
        </ErrorInfo>
      </Output>
    </UnitTestResult>
    <UnitTestResult executionId="0b549148-641e-4dc9-8e65-b415f5cdfd89" testId="f232122e-0613-e1ee-dfe5-9b85a22cd2b0" testName="ExC6_TestWithZero" computerName="ZANAANUAR1564" duration="00:00:00.0002213" startTime="2016-08-14T19:17:47.0005831+08:00" endTime="2016-08-14T19:17:47.0015809+08:00" testType="13cdc9d9-ddb5-4fa4-a97d-d965ccfc6d4b" outcome="Passed" testListId="8c84fa94-04c1-424b-9868-57a2d4851a1d" relativeResultsDirectory="0b549148-641e-4dc9-8e65-b415f5cdfd89" />
    <UnitTestResult executionId="13b00485-03b2-490f-922a-ce879eb3b564" testId="ae4e66b0-9a29-2a92-aee9-fdf389c27fe6" testName="ExC6_TestWithOneProduct1" computerName="ZANAANUAR1564" duration="00:00:00.0012486" startTime="2016-08-14T19:17:47.0015809+08:00" endTime="2016-08-14T19:17:47.0025810+08:00" testType="13cdc9d9-ddb5-4fa4-a97d-d965ccfc6d4b" outcome="Failed" testListId="8c84fa94-04c1-424b-9868-57a2d4851a1d" relativeResultsDirectory="13b00485-03b2-490f-922a-ce879eb3b564">
      <Output>
        <ErrorInfo>
          <Message>Assert.AreEqual failed. Expected:&lt;4860&gt;. Actual:&lt;0&gt;. </Message>
          <StackTrace>   at ExercisesTest.ExC6Test.ExC6_TestWithOneProduct1() in \\mac\home\Desktop\CSExercises\ExercisesTest\SectionC\ExC6_Test.cs:line 18
</StackTrace>
        </ErrorInfo>
      </Output>
    </UnitTestResult>
    <UnitTestResult executionId="ba9b35a9-24de-473f-bd71-677ddb76b249" testId="4297656f-1197-d292-0489-69d8ad93083c" testName="ExC6_TestWithOneProduct2" computerName="ZANAANUAR1564" duration="00:00:00.0011468" startTime="2016-08-14T19:17:47.0025810+08:00" endTime="2016-08-14T19:17:47.0046100+08:00" testType="13cdc9d9-ddb5-4fa4-a97d-d965ccfc6d4b" outcome="Failed" testListId="8c84fa94-04c1-424b-9868-57a2d4851a1d" relativeResultsDirectory="ba9b35a9-24de-473f-bd71-677ddb76b249">
      <Output>
        <ErrorInfo>
          <Message>Assert.AreEqual failed. Expected:&lt;5000&gt;. Actual:&lt;0&gt;. </Message>
          <StackTrace>   at ExercisesTest.ExC6Test.ExC6_TestWithOneProduct2() in \\mac\home\Desktop\CSExercises\ExercisesTest\SectionC\ExC6_Test.cs:line 24
</StackTrace>
        </ErrorInfo>
      </Output>
    </UnitTestResult>
    <UnitTestResult executionId="adb81cb0-19d6-43c4-8510-6173540c8c86" testId="527da127-2853-1a9b-a2ad-f3585c728530" testName="ExC6_TestWithOneProduct3" computerName="ZANAANUAR1564" duration="00:00:00.0010932" startTime="2016-08-14T19:17:47.0046100+08:00" endTime="2016-08-14T19:17:47.0055823+08:00" testType="13cdc9d9-ddb5-4fa4-a97d-d965ccfc6d4b" outcome="Failed" testListId="8c84fa94-04c1-424b-9868-57a2d4851a1d" relativeResultsDirectory="adb81cb0-19d6-43c4-8510-6173540c8c86">
      <Output>
        <ErrorInfo>
          <Message>Assert.AreEqual failed. Expected:&lt;4950&gt;. Actual:&lt;0&gt;. </Message>
          <StackTrace>   at ExercisesTest.ExC6Test.ExC6_TestWithOneProduct3() in \\mac\home\Desktop\CSExercises\ExercisesTest\SectionC\ExC6_Test.cs:line 30
</StackTrace>
        </ErrorInfo>
      </Output>
    </UnitTestResult>
    <UnitTestResult executionId="373d7892-6865-4f86-8ee8-37bdb738576c" testId="62915065-52ff-5fd8-8913-0189d77875c3" testName="ExC6_TestWithOneProduct4" computerName="ZANAANUAR1564" duration="00:00:00.0012415" startTime="2016-08-14T19:17:47.0055823+08:00" endTime="2016-08-14T19:17:47.0075794+08:00" testType="13cdc9d9-ddb5-4fa4-a97d-d965ccfc6d4b" outcome="Failed" testListId="8c84fa94-04c1-424b-9868-57a2d4851a1d" relativeResultsDirectory="373d7892-6865-4f86-8ee8-37bdb738576c">
      <Output>
        <ErrorInfo>
          <Message>Assert.AreEqual failed. Expected:&lt;9000&gt;. Actual:&lt;0&gt;. </Message>
          <StackTrace>   at ExercisesTest.ExC6Test.ExC6_TestWithOneProduct4() in \\mac\home\Desktop\CSExercises\ExercisesTest\SectionC\ExC6_Test.cs:line 36
</StackTrace>
        </ErrorInfo>
      </Output>
    </UnitTestResult>
    <UnitTestResult executionId="988e53cf-d865-489d-ab6c-d4d8d54bd571" testId="14d8a934-4e3c-5ff4-d896-b004187a9351" testName="ExC6_TestWithOneProduct5" computerName="ZANAANUAR1564" duration="00:00:00.0010542" startTime="2016-08-14T19:17:47.0075794+08:00" endTime="2016-08-14T19:17:47.0085813+08:00" testType="13cdc9d9-ddb5-4fa4-a97d-d965ccfc6d4b" outcome="Failed" testListId="8c84fa94-04c1-424b-9868-57a2d4851a1d" relativeResultsDirectory="988e53cf-d865-489d-ab6c-d4d8d54bd571">
      <Output>
        <ErrorInfo>
          <Message>Assert.AreEqual failed. Expected:&lt;5600&gt;. Actual:&lt;0&gt;. </Message>
          <StackTrace>   at ExercisesTest.ExC6Test.ExC6_TestWithOneProduct5() in \\mac\home\Desktop\CSExercises\ExercisesTest\SectionC\ExC6_Test.cs:line 42
</StackTrace>
        </ErrorInfo>
      </Output>
    </UnitTestResult>
    <UnitTestResult executionId="2949c19c-39f3-4404-ab56-343332027741" testId="8206a26a-e532-85c1-9aad-17a6a0a5bdf0" testName="ExC6_TestWithTwoProducts1" computerName="ZANAANUAR1564" duration="00:00:00.0012323" startTime="2016-08-14T19:17:47.0085813+08:00" endTime="2016-08-14T19:17:47.0095800+08:00" testType="13cdc9d9-ddb5-4fa4-a97d-d965ccfc6d4b" outcome="Failed" testListId="8c84fa94-04c1-424b-9868-57a2d4851a1d" relativeResultsDirectory="2949c19c-39f3-4404-ab56-343332027741">
      <Output>
        <ErrorInfo>
          <Message>Assert.AreEqual failed. Expected:&lt;9265&gt;. Actual:&lt;0&gt;. </Message>
          <StackTrace>   at ExercisesTest.ExC6Test.ExC6_TestWithTwoProducts1() in \\mac\home\Desktop\CSExercises\ExercisesTest\SectionC\ExC6_Test.cs:line 48
</StackTrace>
        </ErrorInfo>
      </Output>
    </UnitTestResult>
    <UnitTestResult executionId="4182981f-4aed-4720-a0d1-9f32df0501d8" testId="59543185-c115-6f05-fde4-7a3a3cf60da3" testName="ExC6_TestWithThreeProducts1" computerName="ZANAANUAR1564" duration="00:00:00.0010441" startTime="2016-08-14T19:17:47.0095800+08:00" endTime="2016-08-14T19:17:47.0115789+08:00" testType="13cdc9d9-ddb5-4fa4-a97d-d965ccfc6d4b" outcome="Failed" testListId="8c84fa94-04c1-424b-9868-57a2d4851a1d" relativeResultsDirectory="4182981f-4aed-4720-a0d1-9f32df0501d8">
      <Output>
        <ErrorInfo>
          <Message>Assert.AreEqual failed. Expected:&lt;11365&gt;. Actual:&lt;0&gt;. </Message>
          <StackTrace>   at ExercisesTest.ExC6Test.ExC6_TestWithThreeProducts1() in \\mac\home\Desktop\CSExercises\ExercisesTest\SectionC\ExC6_Test.cs:line 54
</StackTrace>
        </ErrorInfo>
      </Output>
    </UnitTestResult>
    <UnitTestResult executionId="93976e85-b7ca-4d96-b9d1-7ddc0260d5c7" testId="817d2cfb-2701-d099-0d77-7dda9f9ee260" testName="ExD1_TestWith88" computerName="ZANAANUAR1564" duration="00:00:00.0004794" startTime="2016-08-14T19:17:47.0115789+08:00" endTime="2016-08-14T19:17:47.0125810+08:00" testType="13cdc9d9-ddb5-4fa4-a97d-d965ccfc6d4b" outcome="Passed" testListId="8c84fa94-04c1-424b-9868-57a2d4851a1d" relativeResultsDirectory="93976e85-b7ca-4d96-b9d1-7ddc0260d5c7">
      <Output>
        <StdOut>Debug Trace:
Enter a number (1-100): 67
Enter a number (1-100): 57
Enter a number (1-100): 96
Enter a number (1-100): 88
Lucky you</StdOut>
      </Output>
    </UnitTestResult>
    <UnitTestResult executionId="4015a219-867d-4ab1-bbd5-200315f5964d" testId="b3b356b0-b86d-68eb-f1fa-a1fb7eedeab6" testName="ExD1_TestNo88" computerName="ZANAANUAR1564" duration="00:00:00.1487130" startTime="2016-08-14T19:17:47.0125810+08:00" endTime="2016-08-14T19:17:47.1615790+08:00" testType="13cdc9d9-ddb5-4fa4-a97d-d965ccfc6d4b" outcome="Passed" testListId="8c84fa94-04c1-424b-9868-57a2d4851a1d" relativeResultsDirectory="4015a219-867d-4ab1-bbd5-200315f5964d">
      <Output>
        <StdOut>Debug Trace:
Enter a number (1-100): 67
Enter a number (1-100): 57
Enter a number (1-100): 96
Enter a number (1-100): 87
Enter a number (1-100): 
Enter a number (1-100): 
Enter a number (1-100): 
Enter a number (1-100): 
Enter a number (1-100): 
Enter a number (1-100): 
Enter a number (1-100): 
Enter a number (1-100): 
Enter a number (1-100): 
Enter a number (1-100): 
Enter a number (1-100): 
Enter a number (1-100): 
Enter a number (1-100): 
Enter a number (1-100): 
Enter a number (1-100): 
Enter a number (1-100): 
Enter a number (1-100): 
Enter a number (1-100): 
Enter a number (1-100): 
Enter a number (1-100): 
Enter a number (1-100): 
Enter a number (1-100): 
Enter a number (1-100): 
Enter a number (1-100): 
Enter a number (1-100): 
Enter a number (1-100): 
Enter a number (1-100): 
Enter a number (1-100): 
Enter a number (1-100): 
Enter a number (1-100): 
Enter a number (1-100): 
Enter a number (1-100): 
Enter a number (1-100): 
Enter a number (1-100): 
Enter a number (1-100): 
Enter a number (1-100): 
Enter a number (1-100): 
Enter a number (1-100): 
Enter a number (1-100): 
Enter a number (1-100): 
Enter a number (1-100): 
Enter a number (1-100): 
Enter a number (1-100): 
Enter a number (1-100): 
Enter a number (1-100): 
Enter a number (1-100): 
Enter a number (1-100): 
Enter a number (1-100): 
Enter a number (1-100): 
Enter a number (1-100): 
Enter a number (1-100): 
Enter a number (1-100): 
Enter a number (1-100): 
Enter a number (1-100): 
Enter a number (1-100): 
Enter a number (1-100): 
Enter a number (1-100): 
Enter a number (1-100): 
Enter a number (1-100): 
Enter a number (1-100): 
Enter a number (1-100): 
Enter a number (1-100): 
Enter a number (1-100): 
Enter a number (1-100): 
Enter a number (1-100): 
Enter a number (1-100): 
Enter a number (1-100): 
Enter a number (1-100): 
Enter a number (1-100): 
Enter a number (1-100): 
Enter a number (1-100): 
Enter a number (1-100): 
Enter a number (1-100): 
Enter a number (1-100): 
Enter a number (1-100): 
Enter a number (1-100): 
Enter a number (1-100): 
Enter a number (1-100): 
Enter a number (1-100): 
Enter a number (1-100): 
Enter a number (1-100): 
Enter a number (1-100): 
Enter a number (1-100): 
Enter a number (1-100): 
Enter a number (1-100): 
Enter a number (1-100): 
Enter a number (1-100): 
Enter a number (1-100): 
Enter a number (1-100): 
Enter a number (1-100): 
Enter a number (1-100): 
Enter a number (1-100): 
Enter a number (1-100): 
Enter a number (1-100): 
Enter a number (1-100): 
Enter a number (1-100): 
Enter a number (1-100): 
Enter a number (1-100): 
Enter a number (1-100): 
Enter a number (1-100): 
Enter a number (1-100): 
Enter a number (1-100): 
Enter a number (1-100): 
Enter a number (1-100): 
Enter a number (1-100): 
Enter a number (1-100): 
Enter a number (1-100): 
Enter a number (1-100): 
Enter a number (1-100): 
Enter a number (1-100): 
Enter a number (1-100): 
Enter a number (1-100): 
Enter a number (1-100): 
Enter a number (1-100): 
Enter a number (1-100): 
Enter a number (1-100): 
Enter a number (1-100): 
Enter a number (1-100): 
Enter a number (1-100): 
Enter a number (1-100): 
Enter a number (1-100): 
Enter a number (1-100): 
Enter a number (1-100): 
Enter a number (1-100): 
Enter a number (1-100): 
Enter a number (1-100): 
Enter a number (1-100): 
Enter a number (1-100): 
Enter a number (1-100): 
Enter a number (1-100): 
Enter a number (1-100): 
Enter a number (1-100): 
Enter a number (1-100): 
Enter a number (1-100): 
Enter a number (1-100): 
Enter a number (1-100): 
Enter a number (1-100): 
Enter a number (1-100): 
Enter a number (1-100): 
Enter a number (1-100): 
Enter a number (1-100): 
Enter a number (1-100): 
Enter a number (1-100): 
Enter a number (1-100): 
Enter a number (1-100): 
Enter a number (1-100): 
Enter a number (1-100): 
Enter a number (1-100): 
Enter a number (1-100): 
Enter a number (1-100): 
Enter a number (1-100): 
Enter a number (1-100): 
Enter a number (1-100): 
Enter a number (1-100): 
Enter a number (1-100): 
Enter a number (1-100): 
Enter a number (1-100): 
Enter a number (1-100): 
Enter a number (1-100): 
Enter a number (1-100): 
Enter a number (1-100): 
Enter a number (1-100): 
Enter a number (1-100): 
Enter a number (1-100): 
Enter a number (1-100): 
Enter a number (1-100): 
Enter a number (1-100): 
Enter a number (1-100): 
Enter a number (1-100): 
Enter a number (1-100): 
Enter a number (1-100): 
Enter a number (1-100): 
Enter a number (1-100): 
Enter a number (1-100): 
Enter a number (1-100): 
Enter a number (1-100): 
Enter a number (1-100): 
Enter a number (1-100): 
Enter a number (1-100): 
Enter a number (1-100): 
Enter a number (1-100): 
Enter a number (1-100): 
Enter a number (1-100): 
Enter a number (1-100): 
Enter a number (1-100): 
Enter a number (1-100): 
Enter a number (1-100): 
Enter a number (1-100): 
Enter a number (1-100): 
Enter a number (1-100): 
Enter a number (1-100): 
Enter a number (1-100): 
Enter a number (1-100): 
Enter a number (1-100): 
Enter a number (1-100): 
Enter a number (1-100): 
Enter a number (1-100): 
Enter a number (1-100): 
Enter a number (1-100): 
Enter a number (1-100): 
Enter a number (1-100): 
Enter a number (1-100): 
Enter a number (1-100): 
Enter a number (1-100): 
Enter a number (1-100): 
Enter a number (1-100): 
Enter a number (1-100): 
Enter a number (1-100): 
Enter a number (1-100): 
Enter a number (1-100): 
Enter a number (1-100): 
Enter a number (1-100): 
Enter a number (1-100): 
Enter a number (1-100): 
Enter a number (1-100): 
Enter a number (1-100): 
Enter a number (1-100): 
Enter a number (1-100): 
Enter a number (1-100): 
Enter a number (1-100): 
Enter a number (1-100): 
Enter a number (1-100): 
Enter a number (1-100): 
Enter a number (1-100): 
Enter a number (1-100): 
Enter a number (1-100): 
Enter a number (1-100): 
Enter a number (1-100): 
Enter a number (1-100): 
Enter a number (1-100): 
Enter a number (1-100): 
Enter a number (1-100): 
Enter a number (1-100): 
Enter a number (1-100): 
Enter a number (1-100): 
Enter a number (1-100): 
Enter a number (1-100): 
Enter a number (1-100): 
Enter a number (1-100): 
Enter a number (1-100): 
Enter a number (1-100): 
Enter a number (1-100): 
Enter a number (1-100): 
Enter a number (1-100): 
Enter a number (1-100): 
Enter a number (1-100): 
Enter a number (1-100): 
Enter a number (1-100): 
Enter a number (1-100): 
Enter a number (1-100): 
Enter a number (1-100): 
Enter a number (1-100): 
Enter a number (1-100): 
Enter a number (1-100): 
Enter a number (1-100): 
Enter a number (1-100): 
Enter a number (1-100): 
Enter a number (1-100): 
Enter a number (1-100): 
Enter a number (1-100): 
Enter a number (1-100): 
Enter a number (1-100): 
Enter a number (1-100): 
Enter a number (1-100): 
Enter a number (1-100): 
Enter a number (1-100): 
Enter a number (1-100): 
Enter a number (1-100): 
Enter a number (1-100): 
Enter a number (1-100): 
Enter a number (1-100): 
Enter a number (1-100): 
Enter a number (1-100): 
Enter a number (1-100): 
Enter a number (1-100): 
Enter a number (1-100): 
Enter a number (1-100): 
Enter a number (1-100): 
Enter a number (1-100): 
Enter a number (1-100): 
Enter a number (1-100): 
Enter a number (1-100): 
Enter a number (1-100): 
Enter a number (1-100): 
Enter a number (1-100): 
Enter a number (1-100): 
Enter a number (1-100): 
Enter a number (1-100): 
Enter a number (1-100): 
Enter a number (1-100): 
Enter a number (1-100): 
Enter a number (1-100): 
Enter a number (1-100): 
Enter a number (1-100): 
Enter a number (1-100): 
Enter a number (1-100): 
Enter a number (1-100): 
Enter a number (1-100): 
Enter a number (1-100): 
Enter a number (1-100): 
Enter a number (1-100): 
Enter a number (1-100): 
Enter a number (1-100): 
Enter a number (1-100): 
Enter a number (1-100): 
Enter a number (1-100): 
Enter a number (1-100): 
Enter a number (1-100): 
Enter a number (1-100): 
Enter a number (1-100): 
Enter a number (1-100): 
Enter a number (1-100): 
Enter a number (1-100): 
Enter a number (1-100): 
Enter a number (1-100): 
Enter a number (1-100): 
Enter a number (1-100): 
Enter a number (1-100): 
Enter a number (1-100): 
Enter a number (1-100): 
Enter a number (1-100): 
Enter a number (1-100): 
Enter a number (1-100): 
Enter a number (1-100): 
Enter a number (1-100): 
Enter a number (1-100): 
Enter a number (1-100): 
Enter a number (1-100): 
Enter a number (1-100): 
Enter a number (1-100): 
Enter a number (1-100): 
Enter a number (1-100): 
Enter a number (1-100): 
Enter a number (1-100): 
Enter a number (1-100): 
Enter a number (1-100): 
Enter a number (1-100): 
Enter a number (1-100): 
Enter a number (1-100): 
Enter a number (1-100): 
Enter a number (1-100): 
Enter a number (1-100): 
Enter a number (1-100): 
Enter a number (1-100): 
Enter a number (1-100): 
Enter a number (1-100): 
Enter a number (1-100): 
Enter a number (1-100): 
Enter a number (1-100): 
Enter a number (1-100): 
Enter a number (1-100): 
Enter a number (1-100): 
Enter a number (1-100): 
Enter a number (1-100): 
Enter a number (1-100): 
Enter a number (1-100): 
Enter a number (1-100): 
Enter a number (1-100): 
Enter a number (1-100): 
Enter a number (1-100): 
Enter a number (1-100): 
Enter a number (1-100): 
Enter a number (1-100): 
Enter a number (1-100): 
Enter a number (1-100): 
Enter a number (1-100): 
Enter a number (1-100): 
Enter a number (1-100): 
Enter a number (1-100): 
Enter a number (1-100): 
Enter a number (1-100): 
Enter a number (1-100): 
Enter a number (1-100): 
Enter a number (1-100): 
Enter a number (1-100): 
Enter a number (1-100): 
Enter a number (1-100): 
Enter a number (1-100): 
Enter a number (1-100): 
Enter a number (1-100): 
Enter a number (1-100): 
Enter a number (1-100): 
Enter a number (1-100): 
Enter a number (1-100): 
Enter a number (1-100): 
Enter a number (1-100): 
Enter a number (1-100): 
Enter a number (1-100): 
Enter a number (1-100): 
Enter a number (1-100): 
Enter a number (1-100): 
Enter a number (1-100): 
Enter a number (1-100): 
Enter a number (1-100): 
Enter a number (1-100): 
Enter a number (1-100): 
Enter a number (1-100): 
Enter a number (1-100): 
Enter a number (1-100): 
Enter a number (1-100): 
Enter a number (1-100): 
Enter a number (1-100): 
Enter a number (1-100): 
Enter a number (1-100): 
Enter a number (1-100): 
Enter a number (1-100): 
Enter a number (1-100): 
Enter a number (1-100): 
Enter a number (1-100): 
Enter a number (1-100): 
Enter a number (1-100): 
Enter a number (1-100): 
Enter a number (1-100): 
Enter a number (1-100): 
Enter a number (1-100): 
Enter a number (1-100): 
Enter a number (1-100): 
Enter a number (1-100): 
Enter a number (1-100): 
Enter a number (1-100): 
Enter a number (1-100): 
Enter a number (1-100): 
Enter a number (1-100): 
Enter a number (1-100): 
Enter a number (1-100): 
Enter a number (1-100): 
Enter a number (1-100): 
Enter a number (1-100): 
Enter a number (1-100): 
Enter a number (1-100): 
Enter a number (1-100): 
Enter a number (1-100): 
Enter a number (1-100): 
Enter a number (1-100): 
Enter a number (1-100): 
Enter a number (1-100): 
Enter a number (1-100): 
Enter a number (1-100): 
Enter a number (1-100): 
Enter a number (1-100): 
Enter a number (1-100): 
Enter a number (1-100): 
Enter a number (1-100): 
Enter a number (1-100): 
Enter a number (1-100): 
Enter a number (1-100): 
Enter a number (1-100): 
Enter a number (1-100): 
Enter a number (1-100): 
Enter a number (1-100): 
Enter a number (1-100): 
Enter a number (1-100): 
Enter a number (1-100): 
Enter a number (1-100): 
Enter a number (1-100): 
Enter a number (1-100): 
Enter a number (1-100): 
Enter a number (1-100): 
Enter a number (1-100): 
Enter a number (1-100): 
Enter a number (1-100): 
Enter a number (1-100): 
Enter a number (1-100): 
Enter a number (1-100): 
Enter a number (1-100): 
Enter a number (1-100): 
Enter a number (1-100): 
Enter a number (1-100): 
Enter a number (1-100): 
Enter a number (1-100): 
Enter a number (1-100): 
Enter a number (1-100): 
Enter a number (1-100): 
Enter a number (1-100): 
Enter a number (1-100): 
Enter a number (1-100): 
Enter a number (1-100): 
Enter a number (1-100): 
Enter a number (1-100): 
Enter a number (1-100): 
Enter a number (1-100): 
Enter a number (1-100): 
Enter a number (1-100): 
Enter a number (1-100): 
Enter a number (1-100): 
Enter a number (1-100): 
Enter a number (1-100): 
Enter a number (1-100): 
Enter a number (1-100): 
Enter a number (1-100): 
Enter a number (1-100): 
Enter a number (1-100): 
Enter a number (1-100): 
Enter a number (1-100): 
Enter a number (1-100): 
Enter a number (1-100): 
Enter a number (1-100): 
Enter a number (1-100): 
Enter a number (1-100): 
Enter a number (1-100): 
Enter a number (1-100): 
Enter a number (1-100): 
Enter a number (1-100): 
Enter a number (1-100): 
Enter a number (1-100): 
Enter a number (1-100): 
Enter a number (1-100): 
Enter a number (1-100): 
Enter a number (1-100): 
Enter a number (1-100): 
Enter a number (1-100): 
Enter a number (1-100): 
Enter a number (1-100): 
Enter a number (1-100): 
Enter a number (1-100): 
Enter a number (1-100): 
Enter a number (1-100): 
Enter a number (1-100): 
Enter a number (1-100): 
Enter a number (1-100): 
Enter a number (1-100): 
Enter a number (1-100): 
Enter a number (1-100): 
Enter a number (1-100): 
Enter a number (1-100): 
Enter a number (1-100): 
Enter a number (1-100): 
Enter a number (1-100): 
Enter a number (1-100): 
Enter a number (1-100): 
Enter a number (1-100): 
Enter a number (1-100): 
Enter a number (1-100): 
Enter a number (1-100): 
Enter a number (1-100): 
Enter a number (1-100): 
Enter a number (1-100): 
Enter a number (1-100): 
Enter a number (1-100): 
Enter a number (1-100): 
Enter a number (1-100): 
Enter a number (1-100): 
Enter a number (1-100): 
Enter a number (1-100): 
Enter a number (1-100): 
Enter a number (1-100): 
Enter a number (1-100): 
Enter a number (1-100): 
Enter a number (1-100): 
Enter a number (1-100): 
Enter a number (1-100): 
Enter a number (1-100): 
Enter a number (1-100): 
Enter a number (1-100): 
Enter a number (1-100): 
Enter a number (1-100): 
Enter a number (1-100): 
Enter a number (1-100): 
Enter a number (1-100): 
Enter a number (1-100): 
Enter a number (1-100): 
Enter a number (1-100): 
Enter a number (1-100): 
Enter a number (1-100): 
Enter a number (1-100): 
Enter a number (1-100): 
Enter a number (1-100): 
Enter a number (1-100): 
Enter a number (1-100): 
Enter a number (1-100): 
Enter a number (1-100): 
Enter a number (1-100): 
Enter a number (1-100): 
Enter a number (1-100): 
Enter a number (1-100): 
Enter a number (1-100): 
Enter a number (1-100): 
Enter a number (1-100): 
Enter a number (1-100): 
Enter a number (1-100): 
Enter a number (1-100): 
Enter a number (1-100): 
Enter a number (1-100): 
Enter a number (1-100): 
Enter a number (1-100): 
Enter a number (1-100): 
Enter a number (1-100): 
Enter a number (1-100): 
Enter a number (1-100): 
Enter a number (1-100): 
Enter a number (1-100): 
Enter a number (1-100): 
Enter a number (1-100): 
Enter a number (1-100): 
Enter a number (1-100): 
Enter a number (1-100): 
Enter a number (1-100): 
Enter a number (1-100): 
Enter a number (1-100): 
Enter a number (1-100): 
Enter a number (1-100): 
Enter a number (1-100): 
Enter a number (1-100): 
Enter a number (1-100): 
Enter a number (1-100): 
Enter a number (1-100): 
Enter a number (1-100): 
Enter a number (1-100): 
Enter a number (1-100): 
Enter a number (1-100): 
Enter a number (1-100): 
Enter a number (1-100): 
Enter a number (1-100): 
Enter a number (1-100): 
Enter a number (1-100): 
Enter a number (1-100): 
Enter a number (1-100): 
Enter a number (1-100): 
Enter a number (1-100): 
Enter a number (1-100): 
Enter a number (1-100): 
Enter a number (1-100): 
Enter a number (1-100): 
Enter a number (1-100): 
Enter a number (1-100): 
Enter a number (1-100): 
Enter a number (1-100): 
Enter a number (1-100): 
Enter a number (1-100): 
Enter a number (1-100): 
Enter a number (1-100): 
Enter a number (1-100): 
Enter a number (1-100): 
Enter a number (1-100): 
Enter a number (1-100): 
Enter a number (1-100): 
Enter a number (1-100): 
Enter a number (1-100): 
Enter a number (1-100): 
Enter a number (1-100): 
Enter a number (1-100): 
Enter a number (1-100): 
Enter a number (1-100): 
Enter a number (1-100): 
Enter a number (1-100): 
Enter a number (1-100): 
Enter a number (1-100): 
Enter a number (1-100): 
Enter a number (1-100): 
Enter a number (1-100): 
Enter a number (1-100): 
Enter a number (1-100): 
Enter a number (1-100): 
Enter a number (1-100): 
Enter a number (1-100): 
Enter a number (1-100): 
Enter a number (1-100): 
Enter a number (1-100): 
Enter a number (1-100): 
Enter a number (1-100): 
Enter a number (1-100): 
Enter a number (1-100): 
Enter a number (1-100): 
Enter a number (1-100): 
Enter a number (1-100): 
Enter a number (1-100): 
Enter a number (1-100): 
Enter a number (1-100): 
Enter a number (1-100): 
Enter a number (1-100): 
Enter a number (1-100): 
Enter a number (1-100): 
Enter a number (1-100): 
Enter a number (1-100): 
Enter a number (1-100): 
Enter a number (1-100): 
Enter a number (1-100): 
Enter a number (1-100): 
Enter a number (1-100): 
Enter a number (1-100): 
Enter a number (1-100): 
Enter a number (1-100): 
Enter a number (1-100): 
Enter a number (1-100): 
Enter a number (1-100): 
Enter a number (1-100): 
Enter a number (1-100): 
Enter a number (1-100): 
Enter a number (1-100): 
Enter a number (1-100): 
Enter a number (1-100): 
Enter a number (1-100): 
Enter a number (1-100): 
Enter a number (1-100): 
Enter a number (1-100): 
Enter a number (1-100): 
Enter a number (1-100): 
Enter a number (1-100): 
Enter a number (1-100): 
Enter a number (1-100): 
Enter a number (1-100): 
Enter a number (1-100): 
Enter a number (1-100): 
Enter a number (1-100): 
Enter a number (1-100): 
Enter a number (1-100): 
Enter a number (1-100): 
Enter a number (1-100): 
Enter a number (1-100): 
Enter a number (1-100): 
Enter a number (1-100): 
Enter a number (1-100): 
Enter a number (1-100): 
Enter a number (1-100): 
Enter a number (1-100): 
Enter a number (1-100): 
Enter a number (1-100): 
Enter a number (1-100): 
Enter a number (1-100): 
Enter a number (1-100): 
Enter a number (1-100): 
Enter a number (1-100): 
Enter a number (1-100): 
Enter a number (1-100): 
Enter a number (1-100): 
Enter a number (1-100): 
Enter a number (1-100): 
Enter a number (1-100): 
Enter a number (1-100): 
Enter a number (1-100): 
Enter a number (1-100): 
Enter a number (1-100): 
Enter a number (1-100): 
Enter a number (1-100): 
Enter a number (1-100): 
Enter a number (1-100): 
Enter a number (1-100): 
Enter a number (1-100): 
Enter a number (1-100): 
Enter a number (1-100): 
Enter a number (1-100): 
Enter a number (1-100): 
Enter a number (1-100): 
Enter a number (1-100): 
Enter a number (1-100): 
Enter a number (1-100): 
Enter a number (1-100): 
Enter a number (1-100): 
Enter a number (1-100): 
Enter a number (1-100): 
Enter a number (1-100): 
Enter a number (1-100): 
Enter a number (1-100): 
Enter a number (1-100): 
Enter a number (1-100): 
Enter a number (1-100): 
Enter a number (1-100): 
Enter a number (1-100): 
Enter a number (1-100): 
Enter a number (1-100): 
Enter a number (1-100): 
Enter a number (1-100): 
Enter a number (1-100): 
Enter a number (1-100): 
Enter a number (1-100): 
Enter a number (1-100): 
Enter a number (1-100): 
Enter a number (1-100): 
Enter a number (1-100): 
Enter a number (1-100): 
Enter a number (1-100): 
Enter a number (1-100): 
Enter a number (1-100): 
Enter a number (1-100): 
Enter a number (1-100): 
Enter a number (1-100): 
Enter a number (1-100): 
Enter a number (1-100): 
Enter a number (1-100): 
Enter a number (1-100): 
Enter a number (1-100): 
Enter a number (1-100): 
Enter a number (1-100): 
Enter a number (1-100): 
Enter a number (1-100): 
Enter a number (1-100): 
Enter a number (1-100): 
Enter a number (1-100): 
Enter a number (1-100): 
Enter a number (1-100): 
Enter a number (1-100): 
Enter a number (1-100): 
Enter a number (1-100): 
Enter a number (1-100): 
Enter a number (1-100): 
Enter a number (1-100): 
Enter a number (1-100): 
Enter a number (1-100): 
Enter a number (1-100): 
Enter a number (1-100): 
Enter a number (1-100): 
Enter a number (1-100): 
Enter a number (1-100): 
Enter a number (1-100): 
Enter a number (1-100): 
Enter a number (1-100): 
Enter a number (1-100): 
Enter a number (1-100): 
Enter a number (1-100): 
Enter a number (1-100): 
Enter a number (1-100): 
Enter a number (1-100): 
Enter a number (1-100): 
Enter a number (1-100): 
Enter a number (1-100): 
Enter a number (1-100): 
Enter a number (1-100): 
Enter a number (1-100): 
Enter a number (1-100): 
Enter a number (1-100): 
Enter a number (1-100): 
Enter a number (1-100): 
Enter a number (1-100): 
Enter a number (1-100): 
Enter a number (1-100): 
Enter a number (1-100): 
Enter a number (1-100): 
Enter a number (1-100): 
Enter a number (1-100): 
Enter a number (1-100): 
Enter a number (1-100): 
Enter a number (1-100): 
Enter a number (1-100): 
Enter a number (1-100): 
Enter a number (1-100): 
Enter a number (1-100): 
Enter a number (1-100): 
Enter a number (1-100): 
Enter a number (1-100): 
Enter a number (1-100): 
Enter a number (1-100): 
Enter a number (1-100): 
Enter a number (1-100): 
Enter a number (1-100): 
Enter a number (1-100): 
Enter a number (1-100): 
Enter a number (1-100): 
Enter a number (1-100): 
Enter a number (1-100): 
Enter a number (1-100): 
Enter a number (1-100): 
Enter a number (1-100): 
Enter a number (1-100): 
Enter a number (1-100): 
Enter a number (1-100): 
Enter a number (1-100): 
Enter a number (1-100): 
Enter a number (1-100): 
Enter a number (1-100): 
Enter a number (1-100): 
Enter a number (1-100): 
Enter a number (1-100): 
Enter a number (1-100): 
Enter a number (1-100): 
Enter a number (1-100): 
Enter a number (1-100): 
Enter a number (1-100): 
Enter a number (1-100): 
Enter a number (1-100): 
Enter a number (1-100): 
Enter a number (1-100): 
Enter a number (1-100): 
Enter a number (1-100): 
Enter a number (1-100): 
Enter a number (1-100): 
Enter a number (1-100): 
Enter a number (1-100): 
Enter a number (1-100): 
Enter a number (1-100): 
Enter a number (1-100): 
Enter a number (1-100): 
Enter a number (1-100): 
Enter a number (1-100): 
Enter a number (1-100): 
Enter a number (1-100): 
Enter a number (1-100): 
Enter a number (1-100): 
Enter a number (1-100): 
Enter a number (1-100): 
Enter a number (1-100): 
Enter a number (1-100): 
Enter a number (1-100): 
Enter a number (1-100): 
Enter a number (1-100): 
Enter a number (1-100): 
Enter a number (1-100): 
Enter a number (1-100): 
Enter a number (1-100): 
Enter a number (1-100): 
Enter a number (1-100): 
Enter a number (1-100): 
Enter a number (1-100): 
Enter a number (1-100): 
Enter a number (1-100): 
Enter a number (1-100): 
Enter a number (1-100): 
Enter a number (1-100): 
Enter a number (1-100): 
Enter a number (1-100): 
Enter a number (1-100): 
Enter a number (1-100): 
Enter a number (1-100): 
Enter a number (1-100): 
Enter a number (1-100): 
Enter a number (1-100): 
Enter a number (1-100): 
Enter a number (1-100): 
Enter a number (1-100): 
Enter a number (1-100): 
Enter a number (1-100): 
Enter a number (1-100): 
Enter a number (1-100): 
Enter a number (1-100): 
Enter a number (1-100): 
Enter a number (1-100): 
Enter a number (1-100): 
Enter a number (1-100): 
Enter a number (1-100): 
Enter a number (1-100): 
Enter a number (1-100): 
Enter a number (1-100): 
Enter a number (1-100): 
Enter a number (1-100): 
Enter a number (1-100): 
Enter a number (1-100): 
Enter a number (1-100): 
Enter a number (1-100): 
Enter a number (1-100): 
Enter a number (1-100): 
Enter a number (1-100): 
Enter a number (1-100): 
Enter a number (1-100): 
Enter a number (1-100): 
Enter a number (1-100): 
Enter a number (1-100): 
Enter a number (1-100): 
Enter a number (1-100): 
Enter a number (1-100): 
Enter a number (1-100): 
Enter a number (1-100): 
Enter a number (1-100): 
Enter a number (1-100): 
Enter a number (1-100): 
Enter a number (1-100): 
Enter a number (1-100): 
Enter a number (1-100): 
Enter a number (1-100): 
Enter a number (1-100): 
Enter a number (1-100): 
Enter a number (1-100): 
Enter a number (1-100): 
Enter a number (1-100): 
Enter a number (1-100): 
Enter a number (1-100): 
Enter a number (1-100): 
Enter a number (1-100): 
Enter a number (1-100): 
Enter a number (1-100): 
Enter a number (1-100): 
Enter a number (1-100): 
Enter a number (1-100): 
Enter a number (1-100): 
Enter a number (1-100): 
Enter a number (1-100): 
Enter a number (1-100): 
Enter a number (1-100): 
Enter a number (1-100): 
Enter a number (1-100): 
Enter a number (1-100): 
Enter a number (1-100): 
Enter a number (1-100): 
Enter a number (1-100): 
Enter a number (1-100): 
Enter a number (1-100): 
Enter a number (1-100): 
Enter a number (1-100): 
Enter a number (1-100): 
Enter a number (1-100): 
Enter a number (1-100): 
Enter a number (1-100): 
Enter a number (1-100): 
Enter a number (1-100): 
Enter a number (1-100): 
Enter a number (1-100): 
Enter a number (1-100): 
Enter a number (1-100): 
Enter a number (1-100): 
Enter a number (1-100): 
Enter a number (1-100): 
Enter a number (1-100): 
Enter a number (1-100): 
Enter a number (1-100): 
Enter a number (1-100): 
Enter a number (1-100): 
Enter a number (1-100): 
Enter a number (1-100): 
Enter a number (1-100): 
Enter a number (1-100): 
Enter a number (1-100): 
Enter a number (1-100): 
Enter a number (1-100): 
Enter a number (1-100): 
Enter a number (1-100): 
Enter a number (1-100): 
Enter a number (1-100): 
Enter a number (1-100): 
Enter a number (1-100): 
Enter a number (1-100): 
Enter a number (1-100): 
Enter a number (1-100): 
Enter a number (1-100): 
Enter a number (1-100): 
Enter a number (1-100): 
Enter a number (1-100): 
Enter a number (1-100): 
Enter a number (1-100): 
Enter a number (1-100): 
Enter a number (1-100): 
Enter a number (1-100): 
Enter a number (1-100): 
Enter a number (1-100): 
Enter a number (1-100): 
Enter a number (1-100): 
Enter a number (1-100): 
Enter a number (1-100): 
Enter a number (1-100): 
Enter a number (1-100): 
Enter a number (1-100): 
Enter a number (1-100): 
Enter a number (1-100): 
Enter a number (1-100): 
Enter a number (1-100): 
Enter a number (1-100): 
Enter a number (1-100): 
Enter a number (1-100): 
Enter a number (1-100): 
Enter a number (1-100): 
Enter a number (1-100): 
Enter a number (1-100): 
Enter a number (1-100): 
Enter a number (1-100): 
Enter a number (1-100): 
Enter a number (1-100): 
Enter a number (1-100): 
Enter a number (1-100): 
Enter a number (1-100): 
Enter a number (1-100): 
Enter a number (1-100): 
Enter a number (1-100): 
Enter a number (1-100): 
Enter a number (1-100): 
Enter a number (1-100): 
Enter a number (1-100): 
Enter a number (1-100): 
Enter a number (1-100): 
Enter a number (1-100): 
Enter a number (1-100): 
Enter a number (1-100): 
Enter a number (1-100): 
Enter a number (1-100): 
Enter a number (1-100): 
Enter a number (1-100): 
Enter a number (1-100): 
Enter a number (1-100): 
Enter a number (1-100): 
Enter a number (1-100): 
Enter a number (1-100): 
Enter a number (1-100): 
Enter a number (1-100): 
Enter a number (1-100): 
Enter a number (1-100): 
Enter a number (1-100): 
Enter a number (1-100): 
Enter a number (1-100): 
Enter a number (1-100): 
Enter a number (1-100): 
Enter a number (1-100): 
Enter a number (1-100): 
Enter a number (1-100): 
Enter a number (1-100): 
Enter a number (1-100): 
Enter a number (1-100): 
Enter a number (1-100): 
Enter a number (1-100): 
Enter a number (1-100): 
Enter a number (1-100): 
Enter a number (1-100): 
Enter a number (1-100): 
Enter a number (1-100): 
Enter a number (1-100): 
Enter a number (1-100): 
Enter a number (1-100): 
Enter a number (1-100): 
Enter a number (1-100): 
Enter a number (1-100): 
Enter a number (1-100): 
Enter a number (1-100): 
Enter a number (1-100): 
Enter a number (1-100): 
Enter a number (1-100): 
Enter a number (1-100): 
Enter a number (1-100): 
Enter a number (1-100): 
Enter a number (1-100): 
Enter a number (1-100): 
Enter a number (1-100): 
Enter a number (1-100): 
Enter a number (1-100): 
Enter a number (1-100): 
Enter a number (1-100): 
Enter a number (1-100): 
Enter a number (1-100): 
Enter a number (1-100): 
Enter a number (1-100): 
Enter a number (1-100): 
Enter a number (1-100): 
Enter a number (1-100): 
Enter a number (1-100): 
Enter a number (1-100): 
Enter a number (1-100): 
Enter a number (1-100): 
Enter a number (1-100): 
Enter a number (1-100): 
Enter a number (1-100): 
Enter a number (1-100): 
Enter a number (1-100): 
Enter a number (1-100): 
Enter a number (1-100): 
Enter a number (1-100): 
Enter a number (1-100): 
Enter a number (1-100): 
Enter a number (1-100): 
Enter a number (1-100): 
Enter a number (1-100): 
Enter a number (1-100): 
Enter a number (1-100): 
Enter a number (1-100): 
Enter a number (1-100): 
Enter a number (1-100): 
Enter a number (1-100): 
Enter a number (1-100): 
Enter a number (1-100): 
Enter a number (1-100): 
Enter a number (1-100): 
Enter a number (1-100): 
Enter a number (1-100): 
Enter a number (1-100): 
Enter a number (1-100): 
Enter a number (1-100): 
Enter a number (1-100): 
Enter a number (1-100): 
Enter a number (1-100): 
Enter a number (1-100): 
Enter a number (1-100): 
Enter a number (1-100): 
Enter a number (1-100): 
Enter a number (1-100): 
Enter a number (1-100): 
Enter a number (1-100): 
Enter a number (1-100): 
Enter a number (1-100): 
Enter a number (1-100): 
Enter a number (1-100): 
Enter a number (1-100): 
Enter a number (1-100): 
Enter a number (1-100): 
Enter a number (1-100): 
Enter a number (1-100): 
Enter a number (1-100): 
Enter a number (1-100): 
Enter a number (1-100): 
Enter a number (1-100): 
Enter a number (1-100): 
Enter a number (1-100): 
Enter a number (1-100): 
Enter a number (1-100): 
Enter a number (1-100): 
Enter a number (1-100): 
Enter a number (1-100): 
Enter a number (1-100): 
Enter a number (1-100): 
Enter a number (1-100): 
Enter a number (1-100): 
Enter a number (1-100): 
Enter a number (1-100): 
Enter a number (1-100): 
Enter a number (1-100): 
Enter a number (1-100): 
Enter a number (1-100): 
Enter a number (1-100): 
Enter a number (1-100): 
Enter a number (1-100): 
Enter a number (1-100): 
Enter a number (1-100): 
Enter a number (1-100): 
Enter a number (1-100): 
Enter a number (1-100): 
Enter a number (1-100): 
Enter a number (1-100): 
Enter a number (1-100): 
Enter a number (1-100): 
Enter a number (1-100): 
Enter a number (1-100): 
Enter a number (1-100): 
Enter a number (1-100): 
Enter a number (1-100): 
Enter a number (1-100): 
Enter a number (1-100): 
Enter a number (1-100): 
Enter a number (1-100): 
Enter a number (1-100): 
Enter a number (1-100): 
Enter a number (1-100): 
Enter a number (1-100): 
Enter a number (1-100): 
Enter a number (1-100): 
Enter a number (1-100): 
Enter a number (1-100): 
Enter a number (1-100): 
Enter a number (1-100): 
Enter a number (1-100): 
Enter a number (1-100): 
Enter a number (1-100): 
Enter a number (1-100): 
Enter a number (1-100): 
Enter a number (1-100): 
Enter a number (1-100): 
Enter a number (1-100): 
Enter a number (1-100): 
Enter a number (1-100): 
Enter a number (1-100): 
Enter a number (1-100): 
Enter a number (1-100): 
Enter a number (1-100): 
Enter a number (1-100): 
Enter a number (1-100): 
Enter a number (1-100): 
Enter a number (1-100): 
Enter a number (1-100): 
Enter a number (1-100): 
Enter a number (1-100): 
Enter a number (1-100): 
Enter a number (1-100): 
Enter a number (1-100): 
Enter a number (1-100): 
Enter a number (1-100): 
Enter a number (1-100): 
Enter a number (1-100): 
Enter a number (1-100): 
Enter a number (1-100): 
Enter a number (1-100): 
Enter a number (1-100): 
Enter a number (1-100): 
Enter a number (1-100): 
Enter a number (1-100): 
Enter a number (1-100): 
Enter a number (1-100): 
Enter a number (1-100): 
Enter a number (1-100): 
Enter a number (1-100): 
Enter a number (1-100): 
Enter a number (1-100): 
Enter a number (1-100): 
Enter a number (1-100): 
Enter a number (1-100): 
Enter a number (1-100): 
Enter a number (1-100): 
Enter a number (1-100): 
Enter a number (1-100): 
Enter a number (1-100): 
Enter a number (1-100): 
Enter a number (1-100): 
Enter a number (1-100): 
Enter a number (1-100): 
Enter a number (1-100): 
Enter a number (1-100): 
Enter a number (1-100): 
Enter a number (1-100): 
Enter a number (1-100): 
Enter a number (1-100): 
Enter a number (1-100): 
Enter a number (1-100): 
Enter a number (1-100): 
Enter a number (1-100): 
Enter a number (1-100): 
Enter a number (1-100): 
Enter a number (1-100): 
Enter a number (1-100): 
Enter a number (1-100): 
Enter a number (1-100): 
Enter a number (1-100): 
Enter a number (1-100): 
Enter a number (1-100): 
Enter a number (1-100): 
Enter a number (1-100): 
Enter a number (1-100): 
Enter a number (1-100): 
Enter a number (1-100): 
Enter a number (1-100): 
Enter a number (1-100): 
Enter a number (1-100): 
Enter a number (1-100): 
Enter a number (1-100): 
Enter a number (1-100): 
Enter a number (1-100): 
Enter a number (1-100): 
Enter a number (1-100): 
Enter a number (1-100): 
Enter a number (1-100): 
Enter a number (1-100): 
Enter a number (1-100): 
Enter a number (1-100): 
Enter a number (1-100): 
Enter a number (1-100): 
Enter a number (1-100): 
Enter a number (1-100): 
Enter a number (1-100): 
Enter a number (1-100): 
Enter a number (1-100): 
Enter a number (1-100): 
Enter a number (1-100): 
Enter a number (1-100): 
Enter a number (1-100): 
Enter a number (1-100): 
Enter a number (1-100): 
Enter a number (1-100): 
Enter a number (1-100): 
Enter a number (1-100): 
Enter a number (1-100): 
Enter a number (1-100): 
Enter a number (1-100): 
Enter a number (1-100): 
Enter a number (1-100): 
Enter a number (1-100): 
Enter a number (1-100): 
Enter a number (1-100): 
Enter a number (1-100): 
Enter a number (1-100): 
Enter a number (1-100): 
Enter a number (1-100): 
Enter a number (1-100): 
Enter a number (1-100): 
Enter a number (1-100): 
Enter a number (1-100): 
Enter a number (1-100): 
Enter a number (1-100): 
Enter a number (1-100): 
Enter a number (1-100): 
Enter a number (1-100): 
Enter a number (1-100): 
Enter a number (1-100): 
Enter a number (1-100): 
Enter a number (1-100): 
Enter a number (1-100): 
Enter a number (1-100): 
Enter a number (1-100): 
Enter a number (1-100): 
Enter a number (1-100): 
Enter a number (1-100): 
Enter a number (1-100): 
Enter a number (1-100): 
Enter a number (1-100): 
Enter a number (1-100): 
Enter a number (1-100): 
Enter a number (1-100): 
Enter a number (1-100): 
Enter a number (1-100): 
Enter a number (1-100): 
Enter a number (1-100): 
Enter a number (1-100): 
Enter a number (1-100): 
Enter a number (1-100): 
Enter a number (1-100): 
Enter a number (1-100): 
Enter a number (1-100): 
Enter a number (1-100): 
Enter a number (1-100): 
Enter a number (1-100): 
Enter a number (1-100): 
Enter a number (1-100): 
Enter a number (1-100): 
Enter a number (1-100): 
Enter a number (1-100): 
Enter a number (1-100): 
Enter a number (1-100): 
Enter a number (1-100): 
Enter a number (1-100): 
Enter a number (1-100): 
Enter a number (1-100): 
Enter a number (1-100): 
Enter a number (1-100): 
Enter a number (1-100): 
Enter a number (1-100): 
Enter a number (1-100): 
Enter a number (1-100): 
Enter a number (1-100): 
Enter a number (1-100): 
Enter a number (1-100): 
Enter a number (1-100): 
Enter a number (1-100): 
Enter a number (1-100): 
Enter a number (1-100): 
Enter a number (1-100): 
Enter a number (1-100): 
Enter a number (1-100): 
Enter a number (1-100): 
Enter a number (1-100): 
Enter a number (1-100): 
Enter a number (1-100): 
Enter a number (1-100): 
Enter a number (1-100): 
Enter a number (1-100): 
Enter a number (1-100): 
Enter a number (1-100): 
Enter a number (1-100): 
Enter a number (1-100): 
Enter a number (1-100): 
Enter a number (1-100): 
Enter a number (1-100): 
Enter a number (1-100): 
Enter a number (1-100): 
Enter a number (1-100): 
Enter a number (1-100): 
Enter a number (1-100): 
Enter a number (1-100): 
Enter a number (1-100): 
Enter a number (1-100): 
Enter a number (1-100): 
Enter a number (1-100): 
Enter a number (1-100): 
Enter a number (1-100): 
Enter a number (1-100): 
Enter a number (1-100): 
Enter a number (1-100): 
Enter a number (1-100): 
Enter a number (1-100): 
Enter a number (1-100): 
Enter a number (1-100): 
Enter a number (1-100): 
Enter a number (1-100): 
Enter a number (1-100): 
Enter a number (1-100): 
Enter a number (1-100): 
Enter a number (1-100): 
Enter a number (1-100): 
Enter a number (1-100): 
Enter a number (1-100): 
Enter a number (1-100): 
Enter a number (1-100): 
Enter a number (1-100): 
Enter a number (1-100): 
Enter a number (1-100): 
Enter a number (1-100): 
Enter a number (1-100): 
Enter a number (1-100): 
Enter a number (1-100): 
Enter a number (1-100): 
Enter a number (1-100): 
Enter a number (1-100): 
Enter a number (1-100): 
Enter a number (1-100): 
Enter a number (1-100): 
Enter a number (1-100): 
Enter a number (1-100): 
Enter a number (1-100): 
Enter a number (1-100): 
Enter a number (1-100): 
Enter a number (1-100): 
Enter a number (1-100): 
Enter a number (1-100): 
Enter a number (1-100): 
Enter a number (1-100): 
Enter a number (1-100): 
Enter a number (1-100): 
Enter a number (1-100): 
Enter a number (1-100): 
Enter a number (1-100): 
Enter a number (1-100): 
Enter a number (1-100): 
Enter a number (1-100): 
Enter a number (1-100): 
Enter a number (1-100): 
Enter a number (1-100): 
Enter a number (1-100): 
Enter a number (1-100): 
Enter a number (1-100): 
Enter a number (1-100): 
Enter a number (1-100): 
Enter a number (1-100): 
Enter a number (1-100): 
Enter a number (1-100): 
Enter a number (1-100): 
Enter a number (1-100): 
Enter a number (1-100): 
Enter a number (1-100): 
Enter a number (1-100): 
Enter a number (1-100): 
Enter a number (1-100): 
Enter a number (1-100): 
Enter a number (1-100): 
Enter a number (1-100): 
Enter a number (1-100): 
Enter a number (1-100): 
Enter a number (1-100): 
Enter a number (1-100): 
Enter a number (1-100): 
Enter a number (1-100): 
Enter a number (1-100): 
Enter a number (1-100): 
Enter a number (1-100): 
Enter a number (1-100): 
Enter a number (1-100): 
Enter a number (1-100): 
Enter a number (1-100): 
Enter a number (1-100): 
Enter a number (1-100): 
Enter a number (1-100): 
Enter a number (1-100): 
Enter a number (1-100): 
Enter a number (1-100): 
Enter a number (1-100): 
Enter a number (1-100): 
Enter a number (1-100): 
Enter a number (1-100): 
Enter a number (1-100): 
Enter a number (1-100): 
Enter a number (1-100): 
Enter a number (1-100): 
Enter a number (1-100): 
Enter a number (1-100): 
Enter a number (1-100): 
Enter a number (1-100): 
Enter a number (1-100): 
Enter a number (1-100): 
Enter a number (1-100): 
Enter a number (1-100): 
Enter a number (1-100): 
Enter a number (1-100): 
Enter a number (1-100): 
Enter a number (1-100): 
Enter a number (1-100): 
Enter a number (1-100): 
Enter a number (1-100): 
Enter a number (1-100): 
Enter a number (1-100): 
Enter a number (1-100): 
Enter a number (1-100): 
Enter a number (1-100): 
Enter a number (1-100): 
Enter a number (1-100): 
Enter a number (1-100): 
Enter a number (1-100): 
Enter a number (1-100): 
Enter a number (1-100): 
Enter a number (1-100): 
Enter a number (1-100): 
Enter a number (1-100): 
Enter a number (1-100): 
Enter a number (1-100): 
Enter a number (1-100): 
Enter a number (1-100): 
Enter a number (1-100): 
Enter a number (1-100): 
Enter a number (1-100): 
Enter a number (1-100): 
Enter a number (1-100): 
Enter a number (1-100): 
Enter a number (1-100): 
Enter a number (1-100): 
Enter a number (1-100): 
Enter a number (1-100): 
Enter a number (1-100): 
Enter a number (1-100): 
Enter a number (1-100): 
Enter a number (1-100): 
Enter a number (1-100): 
Enter a number (1-100): 
Enter a number (1-100): 
Enter a number (1-100): 
Enter a number (1-100): 
Enter a number (1-100): 
Enter a number (1-100): 
Enter a number (1-100): 
Enter a number (1-100): 
Enter a number (1-100): 
Enter a number (1-100): 
Enter a number (1-100): 
Enter a number (1-100): 
Enter a number (1-100): 
Enter a number (1-100): 
Enter a number (1-100): 
Enter a number (1-100): 
Enter a number (1-100): 
Enter a number (1-100): 
Enter a number (1-100): 
Enter a number (1-100): 
Enter a number (1-100): 
Enter a number (1-100): 
Enter a number (1-100): 
Enter a number (1-100): 
Enter a number (1-100): 
Enter a number (1-100): 
Enter a number (1-100): 
Enter a number (1-100): 
Enter a number (1-100): 
Enter a number (1-100): 
Enter a number (1-100): 
Enter a number (1-100): 
Enter a number (1-100): 
Enter a number (1-100): 
Enter a number (1-100): 
Enter a number (1-100): 
Enter a number (1-100): 
Enter a number (1-100): 
Enter a number (1-100): 
Enter a number (1-100): 
Enter a number (1-100): 
Enter a number (1-100): 
Enter a number (1-100): 
Enter a number (1-100): 
Enter a number (1-100): 
Enter a number (1-100): 
Enter a number (1-100): 
Enter a number (1-100): 
Enter a number (1-100): 
Enter a number (1-100): 
Enter a number (1-100): 
Enter a number (1-100): 
Enter a number (1-100): 
Enter a number (1-100): 
Enter a number (1-100): 
Enter a number (1-100): 
Enter a number (1-100): 
Enter a number (1-100): 
Enter a number (1-100): 
Enter a number (1-100): 
Enter a number (1-100): 
Enter a number (1-100): 
Enter a number (1-100): 
Enter a number (1-100): 
Enter a number (1-100): 
Enter a number (1-100): 
Enter a number (1-100): 
Enter a number (1-100): 
Enter a number (1-100): 
Enter a number (1-100): 
Enter a number (1-100): 
Enter a number (1-100): 
Enter a number (1-100): 
Enter a number (1-100): 
Enter a number (1-100): 
Enter a number (1-100): 
Enter a number (1-100): 
Enter a number (1-100): 
Enter a number (1-100): 
Enter a number (1-100): 
Enter a number (1-100): 
Enter a number (1-100): 
Enter a number (1-100): 
Enter a number (1-100): 
Enter a number (1-100): 
Enter a number (1-100): 
Enter a number (1-100): 
Enter a number (1-100): 
Enter a number (1-100): 
Enter a number (1-100): 
Enter a number (1-100): 
Enter a number (1-100): 
Enter a number (1-100): 
Enter a number (1-100): 
Enter a number (1-100): 
Enter a number (1-100): 
Enter a number (1-100): 
Enter a number (1-100): 
Enter a number (1-100): 
Enter a number (1-100): 
Enter a number (1-100): 
Enter a number (1-100): 
Enter a number (1-100): 
Enter a number (1-100): 
Enter a number (1-100): 
Enter a number (1-100): 
Enter a number (1-100): 
Enter a number (1-100): 
Enter a number (1-100): 
Enter a number (1-100): 
Enter a number (1-100): 
Enter a number (1-100): 
Enter a number (1-100): 
Enter a number (1-100): 
Enter a number (1-100): 
Enter a number (1-100): 
Enter a number (1-100): 
Enter a number (1-100): 
Enter a number (1-100): 
Enter a number (1-100): 
Enter a number (1-100): 
Enter a number (1-100): 
Enter a number (1-100): 
Enter a number (1-100): 
Enter a number (1-100): 
Enter a number (1-100): 
Enter a number (1-100): 
Enter a number (1-100): 
Enter a number (1-100): 
Enter a number (1-100): 
Enter a number (1-100): 
Enter a number (1-100): 
Enter a number (1-100): 
Enter a number (1-100): 
Enter a number (1-100): 
Enter a number (1-100): 
Enter a number (1-100): 
Enter a number (1-100): 
Enter a number (1-100): 
Enter a number (1-100): 
Enter a number (1-100): 
Enter a number (1-100): 
Enter a number (1-100): 
Enter a number (1-100): 
Enter a number (1-100): 
Enter a number (1-100): 
Enter a number (1-100): 
Enter a number (1-100): 
Enter a number (1-100): 
Enter a number (1-100): 
Enter a number (1-100): 
Enter a number (1-100): 
Enter a number (1-100): 
Enter a number (1-100): 
Enter a number (1-100): 
Enter a number (1-100): 
Enter a number (1-100): 
Enter a number (1-100): 
Enter a number (1-100): 
Enter a number (1-100): 
Enter a number (1-100): 
Enter a number (1-100): 
Enter a number (1-100): 
Enter a number (1-100): 
Enter a number (1-100): 
Enter a number (1-100): 
Enter a number (1-100): 
Enter a number (1-100): 
Enter a number (1-100): 
Enter a number (1-100): 
Enter a number (1-100): 
Enter a number (1-100): 
Enter a number (1-100): 
Enter a number (1-100): 
Enter a number (1-100): 
Enter a number (1-100): 
Enter a number (1-100): 
Enter a number (1-100): 
Enter a number (1-100): 
Enter a number (1-100): 
Enter a number (1-100): 
Enter a number (1-100): 
Enter a number (1-100): 
Enter a number (1-100): 
Enter a number (1-100): 
Enter a number (1-100): 
Enter a number (1-100): 
Enter a number (1-100): 
Enter a number (1-100): 
Enter a number (1-100): 
Enter a number (1-100): 
Enter a number (1-100): 
Enter a number (1-100): 
Enter a number (1-100): 
Enter a number (1-100): 
Enter a number (1-100): 
Enter a number (1-100): 
Enter a number (1-100): 
Enter a number (1-100): 
Enter a number (1-100): 
Enter a number (1-100): 
Enter a number (1-100): 
Enter a number (1-100): 
Enter a number (1-100): 
Enter a number (1-100): 
Enter a number (1-100): 
Enter a number (1-100): 
Enter a number (1-100): 
Enter a number (1-100): 
Enter a number (1-100): 
Enter a number (1-100): 
Enter a number (1-100): 
Enter a number (1-100): 
Enter a number (1-100): 
Enter a number (1-100): 
Enter a number (1-100): 
Enter a number (1-100): 
Enter a number (1-100): 
Enter a number (1-100): 
Enter a number (1-100): 
Enter a number (1-100): 
Enter a number (1-100): 
Enter a number (1-100): 
Enter a number (1-100): 
Enter a number (1-100): 
Enter a number (1-100): 
Enter a number (1-100): 
Enter a number (1-100): 
Enter a number (1-100): 
Enter a number (1-100): 
Enter a number (1-100): 
Enter a number (1-100): 
Enter a number (1-100): 
Enter a number (1-100): 
Enter a number (1-100): 
Enter a number (1-100): 
Enter a number (1-100): 
Enter a number (1-100): 
Enter a number (1-100): 
Enter a number (1-100): 
Enter a number (1-100): 
Enter a number (1-100): 
Enter a number (1-100): 
Enter a number (1-100): 
Enter a number (1-100): 
Enter a number (1-100): 
Enter a number (1-100): 
Enter a number (1-100): 
Enter a number (1-100): 
Enter a number (1-100): 
Enter a number (1-100): 
Enter a number (1-100): 
Enter a number (1-100): 
Enter a number (1-100): 
Enter a number (1-100): 
Enter a number (1-100): 
Enter a number (1-100): 
Enter a number (1-100): 
Enter a number (1-100): 
Enter a number (1-100): 
Enter a number (1-100): 
Enter a number (1-100): 
Enter a number (1-100): 
Enter a number (1-100): 
Enter a number (1-100): 
Enter a number (1-100): 
Enter a number (1-100): 
Enter a number (1-100): 
Enter a number (1-100): 
Enter a number (1-100): 
Enter a number (1-100): 
Enter a number (1-100): 
Enter a number (1-100): 
Enter a number (1-100): 
Enter a number (1-100): 
Enter a number (1-100): 
Enter a number (1-100): 
Enter a number (1-100): 
Enter a number (1-100): 
Enter a number (1-100): 
Enter a number (1-100): 
Enter a number (1-100): 
Enter a number (1-100): 
Enter a number (1-100): 
Enter a number (1-100): 
Enter a number (1-100): 
Enter a number (1-100): 
Enter a number (1-100): 
Enter a number (1-100): 
Enter a number (1-100): 
Enter a number (1-100): 
Enter a number (1-100): 
Enter a number (1-100): 
Enter a number (1-100): 
Enter a number (1-100): 
Enter a number (1-100): 
Enter a number (1-100): 
Enter a number (1-100): 
Enter a number (1-100): 
Enter a number (1-100): 
Enter a number (1-100): 
Enter a number (1-100): 
Enter a number (1-100): 
Enter a number (1-100): 
Enter a number (1-100): 
Enter a number (1-100): 
Enter a number (1-100): 
Enter a number (1-100): 
Enter a number (1-100): 
Enter a number (1-100): 
Enter a number (1-100): 
Enter a number (1-100): 
Enter a number (1-100): 
Enter a number (1-100): 
Enter a number (1-100): 
Enter a number (1-100): 
Enter a number (1-100): 
Enter a number (1-100): 
Enter a number (1-100): 
Enter a number (1-100): 
Enter a number (1-100): 
Enter a number (1-100): 
Enter a number (1-100): 
Enter a number (1-100): 
Enter a number (1-100): 
Enter a number (1-100): 
Enter a number (1-100): 
Enter a number (1-100): 
Enter a number (1-100): 
Enter a number (1-100): 
Enter a number (1-100): 
Enter a number (1-100): 
Enter a number (1-100): 
Enter a number (1-100): 
Enter a number (1-100): 
Enter a number (1-100): 
Enter a number (1-100): 
Enter a number (1-100): 
Enter a number (1-100): 
Enter a number (1-100): 
Enter a number (1-100): 
Enter a number (1-100): 
Enter a number (1-100): 
Enter a number (1-100): 
Enter a number (1-100): 
Enter a number (1-100): 
Enter a number (1-100): 
Enter a number (1-100): 
Enter a number (1-100): 
Enter a number (1-100): 
Enter a number (1-100): 
Enter a number (1-100): 
Enter a number (1-100): 
Enter a number (1-100): 
Enter a number (1-100): 
Enter a number (1-100): 
Enter a number (1-100): 
Enter a number (1-100): 
Enter a number (1-100): 
Enter a number (1-100): 
Enter a number (1-100): 
Enter a number (1-100): 
Enter a number (1-100): 
Enter a number (1-100): 
Enter a number (1-100): 
Enter a number (1-100): 
Enter a number (1-100): 
Enter a number (1-100): 
Enter a number (1-100): 
Enter a number (1-100): 
Enter a number (1-100): 
Enter a number (1-100): 
Enter a number (1-100): 
Enter a number (1-100): 
Enter a number (1-100): 
Enter a number (1-100): 
Enter a number (1-100): 
Enter a number (1-100): 
Enter a number (1-100): 
Enter a number (1-100): 
Enter a number (1-100): 
Enter a number (1-100): 
Enter a number (1-100): 
Enter a number (1-100): 
Enter a number (1-100): 
Enter a number (1-100): 
Enter a number (1-100): 
Enter a number (1-100): 
Enter a number (1-100): 
Enter a number (1-100): 
Enter a number (1-100): 
Enter a number (1-100): 
Enter a number (1-100): 
Enter a number (1-100): 
Enter a number (1-100): 
Enter a number (1-100): 
Enter a number (1-100): 
Enter a number (1-100): 
Enter a number (1-100): 
Enter a number (1-100): 
Enter a number (1-100): 
Enter a number (1-100): 
Enter a number (1-100): 
Enter a number (1-100): 
Enter a number (1-100): 
Enter a number (1-100): 
Enter a number (1-100): 
Enter a number (1-100): 
Enter a number (1-100): 
Enter a number (1-100): 
Enter a number (1-100): 
Enter a number (1-100): 
Enter a number (1-100): 
Enter a number (1-100): 
Enter a number (1-100): 
Enter a number (1-100): 
Enter a number (1-100): 
Enter a number (1-100): 
Enter a number (1-100): 
Enter a number (1-100): 
Enter a number (1-100): 
Enter a number (1-100): 
Enter a number (1-100): 
Enter a number (1-100): 
Enter a number (1-100): 
Enter a number (1-100): 
Enter a number (1-100): 
Enter a number (1-100): 
Enter a number (1-100): 
Enter a number (1-100): 
Enter a number (1-100): 
Enter a number (1-100): 
Enter a number (1-100): 
Enter a number (1-100): 
Enter a number (1-100): 
Enter a number (1-100): 
Enter a number (1-100): 
Enter a number (1-100): 
Enter a number (1-100): 
Enter a number (1-100): 
Enter a number (1-100): 
Enter a number (1-100): 
Enter a number (1-100): 
Enter a number (1-100): 
Enter a number (1-100): 
Enter a number (1-100): 
Enter a number (1-100): 
Enter a number (1-100): 
Enter a number (1-100): 
Enter a number (1-100): 
Enter a number (1-100): 
Enter a number (1-100): 
Enter a number (1-100): 
Enter a number (1-100): 
Enter a number (1-100): 
Enter a number (1-100): 
Enter a number (1-100): 
Enter a number (1-100): 
Enter a number (1-100): 
Enter a number (1-100): 
Enter a number (1-100): 
Enter a number (1-100): 
Enter a number (1-100): 
Enter a number (1-100): 
Enter a number (1-100): 
Enter a number (1-100): 
Enter a number (1-100): 
Enter a number (1-100): 
Enter a number (1-100): 
Enter a number (1-100): 
Enter a number (1-100): 
Enter a number (1-100): 
Enter a number (1-100): 
Enter a number (1-100): 
Enter a number (1-100): 
Enter a number (1-100): 
Enter a number (1-100): 
Enter a number (1-100): 
Enter a number (1-100): 
Enter a number (1-100): 
Enter a number (1-100): 
Enter a number (1-100): 
Enter a number (1-100): 
Enter a number (1-100): 
Enter a number (1-100): 
Enter a number (1-100): 
Enter a number (1-100): 
Enter a number (1-100): 
Enter a number (1-100): 
Enter a number (1-100): 
Enter a number (1-100): 
Enter a number (1-100): 
Enter a number (1-100): 
Enter a number (1-100): 
Enter a number (1-100): 
Enter a number (1-100): 
Enter a number (1-100): 
Enter a number (1-100): 
Enter a number (1-100): 
Enter a number (1-100): 
Enter a number (1-100): 
Enter a number (1-100): 
Enter a number (1-100): 
Enter a number (1-100): 
Enter a number (1-100): 
Enter a number (1-100): 
Enter a number (1-100): 
Enter a number (1-100): 
Enter a number (1-100): 
Enter a number (1-100): 
Enter a number (1-100): 
Enter a number (1-100): 
Enter a number (1-100): 
Enter a number (1-100): 
Enter a number (1-100): 
Enter a number (1-100): 
Enter a number (1-100): 
Enter a number (1-100): 
Enter a number (1-100): 
Enter a number (1-100): 
Enter a number (1-100): 
Enter a number (1-100): 
Enter a number (1-100): 
Enter a number (1-100): 
Enter a number (1-100): 
Enter a number (1-100): 
Enter a number (1-100): 
Enter a number (1-100): 
Enter a number (1-100): 
Enter a number (1-100): 
Enter a number (1-100): 
Enter a number (1-100): 
Enter a number (1-100): 
Enter a number (1-100): 
Enter a number (1-100): 
Enter a number (1-100): 
Enter a number (1-100): 
Enter a number (1-100): 
Enter a number (1-100): 
Enter a number (1-100): 
Enter a number (1-100): 
Enter a number (1-100): 
Enter a number (1-100): 
Enter a number (1-100): 
Enter a number (1-100): 
Enter a number (1-100): 
Enter a number (1-100): 
Enter a number (1-100): 
Enter a number (1-100): 
Enter a number (1-100): 
Enter a number (1-100): 
Enter a number (1-100): 
Enter a number (1-100): 
Enter a number (1-100): 
Enter a number (1-100): 
Enter a number (1-100): 
Enter a number (1-100): 
Enter a number (1-100): 
Enter a number (1-100): 
Enter a number (1-100): 
Enter a number (1-100): 
Enter a number (1-100): 
Enter a number (1-100): 
Enter a number (1-100):</StdOut>
      </Output>
    </UnitTestResult>
    <UnitTestResult executionId="4d852e8d-f661-4fc6-85f7-97c742c7cc40" testId="37f78f12-4ace-98e0-52e8-3408fb66f00f" testName="ExD2_TestWithPositiveNumber1" computerName="ZANAANUAR1564" duration="00:00:00.0023110" startTime="2016-08-14T19:17:47.1615790+08:00" endTime="2016-08-14T19:17:47.1656063+08:00" testType="13cdc9d9-ddb5-4fa4-a97d-d965ccfc6d4b" outcome="Passed" testListId="8c84fa94-04c1-424b-9868-57a2d4851a1d" relativeResultsDirectory="4d852e8d-f661-4fc6-85f7-97c742c7cc40" />
    <UnitTestResult executionId="26814ba9-dc09-4e6b-9306-5529216149f7" testId="31cdd151-4b4e-8af1-a309-064dea303c76" testName="ExD2_TestWithPositiveNumber2" computerName="ZANAANUAR1564" duration="00:00:00.0002493" startTime="2016-08-14T19:17:47.1665850+08:00" endTime="2016-08-14T19:17:47.1675810+08:00" testType="13cdc9d9-ddb5-4fa4-a97d-d965ccfc6d4b" outcome="Passed" testListId="8c84fa94-04c1-424b-9868-57a2d4851a1d" relativeResultsDirectory="26814ba9-dc09-4e6b-9306-5529216149f7" />
    <UnitTestResult executionId="fce5ba47-dfde-4289-b869-7ad5c041b713" testId="5c4545c1-1c4b-68f6-8b78-e5e65fc45da5" testName="ExD3_TestRepeatedly" computerName="ZANAANUAR1564" duration="00:00:00.4430774" startTime="2016-08-14T19:17:47.1675810+08:00" endTime="2016-08-14T19:17:47.6117432+08:00" testType="13cdc9d9-ddb5-4fa4-a97d-d965ccfc6d4b" outcome="Passed" testListId="8c84fa94-04c1-424b-9868-57a2d4851a1d" relativeResultsDirectory="fce5ba47-dfde-4289-b869-7ad5c041b713">
      <Output>
        <StdOut>Debug Trace:
Guess a number (0-9): 0
Guess a number (0-9): 1
You are a Wizard!

Guess a number (0-9): 0
Guess a number (0-9): 1
Guess a number (0-9): 2
Guess a number (0-9): 3
Guess a number (0-9): 4
You are a good guess

Guess a number (0-9): 0
Guess a number (0-9): 1
Guess a number (0-9): 2
Guess a number (0-9): 3
You are a good guess

Guess a number (0-9): 0
Guess a number (0-9): 1
Guess a number (0-9): 2
Guess a number (0-9): 3
Guess a number (0-9): 4
Guess a number (0-9): 5
Guess a number (0-9): 6
Guess a number (0-9): 7
You are lousy</StdOut>
      </Output>
    </UnitTestResult>
    <UnitTestResult executionId="ff1e6dff-5b7b-4a53-9053-52b1f1517c2d" testId="41d254a0-3988-4fe8-c401-d6db7cf41541" testName="ExD4_TestSimpleNumber" computerName="ZANAANUAR1564" duration="00:00:00.0005836" startTime="2016-08-14T19:17:47.6117432+08:00" endTime="2016-08-14T19:17:47.6125810+08:00" testType="13cdc9d9-ddb5-4fa4-a97d-d965ccfc6d4b" outcome="Passed" testListId="8c84fa94-04c1-424b-9868-57a2d4851a1d" relativeResultsDirectory="ff1e6dff-5b7b-4a53-9053-52b1f1517c2d">
      <Output>
        <StdOut>Debug Trace:
Enter a number: 16
4.00000021844578</StdOut>
      </Output>
    </UnitTestResult>
    <UnitTestResult executionId="c1b2c5c6-23e8-451e-b31d-ec8ecc6a256f" testId="f786c760-8fd9-385b-4101-e13a18a86146" testName="ExD4_TestBiggerNumber" computerName="ZANAANUAR1564" duration="00:00:00.0001868" startTime="2016-08-14T19:17:47.6125810+08:00" endTime="2016-08-14T19:17:47.6125810+08:00" testType="13cdc9d9-ddb5-4fa4-a97d-d965ccfc6d4b" outcome="Passed" testListId="8c84fa94-04c1-424b-9868-57a2d4851a1d" relativeResultsDirectory="c1b2c5c6-23e8-451e-b31d-ec8ecc6a256f">
      <Output>
        <StdOut>Debug Trace:
Enter a number: 243
15.5884572681199</StdOut>
      </Output>
    </UnitTestResult>
    <UnitTestResult executionId="f540ad7a-8a2f-4655-94df-1293b4ea0db9" testId="93d33d17-2fa5-03db-e35e-54470f3d1f7b" testName="ExE1_TestSimpleNumber" computerName="ZANAANUAR1564" duration="00:00:00.0041229" startTime="2016-08-14T19:17:47.6135790+08:00" endTime="2016-08-14T19:17:47.6175793+08:00" testType="13cdc9d9-ddb5-4fa4-a97d-d965ccfc6d4b" outcome="Failed" testListId="8c84fa94-04c1-424b-9868-57a2d4851a1d" relativeResultsDirectory="f540ad7a-8a2f-4655-94df-1293b4ea0db9">
      <Output>
        <ErrorInfo>
          <Message>Assert.AreEqual failed. Expected:&lt;120&gt;. Actual:&lt;0&gt;. </Message>
          <StackTrace>   at ExercisesTest.ExE1Test.ExE1_TestSimpleNumber() in \\mac\home\Desktop\CSExercises\ExercisesTest\SectionE\ExE1Test.cs:line 12
</StackTrace>
        </ErrorInfo>
      </Output>
    </UnitTestResult>
    <UnitTestResult executionId="d1e617a3-3229-442a-8be0-61c6c1d2a02a" testId="5a209ef6-6f45-28e6-9185-5b832c31792d" testName="ExE1_TestBiggerNumber" computerName="ZANAANUAR1564" duration="00:00:00.0026440" startTime="2016-08-14T19:17:47.6175793+08:00" endTime="2016-08-14T19:17:47.6205806+08:00" testType="13cdc9d9-ddb5-4fa4-a97d-d965ccfc6d4b" outcome="Failed" testListId="8c84fa94-04c1-424b-9868-57a2d4851a1d" relativeResultsDirectory="d1e617a3-3229-442a-8be0-61c6c1d2a02a">
      <Output>
        <ErrorInfo>
          <Message>Assert.AreEqual failed. Expected:&lt;720&gt;. Actual:&lt;0&gt;. </Message>
          <StackTrace>   at ExercisesTest.ExE1Test.ExE1_TestBiggerNumber() in \\mac\home\Desktop\CSExercises\ExercisesTest\SectionE\ExE1Test.cs:line 19
</StackTrace>
        </ErrorInfo>
      </Output>
    </UnitTestResult>
    <UnitTestResult executionId="45a8f1c2-b928-4582-8cac-3e61495a47ae" testId="380d54ab-9eb4-5e4e-c1a8-b5b0e22a59a1" testName="ExE2_TestTheOnlyCase" computerName="ZANAANUAR1564" duration="00:00:00.0065892" startTime="2016-08-14T19:17:47.6215810+08:00" endTime="2016-08-14T19:17:47.6285812+08:00" testType="13cdc9d9-ddb5-4fa4-a97d-d965ccfc6d4b" outcome="Failed" testListId="8c84fa94-04c1-424b-9868-57a2d4851a1d" relativeResultsDirectory="45a8f1c2-b928-4582-8cac-3e61495a47ae">
      <Output>
        <StdOut>Debug Trace:</StdOut>
        <ErrorInfo>
          <Message>Assert.IsTrue failed. There is no output detected</Message>
          <StackTrace>   at ExercisesTest.TestHelper.AssertOutputContains(Int32 positionFromBack, String expectedOutput, Boolean log) in \\mac\home\Desktop\CSExercises\ExercisesTest\TestHelper.cs:line 65
   at ExercisesTest.ExE2Test.ExE2_TestTheOnlyCase() in \\mac\home\Desktop\CSExercises\ExercisesTest\SectionE\ExE2Test.cs:line 15
</StackTrace>
        </ErrorInfo>
      </Output>
    </UnitTestResult>
    <UnitTestResult executionId="d28398a6-a31e-459e-ab2d-ad88c2fb3844" testId="48cf3a9e-0a50-a29b-8eb0-126dcc656f66" testName="ExE3_Test241" computerName="ZANAANUAR1564" duration="00:00:00.0004279" startTime="2016-08-14T19:17:47.6285812+08:00" endTime="2016-08-14T19:17:47.6295799+08:00" testType="13cdc9d9-ddb5-4fa4-a97d-d965ccfc6d4b" outcome="Passed" testListId="8c84fa94-04c1-424b-9868-57a2d4851a1d" relativeResultsDirectory="d28398a6-a31e-459e-ab2d-ad88c2fb3844">
      <Output>
        <StdOut>Debug Trace:
Please enter an integer: 241
Not Prime</StdOut>
      </Output>
    </UnitTestResult>
    <UnitTestResult executionId="098c71c5-51c1-4a5c-9ac9-63cf1c16d074" testId="91e204a5-eff7-540d-d066-632080d4a971" testName="ExE3_Test240" computerName="ZANAANUAR1564" duration="00:00:00.0001418" startTime="2016-08-14T19:17:47.6295799+08:00" endTime="2016-08-14T19:17:47.6295799+08:00" testType="13cdc9d9-ddb5-4fa4-a97d-d965ccfc6d4b" outcome="Passed" testListId="8c84fa94-04c1-424b-9868-57a2d4851a1d" relativeResultsDirectory="098c71c5-51c1-4a5c-9ac9-63cf1c16d074">
      <Output>
        <StdOut>Debug Trace:
Please enter an integer: 240
Not Prime</StdOut>
      </Output>
    </UnitTestResult>
    <UnitTestResult executionId="815fd8f5-9871-4923-a613-8f1704c94a2f" testId="4f5a549c-a85c-793f-ddb0-ac8e48e5d0f1" testName="ExE4_Test496" computerName="ZANAANUAR1564" duration="00:00:00.0008164" startTime="2016-08-14T19:17:47.6295799+08:00" endTime="2016-08-14T19:17:47.6305793+08:00" testType="13cdc9d9-ddb5-4fa4-a97d-d965ccfc6d4b" outcome="Passed" testListId="8c84fa94-04c1-424b-9868-57a2d4851a1d" relativeResultsDirectory="815fd8f5-9871-4923-a613-8f1704c94a2f">
      <Output>
        <StdOut>Debug Trace:
Please enter an integer: 496
Not Perfect Number</StdOut>
      </Output>
    </UnitTestResult>
    <UnitTestResult executionId="81cf141d-4e44-4082-8745-ad99dce638c7" testId="1dc75fae-43cb-7e63-4009-7965bd630b1a" testName="ExE4_Test240" computerName="ZANAANUAR1564" duration="00:00:00.0002614" startTime="2016-08-14T19:17:47.6305793+08:00" endTime="2016-08-14T19:17:47.6315853+08:00" testType="13cdc9d9-ddb5-4fa4-a97d-d965ccfc6d4b" outcome="Passed" testListId="8c84fa94-04c1-424b-9868-57a2d4851a1d" relativeResultsDirectory="81cf141d-4e44-4082-8745-ad99dce638c7">
      <Output>
        <StdOut>Debug Trace:
Please enter an integer: 240
Not Perfect Number</StdOut>
      </Output>
    </UnitTestResult>
    <UnitTestResult executionId="68ece09b-80eb-4e3c-add9-f9abe4124f84" testId="442295cb-ec7e-e437-f1f2-a6c136660fa9" testName="ExE5_TestForTheOnlyTestCase" computerName="ZANAANUAR1564" duration="00:00:00.0024591" startTime="2016-08-14T19:17:47.6315853+08:00" endTime="2016-08-14T19:17:47.6345789+08:00" testType="13cdc9d9-ddb5-4fa4-a97d-d965ccfc6d4b" outcome="Failed" testListId="8c84fa94-04c1-424b-9868-57a2d4851a1d" relativeResultsDirectory="68ece09b-80eb-4e3c-add9-f9abe4124f84">
      <Output>
        <StdOut>Debug Trace:</StdOut>
        <ErrorInfo>
          <Message>Assert.IsTrue failed. There is no output detected</Message>
          <StackTrace>   at ExercisesTest.TestHelper.AssertOutputContains(Int32 positionFromBack, String expectedOutput, Boolean log) in \\mac\home\Desktop\CSExercises\ExercisesTest\TestHelper.cs:line 65
   at ExercisesTest.ExE5Test.ExE5_TestForTheOnlyTestCase() in \\mac\home\Desktop\CSExercises\ExercisesTest\SectionE\ExE5Test.cs:line 15
</StackTrace>
        </ErrorInfo>
      </Output>
    </UnitTestResult>
    <UnitTestResult executionId="b9feffb4-148c-4dd2-903b-54a831fae606" testId="d2aa1ef4-37c8-6f4f-caac-48633678d93a" testName="ExE6_TestForTheOnlyTestCase" computerName="ZANAANUAR1564" duration="00:00:00.0049908" startTime="2016-08-14T19:17:47.6345789+08:00" endTime="2016-08-14T19:17:47.6405999+08:00" testType="13cdc9d9-ddb5-4fa4-a97d-d965ccfc6d4b" outcome="Failed" testListId="8c84fa94-04c1-424b-9868-57a2d4851a1d" relativeResultsDirectory="b9feffb4-148c-4dd2-903b-54a831fae606">
      <Output>
        <StdOut>Debug Trace:</StdOut>
        <ErrorInfo>
          <Message>Assert.IsTrue failed. There is no output detected</Message>
          <StackTrace>   at ExercisesTest.TestHelper.AssertOutputContains(Int32 positionFromBack, String expectedOutput, Boolean log) in \\mac\home\Desktop\CSExercises\ExercisesTest\TestHelper.cs:line 65
   at ExercisesTest.ExE6_Test.ExE6_TestForTheOnlyTestCase() in \\mac\home\Desktop\CSExercises\ExercisesTest\SectionE\ExE6Test.cs:line 15
</StackTrace>
        </ErrorInfo>
      </Output>
    </UnitTestResult>
    <UnitTestResult executionId="0eeaf8e8-8edf-4f7e-804c-f74053078403" testId="dc006c73-b7ad-39c4-a618-0510c48419f9" testName="ExF1_TestForTheOnlyTestCase" computerName="ZANAANUAR1564" duration="00:00:00.0040502" startTime="2016-08-14T19:17:47.6405999+08:00" endTime="2016-08-14T19:17:47.6465791+08:00" testType="13cdc9d9-ddb5-4fa4-a97d-d965ccfc6d4b" outcome="Failed" testListId="8c84fa94-04c1-424b-9868-57a2d4851a1d" relativeResultsDirectory="0eeaf8e8-8edf-4f7e-804c-f74053078403">
      <Output>
        <StdOut>Debug Trace:
Enter sales for month 0: 1000
Enter sales for month 1: 2000
Enter sales for month 2: 3000
Enter sales for month 3: 4000
Enter sales for month 4: 5000
Enter sales for month 5: 6000
Enter sales for month 6: 7000
Enter sales for month 7: 8000
Enter sales for month 8: 9000
Enter sales for month 9: 10000
Enter sales for month 10: 11000
Enter sales for month 11: 12000
Maximum Sales: 0
Minimum Sales: 0
Average Sales: 0</StdOut>
        <ErrorInfo>
          <Message>Assert.IsTrue failed. Program output do not contain the expected output (6500).</Message>
          <StackTrace>   at ExercisesTest.TestHelper.AssertOutputContains(Int32 positionFromBack, String expectedOutput, Boolean log) in \\mac\home\Desktop\CSExercises\ExercisesTest\TestHelper.cs:line 67
   at ExercisesTest.ExF1Test.ExF1_TestForTheOnlyTestCase() in \\mac\home\Desktop\CSExercises\ExercisesTest\SectionF\ExF1Test.cs:line 31
</StackTrace>
        </ErrorInfo>
      </Output>
    </UnitTestResult>
    <UnitTestResult executionId="0fddd88e-d9bb-40be-91d8-3cd3fe112568" testId="5af6480c-3862-4e94-bc2c-b24cac7ca661" testName="ExF2_TestForTheOrder" computerName="ZANAANUAR1564" duration="00:00:00.0029023" startTime="2016-08-14T19:17:47.6465791+08:00" endTime="2016-08-14T19:17:47.6495836+08:00" testType="13cdc9d9-ddb5-4fa4-a97d-d965ccfc6d4b" outcome="Failed" testListId="8c84fa94-04c1-424b-9868-57a2d4851a1d" relativeResultsDirectory="0fddd88e-d9bb-40be-91d8-3cd3fe112568">
      <Output>
        <StdOut>Debug Trace:
86 35 41 49 89 51 11 71 50 75 25 58 40 14 44 3 63 81 93 79 

86 35 41 49 89 51 11 71 50 75 25 58 40 14 44 3 63 81 93 79</StdOut>
        <ErrorInfo>
          <Message>Assert.AreEqual failed. Expected:&lt;93&gt;. Actual:&lt;86&gt;. </Message>
          <StackTrace>   at ExercisesTest.ExF2Test.ExF2_TestForTheOrder() in \\mac\home\Desktop\CSExercises\ExercisesTest\SectionF\ExF2Test.cs:line 22
</StackTrace>
        </ErrorInfo>
      </Output>
    </UnitTestResult>
    <UnitTestResult executionId="68943d06-7f7f-4537-909b-19174eb592ee" testId="b02f104d-c4e9-55a3-ef13-4320e9fcd6ec" testName="ExF3_TestForSomeOfTheResult" computerName="ZANAANUAR1564" duration="00:00:00.0047917" startTime="2016-08-14T19:17:47.6515868+08:00" endTime="2016-08-14T19:17:47.6565813+08:00" testType="13cdc9d9-ddb5-4fa4-a97d-d965ccfc6d4b" outcome="Failed" testListId="8c84fa94-04c1-424b-9868-57a2d4851a1d" relativeResultsDirectory="68943d06-7f7f-4537-909b-19174eb592ee">
      <Output>
        <StdOut>Debug Trace:
Total marks for student 0: 0
Avg marks for student 0: 0
Total marks for student 1: 0
Avg marks for student 1: 0
Total marks for student 2: 0
Avg marks for student 2: 0
Total marks for student 3: 0
Avg marks for student 3: 0
Total marks for student 4: 0
Avg marks for student 4: 0
Total marks for student 5: 0
Avg marks for student 5: 0
Total marks for student 6: 0
Avg marks for student 6: 0
Total marks for student 7: 0
Avg marks for student 7: 0
Total marks for student 8: 0
Avg marks for student 8: 0
Total marks for student 9: 0
Avg marks for student 9: 0
Total marks for student 10: 0
Avg marks for student 10: 0
Total marks for student 11: 0
Avg marks for student 11: 0
Avg marks for subject 0: 0
Avg marks for subject 1: 0
Avg marks for subject 2: 0
Avg marks for subject 3: 0</StdOut>
        <ErrorInfo>
          <Message>Assert.AreEqual failed. Expected:&lt;1&gt;. Actual:&lt;0&gt;. </Message>
          <StackTrace>   at ExercisesTest.ExF3Test.ExF3_TestForSomeOfTheResult() in \\mac\home\Desktop\CSExercises\ExercisesTest\SectionF\ExF3Test.cs:line 16
</StackTrace>
        </ErrorInfo>
      </Output>
    </UnitTestResult>
    <UnitTestResult executionId="03074f66-f1d1-4af0-b5a1-6bd86d433d02" testId="f30f2658-99db-d72e-9ec4-31a9938fa387" testName="ExG1_TestWithABCDE" computerName="ZANAANUAR1564" duration="00:00:00.0057166" startTime="2016-08-14T19:17:47.6575942+08:00" endTime="2016-08-14T19:17:47.6645793+08:00" testType="13cdc9d9-ddb5-4fa4-a97d-d965ccfc6d4b" outcome="Failed" testListId="8c84fa94-04c1-424b-9868-57a2d4851a1d" relativeResultsDirectory="03074f66-f1d1-4af0-b5a1-6bd86d433d02">
      <Output>
        <StdOut>Debug Trace:
Please enter a phrase: Abcde
Total number of vowels: 0
Number of a: 0
Number of e: 0
Number of i: 0
Number of o: 0
Number of u: 0</StdOut>
        <ErrorInfo>
          <Message>Assert.AreEqual failed. Expected:&lt;1&gt;. Actual:&lt;0&gt;. </Message>
          <StackTrace>   at ExercisesTest.ExG1Test.ExG1_TestWithABCDE() in \\mac\home\Desktop\CSExercises\ExercisesTest\SectionG\ExG1Test.cs:line 17
</StackTrace>
        </ErrorInfo>
      </Output>
    </UnitTestResult>
    <UnitTestResult executionId="b4fb5f24-a124-49fe-8331-3a788c0c8988" testId="2e593488-b56a-eff0-ca82-e8d0bb44c159" testName="ExG1_TestWithRycky" computerName="ZANAANUAR1564" duration="00:00:00.0003150" startTime="2016-08-14T19:17:47.6645793+08:00" endTime="2016-08-14T19:17:47.6655813+08:00" testType="13cdc9d9-ddb5-4fa4-a97d-d965ccfc6d4b" outcome="Passed" testListId="8c84fa94-04c1-424b-9868-57a2d4851a1d" relativeResultsDirectory="b4fb5f24-a124-49fe-8331-3a788c0c8988">
      <Output>
        <StdOut>Debug Trace:
Please enter a phrase: rykcy
Total number of vowels: 0
Number of a: 0
Number of e: 0
Number of i: 0
Number of o: 0
Number of u: 0</StdOut>
      </Output>
    </UnitTestResult>
    <UnitTestResult executionId="d137cf0d-34a8-4ae8-ad52-292a706a2b1c" testId="ab2a1fc1-80f8-bc44-f298-ece577f665f6" testName="ExG1_TestWithAeiou" computerName="ZANAANUAR1564" duration="00:00:00.0028767" startTime="2016-08-14T19:17:47.6655813+08:00" endTime="2016-08-14T19:17:47.6686023+08:00" testType="13cdc9d9-ddb5-4fa4-a97d-d965ccfc6d4b" outcome="Failed" testListId="8c84fa94-04c1-424b-9868-57a2d4851a1d" relativeResultsDirectory="d137cf0d-34a8-4ae8-ad52-292a706a2b1c">
      <Output>
        <StdOut>Debug Trace:
Please enter a phrase: AEIOUaeiou
Total number of vowels: 0
Number of a: 0
Number of e: 0
Number of i: 0
Number of o: 0
Number of u: 0</StdOut>
        <ErrorInfo>
          <Message>Assert.AreEqual failed. Expected:&lt;1&gt;. Actual:&lt;0&gt;. </Message>
          <StackTrace>   at ExercisesTest.ExG1Test.ExG1_TestWithAeiou() in \\mac\home\Desktop\CSExercises\ExercisesTest\SectionG\ExG1Test.cs:line 40
</StackTrace>
        </ErrorInfo>
      </Output>
    </UnitTestResult>
    <UnitTestResult executionId="f0dbc702-49e9-450d-8230-e363baee18d8" testId="18e3e622-092f-3e19-8553-2026a160f673" testName="ExG2_TestWithMadam" computerName="ZANAANUAR1564" duration="00:00:00.0033498" startTime="2016-08-14T19:17:47.6695797+08:00" endTime="2016-08-14T19:17:47.6735892+08:00" testType="13cdc9d9-ddb5-4fa4-a97d-d965ccfc6d4b" outcome="Failed" testListId="8c84fa94-04c1-424b-9868-57a2d4851a1d" relativeResultsDirectory="f0dbc702-49e9-450d-8230-e363baee18d8">
      <Output>
        <StdOut>Debug Trace:
Please enter a phrase: madam
Not Palindrome</StdOut>
        <ErrorInfo>
          <Message>Assert.AreEqual failed. Expected:&lt;palindrome&gt;. Actual:&lt;not palindrome&gt;. Program output is different from the expected output.</Message>
          <StackTrace>   at ExercisesTest.TestHelper.AssertOutput(String expectedOutput) in \\mac\home\Desktop\CSExercises\ExercisesTest\TestHelper.cs:line 48
   at ExercisesTest.TestHelper.TestOutputEqual(Type t, String input, String output) in \\mac\home\Desktop\CSExercises\ExercisesTest\TestHelper.cs:line 97
   at ExercisesTest.ExG2_Test.ExG2_TestWithMadam() in \\mac\home\Desktop\CSExercises\ExercisesTest\SectionG\ExG2_Test.cs:line 12
</StackTrace>
        </ErrorInfo>
      </Output>
    </UnitTestResult>
    <UnitTestResult executionId="b314491b-3d46-4756-8ce2-11efc9fc8cb3" testId="ee68900a-ee9e-ddba-3df4-cb4a828e02fb" testName="ExG2_TestWithSanta" computerName="ZANAANUAR1564" duration="00:00:00.0052252" startTime="2016-08-14T19:17:47.6735892+08:00" endTime="2016-08-14T19:17:47.6795841+08:00" testType="13cdc9d9-ddb5-4fa4-a97d-d965ccfc6d4b" outcome="Failed" testListId="8c84fa94-04c1-424b-9868-57a2d4851a1d" relativeResultsDirectory="b314491b-3d46-4756-8ce2-11efc9fc8cb3">
      <Output>
        <StdOut>Debug Trace:
Please enter a phrase: A Santa at NASA
Not Palindrome</StdOut>
        <ErrorInfo>
          <Message>Assert.AreEqual failed. Expected:&lt;palindrome&gt;. Actual:&lt;not palindrome&gt;. Program output is different from the expected output.</Message>
          <StackTrace>   at ExercisesTest.TestHelper.AssertOutput(String expectedOutput) in \\mac\home\Desktop\CSExercises\ExercisesTest\TestHelper.cs:line 48
   at ExercisesTest.TestHelper.TestOutputEqual(Type t, String input, String output) in \\mac\home\Desktop\CSExercises\ExercisesTest\TestHelper.cs:line 97
   at ExercisesTest.ExG2_Test.ExG2_TestWithSanta() in \\mac\home\Desktop\CSExercises\ExercisesTest\SectionG\ExG2_Test.cs:line 18
</StackTrace>
        </ErrorInfo>
      </Output>
    </UnitTestResult>
    <UnitTestResult executionId="3fd9a1c6-acc3-4f17-af38-342f7a7379e1" testId="97c6c703-6d42-4b52-af58-5bc1820c63e6" testName="ExG2_TestWithISS" computerName="ZANAANUAR1564" duration="00:00:00.0001910" startTime="2016-08-14T19:17:47.6795841+08:00" endTime="2016-08-14T19:17:47.6795841+08:00" testType="13cdc9d9-ddb5-4fa4-a97d-d965ccfc6d4b" outcome="Passed" testListId="8c84fa94-04c1-424b-9868-57a2d4851a1d" relativeResultsDirectory="3fd9a1c6-acc3-4f17-af38-342f7a7379e1">
      <Output>
        <StdOut>Debug Trace:
Please enter a phrase: Institute of Systems Science
Not Palindrome</StdOut>
      </Output>
    </UnitTestResult>
    <UnitTestResult executionId="3fa8f6dd-690a-4381-96a9-82dfd302439b" testId="009b3f8f-dd80-521b-6dfb-99834ad4fb9f" testName="ExG3_TestWithOneWord" computerName="ZANAANUAR1564" duration="00:00:00.0025951" startTime="2016-08-14T19:17:47.6795841+08:00" endTime="2016-08-14T19:17:47.6825864+08:00" testType="13cdc9d9-ddb5-4fa4-a97d-d965ccfc6d4b" outcome="Failed" testListId="8c84fa94-04c1-424b-9868-57a2d4851a1d" relativeResultsDirectory="3fa8f6dd-690a-4381-96a9-82dfd302439b">
      <Output>
        <StdOut>Debug Trace:
Please enter a phrase:    ball</StdOut>
        <ErrorInfo>
          <Message>Assert.IsTrue failed. Program output do not contain the expected output (   Ball).</Message>
          <StackTrace>   at ExercisesTest.TestHelper.AssertOutputContains(String expectedOutput) in \\mac\home\Desktop\CSExercises\ExercisesTest\TestHelper.cs:line 56
   at ExercisesTest.TestHelper.TestOutputContains(Type t, String input, String output) in \\mac\home\Desktop\CSExercises\ExercisesTest\TestHelper.cs:line 115
   at ExercisesTest.ExG3Test.ExG3_TestWithOneWord() in \\mac\home\Desktop\CSExercises\ExercisesTest\SectionG\ExG3Test.cs:line 13
</StackTrace>
        </ErrorInfo>
      </Output>
    </UnitTestResult>
    <UnitTestResult executionId="e7d9c12c-cbdb-4527-bda6-c85198c46ff9" testId="ec776b73-93db-33b0-d71f-976483ca31f6" testName="ExG3_TestWithISS" computerName="ZANAANUAR1564" duration="00:00:00.0024996" startTime="2016-08-14T19:17:47.6825864+08:00" endTime="2016-08-14T19:17:47.6855793+08:00" testType="13cdc9d9-ddb5-4fa4-a97d-d965ccfc6d4b" outcome="Failed" testListId="8c84fa94-04c1-424b-9868-57a2d4851a1d" relativeResultsDirectory="e7d9c12c-cbdb-4527-bda6-c85198c46ff9">
      <Output>
        <StdOut>Debug Trace:
Please enter a phrase: institute Of systems science</StdOut>
        <ErrorInfo>
          <Message>Assert.IsTrue failed. Program output do not contain the expected output (Institute of Systems Science).</Message>
          <StackTrace>   at ExercisesTest.TestHelper.AssertOutputContains(String expectedOutput) in \\mac\home\Desktop\CSExercises\ExercisesTest\TestHelper.cs:line 56
   at ExercisesTest.TestHelper.TestOutputContains(Type t, String input, String output) in \\mac\home\Desktop\CSExercises\ExercisesTest\TestHelper.cs:line 115
   at ExercisesTest.ExG3Test.ExG3_TestWithISS() in \\mac\home\Desktop\CSExercises\ExercisesTest\SectionG\ExG3Test.cs:line 19
</StackTrace>
        </ErrorInfo>
      </Output>
    </UnitTestResult>
    <UnitTestResult executionId="c8d3490c-24a8-4152-8726-3051628bdffb" testId="e986587e-732a-eb08-f5bc-4cd7a66af95d" testName="ExG4_TestOrder" computerName="ZANAANUAR1564" duration="00:00:00.0029412" startTime="2016-08-14T19:17:47.6865790+08:00" endTime="2016-08-14T19:17:47.6895787+08:00" testType="13cdc9d9-ddb5-4fa4-a97d-d965ccfc6d4b" outcome="Failed" testListId="8c84fa94-04c1-424b-9868-57a2d4851a1d" relativeResultsDirectory="c8d3490c-24a8-4152-8726-3051628bdffb">
      <Output>
        <StdOut>Debug Trace:</StdOut>
        <ErrorInfo>
          <Message>Assert.IsTrue failed. There is no output detected</Message>
          <StackTrace>   at ExercisesTest.TestHelper.AssertOutputContains(Int32 positionFromBack, String expectedOutput, Boolean log) in \\mac\home\Desktop\CSExercises\ExercisesTest\TestHelper.cs:line 65
   at ExercisesTest.ExG4Test.ExG4_TestOrder() in \\mac\home\Desktop\CSExercises\ExercisesTest\SectionG\ExG4Test.cs:line 15
</StackTrace>
        </ErrorInfo>
      </Output>
    </UnitTestResult>
    <UnitTestResult executionId="a84cee8f-bee9-426d-b8c3-d9a7914f43b0" testId="a4ae2f7a-bc59-f21f-0330-4520bbb34ec8" testName="ExH1_TestOneChar" computerName="ZANAANUAR1564" duration="00:00:00.0095865" startTime="2016-08-14T19:17:47.6895787+08:00" endTime="2016-08-14T19:17:47.7005789+08:00" testType="13cdc9d9-ddb5-4fa4-a97d-d965ccfc6d4b" outcome="Failed" testListId="8c84fa94-04c1-424b-9868-57a2d4851a1d" relativeResultsDirectory="a84cee8f-bee9-426d-b8c3-d9a7914f43b0">
      <Output>
        <StdOut>Debug Trace:
The brown fox, o</StdOut>
        <ErrorInfo>
          <Message>Assert.IsTrue failed. </Message>
          <StackTrace>   at ExercisesTest.ExH1Test.ExH1_TestOneChar() in \\mac\home\Desktop\CSExercises\ExercisesTest\SectionH\ExH1Test.cs:line 15
</StackTrace>
        </ErrorInfo>
      </Output>
    </UnitTestResult>
    <UnitTestResult executionId="9cbf6a8f-b750-41ea-9640-b2b3dde8a5a2" testId="c1d8227b-f44f-4db1-97da-6595d5433cbe" testName="ExH1_TestPositive1" computerName="ZANAANUAR1564" duration="00:00:00.0023412" startTime="2016-08-14T19:17:47.7005789+08:00" endTime="2016-08-14T19:17:47.7025795+08:00" testType="13cdc9d9-ddb5-4fa4-a97d-d965ccfc6d4b" outcome="Failed" testListId="8c84fa94-04c1-424b-9868-57a2d4851a1d" relativeResultsDirectory="9cbf6a8f-b750-41ea-9640-b2b3dde8a5a2">
      <Output>
        <StdOut>Debug Trace:
The brown fox, FOX</StdOut>
        <ErrorInfo>
          <Message>Assert.IsTrue failed. </Message>
          <StackTrace>   at ExercisesTest.ExH1Test.ExH1_TestPositive1() in \\mac\home\Desktop\CSExercises\ExercisesTest\SectionH\ExH1Test.cs:line 23
</StackTrace>
        </ErrorInfo>
      </Output>
    </UnitTestResult>
    <UnitTestResult executionId="d3832e3a-7637-4123-be8a-35ac8d4b3c9b" testId="baf4c8f9-72bd-e9a1-3899-5f643a41cbac" testName="ExH1_TestPositive2" computerName="ZANAANUAR1564" duration="00:00:00.0019557" startTime="2016-08-14T19:17:47.7035795+08:00" endTime="2016-08-14T19:17:47.7055800+08:00" testType="13cdc9d9-ddb5-4fa4-a97d-d965ccfc6d4b" outcome="Failed" testListId="8c84fa94-04c1-424b-9868-57a2d4851a1d" relativeResultsDirectory="d3832e3a-7637-4123-be8a-35ac8d4b3c9b">
      <Output>
        <StdOut>Debug Trace:
The brown fox, bRO</StdOut>
        <ErrorInfo>
          <Message>Assert.IsTrue failed. </Message>
          <StackTrace>   at ExercisesTest.ExH1Test.ExH1_TestPositive2() in \\mac\home\Desktop\CSExercises\ExercisesTest\SectionH\ExH1Test.cs:line 31
</StackTrace>
        </ErrorInfo>
      </Output>
    </UnitTestResult>
    <UnitTestResult executionId="5b8e484c-32c1-4a02-bf02-be7fdfad6b0c" testId="1df2cd5e-05cd-0340-279c-bf437d1b1fa6" testName="ExH1_TestNegative1" computerName="ZANAANUAR1564" duration="00:00:00.0006881" startTime="2016-08-14T19:17:47.7055800+08:00" endTime="2016-08-14T19:17:47.7075809+08:00" testType="13cdc9d9-ddb5-4fa4-a97d-d965ccfc6d4b" outcome="Passed" testListId="8c84fa94-04c1-424b-9868-57a2d4851a1d" relativeResultsDirectory="5b8e484c-32c1-4a02-bf02-be7fdfad6b0c">
      <Output>
        <StdOut>Debug Trace:
T, FOX</StdOut>
      </Output>
    </UnitTestResult>
    <UnitTestResult executionId="0857f158-b19a-41a3-b24b-7d8c318ebf58" testId="af9c61a0-f313-c3c8-1027-5c796a206b57" testName="ExH1_TestNegative2" computerName="ZANAANUAR1564" duration="00:00:00.0011983" startTime="2016-08-14T19:17:47.7075809+08:00" endTime="2016-08-14T19:17:47.7095935+08:00" testType="13cdc9d9-ddb5-4fa4-a97d-d965ccfc6d4b" outcome="Passed" testListId="8c84fa94-04c1-424b-9868-57a2d4851a1d" relativeResultsDirectory="0857f158-b19a-41a3-b24b-7d8c318ebf58">
      <Output>
        <StdOut>Debug Trace:
The bras basah complex, bRO</StdOut>
      </Output>
    </UnitTestResult>
    <UnitTestResult executionId="fff249b7-7816-4a24-b61b-ee74bc5fc029" testId="3d7d1584-1c63-ac50-bc50-de50031518c4" testName="ExH2_TestOneChar" computerName="ZANAANUAR1564" duration="00:00:00.0037016" startTime="2016-08-14T19:17:47.7105903+08:00" endTime="2016-08-14T19:17:47.7145888+08:00" testType="13cdc9d9-ddb5-4fa4-a97d-d965ccfc6d4b" outcome="Failed" testListId="8c84fa94-04c1-424b-9868-57a2d4851a1d" relativeResultsDirectory="fff249b7-7816-4a24-b61b-ee74bc5fc029">
      <Output>
        <StdOut>Debug Trace:
The brown fox, o =&gt; should return 6</StdOut>
        <ErrorInfo>
          <Message>Assert.AreEqual failed. Expected:&lt;6&gt;. Actual:&lt;0&gt;. </Message>
          <StackTrace>   at ExercisesTest.ExH2Test.ExH2_TestOneChar() in \\mac\home\Desktop\CSExercises\ExercisesTest\SectionH\ExH2Test.cs:line 15
</StackTrace>
        </ErrorInfo>
      </Output>
    </UnitTestResult>
    <UnitTestResult executionId="8cc20de3-91a1-4299-8d5f-d67d6af1abc8" testId="0edd46c6-0864-a084-7845-f3ab5a58d5e8" testName="ExH2_TestPositive1" computerName="ZANAANUAR1564" duration="00:00:00.0017621" startTime="2016-08-14T19:17:47.7145888+08:00" endTime="2016-08-14T19:17:47.7175800+08:00" testType="13cdc9d9-ddb5-4fa4-a97d-d965ccfc6d4b" outcome="Failed" testListId="8c84fa94-04c1-424b-9868-57a2d4851a1d" relativeResultsDirectory="8cc20de3-91a1-4299-8d5f-d67d6af1abc8">
      <Output>
        <StdOut>Debug Trace:
The brown fox, FOX =&gt; should return 10</StdOut>
        <ErrorInfo>
          <Message>Assert.AreEqual failed. Expected:&lt;10&gt;. Actual:&lt;0&gt;. </Message>
          <StackTrace>   at ExercisesTest.ExH2Test.ExH2_TestPositive1() in \\mac\home\Desktop\CSExercises\ExercisesTest\SectionH\ExH2Test.cs:line 23
</StackTrace>
        </ErrorInfo>
      </Output>
    </UnitTestResult>
    <UnitTestResult executionId="d808ecc2-877d-486f-9254-b75c358ec7e6" testId="cbb366c6-732e-4def-9a11-8dd886c0022f" testName="ExH2_TestPositive2" computerName="ZANAANUAR1564" duration="00:00:00.0031314" startTime="2016-08-14T19:17:47.7175800+08:00" endTime="2016-08-14T19:17:47.7215797+08:00" testType="13cdc9d9-ddb5-4fa4-a97d-d965ccfc6d4b" outcome="Failed" testListId="8c84fa94-04c1-424b-9868-57a2d4851a1d" relativeResultsDirectory="d808ecc2-877d-486f-9254-b75c358ec7e6">
      <Output>
        <StdOut>Debug Trace:
The brown fox, bRO =&gt; should return 4</StdOut>
        <ErrorInfo>
          <Message>Assert.AreEqual failed. Expected:&lt;4&gt;. Actual:&lt;0&gt;. </Message>
          <StackTrace>   at ExercisesTest.ExH2Test.ExH2_TestPositive2() in \\mac\home\Desktop\CSExercises\ExercisesTest\SectionH\ExH2Test.cs:line 31
</StackTrace>
        </ErrorInfo>
      </Output>
    </UnitTestResult>
    <UnitTestResult executionId="88870f03-6965-4a9a-a9b1-aeceabd3f966" testId="1ca2fccd-4727-4051-5830-7ec18c4d7263" testName="ExH2_TestNegative1" computerName="ZANAANUAR1564" duration="00:00:00.0028867" startTime="2016-08-14T19:17:47.7215797+08:00" endTime="2016-08-14T19:17:47.7245810+08:00" testType="13cdc9d9-ddb5-4fa4-a97d-d965ccfc6d4b" outcome="Failed" testListId="8c84fa94-04c1-424b-9868-57a2d4851a1d" relativeResultsDirectory="88870f03-6965-4a9a-a9b1-aeceabd3f966">
      <Output>
        <StdOut>Debug Trace:
T, FOX =&gt; should return -1</StdOut>
        <ErrorInfo>
          <Message>Assert.AreEqual failed. Expected:&lt;-1&gt;. Actual:&lt;0&gt;. </Message>
          <StackTrace>   at ExercisesTest.ExH2Test.ExH2_TestNegative1() in \\mac\home\Desktop\CSExercises\ExercisesTest\SectionH\ExH2Test.cs:line 39
</StackTrace>
        </ErrorInfo>
      </Output>
    </UnitTestResult>
    <UnitTestResult executionId="c8d51ae2-8db5-4472-9378-8c061d6a0950" testId="4744dcc3-4bcc-ce0e-885e-9c28396a533f" testName="ExH2_TestNegative2" computerName="ZANAANUAR1564" duration="00:00:00.0104017" startTime="2016-08-14T19:17:47.7245810+08:00" endTime="2016-08-14T19:17:47.7355800+08:00" testType="13cdc9d9-ddb5-4fa4-a97d-d965ccfc6d4b" outcome="Failed" testListId="8c84fa94-04c1-424b-9868-57a2d4851a1d" relativeResultsDirectory="c8d51ae2-8db5-4472-9378-8c061d6a0950">
      <Output>
        <StdOut>Debug Trace:
The bras basah complex, bRO =&gt; should return -1</StdOut>
        <ErrorInfo>
          <Message>Assert.AreEqual failed. Expected:&lt;-1&gt;. Actual:&lt;0&gt;. </Message>
          <StackTrace>   at ExercisesTest.ExH2Test.ExH2_TestNegative2() in \\mac\home\Desktop\CSExercises\ExercisesTest\SectionH\ExH2Test.cs:line 47
</StackTrace>
        </ErrorInfo>
      </Output>
    </UnitTestResult>
    <UnitTestResult executionId="a3d08319-08e8-4a6b-b41b-17ba589d5488" testId="8082022e-9ba0-4329-7312-ea4cd2cb3ab8" testName="ExH3_TestOneToOneHundred" computerName="ZANAANUAR1564" duration="00:00:00.0032770" startTime="2016-08-14T19:17:47.7355800+08:00" endTime="2016-08-14T19:17:47.7395817+08:00" testType="13cdc9d9-ddb5-4fa4-a97d-d965ccfc6d4b" outcome="Failed" testListId="8c84fa94-04c1-424b-9868-57a2d4851a1d" relativeResultsDirectory="a3d08319-08e8-4a6b-b41b-17ba589d5488">
      <Output>
        <StdOut>Debug Trace:
Hex of 1 should be 1</StdOut>
        <ErrorInfo>
          <Message>Assert.AreEqual failed. Expected:&lt;1&gt;. Actual:&lt;(null)&gt;. </Message>
          <StackTrace>   at ExercisesTest.ExH3Test.ExH3_TestOneToOneHundred() in \\mac\home\Desktop\CSExercises\ExercisesTest\SectionH\ExH3Test.cs:line 19
</StackTrace>
        </ErrorInfo>
      </Output>
    </UnitTestResult>
    <UnitTestResult executionId="8ad87523-a976-4a17-8e04-33df9eb7de0e" testId="d4549c3c-9899-20a6-9260-01b385ff068d" testName="ExH4_TestNoSubstitution" computerName="ZANAANUAR1564" duration="00:00:00.0064433" startTime="2016-08-14T19:17:47.7415883+08:00" endTime="2016-08-14T19:17:47.7485793+08:00" testType="13cdc9d9-ddb5-4fa4-a97d-d965ccfc6d4b" outcome="Failed" testListId="8c84fa94-04c1-424b-9868-57a2d4851a1d" relativeResultsDirectory="8ad87523-a976-4a17-8e04-33df9eb7de0e">
      <Output>
        <StdOut>Debug Trace:
Bad dog, e, o =&gt; Bad dog</StdOut>
        <ErrorInfo>
          <Message>Assert.AreEqual failed. Expected:&lt;Bad dog&gt;. Actual:&lt;(null)&gt;. </Message>
          <StackTrace>   at ExercisesTest.ExH4Test.ExH4_TestNoSubstitution() in \\mac\home\Desktop\CSExercises\ExercisesTest\SectionH\ExH4Test.cs:line 14
</StackTrace>
        </ErrorInfo>
      </Output>
    </UnitTestResult>
    <UnitTestResult executionId="65cefc2e-c10c-4876-83ab-1dd4fe76c5c0" testId="baa9a9c2-82c6-dfe0-e3fa-3cd1e3e7ccba" testName="ExH4_TestMultipleSubstitution" computerName="ZANAANUAR1564" duration="00:00:00.0015213" startTime="2016-08-14T19:17:47.7485793+08:00" endTime="2016-08-14T19:17:47.7506451+08:00" testType="13cdc9d9-ddb5-4fa4-a97d-d965ccfc6d4b" outcome="Failed" testListId="8c84fa94-04c1-424b-9868-57a2d4851a1d" relativeResultsDirectory="65cefc2e-c10c-4876-83ab-1dd4fe76c5c0">
      <Output>
        <StdOut>Debug Trace:
Bad dog, d, f =&gt; Baf fog</StdOut>
        <ErrorInfo>
          <Message>Assert.AreEqual failed. Expected:&lt;Baf fog&gt;. Actual:&lt;(null)&gt;. </Message>
          <StackTrace>   at ExercisesTest.ExH4Test.ExH4_TestMultipleSubstitution() in \\mac\home\Desktop\CSExercises\ExercisesTest\SectionH\ExH4Test.cs:line 21
</StackTrace>
        </ErrorInfo>
      </Output>
    </UnitTestResult>
    <UnitTestResult executionId="74bb7f26-5ff7-444f-b80a-2644f3ca8ccf" testId="b5297abf-74a9-3001-95eb-a1a261572d42" testName="ExI1_Test195" computerName="ZANAANUAR1564" duration="00:00:00.0023121" startTime="2016-08-14T19:17:47.7506451+08:00" endTime="2016-08-14T19:17:47.7535802+08:00" testType="13cdc9d9-ddb5-4fa4-a97d-d965ccfc6d4b" outcome="Failed" testListId="8c84fa94-04c1-424b-9868-57a2d4851a1d" relativeResultsDirectory="74bb7f26-5ff7-444f-b80a-2644f3ca8ccf">
      <Output>
        <StdOut>Debug Trace:
Enter the amount: 1.95</StdOut>
        <ErrorInfo>
          <Message>Assert.IsTrue failed. Program output do not contain the expected output (5c).</Message>
          <StackTrace>   at ExercisesTest.TestHelper.AssertOutputContains(Int32 positionFromBack, String expectedOutput, Boolean log) in \\mac\home\Desktop\CSExercises\ExercisesTest\TestHelper.cs:line 67
   at ExercisesTest.ExI1Test.ExI1_Test195() in \\mac\home\Desktop\CSExercises\ExercisesTest\SectionI\ExI1Test.cs:line 16
</StackTrace>
        </ErrorInfo>
      </Output>
    </UnitTestResult>
    <UnitTestResult executionId="b8527b23-3e61-4747-8980-5b625edb2756" testId="26ff1520-2742-f4bc-a1c3-8e5cdfc6dc23" testName="Ex45_Test105" computerName="ZANAANUAR1564" duration="00:00:00.0017456" startTime="2016-08-14T19:17:47.7535802+08:00" endTime="2016-08-14T19:17:47.7555826+08:00" testType="13cdc9d9-ddb5-4fa4-a97d-d965ccfc6d4b" outcome="Failed" testListId="8c84fa94-04c1-424b-9868-57a2d4851a1d" relativeResultsDirectory="b8527b23-3e61-4747-8980-5b625edb2756">
      <Output>
        <StdOut>Debug Trace:
Enter the amount: 1.05</StdOut>
        <ErrorInfo>
          <Message>Assert.IsTrue failed. Program output do not contain the expected output (5c).</Message>
          <StackTrace>   at ExercisesTest.TestHelper.AssertOutputContains(Int32 positionFromBack, String expectedOutput, Boolean log) in \\mac\home\Desktop\CSExercises\ExercisesTest\TestHelper.cs:line 67
   at ExercisesTest.ExI1Test.Ex45_Test105() in \\mac\home\Desktop\CSExercises\ExercisesTest\SectionI\ExI1Test.cs:line 29
</StackTrace>
        </ErrorInfo>
      </Output>
    </UnitTestResult>
    <UnitTestResult executionId="c0342b22-2606-4a23-bc95-4ea434f0e639" testId="703d9bbb-ee8a-2635-69c5-fc611c620eee" testName="ExI2_TestRandomMaybeAlotOfFalseResult" computerName="ZANAANUAR1564" duration="00:00:00.0065602" startTime="2016-08-14T19:17:47.7555826+08:00" endTime="2016-08-14T19:17:47.7645910+08:00" testType="13cdc9d9-ddb5-4fa4-a97d-d965ccfc6d4b" outcome="Failed" testListId="8c84fa94-04c1-424b-9868-57a2d4851a1d" relativeResultsDirectory="c0342b22-2606-4a23-bc95-4ea434f0e639">
      <Output>
        <StdOut>Debug Trace:</StdOut>
        <ErrorInfo>
          <Message>Assert.IsTrue failed. No output detected</Message>
          <StackTrace>   at ExercisesTest.ExI2Test.ExI2_TestRandomMaybeAlotOfFalseResult() in \\mac\home\Desktop\CSExercises\ExercisesTest\SectionI\Ex46_Test.cs:line 20
</StackTrace>
        </ErrorInfo>
      </Output>
    </UnitTestResult>
    <UnitTestResult executionId="4f07d974-fd04-44fd-a4b5-ab8e61009a05" testId="3e520c80-0f62-a07e-65c9-318f860f601b" testName="ExA3_SquareOf0" computerName="ZANAANUAR1564" duration="00:00:00.0003318" startTime="2016-08-14T19:17:47.7645910+08:00" endTime="2016-08-14T19:17:47.7655799+08:00" testType="13cdc9d9-ddb5-4fa4-a97d-d965ccfc6d4b" outcome="Passed" testListId="8c84fa94-04c1-424b-9868-57a2d4851a1d" relativeResultsDirectory="4f07d974-fd04-44fd-a4b5-ab8e61009a05" />
    <UnitTestResult executionId="ff5d3692-df7c-4820-adaf-a693c0832d96" testId="9335201e-0849-2837-cc1d-4fb4bfd54e5d" testName="ExA3_SquareOf10" computerName="ZANAANUAR1564" duration="00:00:00.0024525" startTime="2016-08-14T19:17:47.7655799+08:00" endTime="2016-08-14T19:17:47.7695792+08:00" testType="13cdc9d9-ddb5-4fa4-a97d-d965ccfc6d4b" outcome="Failed" testListId="8c84fa94-04c1-424b-9868-57a2d4851a1d" relativeResultsDirectory="ff5d3692-df7c-4820-adaf-a693c0832d96">
      <Output>
        <ErrorInfo>
          <Message>Assert.AreEqual failed. Expected:&lt;100&gt;. Actual:&lt;0&gt;. Square of 10 should be 100</Message>
          <StackTrace>   at ExercisesTest.ExA3Test.ExA3_SquareOf10() in \\mac\home\Desktop\CSExercises\ExercisesTest\SectionA\ExA3Test.cs:line 21
</StackTrace>
        </ErrorInfo>
      </Output>
    </UnitTestResult>
    <UnitTestResult executionId="f02b85bc-f8fa-4f94-b70c-0d7906cfb895" testId="2f4488dd-19dd-82ed-e8ad-8944a67ad6c6" testName="ExA3_SquareOfMin10" computerName="ZANAANUAR1564" duration="00:00:00.0026160" startTime="2016-08-14T19:17:47.7695792+08:00" endTime="2016-08-14T19:17:47.7725796+08:00" testType="13cdc9d9-ddb5-4fa4-a97d-d965ccfc6d4b" outcome="Failed" testListId="8c84fa94-04c1-424b-9868-57a2d4851a1d" relativeResultsDirectory="f02b85bc-f8fa-4f94-b70c-0d7906cfb895">
      <Output>
        <ErrorInfo>
          <Message>Assert.AreEqual failed. Expected:&lt;100&gt;. Actual:&lt;0&gt;. Square of -10 should be 100</Message>
          <StackTrace>   at ExercisesTest.ExA3Test.ExA3_SquareOfMin10() in \\mac\home\Desktop\CSExercises\ExercisesTest\SectionA\ExA3Test.cs:line 28
</StackTrace>
        </ErrorInfo>
      </Output>
    </UnitTestResult>
  </Results>
  <TestDefinitions>
    <UnitTest name="ExA2_TestWithAName" storage="y:\desktop\csexercises\exercisestest\bin\debug\exercisestest.dll" id="8d13645f-ace3-ee52-0b1f-b75f216a1c8a">
      <Execution id="a6a556c0-9672-4b62-a761-14198e931f1b" />
      <TestMethod codeBase="Y:\Desktop\CSExercises\ExercisesTest\bin\Debug\ExercisesTest.dll" adapterTypeName="Microsoft.VisualStudio.TestTools.TestTypes.Unit.UnitTestAdapter" className="ExercisesTest.ExA2Test" name="ExA2_TestWithAName" />
    </UnitTest>
    <UnitTest name="ExC3_TestWithZero" storage="y:\desktop\csexercises\exercisestest\bin\debug\exercisestest.dll" id="e3d43c25-4879-9987-1b05-886dcab007db">
      <Execution id="b8409cc3-74b7-4e6c-b5f5-505b3b48f5f8" />
      <TestMethod codeBase="Y:\Desktop\CSExercises\ExercisesTest\bin\Debug\ExercisesTest.dll" adapterTypeName="Microsoft.VisualStudio.TestTools.TestTypes.Unit.UnitTestAdapter" className="ExercisesTest.ExC3Test" name="ExC3_TestWithZero" />
    </UnitTest>
    <UnitTest name="ExC3_TestForA" storage="y:\desktop\csexercises\exercisestest\bin\debug\exercisestest.dll" id="97c4b883-ea03-6670-c7d7-8a5271d03002">
      <Execution id="4ec5a58a-0ef3-4e8a-b699-2ac70989ed49" />
      <TestMethod codeBase="Y:\Desktop\CSExercises\ExercisesTest\bin\Debug\ExercisesTest.dll" adapterTypeName="Microsoft.VisualStudio.TestTools.TestTypes.Unit.UnitTestAdapter" className="ExercisesTest.ExC3Test" name="ExC3_TestForA" />
    </UnitTest>
    <UnitTest name="ExC3_TestForB" storage="y:\desktop\csexercises\exercisestest\bin\debug\exercisestest.dll" id="057093fc-37d3-acb2-7e8c-260165b052fe">
      <Execution id="21608264-c103-4b46-ac8b-b1edf18c12cb" />
      <TestMethod codeBase="Y:\Desktop\CSExercises\ExercisesTest\bin\Debug\ExercisesTest.dll" adapterTypeName="Microsoft.VisualStudio.TestTools.TestTypes.Unit.UnitTestAdapter" className="ExercisesTest.ExC3Test" name="ExC3_TestForB" />
    </UnitTest>
    <UnitTest name="ExC3_TestForC" storage="y:\desktop\csexercises\exercisestest\bin\debug\exercisestest.dll" id="9f43dc8a-28c1-8a57-a21b-12b5d329c479">
      <Execution id="0bc6777f-a5ed-48fa-a8da-9d6f6813c78f" />
      <TestMethod codeBase="Y:\Desktop\CSExercises\ExercisesTest\bin\Debug\ExercisesTest.dll" adapterTypeName="Microsoft.VisualStudio.TestTools.TestTypes.Unit.UnitTestAdapter" className="ExercisesTest.ExC3Test" name="ExC3_TestForC" />
    </UnitTest>
    <UnitTest name="ExC3_TestWithNegative" storage="y:\desktop\csexercises\exercisestest\bin\debug\exercisestest.dll" id="e77da0c1-e064-d298-63e2-55fde252db14">
      <Execution id="56a17a13-f56f-45a3-96cd-edf44f8fe3bc" />
      <TestMethod codeBase="Y:\Desktop\CSExercises\ExercisesTest\bin\Debug\ExercisesTest.dll" adapterTypeName="Microsoft.VisualStudio.TestTools.TestTypes.Unit.UnitTestAdapter" className="ExercisesTest.ExC3Test" name="ExC3_TestWithNegative" />
    </UnitTest>
    <UnitTest name="ExC3_TestWithLargeNumber" storage="y:\desktop\csexercises\exercisestest\bin\debug\exercisestest.dll" id="736ce668-007a-8538-cb57-b0aa4f59c7ed">
      <Execution id="9927dcd4-d53d-4977-b579-88a7f3db7c18" />
      <TestMethod codeBase="Y:\Desktop\CSExercises\ExercisesTest\bin\Debug\ExercisesTest.dll" adapterTypeName="Microsoft.VisualStudio.TestTools.TestTypes.Unit.UnitTestAdapter" className="ExercisesTest.ExC3Test" name="ExC3_TestWithLargeNumber" />
    </UnitTest>
    <UnitTest name="ExB5_TestWithZero" storage="y:\desktop\csexercises\exercisestest\bin\debug\exercisestest.dll" id="159ba622-1904-2602-2526-72a12ffa196f">
      <Execution id="0362c587-6e9d-4982-922d-c1f2d404d5df" />
      <TestMethod codeBase="Y:\Desktop\CSExercises\ExercisesTest\bin\Debug\ExercisesTest.dll" adapterTypeName="Microsoft.VisualStudio.TestTools.TestTypes.Unit.UnitTestAdapter" className="ExercisesTest.ExB5Test" name="ExB5_TestWithZero" />
    </UnitTest>
    <UnitTest name="ExB5_TestWithRandomPositiveNumber" storage="y:\desktop\csexercises\exercisestest\bin\debug\exercisestest.dll" id="4ce714ee-0184-d714-c26f-c0f025b421a2">
      <Execution id="e04cbfc0-c357-45bf-b82a-463853315376" />
      <TestMethod codeBase="Y:\Desktop\CSExercises\ExercisesTest\bin\Debug\ExercisesTest.dll" adapterTypeName="Microsoft.VisualStudio.TestTools.TestTypes.Unit.UnitTestAdapter" className="ExercisesTest.ExB5Test" name="ExB5_TestWithRandomPositiveNumber" />
    </UnitTest>
    <UnitTest name="ExB5_TestWithRandomNegativeNumber" storage="y:\desktop\csexercises\exercisestest\bin\debug\exercisestest.dll" id="56a6c058-ff64-0a54-1bb8-aba4833eba62">
      <Execution id="b02e60b6-d645-41db-bab0-0f53126aa0a6" />
      <TestMethod codeBase="Y:\Desktop\CSExercises\ExercisesTest\bin\Debug\ExercisesTest.dll" adapterTypeName="Microsoft.VisualStudio.TestTools.TestTypes.Unit.UnitTestAdapter" className="ExercisesTest.ExB5Test" name="ExB5_TestWithRandomNegativeNumber" />
    </UnitTest>
    <UnitTest name="ExB4_TestWithZero" storage="y:\desktop\csexercises\exercisestest\bin\debug\exercisestest.dll" id="521f27a5-8565-5e7d-7db9-96f0742480e4">
      <Execution id="e942914b-1ffb-4f5d-a5c0-feedc85c6b19" />
      <TestMethod codeBase="Y:\Desktop\CSExercises\ExercisesTest\bin\Debug\ExercisesTest.dll" adapterTypeName="Microsoft.VisualStudio.TestTools.TestTypes.Unit.UnitTestAdapter" className="ExercisesTest.ExB4Test" name="ExB4_TestWithZero" />
    </UnitTest>
    <UnitTest name="ExB4_TestWithRandomPositiveNumber" storage="y:\desktop\csexercises\exercisestest\bin\debug\exercisestest.dll" id="d3c73420-c493-2580-26b5-713efb8af071">
      <Execution id="d9d3d1bd-d241-4c9d-af27-85016cc9d233" />
      <TestMethod codeBase="Y:\Desktop\CSExercises\ExercisesTest\bin\Debug\ExercisesTest.dll" adapterTypeName="Microsoft.VisualStudio.TestTools.TestTypes.Unit.UnitTestAdapter" className="ExercisesTest.ExB4Test" name="ExB4_TestWithRandomPositiveNumber" />
    </UnitTest>
    <UnitTest name="ExB4_TestWithRandomNegativeNumber" storage="y:\desktop\csexercises\exercisestest\bin\debug\exercisestest.dll" id="07543d53-3299-9504-fc22-6f3224244293">
      <Execution id="e9d3be57-8726-4e0d-806e-e95dc8552d8d" />
      <TestMethod codeBase="Y:\Desktop\CSExercises\ExercisesTest\bin\Debug\ExercisesTest.dll" adapterTypeName="Microsoft.VisualStudio.TestTools.TestTypes.Unit.UnitTestAdapter" className="ExercisesTest.ExB4Test" name="ExB4_TestWithRandomNegativeNumber" />
    </UnitTest>
    <UnitTest name="ExB3_TestWithZero" storage="y:\desktop\csexercises\exercisestest\bin\debug\exercisestest.dll" id="547d9154-166e-a709-4ab7-dbf01b9db8a0">
      <Execution id="96093fd1-3a40-4edf-94a8-97fb1b51d893" />
      <TestMethod codeBase="Y:\Desktop\CSExercises\ExercisesTest\bin\Debug\ExercisesTest.dll" adapterTypeName="Microsoft.VisualStudio.TestTools.TestTypes.Unit.UnitTestAdapter" className="ExercisesTest.ExB3Test" name="ExB3_TestWithZero" />
    </UnitTest>
    <UnitTest name="ExB3_TestWithRandomNumber" storage="y:\desktop\csexercises\exercisestest\bin\debug\exercisestest.dll" id="ff06b2a1-aac2-2828-23bf-4e83c2715f17">
      <Execution id="b7356385-280f-40f0-adb2-d178cc426a11" />
      <TestMethod codeBase="Y:\Desktop\CSExercises\ExercisesTest\bin\Debug\ExercisesTest.dll" adapterTypeName="Microsoft.VisualStudio.TestTools.TestTypes.Unit.UnitTestAdapter" className="ExercisesTest.ExB3Test" name="ExB3_TestWithRandomNumber" />
    </UnitTest>
    <UnitTest name="ExB2_TestWithZero" storage="y:\desktop\csexercises\exercisestest\bin\debug\exercisestest.dll" id="dd7a1cf7-7671-a70a-aef5-f365aedd4d0e">
      <Execution id="183f91cf-1967-41bf-9c54-534964788217" />
      <TestMethod codeBase="Y:\Desktop\CSExercises\ExercisesTest\bin\Debug\ExercisesTest.dll" adapterTypeName="Microsoft.VisualStudio.TestTools.TestTypes.Unit.UnitTestAdapter" className="ExercisesTest.ExB2Test" name="ExB2_TestWithZero" />
    </UnitTest>
    <UnitTest name="ExB2_TestWithRandomNumber" storage="y:\desktop\csexercises\exercisestest\bin\debug\exercisestest.dll" id="1e6e95e5-93d0-8567-b766-24daa399e7a5">
      <Execution id="7fd2cb98-b61e-4e15-bf1b-129594ed6383" />
      <TestMethod codeBase="Y:\Desktop\CSExercises\ExercisesTest\bin\Debug\ExercisesTest.dll" adapterTypeName="Microsoft.VisualStudio.TestTools.TestTypes.Unit.UnitTestAdapter" className="ExercisesTest.ExB2Test" name="ExB2_TestWithRandomNumber" />
    </UnitTest>
    <UnitTest name="ExB1_TestWithZero" storage="y:\desktop\csexercises\exercisestest\bin\debug\exercisestest.dll" id="928f0289-fc26-87c9-cbcc-7860f04c41e5">
      <Execution id="c4893763-670f-4fca-856b-705a96a40693" />
      <TestMethod codeBase="Y:\Desktop\CSExercises\ExercisesTest\bin\Debug\ExercisesTest.dll" adapterTypeName="Microsoft.VisualStudio.TestTools.TestTypes.Unit.UnitTestAdapter" className="ExercisesTest.ExB1Test" name="ExB1_TestWithZero" />
    </UnitTest>
    <UnitTest name="ExB1_TestWithRandomNumber" storage="y:\desktop\csexercises\exercisestest\bin\debug\exercisestest.dll" id="cf3fce46-434f-4b13-6b4c-ced354dd07f6">
      <Execution id="1181fed3-f9fe-454d-8feb-0f2f6eb950c8" />
      <TestMethod codeBase="Y:\Desktop\CSExercises\ExercisesTest\bin\Debug\ExercisesTest.dll" adapterTypeName="Microsoft.VisualStudio.TestTools.TestTypes.Unit.UnitTestAdapter" className="ExercisesTest.ExB1Test" name="ExB1_TestWithRandomNumber" />
    </UnitTest>
    <UnitTest name="ExA5_Case1" storage="y:\desktop\csexercises\exercisestest\bin\debug\exercisestest.dll" id="76d0a13b-ab80-9522-b82c-80ef6e94b587">
      <Execution id="fdd8270e-e6b7-4f1a-b6b2-5f83f0e3b76c" />
      <TestMethod codeBase="Y:\Desktop\CSExercises\ExercisesTest\bin\Debug\ExercisesTest.dll" adapterTypeName="Microsoft.VisualStudio.TestTools.TestTypes.Unit.UnitTestAdapter" className="ExercisesTest.ExA5Test" name="ExA5_Case1" />
    </UnitTest>
    <UnitTest name="ExA5_Case2" storage="y:\desktop\csexercises\exercisestest\bin\debug\exercisestest.dll" id="22a0a7fb-7586-1091-0284-41aa8e900d3a">
      <Execution id="966ab620-d2c4-49dc-95ee-6371ee4bafc5" />
      <TestMethod codeBase="Y:\Desktop\CSExercises\ExercisesTest\bin\Debug\ExercisesTest.dll" adapterTypeName="Microsoft.VisualStudio.TestTools.TestTypes.Unit.UnitTestAdapter" className="ExercisesTest.ExA5Test" name="ExA5_Case2" />
    </UnitTest>
    <UnitTest name="ExA5_Case3" storage="y:\desktop\csexercises\exercisestest\bin\debug\exercisestest.dll" id="220c17f5-86fd-d612-976c-3a2f2514a9ee">
      <Execution id="8a6a9864-c034-46b0-8ad1-2547eff5f8e7" />
      <TestMethod codeBase="Y:\Desktop\CSExercises\ExercisesTest\bin\Debug\ExercisesTest.dll" adapterTypeName="Microsoft.VisualStudio.TestTools.TestTypes.Unit.UnitTestAdapter" className="ExercisesTest.ExA5Test" name="ExA5_Case3" />
    </UnitTest>
    <UnitTest name="ExA5_Case4" storage="y:\desktop\csexercises\exercisestest\bin\debug\exercisestest.dll" id="eeda8489-f414-b738-730a-b86d9a065988">
      <Execution id="7eca1f5b-b87f-48a4-84ed-2b6d4b961001" />
      <TestMethod codeBase="Y:\Desktop\CSExercises\ExercisesTest\bin\Debug\ExercisesTest.dll" adapterTypeName="Microsoft.VisualStudio.TestTools.TestTypes.Unit.UnitTestAdapter" className="ExercisesTest.ExA5Test" name="ExA5_Case4" />
    </UnitTest>
    <UnitTest name="ExA4_SquareOf0" storage="y:\desktop\csexercises\exercisestest\bin\debug\exercisestest.dll" id="7c77c2c8-c4ae-c33d-b32c-0c27ea0a4ea6">
      <Execution id="d3fd1435-1aeb-43ca-863f-f3affe3d4f66" />
      <TestMethod codeBase="Y:\Desktop\CSExercises\ExercisesTest\bin\Debug\ExercisesTest.dll" adapterTypeName="Microsoft.VisualStudio.TestTools.TestTypes.Unit.UnitTestAdapter" className="ExercisesTest.ExA4Test" name="ExA4_SquareOf0" />
    </UnitTest>
    <UnitTest name="ExA4_SquareOf10" storage="y:\desktop\csexercises\exercisestest\bin\debug\exercisestest.dll" id="06b9133f-4899-3a9e-2fb2-27c70cb6b199">
      <Execution id="9a37ce74-700a-4881-912c-4daaca23f795" />
      <TestMethod codeBase="Y:\Desktop\CSExercises\ExercisesTest\bin\Debug\ExercisesTest.dll" adapterTypeName="Microsoft.VisualStudio.TestTools.TestTypes.Unit.UnitTestAdapter" className="ExercisesTest.ExA4Test" name="ExA4_SquareOf10" />
    </UnitTest>
    <UnitTest name="ExA4_SquareOfMin10" storage="y:\desktop\csexercises\exercisestest\bin\debug\exercisestest.dll" id="bb1830d4-461e-fe67-a1f1-5256b7d4a372">
      <Execution id="32af9533-9213-4c0e-b923-da572329c2bd" />
      <TestMethod codeBase="Y:\Desktop\CSExercises\ExercisesTest\bin\Debug\ExercisesTest.dll" adapterTypeName="Microsoft.VisualStudio.TestTools.TestTypes.Unit.UnitTestAdapter" className="ExercisesTest.ExA4Test" name="ExA4_SquareOfMin10" />
    </UnitTest>
    <UnitTest name="ExB6_TestWithZero" storage="y:\desktop\csexercises\exercisestest\bin\debug\exercisestest.dll" id="b0fe1b76-85dd-996a-6897-764077fa221a">
      <Execution id="d9908c45-cfd2-42b6-a30b-cd19ba1d3b27" />
      <TestMethod codeBase="Y:\Desktop\CSExercises\ExercisesTest\bin\Debug\ExercisesTest.dll" adapterTypeName="Microsoft.VisualStudio.TestTools.TestTypes.Unit.UnitTestAdapter" className="ExercisesTest.ExB6Test" name="ExB6_TestWithZero" />
    </UnitTest>
    <UnitTest name="ExB6_TestWithPositiveNumber" storage="y:\desktop\csexercises\exercisestest\bin\debug\exercisestest.dll" id="3e2b89e5-e2cc-63c8-e53e-5e4f06942620">
      <Execution id="b52cddf2-b1b9-447b-9119-981cdcb74cea" />
      <TestMethod codeBase="Y:\Desktop\CSExercises\ExercisesTest\bin\Debug\ExercisesTest.dll" adapterTypeName="Microsoft.VisualStudio.TestTools.TestTypes.Unit.UnitTestAdapter" className="ExercisesTest.ExB6Test" name="ExB6_TestWithPositiveNumber" />
    </UnitTest>
    <UnitTest name="ExB6_TestWithNegativeNumber" storage="y:\desktop\csexercises\exercisestest\bin\debug\exercisestest.dll" id="09a74379-7aab-b6a3-6c3c-bf77ba90813f">
      <Execution id="b48e3e58-6f7f-4760-8c20-35aabf6f7156" />
      <TestMethod codeBase="Y:\Desktop\CSExercises\ExercisesTest\bin\Debug\ExercisesTest.dll" adapterTypeName="Microsoft.VisualStudio.TestTools.TestTypes.Unit.UnitTestAdapter" className="ExercisesTest.ExB6Test" name="ExB6_TestWithNegativeNumber" />
    </UnitTest>
    <UnitTest name="ExB7_TestWithZero" storage="y:\desktop\csexercises\exercisestest\bin\debug\exercisestest.dll" id="5d10d8c6-9801-fba8-47ea-4f24d629e64e">
      <Execution id="9cd79608-9316-44ec-8fd2-1f2d1eef78fc" />
      <TestMethod codeBase="Y:\Desktop\CSExercises\ExercisesTest\bin\Debug\ExercisesTest.dll" adapterTypeName="Microsoft.VisualStudio.TestTools.TestTypes.Unit.UnitTestAdapter" className="ExercisesTest.ExB7Test" name="ExB7_TestWithZero" />
    </UnitTest>
    <UnitTest name="ExB7_TestWithRandomPositiveNumber" storage="y:\desktop\csexercises\exercisestest\bin\debug\exercisestest.dll" id="8a3c2921-0d21-9733-b802-8fd60efda746">
      <Execution id="923c2048-40c4-4f15-a98a-925ea6e65a99" />
      <TestMethod codeBase="Y:\Desktop\CSExercises\ExercisesTest\bin\Debug\ExercisesTest.dll" adapterTypeName="Microsoft.VisualStudio.TestTools.TestTypes.Unit.UnitTestAdapter" className="ExercisesTest.ExB7Test" name="ExB7_TestWithRandomPositiveNumber" />
    </UnitTest>
    <UnitTest name="ExB8_TestWithZero" storage="y:\desktop\csexercises\exercisestest\bin\debug\exercisestest.dll" id="d8f4ff5b-1da8-68e0-6735-dca747510bd3">
      <Execution id="d2b0f7c5-2610-4a28-9069-e87431bcec11" />
      <TestMethod codeBase="Y:\Desktop\CSExercises\ExercisesTest\bin\Debug\ExercisesTest.dll" adapterTypeName="Microsoft.VisualStudio.TestTools.TestTypes.Unit.UnitTestAdapter" className="ExercisesTest.ExB8Test" name="ExB8_TestWithZero" />
    </UnitTest>
    <UnitTest name="ExB8_TestWithRandomPositiveNumber" storage="y:\desktop\csexercises\exercisestest\bin\debug\exercisestest.dll" id="4c46834b-f4c3-08ad-a27c-3715addd7c00">
      <Execution id="85726e41-1e2d-4d84-bead-28a68cbc179f" />
      <TestMethod codeBase="Y:\Desktop\CSExercises\ExercisesTest\bin\Debug\ExercisesTest.dll" adapterTypeName="Microsoft.VisualStudio.TestTools.TestTypes.Unit.UnitTestAdapter" className="ExercisesTest.ExB8Test" name="ExB8_TestWithRandomPositiveNumber" />
    </UnitTest>
    <UnitTest name="ExB9TestWithZero" storage="y:\desktop\csexercises\exercisestest\bin\debug\exercisestest.dll" id="4d421191-ce69-78f3-5526-c5d9422be733">
      <Execution id="6691184e-2dfe-47a7-b738-cf07e9baccaa" />
      <TestMethod codeBase="Y:\Desktop\CSExercises\ExercisesTest\bin\Debug\ExercisesTest.dll" adapterTypeName="Microsoft.VisualStudio.TestTools.TestTypes.Unit.UnitTestAdapter" className="ExercisesTest.ExB9Test" name="ExB9TestWithZero" />
    </UnitTest>
    <UnitTest name="ExB9TestWithRandomPositiveNumber" storage="y:\desktop\csexercises\exercisestest\bin\debug\exercisestest.dll" id="2514325f-8396-182f-50e8-0dd4b88ec67a">
      <Execution id="50449eb5-8f53-45f6-9a5d-afd99b406714" />
      <TestMethod codeBase="Y:\Desktop\CSExercises\ExercisesTest\bin\Debug\ExercisesTest.dll" adapterTypeName="Microsoft.VisualStudio.TestTools.TestTypes.Unit.UnitTestAdapter" className="ExercisesTest.ExB9Test" name="ExB9TestWithRandomPositiveNumber" />
    </UnitTest>
    <UnitTest name="ExB10_TestWithZero" storage="y:\desktop\csexercises\exercisestest\bin\debug\exercisestest.dll" id="2f64d7d7-397c-497d-5ac2-6f48b2c6e87a">
      <Execution id="a4f6b2fd-edfb-4808-b1a8-f5eed6c959a1" />
      <TestMethod codeBase="Y:\Desktop\CSExercises\ExercisesTest\bin\Debug\ExercisesTest.dll" adapterTypeName="Microsoft.VisualStudio.TestTools.TestTypes.Unit.UnitTestAdapter" className="ExercisesTest.ExB10_Test" name="ExB10_TestWithZero" />
    </UnitTest>
    <UnitTest name="ExB10_TestWithPositiveNumber" storage="y:\desktop\csexercises\exercisestest\bin\debug\exercisestest.dll" id="2c0176f9-773e-372e-9030-1985551cf0c5">
      <Execution id="2b33da9d-6b8e-46e1-af03-1398fa4ebe7c" />
      <TestMethod codeBase="Y:\Desktop\CSExercises\ExercisesTest\bin\Debug\ExercisesTest.dll" adapterTypeName="Microsoft.VisualStudio.TestTools.TestTypes.Unit.UnitTestAdapter" className="ExercisesTest.ExB10_Test" name="ExB10_TestWithPositiveNumber" />
    </UnitTest>
    <UnitTest name="ExC5_TestWithAmstrongNumber" storage="y:\desktop\csexercises\exercisestest\bin\debug\exercisestest.dll" id="f44f585d-496a-ceff-8ec5-5aa583d03039">
      <Execution id="a018dfa9-3e12-47be-bdf4-7f3301aefa51" />
      <TestMethod codeBase="Y:\Desktop\CSExercises\ExercisesTest\bin\Debug\ExercisesTest.dll" adapterTypeName="Microsoft.VisualStudio.TestTools.TestTypes.Unit.UnitTestAdapter" className="ExercisesTest.ExC5Test" name="ExC5_TestWithAmstrongNumber" />
    </UnitTest>
    <UnitTest name="ExC5_TestWithRandomPositiveNumber" storage="y:\desktop\csexercises\exercisestest\bin\debug\exercisestest.dll" id="403ee091-5d56-e49f-11e0-a0069db2d71f">
      <Execution id="8b23afd0-6014-49b6-b098-e1e136e489a8" />
      <TestMethod codeBase="Y:\Desktop\CSExercises\ExercisesTest\bin\Debug\ExercisesTest.dll" adapterTypeName="Microsoft.VisualStudio.TestTools.TestTypes.Unit.UnitTestAdapter" className="ExercisesTest.ExC5Test" name="ExC5_TestWithRandomPositiveNumber" />
    </UnitTest>
    <UnitTest name="ExC1_TestWithMale" storage="y:\desktop\csexercises\exercisestest\bin\debug\exercisestest.dll" id="61d166ef-4cfe-77e3-b543-897aca364290">
      <Execution id="1638c9b7-c265-40fa-8231-d7212f1ae27f" />
      <TestMethod codeBase="Y:\Desktop\CSExercises\ExercisesTest\bin\Debug\ExercisesTest.dll" adapterTypeName="Microsoft.VisualStudio.TestTools.TestTypes.Unit.UnitTestAdapter" className="ExercisesTest.ExC1Test" name="ExC1_TestWithMale" />
    </UnitTest>
    <UnitTest name="ExC1_TestWithFemale" storage="y:\desktop\csexercises\exercisestest\bin\debug\exercisestest.dll" id="f01da9c2-186f-f432-e2ea-a4bf6e6db11b">
      <Execution id="63d92572-c0b2-42d6-8840-bc6a1003480d" />
      <TestMethod codeBase="Y:\Desktop\CSExercises\ExercisesTest\bin\Debug\ExercisesTest.dll" adapterTypeName="Microsoft.VisualStudio.TestTools.TestTypes.Unit.UnitTestAdapter" className="ExercisesTest.ExC1Test" name="ExC1_TestWithFemale" />
    </UnitTest>
    <UnitTest name="ExC1_TestWithUnknown" storage="y:\desktop\csexercises\exercisestest\bin\debug\exercisestest.dll" id="437f057a-e785-23b6-2c3b-fdb00373c2ea">
      <Execution id="7b8507f8-2ddc-4123-9a76-3b06e8072f90" />
      <TestMethod codeBase="Y:\Desktop\CSExercises\ExercisesTest\bin\Debug\ExercisesTest.dll" adapterTypeName="Microsoft.VisualStudio.TestTools.TestTypes.Unit.UnitTestAdapter" className="ExercisesTest.ExC1Test" name="ExC1_TestWithUnknown" />
    </UnitTest>
    <UnitTest name="ExC2_TestWithUncle" storage="y:\desktop\csexercises\exercisestest\bin\debug\exercisestest.dll" id="2cc7dc39-d769-d794-e8ff-a77afcb7d16c">
      <Execution id="920a6010-0a3e-4c85-8e23-09626922e81e" />
      <TestMethod codeBase="Y:\Desktop\CSExercises\ExercisesTest\bin\Debug\ExercisesTest.dll" adapterTypeName="Microsoft.VisualStudio.TestTools.TestTypes.Unit.UnitTestAdapter" className="ExercisesTest.ExC2_Test" name="ExC2_TestWithUncle" />
    </UnitTest>
    <UnitTest name="ExC2_TestWithAunty" storage="y:\desktop\csexercises\exercisestest\bin\debug\exercisestest.dll" id="358b895f-9561-e345-43e3-0530571178f3">
      <Execution id="75046f05-47ce-40f9-aed3-19145d284544" />
      <TestMethod codeBase="Y:\Desktop\CSExercises\ExercisesTest\bin\Debug\ExercisesTest.dll" adapterTypeName="Microsoft.VisualStudio.TestTools.TestTypes.Unit.UnitTestAdapter" className="ExercisesTest.ExC2_Test" name="ExC2_TestWithAunty" />
    </UnitTest>
    <UnitTest name="ExC2_TestWitMr" storage="y:\desktop\csexercises\exercisestest\bin\debug\exercisestest.dll" id="5786c8fe-760a-f1e2-51f3-9bf03ba7c133">
      <Execution id="d2f2d704-86f1-41a1-8a27-f7f6808d41d3" />
      <TestMethod codeBase="Y:\Desktop\CSExercises\ExercisesTest\bin\Debug\ExercisesTest.dll" adapterTypeName="Microsoft.VisualStudio.TestTools.TestTypes.Unit.UnitTestAdapter" className="ExercisesTest.ExC2_Test" name="ExC2_TestWitMr" />
    </UnitTest>
    <UnitTest name="ExC2_TestWithMs" storage="y:\desktop\csexercises\exercisestest\bin\debug\exercisestest.dll" id="1d1c8a71-2287-e26b-162e-49d36eb500a6">
      <Execution id="fdc57bc6-e97e-4c73-99dc-73028b27e142" />
      <TestMethod codeBase="Y:\Desktop\CSExercises\ExercisesTest\bin\Debug\ExercisesTest.dll" adapterTypeName="Microsoft.VisualStudio.TestTools.TestTypes.Unit.UnitTestAdapter" className="ExercisesTest.ExC2_Test" name="ExC2_TestWithMs" />
    </UnitTest>
    <UnitTest name="ExC2_TestWithUnknown" storage="y:\desktop\csexercises\exercisestest\bin\debug\exercisestest.dll" id="3f3b4237-6c70-8c91-dc5f-29e8e770339b">
      <Execution id="5724610d-b4b1-4f97-8d01-02a8ab073967" />
      <TestMethod codeBase="Y:\Desktop\CSExercises\ExercisesTest\bin\Debug\ExercisesTest.dll" adapterTypeName="Microsoft.VisualStudio.TestTools.TestTypes.Unit.UnitTestAdapter" className="ExercisesTest.ExC2_Test" name="ExC2_TestWithUnknown" />
    </UnitTest>
    <UnitTest name="ExC4_TestWithZero" storage="y:\desktop\csexercises\exercisestest\bin\debug\exercisestest.dll" id="66b3003b-1aa8-40bb-c162-a94b6568685b">
      <Execution id="c36610c0-6d05-42ca-a37a-1860ebda6236" />
      <TestMethod codeBase="Y:\Desktop\CSExercises\ExercisesTest\bin\Debug\ExercisesTest.dll" adapterTypeName="Microsoft.VisualStudio.TestTools.TestTypes.Unit.UnitTestAdapter" className="ExercisesTest.ExC4Test" name="ExC4_TestWithZero" />
    </UnitTest>
    <UnitTest name="ExC4TestWithHalf" storage="y:\desktop\csexercises\exercisestest\bin\debug\exercisestest.dll" id="b31774ee-007b-47f0-8e32-c6031c54d16f">
      <Execution id="0a0d0642-baba-4a0a-a22b-d7aee26ef7d3" />
      <TestMethod codeBase="Y:\Desktop\CSExercises\ExercisesTest\bin\Debug\ExercisesTest.dll" adapterTypeName="Microsoft.VisualStudio.TestTools.TestTypes.Unit.UnitTestAdapter" className="ExercisesTest.ExC4Test" name="ExC4TestWithHalf" />
    </UnitTest>
    <UnitTest name="ExC4Test9Km" storage="y:\desktop\csexercises\exercisestest\bin\debug\exercisestest.dll" id="27d651a7-a3b9-7a3a-3e05-60be06064821">
      <Execution id="82774f30-480f-4902-9a8d-13fcca882263" />
      <TestMethod codeBase="Y:\Desktop\CSExercises\ExercisesTest\bin\Debug\ExercisesTest.dll" adapterTypeName="Microsoft.VisualStudio.TestTools.TestTypes.Unit.UnitTestAdapter" className="ExercisesTest.ExC4Test" name="ExC4Test9Km" />
    </UnitTest>
    <UnitTest name="ExC4Test1213Km" storage="y:\desktop\csexercises\exercisestest\bin\debug\exercisestest.dll" id="99cc52e4-4ede-d6f1-699a-639a70caf19e">
      <Execution id="55f6f0a6-2698-4469-9cc0-d51854d1cb00" />
      <TestMethod codeBase="Y:\Desktop\CSExercises\ExercisesTest\bin\Debug\ExercisesTest.dll" adapterTypeName="Microsoft.VisualStudio.TestTools.TestTypes.Unit.UnitTestAdapter" className="ExercisesTest.ExC4Test" name="ExC4Test1213Km" />
    </UnitTest>
    <UnitTest name="ExC6_TestWithZero" storage="y:\desktop\csexercises\exercisestest\bin\debug\exercisestest.dll" id="f232122e-0613-e1ee-dfe5-9b85a22cd2b0">
      <Execution id="0b549148-641e-4dc9-8e65-b415f5cdfd89" />
      <TestMethod codeBase="Y:\Desktop\CSExercises\ExercisesTest\bin\Debug\ExercisesTest.dll" adapterTypeName="Microsoft.VisualStudio.TestTools.TestTypes.Unit.UnitTestAdapter" className="ExercisesTest.ExC6Test" name="ExC6_TestWithZero" />
    </UnitTest>
    <UnitTest name="ExC6_TestWithOneProduct1" storage="y:\desktop\csexercises\exercisestest\bin\debug\exercisestest.dll" id="ae4e66b0-9a29-2a92-aee9-fdf389c27fe6">
      <Execution id="13b00485-03b2-490f-922a-ce879eb3b564" />
      <TestMethod codeBase="Y:\Desktop\CSExercises\ExercisesTest\bin\Debug\ExercisesTest.dll" adapterTypeName="Microsoft.VisualStudio.TestTools.TestTypes.Unit.UnitTestAdapter" className="ExercisesTest.ExC6Test" name="ExC6_TestWithOneProduct1" />
    </UnitTest>
    <UnitTest name="ExC6_TestWithOneProduct2" storage="y:\desktop\csexercises\exercisestest\bin\debug\exercisestest.dll" id="4297656f-1197-d292-0489-69d8ad93083c">
      <Execution id="ba9b35a9-24de-473f-bd71-677ddb76b249" />
      <TestMethod codeBase="Y:\Desktop\CSExercises\ExercisesTest\bin\Debug\ExercisesTest.dll" adapterTypeName="Microsoft.VisualStudio.TestTools.TestTypes.Unit.UnitTestAdapter" className="ExercisesTest.ExC6Test" name="ExC6_TestWithOneProduct2" />
    </UnitTest>
    <UnitTest name="ExC6_TestWithOneProduct3" storage="y:\desktop\csexercises\exercisestest\bin\debug\exercisestest.dll" id="527da127-2853-1a9b-a2ad-f3585c728530">
      <Execution id="adb81cb0-19d6-43c4-8510-6173540c8c86" />
      <TestMethod codeBase="Y:\Desktop\CSExercises\ExercisesTest\bin\Debug\ExercisesTest.dll" adapterTypeName="Microsoft.VisualStudio.TestTools.TestTypes.Unit.UnitTestAdapter" className="ExercisesTest.ExC6Test" name="ExC6_TestWithOneProduct3" />
    </UnitTest>
    <UnitTest name="ExC6_TestWithOneProduct4" storage="y:\desktop\csexercises\exercisestest\bin\debug\exercisestest.dll" id="62915065-52ff-5fd8-8913-0189d77875c3">
      <Execution id="373d7892-6865-4f86-8ee8-37bdb738576c" />
      <TestMethod codeBase="Y:\Desktop\CSExercises\ExercisesTest\bin\Debug\ExercisesTest.dll" adapterTypeName="Microsoft.VisualStudio.TestTools.TestTypes.Unit.UnitTestAdapter" className="ExercisesTest.ExC6Test" name="ExC6_TestWithOneProduct4" />
    </UnitTest>
    <UnitTest name="ExC6_TestWithOneProduct5" storage="y:\desktop\csexercises\exercisestest\bin\debug\exercisestest.dll" id="14d8a934-4e3c-5ff4-d896-b004187a9351">
      <Execution id="988e53cf-d865-489d-ab6c-d4d8d54bd571" />
      <TestMethod codeBase="Y:\Desktop\CSExercises\ExercisesTest\bin\Debug\ExercisesTest.dll" adapterTypeName="Microsoft.VisualStudio.TestTools.TestTypes.Unit.UnitTestAdapter" className="ExercisesTest.ExC6Test" name="ExC6_TestWithOneProduct5" />
    </UnitTest>
    <UnitTest name="ExC6_TestWithTwoProducts1" storage="y:\desktop\csexercises\exercisestest\bin\debug\exercisestest.dll" id="8206a26a-e532-85c1-9aad-17a6a0a5bdf0">
      <Execution id="2949c19c-39f3-4404-ab56-343332027741" />
      <TestMethod codeBase="Y:\Desktop\CSExercises\ExercisesTest\bin\Debug\ExercisesTest.dll" adapterTypeName="Microsoft.VisualStudio.TestTools.TestTypes.Unit.UnitTestAdapter" className="ExercisesTest.ExC6Test" name="ExC6_TestWithTwoProducts1" />
    </UnitTest>
    <UnitTest name="ExC6_TestWithThreeProducts1" storage="y:\desktop\csexercises\exercisestest\bin\debug\exercisestest.dll" id="59543185-c115-6f05-fde4-7a3a3cf60da3">
      <Execution id="4182981f-4aed-4720-a0d1-9f32df0501d8" />
      <TestMethod codeBase="Y:\Desktop\CSExercises\ExercisesTest\bin\Debug\ExercisesTest.dll" adapterTypeName="Microsoft.VisualStudio.TestTools.TestTypes.Unit.UnitTestAdapter" className="ExercisesTest.ExC6Test" name="ExC6_TestWithThreeProducts1" />
    </UnitTest>
    <UnitTest name="ExD1_TestWith88" storage="y:\desktop\csexercises\exercisestest\bin\debug\exercisestest.dll" id="817d2cfb-2701-d099-0d77-7dda9f9ee260">
      <Execution id="93976e85-b7ca-4d96-b9d1-7ddc0260d5c7" />
      <TestMethod codeBase="Y:\Desktop\CSExercises\ExercisesTest\bin\Debug\ExercisesTest.dll" adapterTypeName="Microsoft.VisualStudio.TestTools.TestTypes.Unit.UnitTestAdapter" className="ExercisesTest.ExD1Test" name="ExD1_TestWith88" />
    </UnitTest>
    <UnitTest name="ExD1_TestNo88" storage="y:\desktop\csexercises\exercisestest\bin\debug\exercisestest.dll" id="b3b356b0-b86d-68eb-f1fa-a1fb7eedeab6">
      <Execution id="4015a219-867d-4ab1-bbd5-200315f5964d" />
      <TestMethod codeBase="Y:\Desktop\CSExercises\ExercisesTest\bin\Debug\ExercisesTest.dll" adapterTypeName="Microsoft.VisualStudio.TestTools.TestTypes.Unit.UnitTestAdapter" className="ExercisesTest.ExD1Test" name="ExD1_TestNo88" />
    </UnitTest>
    <UnitTest name="ExD2_TestWithPositiveNumber1" storage="y:\desktop\csexercises\exercisestest\bin\debug\exercisestest.dll" id="37f78f12-4ace-98e0-52e8-3408fb66f00f">
      <Execution id="4d852e8d-f661-4fc6-85f7-97c742c7cc40" />
      <TestMethod codeBase="Y:\Desktop\CSExercises\ExercisesTest\bin\Debug\ExercisesTest.dll" adapterTypeName="Microsoft.VisualStudio.TestTools.TestTypes.Unit.UnitTestAdapter" className="ExercisesTest.ExD2Test" name="ExD2_TestWithPositiveNumber1" />
    </UnitTest>
    <UnitTest name="ExD2_TestWithPositiveNumber2" storage="y:\desktop\csexercises\exercisestest\bin\debug\exercisestest.dll" id="31cdd151-4b4e-8af1-a309-064dea303c76">
      <Execution id="26814ba9-dc09-4e6b-9306-5529216149f7" />
      <TestMethod codeBase="Y:\Desktop\CSExercises\ExercisesTest\bin\Debug\ExercisesTest.dll" adapterTypeName="Microsoft.VisualStudio.TestTools.TestTypes.Unit.UnitTestAdapter" className="ExercisesTest.ExD2Test" name="ExD2_TestWithPositiveNumber2" />
    </UnitTest>
    <UnitTest name="ExD3_TestRepeatedly" storage="y:\desktop\csexercises\exercisestest\bin\debug\exercisestest.dll" id="5c4545c1-1c4b-68f6-8b78-e5e65fc45da5">
      <Execution id="fce5ba47-dfde-4289-b869-7ad5c041b713" />
      <TestMethod codeBase="Y:\Desktop\CSExercises\ExercisesTest\bin\Debug\ExercisesTest.dll" adapterTypeName="Microsoft.VisualStudio.TestTools.TestTypes.Unit.UnitTestAdapter" className="ExercisesTest.ExD3Test" name="ExD3_TestRepeatedly" />
    </UnitTest>
    <UnitTest name="ExD4_TestSimpleNumber" storage="y:\desktop\csexercises\exercisestest\bin\debug\exercisestest.dll" id="41d254a0-3988-4fe8-c401-d6db7cf41541">
      <Execution id="ff1e6dff-5b7b-4a53-9053-52b1f1517c2d" />
      <TestMethod codeBase="Y:\Desktop\CSExercises\ExercisesTest\bin\Debug\ExercisesTest.dll" adapterTypeName="Microsoft.VisualStudio.TestTools.TestTypes.Unit.UnitTestAdapter" className="ExercisesTest.ExD4Test" name="ExD4_TestSimpleNumber" />
    </UnitTest>
    <UnitTest name="ExD4_TestBiggerNumber" storage="y:\desktop\csexercises\exercisestest\bin\debug\exercisestest.dll" id="f786c760-8fd9-385b-4101-e13a18a86146">
      <Execution id="c1b2c5c6-23e8-451e-b31d-ec8ecc6a256f" />
      <TestMethod codeBase="Y:\Desktop\CSExercises\ExercisesTest\bin\Debug\ExercisesTest.dll" adapterTypeName="Microsoft.VisualStudio.TestTools.TestTypes.Unit.UnitTestAdapter" className="ExercisesTest.ExD4Test" name="ExD4_TestBiggerNumber" />
    </UnitTest>
    <UnitTest name="ExE1_TestSimpleNumber" storage="y:\desktop\csexercises\exercisestest\bin\debug\exercisestest.dll" id="93d33d17-2fa5-03db-e35e-54470f3d1f7b">
      <Execution id="f540ad7a-8a2f-4655-94df-1293b4ea0db9" />
      <TestMethod codeBase="Y:\Desktop\CSExercises\ExercisesTest\bin\Debug\ExercisesTest.dll" adapterTypeName="Microsoft.VisualStudio.TestTools.TestTypes.Unit.UnitTestAdapter" className="ExercisesTest.ExE1Test" name="ExE1_TestSimpleNumber" />
    </UnitTest>
    <UnitTest name="ExE1_TestBiggerNumber" storage="y:\desktop\csexercises\exercisestest\bin\debug\exercisestest.dll" id="5a209ef6-6f45-28e6-9185-5b832c31792d">
      <Execution id="d1e617a3-3229-442a-8be0-61c6c1d2a02a" />
      <TestMethod codeBase="Y:\Desktop\CSExercises\ExercisesTest\bin\Debug\ExercisesTest.dll" adapterTypeName="Microsoft.VisualStudio.TestTools.TestTypes.Unit.UnitTestAdapter" className="ExercisesTest.ExE1Test" name="ExE1_TestBiggerNumber" />
    </UnitTest>
    <UnitTest name="ExE2_TestTheOnlyCase" storage="y:\desktop\csexercises\exercisestest\bin\debug\exercisestest.dll" id="380d54ab-9eb4-5e4e-c1a8-b5b0e22a59a1">
      <Execution id="45a8f1c2-b928-4582-8cac-3e61495a47ae" />
      <TestMethod codeBase="Y:\Desktop\CSExercises\ExercisesTest\bin\Debug\ExercisesTest.dll" adapterTypeName="Microsoft.VisualStudio.TestTools.TestTypes.Unit.UnitTestAdapter" className="ExercisesTest.ExE2Test" name="ExE2_TestTheOnlyCase" />
    </UnitTest>
    <UnitTest name="ExE3_Test241" storage="y:\desktop\csexercises\exercisestest\bin\debug\exercisestest.dll" id="48cf3a9e-0a50-a29b-8eb0-126dcc656f66">
      <Execution id="d28398a6-a31e-459e-ab2d-ad88c2fb3844" />
      <TestMethod codeBase="Y:\Desktop\CSExercises\ExercisesTest\bin\Debug\ExercisesTest.dll" adapterTypeName="Microsoft.VisualStudio.TestTools.TestTypes.Unit.UnitTestAdapter" className="ExercisesTest.ExE3Test" name="ExE3_Test241" />
    </UnitTest>
    <UnitTest name="ExE3_Test240" storage="y:\desktop\csexercises\exercisestest\bin\debug\exercisestest.dll" id="91e204a5-eff7-540d-d066-632080d4a971">
      <Execution id="098c71c5-51c1-4a5c-9ac9-63cf1c16d074" />
      <TestMethod codeBase="Y:\Desktop\CSExercises\ExercisesTest\bin\Debug\ExercisesTest.dll" adapterTypeName="Microsoft.VisualStudio.TestTools.TestTypes.Unit.UnitTestAdapter" className="ExercisesTest.ExE3Test" name="ExE3_Test240" />
    </UnitTest>
    <UnitTest name="ExE4_Test496" storage="y:\desktop\csexercises\exercisestest\bin\debug\exercisestest.dll" id="4f5a549c-a85c-793f-ddb0-ac8e48e5d0f1">
      <Execution id="815fd8f5-9871-4923-a613-8f1704c94a2f" />
      <TestMethod codeBase="Y:\Desktop\CSExercises\ExercisesTest\bin\Debug\ExercisesTest.dll" adapterTypeName="Microsoft.VisualStudio.TestTools.TestTypes.Unit.UnitTestAdapter" className="ExercisesTest.ExE4Test" name="ExE4_Test496" />
    </UnitTest>
    <UnitTest name="ExE4_Test240" storage="y:\desktop\csexercises\exercisestest\bin\debug\exercisestest.dll" id="1dc75fae-43cb-7e63-4009-7965bd630b1a">
      <Execution id="81cf141d-4e44-4082-8745-ad99dce638c7" />
      <TestMethod codeBase="Y:\Desktop\CSExercises\ExercisesTest\bin\Debug\ExercisesTest.dll" adapterTypeName="Microsoft.VisualStudio.TestTools.TestTypes.Unit.UnitTestAdapter" className="ExercisesTest.ExE4Test" name="ExE4_Test240" />
    </UnitTest>
    <UnitTest name="ExE5_TestForTheOnlyTestCase" storage="y:\desktop\csexercises\exercisestest\bin\debug\exercisestest.dll" id="442295cb-ec7e-e437-f1f2-a6c136660fa9">
      <Execution id="68ece09b-80eb-4e3c-add9-f9abe4124f84" />
      <TestMethod codeBase="Y:\Desktop\CSExercises\ExercisesTest\bin\Debug\ExercisesTest.dll" adapterTypeName="Microsoft.VisualStudio.TestTools.TestTypes.Unit.UnitTestAdapter" className="ExercisesTest.ExE5Test" name="ExE5_TestForTheOnlyTestCase" />
    </UnitTest>
    <UnitTest name="ExE6_TestForTheOnlyTestCase" storage="y:\desktop\csexercises\exercisestest\bin\debug\exercisestest.dll" id="d2aa1ef4-37c8-6f4f-caac-48633678d93a">
      <Execution id="b9feffb4-148c-4dd2-903b-54a831fae606" />
      <TestMethod codeBase="Y:\Desktop\CSExercises\ExercisesTest\bin\Debug\ExercisesTest.dll" adapterTypeName="Microsoft.VisualStudio.TestTools.TestTypes.Unit.UnitTestAdapter" className="ExercisesTest.ExE6_Test" name="ExE6_TestForTheOnlyTestCase" />
    </UnitTest>
    <UnitTest name="ExF1_TestForTheOnlyTestCase" storage="y:\desktop\csexercises\exercisestest\bin\debug\exercisestest.dll" id="dc006c73-b7ad-39c4-a618-0510c48419f9">
      <Execution id="0eeaf8e8-8edf-4f7e-804c-f74053078403" />
      <TestMethod codeBase="Y:\Desktop\CSExercises\ExercisesTest\bin\Debug\ExercisesTest.dll" adapterTypeName="Microsoft.VisualStudio.TestTools.TestTypes.Unit.UnitTestAdapter" className="ExercisesTest.ExF1Test" name="ExF1_TestForTheOnlyTestCase" />
    </UnitTest>
    <UnitTest name="ExF2_TestForTheOrder" storage="y:\desktop\csexercises\exercisestest\bin\debug\exercisestest.dll" id="5af6480c-3862-4e94-bc2c-b24cac7ca661">
      <Execution id="0fddd88e-d9bb-40be-91d8-3cd3fe112568" />
      <TestMethod codeBase="Y:\Desktop\CSExercises\ExercisesTest\bin\Debug\ExercisesTest.dll" adapterTypeName="Microsoft.VisualStudio.TestTools.TestTypes.Unit.UnitTestAdapter" className="ExercisesTest.ExF2Test" name="ExF2_TestForTheOrder" />
    </UnitTest>
    <UnitTest name="ExF3_TestForSomeOfTheResult" storage="y:\desktop\csexercises\exercisestest\bin\debug\exercisestest.dll" id="b02f104d-c4e9-55a3-ef13-4320e9fcd6ec">
      <Execution id="68943d06-7f7f-4537-909b-19174eb592ee" />
      <TestMethod codeBase="Y:\Desktop\CSExercises\ExercisesTest\bin\Debug\ExercisesTest.dll" adapterTypeName="Microsoft.VisualStudio.TestTools.TestTypes.Unit.UnitTestAdapter" className="ExercisesTest.ExF3Test" name="ExF3_TestForSomeOfTheResult" />
    </UnitTest>
    <UnitTest name="ExG1_TestWithABCDE" storage="y:\desktop\csexercises\exercisestest\bin\debug\exercisestest.dll" id="f30f2658-99db-d72e-9ec4-31a9938fa387">
      <Execution id="03074f66-f1d1-4af0-b5a1-6bd86d433d02" />
      <TestMethod codeBase="Y:\Desktop\CSExercises\ExercisesTest\bin\Debug\ExercisesTest.dll" adapterTypeName="Microsoft.VisualStudio.TestTools.TestTypes.Unit.UnitTestAdapter" className="ExercisesTest.ExG1Test" name="ExG1_TestWithABCDE" />
    </UnitTest>
    <UnitTest name="ExG1_TestWithRycky" storage="y:\desktop\csexercises\exercisestest\bin\debug\exercisestest.dll" id="2e593488-b56a-eff0-ca82-e8d0bb44c159">
      <Execution id="b4fb5f24-a124-49fe-8331-3a788c0c8988" />
      <TestMethod codeBase="Y:\Desktop\CSExercises\ExercisesTest\bin\Debug\ExercisesTest.dll" adapterTypeName="Microsoft.VisualStudio.TestTools.TestTypes.Unit.UnitTestAdapter" className="ExercisesTest.ExG1Test" name="ExG1_TestWithRycky" />
    </UnitTest>
    <UnitTest name="ExG1_TestWithAeiou" storage="y:\desktop\csexercises\exercisestest\bin\debug\exercisestest.dll" id="ab2a1fc1-80f8-bc44-f298-ece577f665f6">
      <Execution id="d137cf0d-34a8-4ae8-ad52-292a706a2b1c" />
      <TestMethod codeBase="Y:\Desktop\CSExercises\ExercisesTest\bin\Debug\ExercisesTest.dll" adapterTypeName="Microsoft.VisualStudio.TestTools.TestTypes.Unit.UnitTestAdapter" className="ExercisesTest.ExG1Test" name="ExG1_TestWithAeiou" />
    </UnitTest>
    <UnitTest name="ExG2_TestWithMadam" storage="y:\desktop\csexercises\exercisestest\bin\debug\exercisestest.dll" id="18e3e622-092f-3e19-8553-2026a160f673">
      <Execution id="f0dbc702-49e9-450d-8230-e363baee18d8" />
      <TestMethod codeBase="Y:\Desktop\CSExercises\ExercisesTest\bin\Debug\ExercisesTest.dll" adapterTypeName="Microsoft.VisualStudio.TestTools.TestTypes.Unit.UnitTestAdapter" className="ExercisesTest.ExG2_Test" name="ExG2_TestWithMadam" />
    </UnitTest>
    <UnitTest name="ExG2_TestWithSanta" storage="y:\desktop\csexercises\exercisestest\bin\debug\exercisestest.dll" id="ee68900a-ee9e-ddba-3df4-cb4a828e02fb">
      <Execution id="b314491b-3d46-4756-8ce2-11efc9fc8cb3" />
      <TestMethod codeBase="Y:\Desktop\CSExercises\ExercisesTest\bin\Debug\ExercisesTest.dll" adapterTypeName="Microsoft.VisualStudio.TestTools.TestTypes.Unit.UnitTestAdapter" className="ExercisesTest.ExG2_Test" name="ExG2_TestWithSanta" />
    </UnitTest>
    <UnitTest name="ExG2_TestWithISS" storage="y:\desktop\csexercises\exercisestest\bin\debug\exercisestest.dll" id="97c6c703-6d42-4b52-af58-5bc1820c63e6">
      <Execution id="3fd9a1c6-acc3-4f17-af38-342f7a7379e1" />
      <TestMethod codeBase="Y:\Desktop\CSExercises\ExercisesTest\bin\Debug\ExercisesTest.dll" adapterTypeName="Microsoft.VisualStudio.TestTools.TestTypes.Unit.UnitTestAdapter" className="ExercisesTest.ExG2_Test" name="ExG2_TestWithISS" />
    </UnitTest>
    <UnitTest name="ExG3_TestWithOneWord" storage="y:\desktop\csexercises\exercisestest\bin\debug\exercisestest.dll" id="009b3f8f-dd80-521b-6dfb-99834ad4fb9f">
      <Execution id="3fa8f6dd-690a-4381-96a9-82dfd302439b" />
      <TestMethod codeBase="Y:\Desktop\CSExercises\ExercisesTest\bin\Debug\ExercisesTest.dll" adapterTypeName="Microsoft.VisualStudio.TestTools.TestTypes.Unit.UnitTestAdapter" className="ExercisesTest.ExG3Test" name="ExG3_TestWithOneWord" />
    </UnitTest>
    <UnitTest name="ExG3_TestWithISS" storage="y:\desktop\csexercises\exercisestest\bin\debug\exercisestest.dll" id="ec776b73-93db-33b0-d71f-976483ca31f6">
      <Execution id="e7d9c12c-cbdb-4527-bda6-c85198c46ff9" />
      <TestMethod codeBase="Y:\Desktop\CSExercises\ExercisesTest\bin\Debug\ExercisesTest.dll" adapterTypeName="Microsoft.VisualStudio.TestTools.TestTypes.Unit.UnitTestAdapter" className="ExercisesTest.ExG3Test" name="ExG3_TestWithISS" />
    </UnitTest>
    <UnitTest name="ExG4_TestOrder" storage="y:\desktop\csexercises\exercisestest\bin\debug\exercisestest.dll" id="e986587e-732a-eb08-f5bc-4cd7a66af95d">
      <Execution id="c8d3490c-24a8-4152-8726-3051628bdffb" />
      <TestMethod codeBase="Y:\Desktop\CSExercises\ExercisesTest\bin\Debug\ExercisesTest.dll" adapterTypeName="Microsoft.VisualStudio.TestTools.TestTypes.Unit.UnitTestAdapter" className="ExercisesTest.ExG4Test" name="ExG4_TestOrder" />
    </UnitTest>
    <UnitTest name="ExH1_TestOneChar" storage="y:\desktop\csexercises\exercisestest\bin\debug\exercisestest.dll" id="a4ae2f7a-bc59-f21f-0330-4520bbb34ec8">
      <Execution id="a84cee8f-bee9-426d-b8c3-d9a7914f43b0" />
      <TestMethod codeBase="Y:\Desktop\CSExercises\ExercisesTest\bin\Debug\ExercisesTest.dll" adapterTypeName="Microsoft.VisualStudio.TestTools.TestTypes.Unit.UnitTestAdapter" className="ExercisesTest.ExH1Test" name="ExH1_TestOneChar" />
    </UnitTest>
    <UnitTest name="ExH1_TestPositive1" storage="y:\desktop\csexercises\exercisestest\bin\debug\exercisestest.dll" id="c1d8227b-f44f-4db1-97da-6595d5433cbe">
      <Execution id="9cbf6a8f-b750-41ea-9640-b2b3dde8a5a2" />
      <TestMethod codeBase="Y:\Desktop\CSExercises\ExercisesTest\bin\Debug\ExercisesTest.dll" adapterTypeName="Microsoft.VisualStudio.TestTools.TestTypes.Unit.UnitTestAdapter" className="ExercisesTest.ExH1Test" name="ExH1_TestPositive1" />
    </UnitTest>
    <UnitTest name="ExH1_TestPositive2" storage="y:\desktop\csexercises\exercisestest\bin\debug\exercisestest.dll" id="baf4c8f9-72bd-e9a1-3899-5f643a41cbac">
      <Execution id="d3832e3a-7637-4123-be8a-35ac8d4b3c9b" />
      <TestMethod codeBase="Y:\Desktop\CSExercises\ExercisesTest\bin\Debug\ExercisesTest.dll" adapterTypeName="Microsoft.VisualStudio.TestTools.TestTypes.Unit.UnitTestAdapter" className="ExercisesTest.ExH1Test" name="ExH1_TestPositive2" />
    </UnitTest>
    <UnitTest name="ExH1_TestNegative1" storage="y:\desktop\csexercises\exercisestest\bin\debug\exercisestest.dll" id="1df2cd5e-05cd-0340-279c-bf437d1b1fa6">
      <Execution id="5b8e484c-32c1-4a02-bf02-be7fdfad6b0c" />
      <TestMethod codeBase="Y:\Desktop\CSExercises\ExercisesTest\bin\Debug\ExercisesTest.dll" adapterTypeName="Microsoft.VisualStudio.TestTools.TestTypes.Unit.UnitTestAdapter" className="ExercisesTest.ExH1Test" name="ExH1_TestNegative1" />
    </UnitTest>
    <UnitTest name="ExH1_TestNegative2" storage="y:\desktop\csexercises\exercisestest\bin\debug\exercisestest.dll" id="af9c61a0-f313-c3c8-1027-5c796a206b57">
      <Execution id="0857f158-b19a-41a3-b24b-7d8c318ebf58" />
      <TestMethod codeBase="Y:\Desktop\CSExercises\ExercisesTest\bin\Debug\ExercisesTest.dll" adapterTypeName="Microsoft.VisualStudio.TestTools.TestTypes.Unit.UnitTestAdapter" className="ExercisesTest.ExH1Test" name="ExH1_TestNegative2" />
    </UnitTest>
    <UnitTest name="ExH2_TestOneChar" storage="y:\desktop\csexercises\exercisestest\bin\debug\exercisestest.dll" id="3d7d1584-1c63-ac50-bc50-de50031518c4">
      <Execution id="fff249b7-7816-4a24-b61b-ee74bc5fc029" />
      <TestMethod codeBase="Y:\Desktop\CSExercises\ExercisesTest\bin\Debug\ExercisesTest.dll" adapterTypeName="Microsoft.VisualStudio.TestTools.TestTypes.Unit.UnitTestAdapter" className="ExercisesTest.ExH2Test" name="ExH2_TestOneChar" />
    </UnitTest>
    <UnitTest name="ExH2_TestPositive1" storage="y:\desktop\csexercises\exercisestest\bin\debug\exercisestest.dll" id="0edd46c6-0864-a084-7845-f3ab5a58d5e8">
      <Execution id="8cc20de3-91a1-4299-8d5f-d67d6af1abc8" />
      <TestMethod codeBase="Y:\Desktop\CSExercises\ExercisesTest\bin\Debug\ExercisesTest.dll" adapterTypeName="Microsoft.VisualStudio.TestTools.TestTypes.Unit.UnitTestAdapter" className="ExercisesTest.ExH2Test" name="ExH2_TestPositive1" />
    </UnitTest>
    <UnitTest name="ExH2_TestPositive2" storage="y:\desktop\csexercises\exercisestest\bin\debug\exercisestest.dll" id="cbb366c6-732e-4def-9a11-8dd886c0022f">
      <Execution id="d808ecc2-877d-486f-9254-b75c358ec7e6" />
      <TestMethod codeBase="Y:\Desktop\CSExercises\ExercisesTest\bin\Debug\ExercisesTest.dll" adapterTypeName="Microsoft.VisualStudio.TestTools.TestTypes.Unit.UnitTestAdapter" className="ExercisesTest.ExH2Test" name="ExH2_TestPositive2" />
    </UnitTest>
    <UnitTest name="ExH2_TestNegative1" storage="y:\desktop\csexercises\exercisestest\bin\debug\exercisestest.dll" id="1ca2fccd-4727-4051-5830-7ec18c4d7263">
      <Execution id="88870f03-6965-4a9a-a9b1-aeceabd3f966" />
      <TestMethod codeBase="Y:\Desktop\CSExercises\ExercisesTest\bin\Debug\ExercisesTest.dll" adapterTypeName="Microsoft.VisualStudio.TestTools.TestTypes.Unit.UnitTestAdapter" className="ExercisesTest.ExH2Test" name="ExH2_TestNegative1" />
    </UnitTest>
    <UnitTest name="ExH2_TestNegative2" storage="y:\desktop\csexercises\exercisestest\bin\debug\exercisestest.dll" id="4744dcc3-4bcc-ce0e-885e-9c28396a533f">
      <Execution id="c8d51ae2-8db5-4472-9378-8c061d6a0950" />
      <TestMethod codeBase="Y:\Desktop\CSExercises\ExercisesTest\bin\Debug\ExercisesTest.dll" adapterTypeName="Microsoft.VisualStudio.TestTools.TestTypes.Unit.UnitTestAdapter" className="ExercisesTest.ExH2Test" name="ExH2_TestNegative2" />
    </UnitTest>
    <UnitTest name="ExH3_TestOneToOneHundred" storage="y:\desktop\csexercises\exercisestest\bin\debug\exercisestest.dll" id="8082022e-9ba0-4329-7312-ea4cd2cb3ab8">
      <Execution id="a3d08319-08e8-4a6b-b41b-17ba589d5488" />
      <TestMethod codeBase="Y:\Desktop\CSExercises\ExercisesTest\bin\Debug\ExercisesTest.dll" adapterTypeName="Microsoft.VisualStudio.TestTools.TestTypes.Unit.UnitTestAdapter" className="ExercisesTest.ExH3Test" name="ExH3_TestOneToOneHundred" />
    </UnitTest>
    <UnitTest name="ExH4_TestNoSubstitution" storage="y:\desktop\csexercises\exercisestest\bin\debug\exercisestest.dll" id="d4549c3c-9899-20a6-9260-01b385ff068d">
      <Execution id="8ad87523-a976-4a17-8e04-33df9eb7de0e" />
      <TestMethod codeBase="Y:\Desktop\CSExercises\ExercisesTest\bin\Debug\ExercisesTest.dll" adapterTypeName="Microsoft.VisualStudio.TestTools.TestTypes.Unit.UnitTestAdapter" className="ExercisesTest.ExH4Test" name="ExH4_TestNoSubstitution" />
    </UnitTest>
    <UnitTest name="ExH4_TestMultipleSubstitution" storage="y:\desktop\csexercises\exercisestest\bin\debug\exercisestest.dll" id="baa9a9c2-82c6-dfe0-e3fa-3cd1e3e7ccba">
      <Execution id="65cefc2e-c10c-4876-83ab-1dd4fe76c5c0" />
      <TestMethod codeBase="Y:\Desktop\CSExercises\ExercisesTest\bin\Debug\ExercisesTest.dll" adapterTypeName="Microsoft.VisualStudio.TestTools.TestTypes.Unit.UnitTestAdapter" className="ExercisesTest.ExH4Test" name="ExH4_TestMultipleSubstitution" />
    </UnitTest>
    <UnitTest name="ExI1_Test195" storage="y:\desktop\csexercises\exercisestest\bin\debug\exercisestest.dll" id="b5297abf-74a9-3001-95eb-a1a261572d42">
      <Execution id="74bb7f26-5ff7-444f-b80a-2644f3ca8ccf" />
      <TestMethod codeBase="Y:\Desktop\CSExercises\ExercisesTest\bin\Debug\ExercisesTest.dll" adapterTypeName="Microsoft.VisualStudio.TestTools.TestTypes.Unit.UnitTestAdapter" className="ExercisesTest.ExI1Test" name="ExI1_Test195" />
    </UnitTest>
    <UnitTest name="Ex45_Test105" storage="y:\desktop\csexercises\exercisestest\bin\debug\exercisestest.dll" id="26ff1520-2742-f4bc-a1c3-8e5cdfc6dc23">
      <Execution id="b8527b23-3e61-4747-8980-5b625edb2756" />
      <TestMethod codeBase="Y:\Desktop\CSExercises\ExercisesTest\bin\Debug\ExercisesTest.dll" adapterTypeName="Microsoft.VisualStudio.TestTools.TestTypes.Unit.UnitTestAdapter" className="ExercisesTest.ExI1Test" name="Ex45_Test105" />
    </UnitTest>
    <UnitTest name="ExI2_TestRandomMaybeAlotOfFalseResult" storage="y:\desktop\csexercises\exercisestest\bin\debug\exercisestest.dll" id="703d9bbb-ee8a-2635-69c5-fc611c620eee">
      <Execution id="c0342b22-2606-4a23-bc95-4ea434f0e639" />
      <TestMethod codeBase="Y:\Desktop\CSExercises\ExercisesTest\bin\Debug\ExercisesTest.dll" adapterTypeName="Microsoft.VisualStudio.TestTools.TestTypes.Unit.UnitTestAdapter" className="ExercisesTest.ExI2Test" name="ExI2_TestRandomMaybeAlotOfFalseResult" />
    </UnitTest>
    <UnitTest name="ExA3_SquareOf0" storage="y:\desktop\csexercises\exercisestest\bin\debug\exercisestest.dll" id="3e520c80-0f62-a07e-65c9-318f860f601b">
      <Execution id="4f07d974-fd04-44fd-a4b5-ab8e61009a05" />
      <TestMethod codeBase="Y:\Desktop\CSExercises\ExercisesTest\bin\Debug\ExercisesTest.dll" adapterTypeName="Microsoft.VisualStudio.TestTools.TestTypes.Unit.UnitTestAdapter" className="ExercisesTest.ExA3Test" name="ExA3_SquareOf0" />
    </UnitTest>
    <UnitTest name="ExA3_SquareOf10" storage="y:\desktop\csexercises\exercisestest\bin\debug\exercisestest.dll" id="9335201e-0849-2837-cc1d-4fb4bfd54e5d">
      <Execution id="ff5d3692-df7c-4820-adaf-a693c0832d96" />
      <TestMethod codeBase="Y:\Desktop\CSExercises\ExercisesTest\bin\Debug\ExercisesTest.dll" adapterTypeName="Microsoft.VisualStudio.TestTools.TestTypes.Unit.UnitTestAdapter" className="ExercisesTest.ExA3Test" name="ExA3_SquareOf10" />
    </UnitTest>
    <UnitTest name="ExA3_SquareOfMin10" storage="y:\desktop\csexercises\exercisestest\bin\debug\exercisestest.dll" id="2f4488dd-19dd-82ed-e8ad-8944a67ad6c6">
      <Execution id="f02b85bc-f8fa-4f94-b70c-0d7906cfb895" />
      <TestMethod codeBase="Y:\Desktop\CSExercises\ExercisesTest\bin\Debug\ExercisesTest.dll" adapterTypeName="Microsoft.VisualStudio.TestTools.TestTypes.Unit.UnitTestAdapter" className="ExercisesTest.ExA3Test" name="ExA3_SquareOfMin10" />
    </UnitTest>
  </TestDefinitions>
  <TestEntries>
    <TestEntry testId="8d13645f-ace3-ee52-0b1f-b75f216a1c8a" executionId="a6a556c0-9672-4b62-a761-14198e931f1b" testListId="8c84fa94-04c1-424b-9868-57a2d4851a1d" />
    <TestEntry testId="e3d43c25-4879-9987-1b05-886dcab007db" executionId="b8409cc3-74b7-4e6c-b5f5-505b3b48f5f8" testListId="8c84fa94-04c1-424b-9868-57a2d4851a1d" />
    <TestEntry testId="97c4b883-ea03-6670-c7d7-8a5271d03002" executionId="4ec5a58a-0ef3-4e8a-b699-2ac70989ed49" testListId="8c84fa94-04c1-424b-9868-57a2d4851a1d" />
    <TestEntry testId="057093fc-37d3-acb2-7e8c-260165b052fe" executionId="21608264-c103-4b46-ac8b-b1edf18c12cb" testListId="8c84fa94-04c1-424b-9868-57a2d4851a1d" />
    <TestEntry testId="9f43dc8a-28c1-8a57-a21b-12b5d329c479" executionId="0bc6777f-a5ed-48fa-a8da-9d6f6813c78f" testListId="8c84fa94-04c1-424b-9868-57a2d4851a1d" />
    <TestEntry testId="e77da0c1-e064-d298-63e2-55fde252db14" executionId="56a17a13-f56f-45a3-96cd-edf44f8fe3bc" testListId="8c84fa94-04c1-424b-9868-57a2d4851a1d" />
    <TestEntry testId="736ce668-007a-8538-cb57-b0aa4f59c7ed" executionId="9927dcd4-d53d-4977-b579-88a7f3db7c18" testListId="8c84fa94-04c1-424b-9868-57a2d4851a1d" />
    <TestEntry testId="159ba622-1904-2602-2526-72a12ffa196f" executionId="0362c587-6e9d-4982-922d-c1f2d404d5df" testListId="8c84fa94-04c1-424b-9868-57a2d4851a1d" />
    <TestEntry testId="4ce714ee-0184-d714-c26f-c0f025b421a2" executionId="e04cbfc0-c357-45bf-b82a-463853315376" testListId="8c84fa94-04c1-424b-9868-57a2d4851a1d" />
    <TestEntry testId="56a6c058-ff64-0a54-1bb8-aba4833eba62" executionId="b02e60b6-d645-41db-bab0-0f53126aa0a6" testListId="8c84fa94-04c1-424b-9868-57a2d4851a1d" />
    <TestEntry testId="521f27a5-8565-5e7d-7db9-96f0742480e4" executionId="e942914b-1ffb-4f5d-a5c0-feedc85c6b19" testListId="8c84fa94-04c1-424b-9868-57a2d4851a1d" />
    <TestEntry testId="d3c73420-c493-2580-26b5-713efb8af071" executionId="d9d3d1bd-d241-4c9d-af27-85016cc9d233" testListId="8c84fa94-04c1-424b-9868-57a2d4851a1d" />
    <TestEntry testId="07543d53-3299-9504-fc22-6f3224244293" executionId="e9d3be57-8726-4e0d-806e-e95dc8552d8d" testListId="8c84fa94-04c1-424b-9868-57a2d4851a1d" />
    <TestEntry testId="547d9154-166e-a709-4ab7-dbf01b9db8a0" executionId="96093fd1-3a40-4edf-94a8-97fb1b51d893" testListId="8c84fa94-04c1-424b-9868-57a2d4851a1d" />
    <TestEntry testId="ff06b2a1-aac2-2828-23bf-4e83c2715f17" executionId="b7356385-280f-40f0-adb2-d178cc426a11" testListId="8c84fa94-04c1-424b-9868-57a2d4851a1d" />
    <TestEntry testId="dd7a1cf7-7671-a70a-aef5-f365aedd4d0e" executionId="183f91cf-1967-41bf-9c54-534964788217" testListId="8c84fa94-04c1-424b-9868-57a2d4851a1d" />
    <TestEntry testId="1e6e95e5-93d0-8567-b766-24daa399e7a5" executionId="7fd2cb98-b61e-4e15-bf1b-129594ed6383" testListId="8c84fa94-04c1-424b-9868-57a2d4851a1d" />
    <TestEntry testId="928f0289-fc26-87c9-cbcc-7860f04c41e5" executionId="c4893763-670f-4fca-856b-705a96a40693" testListId="8c84fa94-04c1-424b-9868-57a2d4851a1d" />
    <TestEntry testId="cf3fce46-434f-4b13-6b4c-ced354dd07f6" executionId="1181fed3-f9fe-454d-8feb-0f2f6eb950c8" testListId="8c84fa94-04c1-424b-9868-57a2d4851a1d" />
    <TestEntry testId="76d0a13b-ab80-9522-b82c-80ef6e94b587" executionId="fdd8270e-e6b7-4f1a-b6b2-5f83f0e3b76c" testListId="8c84fa94-04c1-424b-9868-57a2d4851a1d" />
    <TestEntry testId="22a0a7fb-7586-1091-0284-41aa8e900d3a" executionId="966ab620-d2c4-49dc-95ee-6371ee4bafc5" testListId="8c84fa94-04c1-424b-9868-57a2d4851a1d" />
    <TestEntry testId="220c17f5-86fd-d612-976c-3a2f2514a9ee" executionId="8a6a9864-c034-46b0-8ad1-2547eff5f8e7" testListId="8c84fa94-04c1-424b-9868-57a2d4851a1d" />
    <TestEntry testId="eeda8489-f414-b738-730a-b86d9a065988" executionId="7eca1f5b-b87f-48a4-84ed-2b6d4b961001" testListId="8c84fa94-04c1-424b-9868-57a2d4851a1d" />
    <TestEntry testId="7c77c2c8-c4ae-c33d-b32c-0c27ea0a4ea6" executionId="d3fd1435-1aeb-43ca-863f-f3affe3d4f66" testListId="8c84fa94-04c1-424b-9868-57a2d4851a1d" />
    <TestEntry testId="06b9133f-4899-3a9e-2fb2-27c70cb6b199" executionId="9a37ce74-700a-4881-912c-4daaca23f795" testListId="8c84fa94-04c1-424b-9868-57a2d4851a1d" />
    <TestEntry testId="bb1830d4-461e-fe67-a1f1-5256b7d4a372" executionId="32af9533-9213-4c0e-b923-da572329c2bd" testListId="8c84fa94-04c1-424b-9868-57a2d4851a1d" />
    <TestEntry testId="b0fe1b76-85dd-996a-6897-764077fa221a" executionId="d9908c45-cfd2-42b6-a30b-cd19ba1d3b27" testListId="8c84fa94-04c1-424b-9868-57a2d4851a1d" />
    <TestEntry testId="3e2b89e5-e2cc-63c8-e53e-5e4f06942620" executionId="b52cddf2-b1b9-447b-9119-981cdcb74cea" testListId="8c84fa94-04c1-424b-9868-57a2d4851a1d" />
    <TestEntry testId="09a74379-7aab-b6a3-6c3c-bf77ba90813f" executionId="b48e3e58-6f7f-4760-8c20-35aabf6f7156" testListId="8c84fa94-04c1-424b-9868-57a2d4851a1d" />
    <TestEntry testId="5d10d8c6-9801-fba8-47ea-4f24d629e64e" executionId="9cd79608-9316-44ec-8fd2-1f2d1eef78fc" testListId="8c84fa94-04c1-424b-9868-57a2d4851a1d" />
    <TestEntry testId="8a3c2921-0d21-9733-b802-8fd60efda746" executionId="923c2048-40c4-4f15-a98a-925ea6e65a99" testListId="8c84fa94-04c1-424b-9868-57a2d4851a1d" />
    <TestEntry testId="d8f4ff5b-1da8-68e0-6735-dca747510bd3" executionId="d2b0f7c5-2610-4a28-9069-e87431bcec11" testListId="8c84fa94-04c1-424b-9868-57a2d4851a1d" />
    <TestEntry testId="4c46834b-f4c3-08ad-a27c-3715addd7c00" executionId="85726e41-1e2d-4d84-bead-28a68cbc179f" testListId="8c84fa94-04c1-424b-9868-57a2d4851a1d" />
    <TestEntry testId="4d421191-ce69-78f3-5526-c5d9422be733" executionId="6691184e-2dfe-47a7-b738-cf07e9baccaa" testListId="8c84fa94-04c1-424b-9868-57a2d4851a1d" />
    <TestEntry testId="2514325f-8396-182f-50e8-0dd4b88ec67a" executionId="50449eb5-8f53-45f6-9a5d-afd99b406714" testListId="8c84fa94-04c1-424b-9868-57a2d4851a1d" />
    <TestEntry testId="2f64d7d7-397c-497d-5ac2-6f48b2c6e87a" executionId="a4f6b2fd-edfb-4808-b1a8-f5eed6c959a1" testListId="8c84fa94-04c1-424b-9868-57a2d4851a1d" />
    <TestEntry testId="2c0176f9-773e-372e-9030-1985551cf0c5" executionId="2b33da9d-6b8e-46e1-af03-1398fa4ebe7c" testListId="8c84fa94-04c1-424b-9868-57a2d4851a1d" />
    <TestEntry testId="f44f585d-496a-ceff-8ec5-5aa583d03039" executionId="a018dfa9-3e12-47be-bdf4-7f3301aefa51" testListId="8c84fa94-04c1-424b-9868-57a2d4851a1d" />
    <TestEntry testId="403ee091-5d56-e49f-11e0-a0069db2d71f" executionId="8b23afd0-6014-49b6-b098-e1e136e489a8" testListId="8c84fa94-04c1-424b-9868-57a2d4851a1d" />
    <TestEntry testId="61d166ef-4cfe-77e3-b543-897aca364290" executionId="1638c9b7-c265-40fa-8231-d7212f1ae27f" testListId="8c84fa94-04c1-424b-9868-57a2d4851a1d" />
    <TestEntry testId="f01da9c2-186f-f432-e2ea-a4bf6e6db11b" executionId="63d92572-c0b2-42d6-8840-bc6a1003480d" testListId="8c84fa94-04c1-424b-9868-57a2d4851a1d" />
    <TestEntry testId="437f057a-e785-23b6-2c3b-fdb00373c2ea" executionId="7b8507f8-2ddc-4123-9a76-3b06e8072f90" testListId="8c84fa94-04c1-424b-9868-57a2d4851a1d" />
    <TestEntry testId="2cc7dc39-d769-d794-e8ff-a77afcb7d16c" executionId="920a6010-0a3e-4c85-8e23-09626922e81e" testListId="8c84fa94-04c1-424b-9868-57a2d4851a1d" />
    <TestEntry testId="358b895f-9561-e345-43e3-0530571178f3" executionId="75046f05-47ce-40f9-aed3-19145d284544" testListId="8c84fa94-04c1-424b-9868-57a2d4851a1d" />
    <TestEntry testId="5786c8fe-760a-f1e2-51f3-9bf03ba7c133" executionId="d2f2d704-86f1-41a1-8a27-f7f6808d41d3" testListId="8c84fa94-04c1-424b-9868-57a2d4851a1d" />
    <TestEntry testId="1d1c8a71-2287-e26b-162e-49d36eb500a6" executionId="fdc57bc6-e97e-4c73-99dc-73028b27e142" testListId="8c84fa94-04c1-424b-9868-57a2d4851a1d" />
    <TestEntry testId="3f3b4237-6c70-8c91-dc5f-29e8e770339b" executionId="5724610d-b4b1-4f97-8d01-02a8ab073967" testListId="8c84fa94-04c1-424b-9868-57a2d4851a1d" />
    <TestEntry testId="66b3003b-1aa8-40bb-c162-a94b6568685b" executionId="c36610c0-6d05-42ca-a37a-1860ebda6236" testListId="8c84fa94-04c1-424b-9868-57a2d4851a1d" />
    <TestEntry testId="b31774ee-007b-47f0-8e32-c6031c54d16f" executionId="0a0d0642-baba-4a0a-a22b-d7aee26ef7d3" testListId="8c84fa94-04c1-424b-9868-57a2d4851a1d" />
    <TestEntry testId="27d651a7-a3b9-7a3a-3e05-60be06064821" executionId="82774f30-480f-4902-9a8d-13fcca882263" testListId="8c84fa94-04c1-424b-9868-57a2d4851a1d" />
    <TestEntry testId="99cc52e4-4ede-d6f1-699a-639a70caf19e" executionId="55f6f0a6-2698-4469-9cc0-d51854d1cb00" testListId="8c84fa94-04c1-424b-9868-57a2d4851a1d" />
    <TestEntry testId="f232122e-0613-e1ee-dfe5-9b85a22cd2b0" executionId="0b549148-641e-4dc9-8e65-b415f5cdfd89" testListId="8c84fa94-04c1-424b-9868-57a2d4851a1d" />
    <TestEntry testId="ae4e66b0-9a29-2a92-aee9-fdf389c27fe6" executionId="13b00485-03b2-490f-922a-ce879eb3b564" testListId="8c84fa94-04c1-424b-9868-57a2d4851a1d" />
    <TestEntry testId="4297656f-1197-d292-0489-69d8ad93083c" executionId="ba9b35a9-24de-473f-bd71-677ddb76b249" testListId="8c84fa94-04c1-424b-9868-57a2d4851a1d" />
    <TestEntry testId="527da127-2853-1a9b-a2ad-f3585c728530" executionId="adb81cb0-19d6-43c4-8510-6173540c8c86" testListId="8c84fa94-04c1-424b-9868-57a2d4851a1d" />
    <TestEntry testId="62915065-52ff-5fd8-8913-0189d77875c3" executionId="373d7892-6865-4f86-8ee8-37bdb738576c" testListId="8c84fa94-04c1-424b-9868-57a2d4851a1d" />
    <TestEntry testId="14d8a934-4e3c-5ff4-d896-b004187a9351" executionId="988e53cf-d865-489d-ab6c-d4d8d54bd571" testListId="8c84fa94-04c1-424b-9868-57a2d4851a1d" />
    <TestEntry testId="8206a26a-e532-85c1-9aad-17a6a0a5bdf0" executionId="2949c19c-39f3-4404-ab56-343332027741" testListId="8c84fa94-04c1-424b-9868-57a2d4851a1d" />
    <TestEntry testId="59543185-c115-6f05-fde4-7a3a3cf60da3" executionId="4182981f-4aed-4720-a0d1-9f32df0501d8" testListId="8c84fa94-04c1-424b-9868-57a2d4851a1d" />
    <TestEntry testId="817d2cfb-2701-d099-0d77-7dda9f9ee260" executionId="93976e85-b7ca-4d96-b9d1-7ddc0260d5c7" testListId="8c84fa94-04c1-424b-9868-57a2d4851a1d" />
    <TestEntry testId="b3b356b0-b86d-68eb-f1fa-a1fb7eedeab6" executionId="4015a219-867d-4ab1-bbd5-200315f5964d" testListId="8c84fa94-04c1-424b-9868-57a2d4851a1d" />
    <TestEntry testId="37f78f12-4ace-98e0-52e8-3408fb66f00f" executionId="4d852e8d-f661-4fc6-85f7-97c742c7cc40" testListId="8c84fa94-04c1-424b-9868-57a2d4851a1d" />
    <TestEntry testId="31cdd151-4b4e-8af1-a309-064dea303c76" executionId="26814ba9-dc09-4e6b-9306-5529216149f7" testListId="8c84fa94-04c1-424b-9868-57a2d4851a1d" />
    <TestEntry testId="5c4545c1-1c4b-68f6-8b78-e5e65fc45da5" executionId="fce5ba47-dfde-4289-b869-7ad5c041b713" testListId="8c84fa94-04c1-424b-9868-57a2d4851a1d" />
    <TestEntry testId="41d254a0-3988-4fe8-c401-d6db7cf41541" executionId="ff1e6dff-5b7b-4a53-9053-52b1f1517c2d" testListId="8c84fa94-04c1-424b-9868-57a2d4851a1d" />
    <TestEntry testId="f786c760-8fd9-385b-4101-e13a18a86146" executionId="c1b2c5c6-23e8-451e-b31d-ec8ecc6a256f" testListId="8c84fa94-04c1-424b-9868-57a2d4851a1d" />
    <TestEntry testId="93d33d17-2fa5-03db-e35e-54470f3d1f7b" executionId="f540ad7a-8a2f-4655-94df-1293b4ea0db9" testListId="8c84fa94-04c1-424b-9868-57a2d4851a1d" />
    <TestEntry testId="5a209ef6-6f45-28e6-9185-5b832c31792d" executionId="d1e617a3-3229-442a-8be0-61c6c1d2a02a" testListId="8c84fa94-04c1-424b-9868-57a2d4851a1d" />
    <TestEntry testId="380d54ab-9eb4-5e4e-c1a8-b5b0e22a59a1" executionId="45a8f1c2-b928-4582-8cac-3e61495a47ae" testListId="8c84fa94-04c1-424b-9868-57a2d4851a1d" />
    <TestEntry testId="48cf3a9e-0a50-a29b-8eb0-126dcc656f66" executionId="d28398a6-a31e-459e-ab2d-ad88c2fb3844" testListId="8c84fa94-04c1-424b-9868-57a2d4851a1d" />
    <TestEntry testId="91e204a5-eff7-540d-d066-632080d4a971" executionId="098c71c5-51c1-4a5c-9ac9-63cf1c16d074" testListId="8c84fa94-04c1-424b-9868-57a2d4851a1d" />
    <TestEntry testId="4f5a549c-a85c-793f-ddb0-ac8e48e5d0f1" executionId="815fd8f5-9871-4923-a613-8f1704c94a2f" testListId="8c84fa94-04c1-424b-9868-57a2d4851a1d" />
    <TestEntry testId="1dc75fae-43cb-7e63-4009-7965bd630b1a" executionId="81cf141d-4e44-4082-8745-ad99dce638c7" testListId="8c84fa94-04c1-424b-9868-57a2d4851a1d" />
    <TestEntry testId="442295cb-ec7e-e437-f1f2-a6c136660fa9" executionId="68ece09b-80eb-4e3c-add9-f9abe4124f84" testListId="8c84fa94-04c1-424b-9868-57a2d4851a1d" />
    <TestEntry testId="d2aa1ef4-37c8-6f4f-caac-48633678d93a" executionId="b9feffb4-148c-4dd2-903b-54a831fae606" testListId="8c84fa94-04c1-424b-9868-57a2d4851a1d" />
    <TestEntry testId="dc006c73-b7ad-39c4-a618-0510c48419f9" executionId="0eeaf8e8-8edf-4f7e-804c-f74053078403" testListId="8c84fa94-04c1-424b-9868-57a2d4851a1d" />
    <TestEntry testId="5af6480c-3862-4e94-bc2c-b24cac7ca661" executionId="0fddd88e-d9bb-40be-91d8-3cd3fe112568" testListId="8c84fa94-04c1-424b-9868-57a2d4851a1d" />
    <TestEntry testId="b02f104d-c4e9-55a3-ef13-4320e9fcd6ec" executionId="68943d06-7f7f-4537-909b-19174eb592ee" testListId="8c84fa94-04c1-424b-9868-57a2d4851a1d" />
    <TestEntry testId="f30f2658-99db-d72e-9ec4-31a9938fa387" executionId="03074f66-f1d1-4af0-b5a1-6bd86d433d02" testListId="8c84fa94-04c1-424b-9868-57a2d4851a1d" />
    <TestEntry testId="2e593488-b56a-eff0-ca82-e8d0bb44c159" executionId="b4fb5f24-a124-49fe-8331-3a788c0c8988" testListId="8c84fa94-04c1-424b-9868-57a2d4851a1d" />
    <TestEntry testId="ab2a1fc1-80f8-bc44-f298-ece577f665f6" executionId="d137cf0d-34a8-4ae8-ad52-292a706a2b1c" testListId="8c84fa94-04c1-424b-9868-57a2d4851a1d" />
    <TestEntry testId="18e3e622-092f-3e19-8553-2026a160f673" executionId="f0dbc702-49e9-450d-8230-e363baee18d8" testListId="8c84fa94-04c1-424b-9868-57a2d4851a1d" />
    <TestEntry testId="ee68900a-ee9e-ddba-3df4-cb4a828e02fb" executionId="b314491b-3d46-4756-8ce2-11efc9fc8cb3" testListId="8c84fa94-04c1-424b-9868-57a2d4851a1d" />
    <TestEntry testId="97c6c703-6d42-4b52-af58-5bc1820c63e6" executionId="3fd9a1c6-acc3-4f17-af38-342f7a7379e1" testListId="8c84fa94-04c1-424b-9868-57a2d4851a1d" />
    <TestEntry testId="009b3f8f-dd80-521b-6dfb-99834ad4fb9f" executionId="3fa8f6dd-690a-4381-96a9-82dfd302439b" testListId="8c84fa94-04c1-424b-9868-57a2d4851a1d" />
    <TestEntry testId="ec776b73-93db-33b0-d71f-976483ca31f6" executionId="e7d9c12c-cbdb-4527-bda6-c85198c46ff9" testListId="8c84fa94-04c1-424b-9868-57a2d4851a1d" />
    <TestEntry testId="e986587e-732a-eb08-f5bc-4cd7a66af95d" executionId="c8d3490c-24a8-4152-8726-3051628bdffb" testListId="8c84fa94-04c1-424b-9868-57a2d4851a1d" />
    <TestEntry testId="a4ae2f7a-bc59-f21f-0330-4520bbb34ec8" executionId="a84cee8f-bee9-426d-b8c3-d9a7914f43b0" testListId="8c84fa94-04c1-424b-9868-57a2d4851a1d" />
    <TestEntry testId="c1d8227b-f44f-4db1-97da-6595d5433cbe" executionId="9cbf6a8f-b750-41ea-9640-b2b3dde8a5a2" testListId="8c84fa94-04c1-424b-9868-57a2d4851a1d" />
    <TestEntry testId="baf4c8f9-72bd-e9a1-3899-5f643a41cbac" executionId="d3832e3a-7637-4123-be8a-35ac8d4b3c9b" testListId="8c84fa94-04c1-424b-9868-57a2d4851a1d" />
    <TestEntry testId="1df2cd5e-05cd-0340-279c-bf437d1b1fa6" executionId="5b8e484c-32c1-4a02-bf02-be7fdfad6b0c" testListId="8c84fa94-04c1-424b-9868-57a2d4851a1d" />
    <TestEntry testId="af9c61a0-f313-c3c8-1027-5c796a206b57" executionId="0857f158-b19a-41a3-b24b-7d8c318ebf58" testListId="8c84fa94-04c1-424b-9868-57a2d4851a1d" />
    <TestEntry testId="3d7d1584-1c63-ac50-bc50-de50031518c4" executionId="fff249b7-7816-4a24-b61b-ee74bc5fc029" testListId="8c84fa94-04c1-424b-9868-57a2d4851a1d" />
    <TestEntry testId="0edd46c6-0864-a084-7845-f3ab5a58d5e8" executionId="8cc20de3-91a1-4299-8d5f-d67d6af1abc8" testListId="8c84fa94-04c1-424b-9868-57a2d4851a1d" />
    <TestEntry testId="cbb366c6-732e-4def-9a11-8dd886c0022f" executionId="d808ecc2-877d-486f-9254-b75c358ec7e6" testListId="8c84fa94-04c1-424b-9868-57a2d4851a1d" />
    <TestEntry testId="1ca2fccd-4727-4051-5830-7ec18c4d7263" executionId="88870f03-6965-4a9a-a9b1-aeceabd3f966" testListId="8c84fa94-04c1-424b-9868-57a2d4851a1d" />
    <TestEntry testId="4744dcc3-4bcc-ce0e-885e-9c28396a533f" executionId="c8d51ae2-8db5-4472-9378-8c061d6a0950" testListId="8c84fa94-04c1-424b-9868-57a2d4851a1d" />
    <TestEntry testId="8082022e-9ba0-4329-7312-ea4cd2cb3ab8" executionId="a3d08319-08e8-4a6b-b41b-17ba589d5488" testListId="8c84fa94-04c1-424b-9868-57a2d4851a1d" />
    <TestEntry testId="d4549c3c-9899-20a6-9260-01b385ff068d" executionId="8ad87523-a976-4a17-8e04-33df9eb7de0e" testListId="8c84fa94-04c1-424b-9868-57a2d4851a1d" />
    <TestEntry testId="baa9a9c2-82c6-dfe0-e3fa-3cd1e3e7ccba" executionId="65cefc2e-c10c-4876-83ab-1dd4fe76c5c0" testListId="8c84fa94-04c1-424b-9868-57a2d4851a1d" />
    <TestEntry testId="b5297abf-74a9-3001-95eb-a1a261572d42" executionId="74bb7f26-5ff7-444f-b80a-2644f3ca8ccf" testListId="8c84fa94-04c1-424b-9868-57a2d4851a1d" />
    <TestEntry testId="26ff1520-2742-f4bc-a1c3-8e5cdfc6dc23" executionId="b8527b23-3e61-4747-8980-5b625edb2756" testListId="8c84fa94-04c1-424b-9868-57a2d4851a1d" />
    <TestEntry testId="703d9bbb-ee8a-2635-69c5-fc611c620eee" executionId="c0342b22-2606-4a23-bc95-4ea434f0e639" testListId="8c84fa94-04c1-424b-9868-57a2d4851a1d" />
    <TestEntry testId="3e520c80-0f62-a07e-65c9-318f860f601b" executionId="4f07d974-fd04-44fd-a4b5-ab8e61009a05" testListId="8c84fa94-04c1-424b-9868-57a2d4851a1d" />
    <TestEntry testId="9335201e-0849-2837-cc1d-4fb4bfd54e5d" executionId="ff5d3692-df7c-4820-adaf-a693c0832d96" testListId="8c84fa94-04c1-424b-9868-57a2d4851a1d" />
    <TestEntry testId="2f4488dd-19dd-82ed-e8ad-8944a67ad6c6" executionId="f02b85bc-f8fa-4f94-b70c-0d7906cfb895" testListId="8c84fa94-04c1-424b-9868-57a2d4851a1d" />
  </TestEntries>
  <TestLists>
    <TestList name="Results Not in a List" id="8c84fa94-04c1-424b-9868-57a2d4851a1d" />
    <TestList name="All Loaded Results" id="19431567-8539-422a-85d7-44ee4e166bda" />
  </TestLists>
  <ResultSummary outcome="Failed">
    <Counters total="106" executed="106" passed="21" failed="85" error="0" timeout="0" aborted="0" inconclusive="0" passedButRunAborted="0" notRunnable="0" notExecuted="0" disconnected="0" warning="0" completed="0" inProgress="0" pending="0" />
  </ResultSummary>
</TestRun>﻿<?xml version="1.0" encoding="UTF-8"?>
<TestRun id="792d0bbe-ad2f-42a5-8c64-2eda2edccca1" name="zanaanuar@ZANAANUAR1564 2016-08-14 19:20:15" runUser="ZANAANUAR1564\zanaanuar" xmlns="http://microsoft.com/schemas/VisualStudio/TeamTest/2010">
  <Times creation="2016-08-14T19:20:15.9715804+08:00" queuing="2016-08-14T19:20:15.9715804+08:00" start="2016-08-14T19:20:15.9755790+08:00" finish="2016-08-14T19:20:20.6956154+08:00" />
  <TestSettings name="default" id="2985413d-cec7-4e1b-a1de-512b3bd02c37">
    <Execution>
      <TestTypeSpecific />
    </Execution>
    <Deployment runDeploymentRoot="zanaanuar_ZANAANUAR1564 2016-08-14 19_20_15" />
    <Properties />
  </TestSettings>
  <Results>
    <UnitTestResult executionId="93c6cc03-a5ec-4df2-bf47-4b6052032f21" testId="8d13645f-ace3-ee52-0b1f-b75f216a1c8a" testName="ExA2_TestWithAName" computerName="ZANAANUAR1564" duration="00:00:00.0100469" startTime="2016-08-14T19:20:15.8755782+08:00" endTime="2016-08-14T19:20:15.9157098+08:00" testType="13cdc9d9-ddb5-4fa4-a97d-d965ccfc6d4b" outcome="Passed" testListId="8c84fa94-04c1-424b-9868-57a2d4851a1d" relativeResultsDirectory="93c6cc03-a5ec-4df2-bf47-4b6052032f21">
      <Output>
        <StdOut>Debug Trace:
Good Morning John</StdOut>
      </Output>
    </UnitTestResult>
    <UnitTestResult executionId="78156320-1b7f-4147-a769-f4f90b3d3e23" testId="e3d43c25-4879-9987-1b05-886dcab007db" testName="ExC3_TestWithZero" computerName="ZANAANUAR1564" duration="00:00:00.0108079" startTime="2016-08-14T19:20:15.9265774+08:00" endTime="2016-08-14T19:20:15.9375864+08:00" testType="13cdc9d9-ddb5-4fa4-a97d-d965ccfc6d4b" outcome="Failed" testListId="8c84fa94-04c1-424b-9868-57a2d4851a1d" relativeResultsDirectory="78156320-1b7f-4147-a769-f4f90b3d3e23">
      <Output>
        <ErrorInfo>
          <Message>Assert.AreEqual failed. Expected:&lt;F&gt;. Actual:&lt;(null)&gt;. </Message>
          <StackTrace>   at ExercisesTest.ExC3Test.ExC3_TestWithZero() in \\mac\home\Desktop\CSExercises\ExercisesTest\SectionC\ExC3Test.cs:line 14
</StackTrace>
        </ErrorInfo>
      </Output>
    </UnitTestResult>
    <UnitTestResult executionId="4cc292b3-e0ca-424c-bca2-e7ad73e2f202" testId="97c4b883-ea03-6670-c7d7-8a5271d03002" testName="ExC3_TestForA" computerName="ZANAANUAR1564" duration="00:00:00.0012557" startTime="2016-08-14T19:20:15.9375864+08:00" endTime="2016-08-14T19:20:15.9385780+08:00" testType="13cdc9d9-ddb5-4fa4-a97d-d965ccfc6d4b" outcome="Failed" testListId="8c84fa94-04c1-424b-9868-57a2d4851a1d" relativeResultsDirectory="4cc292b3-e0ca-424c-bca2-e7ad73e2f202">
      <Output>
        <ErrorInfo>
          <Message>Assert.AreEqual failed. Expected:&lt;A&gt;. Actual:&lt;(null)&gt;. </Message>
          <StackTrace>   at ExercisesTest.ExC3Test.ExC3_TestForA() in \\mac\home\Desktop\CSExercises\ExercisesTest\SectionC\ExC3Test.cs:line 21
</StackTrace>
        </ErrorInfo>
      </Output>
    </UnitTestResult>
    <UnitTestResult executionId="b0ad6ca7-eeb6-4aca-a0d8-72b397ef9d42" testId="057093fc-37d3-acb2-7e8c-260165b052fe" testName="ExC3_TestForB" computerName="ZANAANUAR1564" duration="00:00:00.0009646" startTime="2016-08-14T19:20:15.9385780+08:00" endTime="2016-08-14T19:20:15.9405772+08:00" testType="13cdc9d9-ddb5-4fa4-a97d-d965ccfc6d4b" outcome="Failed" testListId="8c84fa94-04c1-424b-9868-57a2d4851a1d" relativeResultsDirectory="b0ad6ca7-eeb6-4aca-a0d8-72b397ef9d42">
      <Output>
        <ErrorInfo>
          <Message>Assert.AreEqual failed. Expected:&lt;B&gt;. Actual:&lt;(null)&gt;. </Message>
          <StackTrace>   at ExercisesTest.ExC3Test.ExC3_TestForB() in \\mac\home\Desktop\CSExercises\ExercisesTest\SectionC\ExC3Test.cs:line 28
</StackTrace>
        </ErrorInfo>
      </Output>
    </UnitTestResult>
    <UnitTestResult executionId="807380b2-a843-4034-a007-06791a992b94" testId="9f43dc8a-28c1-8a57-a21b-12b5d329c479" testName="ExC3_TestForC" computerName="ZANAANUAR1564" duration="00:00:00.0011922" startTime="2016-08-14T19:20:15.9405772+08:00" endTime="2016-08-14T19:20:15.9415814+08:00" testType="13cdc9d9-ddb5-4fa4-a97d-d965ccfc6d4b" outcome="Failed" testListId="8c84fa94-04c1-424b-9868-57a2d4851a1d" relativeResultsDirectory="807380b2-a843-4034-a007-06791a992b94">
      <Output>
        <ErrorInfo>
          <Message>Assert.AreEqual failed. Expected:&lt;C&gt;. Actual:&lt;(null)&gt;. </Message>
          <StackTrace>   at ExercisesTest.ExC3Test.ExC3_TestForC() in \\mac\home\Desktop\CSExercises\ExercisesTest\SectionC\ExC3Test.cs:line 35
</StackTrace>
        </ErrorInfo>
      </Output>
    </UnitTestResult>
    <UnitTestResult executionId="23054fe1-0044-40e5-b273-80ad3b942783" testId="e77da0c1-e064-d298-63e2-55fde252db14" testName="ExC3_TestWithNegative" computerName="ZANAANUAR1564" duration="00:00:00.0010374" startTime="2016-08-14T19:20:15.9415814+08:00" endTime="2016-08-14T19:20:15.9425814+08:00" testType="13cdc9d9-ddb5-4fa4-a97d-d965ccfc6d4b" outcome="Failed" testListId="8c84fa94-04c1-424b-9868-57a2d4851a1d" relativeResultsDirectory="23054fe1-0044-40e5-b273-80ad3b942783">
      <Output>
        <ErrorInfo>
          <Message>Assert.AreEqual failed. Expected:&lt;**Error**&gt;. Actual:&lt;(null)&gt;. </Message>
          <StackTrace>   at ExercisesTest.ExC3Test.ExC3_TestWithNegative() in \\mac\home\Desktop\CSExercises\ExercisesTest\SectionC\ExC3Test.cs:line 41
</StackTrace>
        </ErrorInfo>
      </Output>
    </UnitTestResult>
    <UnitTestResult executionId="87380d66-c3d8-4a4d-a816-3ff30a6b6fad" testId="736ce668-007a-8538-cb57-b0aa4f59c7ed" testName="ExC3_TestWithLargeNumber" computerName="ZANAANUAR1564" duration="00:00:00.0011123" startTime="2016-08-14T19:20:15.9425814+08:00" endTime="2016-08-14T19:20:15.9445744+08:00" testType="13cdc9d9-ddb5-4fa4-a97d-d965ccfc6d4b" outcome="Failed" testListId="8c84fa94-04c1-424b-9868-57a2d4851a1d" relativeResultsDirectory="87380d66-c3d8-4a4d-a816-3ff30a6b6fad">
      <Output>
        <ErrorInfo>
          <Message>Assert.AreEqual failed. Expected:&lt;**Error**&gt;. Actual:&lt;(null)&gt;. </Message>
          <StackTrace>   at ExercisesTest.ExC3Test.ExC3_TestWithLargeNumber() in \\mac\home\Desktop\CSExercises\ExercisesTest\SectionC\ExC3Test.cs:line 47
</StackTrace>
        </ErrorInfo>
      </Output>
    </UnitTestResult>
    <UnitTestResult executionId="8929fc12-fab9-434d-9dd4-6f6048b98ae6" testId="159ba622-1904-2602-2526-72a12ffa196f" testName="ExB5_TestWithZero" computerName="ZANAANUAR1564" duration="00:00:00.0010728" startTime="2016-08-14T19:20:15.9445744+08:00" endTime="2016-08-14T19:20:15.9457307+08:00" testType="13cdc9d9-ddb5-4fa4-a97d-d965ccfc6d4b" outcome="Passed" testListId="8c84fa94-04c1-424b-9868-57a2d4851a1d" relativeResultsDirectory="8929fc12-fab9-434d-9dd4-6f6048b98ae6">
      <Output>
        <StdOut>Debug Trace:
0
3</StdOut>
      </Output>
    </UnitTestResult>
    <UnitTestResult executionId="75af7d17-66fd-4fac-98f8-239a503416cc" testId="4ce714ee-0184-d714-c26f-c0f025b421a2" testName="ExB5_TestWithRandomPositiveNumber" computerName="ZANAANUAR1564" duration="00:00:00.0018183" startTime="2016-08-14T19:20:15.9457307+08:00" endTime="2016-08-14T19:20:15.9476216+08:00" testType="13cdc9d9-ddb5-4fa4-a97d-d965ccfc6d4b" outcome="Failed" testListId="8c84fa94-04c1-424b-9868-57a2d4851a1d" relativeResultsDirectory="75af7d17-66fd-4fac-98f8-239a503416cc">
      <Output>
        <StdOut>Debug Trace:
77
29340</StdOut>
        <ErrorInfo>
          <Message>Assert.AreEqual failed. Expected:&lt;11553&gt;. Actual:&lt;29340&gt;. Program output is different from the expected output.</Message>
          <StackTrace>   at ExercisesTest.TestHelper.AssertOutput(String expectedOutput) in \\mac\home\Desktop\CSExercises\ExercisesTest\TestHelper.cs:line 48
   at ExercisesTest.TestHelper.TestOutputEqual(Type t, String input, String output) in \\mac\home\Desktop\CSExercises\ExercisesTest\TestHelper.cs:line 97
   at ExercisesTest.ExB5Test.ExB5_TestWithRandomPositiveNumber() in \\mac\home\Desktop\CSExercises\ExercisesTest\SectionB\ExB5Test.cs:line 21
</StackTrace>
        </ErrorInfo>
      </Output>
    </UnitTestResult>
    <UnitTestResult executionId="2f994753-20cc-4dba-878b-cfcc8f554f76" testId="56a6c058-ff64-0a54-1bb8-aba4833eba62" testName="ExB5_TestWithRandomNegativeNumber" computerName="ZANAANUAR1564" duration="00:00:00.0014764" startTime="2016-08-14T19:20:15.9517088+08:00" endTime="2016-08-14T19:20:15.9535822+08:00" testType="13cdc9d9-ddb5-4fa4-a97d-d965ccfc6d4b" outcome="Failed" testListId="8c84fa94-04c1-424b-9868-57a2d4851a1d" relativeResultsDirectory="2f994753-20cc-4dba-878b-cfcc8f554f76">
      <Output>
        <StdOut>Debug Trace:
-87
38196</StdOut>
        <ErrorInfo>
          <Message>Assert.AreEqual failed. Expected:&lt;15489&gt;. Actual:&lt;38196&gt;. Program output is different from the expected output.</Message>
          <StackTrace>   at ExercisesTest.TestHelper.AssertOutput(String expectedOutput) in \\mac\home\Desktop\CSExercises\ExercisesTest\TestHelper.cs:line 48
   at ExercisesTest.TestHelper.TestOutputEqual(Type t, String input, String output) in \\mac\home\Desktop\CSExercises\ExercisesTest\TestHelper.cs:line 97
   at ExercisesTest.ExB5Test.ExB5_TestWithRandomNegativeNumber() in \\mac\home\Desktop\CSExercises\ExercisesTest\SectionB\ExB5Test.cs:line 29
</StackTrace>
        </ErrorInfo>
      </Output>
    </UnitTestResult>
    <UnitTestResult executionId="ff44164c-6e4e-4a29-930f-6c6ca1917961" testId="521f27a5-8565-5e7d-7db9-96f0742480e4" testName="ExB4_TestWithZero" computerName="ZANAANUAR1564" duration="00:00:00.0005075" startTime="2016-08-14T19:20:15.9535822+08:00" endTime="2016-08-14T19:20:15.9545800+08:00" testType="13cdc9d9-ddb5-4fa4-a97d-d965ccfc6d4b" outcome="Passed" testListId="8c84fa94-04c1-424b-9868-57a2d4851a1d" relativeResultsDirectory="ff44164c-6e4e-4a29-930f-6c6ca1917961">
      <Output>
        <StdOut>Debug Trace:
0
32</StdOut>
      </Output>
    </UnitTestResult>
    <UnitTestResult executionId="e085e3c0-6283-462f-96b3-1a93ba0fafde" testId="d3c73420-c493-2580-26b5-713efb8af071" testName="ExB4_TestWithRandomPositiveNumber" computerName="ZANAANUAR1564" duration="00:00:00.0002172" startTime="2016-08-14T19:20:15.9545800+08:00" endTime="2016-08-14T19:20:15.9555768+08:00" testType="13cdc9d9-ddb5-4fa4-a97d-d965ccfc6d4b" outcome="Passed" testListId="8c84fa94-04c1-424b-9868-57a2d4851a1d" relativeResultsDirectory="e085e3c0-6283-462f-96b3-1a93ba0fafde">
      <Output>
        <StdOut>Debug Trace:
14
57.2</StdOut>
      </Output>
    </UnitTestResult>
    <UnitTestResult executionId="ded3f8e9-5006-419b-8d0e-dac221476f84" testId="07543d53-3299-9504-fc22-6f3224244293" testName="ExB4_TestWithRandomNegativeNumber" computerName="ZANAANUAR1564" duration="00:00:00.0002098" startTime="2016-08-14T19:20:15.9555768+08:00" endTime="2016-08-14T19:20:15.9555768+08:00" testType="13cdc9d9-ddb5-4fa4-a97d-d965ccfc6d4b" outcome="Passed" testListId="8c84fa94-04c1-424b-9868-57a2d4851a1d" relativeResultsDirectory="ded3f8e9-5006-419b-8d0e-dac221476f84">
      <Output>
        <StdOut>Debug Trace:
-87
-124.6</StdOut>
      </Output>
    </UnitTestResult>
    <UnitTestResult executionId="767589e6-a557-44ea-9c4b-90343a4678b9" testId="547d9154-166e-a709-4ab7-dbf01b9db8a0" testName="ExB3_TestWithZero" computerName="ZANAANUAR1564" duration="00:00:00.0005470" startTime="2016-08-14T19:20:15.9555768+08:00" endTime="2016-08-14T19:20:15.9565762+08:00" testType="13cdc9d9-ddb5-4fa4-a97d-d965ccfc6d4b" outcome="Passed" testListId="8c84fa94-04c1-424b-9868-57a2d4851a1d" relativeResultsDirectory="767589e6-a557-44ea-9c4b-90343a4678b9">
      <Output>
        <StdOut>Debug Trace:
0
$0.00</StdOut>
      </Output>
    </UnitTestResult>
    <UnitTestResult executionId="2f7e8078-ddba-468f-84d6-01de0520f379" testId="ff06b2a1-aac2-2828-23bf-4e83c2715f17" testName="ExB3_TestWithRandomNumber" computerName="ZANAANUAR1564" duration="00:00:00.0002501" startTime="2016-08-14T19:20:15.9565762+08:00" endTime="2016-08-14T19:20:15.9565762+08:00" testType="13cdc9d9-ddb5-4fa4-a97d-d965ccfc6d4b" outcome="Passed" testListId="8c84fa94-04c1-424b-9868-57a2d4851a1d" relativeResultsDirectory="2f7e8078-ddba-468f-84d6-01de0520f379">
      <Output>
        <StdOut>Debug Trace:
14
$15.82</StdOut>
      </Output>
    </UnitTestResult>
    <UnitTestResult executionId="5477a0d1-86a9-40b9-ad32-8b6c2719ae20" testId="dd7a1cf7-7671-a70a-aef5-f365aedd4d0e" testName="ExB2_TestWithZero" computerName="ZANAANUAR1564" duration="00:00:00.0003106" startTime="2016-08-14T19:20:15.9565762+08:00" endTime="2016-08-14T19:20:15.9575771+08:00" testType="13cdc9d9-ddb5-4fa4-a97d-d965ccfc6d4b" outcome="Passed" testListId="8c84fa94-04c1-424b-9868-57a2d4851a1d" relativeResultsDirectory="5477a0d1-86a9-40b9-ad32-8b6c2719ae20" />
    <UnitTestResult executionId="ffa0bafa-52c1-4d78-a00f-db209f2b2f44" testId="1e6e95e5-93d0-8567-b766-24daa399e7a5" testName="ExB2_TestWithRandomNumber" computerName="ZANAANUAR1564" duration="00:00:00.0001622" startTime="2016-08-14T19:20:15.9575771+08:00" endTime="2016-08-14T19:20:15.9575771+08:00" testType="13cdc9d9-ddb5-4fa4-a97d-d965ccfc6d4b" outcome="Passed" testListId="8c84fa94-04c1-424b-9868-57a2d4851a1d" relativeResultsDirectory="ffa0bafa-52c1-4d78-a00f-db209f2b2f44" />
    <UnitTestResult executionId="8d1733e6-0497-48bb-ad29-dfc6d66838b7" testId="928f0289-fc26-87c9-cbcc-7860f04c41e5" testName="ExB1_TestWithZero" computerName="ZANAANUAR1564" duration="00:00:00.0002219" startTime="2016-08-14T19:20:15.9575771+08:00" endTime="2016-08-14T19:20:15.9585759+08:00" testType="13cdc9d9-ddb5-4fa4-a97d-d965ccfc6d4b" outcome="Passed" testListId="8c84fa94-04c1-424b-9868-57a2d4851a1d" relativeResultsDirectory="8d1733e6-0497-48bb-ad29-dfc6d66838b7" />
    <UnitTestResult executionId="60438d4b-ffb3-4c43-a370-1beb2169876f" testId="cf3fce46-434f-4b13-6b4c-ced354dd07f6" testName="ExB1_TestWithRandomNumber" computerName="ZANAANUAR1564" duration="00:00:00.0002542" startTime="2016-08-14T19:20:15.9585759+08:00" endTime="2016-08-14T19:20:15.9585759+08:00" testType="13cdc9d9-ddb5-4fa4-a97d-d965ccfc6d4b" outcome="Passed" testListId="8c84fa94-04c1-424b-9868-57a2d4851a1d" relativeResultsDirectory="60438d4b-ffb3-4c43-a370-1beb2169876f" />
    <UnitTestResult executionId="497fd459-1f0c-4d88-91ff-bed355c40d1c" testId="76d0a13b-ab80-9522-b82c-80ef6e94b587" testName="ExA5_Case1" computerName="ZANAANUAR1564" duration="00:00:00.0003331" startTime="2016-08-14T19:20:15.9585759+08:00" endTime="2016-08-14T19:20:15.9595758+08:00" testType="13cdc9d9-ddb5-4fa4-a97d-d965ccfc6d4b" outcome="Passed" testListId="8c84fa94-04c1-424b-9868-57a2d4851a1d" relativeResultsDirectory="497fd459-1f0c-4d88-91ff-bed355c40d1c">
      <Output>
        <StdOut>Debug Trace:
100.1
100.10</StdOut>
      </Output>
    </UnitTestResult>
    <UnitTestResult executionId="275059e2-d52c-4ab3-bcb9-26a7b4b4cc14" testId="22a0a7fb-7586-1091-0284-41aa8e900d3a" testName="ExA5_Case2" computerName="ZANAANUAR1564" duration="00:00:00.0001655" startTime="2016-08-14T19:20:15.9595758+08:00" endTime="2016-08-14T19:20:15.9595758+08:00" testType="13cdc9d9-ddb5-4fa4-a97d-d965ccfc6d4b" outcome="Passed" testListId="8c84fa94-04c1-424b-9868-57a2d4851a1d" relativeResultsDirectory="275059e2-d52c-4ab3-bcb9-26a7b4b4cc14">
      <Output>
        <StdOut>Debug Trace:
0
0.00</StdOut>
      </Output>
    </UnitTestResult>
    <UnitTestResult executionId="ae2b6f0f-a43d-4bdc-9d41-47be1cadddfc" testId="220c17f5-86fd-d612-976c-3a2f2514a9ee" testName="ExA5_Case3" computerName="ZANAANUAR1564" duration="00:00:00.0001596" startTime="2016-08-14T19:20:15.9595758+08:00" endTime="2016-08-14T19:20:15.9595758+08:00" testType="13cdc9d9-ddb5-4fa4-a97d-d965ccfc6d4b" outcome="Passed" testListId="8c84fa94-04c1-424b-9868-57a2d4851a1d" relativeResultsDirectory="ae2b6f0f-a43d-4bdc-9d41-47be1cadddfc">
      <Output>
        <StdOut>Debug Trace:
3.232
3.23</StdOut>
      </Output>
    </UnitTestResult>
    <UnitTestResult executionId="2709eac0-cb3b-44a0-8d10-99c901c7d0fc" testId="eeda8489-f414-b738-730a-b86d9a065988" testName="ExA5_Case4" computerName="ZANAANUAR1564" duration="00:00:00.0001688" startTime="2016-08-14T19:20:15.9595758+08:00" endTime="2016-08-14T19:20:15.9605763+08:00" testType="13cdc9d9-ddb5-4fa4-a97d-d965ccfc6d4b" outcome="Passed" testListId="8c84fa94-04c1-424b-9868-57a2d4851a1d" relativeResultsDirectory="2709eac0-cb3b-44a0-8d10-99c901c7d0fc">
      <Output>
        <StdOut>Debug Trace:
4.555
4.56</StdOut>
      </Output>
    </UnitTestResult>
    <UnitTestResult executionId="aa923672-39ee-4888-a8ed-845b3ebd3321" testId="7c77c2c8-c4ae-c33d-b32c-0c27ea0a4ea6" testName="ExA4_SquareOf0" computerName="ZANAANUAR1564" duration="00:00:00.0008026" startTime="2016-08-14T19:20:15.9605763+08:00" endTime="2016-08-14T19:20:15.9615760+08:00" testType="13cdc9d9-ddb5-4fa4-a97d-d965ccfc6d4b" outcome="Passed" testListId="8c84fa94-04c1-424b-9868-57a2d4851a1d" relativeResultsDirectory="aa923672-39ee-4888-a8ed-845b3ebd3321" />
    <UnitTestResult executionId="6b7652e2-16a9-463b-bed6-6c501d3b0b16" testId="06b9133f-4899-3a9e-2fb2-27c70cb6b199" testName="ExA4_SquareOf10" computerName="ZANAANUAR1564" duration="00:00:00.0002332" startTime="2016-08-14T19:20:15.9615760+08:00" endTime="2016-08-14T19:20:15.9615760+08:00" testType="13cdc9d9-ddb5-4fa4-a97d-d965ccfc6d4b" outcome="Passed" testListId="8c84fa94-04c1-424b-9868-57a2d4851a1d" relativeResultsDirectory="6b7652e2-16a9-463b-bed6-6c501d3b0b16" />
    <UnitTestResult executionId="9cdb8b50-f24b-4923-8c2f-18d99148de96" testId="bb1830d4-461e-fe67-a1f1-5256b7d4a372" testName="ExA4_SquareOfMin10" computerName="ZANAANUAR1564" duration="00:00:00.0001338" startTime="2016-08-14T19:20:15.9615760+08:00" endTime="2016-08-14T19:20:15.9615760+08:00" testType="13cdc9d9-ddb5-4fa4-a97d-d965ccfc6d4b" outcome="Passed" testListId="8c84fa94-04c1-424b-9868-57a2d4851a1d" relativeResultsDirectory="9cdb8b50-f24b-4923-8c2f-18d99148de96" />
    <UnitTestResult executionId="68be5198-ed2d-463e-9158-cc30340a4c91" testId="b0fe1b76-85dd-996a-6897-764077fa221a" testName="ExB6_TestWithZero" computerName="ZANAANUAR1564" duration="00:00:00.0005090" startTime="2016-08-14T19:20:15.9615760+08:00" endTime="2016-08-14T19:20:15.9625765+08:00" testType="13cdc9d9-ddb5-4fa4-a97d-d965ccfc6d4b" outcome="Passed" testListId="8c84fa94-04c1-424b-9868-57a2d4851a1d" relativeResultsDirectory="68be5198-ed2d-463e-9158-cc30340a4c91">
      <Output>
        <StdOut>Debug Trace:
0
0
0
0
0</StdOut>
      </Output>
    </UnitTestResult>
    <UnitTestResult executionId="1de07988-8759-480e-b06a-a0bb51f8a3fe" testId="3e2b89e5-e2cc-63c8-e53e-5e4f06942620" testName="ExB6_TestWithPositiveNumber" computerName="ZANAANUAR1564" duration="00:00:00.0002416" startTime="2016-08-14T19:20:15.9625765+08:00" endTime="2016-08-14T19:20:15.9635764+08:00" testType="13cdc9d9-ddb5-4fa4-a97d-d965ccfc6d4b" outcome="Passed" testListId="8c84fa94-04c1-424b-9868-57a2d4851a1d" relativeResultsDirectory="1de07988-8759-480e-b06a-a0bb51f8a3fe">
      <Output>
        <StdOut>Debug Trace:
20
0
20
20
20</StdOut>
      </Output>
    </UnitTestResult>
    <UnitTestResult executionId="ae691fa1-7195-4be9-963f-eb5b370fc014" testId="09a74379-7aab-b6a3-6c3c-bf77ba90813f" testName="ExB6_TestWithNegativeNumber" computerName="ZANAANUAR1564" duration="00:00:00.0002169" startTime="2016-08-14T19:20:15.9635764+08:00" endTime="2016-08-14T19:20:15.9635764+08:00" testType="13cdc9d9-ddb5-4fa4-a97d-d965ccfc6d4b" outcome="Passed" testListId="8c84fa94-04c1-424b-9868-57a2d4851a1d" relativeResultsDirectory="ae691fa1-7195-4be9-963f-eb5b370fc014">
      <Output>
        <StdOut>Debug Trace:
20
0
-20
-20
44.7213595499958</StdOut>
      </Output>
    </UnitTestResult>
    <UnitTestResult executionId="9c9447f7-5845-484a-9b56-fe18a90e0ec7" testId="5d10d8c6-9801-fba8-47ea-4f24d629e64e" testName="ExB7_TestWithZero" computerName="ZANAANUAR1564" duration="00:00:00.0009026" startTime="2016-08-14T19:20:15.9635764+08:00" endTime="2016-08-14T19:20:15.9645762+08:00" testType="13cdc9d9-ddb5-4fa4-a97d-d965ccfc6d4b" outcome="Passed" testListId="8c84fa94-04c1-424b-9868-57a2d4851a1d" relativeResultsDirectory="9c9447f7-5845-484a-9b56-fe18a90e0ec7">
      <Output>
        <StdOut>Debug Trace:
0
2.4</StdOut>
      </Output>
    </UnitTestResult>
    <UnitTestResult executionId="e7cb3b5c-080e-48b9-be3a-a0ba7097c58f" testId="8a3c2921-0d21-9733-b802-8fd60efda746" testName="ExB7_TestWithRandomPositiveNumber" computerName="ZANAANUAR1564" duration="00:00:00.0003210" startTime="2016-08-14T19:20:15.9645762+08:00" endTime="2016-08-14T19:20:15.9655787+08:00" testType="13cdc9d9-ddb5-4fa4-a97d-d965ccfc6d4b" outcome="Passed" testListId="8c84fa94-04c1-424b-9868-57a2d4851a1d" relativeResultsDirectory="e7cb3b5c-080e-48b9-be3a-a0ba7097c58f">
      <Output>
        <StdOut>Debug Trace:
49.01
22.004

32.01
15.204

25.02
12.408</StdOut>
      </Output>
    </UnitTestResult>
    <UnitTestResult executionId="f644f850-577c-4479-bf87-acedb6060315" testId="d8f4ff5b-1da8-68e0-6735-dca747510bd3" testName="ExB8_TestWithZero" computerName="ZANAANUAR1564" duration="00:00:00.0016312" startTime="2016-08-14T19:20:15.9655787+08:00" endTime="2016-08-14T19:20:15.9675769+08:00" testType="13cdc9d9-ddb5-4fa4-a97d-d965ccfc6d4b" outcome="Failed" testListId="8c84fa94-04c1-424b-9868-57a2d4851a1d" relativeResultsDirectory="f644f850-577c-4479-bf87-acedb6060315">
      <Output>
        <StdOut>Debug Trace:
0
2.4</StdOut>
        <ErrorInfo>
          <Message>Assert.AreEqual failed. Expected:&lt;2.40&gt;. Actual:&lt;2.4&gt;. Program output is different from the expected output.</Message>
          <StackTrace>   at ExercisesTest.TestHelper.AssertOutput(String expectedOutput) in \\mac\home\Desktop\CSExercises\ExercisesTest\TestHelper.cs:line 48
   at ExercisesTest.TestHelper.TestOutputEqual(Type t, String input, String output) in \\mac\home\Desktop\CSExercises\ExercisesTest\TestHelper.cs:line 97
   at ExercisesTest.ExB8Test.ExB8_TestWithZero() in \\mac\home\Desktop\CSExercises\ExercisesTest\SectionB\ExB8Test.cs:line 13
</StackTrace>
        </ErrorInfo>
      </Output>
    </UnitTestResult>
    <UnitTestResult executionId="8cd55878-52d6-4279-9d5b-73abfb80f771" testId="4c46834b-f4c3-08ad-a27c-3715addd7c00" testName="ExB8_TestWithRandomPositiveNumber" computerName="ZANAANUAR1564" duration="00:00:00.0013017" startTime="2016-08-14T19:20:15.9675769+08:00" endTime="2016-08-14T19:20:15.9685796+08:00" testType="13cdc9d9-ddb5-4fa4-a97d-d965ccfc6d4b" outcome="Failed" testListId="8c84fa94-04c1-424b-9868-57a2d4851a1d" relativeResultsDirectory="8cd55878-52d6-4279-9d5b-73abfb80f771">
      <Output>
        <StdOut>Debug Trace:
49.01
22</StdOut>
        <ErrorInfo>
          <Message>Assert.AreEqual failed. Expected:&lt;22.00&gt;. Actual:&lt;22&gt;. Program output is different from the expected output.</Message>
          <StackTrace>   at ExercisesTest.TestHelper.AssertOutput(String expectedOutput) in \\mac\home\Desktop\CSExercises\ExercisesTest\TestHelper.cs:line 48
   at ExercisesTest.TestHelper.TestOutputEqual(Type t, String input, String output) in \\mac\home\Desktop\CSExercises\ExercisesTest\TestHelper.cs:line 97
   at ExercisesTest.ExB8Test.ExB8_TestWithRandomPositiveNumber() in \\mac\home\Desktop\CSExercises\ExercisesTest\SectionB\ExB8Test.cs:line 23
</StackTrace>
        </ErrorInfo>
      </Output>
    </UnitTestResult>
    <UnitTestResult executionId="36552aec-54c4-4f71-a9d1-fcefb50c64b7" testId="4d421191-ce69-78f3-5526-c5d9422be733" testName="ExB9TestWithZero" computerName="ZANAANUAR1564" duration="00:00:00.0014529" startTime="2016-08-14T19:20:15.9685796+08:00" endTime="2016-08-14T19:20:15.9705805+08:00" testType="13cdc9d9-ddb5-4fa4-a97d-d965ccfc6d4b" outcome="Failed" testListId="8c84fa94-04c1-424b-9868-57a2d4851a1d" relativeResultsDirectory="36552aec-54c4-4f71-a9d1-fcefb50c64b7">
      <Output>
        <StdOut>Debug Trace:
0
2.4</StdOut>
        <ErrorInfo>
          <Message>Assert.AreEqual failed. Expected:&lt;2.40&gt;. Actual:&lt;2.4&gt;. Program output is different from the expected output.</Message>
          <StackTrace>   at ExercisesTest.TestHelper.AssertOutput(String expectedOutput) in \\mac\home\Desktop\CSExercises\ExercisesTest\TestHelper.cs:line 48
   at ExercisesTest.TestHelper.TestOutputEqual(Type t, String input, String output) in \\mac\home\Desktop\CSExercises\ExercisesTest\TestHelper.cs:line 97
   at ExercisesTest.ExB9Test.ExB9TestWithZero() in \\mac\home\Desktop\CSExercises\ExercisesTest\SectionB\ExB9Test.cs:line 13
</StackTrace>
        </ErrorInfo>
      </Output>
    </UnitTestResult>
    <UnitTestResult executionId="df0d7bf4-8018-4b8e-8d3a-41e616f88a6c" testId="2514325f-8396-182f-50e8-0dd4b88ec67a" testName="ExB9TestWithRandomPositiveNumber" computerName="ZANAANUAR1564" duration="00:00:00.0013402" startTime="2016-08-14T19:20:15.9705805+08:00" endTime="2016-08-14T19:20:15.9725768+08:00" testType="13cdc9d9-ddb5-4fa4-a97d-d965ccfc6d4b" outcome="Failed" testListId="8c84fa94-04c1-424b-9868-57a2d4851a1d" relativeResultsDirectory="df0d7bf4-8018-4b8e-8d3a-41e616f88a6c">
      <Output>
        <StdOut>Debug Trace:
49.01
22.1</StdOut>
        <ErrorInfo>
          <Message>Assert.AreEqual failed. Expected:&lt;22.10&gt;. Actual:&lt;22.1&gt;. Program output is different from the expected output.</Message>
          <StackTrace>   at ExercisesTest.TestHelper.AssertOutput(String expectedOutput) in \\mac\home\Desktop\CSExercises\ExercisesTest\TestHelper.cs:line 48
   at ExercisesTest.TestHelper.TestOutputEqual(Type t, String input, String output) in \\mac\home\Desktop\CSExercises\ExercisesTest\TestHelper.cs:line 97
   at ExercisesTest.ExB9Test.ExB9TestWithRandomPositiveNumber() in \\mac\home\Desktop\CSExercises\ExercisesTest\SectionB\ExB9Test.cs:line 23
</StackTrace>
        </ErrorInfo>
      </Output>
    </UnitTestResult>
    <UnitTestResult executionId="70dca0d6-0929-4bf3-ada3-40da5ae47e87" testId="2f64d7d7-397c-497d-5ac2-6f48b2c6e87a" testName="ExB10_TestWithZero" computerName="ZANAANUAR1564" duration="00:00:00.0004506" startTime="2016-08-14T19:20:15.9725768+08:00" endTime="2016-08-14T19:20:15.9735783+08:00" testType="13cdc9d9-ddb5-4fa4-a97d-d965ccfc6d4b" outcome="Passed" testListId="8c84fa94-04c1-424b-9868-57a2d4851a1d" relativeResultsDirectory="70dca0d6-0929-4bf3-ada3-40da5ae47e87">
      <Output>
        <StdOut>Debug Trace:
0
0
0
0</StdOut>
      </Output>
    </UnitTestResult>
    <UnitTestResult executionId="9888a2cf-3345-4494-86e4-c94987141afa" testId="2c0176f9-773e-372e-9030-1985551cf0c5" testName="ExB10_TestWithPositiveNumber" computerName="ZANAANUAR1564" duration="00:00:00.0002103" startTime="2016-08-14T19:20:15.9735783+08:00" endTime="2016-08-14T19:20:15.9735783+08:00" testType="13cdc9d9-ddb5-4fa4-a97d-d965ccfc6d4b" outcome="Passed" testListId="8c84fa94-04c1-424b-9868-57a2d4851a1d" relativeResultsDirectory="9888a2cf-3345-4494-86e4-c94987141afa">
      <Output>
        <StdOut>Debug Trace:
3
4
5
6</StdOut>
      </Output>
    </UnitTestResult>
    <UnitTestResult executionId="327e94d9-3df7-4118-ab23-1ea12ca725dc" testId="f44f585d-496a-ceff-8ec5-5aa583d03039" testName="ExC5_TestWithAmstrongNumber" computerName="ZANAANUAR1564" duration="00:00:00.0014456" startTime="2016-08-14T19:20:15.9735783+08:00" endTime="2016-08-14T19:20:15.9755790+08:00" testType="13cdc9d9-ddb5-4fa4-a97d-d965ccfc6d4b" outcome="Failed" testListId="8c84fa94-04c1-424b-9868-57a2d4851a1d" relativeResultsDirectory="327e94d9-3df7-4118-ab23-1ea12ca725dc">
      <Output>
        <StdOut>Debug Trace:</StdOut>
        <ErrorInfo>
          <Message>Assert.IsTrue failed. There is no output detected</Message>
          <StackTrace>   at ExercisesTest.TestHelper.AssertOutput(String expectedOutput) in \\mac\home\Desktop\CSExercises\ExercisesTest\TestHelper.cs:line 47
   at ExercisesTest.TestHelper.TestOutputEqual(Type t, String input, String output) in \\mac\home\Desktop\CSExercises\ExercisesTest\TestHelper.cs:line 97
   at ExercisesTest.ExC5Test.ExC5_TestWithAmstrongNumber() in \\mac\home\Desktop\CSExercises\ExercisesTest\SectionC\ExC5Test.cs:line 13
</StackTrace>
        </ErrorInfo>
      </Output>
    </UnitTestResult>
    <UnitTestResult executionId="e5e84afe-236f-48c7-ba93-0a7b502c8839" testId="403ee091-5d56-e49f-11e0-a0069db2d71f" testName="ExC5_TestWithRandomPositiveNumber" computerName="ZANAANUAR1564" duration="00:00:00.0013772" startTime="2016-08-14T19:20:15.9755790+08:00" endTime="2016-08-14T19:20:15.9765803+08:00" testType="13cdc9d9-ddb5-4fa4-a97d-d965ccfc6d4b" outcome="Failed" testListId="8c84fa94-04c1-424b-9868-57a2d4851a1d" relativeResultsDirectory="e5e84afe-236f-48c7-ba93-0a7b502c8839">
      <Output>
        <StdOut>Debug Trace:</StdOut>
        <ErrorInfo>
          <Message>Assert.IsTrue failed. There is no output detected</Message>
          <StackTrace>   at ExercisesTest.TestHelper.AssertOutput(String expectedOutput) in \\mac\home\Desktop\CSExercises\ExercisesTest\TestHelper.cs:line 47
   at ExercisesTest.TestHelper.TestOutputEqual(Type t, String input, String output) in \\mac\home\Desktop\CSExercises\ExercisesTest\TestHelper.cs:line 97
   at ExercisesTest.ExC5Test.ExC5_TestWithRandomPositiveNumber() in \\mac\home\Desktop\CSExercises\ExercisesTest\SectionC\ExC5Test.cs:line 27
</StackTrace>
        </ErrorInfo>
      </Output>
    </UnitTestResult>
    <UnitTestResult executionId="56fe17d5-b80e-44c3-8797-99d51cafabe9" testId="61d166ef-4cfe-77e3-b543-897aca364290" testName="ExC1_TestWithMale" computerName="ZANAANUAR1564" duration="00:00:00.0018280" startTime="2016-08-14T19:20:15.9765803+08:00" endTime="2016-08-14T19:20:15.9795792+08:00" testType="13cdc9d9-ddb5-4fa4-a97d-d965ccfc6d4b" outcome="Failed" testListId="8c84fa94-04c1-424b-9868-57a2d4851a1d" relativeResultsDirectory="56fe17d5-b80e-44c3-8797-99d51cafabe9">
      <Output>
        <StdOut>Debug Trace:
Please enter your name: John Smith
Please enter your gender (M/F): M</StdOut>
        <ErrorInfo>
          <Message>Assert.AreEqual failed. Expected:&lt;good morning mr. john smith&gt;. Actual:&lt;please enter your gender (m/f):&gt;. Program output is different from the expected output.</Message>
          <StackTrace>   at ExercisesTest.TestHelper.AssertOutput(String expectedOutput) in \\mac\home\Desktop\CSExercises\ExercisesTest\TestHelper.cs:line 48
   at ExercisesTest.ExC1Test.ExC1_TestWithMale() in \\mac\home\Desktop\CSExercises\ExercisesTest\SectionC\ExC1Test.cs:line 15
</StackTrace>
        </ErrorInfo>
      </Output>
    </UnitTestResult>
    <UnitTestResult executionId="621e1cc8-07f0-427c-b1e4-0c1942493e69" testId="f01da9c2-186f-f432-e2ea-a4bf6e6db11b" testName="ExC1_TestWithFemale" computerName="ZANAANUAR1564" duration="00:00:00.0014170" startTime="2016-08-14T19:20:15.9795792+08:00" endTime="2016-08-14T19:20:15.9805788+08:00" testType="13cdc9d9-ddb5-4fa4-a97d-d965ccfc6d4b" outcome="Failed" testListId="8c84fa94-04c1-424b-9868-57a2d4851a1d" relativeResultsDirectory="621e1cc8-07f0-427c-b1e4-0c1942493e69">
      <Output>
        <StdOut>Debug Trace:
Please enter your name: Jane Austen
Please enter your gender (M/F): F</StdOut>
        <ErrorInfo>
          <Message>Assert.AreEqual failed. Expected:&lt;good morning ms. jane austen&gt;. Actual:&lt;please enter your gender (m/f):&gt;. Program output is different from the expected output.</Message>
          <StackTrace>   at ExercisesTest.TestHelper.AssertOutput(String expectedOutput) in \\mac\home\Desktop\CSExercises\ExercisesTest\TestHelper.cs:line 48
   at ExercisesTest.ExC1Test.ExC1_TestWithFemale() in \\mac\home\Desktop\CSExercises\ExercisesTest\SectionC\ExC1Test.cs:line 24
</StackTrace>
        </ErrorInfo>
      </Output>
    </UnitTestResult>
    <UnitTestResult executionId="348b585e-0b44-4e12-87f8-7348d3071b4e" testId="437f057a-e785-23b6-2c3b-fdb00373c2ea" testName="ExC1_TestWithUnknown" computerName="ZANAANUAR1564" duration="00:00:00.0004631" startTime="2016-08-14T19:20:15.9805788+08:00" endTime="2016-08-14T19:20:15.9815795+08:00" testType="13cdc9d9-ddb5-4fa4-a97d-d965ccfc6d4b" outcome="Passed" testListId="8c84fa94-04c1-424b-9868-57a2d4851a1d" relativeResultsDirectory="348b585e-0b44-4e12-87f8-7348d3071b4e">
      <Output>
        <StdOut>Debug Trace:
Please enter your name: Jane Austen
Please enter your gender (M/F): X</StdOut>
      </Output>
    </UnitTestResult>
    <UnitTestResult executionId="ae52fcdf-d775-45ef-99f0-945059e68b9a" testId="2cc7dc39-d769-d794-e8ff-a77afcb7d16c" testName="ExC2_TestWithUncle" computerName="ZANAANUAR1564" duration="00:00:00.0016669" startTime="2016-08-14T19:20:15.9815795+08:00" endTime="2016-08-14T19:20:15.9835810+08:00" testType="13cdc9d9-ddb5-4fa4-a97d-d965ccfc6d4b" outcome="Failed" testListId="8c84fa94-04c1-424b-9868-57a2d4851a1d" relativeResultsDirectory="ae52fcdf-d775-45ef-99f0-945059e68b9a">
      <Output>
        <StdOut>Debug Trace:
Please enter your name: Arnold
Please enter your gender (M/F): M
Please enter your age: 40</StdOut>
        <ErrorInfo>
          <Message>Assert.AreEqual failed. Expected:&lt;good morning uncle arnold&gt;. Actual:&lt;please enter your age:&gt;. Program output is different from the expected output.</Message>
          <StackTrace>   at ExercisesTest.TestHelper.AssertOutput(String expectedOutput) in \\mac\home\Desktop\CSExercises\ExercisesTest\TestHelper.cs:line 48
   at ExercisesTest.ExC2_Test.ExC2_TestWithUncle() in \\mac\home\Desktop\CSExercises\ExercisesTest\SectionC\ExC2_Test.cs:line 15
</StackTrace>
        </ErrorInfo>
      </Output>
    </UnitTestResult>
    <UnitTestResult executionId="d941b1f1-95ee-4245-b818-27ccfb5c6af7" testId="358b895f-9561-e345-43e3-0530571178f3" testName="ExC2_TestWithAunty" computerName="ZANAANUAR1564" duration="00:00:00.0019495" startTime="2016-08-14T19:20:15.9835810+08:00" endTime="2016-08-14T19:20:15.9855810+08:00" testType="13cdc9d9-ddb5-4fa4-a97d-d965ccfc6d4b" outcome="Failed" testListId="8c84fa94-04c1-424b-9868-57a2d4851a1d" relativeResultsDirectory="d941b1f1-95ee-4245-b818-27ccfb5c6af7">
      <Output>
        <StdOut>Debug Trace:
Please enter your name: Madonna
Please enter your gender (M/F): F
Please enter your age: 51</StdOut>
        <ErrorInfo>
          <Message>Assert.AreEqual failed. Expected:&lt;good morning aunty madonna&gt;. Actual:&lt;please enter your age:&gt;. Program output is different from the expected output.</Message>
          <StackTrace>   at ExercisesTest.TestHelper.AssertOutput(String expectedOutput) in \\mac\home\Desktop\CSExercises\ExercisesTest\TestHelper.cs:line 48
   at ExercisesTest.ExC2_Test.ExC2_TestWithAunty() in \\mac\home\Desktop\CSExercises\ExercisesTest\SectionC\ExC2_Test.cs:line 24
</StackTrace>
        </ErrorInfo>
      </Output>
    </UnitTestResult>
    <UnitTestResult executionId="bc74f9bb-469a-494b-9332-a4d36a1d0da8" testId="5786c8fe-760a-f1e2-51f3-9bf03ba7c133" testName="ExC2_TestWitMr" computerName="ZANAANUAR1564" duration="00:00:00.0012505" startTime="2016-08-14T19:20:15.9855810+08:00" endTime="2016-08-14T19:20:15.9875763+08:00" testType="13cdc9d9-ddb5-4fa4-a97d-d965ccfc6d4b" outcome="Failed" testListId="8c84fa94-04c1-424b-9868-57a2d4851a1d" relativeResultsDirectory="bc74f9bb-469a-494b-9332-a4d36a1d0da8">
      <Output>
        <StdOut>Debug Trace:
Please enter your name: Will Smith
Please enter your gender (M/F): M
Please enter your age:</StdOut>
        <ErrorInfo>
          <Message>Assert.AreEqual failed. Expected:&lt;good morning mr. will smith&gt;. Actual:&lt;please enter your age:&gt;. Program output is different from the expected output.</Message>
          <StackTrace>   at ExercisesTest.TestHelper.AssertOutput(String expectedOutput) in \\mac\home\Desktop\CSExercises\ExercisesTest\TestHelper.cs:line 48
   at ExercisesTest.ExC2_Test.ExC2_TestWitMr() in \\mac\home\Desktop\CSExercises\ExercisesTest\SectionC\ExC2_Test.cs:line 33
</StackTrace>
        </ErrorInfo>
      </Output>
    </UnitTestResult>
    <UnitTestResult executionId="dcc6ed7a-a376-4e56-9d50-8f9f162ed229" testId="1d1c8a71-2287-e26b-162e-49d36eb500a6" testName="ExC2_TestWithMs" computerName="ZANAANUAR1564" duration="00:00:00.0012129" startTime="2016-08-14T19:20:15.9875763+08:00" endTime="2016-08-14T19:20:15.9885801+08:00" testType="13cdc9d9-ddb5-4fa4-a97d-d965ccfc6d4b" outcome="Failed" testListId="8c84fa94-04c1-424b-9868-57a2d4851a1d" relativeResultsDirectory="dcc6ed7a-a376-4e56-9d50-8f9f162ed229">
      <Output>
        <StdOut>Debug Trace:
Please enter your name: Ariana Grande
Please enter your gender (M/F): F
Please enter your age: 18</StdOut>
        <ErrorInfo>
          <Message>Assert.AreEqual failed. Expected:&lt;good morning ms. ariana grande&gt;. Actual:&lt;please enter your age:&gt;. Program output is different from the expected output.</Message>
          <StackTrace>   at ExercisesTest.TestHelper.AssertOutput(String expectedOutput) in \\mac\home\Desktop\CSExercises\ExercisesTest\TestHelper.cs:line 48
   at ExercisesTest.ExC2_Test.ExC2_TestWithMs() in \\mac\home\Desktop\CSExercises\ExercisesTest\SectionC\ExC2_Test.cs:line 42
</StackTrace>
        </ErrorInfo>
      </Output>
    </UnitTestResult>
    <UnitTestResult executionId="386dc163-d132-47c2-b523-e0471c7097dc" testId="3f3b4237-6c70-8c91-dc5f-29e8e770339b" testName="ExC2_TestWithUnknown" computerName="ZANAANUAR1564" duration="00:00:00.0002527" startTime="2016-08-14T19:20:15.9885801+08:00" endTime="2016-08-14T19:20:15.9895813+08:00" testType="13cdc9d9-ddb5-4fa4-a97d-d965ccfc6d4b" outcome="Passed" testListId="8c84fa94-04c1-424b-9868-57a2d4851a1d" relativeResultsDirectory="386dc163-d132-47c2-b523-e0471c7097dc">
      <Output>
        <StdOut>Debug Trace:
Please enter your name: Jane Austen
Please enter your gender (M/F): X
Please enter your age: 20</StdOut>
      </Output>
    </UnitTestResult>
    <UnitTestResult executionId="33d29bc8-b140-4ad5-9611-b9fd4207d933" testId="66b3003b-1aa8-40bb-c162-a94b6568685b" testName="ExC4_TestWithZero" computerName="ZANAANUAR1564" duration="00:00:00.0014207" startTime="2016-08-14T19:20:15.9895813+08:00" endTime="2016-08-14T19:20:15.9905786+08:00" testType="13cdc9d9-ddb5-4fa4-a97d-d965ccfc6d4b" outcome="Failed" testListId="8c84fa94-04c1-424b-9868-57a2d4851a1d" relativeResultsDirectory="33d29bc8-b140-4ad5-9611-b9fd4207d933">
      <Output>
        <ErrorInfo>
          <Message>Assert.AreEqual failed. Expected:&lt;2.4&gt;. Actual:&lt;0&gt;. </Message>
          <StackTrace>   at ExercisesTest.ExC4Test.ExC4_TestWithZero() in \\mac\home\Desktop\CSExercises\ExercisesTest\SectionC\ExC4Test.cs:line 13
</StackTrace>
        </ErrorInfo>
      </Output>
    </UnitTestResult>
    <UnitTestResult executionId="24051a5c-1aa5-4d14-a91e-41d804e2419e" testId="b31774ee-007b-47f0-8e32-c6031c54d16f" testName="ExC4TestWithHalf" computerName="ZANAANUAR1564" duration="00:00:00.0011121" startTime="2016-08-14T19:20:15.9905786+08:00" endTime="2016-08-14T19:20:15.9925783+08:00" testType="13cdc9d9-ddb5-4fa4-a97d-d965ccfc6d4b" outcome="Failed" testListId="8c84fa94-04c1-424b-9868-57a2d4851a1d" relativeResultsDirectory="24051a5c-1aa5-4d14-a91e-41d804e2419e">
      <Output>
        <ErrorInfo>
          <Message>Assert.AreEqual failed. Expected:&lt;2.4&gt;. Actual:&lt;0&gt;. </Message>
          <StackTrace>   at ExercisesTest.ExC4Test.ExC4TestWithHalf() in \\mac\home\Desktop\CSExercises\ExercisesTest\SectionC\ExC4Test.cs:line 20
</StackTrace>
        </ErrorInfo>
      </Output>
    </UnitTestResult>
    <UnitTestResult executionId="4c338a54-47c1-4cc6-bf4b-f6cd75449430" testId="27d651a7-a3b9-7a3a-3e05-60be06064821" testName="ExC4Test9Km" computerName="ZANAANUAR1564" duration="00:00:00.0017738" startTime="2016-08-14T19:20:15.9925783+08:00" endTime="2016-08-14T19:20:15.9945763+08:00" testType="13cdc9d9-ddb5-4fa4-a97d-d965ccfc6d4b" outcome="Failed" testListId="8c84fa94-04c1-424b-9868-57a2d4851a1d" relativeResultsDirectory="4c338a54-47c1-4cc6-bf4b-f6cd75449430">
      <Output>
        <ErrorInfo>
          <Message>Assert.AreEqual failed. Expected:&lt;5.8&gt;. Actual:&lt;0&gt;. </Message>
          <StackTrace>   at ExercisesTest.ExC4Test.ExC4Test9Km() in \\mac\home\Desktop\CSExercises\ExercisesTest\SectionC\ExC4Test.cs:line 26
</StackTrace>
        </ErrorInfo>
      </Output>
    </UnitTestResult>
    <UnitTestResult executionId="96430667-f80f-4ed9-8aea-89b180eba8e0" testId="99cc52e4-4ede-d6f1-699a-639a70caf19e" testName="ExC4Test1213Km" computerName="ZANAANUAR1564" duration="00:00:00.0015095" startTime="2016-08-14T19:20:15.9945763+08:00" endTime="2016-08-14T19:20:15.9965789+08:00" testType="13cdc9d9-ddb5-4fa4-a97d-d965ccfc6d4b" outcome="Failed" testListId="8c84fa94-04c1-424b-9868-57a2d4851a1d" relativeResultsDirectory="96430667-f80f-4ed9-8aea-89b180eba8e0">
      <Output>
        <ErrorInfo>
          <Message>Assert.AreEqual failed. Expected:&lt;7.4&gt;. Actual:&lt;0&gt;. </Message>
          <StackTrace>   at ExercisesTest.ExC4Test.ExC4Test1213Km() in \\mac\home\Desktop\CSExercises\ExercisesTest\SectionC\ExC4Test.cs:line 33
</StackTrace>
        </ErrorInfo>
      </Output>
    </UnitTestResult>
    <UnitTestResult executionId="7328b48e-934c-4c77-9280-256705cf29f1" testId="f232122e-0613-e1ee-dfe5-9b85a22cd2b0" testName="ExC6_TestWithZero" computerName="ZANAANUAR1564" duration="00:00:00.0003071" startTime="2016-08-14T19:20:15.9965789+08:00" endTime="2016-08-14T19:20:15.9965789+08:00" testType="13cdc9d9-ddb5-4fa4-a97d-d965ccfc6d4b" outcome="Passed" testListId="8c84fa94-04c1-424b-9868-57a2d4851a1d" relativeResultsDirectory="7328b48e-934c-4c77-9280-256705cf29f1" />
    <UnitTestResult executionId="bfeab073-fe10-4372-a071-12b5599bb088" testId="ae4e66b0-9a29-2a92-aee9-fdf389c27fe6" testName="ExC6_TestWithOneProduct1" computerName="ZANAANUAR1564" duration="00:00:00.0012771" startTime="2016-08-14T19:20:15.9965789+08:00" endTime="2016-08-14T19:20:15.9985814+08:00" testType="13cdc9d9-ddb5-4fa4-a97d-d965ccfc6d4b" outcome="Failed" testListId="8c84fa94-04c1-424b-9868-57a2d4851a1d" relativeResultsDirectory="bfeab073-fe10-4372-a071-12b5599bb088">
      <Output>
        <ErrorInfo>
          <Message>Assert.AreEqual failed. Expected:&lt;4860&gt;. Actual:&lt;0&gt;. </Message>
          <StackTrace>   at ExercisesTest.ExC6Test.ExC6_TestWithOneProduct1() in \\mac\home\Desktop\CSExercises\ExercisesTest\SectionC\ExC6_Test.cs:line 18
</StackTrace>
        </ErrorInfo>
      </Output>
    </UnitTestResult>
    <UnitTestResult executionId="78d22cdb-1129-46d3-ad15-27e4c82be681" testId="4297656f-1197-d292-0489-69d8ad93083c" testName="ExC6_TestWithOneProduct2" computerName="ZANAANUAR1564" duration="00:00:00.0012506" startTime="2016-08-14T19:20:15.9985814+08:00" endTime="2016-08-14T19:20:15.9995801+08:00" testType="13cdc9d9-ddb5-4fa4-a97d-d965ccfc6d4b" outcome="Failed" testListId="8c84fa94-04c1-424b-9868-57a2d4851a1d" relativeResultsDirectory="78d22cdb-1129-46d3-ad15-27e4c82be681">
      <Output>
        <ErrorInfo>
          <Message>Assert.AreEqual failed. Expected:&lt;5000&gt;. Actual:&lt;0&gt;. </Message>
          <StackTrace>   at ExercisesTest.ExC6Test.ExC6_TestWithOneProduct2() in \\mac\home\Desktop\CSExercises\ExercisesTest\SectionC\ExC6_Test.cs:line 24
</StackTrace>
        </ErrorInfo>
      </Output>
    </UnitTestResult>
    <UnitTestResult executionId="190f9652-645c-4119-9230-82e7f01b0ca8" testId="527da127-2853-1a9b-a2ad-f3585c728530" testName="ExC6_TestWithOneProduct3" computerName="ZANAANUAR1564" duration="00:00:00.0012625" startTime="2016-08-14T19:20:15.9995801+08:00" endTime="2016-08-14T19:20:16.0015784+08:00" testType="13cdc9d9-ddb5-4fa4-a97d-d965ccfc6d4b" outcome="Failed" testListId="8c84fa94-04c1-424b-9868-57a2d4851a1d" relativeResultsDirectory="190f9652-645c-4119-9230-82e7f01b0ca8">
      <Output>
        <ErrorInfo>
          <Message>Assert.AreEqual failed. Expected:&lt;4950&gt;. Actual:&lt;0&gt;. </Message>
          <StackTrace>   at ExercisesTest.ExC6Test.ExC6_TestWithOneProduct3() in \\mac\home\Desktop\CSExercises\ExercisesTest\SectionC\ExC6_Test.cs:line 30
</StackTrace>
        </ErrorInfo>
      </Output>
    </UnitTestResult>
    <UnitTestResult executionId="bb743509-7f4e-42e1-a2e7-62258f85635f" testId="62915065-52ff-5fd8-8913-0189d77875c3" testName="ExC6_TestWithOneProduct4" computerName="ZANAANUAR1564" duration="00:00:00.0016359" startTime="2016-08-14T19:20:16.0015784+08:00" endTime="2016-08-14T19:20:16.0035787+08:00" testType="13cdc9d9-ddb5-4fa4-a97d-d965ccfc6d4b" outcome="Failed" testListId="8c84fa94-04c1-424b-9868-57a2d4851a1d" relativeResultsDirectory="bb743509-7f4e-42e1-a2e7-62258f85635f">
      <Output>
        <ErrorInfo>
          <Message>Assert.AreEqual failed. Expected:&lt;9000&gt;. Actual:&lt;0&gt;. </Message>
          <StackTrace>   at ExercisesTest.ExC6Test.ExC6_TestWithOneProduct4() in \\mac\home\Desktop\CSExercises\ExercisesTest\SectionC\ExC6_Test.cs:line 36
</StackTrace>
        </ErrorInfo>
      </Output>
    </UnitTestResult>
    <UnitTestResult executionId="bfc13097-593b-4727-b3d1-c1044b6711d6" testId="14d8a934-4e3c-5ff4-d896-b004187a9351" testName="ExC6_TestWithOneProduct5" computerName="ZANAANUAR1564" duration="00:00:00.0010382" startTime="2016-08-14T19:20:16.0035787+08:00" endTime="2016-08-14T19:20:16.0045804+08:00" testType="13cdc9d9-ddb5-4fa4-a97d-d965ccfc6d4b" outcome="Failed" testListId="8c84fa94-04c1-424b-9868-57a2d4851a1d" relativeResultsDirectory="bfc13097-593b-4727-b3d1-c1044b6711d6">
      <Output>
        <ErrorInfo>
          <Message>Assert.AreEqual failed. Expected:&lt;5600&gt;. Actual:&lt;0&gt;. </Message>
          <StackTrace>   at ExercisesTest.ExC6Test.ExC6_TestWithOneProduct5() in \\mac\home\Desktop\CSExercises\ExercisesTest\SectionC\ExC6_Test.cs:line 42
</StackTrace>
        </ErrorInfo>
      </Output>
    </UnitTestResult>
    <UnitTestResult executionId="fd8dc693-83d2-4080-a77c-f6ea173986ee" testId="8206a26a-e532-85c1-9aad-17a6a0a5bdf0" testName="ExC6_TestWithTwoProducts1" computerName="ZANAANUAR1564" duration="00:00:00.0012504" startTime="2016-08-14T19:20:16.0045804+08:00" endTime="2016-08-14T19:20:16.0065791+08:00" testType="13cdc9d9-ddb5-4fa4-a97d-d965ccfc6d4b" outcome="Failed" testListId="8c84fa94-04c1-424b-9868-57a2d4851a1d" relativeResultsDirectory="fd8dc693-83d2-4080-a77c-f6ea173986ee">
      <Output>
        <ErrorInfo>
          <Message>Assert.AreEqual failed. Expected:&lt;9265&gt;. Actual:&lt;0&gt;. </Message>
          <StackTrace>   at ExercisesTest.ExC6Test.ExC6_TestWithTwoProducts1() in \\mac\home\Desktop\CSExercises\ExercisesTest\SectionC\ExC6_Test.cs:line 48
</StackTrace>
        </ErrorInfo>
      </Output>
    </UnitTestResult>
    <UnitTestResult executionId="d22ece13-6684-4178-8e42-2de483491263" testId="59543185-c115-6f05-fde4-7a3a3cf60da3" testName="ExC6_TestWithThreeProducts1" computerName="ZANAANUAR1564" duration="00:00:00.0012296" startTime="2016-08-14T19:20:16.0065791+08:00" endTime="2016-08-14T19:20:16.0075810+08:00" testType="13cdc9d9-ddb5-4fa4-a97d-d965ccfc6d4b" outcome="Failed" testListId="8c84fa94-04c1-424b-9868-57a2d4851a1d" relativeResultsDirectory="d22ece13-6684-4178-8e42-2de483491263">
      <Output>
        <ErrorInfo>
          <Message>Assert.AreEqual failed. Expected:&lt;11365&gt;. Actual:&lt;0&gt;. </Message>
          <StackTrace>   at ExercisesTest.ExC6Test.ExC6_TestWithThreeProducts1() in \\mac\home\Desktop\CSExercises\ExercisesTest\SectionC\ExC6_Test.cs:line 54
</StackTrace>
        </ErrorInfo>
      </Output>
    </UnitTestResult>
    <UnitTestResult executionId="97f4dfb1-f667-4849-b266-ccb99614f3d4" testId="817d2cfb-2701-d099-0d77-7dda9f9ee260" testName="ExD1_TestWith88" computerName="ZANAANUAR1564" duration="00:00:00.0005382" startTime="2016-08-14T19:20:16.0075810+08:00" endTime="2016-08-14T19:20:16.0085786+08:00" testType="13cdc9d9-ddb5-4fa4-a97d-d965ccfc6d4b" outcome="Passed" testListId="8c84fa94-04c1-424b-9868-57a2d4851a1d" relativeResultsDirectory="97f4dfb1-f667-4849-b266-ccb99614f3d4">
      <Output>
        <StdOut>Debug Trace:
Enter a number (1-100): 68
Enter a number (1-100): 26
Enter a number (1-100): 98
Enter a number (1-100): 88
Lucky you</StdOut>
      </Output>
    </UnitTestResult>
    <UnitTestResult executionId="21d94d2e-3bb1-437e-ab4f-4bf8a3389779" testId="b3b356b0-b86d-68eb-f1fa-a1fb7eedeab6" testName="ExD1_TestNo88" computerName="ZANAANUAR1564" duration="00:00:00.1315603" startTime="2016-08-14T19:20:16.0085786+08:00" endTime="2016-08-14T19:20:16.1405779+08:00" testType="13cdc9d9-ddb5-4fa4-a97d-d965ccfc6d4b" outcome="Passed" testListId="8c84fa94-04c1-424b-9868-57a2d4851a1d" relativeResultsDirectory="21d94d2e-3bb1-437e-ab4f-4bf8a3389779">
      <Output>
        <StdOut>Debug Trace:
Enter a number (1-100): 5
Enter a number (1-100): 95
Enter a number (1-100): 18
Enter a number (1-100): 87
Enter a number (1-100): 
Enter a number (1-100): 
Enter a number (1-100): 
Enter a number (1-100): 
Enter a number (1-100): 
Enter a number (1-100): 
Enter a number (1-100): 
Enter a number (1-100): 
Enter a number (1-100): 
Enter a number (1-100): 
Enter a number (1-100): 
Enter a number (1-100): 
Enter a number (1-100): 
Enter a number (1-100): 
Enter a number (1-100): 
Enter a number (1-100): 
Enter a number (1-100): 
Enter a number (1-100): 
Enter a number (1-100): 
Enter a number (1-100): 
Enter a number (1-100): 
Enter a number (1-100): 
Enter a number (1-100): 
Enter a number (1-100): 
Enter a number (1-100): 
Enter a number (1-100): 
Enter a number (1-100): 
Enter a number (1-100): 
Enter a number (1-100): 
Enter a number (1-100): 
Enter a number (1-100): 
Enter a number (1-100): 
Enter a number (1-100): 
Enter a number (1-100): 
Enter a number (1-100): 
Enter a number (1-100): 
Enter a number (1-100): 
Enter a number (1-100): 
Enter a number (1-100): 
Enter a number (1-100): 
Enter a number (1-100): 
Enter a number (1-100): 
Enter a number (1-100): 
Enter a number (1-100): 
Enter a number (1-100): 
Enter a number (1-100): 
Enter a number (1-100): 
Enter a number (1-100): 
Enter a number (1-100): 
Enter a number (1-100): 
Enter a number (1-100): 
Enter a number (1-100): 
Enter a number (1-100): 
Enter a number (1-100): 
Enter a number (1-100): 
Enter a number (1-100): 
Enter a number (1-100): 
Enter a number (1-100): 
Enter a number (1-100): 
Enter a number (1-100): 
Enter a number (1-100): 
Enter a number (1-100): 
Enter a number (1-100): 
Enter a number (1-100): 
Enter a number (1-100): 
Enter a number (1-100): 
Enter a number (1-100): 
Enter a number (1-100): 
Enter a number (1-100): 
Enter a number (1-100): 
Enter a number (1-100): 
Enter a number (1-100): 
Enter a number (1-100): 
Enter a number (1-100): 
Enter a number (1-100): 
Enter a number (1-100): 
Enter a number (1-100): 
Enter a number (1-100): 
Enter a number (1-100): 
Enter a number (1-100): 
Enter a number (1-100): 
Enter a number (1-100): 
Enter a number (1-100): 
Enter a number (1-100): 
Enter a number (1-100): 
Enter a number (1-100): 
Enter a number (1-100): 
Enter a number (1-100): 
Enter a number (1-100): 
Enter a number (1-100): 
Enter a number (1-100): 
Enter a number (1-100): 
Enter a number (1-100): 
Enter a number (1-100): 
Enter a number (1-100): 
Enter a number (1-100): 
Enter a number (1-100): 
Enter a number (1-100): 
Enter a number (1-100): 
Enter a number (1-100): 
Enter a number (1-100): 
Enter a number (1-100): 
Enter a number (1-100): 
Enter a number (1-100): 
Enter a number (1-100): 
Enter a number (1-100): 
Enter a number (1-100): 
Enter a number (1-100): 
Enter a number (1-100): 
Enter a number (1-100): 
Enter a number (1-100): 
Enter a number (1-100): 
Enter a number (1-100): 
Enter a number (1-100): 
Enter a number (1-100): 
Enter a number (1-100): 
Enter a number (1-100): 
Enter a number (1-100): 
Enter a number (1-100): 
Enter a number (1-100): 
Enter a number (1-100): 
Enter a number (1-100): 
Enter a number (1-100): 
Enter a number (1-100): 
Enter a number (1-100): 
Enter a number (1-100): 
Enter a number (1-100): 
Enter a number (1-100): 
Enter a number (1-100): 
Enter a number (1-100): 
Enter a number (1-100): 
Enter a number (1-100): 
Enter a number (1-100): 
Enter a number (1-100): 
Enter a number (1-100): 
Enter a number (1-100): 
Enter a number (1-100): 
Enter a number (1-100): 
Enter a number (1-100): 
Enter a number (1-100): 
Enter a number (1-100): 
Enter a number (1-100): 
Enter a number (1-100): 
Enter a number (1-100): 
Enter a number (1-100): 
Enter a number (1-100): 
Enter a number (1-100): 
Enter a number (1-100): 
Enter a number (1-100): 
Enter a number (1-100): 
Enter a number (1-100): 
Enter a number (1-100): 
Enter a number (1-100): 
Enter a number (1-100): 
Enter a number (1-100): 
Enter a number (1-100): 
Enter a number (1-100): 
Enter a number (1-100): 
Enter a number (1-100): 
Enter a number (1-100): 
Enter a number (1-100): 
Enter a number (1-100): 
Enter a number (1-100): 
Enter a number (1-100): 
Enter a number (1-100): 
Enter a number (1-100): 
Enter a number (1-100): 
Enter a number (1-100): 
Enter a number (1-100): 
Enter a number (1-100): 
Enter a number (1-100): 
Enter a number (1-100): 
Enter a number (1-100): 
Enter a number (1-100): 
Enter a number (1-100): 
Enter a number (1-100): 
Enter a number (1-100): 
Enter a number (1-100): 
Enter a number (1-100): 
Enter a number (1-100): 
Enter a number (1-100): 
Enter a number (1-100): 
Enter a number (1-100): 
Enter a number (1-100): 
Enter a number (1-100): 
Enter a number (1-100): 
Enter a number (1-100): 
Enter a number (1-100): 
Enter a number (1-100): 
Enter a number (1-100): 
Enter a number (1-100): 
Enter a number (1-100): 
Enter a number (1-100): 
Enter a number (1-100): 
Enter a number (1-100): 
Enter a number (1-100): 
Enter a number (1-100): 
Enter a number (1-100): 
Enter a number (1-100): 
Enter a number (1-100): 
Enter a number (1-100): 
Enter a number (1-100): 
Enter a number (1-100): 
Enter a number (1-100): 
Enter a number (1-100): 
Enter a number (1-100): 
Enter a number (1-100): 
Enter a number (1-100): 
Enter a number (1-100): 
Enter a number (1-100): 
Enter a number (1-100): 
Enter a number (1-100): 
Enter a number (1-100): 
Enter a number (1-100): 
Enter a number (1-100): 
Enter a number (1-100): 
Enter a number (1-100): 
Enter a number (1-100): 
Enter a number (1-100): 
Enter a number (1-100): 
Enter a number (1-100): 
Enter a number (1-100): 
Enter a number (1-100): 
Enter a number (1-100): 
Enter a number (1-100): 
Enter a number (1-100): 
Enter a number (1-100): 
Enter a number (1-100): 
Enter a number (1-100): 
Enter a number (1-100): 
Enter a number (1-100): 
Enter a number (1-100): 
Enter a number (1-100): 
Enter a number (1-100): 
Enter a number (1-100): 
Enter a number (1-100): 
Enter a number (1-100): 
Enter a number (1-100): 
Enter a number (1-100): 
Enter a number (1-100): 
Enter a number (1-100): 
Enter a number (1-100): 
Enter a number (1-100): 
Enter a number (1-100): 
Enter a number (1-100): 
Enter a number (1-100): 
Enter a number (1-100): 
Enter a number (1-100): 
Enter a number (1-100): 
Enter a number (1-100): 
Enter a number (1-100): 
Enter a number (1-100): 
Enter a number (1-100): 
Enter a number (1-100): 
Enter a number (1-100): 
Enter a number (1-100): 
Enter a number (1-100): 
Enter a number (1-100): 
Enter a number (1-100): 
Enter a number (1-100): 
Enter a number (1-100): 
Enter a number (1-100): 
Enter a number (1-100): 
Enter a number (1-100): 
Enter a number (1-100): 
Enter a number (1-100): 
Enter a number (1-100): 
Enter a number (1-100): 
Enter a number (1-100): 
Enter a number (1-100): 
Enter a number (1-100): 
Enter a number (1-100): 
Enter a number (1-100): 
Enter a number (1-100): 
Enter a number (1-100): 
Enter a number (1-100): 
Enter a number (1-100): 
Enter a number (1-100): 
Enter a number (1-100): 
Enter a number (1-100): 
Enter a number (1-100): 
Enter a number (1-100): 
Enter a number (1-100): 
Enter a number (1-100): 
Enter a number (1-100): 
Enter a number (1-100): 
Enter a number (1-100): 
Enter a number (1-100): 
Enter a number (1-100): 
Enter a number (1-100): 
Enter a number (1-100): 
Enter a number (1-100): 
Enter a number (1-100): 
Enter a number (1-100): 
Enter a number (1-100): 
Enter a number (1-100): 
Enter a number (1-100): 
Enter a number (1-100): 
Enter a number (1-100): 
Enter a number (1-100): 
Enter a number (1-100): 
Enter a number (1-100): 
Enter a number (1-100): 
Enter a number (1-100): 
Enter a number (1-100): 
Enter a number (1-100): 
Enter a number (1-100): 
Enter a number (1-100): 
Enter a number (1-100): 
Enter a number (1-100): 
Enter a number (1-100): 
Enter a number (1-100): 
Enter a number (1-100): 
Enter a number (1-100): 
Enter a number (1-100): 
Enter a number (1-100): 
Enter a number (1-100): 
Enter a number (1-100): 
Enter a number (1-100): 
Enter a number (1-100): 
Enter a number (1-100): 
Enter a number (1-100): 
Enter a number (1-100): 
Enter a number (1-100): 
Enter a number (1-100): 
Enter a number (1-100): 
Enter a number (1-100): 
Enter a number (1-100): 
Enter a number (1-100): 
Enter a number (1-100): 
Enter a number (1-100): 
Enter a number (1-100): 
Enter a number (1-100): 
Enter a number (1-100): 
Enter a number (1-100): 
Enter a number (1-100): 
Enter a number (1-100): 
Enter a number (1-100): 
Enter a number (1-100): 
Enter a number (1-100): 
Enter a number (1-100): 
Enter a number (1-100): 
Enter a number (1-100): 
Enter a number (1-100): 
Enter a number (1-100): 
Enter a number (1-100): 
Enter a number (1-100): 
Enter a number (1-100): 
Enter a number (1-100): 
Enter a number (1-100): 
Enter a number (1-100): 
Enter a number (1-100): 
Enter a number (1-100): 
Enter a number (1-100): 
Enter a number (1-100): 
Enter a number (1-100): 
Enter a number (1-100): 
Enter a number (1-100): 
Enter a number (1-100): 
Enter a number (1-100): 
Enter a number (1-100): 
Enter a number (1-100): 
Enter a number (1-100): 
Enter a number (1-100): 
Enter a number (1-100): 
Enter a number (1-100): 
Enter a number (1-100): 
Enter a number (1-100): 
Enter a number (1-100): 
Enter a number (1-100): 
Enter a number (1-100): 
Enter a number (1-100): 
Enter a number (1-100): 
Enter a number (1-100): 
Enter a number (1-100): 
Enter a number (1-100): 
Enter a number (1-100): 
Enter a number (1-100): 
Enter a number (1-100): 
Enter a number (1-100): 
Enter a number (1-100): 
Enter a number (1-100): 
Enter a number (1-100): 
Enter a number (1-100): 
Enter a number (1-100): 
Enter a number (1-100): 
Enter a number (1-100): 
Enter a number (1-100): 
Enter a number (1-100): 
Enter a number (1-100): 
Enter a number (1-100): 
Enter a number (1-100): 
Enter a number (1-100): 
Enter a number (1-100): 
Enter a number (1-100): 
Enter a number (1-100): 
Enter a number (1-100): 
Enter a number (1-100): 
Enter a number (1-100): 
Enter a number (1-100): 
Enter a number (1-100): 
Enter a number (1-100): 
Enter a number (1-100): 
Enter a number (1-100): 
Enter a number (1-100): 
Enter a number (1-100): 
Enter a number (1-100): 
Enter a number (1-100): 
Enter a number (1-100): 
Enter a number (1-100): 
Enter a number (1-100): 
Enter a number (1-100): 
Enter a number (1-100): 
Enter a number (1-100): 
Enter a number (1-100): 
Enter a number (1-100): 
Enter a number (1-100): 
Enter a number (1-100): 
Enter a number (1-100): 
Enter a number (1-100): 
Enter a number (1-100): 
Enter a number (1-100): 
Enter a number (1-100): 
Enter a number (1-100): 
Enter a number (1-100): 
Enter a number (1-100): 
Enter a number (1-100): 
Enter a number (1-100): 
Enter a number (1-100): 
Enter a number (1-100): 
Enter a number (1-100): 
Enter a number (1-100): 
Enter a number (1-100): 
Enter a number (1-100): 
Enter a number (1-100): 
Enter a number (1-100): 
Enter a number (1-100): 
Enter a number (1-100): 
Enter a number (1-100): 
Enter a number (1-100): 
Enter a number (1-100): 
Enter a number (1-100): 
Enter a number (1-100): 
Enter a number (1-100): 
Enter a number (1-100): 
Enter a number (1-100): 
Enter a number (1-100): 
Enter a number (1-100): 
Enter a number (1-100): 
Enter a number (1-100): 
Enter a number (1-100): 
Enter a number (1-100): 
Enter a number (1-100): 
Enter a number (1-100): 
Enter a number (1-100): 
Enter a number (1-100): 
Enter a number (1-100): 
Enter a number (1-100): 
Enter a number (1-100): 
Enter a number (1-100): 
Enter a number (1-100): 
Enter a number (1-100): 
Enter a number (1-100): 
Enter a number (1-100): 
Enter a number (1-100): 
Enter a number (1-100): 
Enter a number (1-100): 
Enter a number (1-100): 
Enter a number (1-100): 
Enter a number (1-100): 
Enter a number (1-100): 
Enter a number (1-100): 
Enter a number (1-100): 
Enter a number (1-100): 
Enter a number (1-100): 
Enter a number (1-100): 
Enter a number (1-100): 
Enter a number (1-100): 
Enter a number (1-100): 
Enter a number (1-100): 
Enter a number (1-100): 
Enter a number (1-100): 
Enter a number (1-100): 
Enter a number (1-100): 
Enter a number (1-100): 
Enter a number (1-100): 
Enter a number (1-100): 
Enter a number (1-100): 
Enter a number (1-100): 
Enter a number (1-100): 
Enter a number (1-100): 
Enter a number (1-100): 
Enter a number (1-100): 
Enter a number (1-100): 
Enter a number (1-100): 
Enter a number (1-100): 
Enter a number (1-100): 
Enter a number (1-100): 
Enter a number (1-100): 
Enter a number (1-100): 
Enter a number (1-100): 
Enter a number (1-100): 
Enter a number (1-100): 
Enter a number (1-100): 
Enter a number (1-100): 
Enter a number (1-100): 
Enter a number (1-100): 
Enter a number (1-100): 
Enter a number (1-100): 
Enter a number (1-100): 
Enter a number (1-100): 
Enter a number (1-100): 
Enter a number (1-100): 
Enter a number (1-100): 
Enter a number (1-100): 
Enter a number (1-100): 
Enter a number (1-100): 
Enter a number (1-100): 
Enter a number (1-100): 
Enter a number (1-100): 
Enter a number (1-100): 
Enter a number (1-100): 
Enter a number (1-100): 
Enter a number (1-100): 
Enter a number (1-100): 
Enter a number (1-100): 
Enter a number (1-100): 
Enter a number (1-100): 
Enter a number (1-100): 
Enter a number (1-100): 
Enter a number (1-100): 
Enter a number (1-100): 
Enter a number (1-100): 
Enter a number (1-100): 
Enter a number (1-100): 
Enter a number (1-100): 
Enter a number (1-100): 
Enter a number (1-100): 
Enter a number (1-100): 
Enter a number (1-100): 
Enter a number (1-100): 
Enter a number (1-100): 
Enter a number (1-100): 
Enter a number (1-100): 
Enter a number (1-100): 
Enter a number (1-100): 
Enter a number (1-100): 
Enter a number (1-100): 
Enter a number (1-100): 
Enter a number (1-100): 
Enter a number (1-100): 
Enter a number (1-100): 
Enter a number (1-100): 
Enter a number (1-100): 
Enter a number (1-100): 
Enter a number (1-100): 
Enter a number (1-100): 
Enter a number (1-100): 
Enter a number (1-100): 
Enter a number (1-100): 
Enter a number (1-100): 
Enter a number (1-100): 
Enter a number (1-100): 
Enter a number (1-100): 
Enter a number (1-100): 
Enter a number (1-100): 
Enter a number (1-100): 
Enter a number (1-100): 
Enter a number (1-100): 
Enter a number (1-100): 
Enter a number (1-100): 
Enter a number (1-100): 
Enter a number (1-100): 
Enter a number (1-100): 
Enter a number (1-100): 
Enter a number (1-100): 
Enter a number (1-100): 
Enter a number (1-100): 
Enter a number (1-100): 
Enter a number (1-100): 
Enter a number (1-100): 
Enter a number (1-100): 
Enter a number (1-100): 
Enter a number (1-100): 
Enter a number (1-100): 
Enter a number (1-100): 
Enter a number (1-100): 
Enter a number (1-100): 
Enter a number (1-100): 
Enter a number (1-100): 
Enter a number (1-100): 
Enter a number (1-100): 
Enter a number (1-100): 
Enter a number (1-100): 
Enter a number (1-100): 
Enter a number (1-100): 
Enter a number (1-100): 
Enter a number (1-100): 
Enter a number (1-100): 
Enter a number (1-100): 
Enter a number (1-100): 
Enter a number (1-100): 
Enter a number (1-100): 
Enter a number (1-100): 
Enter a number (1-100): 
Enter a number (1-100): 
Enter a number (1-100): 
Enter a number (1-100): 
Enter a number (1-100): 
Enter a number (1-100): 
Enter a number (1-100): 
Enter a number (1-100): 
Enter a number (1-100): 
Enter a number (1-100): 
Enter a number (1-100): 
Enter a number (1-100): 
Enter a number (1-100): 
Enter a number (1-100): 
Enter a number (1-100): 
Enter a number (1-100): 
Enter a number (1-100): 
Enter a number (1-100): 
Enter a number (1-100): 
Enter a number (1-100): 
Enter a number (1-100): 
Enter a number (1-100): 
Enter a number (1-100): 
Enter a number (1-100): 
Enter a number (1-100): 
Enter a number (1-100): 
Enter a number (1-100): 
Enter a number (1-100): 
Enter a number (1-100): 
Enter a number (1-100): 
Enter a number (1-100): 
Enter a number (1-100): 
Enter a number (1-100): 
Enter a number (1-100): 
Enter a number (1-100): 
Enter a number (1-100): 
Enter a number (1-100): 
Enter a number (1-100): 
Enter a number (1-100): 
Enter a number (1-100): 
Enter a number (1-100): 
Enter a number (1-100): 
Enter a number (1-100): 
Enter a number (1-100): 
Enter a number (1-100): 
Enter a number (1-100): 
Enter a number (1-100): 
Enter a number (1-100): 
Enter a number (1-100): 
Enter a number (1-100): 
Enter a number (1-100): 
Enter a number (1-100): 
Enter a number (1-100): 
Enter a number (1-100): 
Enter a number (1-100): 
Enter a number (1-100): 
Enter a number (1-100): 
Enter a number (1-100): 
Enter a number (1-100): 
Enter a number (1-100): 
Enter a number (1-100): 
Enter a number (1-100): 
Enter a number (1-100): 
Enter a number (1-100): 
Enter a number (1-100): 
Enter a number (1-100): 
Enter a number (1-100): 
Enter a number (1-100): 
Enter a number (1-100): 
Enter a number (1-100): 
Enter a number (1-100): 
Enter a number (1-100): 
Enter a number (1-100): 
Enter a number (1-100): 
Enter a number (1-100): 
Enter a number (1-100): 
Enter a number (1-100): 
Enter a number (1-100): 
Enter a number (1-100): 
Enter a number (1-100): 
Enter a number (1-100): 
Enter a number (1-100): 
Enter a number (1-100): 
Enter a number (1-100): 
Enter a number (1-100): 
Enter a number (1-100): 
Enter a number (1-100): 
Enter a number (1-100): 
Enter a number (1-100): 
Enter a number (1-100): 
Enter a number (1-100): 
Enter a number (1-100): 
Enter a number (1-100): 
Enter a number (1-100): 
Enter a number (1-100): 
Enter a number (1-100): 
Enter a number (1-100): 
Enter a number (1-100): 
Enter a number (1-100): 
Enter a number (1-100): 
Enter a number (1-100): 
Enter a number (1-100): 
Enter a number (1-100): 
Enter a number (1-100): 
Enter a number (1-100): 
Enter a number (1-100): 
Enter a number (1-100): 
Enter a number (1-100): 
Enter a number (1-100): 
Enter a number (1-100): 
Enter a number (1-100): 
Enter a number (1-100): 
Enter a number (1-100): 
Enter a number (1-100): 
Enter a number (1-100): 
Enter a number (1-100): 
Enter a number (1-100): 
Enter a number (1-100): 
Enter a number (1-100): 
Enter a number (1-100): 
Enter a number (1-100): 
Enter a number (1-100): 
Enter a number (1-100): 
Enter a number (1-100): 
Enter a number (1-100): 
Enter a number (1-100): 
Enter a number (1-100): 
Enter a number (1-100): 
Enter a number (1-100): 
Enter a number (1-100): 
Enter a number (1-100): 
Enter a number (1-100): 
Enter a number (1-100): 
Enter a number (1-100): 
Enter a number (1-100): 
Enter a number (1-100): 
Enter a number (1-100): 
Enter a number (1-100): 
Enter a number (1-100): 
Enter a number (1-100): 
Enter a number (1-100): 
Enter a number (1-100): 
Enter a number (1-100): 
Enter a number (1-100): 
Enter a number (1-100): 
Enter a number (1-100): 
Enter a number (1-100): 
Enter a number (1-100): 
Enter a number (1-100): 
Enter a number (1-100): 
Enter a number (1-100): 
Enter a number (1-100): 
Enter a number (1-100): 
Enter a number (1-100): 
Enter a number (1-100): 
Enter a number (1-100): 
Enter a number (1-100): 
Enter a number (1-100): 
Enter a number (1-100): 
Enter a number (1-100): 
Enter a number (1-100): 
Enter a number (1-100): 
Enter a number (1-100): 
Enter a number (1-100): 
Enter a number (1-100): 
Enter a number (1-100): 
Enter a number (1-100): 
Enter a number (1-100): 
Enter a number (1-100): 
Enter a number (1-100): 
Enter a number (1-100): 
Enter a number (1-100): 
Enter a number (1-100): 
Enter a number (1-100): 
Enter a number (1-100): 
Enter a number (1-100): 
Enter a number (1-100): 
Enter a number (1-100): 
Enter a number (1-100): 
Enter a number (1-100): 
Enter a number (1-100): 
Enter a number (1-100): 
Enter a number (1-100): 
Enter a number (1-100): 
Enter a number (1-100): 
Enter a number (1-100): 
Enter a number (1-100): 
Enter a number (1-100): 
Enter a number (1-100): 
Enter a number (1-100): 
Enter a number (1-100): 
Enter a number (1-100): 
Enter a number (1-100): 
Enter a number (1-100): 
Enter a number (1-100): 
Enter a number (1-100): 
Enter a number (1-100): 
Enter a number (1-100): 
Enter a number (1-100): 
Enter a number (1-100): 
Enter a number (1-100): 
Enter a number (1-100): 
Enter a number (1-100): 
Enter a number (1-100): 
Enter a number (1-100): 
Enter a number (1-100): 
Enter a number (1-100): 
Enter a number (1-100): 
Enter a number (1-100): 
Enter a number (1-100): 
Enter a number (1-100): 
Enter a number (1-100): 
Enter a number (1-100): 
Enter a number (1-100): 
Enter a number (1-100): 
Enter a number (1-100): 
Enter a number (1-100): 
Enter a number (1-100): 
Enter a number (1-100): 
Enter a number (1-100): 
Enter a number (1-100): 
Enter a number (1-100): 
Enter a number (1-100): 
Enter a number (1-100): 
Enter a number (1-100): 
Enter a number (1-100): 
Enter a number (1-100): 
Enter a number (1-100): 
Enter a number (1-100): 
Enter a number (1-100): 
Enter a number (1-100): 
Enter a number (1-100): 
Enter a number (1-100): 
Enter a number (1-100): 
Enter a number (1-100): 
Enter a number (1-100): 
Enter a number (1-100): 
Enter a number (1-100): 
Enter a number (1-100): 
Enter a number (1-100): 
Enter a number (1-100): 
Enter a number (1-100): 
Enter a number (1-100): 
Enter a number (1-100): 
Enter a number (1-100): 
Enter a number (1-100): 
Enter a number (1-100): 
Enter a number (1-100): 
Enter a number (1-100): 
Enter a number (1-100): 
Enter a number (1-100): 
Enter a number (1-100): 
Enter a number (1-100): 
Enter a number (1-100): 
Enter a number (1-100): 
Enter a number (1-100): 
Enter a number (1-100): 
Enter a number (1-100): 
Enter a number (1-100): 
Enter a number (1-100): 
Enter a number (1-100): 
Enter a number (1-100): 
Enter a number (1-100): 
Enter a number (1-100): 
Enter a number (1-100): 
Enter a number (1-100): 
Enter a number (1-100): 
Enter a number (1-100): 
Enter a number (1-100): 
Enter a number (1-100): 
Enter a number (1-100): 
Enter a number (1-100): 
Enter a number (1-100): 
Enter a number (1-100): 
Enter a number (1-100): 
Enter a number (1-100): 
Enter a number (1-100): 
Enter a number (1-100): 
Enter a number (1-100): 
Enter a number (1-100): 
Enter a number (1-100): 
Enter a number (1-100): 
Enter a number (1-100): 
Enter a number (1-100): 
Enter a number (1-100): 
Enter a number (1-100): 
Enter a number (1-100): 
Enter a number (1-100): 
Enter a number (1-100): 
Enter a number (1-100): 
Enter a number (1-100): 
Enter a number (1-100): 
Enter a number (1-100): 
Enter a number (1-100): 
Enter a number (1-100): 
Enter a number (1-100): 
Enter a number (1-100): 
Enter a number (1-100): 
Enter a number (1-100): 
Enter a number (1-100): 
Enter a number (1-100): 
Enter a number (1-100): 
Enter a number (1-100): 
Enter a number (1-100): 
Enter a number (1-100): 
Enter a number (1-100): 
Enter a number (1-100): 
Enter a number (1-100): 
Enter a number (1-100): 
Enter a number (1-100): 
Enter a number (1-100): 
Enter a number (1-100): 
Enter a number (1-100): 
Enter a number (1-100): 
Enter a number (1-100): 
Enter a number (1-100): 
Enter a number (1-100): 
Enter a number (1-100): 
Enter a number (1-100): 
Enter a number (1-100): 
Enter a number (1-100): 
Enter a number (1-100): 
Enter a number (1-100): 
Enter a number (1-100): 
Enter a number (1-100): 
Enter a number (1-100): 
Enter a number (1-100): 
Enter a number (1-100): 
Enter a number (1-100): 
Enter a number (1-100): 
Enter a number (1-100): 
Enter a number (1-100): 
Enter a number (1-100): 
Enter a number (1-100): 
Enter a number (1-100): 
Enter a number (1-100): 
Enter a number (1-100): 
Enter a number (1-100): 
Enter a number (1-100): 
Enter a number (1-100): 
Enter a number (1-100): 
Enter a number (1-100): 
Enter a number (1-100): 
Enter a number (1-100): 
Enter a number (1-100): 
Enter a number (1-100): 
Enter a number (1-100): 
Enter a number (1-100): 
Enter a number (1-100): 
Enter a number (1-100): 
Enter a number (1-100): 
Enter a number (1-100): 
Enter a number (1-100): 
Enter a number (1-100): 
Enter a number (1-100): 
Enter a number (1-100): 
Enter a number (1-100): 
Enter a number (1-100): 
Enter a number (1-100): 
Enter a number (1-100): 
Enter a number (1-100): 
Enter a number (1-100): 
Enter a number (1-100): 
Enter a number (1-100): 
Enter a number (1-100): 
Enter a number (1-100): 
Enter a number (1-100): 
Enter a number (1-100): 
Enter a number (1-100): 
Enter a number (1-100): 
Enter a number (1-100): 
Enter a number (1-100): 
Enter a number (1-100): 
Enter a number (1-100): 
Enter a number (1-100): 
Enter a number (1-100): 
Enter a number (1-100): 
Enter a number (1-100): 
Enter a number (1-100): 
Enter a number (1-100): 
Enter a number (1-100): 
Enter a number (1-100): 
Enter a number (1-100): 
Enter a number (1-100): 
Enter a number (1-100): 
Enter a number (1-100): 
Enter a number (1-100): 
Enter a number (1-100): 
Enter a number (1-100): 
Enter a number (1-100): 
Enter a number (1-100): 
Enter a number (1-100): 
Enter a number (1-100): 
Enter a number (1-100): 
Enter a number (1-100): 
Enter a number (1-100): 
Enter a number (1-100): 
Enter a number (1-100): 
Enter a number (1-100): 
Enter a number (1-100): 
Enter a number (1-100): 
Enter a number (1-100): 
Enter a number (1-100): 
Enter a number (1-100): 
Enter a number (1-100): 
Enter a number (1-100): 
Enter a number (1-100): 
Enter a number (1-100): 
Enter a number (1-100): 
Enter a number (1-100): 
Enter a number (1-100): 
Enter a number (1-100): 
Enter a number (1-100): 
Enter a number (1-100): 
Enter a number (1-100): 
Enter a number (1-100): 
Enter a number (1-100): 
Enter a number (1-100): 
Enter a number (1-100): 
Enter a number (1-100): 
Enter a number (1-100): 
Enter a number (1-100): 
Enter a number (1-100): 
Enter a number (1-100): 
Enter a number (1-100): 
Enter a number (1-100): 
Enter a number (1-100): 
Enter a number (1-100): 
Enter a number (1-100): 
Enter a number (1-100): 
Enter a number (1-100): 
Enter a number (1-100): 
Enter a number (1-100): 
Enter a number (1-100): 
Enter a number (1-100): 
Enter a number (1-100): 
Enter a number (1-100): 
Enter a number (1-100): 
Enter a number (1-100): 
Enter a number (1-100): 
Enter a number (1-100): 
Enter a number (1-100): 
Enter a number (1-100): 
Enter a number (1-100): 
Enter a number (1-100): 
Enter a number (1-100): 
Enter a number (1-100): 
Enter a number (1-100): 
Enter a number (1-100): 
Enter a number (1-100): 
Enter a number (1-100): 
Enter a number (1-100): 
Enter a number (1-100): 
Enter a number (1-100): 
Enter a number (1-100): 
Enter a number (1-100): 
Enter a number (1-100): 
Enter a number (1-100): 
Enter a number (1-100): 
Enter a number (1-100): 
Enter a number (1-100): 
Enter a number (1-100): 
Enter a number (1-100): 
Enter a number (1-100): 
Enter a number (1-100): 
Enter a number (1-100): 
Enter a number (1-100): 
Enter a number (1-100): 
Enter a number (1-100): 
Enter a number (1-100): 
Enter a number (1-100): 
Enter a number (1-100): 
Enter a number (1-100): 
Enter a number (1-100): 
Enter a number (1-100): 
Enter a number (1-100): 
Enter a number (1-100): 
Enter a number (1-100): 
Enter a number (1-100): 
Enter a number (1-100): 
Enter a number (1-100): 
Enter a number (1-100): 
Enter a number (1-100): 
Enter a number (1-100): 
Enter a number (1-100): 
Enter a number (1-100): 
Enter a number (1-100): 
Enter a number (1-100): 
Enter a number (1-100): 
Enter a number (1-100): 
Enter a number (1-100): 
Enter a number (1-100): 
Enter a number (1-100): 
Enter a number (1-100): 
Enter a number (1-100): 
Enter a number (1-100): 
Enter a number (1-100): 
Enter a number (1-100): 
Enter a number (1-100): 
Enter a number (1-100): 
Enter a number (1-100): 
Enter a number (1-100): 
Enter a number (1-100): 
Enter a number (1-100): 
Enter a number (1-100): 
Enter a number (1-100): 
Enter a number (1-100): 
Enter a number (1-100): 
Enter a number (1-100): 
Enter a number (1-100): 
Enter a number (1-100): 
Enter a number (1-100): 
Enter a number (1-100): 
Enter a number (1-100): 
Enter a number (1-100): 
Enter a number (1-100): 
Enter a number (1-100): 
Enter a number (1-100): 
Enter a number (1-100): 
Enter a number (1-100): 
Enter a number (1-100): 
Enter a number (1-100): 
Enter a number (1-100): 
Enter a number (1-100): 
Enter a number (1-100): 
Enter a number (1-100): 
Enter a number (1-100): 
Enter a number (1-100): 
Enter a number (1-100): 
Enter a number (1-100): 
Enter a number (1-100): 
Enter a number (1-100): 
Enter a number (1-100): 
Enter a number (1-100): 
Enter a number (1-100): 
Enter a number (1-100): 
Enter a number (1-100): 
Enter a number (1-100): 
Enter a number (1-100): 
Enter a number (1-100): 
Enter a number (1-100): 
Enter a number (1-100): 
Enter a number (1-100): 
Enter a number (1-100): 
Enter a number (1-100): 
Enter a number (1-100): 
Enter a number (1-100): 
Enter a number (1-100): 
Enter a number (1-100): 
Enter a number (1-100): 
Enter a number (1-100): 
Enter a number (1-100): 
Enter a number (1-100): 
Enter a number (1-100): 
Enter a number (1-100): 
Enter a number (1-100): 
Enter a number (1-100): 
Enter a number (1-100): 
Enter a number (1-100): 
Enter a number (1-100): 
Enter a number (1-100): 
Enter a number (1-100): 
Enter a number (1-100): 
Enter a number (1-100): 
Enter a number (1-100): 
Enter a number (1-100): 
Enter a number (1-100): 
Enter a number (1-100): 
Enter a number (1-100): 
Enter a number (1-100): 
Enter a number (1-100): 
Enter a number (1-100): 
Enter a number (1-100): 
Enter a number (1-100): 
Enter a number (1-100): 
Enter a number (1-100): 
Enter a number (1-100): 
Enter a number (1-100): 
Enter a number (1-100): 
Enter a number (1-100): 
Enter a number (1-100): 
Enter a number (1-100): 
Enter a number (1-100): 
Enter a number (1-100): 
Enter a number (1-100): 
Enter a number (1-100): 
Enter a number (1-100): 
Enter a number (1-100): 
Enter a number (1-100): 
Enter a number (1-100): 
Enter a number (1-100): 
Enter a number (1-100): 
Enter a number (1-100): 
Enter a number (1-100): 
Enter a number (1-100): 
Enter a number (1-100): 
Enter a number (1-100): 
Enter a number (1-100): 
Enter a number (1-100): 
Enter a number (1-100): 
Enter a number (1-100): 
Enter a number (1-100): 
Enter a number (1-100): 
Enter a number (1-100): 
Enter a number (1-100): 
Enter a number (1-100): 
Enter a number (1-100): 
Enter a number (1-100): 
Enter a number (1-100): 
Enter a number (1-100): 
Enter a number (1-100): 
Enter a number (1-100): 
Enter a number (1-100): 
Enter a number (1-100): 
Enter a number (1-100): 
Enter a number (1-100): 
Enter a number (1-100): 
Enter a number (1-100): 
Enter a number (1-100): 
Enter a number (1-100): 
Enter a number (1-100): 
Enter a number (1-100): 
Enter a number (1-100): 
Enter a number (1-100): 
Enter a number (1-100): 
Enter a number (1-100): 
Enter a number (1-100): 
Enter a number (1-100): 
Enter a number (1-100): 
Enter a number (1-100): 
Enter a number (1-100): 
Enter a number (1-100): 
Enter a number (1-100): 
Enter a number (1-100): 
Enter a number (1-100): 
Enter a number (1-100): 
Enter a number (1-100): 
Enter a number (1-100): 
Enter a number (1-100): 
Enter a number (1-100): 
Enter a number (1-100): 
Enter a number (1-100): 
Enter a number (1-100): 
Enter a number (1-100): 
Enter a number (1-100): 
Enter a number (1-100): 
Enter a number (1-100): 
Enter a number (1-100): 
Enter a number (1-100): 
Enter a number (1-100): 
Enter a number (1-100): 
Enter a number (1-100): 
Enter a number (1-100): 
Enter a number (1-100): 
Enter a number (1-100): 
Enter a number (1-100): 
Enter a number (1-100): 
Enter a number (1-100): 
Enter a number (1-100): 
Enter a number (1-100): 
Enter a number (1-100): 
Enter a number (1-100): 
Enter a number (1-100): 
Enter a number (1-100): 
Enter a number (1-100): 
Enter a number (1-100): 
Enter a number (1-100): 
Enter a number (1-100): 
Enter a number (1-100): 
Enter a number (1-100): 
Enter a number (1-100): 
Enter a number (1-100): 
Enter a number (1-100): 
Enter a number (1-100): 
Enter a number (1-100): 
Enter a number (1-100): 
Enter a number (1-100): 
Enter a number (1-100): 
Enter a number (1-100): 
Enter a number (1-100): 
Enter a number (1-100): 
Enter a number (1-100): 
Enter a number (1-100): 
Enter a number (1-100): 
Enter a number (1-100): 
Enter a number (1-100): 
Enter a number (1-100): 
Enter a number (1-100): 
Enter a number (1-100): 
Enter a number (1-100): 
Enter a number (1-100): 
Enter a number (1-100): 
Enter a number (1-100): 
Enter a number (1-100): 
Enter a number (1-100): 
Enter a number (1-100): 
Enter a number (1-100): 
Enter a number (1-100): 
Enter a number (1-100): 
Enter a number (1-100): 
Enter a number (1-100): 
Enter a number (1-100): 
Enter a number (1-100): 
Enter a number (1-100): 
Enter a number (1-100): 
Enter a number (1-100): 
Enter a number (1-100): 
Enter a number (1-100): 
Enter a number (1-100): 
Enter a number (1-100): 
Enter a number (1-100): 
Enter a number (1-100): 
Enter a number (1-100): 
Enter a number (1-100): 
Enter a number (1-100): 
Enter a number (1-100): 
Enter a number (1-100): 
Enter a number (1-100): 
Enter a number (1-100): 
Enter a number (1-100): 
Enter a number (1-100): 
Enter a number (1-100): 
Enter a number (1-100): 
Enter a number (1-100): 
Enter a number (1-100): 
Enter a number (1-100): 
Enter a number (1-100): 
Enter a number (1-100): 
Enter a number (1-100): 
Enter a number (1-100): 
Enter a number (1-100): 
Enter a number (1-100): 
Enter a number (1-100): 
Enter a number (1-100): 
Enter a number (1-100): 
Enter a number (1-100): 
Enter a number (1-100): 
Enter a number (1-100): 
Enter a number (1-100): 
Enter a number (1-100): 
Enter a number (1-100): 
Enter a number (1-100): 
Enter a number (1-100): 
Enter a number (1-100): 
Enter a number (1-100): 
Enter a number (1-100): 
Enter a number (1-100): 
Enter a number (1-100): 
Enter a number (1-100): 
Enter a number (1-100): 
Enter a number (1-100): 
Enter a number (1-100): 
Enter a number (1-100): 
Enter a number (1-100): 
Enter a number (1-100): 
Enter a number (1-100): 
Enter a number (1-100): 
Enter a number (1-100): 
Enter a number (1-100): 
Enter a number (1-100): 
Enter a number (1-100): 
Enter a number (1-100): 
Enter a number (1-100): 
Enter a number (1-100): 
Enter a number (1-100): 
Enter a number (1-100): 
Enter a number (1-100): 
Enter a number (1-100): 
Enter a number (1-100): 
Enter a number (1-100): 
Enter a number (1-100): 
Enter a number (1-100): 
Enter a number (1-100): 
Enter a number (1-100): 
Enter a number (1-100): 
Enter a number (1-100): 
Enter a number (1-100): 
Enter a number (1-100): 
Enter a number (1-100): 
Enter a number (1-100): 
Enter a number (1-100): 
Enter a number (1-100): 
Enter a number (1-100): 
Enter a number (1-100): 
Enter a number (1-100): 
Enter a number (1-100): 
Enter a number (1-100): 
Enter a number (1-100): 
Enter a number (1-100): 
Enter a number (1-100): 
Enter a number (1-100): 
Enter a number (1-100): 
Enter a number (1-100): 
Enter a number (1-100): 
Enter a number (1-100): 
Enter a number (1-100): 
Enter a number (1-100): 
Enter a number (1-100): 
Enter a number (1-100): 
Enter a number (1-100): 
Enter a number (1-100): 
Enter a number (1-100): 
Enter a number (1-100): 
Enter a number (1-100): 
Enter a number (1-100): 
Enter a number (1-100): 
Enter a number (1-100): 
Enter a number (1-100): 
Enter a number (1-100): 
Enter a number (1-100): 
Enter a number (1-100): 
Enter a number (1-100): 
Enter a number (1-100): 
Enter a number (1-100): 
Enter a number (1-100): 
Enter a number (1-100): 
Enter a number (1-100): 
Enter a number (1-100): 
Enter a number (1-100): 
Enter a number (1-100): 
Enter a number (1-100): 
Enter a number (1-100): 
Enter a number (1-100): 
Enter a number (1-100): 
Enter a number (1-100): 
Enter a number (1-100): 
Enter a number (1-100): 
Enter a number (1-100): 
Enter a number (1-100): 
Enter a number (1-100): 
Enter a number (1-100): 
Enter a number (1-100): 
Enter a number (1-100): 
Enter a number (1-100): 
Enter a number (1-100): 
Enter a number (1-100): 
Enter a number (1-100): 
Enter a number (1-100): 
Enter a number (1-100): 
Enter a number (1-100): 
Enter a number (1-100): 
Enter a number (1-100): 
Enter a number (1-100): 
Enter a number (1-100): 
Enter a number (1-100): 
Enter a number (1-100): 
Enter a number (1-100): 
Enter a number (1-100): 
Enter a number (1-100): 
Enter a number (1-100): 
Enter a number (1-100): 
Enter a number (1-100): 
Enter a number (1-100): 
Enter a number (1-100): 
Enter a number (1-100): 
Enter a number (1-100): 
Enter a number (1-100): 
Enter a number (1-100): 
Enter a number (1-100): 
Enter a number (1-100): 
Enter a number (1-100): 
Enter a number (1-100): 
Enter a number (1-100): 
Enter a number (1-100): 
Enter a number (1-100): 
Enter a number (1-100): 
Enter a number (1-100): 
Enter a number (1-100): 
Enter a number (1-100): 
Enter a number (1-100): 
Enter a number (1-100): 
Enter a number (1-100): 
Enter a number (1-100): 
Enter a number (1-100): 
Enter a number (1-100): 
Enter a number (1-100): 
Enter a number (1-100): 
Enter a number (1-100): 
Enter a number (1-100): 
Enter a number (1-100): 
Enter a number (1-100): 
Enter a number (1-100): 
Enter a number (1-100): 
Enter a number (1-100): 
Enter a number (1-100): 
Enter a number (1-100): 
Enter a number (1-100): 
Enter a number (1-100): 
Enter a number (1-100): 
Enter a number (1-100): 
Enter a number (1-100): 
Enter a number (1-100): 
Enter a number (1-100): 
Enter a number (1-100): 
Enter a number (1-100): 
Enter a number (1-100): 
Enter a number (1-100): 
Enter a number (1-100): 
Enter a number (1-100): 
Enter a number (1-100): 
Enter a number (1-100): 
Enter a number (1-100): 
Enter a number (1-100): 
Enter a number (1-100): 
Enter a number (1-100): 
Enter a number (1-100): 
Enter a number (1-100): 
Enter a number (1-100): 
Enter a number (1-100): 
Enter a number (1-100): 
Enter a number (1-100): 
Enter a number (1-100): 
Enter a number (1-100): 
Enter a number (1-100): 
Enter a number (1-100): 
Enter a number (1-100): 
Enter a number (1-100): 
Enter a number (1-100): 
Enter a number (1-100): 
Enter a number (1-100): 
Enter a number (1-100): 
Enter a number (1-100): 
Enter a number (1-100): 
Enter a number (1-100): 
Enter a number (1-100): 
Enter a number (1-100): 
Enter a number (1-100): 
Enter a number (1-100): 
Enter a number (1-100): 
Enter a number (1-100): 
Enter a number (1-100): 
Enter a number (1-100): 
Enter a number (1-100): 
Enter a number (1-100): 
Enter a number (1-100): 
Enter a number (1-100): 
Enter a number (1-100): 
Enter a number (1-100): 
Enter a number (1-100): 
Enter a number (1-100): 
Enter a number (1-100): 
Enter a number (1-100): 
Enter a number (1-100): 
Enter a number (1-100): 
Enter a number (1-100): 
Enter a number (1-100): 
Enter a number (1-100): 
Enter a number (1-100): 
Enter a number (1-100): 
Enter a number (1-100): 
Enter a number (1-100): 
Enter a number (1-100): 
Enter a number (1-100): 
Enter a number (1-100): 
Enter a number (1-100): 
Enter a number (1-100): 
Enter a number (1-100): 
Enter a number (1-100): 
Enter a number (1-100): 
Enter a number (1-100): 
Enter a number (1-100): 
Enter a number (1-100): 
Enter a number (1-100): 
Enter a number (1-100): 
Enter a number (1-100): 
Enter a number (1-100): 
Enter a number (1-100): 
Enter a number (1-100): 
Enter a number (1-100): 
Enter a number (1-100): 
Enter a number (1-100): 
Enter a number (1-100): 
Enter a number (1-100): 
Enter a number (1-100): 
Enter a number (1-100): 
Enter a number (1-100): 
Enter a number (1-100): 
Enter a number (1-100): 
Enter a number (1-100): 
Enter a number (1-100): 
Enter a number (1-100): 
Enter a number (1-100): 
Enter a number (1-100): 
Enter a number (1-100): 
Enter a number (1-100): 
Enter a number (1-100): 
Enter a number (1-100): 
Enter a number (1-100): 
Enter a number (1-100): 
Enter a number (1-100): 
Enter a number (1-100): 
Enter a number (1-100): 
Enter a number (1-100): 
Enter a number (1-100): 
Enter a number (1-100): 
Enter a number (1-100): 
Enter a number (1-100): 
Enter a number (1-100): 
Enter a number (1-100): 
Enter a number (1-100): 
Enter a number (1-100): 
Enter a number (1-100): 
Enter a number (1-100): 
Enter a number (1-100): 
Enter a number (1-100): 
Enter a number (1-100): 
Enter a number (1-100): 
Enter a number (1-100): 
Enter a number (1-100): 
Enter a number (1-100): 
Enter a number (1-100): 
Enter a number (1-100): 
Enter a number (1-100): 
Enter a number (1-100): 
Enter a number (1-100): 
Enter a number (1-100): 
Enter a number (1-100): 
Enter a number (1-100): 
Enter a number (1-100): 
Enter a number (1-100): 
Enter a number (1-100): 
Enter a number (1-100): 
Enter a number (1-100): 
Enter a number (1-100): 
Enter a number (1-100): 
Enter a number (1-100): 
Enter a number (1-100): 
Enter a number (1-100): 
Enter a number (1-100): 
Enter a number (1-100): 
Enter a number (1-100): 
Enter a number (1-100): 
Enter a number (1-100): 
Enter a number (1-100): 
Enter a number (1-100): 
Enter a number (1-100): 
Enter a number (1-100): 
Enter a number (1-100): 
Enter a number (1-100): 
Enter a number (1-100): 
Enter a number (1-100): 
Enter a number (1-100): 
Enter a number (1-100): 
Enter a number (1-100): 
Enter a number (1-100): 
Enter a number (1-100): 
Enter a number (1-100): 
Enter a number (1-100): 
Enter a number (1-100): 
Enter a number (1-100): 
Enter a number (1-100): 
Enter a number (1-100): 
Enter a number (1-100): 
Enter a number (1-100): 
Enter a number (1-100): 
Enter a number (1-100): 
Enter a number (1-100): 
Enter a number (1-100): 
Enter a number (1-100): 
Enter a number (1-100): 
Enter a number (1-100): 
Enter a number (1-100): 
Enter a number (1-100): 
Enter a number (1-100): 
Enter a number (1-100): 
Enter a number (1-100): 
Enter a number (1-100): 
Enter a number (1-100): 
Enter a number (1-100): 
Enter a number (1-100): 
Enter a number (1-100): 
Enter a number (1-100): 
Enter a number (1-100): 
Enter a number (1-100): 
Enter a number (1-100): 
Enter a number (1-100): 
Enter a number (1-100): 
Enter a number (1-100): 
Enter a number (1-100): 
Enter a number (1-100): 
Enter a number (1-100): 
Enter a number (1-100): 
Enter a number (1-100): 
Enter a number (1-100): 
Enter a number (1-100): 
Enter a number (1-100): 
Enter a number (1-100): 
Enter a number (1-100): 
Enter a number (1-100): 
Enter a number (1-100): 
Enter a number (1-100): 
Enter a number (1-100): 
Enter a number (1-100): 
Enter a number (1-100): 
Enter a number (1-100): 
Enter a number (1-100): 
Enter a number (1-100): 
Enter a number (1-100): 
Enter a number (1-100): 
Enter a number (1-100): 
Enter a number (1-100): 
Enter a number (1-100): 
Enter a number (1-100): 
Enter a number (1-100): 
Enter a number (1-100): 
Enter a number (1-100): 
Enter a number (1-100): 
Enter a number (1-100): 
Enter a number (1-100): 
Enter a number (1-100): 
Enter a number (1-100): 
Enter a number (1-100): 
Enter a number (1-100): 
Enter a number (1-100): 
Enter a number (1-100): 
Enter a number (1-100): 
Enter a number (1-100): 
Enter a number (1-100): 
Enter a number (1-100): 
Enter a number (1-100): 
Enter a number (1-100): 
Enter a number (1-100): 
Enter a number (1-100): 
Enter a number (1-100): 
Enter a number (1-100): 
Enter a number (1-100): 
Enter a number (1-100): 
Enter a number (1-100): 
Enter a number (1-100): 
Enter a number (1-100): 
Enter a number (1-100): 
Enter a number (1-100): 
Enter a number (1-100): 
Enter a number (1-100): 
Enter a number (1-100): 
Enter a number (1-100): 
Enter a number (1-100): 
Enter a number (1-100): 
Enter a number (1-100): 
Enter a number (1-100): 
Enter a number (1-100): 
Enter a number (1-100): 
Enter a number (1-100): 
Enter a number (1-100): 
Enter a number (1-100): 
Enter a number (1-100): 
Enter a number (1-100): 
Enter a number (1-100): 
Enter a number (1-100): 
Enter a number (1-100): 
Enter a number (1-100): 
Enter a number (1-100): 
Enter a number (1-100): 
Enter a number (1-100): 
Enter a number (1-100): 
Enter a number (1-100): 
Enter a number (1-100): 
Enter a number (1-100): 
Enter a number (1-100): 
Enter a number (1-100): 
Enter a number (1-100): 
Enter a number (1-100): 
Enter a number (1-100): 
Enter a number (1-100): 
Enter a number (1-100): 
Enter a number (1-100): 
Enter a number (1-100): 
Enter a number (1-100): 
Enter a number (1-100): 
Enter a number (1-100): 
Enter a number (1-100): 
Enter a number (1-100): 
Enter a number (1-100): 
Enter a number (1-100): 
Enter a number (1-100): 
Enter a number (1-100): 
Enter a number (1-100): 
Enter a number (1-100): 
Enter a number (1-100): 
Enter a number (1-100): 
Enter a number (1-100): 
Enter a number (1-100): 
Enter a number (1-100): 
Enter a number (1-100): 
Enter a number (1-100): 
Enter a number (1-100): 
Enter a number (1-100): 
Enter a number (1-100): 
Enter a number (1-100): 
Enter a number (1-100): 
Enter a number (1-100): 
Enter a number (1-100): 
Enter a number (1-100): 
Enter a number (1-100): 
Enter a number (1-100): 
Enter a number (1-100): 
Enter a number (1-100): 
Enter a number (1-100): 
Enter a number (1-100): 
Enter a number (1-100): 
Enter a number (1-100): 
Enter a number (1-100): 
Enter a number (1-100): 
Enter a number (1-100): 
Enter a number (1-100): 
Enter a number (1-100): 
Enter a number (1-100): 
Enter a number (1-100): 
Enter a number (1-100): 
Enter a number (1-100): 
Enter a number (1-100): 
Enter a number (1-100): 
Enter a number (1-100): 
Enter a number (1-100): 
Enter a number (1-100): 
Enter a number (1-100): 
Enter a number (1-100): 
Enter a number (1-100): 
Enter a number (1-100): 
Enter a number (1-100): 
Enter a number (1-100): 
Enter a number (1-100): 
Enter a number (1-100): 
Enter a number (1-100): 
Enter a number (1-100): 
Enter a number (1-100): 
Enter a number (1-100): 
Enter a number (1-100): 
Enter a number (1-100): 
Enter a number (1-100): 
Enter a number (1-100): 
Enter a number (1-100): 
Enter a number (1-100): 
Enter a number (1-100): 
Enter a number (1-100): 
Enter a number (1-100): 
Enter a number (1-100): 
Enter a number (1-100): 
Enter a number (1-100): 
Enter a number (1-100): 
Enter a number (1-100): 
Enter a number (1-100): 
Enter a number (1-100): 
Enter a number (1-100): 
Enter a number (1-100): 
Enter a number (1-100): 
Enter a number (1-100): 
Enter a number (1-100): 
Enter a number (1-100): 
Enter a number (1-100): 
Enter a number (1-100): 
Enter a number (1-100): 
Enter a number (1-100): 
Enter a number (1-100): 
Enter a number (1-100): 
Enter a number (1-100): 
Enter a number (1-100): 
Enter a number (1-100): 
Enter a number (1-100): 
Enter a number (1-100): 
Enter a number (1-100): 
Enter a number (1-100): 
Enter a number (1-100): 
Enter a number (1-100): 
Enter a number (1-100): 
Enter a number (1-100): 
Enter a number (1-100): 
Enter a number (1-100): 
Enter a number (1-100): 
Enter a number (1-100): 
Enter a number (1-100): 
Enter a number (1-100): 
Enter a number (1-100): 
Enter a number (1-100): 
Enter a number (1-100): 
Enter a number (1-100): 
Enter a number (1-100): 
Enter a number (1-100): 
Enter a number (1-100): 
Enter a number (1-100): 
Enter a number (1-100): 
Enter a number (1-100): 
Enter a number (1-100): 
Enter a number (1-100): 
Enter a number (1-100): 
Enter a number (1-100): 
Enter a number (1-100):</StdOut>
      </Output>
    </UnitTestResult>
    <UnitTestResult executionId="9536d248-5393-49d3-a34f-f51c9482c6b3" testId="37f78f12-4ace-98e0-52e8-3408fb66f00f" testName="ExD2_TestWithPositiveNumber1" computerName="ZANAANUAR1564" duration="00:00:00.0029732" startTime="2016-08-14T19:20:16.1405779+08:00" endTime="2016-08-14T19:20:16.1445839+08:00" testType="13cdc9d9-ddb5-4fa4-a97d-d965ccfc6d4b" outcome="Passed" testListId="8c84fa94-04c1-424b-9868-57a2d4851a1d" relativeResultsDirectory="9536d248-5393-49d3-a34f-f51c9482c6b3" />
    <UnitTestResult executionId="95459c8d-eec9-4a5b-a170-44f0d5329346" testId="31cdd151-4b4e-8af1-a309-064dea303c76" testName="ExD2_TestWithPositiveNumber2" computerName="ZANAANUAR1564" duration="00:00:00.0001875" startTime="2016-08-14T19:20:16.1445839+08:00" endTime="2016-08-14T19:20:16.1455769+08:00" testType="13cdc9d9-ddb5-4fa4-a97d-d965ccfc6d4b" outcome="Passed" testListId="8c84fa94-04c1-424b-9868-57a2d4851a1d" relativeResultsDirectory="95459c8d-eec9-4a5b-a170-44f0d5329346" />
    <UnitTestResult executionId="e46b2769-66f1-4518-b684-da65477a5519" testId="5c4545c1-1c4b-68f6-8b78-e5e65fc45da5" testName="ExD3_TestRepeatedly" computerName="ZANAANUAR1564" duration="00:00:03.9401818" startTime="2016-08-14T19:20:16.1455769+08:00" endTime="2016-08-14T19:20:20.0868452+08:00" testType="13cdc9d9-ddb5-4fa4-a97d-d965ccfc6d4b" outcome="Passed" testListId="8c84fa94-04c1-424b-9868-57a2d4851a1d" relativeResultsDirectory="e46b2769-66f1-4518-b684-da65477a5519">
      <Output>
        <StdOut>Debug Trace:
Guess a number (0-9): 0
Guess a number (0-9): 1
Guess a number (0-9): 2
Guess a number (0-9): 3
You are a good guess

Guess a number (0-9): 0
Guess a number (0-9): 1
Guess a number (0-9): 2
You are a good guess

Guess a number (0-9): 0
Guess a number (0-9): 1
Guess a number (0-9): 2
Guess a number (0-9): 3
You are a good guess

Guess a number (0-9): 0
Guess a number (0-9): 1
Guess a number (0-9): 2
Guess a number (0-9): 3
You are a good guess

Guess a number (0-9): 0
Guess a number (0-9): 1
Guess a number (0-9): 2
Guess a number (0-9): 3
Guess a number (0-9): 4
You are a good guess

Guess a number (0-9): 0
Guess a number (0-9): 1
Guess a number (0-9): 2
Guess a number (0-9): 3
You are a good guess

Guess a number (0-9): 0
Guess a number (0-9): 1
Guess a number (0-9): 2
Guess a number (0-9): 3
Guess a number (0-9): 4
You are a good guess

Guess a number (0-9): 0
Guess a number (0-9): 1
Guess a number (0-9): 2
Guess a number (0-9): 3
Guess a number (0-9): 4
You are a good guess

Guess a number (0-9): 0
Guess a number (0-9): 1
Guess a number (0-9): 2
Guess a number (0-9): 3
Guess a number (0-9): 4
Guess a number (0-9): 5
You are lousy

Guess a number (0-9): 0
Guess a number (0-9): 1
Guess a number (0-9): 2
Guess a number (0-9): 3
Guess a number (0-9): 4
You are a good guess

Guess a number (0-9): 0
Guess a number (0-9): 1
Guess a number (0-9): 2
Guess a number (0-9): 3
Guess a number (0-9): 4
Guess a number (0-9): 5
You are lousy

Guess a number (0-9): 0
Guess a number (0-9): 1
Guess a number (0-9): 2
Guess a number (0-9): 3
Guess a number (0-9): 4
Guess a number (0-9): 5
Guess a number (0-9): 6
You are lousy

Guess a number (0-9): 0
Guess a number (0-9): 1
Guess a number (0-9): 2
Guess a number (0-9): 3
Guess a number (0-9): 4
Guess a number (0-9): 5
You are lousy

Guess a number (0-9): 0
Guess a number (0-9): 1
Guess a number (0-9): 2
Guess a number (0-9): 3
Guess a number (0-9): 4
Guess a number (0-9): 5
Guess a number (0-9): 6
You are lousy

Guess a number (0-9): 0
Guess a number (0-9): 1
Guess a number (0-9): 2
Guess a number (0-9): 3
Guess a number (0-9): 4
Guess a number (0-9): 5
Guess a number (0-9): 6
You are lousy

Guess a number (0-9): 0
Guess a number (0-9): 1
Guess a number (0-9): 2
Guess a number (0-9): 3
Guess a number (0-9): 4
Guess a number (0-9): 5
Guess a number (0-9): 6
Guess a number (0-9): 7
You are lousy

Guess a number (0-9): 0
Guess a number (0-9): 1
Guess a number (0-9): 2
You are a good guess

Guess a number (0-9): 0
Guess a number (0-9): 1
Guess a number (0-9): 2
Guess a number (0-9): 3
Guess a number (0-9): 4
Guess a number (0-9): 5
Guess a number (0-9): 6
Guess a number (0-9): 7
You are lousy

Guess a number (0-9): 0
Guess a number (0-9): 1
Guess a number (0-9): 2
Guess a number (0-9): 3
You are a good guess

Guess a number (0-9): 0
Guess a number (0-9): 1
Guess a number (0-9): 2
Guess a number (0-9): 3
Guess a number (0-9): 4
Guess a number (0-9): 5
Guess a number (0-9): 6
Guess a number (0-9): 7
Guess a number (0-9): 8
You are lousy

Guess a number (0-9): 0
Guess a number (0-9): 1
Guess a number (0-9): 2
Guess a number (0-9): 3
You are a good guess

Guess a number (0-9): 0
Guess a number (0-9): 1
Guess a number (0-9): 2
Guess a number (0-9): 3
Guess a number (0-9): 4
You are a good guess

Guess a number (0-9): 0
Guess a number (0-9): 1
Guess a number (0-9): 2
Guess a number (0-9): 3
Guess a number (0-9): 4
You are a good guess

Guess a number (0-9): 0
Guess a number (0-9): 1
Guess a number (0-9): 2
Guess a number (0-9): 3
Guess a number (0-9): 4
You are a good guess

Guess a number (0-9): 0
Guess a number (0-9): 1
Guess a number (0-9): 2
Guess a number (0-9): 3
Guess a number (0-9): 4
You are a good guess

Guess a number (0-9): 0
Guess a number (0-9): 1
Guess a number (0-9): 2
Guess a number (0-9): 3
Guess a number (0-9): 4
Guess a number (0-9): 5
You are lousy

Guess a number (0-9): 0
Guess a number (0-9): 1
Guess a number (0-9): 2
Guess a number (0-9): 3
Guess a number (0-9): 4
Guess a number (0-9): 5
Guess a number (0-9): 6
You are lousy

Guess a number (0-9): 0
Guess a number (0-9): 1
Guess a number (0-9): 2
Guess a number (0-9): 3
Guess a number (0-9): 4
Guess a number (0-9): 5
You are lousy

Guess a number (0-9): 0
Guess a number (0-9): 1
Guess a number (0-9): 2
Guess a number (0-9): 3
Guess a number (0-9): 4
Guess a number (0-9): 5
Guess a number (0-9): 6
You are lousy

Guess a number (0-9): 0
Guess a number (0-9): 1
Guess a number (0-9): 2
Guess a number (0-9): 3
Guess a number (0-9): 4
Guess a number (0-9): 5
Guess a number (0-9): 6
You are lousy

Guess a number (0-9): 0
Guess a number (0-9): 1
Guess a number (0-9): 2
Guess a number (0-9): 3
Guess a number (0-9): 4
Guess a number (0-9): 5
Guess a number (0-9): 6
Guess a number (0-9): 7
You are lousy

Guess a number (0-9): 0
Guess a number (0-9): 1
Guess a number (0-9): 2
Guess a number (0-9): 3
Guess a number (0-9): 4
Guess a number (0-9): 5
Guess a number (0-9): 6
You are lousy

Guess a number (0-9): 0
Guess a number (0-9): 1
Guess a number (0-9): 2
Guess a number (0-9): 3
Guess a number (0-9): 4
Guess a number (0-9): 5
Guess a number (0-9): 6
Guess a number (0-9): 7
You are lousy

Guess a number (0-9): 0
Guess a number (0-9): 1
Guess a number (0-9): 2
Guess a number (0-9): 3
Guess a number (0-9): 4
Guess a number (0-9): 5
Guess a number (0-9): 6
Guess a number (0-9): 7
You are lousy

Guess a number (0-9): 0
Guess a number (0-9): 1
Guess a number (0-9): 2
Guess a number (0-9): 3
Guess a number (0-9): 4
Guess a number (0-9): 5
Guess a number (0-9): 6
Guess a number (0-9): 7
Guess a number (0-9): 8
You are lousy

Guess a number (0-9): 0
Guess a number (0-9): 1
Guess a number (0-9): 2
Guess a number (0-9): 3
Guess a number (0-9): 4
Guess a number (0-9): 5
Guess a number (0-9): 6
Guess a number (0-9): 7
You are lousy

Guess a number (0-9): 0
Guess a number (0-9): 1
Guess a number (0-9): 2
Guess a number (0-9): 3
Guess a number (0-9): 4
Guess a number (0-9): 5
Guess a number (0-9): 6
Guess a number (0-9): 7
Guess a number (0-9): 8
You are lousy

Guess a number (0-9): 0
Guess a number (0-9): 1
Guess a number (0-9): 2
Guess a number (0-9): 3
You are a good guess

Guess a number (0-9): 0
You are a Wizard!</StdOut>
      </Output>
    </UnitTestResult>
    <UnitTestResult executionId="1a3c9c80-db91-476e-8309-92cdd1e9eab3" testId="41d254a0-3988-4fe8-c401-d6db7cf41541" testName="ExD4_TestSimpleNumber" computerName="ZANAANUAR1564" duration="00:00:00.0008457" startTime="2016-08-14T19:20:20.0868452+08:00" endTime="2016-08-14T19:20:20.0875772+08:00" testType="13cdc9d9-ddb5-4fa4-a97d-d965ccfc6d4b" outcome="Passed" testListId="8c84fa94-04c1-424b-9868-57a2d4851a1d" relativeResultsDirectory="1a3c9c80-db91-476e-8309-92cdd1e9eab3">
      <Output>
        <StdOut>Debug Trace:
Enter a number: 16
4.00000053169477</StdOut>
      </Output>
    </UnitTestResult>
    <UnitTestResult executionId="a7276e2e-880f-49b9-b444-afdf1e16f99c" testId="f786c760-8fd9-385b-4101-e13a18a86146" testName="ExD4_TestBiggerNumber" computerName="ZANAANUAR1564" duration="00:00:00.0002188" startTime="2016-08-14T19:20:20.0875772+08:00" endTime="2016-08-14T19:20:20.0885781+08:00" testType="13cdc9d9-ddb5-4fa4-a97d-d965ccfc6d4b" outcome="Passed" testListId="8c84fa94-04c1-424b-9868-57a2d4851a1d" relativeResultsDirectory="a7276e2e-880f-49b9-b444-afdf1e16f99c">
      <Output>
        <StdOut>Debug Trace:
Enter a number: 243
15.58845726812</StdOut>
      </Output>
    </UnitTestResult>
    <UnitTestResult executionId="69289ca5-d701-4b80-ab53-5e3d268933a7" testId="93d33d17-2fa5-03db-e35e-54470f3d1f7b" testName="ExE1_TestSimpleNumber" computerName="ZANAANUAR1564" duration="00:00:00.0025138" startTime="2016-08-14T19:20:20.0885781+08:00" endTime="2016-08-14T19:20:20.0915829+08:00" testType="13cdc9d9-ddb5-4fa4-a97d-d965ccfc6d4b" outcome="Failed" testListId="8c84fa94-04c1-424b-9868-57a2d4851a1d" relativeResultsDirectory="69289ca5-d701-4b80-ab53-5e3d268933a7">
      <Output>
        <ErrorInfo>
          <Message>Assert.AreEqual failed. Expected:&lt;120&gt;. Actual:&lt;0&gt;. </Message>
          <StackTrace>   at ExercisesTest.ExE1Test.ExE1_TestSimpleNumber() in \\mac\home\Desktop\CSExercises\ExercisesTest\SectionE\ExE1Test.cs:line 12
</StackTrace>
        </ErrorInfo>
      </Output>
    </UnitTestResult>
    <UnitTestResult executionId="8fc03564-ac68-43f0-a685-610044d44c2d" testId="5a209ef6-6f45-28e6-9185-5b832c31792d" testName="ExE1_TestBiggerNumber" computerName="ZANAANUAR1564" duration="00:00:00.0014713" startTime="2016-08-14T19:20:20.0915829+08:00" endTime="2016-08-14T19:20:20.0936220+08:00" testType="13cdc9d9-ddb5-4fa4-a97d-d965ccfc6d4b" outcome="Failed" testListId="8c84fa94-04c1-424b-9868-57a2d4851a1d" relativeResultsDirectory="8fc03564-ac68-43f0-a685-610044d44c2d">
      <Output>
        <ErrorInfo>
          <Message>Assert.AreEqual failed. Expected:&lt;720&gt;. Actual:&lt;0&gt;. </Message>
          <StackTrace>   at ExercisesTest.ExE1Test.ExE1_TestBiggerNumber() in \\mac\home\Desktop\CSExercises\ExercisesTest\SectionE\ExE1Test.cs:line 19
</StackTrace>
        </ErrorInfo>
      </Output>
    </UnitTestResult>
    <UnitTestResult executionId="8b857d2b-d5dd-48e1-a23b-4244eb757b60" testId="380d54ab-9eb4-5e4e-c1a8-b5b0e22a59a1" testName="ExE2_TestTheOnlyCase" computerName="ZANAANUAR1564" duration="00:00:00.0014561" startTime="2016-08-14T19:20:20.0936220+08:00" endTime="2016-08-14T19:20:20.0956312+08:00" testType="13cdc9d9-ddb5-4fa4-a97d-d965ccfc6d4b" outcome="Failed" testListId="8c84fa94-04c1-424b-9868-57a2d4851a1d" relativeResultsDirectory="8b857d2b-d5dd-48e1-a23b-4244eb757b60">
      <Output>
        <StdOut>Debug Trace:</StdOut>
        <ErrorInfo>
          <Message>Assert.IsTrue failed. There is no output detected</Message>
          <StackTrace>   at ExercisesTest.TestHelper.AssertOutputContains(Int32 positionFromBack, String expectedOutput, Boolean log) in \\mac\home\Desktop\CSExercises\ExercisesTest\TestHelper.cs:line 65
   at ExercisesTest.ExE2Test.ExE2_TestTheOnlyCase() in \\mac\home\Desktop\CSExercises\ExercisesTest\SectionE\ExE2Test.cs:line 15
</StackTrace>
        </ErrorInfo>
      </Output>
    </UnitTestResult>
    <UnitTestResult executionId="bda46508-32b2-4fc2-8952-800f60a3951e" testId="48cf3a9e-0a50-a29b-8eb0-126dcc656f66" testName="ExE3_Test241" computerName="ZANAANUAR1564" duration="00:00:00.0003292" startTime="2016-08-14T19:20:20.0956312+08:00" endTime="2016-08-14T19:20:20.0956312+08:00" testType="13cdc9d9-ddb5-4fa4-a97d-d965ccfc6d4b" outcome="Passed" testListId="8c84fa94-04c1-424b-9868-57a2d4851a1d" relativeResultsDirectory="bda46508-32b2-4fc2-8952-800f60a3951e">
      <Output>
        <StdOut>Debug Trace:
Please enter an integer: 241
Not Prime</StdOut>
      </Output>
    </UnitTestResult>
    <UnitTestResult executionId="280d1c0f-3e78-4bde-abc3-77a137396174" testId="91e204a5-eff7-540d-d066-632080d4a971" testName="ExE3_Test240" computerName="ZANAANUAR1564" duration="00:00:00.0001177" startTime="2016-08-14T19:20:20.0956312+08:00" endTime="2016-08-14T19:20:20.0956312+08:00" testType="13cdc9d9-ddb5-4fa4-a97d-d965ccfc6d4b" outcome="Passed" testListId="8c84fa94-04c1-424b-9868-57a2d4851a1d" relativeResultsDirectory="280d1c0f-3e78-4bde-abc3-77a137396174">
      <Output>
        <StdOut>Debug Trace:
Please enter an integer: 240
Not Prime</StdOut>
      </Output>
    </UnitTestResult>
    <UnitTestResult executionId="a9765e3e-b385-4802-8ab4-ebb4bea9d17e" testId="4f5a549c-a85c-793f-ddb0-ac8e48e5d0f1" testName="ExE4_Test496" computerName="ZANAANUAR1564" duration="00:00:00.0003062" startTime="2016-08-14T19:20:20.0956312+08:00" endTime="2016-08-14T19:20:20.0967236+08:00" testType="13cdc9d9-ddb5-4fa4-a97d-d965ccfc6d4b" outcome="Passed" testListId="8c84fa94-04c1-424b-9868-57a2d4851a1d" relativeResultsDirectory="a9765e3e-b385-4802-8ab4-ebb4bea9d17e">
      <Output>
        <StdOut>Debug Trace:
Please enter an integer: 496
Not Perfect Number</StdOut>
      </Output>
    </UnitTestResult>
    <UnitTestResult executionId="ec54f07b-a27b-4c67-b495-7f11b4354973" testId="1dc75fae-43cb-7e63-4009-7965bd630b1a" testName="ExE4_Test240" computerName="ZANAANUAR1564" duration="00:00:00.0001102" startTime="2016-08-14T19:20:20.0967236+08:00" endTime="2016-08-14T19:20:20.0967236+08:00" testType="13cdc9d9-ddb5-4fa4-a97d-d965ccfc6d4b" outcome="Passed" testListId="8c84fa94-04c1-424b-9868-57a2d4851a1d" relativeResultsDirectory="ec54f07b-a27b-4c67-b495-7f11b4354973">
      <Output>
        <StdOut>Debug Trace:
Please enter an integer: 240
Not Perfect Number</StdOut>
      </Output>
    </UnitTestResult>
    <UnitTestResult executionId="5c29bdd8-9556-490d-ac3d-c6bb5f0e15b9" testId="442295cb-ec7e-e437-f1f2-a6c136660fa9" testName="ExE5_TestForTheOnlyTestCase" computerName="ZANAANUAR1564" duration="00:00:00.0026464" startTime="2016-08-14T19:20:20.0967236+08:00" endTime="2016-08-14T19:20:20.1005766+08:00" testType="13cdc9d9-ddb5-4fa4-a97d-d965ccfc6d4b" outcome="Failed" testListId="8c84fa94-04c1-424b-9868-57a2d4851a1d" relativeResultsDirectory="5c29bdd8-9556-490d-ac3d-c6bb5f0e15b9">
      <Output>
        <StdOut>Debug Trace:</StdOut>
        <ErrorInfo>
          <Message>Assert.IsTrue failed. There is no output detected</Message>
          <StackTrace>   at ExercisesTest.TestHelper.AssertOutputContains(Int32 positionFromBack, String expectedOutput, Boolean log) in \\mac\home\Desktop\CSExercises\ExercisesTest\TestHelper.cs:line 65
   at ExercisesTest.ExE5Test.ExE5_TestForTheOnlyTestCase() in \\mac\home\Desktop\CSExercises\ExercisesTest\SectionE\ExE5Test.cs:line 15
</StackTrace>
        </ErrorInfo>
      </Output>
    </UnitTestResult>
    <UnitTestResult executionId="282451a6-72f5-455d-b1a2-f60bb49b4a1c" testId="d2aa1ef4-37c8-6f4f-caac-48633678d93a" testName="ExE6_TestForTheOnlyTestCase" computerName="ZANAANUAR1564" duration="00:00:00.0028877" startTime="2016-08-14T19:20:20.1005766+08:00" endTime="2016-08-14T19:20:20.1035781+08:00" testType="13cdc9d9-ddb5-4fa4-a97d-d965ccfc6d4b" outcome="Failed" testListId="8c84fa94-04c1-424b-9868-57a2d4851a1d" relativeResultsDirectory="282451a6-72f5-455d-b1a2-f60bb49b4a1c">
      <Output>
        <StdOut>Debug Trace:</StdOut>
        <ErrorInfo>
          <Message>Assert.IsTrue failed. There is no output detected</Message>
          <StackTrace>   at ExercisesTest.TestHelper.AssertOutputContains(Int32 positionFromBack, String expectedOutput, Boolean log) in \\mac\home\Desktop\CSExercises\ExercisesTest\TestHelper.cs:line 65
   at ExercisesTest.ExE6_Test.ExE6_TestForTheOnlyTestCase() in \\mac\home\Desktop\CSExercises\ExercisesTest\SectionE\ExE6Test.cs:line 15
</StackTrace>
        </ErrorInfo>
      </Output>
    </UnitTestResult>
    <UnitTestResult executionId="3aec58ac-8e7f-48f6-b2c0-093aeb0bd122" testId="dc006c73-b7ad-39c4-a618-0510c48419f9" testName="ExF1_TestForTheOnlyTestCase" computerName="ZANAANUAR1564" duration="00:00:00.0062636" startTime="2016-08-14T19:20:20.1045857+08:00" endTime="2016-08-14T19:20:20.1125771+08:00" testType="13cdc9d9-ddb5-4fa4-a97d-d965ccfc6d4b" outcome="Failed" testListId="8c84fa94-04c1-424b-9868-57a2d4851a1d" relativeResultsDirectory="3aec58ac-8e7f-48f6-b2c0-093aeb0bd122">
      <Output>
        <StdOut>Debug Trace:
Enter sales for month 0: 1000
Enter sales for month 1: 2000
Enter sales for month 2: 3000
Enter sales for month 3: 4000
Enter sales for month 4: 5000
Enter sales for month 5: 6000
Enter sales for month 6: 7000
Enter sales for month 7: 8000
Enter sales for month 8: 9000
Enter sales for month 9: 10000
Enter sales for month 10: 11000
Enter sales for month 11: 12000
Maximum Sales: 0
Minimum Sales: 0
Average Sales: 0</StdOut>
        <ErrorInfo>
          <Message>Assert.IsTrue failed. Program output do not contain the expected output (6500).</Message>
          <StackTrace>   at ExercisesTest.TestHelper.AssertOutputContains(Int32 positionFromBack, String expectedOutput, Boolean log) in \\mac\home\Desktop\CSExercises\ExercisesTest\TestHelper.cs:line 67
   at ExercisesTest.ExF1Test.ExF1_TestForTheOnlyTestCase() in \\mac\home\Desktop\CSExercises\ExercisesTest\SectionF\ExF1Test.cs:line 31
</StackTrace>
        </ErrorInfo>
      </Output>
    </UnitTestResult>
    <UnitTestResult executionId="8437fb0b-6dd1-4f34-8b66-eb78634ab975" testId="5af6480c-3862-4e94-bc2c-b24cac7ca661" testName="ExF2_TestForTheOrder" computerName="ZANAANUAR1564" duration="00:00:00.0044214" startTime="2016-08-14T19:20:20.1125771+08:00" endTime="2016-08-14T19:20:20.1175804+08:00" testType="13cdc9d9-ddb5-4fa4-a97d-d965ccfc6d4b" outcome="Failed" testListId="8c84fa94-04c1-424b-9868-57a2d4851a1d" relativeResultsDirectory="8437fb0b-6dd1-4f34-8b66-eb78634ab975">
      <Output>
        <StdOut>Debug Trace:
86 35 41 49 89 51 11 71 50 75 25 58 40 14 44 3 63 81 93 79 

86 35 41 49 89 51 11 71 50 75 25 58 40 14 44 3 63 81 93 79</StdOut>
        <ErrorInfo>
          <Message>Assert.AreEqual failed. Expected:&lt;93&gt;. Actual:&lt;86&gt;. </Message>
          <StackTrace>   at ExercisesTest.ExF2Test.ExF2_TestForTheOrder() in \\mac\home\Desktop\CSExercises\ExercisesTest\SectionF\ExF2Test.cs:line 22
</StackTrace>
        </ErrorInfo>
      </Output>
    </UnitTestResult>
    <UnitTestResult executionId="37fb30af-7cfe-4532-a9c8-9d0b4f5b3982" testId="b02f104d-c4e9-55a3-ef13-4320e9fcd6ec" testName="ExF3_TestForSomeOfTheResult" computerName="ZANAANUAR1564" duration="00:00:00.0067541" startTime="2016-08-14T19:20:20.1185785+08:00" endTime="2016-08-14T19:20:20.1255802+08:00" testType="13cdc9d9-ddb5-4fa4-a97d-d965ccfc6d4b" outcome="Failed" testListId="8c84fa94-04c1-424b-9868-57a2d4851a1d" relativeResultsDirectory="37fb30af-7cfe-4532-a9c8-9d0b4f5b3982">
      <Output>
        <StdOut>Debug Trace:
Total marks for student 0: 0
Avg marks for student 0: 0
Total marks for student 1: 0
Avg marks for student 1: 0
Total marks for student 2: 0
Avg marks for student 2: 0
Total marks for student 3: 0
Avg marks for student 3: 0
Total marks for student 4: 0
Avg marks for student 4: 0
Total marks for student 5: 0
Avg marks for student 5: 0
Total marks for student 6: 0
Avg marks for student 6: 0
Total marks for student 7: 0
Avg marks for student 7: 0
Total marks for student 8: 0
Avg marks for student 8: 0
Total marks for student 9: 0
Avg marks for student 9: 0
Total marks for student 10: 0
Avg marks for student 10: 0
Total marks for student 11: 0
Avg marks for student 11: 0
Avg marks for subject 0: 0
Avg marks for subject 1: 0
Avg marks for subject 2: 0
Avg marks for subject 3: 0</StdOut>
        <ErrorInfo>
          <Message>Assert.AreEqual failed. Expected:&lt;1&gt;. Actual:&lt;0&gt;. </Message>
          <StackTrace>   at ExercisesTest.ExF3Test.ExF3_TestForSomeOfTheResult() in \\mac\home\Desktop\CSExercises\ExercisesTest\SectionF\ExF3Test.cs:line 16
</StackTrace>
        </ErrorInfo>
      </Output>
    </UnitTestResult>
    <UnitTestResult executionId="280d8ef7-1088-4023-8524-fbc9fb118618" testId="f30f2658-99db-d72e-9ec4-31a9938fa387" testName="ExG1_TestWithABCDE" computerName="ZANAANUAR1564" duration="00:00:00.0025196" startTime="2016-08-14T19:20:20.1255802+08:00" endTime="2016-08-14T19:20:20.1295833+08:00" testType="13cdc9d9-ddb5-4fa4-a97d-d965ccfc6d4b" outcome="Failed" testListId="8c84fa94-04c1-424b-9868-57a2d4851a1d" relativeResultsDirectory="280d8ef7-1088-4023-8524-fbc9fb118618">
      <Output>
        <StdOut>Debug Trace:
Please enter a phrase: Abcde
Total number of vowels: 0
Number of a: 0
Number of e: 0
Number of i: 0
Number of o: 0
Number of u: 0</StdOut>
        <ErrorInfo>
          <Message>Assert.AreEqual failed. Expected:&lt;1&gt;. Actual:&lt;0&gt;. </Message>
          <StackTrace>   at ExercisesTest.ExG1Test.ExG1_TestWithABCDE() in \\mac\home\Desktop\CSExercises\ExercisesTest\SectionG\ExG1Test.cs:line 17
</StackTrace>
        </ErrorInfo>
      </Output>
    </UnitTestResult>
    <UnitTestResult executionId="98f43a39-1052-4fd7-b0d7-fec96d615980" testId="2e593488-b56a-eff0-ca82-e8d0bb44c159" testName="ExG1_TestWithRycky" computerName="ZANAANUAR1564" duration="00:00:00.0006974" startTime="2016-08-14T19:20:20.1295833+08:00" endTime="2016-08-14T19:20:20.1305790+08:00" testType="13cdc9d9-ddb5-4fa4-a97d-d965ccfc6d4b" outcome="Passed" testListId="8c84fa94-04c1-424b-9868-57a2d4851a1d" relativeResultsDirectory="98f43a39-1052-4fd7-b0d7-fec96d615980">
      <Output>
        <StdOut>Debug Trace:
Please enter a phrase: rykcy
Total number of vowels: 0
Number of a: 0
Number of e: 0
Number of i: 0
Number of o: 0
Number of u: 0</StdOut>
      </Output>
    </UnitTestResult>
    <UnitTestResult executionId="e4165502-7993-4995-92ba-d3cbe9e23644" testId="ab2a1fc1-80f8-bc44-f298-ece577f665f6" testName="ExG1_TestWithAeiou" computerName="ZANAANUAR1564" duration="00:00:00.0028797" startTime="2016-08-14T19:20:20.1305790+08:00" endTime="2016-08-14T19:20:20.1335770+08:00" testType="13cdc9d9-ddb5-4fa4-a97d-d965ccfc6d4b" outcome="Failed" testListId="8c84fa94-04c1-424b-9868-57a2d4851a1d" relativeResultsDirectory="e4165502-7993-4995-92ba-d3cbe9e23644">
      <Output>
        <StdOut>Debug Trace:
Please enter a phrase: AEIOUaeiou
Total number of vowels: 0
Number of a: 0
Number of e: 0
Number of i: 0
Number of o: 0
Number of u: 0</StdOut>
        <ErrorInfo>
          <Message>Assert.AreEqual failed. Expected:&lt;1&gt;. Actual:&lt;0&gt;. </Message>
          <StackTrace>   at ExercisesTest.ExG1Test.ExG1_TestWithAeiou() in \\mac\home\Desktop\CSExercises\ExercisesTest\SectionG\ExG1Test.cs:line 40
</StackTrace>
        </ErrorInfo>
      </Output>
    </UnitTestResult>
    <UnitTestResult executionId="86dc0b86-7dd2-4cf6-aaac-f5189e470026" testId="18e3e622-092f-3e19-8553-2026a160f673" testName="ExG2_TestWithMadam" computerName="ZANAANUAR1564" duration="00:00:00.0036868" startTime="2016-08-14T19:20:20.1335770+08:00" endTime="2016-08-14T19:20:20.1385805+08:00" testType="13cdc9d9-ddb5-4fa4-a97d-d965ccfc6d4b" outcome="Failed" testListId="8c84fa94-04c1-424b-9868-57a2d4851a1d" relativeResultsDirectory="86dc0b86-7dd2-4cf6-aaac-f5189e470026">
      <Output>
        <StdOut>Debug Trace:
Please enter a phrase: madam
Not Palindrome</StdOut>
        <ErrorInfo>
          <Message>Assert.AreEqual failed. Expected:&lt;palindrome&gt;. Actual:&lt;not palindrome&gt;. Program output is different from the expected output.</Message>
          <StackTrace>   at ExercisesTest.TestHelper.AssertOutput(String expectedOutput) in \\mac\home\Desktop\CSExercises\ExercisesTest\TestHelper.cs:line 48
   at ExercisesTest.TestHelper.TestOutputEqual(Type t, String input, String output) in \\mac\home\Desktop\CSExercises\ExercisesTest\TestHelper.cs:line 97
   at ExercisesTest.ExG2_Test.ExG2_TestWithMadam() in \\mac\home\Desktop\CSExercises\ExercisesTest\SectionG\ExG2_Test.cs:line 12
</StackTrace>
        </ErrorInfo>
      </Output>
    </UnitTestResult>
    <UnitTestResult executionId="8c09feb7-5d0b-4013-9d98-0357d6bf9b9e" testId="ee68900a-ee9e-ddba-3df4-cb4a828e02fb" testName="ExG2_TestWithSanta" computerName="ZANAANUAR1564" duration="00:00:00.0060168" startTime="2016-08-14T19:20:20.1385805+08:00" endTime="2016-08-14T19:20:20.1455787+08:00" testType="13cdc9d9-ddb5-4fa4-a97d-d965ccfc6d4b" outcome="Failed" testListId="8c84fa94-04c1-424b-9868-57a2d4851a1d" relativeResultsDirectory="8c09feb7-5d0b-4013-9d98-0357d6bf9b9e">
      <Output>
        <StdOut>Debug Trace:
Please enter a phrase: A Santa at NASA
Not Palindrome</StdOut>
        <ErrorInfo>
          <Message>Assert.AreEqual failed. Expected:&lt;palindrome&gt;. Actual:&lt;not palindrome&gt;. Program output is different from the expected output.</Message>
          <StackTrace>   at ExercisesTest.TestHelper.AssertOutput(String expectedOutput) in \\mac\home\Desktop\CSExercises\ExercisesTest\TestHelper.cs:line 48
   at ExercisesTest.TestHelper.TestOutputEqual(Type t, String input, String output) in \\mac\home\Desktop\CSExercises\ExercisesTest\TestHelper.cs:line 97
   at ExercisesTest.ExG2_Test.ExG2_TestWithSanta() in \\mac\home\Desktop\CSExercises\ExercisesTest\SectionG\ExG2_Test.cs:line 18
</StackTrace>
        </ErrorInfo>
      </Output>
    </UnitTestResult>
    <UnitTestResult executionId="ba2963bd-9a19-4dbc-9b06-e5078a1ef9c2" testId="97c6c703-6d42-4b52-af58-5bc1820c63e6" testName="ExG2_TestWithISS" computerName="ZANAANUAR1564" duration="00:00:00.0002389" startTime="2016-08-14T19:20:20.1455787+08:00" endTime="2016-08-14T19:20:20.1465811+08:00" testType="13cdc9d9-ddb5-4fa4-a97d-d965ccfc6d4b" outcome="Passed" testListId="8c84fa94-04c1-424b-9868-57a2d4851a1d" relativeResultsDirectory="ba2963bd-9a19-4dbc-9b06-e5078a1ef9c2">
      <Output>
        <StdOut>Debug Trace:
Please enter a phrase: Institute of Systems Science
Not Palindrome</StdOut>
      </Output>
    </UnitTestResult>
    <UnitTestResult executionId="22e64378-a6b5-4a2c-9719-f83d60a1d466" testId="009b3f8f-dd80-521b-6dfb-99834ad4fb9f" testName="ExG3_TestWithOneWord" computerName="ZANAANUAR1564" duration="00:00:00.0025308" startTime="2016-08-14T19:20:20.1465811+08:00" endTime="2016-08-14T19:20:20.1495788+08:00" testType="13cdc9d9-ddb5-4fa4-a97d-d965ccfc6d4b" outcome="Failed" testListId="8c84fa94-04c1-424b-9868-57a2d4851a1d" relativeResultsDirectory="22e64378-a6b5-4a2c-9719-f83d60a1d466">
      <Output>
        <StdOut>Debug Trace:
Please enter a phrase:    ball</StdOut>
        <ErrorInfo>
          <Message>Assert.IsTrue failed. Program output do not contain the expected output (   Ball).</Message>
          <StackTrace>   at ExercisesTest.TestHelper.AssertOutputContains(String expectedOutput) in \\mac\home\Desktop\CSExercises\ExercisesTest\TestHelper.cs:line 56
   at ExercisesTest.TestHelper.TestOutputContains(Type t, String input, String output) in \\mac\home\Desktop\CSExercises\ExercisesTest\TestHelper.cs:line 115
   at ExercisesTest.ExG3Test.ExG3_TestWithOneWord() in \\mac\home\Desktop\CSExercises\ExercisesTest\SectionG\ExG3Test.cs:line 13
</StackTrace>
        </ErrorInfo>
      </Output>
    </UnitTestResult>
    <UnitTestResult executionId="cf65fd59-4c39-4e47-b267-1e716e6a6c43" testId="ec776b73-93db-33b0-d71f-976483ca31f6" testName="ExG3_TestWithISS" computerName="ZANAANUAR1564" duration="00:00:00.0032776" startTime="2016-08-14T19:20:20.1495788+08:00" endTime="2016-08-14T19:20:20.1535759+08:00" testType="13cdc9d9-ddb5-4fa4-a97d-d965ccfc6d4b" outcome="Failed" testListId="8c84fa94-04c1-424b-9868-57a2d4851a1d" relativeResultsDirectory="cf65fd59-4c39-4e47-b267-1e716e6a6c43">
      <Output>
        <StdOut>Debug Trace:
Please enter a phrase: institute Of systems science</StdOut>
        <ErrorInfo>
          <Message>Assert.IsTrue failed. Program output do not contain the expected output (Institute of Systems Science).</Message>
          <StackTrace>   at ExercisesTest.TestHelper.AssertOutputContains(String expectedOutput) in \\mac\home\Desktop\CSExercises\ExercisesTest\TestHelper.cs:line 56
   at ExercisesTest.TestHelper.TestOutputContains(Type t, String input, String output) in \\mac\home\Desktop\CSExercises\ExercisesTest\TestHelper.cs:line 115
   at ExercisesTest.ExG3Test.ExG3_TestWithISS() in \\mac\home\Desktop\CSExercises\ExercisesTest\SectionG\ExG3Test.cs:line 19
</StackTrace>
        </ErrorInfo>
      </Output>
    </UnitTestResult>
    <UnitTestResult executionId="13ec6bf2-bf77-495f-9c55-e2b5a6d93529" testId="e986587e-732a-eb08-f5bc-4cd7a66af95d" testName="ExG4_TestOrder" computerName="ZANAANUAR1564" duration="00:00:00.0036957" startTime="2016-08-14T19:20:20.1535759+08:00" endTime="2016-08-14T19:20:20.1575812+08:00" testType="13cdc9d9-ddb5-4fa4-a97d-d965ccfc6d4b" outcome="Failed" testListId="8c84fa94-04c1-424b-9868-57a2d4851a1d" relativeResultsDirectory="13ec6bf2-bf77-495f-9c55-e2b5a6d93529">
      <Output>
        <StdOut>Debug Trace:</StdOut>
        <ErrorInfo>
          <Message>Assert.IsTrue failed. There is no output detected</Message>
          <StackTrace>   at ExercisesTest.TestHelper.AssertOutputContains(Int32 positionFromBack, String expectedOutput, Boolean log) in \\mac\home\Desktop\CSExercises\ExercisesTest\TestHelper.cs:line 65
   at ExercisesTest.ExG4Test.ExG4_TestOrder() in \\mac\home\Desktop\CSExercises\ExercisesTest\SectionG\ExG4Test.cs:line 15
</StackTrace>
        </ErrorInfo>
      </Output>
    </UnitTestResult>
    <UnitTestResult executionId="0bb6c7d0-69b7-484b-9a36-974108a14391" testId="a4ae2f7a-bc59-f21f-0330-4520bbb34ec8" testName="ExH1_TestOneChar" computerName="ZANAANUAR1564" duration="00:00:00.0031007" startTime="2016-08-14T19:20:20.1585808+08:00" endTime="2016-08-14T19:20:20.1625761+08:00" testType="13cdc9d9-ddb5-4fa4-a97d-d965ccfc6d4b" outcome="Failed" testListId="8c84fa94-04c1-424b-9868-57a2d4851a1d" relativeResultsDirectory="0bb6c7d0-69b7-484b-9a36-974108a14391">
      <Output>
        <StdOut>Debug Trace:
The brown fox, o</StdOut>
        <ErrorInfo>
          <Message>Assert.IsTrue failed. </Message>
          <StackTrace>   at ExercisesTest.ExH1Test.ExH1_TestOneChar() in \\mac\home\Desktop\CSExercises\ExercisesTest\SectionH\ExH1Test.cs:line 15
</StackTrace>
        </ErrorInfo>
      </Output>
    </UnitTestResult>
    <UnitTestResult executionId="59a79615-cc6b-452d-9e1d-fbff3d58ec14" testId="c1d8227b-f44f-4db1-97da-6595d5433cbe" testName="ExH1_TestPositive1" computerName="ZANAANUAR1564" duration="00:00:00.0011806" startTime="2016-08-14T19:20:20.1625761+08:00" endTime="2016-08-14T19:20:20.1645782+08:00" testType="13cdc9d9-ddb5-4fa4-a97d-d965ccfc6d4b" outcome="Failed" testListId="8c84fa94-04c1-424b-9868-57a2d4851a1d" relativeResultsDirectory="59a79615-cc6b-452d-9e1d-fbff3d58ec14">
      <Output>
        <StdOut>Debug Trace:
The brown fox, FOX</StdOut>
        <ErrorInfo>
          <Message>Assert.IsTrue failed. </Message>
          <StackTrace>   at ExercisesTest.ExH1Test.ExH1_TestPositive1() in \\mac\home\Desktop\CSExercises\ExercisesTest\SectionH\ExH1Test.cs:line 23
</StackTrace>
        </ErrorInfo>
      </Output>
    </UnitTestResult>
    <UnitTestResult executionId="36b2f179-65a9-4171-abba-285fb5bbb600" testId="baf4c8f9-72bd-e9a1-3899-5f643a41cbac" testName="ExH1_TestPositive2" computerName="ZANAANUAR1564" duration="00:00:00.0014083" startTime="2016-08-14T19:20:20.1645782+08:00" endTime="2016-08-14T19:20:20.1655891+08:00" testType="13cdc9d9-ddb5-4fa4-a97d-d965ccfc6d4b" outcome="Failed" testListId="8c84fa94-04c1-424b-9868-57a2d4851a1d" relativeResultsDirectory="36b2f179-65a9-4171-abba-285fb5bbb600">
      <Output>
        <StdOut>Debug Trace:
The brown fox, bRO</StdOut>
        <ErrorInfo>
          <Message>Assert.IsTrue failed. </Message>
          <StackTrace>   at ExercisesTest.ExH1Test.ExH1_TestPositive2() in \\mac\home\Desktop\CSExercises\ExercisesTest\SectionH\ExH1Test.cs:line 31
</StackTrace>
        </ErrorInfo>
      </Output>
    </UnitTestResult>
    <UnitTestResult executionId="90343905-6033-4946-9a2f-1bc70ae4c18e" testId="1df2cd5e-05cd-0340-279c-bf437d1b1fa6" testName="ExH1_TestNegative1" computerName="ZANAANUAR1564" duration="00:00:00.0002852" startTime="2016-08-14T19:20:20.1655891+08:00" endTime="2016-08-14T19:20:20.1665776+08:00" testType="13cdc9d9-ddb5-4fa4-a97d-d965ccfc6d4b" outcome="Passed" testListId="8c84fa94-04c1-424b-9868-57a2d4851a1d" relativeResultsDirectory="90343905-6033-4946-9a2f-1bc70ae4c18e">
      <Output>
        <StdOut>Debug Trace:
T, FOX</StdOut>
      </Output>
    </UnitTestResult>
    <UnitTestResult executionId="728eaca5-16dc-4aab-bdf2-c0c4869824f2" testId="af9c61a0-f313-c3c8-1027-5c796a206b57" testName="ExH1_TestNegative2" computerName="ZANAANUAR1564" duration="00:00:00.0003083" startTime="2016-08-14T19:20:20.1665776+08:00" endTime="2016-08-14T19:20:20.1675769+08:00" testType="13cdc9d9-ddb5-4fa4-a97d-d965ccfc6d4b" outcome="Passed" testListId="8c84fa94-04c1-424b-9868-57a2d4851a1d" relativeResultsDirectory="728eaca5-16dc-4aab-bdf2-c0c4869824f2">
      <Output>
        <StdOut>Debug Trace:
The bras basah complex, bRO</StdOut>
      </Output>
    </UnitTestResult>
    <UnitTestResult executionId="5f8a90b4-9963-4f11-9243-5f9d05004de2" testId="3d7d1584-1c63-ac50-bc50-de50031518c4" testName="ExH2_TestOneChar" computerName="ZANAANUAR1564" duration="00:00:00.0021625" startTime="2016-08-14T19:20:20.1675769+08:00" endTime="2016-08-14T19:20:20.1705773+08:00" testType="13cdc9d9-ddb5-4fa4-a97d-d965ccfc6d4b" outcome="Failed" testListId="8c84fa94-04c1-424b-9868-57a2d4851a1d" relativeResultsDirectory="5f8a90b4-9963-4f11-9243-5f9d05004de2">
      <Output>
        <StdOut>Debug Trace:
The brown fox, o =&gt; should return 6</StdOut>
        <ErrorInfo>
          <Message>Assert.AreEqual failed. Expected:&lt;6&gt;. Actual:&lt;0&gt;. </Message>
          <StackTrace>   at ExercisesTest.ExH2Test.ExH2_TestOneChar() in \\mac\home\Desktop\CSExercises\ExercisesTest\SectionH\ExH2Test.cs:line 15
</StackTrace>
        </ErrorInfo>
      </Output>
    </UnitTestResult>
    <UnitTestResult executionId="13baaa79-d3fa-4c85-816a-67d030bec8a6" testId="0edd46c6-0864-a084-7845-f3ab5a58d5e8" testName="ExH2_TestPositive1" computerName="ZANAANUAR1564" duration="00:00:00.0075499" startTime="2016-08-14T19:20:20.1705773+08:00" endTime="2016-08-14T19:20:20.1785790+08:00" testType="13cdc9d9-ddb5-4fa4-a97d-d965ccfc6d4b" outcome="Failed" testListId="8c84fa94-04c1-424b-9868-57a2d4851a1d" relativeResultsDirectory="13baaa79-d3fa-4c85-816a-67d030bec8a6">
      <Output>
        <StdOut>Debug Trace:
The brown fox, FOX =&gt; should return 10</StdOut>
        <ErrorInfo>
          <Message>Assert.AreEqual failed. Expected:&lt;10&gt;. Actual:&lt;0&gt;. </Message>
          <StackTrace>   at ExercisesTest.ExH2Test.ExH2_TestPositive1() in \\mac\home\Desktop\CSExercises\ExercisesTest\SectionH\ExH2Test.cs:line 23
</StackTrace>
        </ErrorInfo>
      </Output>
    </UnitTestResult>
    <UnitTestResult executionId="a5904a60-bf84-4910-a441-aa74b29a1e11" testId="cbb366c6-732e-4def-9a11-8dd886c0022f" testName="ExH2_TestPositive2" computerName="ZANAANUAR1564" duration="00:00:00.0022649" startTime="2016-08-14T19:20:20.1785790+08:00" endTime="2016-08-14T19:20:20.1805837+08:00" testType="13cdc9d9-ddb5-4fa4-a97d-d965ccfc6d4b" outcome="Failed" testListId="8c84fa94-04c1-424b-9868-57a2d4851a1d" relativeResultsDirectory="a5904a60-bf84-4910-a441-aa74b29a1e11">
      <Output>
        <StdOut>Debug Trace:
The brown fox, bRO =&gt; should return 4</StdOut>
        <ErrorInfo>
          <Message>Assert.AreEqual failed. Expected:&lt;4&gt;. Actual:&lt;0&gt;. </Message>
          <StackTrace>   at ExercisesTest.ExH2Test.ExH2_TestPositive2() in \\mac\home\Desktop\CSExercises\ExercisesTest\SectionH\ExH2Test.cs:line 31
</StackTrace>
        </ErrorInfo>
      </Output>
    </UnitTestResult>
    <UnitTestResult executionId="0ca30b7d-885c-41ce-b381-44b1dbb2eb0a" testId="1ca2fccd-4727-4051-5830-7ec18c4d7263" testName="ExH2_TestNegative1" computerName="ZANAANUAR1564" duration="00:00:00.0025887" startTime="2016-08-14T19:20:20.1815779+08:00" endTime="2016-08-14T19:20:20.1845778+08:00" testType="13cdc9d9-ddb5-4fa4-a97d-d965ccfc6d4b" outcome="Failed" testListId="8c84fa94-04c1-424b-9868-57a2d4851a1d" relativeResultsDirectory="0ca30b7d-885c-41ce-b381-44b1dbb2eb0a">
      <Output>
        <StdOut>Debug Trace:
T, FOX =&gt; should return -1</StdOut>
        <ErrorInfo>
          <Message>Assert.AreEqual failed. Expected:&lt;-1&gt;. Actual:&lt;0&gt;. </Message>
          <StackTrace>   at ExercisesTest.ExH2Test.ExH2_TestNegative1() in \\mac\home\Desktop\CSExercises\ExercisesTest\SectionH\ExH2Test.cs:line 39
</StackTrace>
        </ErrorInfo>
      </Output>
    </UnitTestResult>
    <UnitTestResult executionId="4f91bac2-761e-4811-b95a-621d91648228" testId="4744dcc3-4bcc-ce0e-885e-9c28396a533f" testName="ExH2_TestNegative2" computerName="ZANAANUAR1564" duration="00:00:00.0022135" startTime="2016-08-14T19:20:20.1845778+08:00" endTime="2016-08-14T19:20:20.1875770+08:00" testType="13cdc9d9-ddb5-4fa4-a97d-d965ccfc6d4b" outcome="Failed" testListId="8c84fa94-04c1-424b-9868-57a2d4851a1d" relativeResultsDirectory="4f91bac2-761e-4811-b95a-621d91648228">
      <Output>
        <StdOut>Debug Trace:
The bras basah complex, bRO =&gt; should return -1</StdOut>
        <ErrorInfo>
          <Message>Assert.AreEqual failed. Expected:&lt;-1&gt;. Actual:&lt;0&gt;. </Message>
          <StackTrace>   at ExercisesTest.ExH2Test.ExH2_TestNegative2() in \\mac\home\Desktop\CSExercises\ExercisesTest\SectionH\ExH2Test.cs:line 47
</StackTrace>
        </ErrorInfo>
      </Output>
    </UnitTestResult>
    <UnitTestResult executionId="563133db-d965-4b03-b60c-1cda6a89213d" testId="8082022e-9ba0-4329-7312-ea4cd2cb3ab8" testName="ExH3_TestOneToOneHundred" computerName="ZANAANUAR1564" duration="00:00:00.0058999" startTime="2016-08-14T19:20:20.1875770+08:00" endTime="2016-08-14T19:20:20.1935810+08:00" testType="13cdc9d9-ddb5-4fa4-a97d-d965ccfc6d4b" outcome="Failed" testListId="8c84fa94-04c1-424b-9868-57a2d4851a1d" relativeResultsDirectory="563133db-d965-4b03-b60c-1cda6a89213d">
      <Output>
        <StdOut>Debug Trace:
Hex of 1 should be 1</StdOut>
        <ErrorInfo>
          <Message>Assert.AreEqual failed. Expected:&lt;1&gt;. Actual:&lt;(null)&gt;. </Message>
          <StackTrace>   at ExercisesTest.ExH3Test.ExH3_TestOneToOneHundred() in \\mac\home\Desktop\CSExercises\ExercisesTest\SectionH\ExH3Test.cs:line 19
</StackTrace>
        </ErrorInfo>
      </Output>
    </UnitTestResult>
    <UnitTestResult executionId="4a70ccb3-4279-47b6-8c0e-0202cea748dd" testId="d4549c3c-9899-20a6-9260-01b385ff068d" testName="ExH4_TestNoSubstitution" computerName="ZANAANUAR1564" duration="00:00:00.0032466" startTime="2016-08-14T19:20:20.1935810+08:00" endTime="2016-08-14T19:20:20.1975760+08:00" testType="13cdc9d9-ddb5-4fa4-a97d-d965ccfc6d4b" outcome="Failed" testListId="8c84fa94-04c1-424b-9868-57a2d4851a1d" relativeResultsDirectory="4a70ccb3-4279-47b6-8c0e-0202cea748dd">
      <Output>
        <StdOut>Debug Trace:
Bad dog, e, o =&gt; Bad dog</StdOut>
        <ErrorInfo>
          <Message>Assert.AreEqual failed. Expected:&lt;Bad dog&gt;. Actual:&lt;(null)&gt;. </Message>
          <StackTrace>   at ExercisesTest.ExH4Test.ExH4_TestNoSubstitution() in \\mac\home\Desktop\CSExercises\ExercisesTest\SectionH\ExH4Test.cs:line 14
</StackTrace>
        </ErrorInfo>
      </Output>
    </UnitTestResult>
    <UnitTestResult executionId="3e667bc9-8f62-4cd4-bd69-8f6ddd712596" testId="baa9a9c2-82c6-dfe0-e3fa-3cd1e3e7ccba" testName="ExH4_TestMultipleSubstitution" computerName="ZANAANUAR1564" duration="00:00:00.0018388" startTime="2016-08-14T19:20:20.1975760+08:00" endTime="2016-08-14T19:20:20.1995758+08:00" testType="13cdc9d9-ddb5-4fa4-a97d-d965ccfc6d4b" outcome="Failed" testListId="8c84fa94-04c1-424b-9868-57a2d4851a1d" relativeResultsDirectory="3e667bc9-8f62-4cd4-bd69-8f6ddd712596">
      <Output>
        <StdOut>Debug Trace:
Bad dog, d, f =&gt; Baf fog</StdOut>
        <ErrorInfo>
          <Message>Assert.AreEqual failed. Expected:&lt;Baf fog&gt;. Actual:&lt;(null)&gt;. </Message>
          <StackTrace>   at ExercisesTest.ExH4Test.ExH4_TestMultipleSubstitution() in \\mac\home\Desktop\CSExercises\ExercisesTest\SectionH\ExH4Test.cs:line 21
</StackTrace>
        </ErrorInfo>
      </Output>
    </UnitTestResult>
    <UnitTestResult executionId="bb3753c1-c6be-4da9-b31f-3605bc47ffac" testId="b5297abf-74a9-3001-95eb-a1a261572d42" testName="ExI1_Test195" computerName="ZANAANUAR1564" duration="00:00:00.0035047" startTime="2016-08-14T19:20:20.2005770+08:00" endTime="2016-08-14T19:20:20.2045777+08:00" testType="13cdc9d9-ddb5-4fa4-a97d-d965ccfc6d4b" outcome="Failed" testListId="8c84fa94-04c1-424b-9868-57a2d4851a1d" relativeResultsDirectory="bb3753c1-c6be-4da9-b31f-3605bc47ffac">
      <Output>
        <StdOut>Debug Trace:
Enter the amount: 1.95</StdOut>
        <ErrorInfo>
          <Message>Assert.IsTrue failed. Program output do not contain the expected output (5c).</Message>
          <StackTrace>   at ExercisesTest.TestHelper.AssertOutputContains(Int32 positionFromBack, String expectedOutput, Boolean log) in \\mac\home\Desktop\CSExercises\ExercisesTest\TestHelper.cs:line 67
   at ExercisesTest.ExI1Test.ExI1_Test195() in \\mac\home\Desktop\CSExercises\ExercisesTest\SectionI\ExI1Test.cs:line 16
</StackTrace>
        </ErrorInfo>
      </Output>
    </UnitTestResult>
    <UnitTestResult executionId="49ee0a34-3cf1-48c3-b87c-28f7c4f467b9" testId="26ff1520-2742-f4bc-a1c3-8e5cdfc6dc23" testName="Ex45_Test105" computerName="ZANAANUAR1564" duration="00:00:00.0047578" startTime="2016-08-14T19:20:20.2045777+08:00" endTime="2016-08-14T19:20:20.2105858+08:00" testType="13cdc9d9-ddb5-4fa4-a97d-d965ccfc6d4b" outcome="Failed" testListId="8c84fa94-04c1-424b-9868-57a2d4851a1d" relativeResultsDirectory="49ee0a34-3cf1-48c3-b87c-28f7c4f467b9">
      <Output>
        <StdOut>Debug Trace:
Enter the amount: 1.05</StdOut>
        <ErrorInfo>
          <Message>Assert.IsTrue failed. Program output do not contain the expected output (5c).</Message>
          <StackTrace>   at ExercisesTest.TestHelper.AssertOutputContains(Int32 positionFromBack, String expectedOutput, Boolean log) in \\mac\home\Desktop\CSExercises\ExercisesTest\TestHelper.cs:line 67
   at ExercisesTest.ExI1Test.Ex45_Test105() in \\mac\home\Desktop\CSExercises\ExercisesTest\SectionI\ExI1Test.cs:line 29
</StackTrace>
        </ErrorInfo>
      </Output>
    </UnitTestResult>
    <UnitTestResult executionId="824e0b52-54b8-427a-bc85-974d4198ada9" testId="703d9bbb-ee8a-2635-69c5-fc611c620eee" testName="ExI2_TestRandomMaybeAlotOfFalseResult" computerName="ZANAANUAR1564" duration="00:00:00.0033805" startTime="2016-08-14T19:20:20.2115791+08:00" endTime="2016-08-14T19:20:20.2145825+08:00" testType="13cdc9d9-ddb5-4fa4-a97d-d965ccfc6d4b" outcome="Failed" testListId="8c84fa94-04c1-424b-9868-57a2d4851a1d" relativeResultsDirectory="824e0b52-54b8-427a-bc85-974d4198ada9">
      <Output>
        <StdOut>Debug Trace:</StdOut>
        <ErrorInfo>
          <Message>Assert.IsTrue failed. No output detected</Message>
          <StackTrace>   at ExercisesTest.ExI2Test.ExI2_TestRandomMaybeAlotOfFalseResult() in \\mac\home\Desktop\CSExercises\ExercisesTest\SectionI\Ex46_Test.cs:line 20
</StackTrace>
        </ErrorInfo>
      </Output>
    </UnitTestResult>
    <UnitTestResult executionId="091f20d3-a047-4e24-9186-20e0aa148b23" testId="3e520c80-0f62-a07e-65c9-318f860f601b" testName="ExA3_SquareOf0" computerName="ZANAANUAR1564" duration="00:00:00.0003059" startTime="2016-08-14T19:20:20.2155782+08:00" endTime="2016-08-14T19:20:20.2165895+08:00" testType="13cdc9d9-ddb5-4fa4-a97d-d965ccfc6d4b" outcome="Passed" testListId="8c84fa94-04c1-424b-9868-57a2d4851a1d" relativeResultsDirectory="091f20d3-a047-4e24-9186-20e0aa148b23" />
    <UnitTestResult executionId="3f294c59-dc63-4512-b43c-b62df792b041" testId="9335201e-0849-2837-cc1d-4fb4bfd54e5d" testName="ExA3_SquareOf10" computerName="ZANAANUAR1564" duration="00:00:00.0001306" startTime="2016-08-14T19:20:20.2165895+08:00" endTime="2016-08-14T19:20:20.2165895+08:00" testType="13cdc9d9-ddb5-4fa4-a97d-d965ccfc6d4b" outcome="Passed" testListId="8c84fa94-04c1-424b-9868-57a2d4851a1d" relativeResultsDirectory="3f294c59-dc63-4512-b43c-b62df792b041" />
    <UnitTestResult executionId="9a6dd6d0-a713-4b5a-bbd0-0ca6c0db40c1" testId="2f4488dd-19dd-82ed-e8ad-8944a67ad6c6" testName="ExA3_SquareOfMin10" computerName="ZANAANUAR1564" duration="00:00:00.0001520" startTime="2016-08-14T19:20:20.2165895+08:00" endTime="2016-08-14T19:20:20.2165895+08:00" testType="13cdc9d9-ddb5-4fa4-a97d-d965ccfc6d4b" outcome="Passed" testListId="8c84fa94-04c1-424b-9868-57a2d4851a1d" relativeResultsDirectory="9a6dd6d0-a713-4b5a-bbd0-0ca6c0db40c1" />
  </Results>
  <TestDefinitions>
    <UnitTest name="ExA2_TestWithAName" storage="y:\desktop\csexercises\exercisestest\bin\debug\exercisestest.dll" id="8d13645f-ace3-ee52-0b1f-b75f216a1c8a">
      <Execution id="93c6cc03-a5ec-4df2-bf47-4b6052032f21" />
      <TestMethod codeBase="Y:\Desktop\CSExercises\ExercisesTest\bin\Debug\ExercisesTest.dll" adapterTypeName="Microsoft.VisualStudio.TestTools.TestTypes.Unit.UnitTestAdapter" className="ExercisesTest.ExA2Test" name="ExA2_TestWithAName" />
    </UnitTest>
    <UnitTest name="ExC3_TestWithZero" storage="y:\desktop\csexercises\exercisestest\bin\debug\exercisestest.dll" id="e3d43c25-4879-9987-1b05-886dcab007db">
      <Execution id="78156320-1b7f-4147-a769-f4f90b3d3e23" />
      <TestMethod codeBase="Y:\Desktop\CSExercises\ExercisesTest\bin\Debug\ExercisesTest.dll" adapterTypeName="Microsoft.VisualStudio.TestTools.TestTypes.Unit.UnitTestAdapter" className="ExercisesTest.ExC3Test" name="ExC3_TestWithZero" />
    </UnitTest>
    <UnitTest name="ExC3_TestForA" storage="y:\desktop\csexercises\exercisestest\bin\debug\exercisestest.dll" id="97c4b883-ea03-6670-c7d7-8a5271d03002">
      <Execution id="4cc292b3-e0ca-424c-bca2-e7ad73e2f202" />
      <TestMethod codeBase="Y:\Desktop\CSExercises\ExercisesTest\bin\Debug\ExercisesTest.dll" adapterTypeName="Microsoft.VisualStudio.TestTools.TestTypes.Unit.UnitTestAdapter" className="ExercisesTest.ExC3Test" name="ExC3_TestForA" />
    </UnitTest>
    <UnitTest name="ExC3_TestForB" storage="y:\desktop\csexercises\exercisestest\bin\debug\exercisestest.dll" id="057093fc-37d3-acb2-7e8c-260165b052fe">
      <Execution id="b0ad6ca7-eeb6-4aca-a0d8-72b397ef9d42" />
      <TestMethod codeBase="Y:\Desktop\CSExercises\ExercisesTest\bin\Debug\ExercisesTest.dll" adapterTypeName="Microsoft.VisualStudio.TestTools.TestTypes.Unit.UnitTestAdapter" className="ExercisesTest.ExC3Test" name="ExC3_TestForB" />
    </UnitTest>
    <UnitTest name="ExC3_TestForC" storage="y:\desktop\csexercises\exercisestest\bin\debug\exercisestest.dll" id="9f43dc8a-28c1-8a57-a21b-12b5d329c479">
      <Execution id="807380b2-a843-4034-a007-06791a992b94" />
      <TestMethod codeBase="Y:\Desktop\CSExercises\ExercisesTest\bin\Debug\ExercisesTest.dll" adapterTypeName="Microsoft.VisualStudio.TestTools.TestTypes.Unit.UnitTestAdapter" className="ExercisesTest.ExC3Test" name="ExC3_TestForC" />
    </UnitTest>
    <UnitTest name="ExC3_TestWithNegative" storage="y:\desktop\csexercises\exercisestest\bin\debug\exercisestest.dll" id="e77da0c1-e064-d298-63e2-55fde252db14">
      <Execution id="23054fe1-0044-40e5-b273-80ad3b942783" />
      <TestMethod codeBase="Y:\Desktop\CSExercises\ExercisesTest\bin\Debug\ExercisesTest.dll" adapterTypeName="Microsoft.VisualStudio.TestTools.TestTypes.Unit.UnitTestAdapter" className="ExercisesTest.ExC3Test" name="ExC3_TestWithNegative" />
    </UnitTest>
    <UnitTest name="ExC3_TestWithLargeNumber" storage="y:\desktop\csexercises\exercisestest\bin\debug\exercisestest.dll" id="736ce668-007a-8538-cb57-b0aa4f59c7ed">
      <Execution id="87380d66-c3d8-4a4d-a816-3ff30a6b6fad" />
      <TestMethod codeBase="Y:\Desktop\CSExercises\ExercisesTest\bin\Debug\ExercisesTest.dll" adapterTypeName="Microsoft.VisualStudio.TestTools.TestTypes.Unit.UnitTestAdapter" className="ExercisesTest.ExC3Test" name="ExC3_TestWithLargeNumber" />
    </UnitTest>
    <UnitTest name="ExB5_TestWithZero" storage="y:\desktop\csexercises\exercisestest\bin\debug\exercisestest.dll" id="159ba622-1904-2602-2526-72a12ffa196f">
      <Execution id="8929fc12-fab9-434d-9dd4-6f6048b98ae6" />
      <TestMethod codeBase="Y:\Desktop\CSExercises\ExercisesTest\bin\Debug\ExercisesTest.dll" adapterTypeName="Microsoft.VisualStudio.TestTools.TestTypes.Unit.UnitTestAdapter" className="ExercisesTest.ExB5Test" name="ExB5_TestWithZero" />
    </UnitTest>
    <UnitTest name="ExB5_TestWithRandomPositiveNumber" storage="y:\desktop\csexercises\exercisestest\bin\debug\exercisestest.dll" id="4ce714ee-0184-d714-c26f-c0f025b421a2">
      <Execution id="75af7d17-66fd-4fac-98f8-239a503416cc" />
      <TestMethod codeBase="Y:\Desktop\CSExercises\ExercisesTest\bin\Debug\ExercisesTest.dll" adapterTypeName="Microsoft.VisualStudio.TestTools.TestTypes.Unit.UnitTestAdapter" className="ExercisesTest.ExB5Test" name="ExB5_TestWithRandomPositiveNumber" />
    </UnitTest>
    <UnitTest name="ExB5_TestWithRandomNegativeNumber" storage="y:\desktop\csexercises\exercisestest\bin\debug\exercisestest.dll" id="56a6c058-ff64-0a54-1bb8-aba4833eba62">
      <Execution id="2f994753-20cc-4dba-878b-cfcc8f554f76" />
      <TestMethod codeBase="Y:\Desktop\CSExercises\ExercisesTest\bin\Debug\ExercisesTest.dll" adapterTypeName="Microsoft.VisualStudio.TestTools.TestTypes.Unit.UnitTestAdapter" className="ExercisesTest.ExB5Test" name="ExB5_TestWithRandomNegativeNumber" />
    </UnitTest>
    <UnitTest name="ExB4_TestWithZero" storage="y:\desktop\csexercises\exercisestest\bin\debug\exercisestest.dll" id="521f27a5-8565-5e7d-7db9-96f0742480e4">
      <Execution id="ff44164c-6e4e-4a29-930f-6c6ca1917961" />
      <TestMethod codeBase="Y:\Desktop\CSExercises\ExercisesTest\bin\Debug\ExercisesTest.dll" adapterTypeName="Microsoft.VisualStudio.TestTools.TestTypes.Unit.UnitTestAdapter" className="ExercisesTest.ExB4Test" name="ExB4_TestWithZero" />
    </UnitTest>
    <UnitTest name="ExB4_TestWithRandomPositiveNumber" storage="y:\desktop\csexercises\exercisestest\bin\debug\exercisestest.dll" id="d3c73420-c493-2580-26b5-713efb8af071">
      <Execution id="e085e3c0-6283-462f-96b3-1a93ba0fafde" />
      <TestMethod codeBase="Y:\Desktop\CSExercises\ExercisesTest\bin\Debug\ExercisesTest.dll" adapterTypeName="Microsoft.VisualStudio.TestTools.TestTypes.Unit.UnitTestAdapter" className="ExercisesTest.ExB4Test" name="ExB4_TestWithRandomPositiveNumber" />
    </UnitTest>
    <UnitTest name="ExB4_TestWithRandomNegativeNumber" storage="y:\desktop\csexercises\exercisestest\bin\debug\exercisestest.dll" id="07543d53-3299-9504-fc22-6f3224244293">
      <Execution id="ded3f8e9-5006-419b-8d0e-dac221476f84" />
      <TestMethod codeBase="Y:\Desktop\CSExercises\ExercisesTest\bin\Debug\ExercisesTest.dll" adapterTypeName="Microsoft.VisualStudio.TestTools.TestTypes.Unit.UnitTestAdapter" className="ExercisesTest.ExB4Test" name="ExB4_TestWithRandomNegativeNumber" />
    </UnitTest>
    <UnitTest name="ExB3_TestWithZero" storage="y:\desktop\csexercises\exercisestest\bin\debug\exercisestest.dll" id="547d9154-166e-a709-4ab7-dbf01b9db8a0">
      <Execution id="767589e6-a557-44ea-9c4b-90343a4678b9" />
      <TestMethod codeBase="Y:\Desktop\CSExercises\ExercisesTest\bin\Debug\ExercisesTest.dll" adapterTypeName="Microsoft.VisualStudio.TestTools.TestTypes.Unit.UnitTestAdapter" className="ExercisesTest.ExB3Test" name="ExB3_TestWithZero" />
    </UnitTest>
    <UnitTest name="ExB3_TestWithRandomNumber" storage="y:\desktop\csexercises\exercisestest\bin\debug\exercisestest.dll" id="ff06b2a1-aac2-2828-23bf-4e83c2715f17">
      <Execution id="2f7e8078-ddba-468f-84d6-01de0520f379" />
      <TestMethod codeBase="Y:\Desktop\CSExercises\ExercisesTest\bin\Debug\ExercisesTest.dll" adapterTypeName="Microsoft.VisualStudio.TestTools.TestTypes.Unit.UnitTestAdapter" className="ExercisesTest.ExB3Test" name="ExB3_TestWithRandomNumber" />
    </UnitTest>
    <UnitTest name="ExB2_TestWithZero" storage="y:\desktop\csexercises\exercisestest\bin\debug\exercisestest.dll" id="dd7a1cf7-7671-a70a-aef5-f365aedd4d0e">
      <Execution id="5477a0d1-86a9-40b9-ad32-8b6c2719ae20" />
      <TestMethod codeBase="Y:\Desktop\CSExercises\ExercisesTest\bin\Debug\ExercisesTest.dll" adapterTypeName="Microsoft.VisualStudio.TestTools.TestTypes.Unit.UnitTestAdapter" className="ExercisesTest.ExB2Test" name="ExB2_TestWithZero" />
    </UnitTest>
    <UnitTest name="ExB2_TestWithRandomNumber" storage="y:\desktop\csexercises\exercisestest\bin\debug\exercisestest.dll" id="1e6e95e5-93d0-8567-b766-24daa399e7a5">
      <Execution id="ffa0bafa-52c1-4d78-a00f-db209f2b2f44" />
      <TestMethod codeBase="Y:\Desktop\CSExercises\ExercisesTest\bin\Debug\ExercisesTest.dll" adapterTypeName="Microsoft.VisualStudio.TestTools.TestTypes.Unit.UnitTestAdapter" className="ExercisesTest.ExB2Test" name="ExB2_TestWithRandomNumber" />
    </UnitTest>
    <UnitTest name="ExB1_TestWithZero" storage="y:\desktop\csexercises\exercisestest\bin\debug\exercisestest.dll" id="928f0289-fc26-87c9-cbcc-7860f04c41e5">
      <Execution id="8d1733e6-0497-48bb-ad29-dfc6d66838b7" />
      <TestMethod codeBase="Y:\Desktop\CSExercises\ExercisesTest\bin\Debug\ExercisesTest.dll" adapterTypeName="Microsoft.VisualStudio.TestTools.TestTypes.Unit.UnitTestAdapter" className="ExercisesTest.ExB1Test" name="ExB1_TestWithZero" />
    </UnitTest>
    <UnitTest name="ExB1_TestWithRandomNumber" storage="y:\desktop\csexercises\exercisestest\bin\debug\exercisestest.dll" id="cf3fce46-434f-4b13-6b4c-ced354dd07f6">
      <Execution id="60438d4b-ffb3-4c43-a370-1beb2169876f" />
      <TestMethod codeBase="Y:\Desktop\CSExercises\ExercisesTest\bin\Debug\ExercisesTest.dll" adapterTypeName="Microsoft.VisualStudio.TestTools.TestTypes.Unit.UnitTestAdapter" className="ExercisesTest.ExB1Test" name="ExB1_TestWithRandomNumber" />
    </UnitTest>
    <UnitTest name="ExA5_Case1" storage="y:\desktop\csexercises\exercisestest\bin\debug\exercisestest.dll" id="76d0a13b-ab80-9522-b82c-80ef6e94b587">
      <Execution id="497fd459-1f0c-4d88-91ff-bed355c40d1c" />
      <TestMethod codeBase="Y:\Desktop\CSExercises\ExercisesTest\bin\Debug\ExercisesTest.dll" adapterTypeName="Microsoft.VisualStudio.TestTools.TestTypes.Unit.UnitTestAdapter" className="ExercisesTest.ExA5Test" name="ExA5_Case1" />
    </UnitTest>
    <UnitTest name="ExA5_Case2" storage="y:\desktop\csexercises\exercisestest\bin\debug\exercisestest.dll" id="22a0a7fb-7586-1091-0284-41aa8e900d3a">
      <Execution id="275059e2-d52c-4ab3-bcb9-26a7b4b4cc14" />
      <TestMethod codeBase="Y:\Desktop\CSExercises\ExercisesTest\bin\Debug\ExercisesTest.dll" adapterTypeName="Microsoft.VisualStudio.TestTools.TestTypes.Unit.UnitTestAdapter" className="ExercisesTest.ExA5Test" name="ExA5_Case2" />
    </UnitTest>
    <UnitTest name="ExA5_Case3" storage="y:\desktop\csexercises\exercisestest\bin\debug\exercisestest.dll" id="220c17f5-86fd-d612-976c-3a2f2514a9ee">
      <Execution id="ae2b6f0f-a43d-4bdc-9d41-47be1cadddfc" />
      <TestMethod codeBase="Y:\Desktop\CSExercises\ExercisesTest\bin\Debug\ExercisesTest.dll" adapterTypeName="Microsoft.VisualStudio.TestTools.TestTypes.Unit.UnitTestAdapter" className="ExercisesTest.ExA5Test" name="ExA5_Case3" />
    </UnitTest>
    <UnitTest name="ExA5_Case4" storage="y:\desktop\csexercises\exercisestest\bin\debug\exercisestest.dll" id="eeda8489-f414-b738-730a-b86d9a065988">
      <Execution id="2709eac0-cb3b-44a0-8d10-99c901c7d0fc" />
      <TestMethod codeBase="Y:\Desktop\CSExercises\ExercisesTest\bin\Debug\ExercisesTest.dll" adapterTypeName="Microsoft.VisualStudio.TestTools.TestTypes.Unit.UnitTestAdapter" className="ExercisesTest.ExA5Test" name="ExA5_Case4" />
    </UnitTest>
    <UnitTest name="ExA4_SquareOf0" storage="y:\desktop\csexercises\exercisestest\bin\debug\exercisestest.dll" id="7c77c2c8-c4ae-c33d-b32c-0c27ea0a4ea6">
      <Execution id="aa923672-39ee-4888-a8ed-845b3ebd3321" />
      <TestMethod codeBase="Y:\Desktop\CSExercises\ExercisesTest\bin\Debug\ExercisesTest.dll" adapterTypeName="Microsoft.VisualStudio.TestTools.TestTypes.Unit.UnitTestAdapter" className="ExercisesTest.ExA4Test" name="ExA4_SquareOf0" />
    </UnitTest>
    <UnitTest name="ExA4_SquareOf10" storage="y:\desktop\csexercises\exercisestest\bin\debug\exercisestest.dll" id="06b9133f-4899-3a9e-2fb2-27c70cb6b199">
      <Execution id="6b7652e2-16a9-463b-bed6-6c501d3b0b16" />
      <TestMethod codeBase="Y:\Desktop\CSExercises\ExercisesTest\bin\Debug\ExercisesTest.dll" adapterTypeName="Microsoft.VisualStudio.TestTools.TestTypes.Unit.UnitTestAdapter" className="ExercisesTest.ExA4Test" name="ExA4_SquareOf10" />
    </UnitTest>
    <UnitTest name="ExA4_SquareOfMin10" storage="y:\desktop\csexercises\exercisestest\bin\debug\exercisestest.dll" id="bb1830d4-461e-fe67-a1f1-5256b7d4a372">
      <Execution id="9cdb8b50-f24b-4923-8c2f-18d99148de96" />
      <TestMethod codeBase="Y:\Desktop\CSExercises\ExercisesTest\bin\Debug\ExercisesTest.dll" adapterTypeName="Microsoft.VisualStudio.TestTools.TestTypes.Unit.UnitTestAdapter" className="ExercisesTest.ExA4Test" name="ExA4_SquareOfMin10" />
    </UnitTest>
    <UnitTest name="ExB6_TestWithZero" storage="y:\desktop\csexercises\exercisestest\bin\debug\exercisestest.dll" id="b0fe1b76-85dd-996a-6897-764077fa221a">
      <Execution id="68be5198-ed2d-463e-9158-cc30340a4c91" />
      <TestMethod codeBase="Y:\Desktop\CSExercises\ExercisesTest\bin\Debug\ExercisesTest.dll" adapterTypeName="Microsoft.VisualStudio.TestTools.TestTypes.Unit.UnitTestAdapter" className="ExercisesTest.ExB6Test" name="ExB6_TestWithZero" />
    </UnitTest>
    <UnitTest name="ExB6_TestWithPositiveNumber" storage="y:\desktop\csexercises\exercisestest\bin\debug\exercisestest.dll" id="3e2b89e5-e2cc-63c8-e53e-5e4f06942620">
      <Execution id="1de07988-8759-480e-b06a-a0bb51f8a3fe" />
      <TestMethod codeBase="Y:\Desktop\CSExercises\ExercisesTest\bin\Debug\ExercisesTest.dll" adapterTypeName="Microsoft.VisualStudio.TestTools.TestTypes.Unit.UnitTestAdapter" className="ExercisesTest.ExB6Test" name="ExB6_TestWithPositiveNumber" />
    </UnitTest>
    <UnitTest name="ExB6_TestWithNegativeNumber" storage="y:\desktop\csexercises\exercisestest\bin\debug\exercisestest.dll" id="09a74379-7aab-b6a3-6c3c-bf77ba90813f">
      <Execution id="ae691fa1-7195-4be9-963f-eb5b370fc014" />
      <TestMethod codeBase="Y:\Desktop\CSExercises\ExercisesTest\bin\Debug\ExercisesTest.dll" adapterTypeName="Microsoft.VisualStudio.TestTools.TestTypes.Unit.UnitTestAdapter" className="ExercisesTest.ExB6Test" name="ExB6_TestWithNegativeNumber" />
    </UnitTest>
    <UnitTest name="ExB7_TestWithZero" storage="y:\desktop\csexercises\exercisestest\bin\debug\exercisestest.dll" id="5d10d8c6-9801-fba8-47ea-4f24d629e64e">
      <Execution id="9c9447f7-5845-484a-9b56-fe18a90e0ec7" />
      <TestMethod codeBase="Y:\Desktop\CSExercises\ExercisesTest\bin\Debug\ExercisesTest.dll" adapterTypeName="Microsoft.VisualStudio.TestTools.TestTypes.Unit.UnitTestAdapter" className="ExercisesTest.ExB7Test" name="ExB7_TestWithZero" />
    </UnitTest>
    <UnitTest name="ExB7_TestWithRandomPositiveNumber" storage="y:\desktop\csexercises\exercisestest\bin\debug\exercisestest.dll" id="8a3c2921-0d21-9733-b802-8fd60efda746">
      <Execution id="e7cb3b5c-080e-48b9-be3a-a0ba7097c58f" />
      <TestMethod codeBase="Y:\Desktop\CSExercises\ExercisesTest\bin\Debug\ExercisesTest.dll" adapterTypeName="Microsoft.VisualStudio.TestTools.TestTypes.Unit.UnitTestAdapter" className="ExercisesTest.ExB7Test" name="ExB7_TestWithRandomPositiveNumber" />
    </UnitTest>
    <UnitTest name="ExB8_TestWithZero" storage="y:\desktop\csexercises\exercisestest\bin\debug\exercisestest.dll" id="d8f4ff5b-1da8-68e0-6735-dca747510bd3">
      <Execution id="f644f850-577c-4479-bf87-acedb6060315" />
      <TestMethod codeBase="Y:\Desktop\CSExercises\ExercisesTest\bin\Debug\ExercisesTest.dll" adapterTypeName="Microsoft.VisualStudio.TestTools.TestTypes.Unit.UnitTestAdapter" className="ExercisesTest.ExB8Test" name="ExB8_TestWithZero" />
    </UnitTest>
    <UnitTest name="ExB8_TestWithRandomPositiveNumber" storage="y:\desktop\csexercises\exercisestest\bin\debug\exercisestest.dll" id="4c46834b-f4c3-08ad-a27c-3715addd7c00">
      <Execution id="8cd55878-52d6-4279-9d5b-73abfb80f771" />
      <TestMethod codeBase="Y:\Desktop\CSExercises\ExercisesTest\bin\Debug\ExercisesTest.dll" adapterTypeName="Microsoft.VisualStudio.TestTools.TestTypes.Unit.UnitTestAdapter" className="ExercisesTest.ExB8Test" name="ExB8_TestWithRandomPositiveNumber" />
    </UnitTest>
    <UnitTest name="ExB9TestWithZero" storage="y:\desktop\csexercises\exercisestest\bin\debug\exercisestest.dll" id="4d421191-ce69-78f3-5526-c5d9422be733">
      <Execution id="36552aec-54c4-4f71-a9d1-fcefb50c64b7" />
      <TestMethod codeBase="Y:\Desktop\CSExercises\ExercisesTest\bin\Debug\ExercisesTest.dll" adapterTypeName="Microsoft.VisualStudio.TestTools.TestTypes.Unit.UnitTestAdapter" className="ExercisesTest.ExB9Test" name="ExB9TestWithZero" />
    </UnitTest>
    <UnitTest name="ExB9TestWithRandomPositiveNumber" storage="y:\desktop\csexercises\exercisestest\bin\debug\exercisestest.dll" id="2514325f-8396-182f-50e8-0dd4b88ec67a">
      <Execution id="df0d7bf4-8018-4b8e-8d3a-41e616f88a6c" />
      <TestMethod codeBase="Y:\Desktop\CSExercises\ExercisesTest\bin\Debug\ExercisesTest.dll" adapterTypeName="Microsoft.VisualStudio.TestTools.TestTypes.Unit.UnitTestAdapter" className="ExercisesTest.ExB9Test" name="ExB9TestWithRandomPositiveNumber" />
    </UnitTest>
    <UnitTest name="ExB10_TestWithZero" storage="y:\desktop\csexercises\exercisestest\bin\debug\exercisestest.dll" id="2f64d7d7-397c-497d-5ac2-6f48b2c6e87a">
      <Execution id="70dca0d6-0929-4bf3-ada3-40da5ae47e87" />
      <TestMethod codeBase="Y:\Desktop\CSExercises\ExercisesTest\bin\Debug\ExercisesTest.dll" adapterTypeName="Microsoft.VisualStudio.TestTools.TestTypes.Unit.UnitTestAdapter" className="ExercisesTest.ExB10_Test" name="ExB10_TestWithZero" />
    </UnitTest>
    <UnitTest name="ExB10_TestWithPositiveNumber" storage="y:\desktop\csexercises\exercisestest\bin\debug\exercisestest.dll" id="2c0176f9-773e-372e-9030-1985551cf0c5">
      <Execution id="9888a2cf-3345-4494-86e4-c94987141afa" />
      <TestMethod codeBase="Y:\Desktop\CSExercises\ExercisesTest\bin\Debug\ExercisesTest.dll" adapterTypeName="Microsoft.VisualStudio.TestTools.TestTypes.Unit.UnitTestAdapter" className="ExercisesTest.ExB10_Test" name="ExB10_TestWithPositiveNumber" />
    </UnitTest>
    <UnitTest name="ExC5_TestWithAmstrongNumber" storage="y:\desktop\csexercises\exercisestest\bin\debug\exercisestest.dll" id="f44f585d-496a-ceff-8ec5-5aa583d03039">
      <Execution id="327e94d9-3df7-4118-ab23-1ea12ca725dc" />
      <TestMethod codeBase="Y:\Desktop\CSExercises\ExercisesTest\bin\Debug\ExercisesTest.dll" adapterTypeName="Microsoft.VisualStudio.TestTools.TestTypes.Unit.UnitTestAdapter" className="ExercisesTest.ExC5Test" name="ExC5_TestWithAmstrongNumber" />
    </UnitTest>
    <UnitTest name="ExC5_TestWithRandomPositiveNumber" storage="y:\desktop\csexercises\exercisestest\bin\debug\exercisestest.dll" id="403ee091-5d56-e49f-11e0-a0069db2d71f">
      <Execution id="e5e84afe-236f-48c7-ba93-0a7b502c8839" />
      <TestMethod codeBase="Y:\Desktop\CSExercises\ExercisesTest\bin\Debug\ExercisesTest.dll" adapterTypeName="Microsoft.VisualStudio.TestTools.TestTypes.Unit.UnitTestAdapter" className="ExercisesTest.ExC5Test" name="ExC5_TestWithRandomPositiveNumber" />
    </UnitTest>
    <UnitTest name="ExC1_TestWithMale" storage="y:\desktop\csexercises\exercisestest\bin\debug\exercisestest.dll" id="61d166ef-4cfe-77e3-b543-897aca364290">
      <Execution id="56fe17d5-b80e-44c3-8797-99d51cafabe9" />
      <TestMethod codeBase="Y:\Desktop\CSExercises\ExercisesTest\bin\Debug\ExercisesTest.dll" adapterTypeName="Microsoft.VisualStudio.TestTools.TestTypes.Unit.UnitTestAdapter" className="ExercisesTest.ExC1Test" name="ExC1_TestWithMale" />
    </UnitTest>
    <UnitTest name="ExC1_TestWithFemale" storage="y:\desktop\csexercises\exercisestest\bin\debug\exercisestest.dll" id="f01da9c2-186f-f432-e2ea-a4bf6e6db11b">
      <Execution id="621e1cc8-07f0-427c-b1e4-0c1942493e69" />
      <TestMethod codeBase="Y:\Desktop\CSExercises\ExercisesTest\bin\Debug\ExercisesTest.dll" adapterTypeName="Microsoft.VisualStudio.TestTools.TestTypes.Unit.UnitTestAdapter" className="ExercisesTest.ExC1Test" name="ExC1_TestWithFemale" />
    </UnitTest>
    <UnitTest name="ExC1_TestWithUnknown" storage="y:\desktop\csexercises\exercisestest\bin\debug\exercisestest.dll" id="437f057a-e785-23b6-2c3b-fdb00373c2ea">
      <Execution id="348b585e-0b44-4e12-87f8-7348d3071b4e" />
      <TestMethod codeBase="Y:\Desktop\CSExercises\ExercisesTest\bin\Debug\ExercisesTest.dll" adapterTypeName="Microsoft.VisualStudio.TestTools.TestTypes.Unit.UnitTestAdapter" className="ExercisesTest.ExC1Test" name="ExC1_TestWithUnknown" />
    </UnitTest>
    <UnitTest name="ExC2_TestWithUncle" storage="y:\desktop\csexercises\exercisestest\bin\debug\exercisestest.dll" id="2cc7dc39-d769-d794-e8ff-a77afcb7d16c">
      <Execution id="ae52fcdf-d775-45ef-99f0-945059e68b9a" />
      <TestMethod codeBase="Y:\Desktop\CSExercises\ExercisesTest\bin\Debug\ExercisesTest.dll" adapterTypeName="Microsoft.VisualStudio.TestTools.TestTypes.Unit.UnitTestAdapter" className="ExercisesTest.ExC2_Test" name="ExC2_TestWithUncle" />
    </UnitTest>
    <UnitTest name="ExC2_TestWithAunty" storage="y:\desktop\csexercises\exercisestest\bin\debug\exercisestest.dll" id="358b895f-9561-e345-43e3-0530571178f3">
      <Execution id="d941b1f1-95ee-4245-b818-27ccfb5c6af7" />
      <TestMethod codeBase="Y:\Desktop\CSExercises\ExercisesTest\bin\Debug\ExercisesTest.dll" adapterTypeName="Microsoft.VisualStudio.TestTools.TestTypes.Unit.UnitTestAdapter" className="ExercisesTest.ExC2_Test" name="ExC2_TestWithAunty" />
    </UnitTest>
    <UnitTest name="ExC2_TestWitMr" storage="y:\desktop\csexercises\exercisestest\bin\debug\exercisestest.dll" id="5786c8fe-760a-f1e2-51f3-9bf03ba7c133">
      <Execution id="bc74f9bb-469a-494b-9332-a4d36a1d0da8" />
      <TestMethod codeBase="Y:\Desktop\CSExercises\ExercisesTest\bin\Debug\ExercisesTest.dll" adapterTypeName="Microsoft.VisualStudio.TestTools.TestTypes.Unit.UnitTestAdapter" className="ExercisesTest.ExC2_Test" name="ExC2_TestWitMr" />
    </UnitTest>
    <UnitTest name="ExC2_TestWithMs" storage="y:\desktop\csexercises\exercisestest\bin\debug\exercisestest.dll" id="1d1c8a71-2287-e26b-162e-49d36eb500a6">
      <Execution id="dcc6ed7a-a376-4e56-9d50-8f9f162ed229" />
      <TestMethod codeBase="Y:\Desktop\CSExercises\ExercisesTest\bin\Debug\ExercisesTest.dll" adapterTypeName="Microsoft.VisualStudio.TestTools.TestTypes.Unit.UnitTestAdapter" className="ExercisesTest.ExC2_Test" name="ExC2_TestWithMs" />
    </UnitTest>
    <UnitTest name="ExC2_TestWithUnknown" storage="y:\desktop\csexercises\exercisestest\bin\debug\exercisestest.dll" id="3f3b4237-6c70-8c91-dc5f-29e8e770339b">
      <Execution id="386dc163-d132-47c2-b523-e0471c7097dc" />
      <TestMethod codeBase="Y:\Desktop\CSExercises\ExercisesTest\bin\Debug\ExercisesTest.dll" adapterTypeName="Microsoft.VisualStudio.TestTools.TestTypes.Unit.UnitTestAdapter" className="ExercisesTest.ExC2_Test" name="ExC2_TestWithUnknown" />
    </UnitTest>
    <UnitTest name="ExC4_TestWithZero" storage="y:\desktop\csexercises\exercisestest\bin\debug\exercisestest.dll" id="66b3003b-1aa8-40bb-c162-a94b6568685b">
      <Execution id="33d29bc8-b140-4ad5-9611-b9fd4207d933" />
      <TestMethod codeBase="Y:\Desktop\CSExercises\ExercisesTest\bin\Debug\ExercisesTest.dll" adapterTypeName="Microsoft.VisualStudio.TestTools.TestTypes.Unit.UnitTestAdapter" className="ExercisesTest.ExC4Test" name="ExC4_TestWithZero" />
    </UnitTest>
    <UnitTest name="ExC4TestWithHalf" storage="y:\desktop\csexercises\exercisestest\bin\debug\exercisestest.dll" id="b31774ee-007b-47f0-8e32-c6031c54d16f">
      <Execution id="24051a5c-1aa5-4d14-a91e-41d804e2419e" />
      <TestMethod codeBase="Y:\Desktop\CSExercises\ExercisesTest\bin\Debug\ExercisesTest.dll" adapterTypeName="Microsoft.VisualStudio.TestTools.TestTypes.Unit.UnitTestAdapter" className="ExercisesTest.ExC4Test" name="ExC4TestWithHalf" />
    </UnitTest>
    <UnitTest name="ExC4Test9Km" storage="y:\desktop\csexercises\exercisestest\bin\debug\exercisestest.dll" id="27d651a7-a3b9-7a3a-3e05-60be06064821">
      <Execution id="4c338a54-47c1-4cc6-bf4b-f6cd75449430" />
      <TestMethod codeBase="Y:\Desktop\CSExercises\ExercisesTest\bin\Debug\ExercisesTest.dll" adapterTypeName="Microsoft.VisualStudio.TestTools.TestTypes.Unit.UnitTestAdapter" className="ExercisesTest.ExC4Test" name="ExC4Test9Km" />
    </UnitTest>
    <UnitTest name="ExC4Test1213Km" storage="y:\desktop\csexercises\exercisestest\bin\debug\exercisestest.dll" id="99cc52e4-4ede-d6f1-699a-639a70caf19e">
      <Execution id="96430667-f80f-4ed9-8aea-89b180eba8e0" />
      <TestMethod codeBase="Y:\Desktop\CSExercises\ExercisesTest\bin\Debug\ExercisesTest.dll" adapterTypeName="Microsoft.VisualStudio.TestTools.TestTypes.Unit.UnitTestAdapter" className="ExercisesTest.ExC4Test" name="ExC4Test1213Km" />
    </UnitTest>
    <UnitTest name="ExC6_TestWithZero" storage="y:\desktop\csexercises\exercisestest\bin\debug\exercisestest.dll" id="f232122e-0613-e1ee-dfe5-9b85a22cd2b0">
      <Execution id="7328b48e-934c-4c77-9280-256705cf29f1" />
      <TestMethod codeBase="Y:\Desktop\CSExercises\ExercisesTest\bin\Debug\ExercisesTest.dll" adapterTypeName="Microsoft.VisualStudio.TestTools.TestTypes.Unit.UnitTestAdapter" className="ExercisesTest.ExC6Test" name="ExC6_TestWithZero" />
    </UnitTest>
    <UnitTest name="ExC6_TestWithOneProduct1" storage="y:\desktop\csexercises\exercisestest\bin\debug\exercisestest.dll" id="ae4e66b0-9a29-2a92-aee9-fdf389c27fe6">
      <Execution id="bfeab073-fe10-4372-a071-12b5599bb088" />
      <TestMethod codeBase="Y:\Desktop\CSExercises\ExercisesTest\bin\Debug\ExercisesTest.dll" adapterTypeName="Microsoft.VisualStudio.TestTools.TestTypes.Unit.UnitTestAdapter" className="ExercisesTest.ExC6Test" name="ExC6_TestWithOneProduct1" />
    </UnitTest>
    <UnitTest name="ExC6_TestWithOneProduct2" storage="y:\desktop\csexercises\exercisestest\bin\debug\exercisestest.dll" id="4297656f-1197-d292-0489-69d8ad93083c">
      <Execution id="78d22cdb-1129-46d3-ad15-27e4c82be681" />
      <TestMethod codeBase="Y:\Desktop\CSExercises\ExercisesTest\bin\Debug\ExercisesTest.dll" adapterTypeName="Microsoft.VisualStudio.TestTools.TestTypes.Unit.UnitTestAdapter" className="ExercisesTest.ExC6Test" name="ExC6_TestWithOneProduct2" />
    </UnitTest>
    <UnitTest name="ExC6_TestWithOneProduct3" storage="y:\desktop\csexercises\exercisestest\bin\debug\exercisestest.dll" id="527da127-2853-1a9b-a2ad-f3585c728530">
      <Execution id="190f9652-645c-4119-9230-82e7f01b0ca8" />
      <TestMethod codeBase="Y:\Desktop\CSExercises\ExercisesTest\bin\Debug\ExercisesTest.dll" adapterTypeName="Microsoft.VisualStudio.TestTools.TestTypes.Unit.UnitTestAdapter" className="ExercisesTest.ExC6Test" name="ExC6_TestWithOneProduct3" />
    </UnitTest>
    <UnitTest name="ExC6_TestWithOneProduct4" storage="y:\desktop\csexercises\exercisestest\bin\debug\exercisestest.dll" id="62915065-52ff-5fd8-8913-0189d77875c3">
      <Execution id="bb743509-7f4e-42e1-a2e7-62258f85635f" />
      <TestMethod codeBase="Y:\Desktop\CSExercises\ExercisesTest\bin\Debug\ExercisesTest.dll" adapterTypeName="Microsoft.VisualStudio.TestTools.TestTypes.Unit.UnitTestAdapter" className="ExercisesTest.ExC6Test" name="ExC6_TestWithOneProduct4" />
    </UnitTest>
    <UnitTest name="ExC6_TestWithOneProduct5" storage="y:\desktop\csexercises\exercisestest\bin\debug\exercisestest.dll" id="14d8a934-4e3c-5ff4-d896-b004187a9351">
      <Execution id="bfc13097-593b-4727-b3d1-c1044b6711d6" />
      <TestMethod codeBase="Y:\Desktop\CSExercises\ExercisesTest\bin\Debug\ExercisesTest.dll" adapterTypeName="Microsoft.VisualStudio.TestTools.TestTypes.Unit.UnitTestAdapter" className="ExercisesTest.ExC6Test" name="ExC6_TestWithOneProduct5" />
    </UnitTest>
    <UnitTest name="ExC6_TestWithTwoProducts1" storage="y:\desktop\csexercises\exercisestest\bin\debug\exercisestest.dll" id="8206a26a-e532-85c1-9aad-17a6a0a5bdf0">
      <Execution id="fd8dc693-83d2-4080-a77c-f6ea173986ee" />
      <TestMethod codeBase="Y:\Desktop\CSExercises\ExercisesTest\bin\Debug\ExercisesTest.dll" adapterTypeName="Microsoft.VisualStudio.TestTools.TestTypes.Unit.UnitTestAdapter" className="ExercisesTest.ExC6Test" name="ExC6_TestWithTwoProducts1" />
    </UnitTest>
    <UnitTest name="ExC6_TestWithThreeProducts1" storage="y:\desktop\csexercises\exercisestest\bin\debug\exercisestest.dll" id="59543185-c115-6f05-fde4-7a3a3cf60da3">
      <Execution id="d22ece13-6684-4178-8e42-2de483491263" />
      <TestMethod codeBase="Y:\Desktop\CSExercises\ExercisesTest\bin\Debug\ExercisesTest.dll" adapterTypeName="Microsoft.VisualStudio.TestTools.TestTypes.Unit.UnitTestAdapter" className="ExercisesTest.ExC6Test" name="ExC6_TestWithThreeProducts1" />
    </UnitTest>
    <UnitTest name="ExD1_TestWith88" storage="y:\desktop\csexercises\exercisestest\bin\debug\exercisestest.dll" id="817d2cfb-2701-d099-0d77-7dda9f9ee260">
      <Execution id="97f4dfb1-f667-4849-b266-ccb99614f3d4" />
      <TestMethod codeBase="Y:\Desktop\CSExercises\ExercisesTest\bin\Debug\ExercisesTest.dll" adapterTypeName="Microsoft.VisualStudio.TestTools.TestTypes.Unit.UnitTestAdapter" className="ExercisesTest.ExD1Test" name="ExD1_TestWith88" />
    </UnitTest>
    <UnitTest name="ExD1_TestNo88" storage="y:\desktop\csexercises\exercisestest\bin\debug\exercisestest.dll" id="b3b356b0-b86d-68eb-f1fa-a1fb7eedeab6">
      <Execution id="21d94d2e-3bb1-437e-ab4f-4bf8a3389779" />
      <TestMethod codeBase="Y:\Desktop\CSExercises\ExercisesTest\bin\Debug\ExercisesTest.dll" adapterTypeName="Microsoft.VisualStudio.TestTools.TestTypes.Unit.UnitTestAdapter" className="ExercisesTest.ExD1Test" name="ExD1_TestNo88" />
    </UnitTest>
    <UnitTest name="ExD2_TestWithPositiveNumber1" storage="y:\desktop\csexercises\exercisestest\bin\debug\exercisestest.dll" id="37f78f12-4ace-98e0-52e8-3408fb66f00f">
      <Execution id="9536d248-5393-49d3-a34f-f51c9482c6b3" />
      <TestMethod codeBase="Y:\Desktop\CSExercises\ExercisesTest\bin\Debug\ExercisesTest.dll" adapterTypeName="Microsoft.VisualStudio.TestTools.TestTypes.Unit.UnitTestAdapter" className="ExercisesTest.ExD2Test" name="ExD2_TestWithPositiveNumber1" />
    </UnitTest>
    <UnitTest name="ExD2_TestWithPositiveNumber2" storage="y:\desktop\csexercises\exercisestest\bin\debug\exercisestest.dll" id="31cdd151-4b4e-8af1-a309-064dea303c76">
      <Execution id="95459c8d-eec9-4a5b-a170-44f0d5329346" />
      <TestMethod codeBase="Y:\Desktop\CSExercises\ExercisesTest\bin\Debug\ExercisesTest.dll" adapterTypeName="Microsoft.VisualStudio.TestTools.TestTypes.Unit.UnitTestAdapter" className="ExercisesTest.ExD2Test" name="ExD2_TestWithPositiveNumber2" />
    </UnitTest>
    <UnitTest name="ExD3_TestRepeatedly" storage="y:\desktop\csexercises\exercisestest\bin\debug\exercisestest.dll" id="5c4545c1-1c4b-68f6-8b78-e5e65fc45da5">
      <Execution id="e46b2769-66f1-4518-b684-da65477a5519" />
      <TestMethod codeBase="Y:\Desktop\CSExercises\ExercisesTest\bin\Debug\ExercisesTest.dll" adapterTypeName="Microsoft.VisualStudio.TestTools.TestTypes.Unit.UnitTestAdapter" className="ExercisesTest.ExD3Test" name="ExD3_TestRepeatedly" />
    </UnitTest>
    <UnitTest name="ExD4_TestSimpleNumber" storage="y:\desktop\csexercises\exercisestest\bin\debug\exercisestest.dll" id="41d254a0-3988-4fe8-c401-d6db7cf41541">
      <Execution id="1a3c9c80-db91-476e-8309-92cdd1e9eab3" />
      <TestMethod codeBase="Y:\Desktop\CSExercises\ExercisesTest\bin\Debug\ExercisesTest.dll" adapterTypeName="Microsoft.VisualStudio.TestTools.TestTypes.Unit.UnitTestAdapter" className="ExercisesTest.ExD4Test" name="ExD4_TestSimpleNumber" />
    </UnitTest>
    <UnitTest name="ExD4_TestBiggerNumber" storage="y:\desktop\csexercises\exercisestest\bin\debug\exercisestest.dll" id="f786c760-8fd9-385b-4101-e13a18a86146">
      <Execution id="a7276e2e-880f-49b9-b444-afdf1e16f99c" />
      <TestMethod codeBase="Y:\Desktop\CSExercises\ExercisesTest\bin\Debug\ExercisesTest.dll" adapterTypeName="Microsoft.VisualStudio.TestTools.TestTypes.Unit.UnitTestAdapter" className="ExercisesTest.ExD4Test" name="ExD4_TestBiggerNumber" />
    </UnitTest>
    <UnitTest name="ExE1_TestSimpleNumber" storage="y:\desktop\csexercises\exercisestest\bin\debug\exercisestest.dll" id="93d33d17-2fa5-03db-e35e-54470f3d1f7b">
      <Execution id="69289ca5-d701-4b80-ab53-5e3d268933a7" />
      <TestMethod codeBase="Y:\Desktop\CSExercises\ExercisesTest\bin\Debug\ExercisesTest.dll" adapterTypeName="Microsoft.VisualStudio.TestTools.TestTypes.Unit.UnitTestAdapter" className="ExercisesTest.ExE1Test" name="ExE1_TestSimpleNumber" />
    </UnitTest>
    <UnitTest name="ExE1_TestBiggerNumber" storage="y:\desktop\csexercises\exercisestest\bin\debug\exercisestest.dll" id="5a209ef6-6f45-28e6-9185-5b832c31792d">
      <Execution id="8fc03564-ac68-43f0-a685-610044d44c2d" />
      <TestMethod codeBase="Y:\Desktop\CSExercises\ExercisesTest\bin\Debug\ExercisesTest.dll" adapterTypeName="Microsoft.VisualStudio.TestTools.TestTypes.Unit.UnitTestAdapter" className="ExercisesTest.ExE1Test" name="ExE1_TestBiggerNumber" />
    </UnitTest>
    <UnitTest name="ExE2_TestTheOnlyCase" storage="y:\desktop\csexercises\exercisestest\bin\debug\exercisestest.dll" id="380d54ab-9eb4-5e4e-c1a8-b5b0e22a59a1">
      <Execution id="8b857d2b-d5dd-48e1-a23b-4244eb757b60" />
      <TestMethod codeBase="Y:\Desktop\CSExercises\ExercisesTest\bin\Debug\ExercisesTest.dll" adapterTypeName="Microsoft.VisualStudio.TestTools.TestTypes.Unit.UnitTestAdapter" className="ExercisesTest.ExE2Test" name="ExE2_TestTheOnlyCase" />
    </UnitTest>
    <UnitTest name="ExE3_Test241" storage="y:\desktop\csexercises\exercisestest\bin\debug\exercisestest.dll" id="48cf3a9e-0a50-a29b-8eb0-126dcc656f66">
      <Execution id="bda46508-32b2-4fc2-8952-800f60a3951e" />
      <TestMethod codeBase="Y:\Desktop\CSExercises\ExercisesTest\bin\Debug\ExercisesTest.dll" adapterTypeName="Microsoft.VisualStudio.TestTools.TestTypes.Unit.UnitTestAdapter" className="ExercisesTest.ExE3Test" name="ExE3_Test241" />
    </UnitTest>
    <UnitTest name="ExE3_Test240" storage="y:\desktop\csexercises\exercisestest\bin\debug\exercisestest.dll" id="91e204a5-eff7-540d-d066-632080d4a971">
      <Execution id="280d1c0f-3e78-4bde-abc3-77a137396174" />
      <TestMethod codeBase="Y:\Desktop\CSExercises\ExercisesTest\bin\Debug\ExercisesTest.dll" adapterTypeName="Microsoft.VisualStudio.TestTools.TestTypes.Unit.UnitTestAdapter" className="ExercisesTest.ExE3Test" name="ExE3_Test240" />
    </UnitTest>
    <UnitTest name="ExE4_Test496" storage="y:\desktop\csexercises\exercisestest\bin\debug\exercisestest.dll" id="4f5a549c-a85c-793f-ddb0-ac8e48e5d0f1">
      <Execution id="a9765e3e-b385-4802-8ab4-ebb4bea9d17e" />
      <TestMethod codeBase="Y:\Desktop\CSExercises\ExercisesTest\bin\Debug\ExercisesTest.dll" adapterTypeName="Microsoft.VisualStudio.TestTools.TestTypes.Unit.UnitTestAdapter" className="ExercisesTest.ExE4Test" name="ExE4_Test496" />
    </UnitTest>
    <UnitTest name="ExE4_Test240" storage="y:\desktop\csexercises\exercisestest\bin\debug\exercisestest.dll" id="1dc75fae-43cb-7e63-4009-7965bd630b1a">
      <Execution id="ec54f07b-a27b-4c67-b495-7f11b4354973" />
      <TestMethod codeBase="Y:\Desktop\CSExercises\ExercisesTest\bin\Debug\ExercisesTest.dll" adapterTypeName="Microsoft.VisualStudio.TestTools.TestTypes.Unit.UnitTestAdapter" className="ExercisesTest.ExE4Test" name="ExE4_Test240" />
    </UnitTest>
    <UnitTest name="ExE5_TestForTheOnlyTestCase" storage="y:\desktop\csexercises\exercisestest\bin\debug\exercisestest.dll" id="442295cb-ec7e-e437-f1f2-a6c136660fa9">
      <Execution id="5c29bdd8-9556-490d-ac3d-c6bb5f0e15b9" />
      <TestMethod codeBase="Y:\Desktop\CSExercises\ExercisesTest\bin\Debug\ExercisesTest.dll" adapterTypeName="Microsoft.VisualStudio.TestTools.TestTypes.Unit.UnitTestAdapter" className="ExercisesTest.ExE5Test" name="ExE5_TestForTheOnlyTestCase" />
    </UnitTest>
    <UnitTest name="ExE6_TestForTheOnlyTestCase" storage="y:\desktop\csexercises\exercisestest\bin\debug\exercisestest.dll" id="d2aa1ef4-37c8-6f4f-caac-48633678d93a">
      <Execution id="282451a6-72f5-455d-b1a2-f60bb49b4a1c" />
      <TestMethod codeBase="Y:\Desktop\CSExercises\ExercisesTest\bin\Debug\ExercisesTest.dll" adapterTypeName="Microsoft.VisualStudio.TestTools.TestTypes.Unit.UnitTestAdapter" className="ExercisesTest.ExE6_Test" name="ExE6_TestForTheOnlyTestCase" />
    </UnitTest>
    <UnitTest name="ExF1_TestForTheOnlyTestCase" storage="y:\desktop\csexercises\exercisestest\bin\debug\exercisestest.dll" id="dc006c73-b7ad-39c4-a618-0510c48419f9">
      <Execution id="3aec58ac-8e7f-48f6-b2c0-093aeb0bd122" />
      <TestMethod codeBase="Y:\Desktop\CSExercises\ExercisesTest\bin\Debug\ExercisesTest.dll" adapterTypeName="Microsoft.VisualStudio.TestTools.TestTypes.Unit.UnitTestAdapter" className="ExercisesTest.ExF1Test" name="ExF1_TestForTheOnlyTestCase" />
    </UnitTest>
    <UnitTest name="ExF2_TestForTheOrder" storage="y:\desktop\csexercises\exercisestest\bin\debug\exercisestest.dll" id="5af6480c-3862-4e94-bc2c-b24cac7ca661">
      <Execution id="8437fb0b-6dd1-4f34-8b66-eb78634ab975" />
      <TestMethod codeBase="Y:\Desktop\CSExercises\ExercisesTest\bin\Debug\ExercisesTest.dll" adapterTypeName="Microsoft.VisualStudio.TestTools.TestTypes.Unit.UnitTestAdapter" className="ExercisesTest.ExF2Test" name="ExF2_TestForTheOrder" />
    </UnitTest>
    <UnitTest name="ExF3_TestForSomeOfTheResult" storage="y:\desktop\csexercises\exercisestest\bin\debug\exercisestest.dll" id="b02f104d-c4e9-55a3-ef13-4320e9fcd6ec">
      <Execution id="37fb30af-7cfe-4532-a9c8-9d0b4f5b3982" />
      <TestMethod codeBase="Y:\Desktop\CSExercises\ExercisesTest\bin\Debug\ExercisesTest.dll" adapterTypeName="Microsoft.VisualStudio.TestTools.TestTypes.Unit.UnitTestAdapter" className="ExercisesTest.ExF3Test" name="ExF3_TestForSomeOfTheResult" />
    </UnitTest>
    <UnitTest name="ExG1_TestWithABCDE" storage="y:\desktop\csexercises\exercisestest\bin\debug\exercisestest.dll" id="f30f2658-99db-d72e-9ec4-31a9938fa387">
      <Execution id="280d8ef7-1088-4023-8524-fbc9fb118618" />
      <TestMethod codeBase="Y:\Desktop\CSExercises\ExercisesTest\bin\Debug\ExercisesTest.dll" adapterTypeName="Microsoft.VisualStudio.TestTools.TestTypes.Unit.UnitTestAdapter" className="ExercisesTest.ExG1Test" name="ExG1_TestWithABCDE" />
    </UnitTest>
    <UnitTest name="ExG1_TestWithRycky" storage="y:\desktop\csexercises\exercisestest\bin\debug\exercisestest.dll" id="2e593488-b56a-eff0-ca82-e8d0bb44c159">
      <Execution id="98f43a39-1052-4fd7-b0d7-fec96d615980" />
      <TestMethod codeBase="Y:\Desktop\CSExercises\ExercisesTest\bin\Debug\ExercisesTest.dll" adapterTypeName="Microsoft.VisualStudio.TestTools.TestTypes.Unit.UnitTestAdapter" className="ExercisesTest.ExG1Test" name="ExG1_TestWithRycky" />
    </UnitTest>
    <UnitTest name="ExG1_TestWithAeiou" storage="y:\desktop\csexercises\exercisestest\bin\debug\exercisestest.dll" id="ab2a1fc1-80f8-bc44-f298-ece577f665f6">
      <Execution id="e4165502-7993-4995-92ba-d3cbe9e23644" />
      <TestMethod codeBase="Y:\Desktop\CSExercises\ExercisesTest\bin\Debug\ExercisesTest.dll" adapterTypeName="Microsoft.VisualStudio.TestTools.TestTypes.Unit.UnitTestAdapter" className="ExercisesTest.ExG1Test" name="ExG1_TestWithAeiou" />
    </UnitTest>
    <UnitTest name="ExG2_TestWithMadam" storage="y:\desktop\csexercises\exercisestest\bin\debug\exercisestest.dll" id="18e3e622-092f-3e19-8553-2026a160f673">
      <Execution id="86dc0b86-7dd2-4cf6-aaac-f5189e470026" />
      <TestMethod codeBase="Y:\Desktop\CSExercises\ExercisesTest\bin\Debug\ExercisesTest.dll" adapterTypeName="Microsoft.VisualStudio.TestTools.TestTypes.Unit.UnitTestAdapter" className="ExercisesTest.ExG2_Test" name="ExG2_TestWithMadam" />
    </UnitTest>
    <UnitTest name="ExG2_TestWithSanta" storage="y:\desktop\csexercises\exercisestest\bin\debug\exercisestest.dll" id="ee68900a-ee9e-ddba-3df4-cb4a828e02fb">
      <Execution id="8c09feb7-5d0b-4013-9d98-0357d6bf9b9e" />
      <TestMethod codeBase="Y:\Desktop\CSExercises\ExercisesTest\bin\Debug\ExercisesTest.dll" adapterTypeName="Microsoft.VisualStudio.TestTools.TestTypes.Unit.UnitTestAdapter" className="ExercisesTest.ExG2_Test" name="ExG2_TestWithSanta" />
    </UnitTest>
    <UnitTest name="ExG2_TestWithISS" storage="y:\desktop\csexercises\exercisestest\bin\debug\exercisestest.dll" id="97c6c703-6d42-4b52-af58-5bc1820c63e6">
      <Execution id="ba2963bd-9a19-4dbc-9b06-e5078a1ef9c2" />
      <TestMethod codeBase="Y:\Desktop\CSExercises\ExercisesTest\bin\Debug\ExercisesTest.dll" adapterTypeName="Microsoft.VisualStudio.TestTools.TestTypes.Unit.UnitTestAdapter" className="ExercisesTest.ExG2_Test" name="ExG2_TestWithISS" />
    </UnitTest>
    <UnitTest name="ExG3_TestWithOneWord" storage="y:\desktop\csexercises\exercisestest\bin\debug\exercisestest.dll" id="009b3f8f-dd80-521b-6dfb-99834ad4fb9f">
      <Execution id="22e64378-a6b5-4a2c-9719-f83d60a1d466" />
      <TestMethod codeBase="Y:\Desktop\CSExercises\ExercisesTest\bin\Debug\ExercisesTest.dll" adapterTypeName="Microsoft.VisualStudio.TestTools.TestTypes.Unit.UnitTestAdapter" className="ExercisesTest.ExG3Test" name="ExG3_TestWithOneWord" />
    </UnitTest>
    <UnitTest name="ExG3_TestWithISS" storage="y:\desktop\csexercises\exercisestest\bin\debug\exercisestest.dll" id="ec776b73-93db-33b0-d71f-976483ca31f6">
      <Execution id="cf65fd59-4c39-4e47-b267-1e716e6a6c43" />
      <TestMethod codeBase="Y:\Desktop\CSExercises\ExercisesTest\bin\Debug\ExercisesTest.dll" adapterTypeName="Microsoft.VisualStudio.TestTools.TestTypes.Unit.UnitTestAdapter" className="ExercisesTest.ExG3Test" name="ExG3_TestWithISS" />
    </UnitTest>
    <UnitTest name="ExG4_TestOrder" storage="y:\desktop\csexercises\exercisestest\bin\debug\exercisestest.dll" id="e986587e-732a-eb08-f5bc-4cd7a66af95d">
      <Execution id="13ec6bf2-bf77-495f-9c55-e2b5a6d93529" />
      <TestMethod codeBase="Y:\Desktop\CSExercises\ExercisesTest\bin\Debug\ExercisesTest.dll" adapterTypeName="Microsoft.VisualStudio.TestTools.TestTypes.Unit.UnitTestAdapter" className="ExercisesTest.ExG4Test" name="ExG4_TestOrder" />
    </UnitTest>
    <UnitTest name="ExH1_TestOneChar" storage="y:\desktop\csexercises\exercisestest\bin\debug\exercisestest.dll" id="a4ae2f7a-bc59-f21f-0330-4520bbb34ec8">
      <Execution id="0bb6c7d0-69b7-484b-9a36-974108a14391" />
      <TestMethod codeBase="Y:\Desktop\CSExercises\ExercisesTest\bin\Debug\ExercisesTest.dll" adapterTypeName="Microsoft.VisualStudio.TestTools.TestTypes.Unit.UnitTestAdapter" className="ExercisesTest.ExH1Test" name="ExH1_TestOneChar" />
    </UnitTest>
    <UnitTest name="ExH1_TestPositive1" storage="y:\desktop\csexercises\exercisestest\bin\debug\exercisestest.dll" id="c1d8227b-f44f-4db1-97da-6595d5433cbe">
      <Execution id="59a79615-cc6b-452d-9e1d-fbff3d58ec14" />
      <TestMethod codeBase="Y:\Desktop\CSExercises\ExercisesTest\bin\Debug\ExercisesTest.dll" adapterTypeName="Microsoft.VisualStudio.TestTools.TestTypes.Unit.UnitTestAdapter" className="ExercisesTest.ExH1Test" name="ExH1_TestPositive1" />
    </UnitTest>
    <UnitTest name="ExH1_TestPositive2" storage="y:\desktop\csexercises\exercisestest\bin\debug\exercisestest.dll" id="baf4c8f9-72bd-e9a1-3899-5f643a41cbac">
      <Execution id="36b2f179-65a9-4171-abba-285fb5bbb600" />
      <TestMethod codeBase="Y:\Desktop\CSExercises\ExercisesTest\bin\Debug\ExercisesTest.dll" adapterTypeName="Microsoft.VisualStudio.TestTools.TestTypes.Unit.UnitTestAdapter" className="ExercisesTest.ExH1Test" name="ExH1_TestPositive2" />
    </UnitTest>
    <UnitTest name="ExH1_TestNegative1" storage="y:\desktop\csexercises\exercisestest\bin\debug\exercisestest.dll" id="1df2cd5e-05cd-0340-279c-bf437d1b1fa6">
      <Execution id="90343905-6033-4946-9a2f-1bc70ae4c18e" />
      <TestMethod codeBase="Y:\Desktop\CSExercises\ExercisesTest\bin\Debug\ExercisesTest.dll" adapterTypeName="Microsoft.VisualStudio.TestTools.TestTypes.Unit.UnitTestAdapter" className="ExercisesTest.ExH1Test" name="ExH1_TestNegative1" />
    </UnitTest>
    <UnitTest name="ExH1_TestNegative2" storage="y:\desktop\csexercises\exercisestest\bin\debug\exercisestest.dll" id="af9c61a0-f313-c3c8-1027-5c796a206b57">
      <Execution id="728eaca5-16dc-4aab-bdf2-c0c4869824f2" />
      <TestMethod codeBase="Y:\Desktop\CSExercises\ExercisesTest\bin\Debug\ExercisesTest.dll" adapterTypeName="Microsoft.VisualStudio.TestTools.TestTypes.Unit.UnitTestAdapter" className="ExercisesTest.ExH1Test" name="ExH1_TestNegative2" />
    </UnitTest>
    <UnitTest name="ExH2_TestOneChar" storage="y:\desktop\csexercises\exercisestest\bin\debug\exercisestest.dll" id="3d7d1584-1c63-ac50-bc50-de50031518c4">
      <Execution id="5f8a90b4-9963-4f11-9243-5f9d05004de2" />
      <TestMethod codeBase="Y:\Desktop\CSExercises\ExercisesTest\bin\Debug\ExercisesTest.dll" adapterTypeName="Microsoft.VisualStudio.TestTools.TestTypes.Unit.UnitTestAdapter" className="ExercisesTest.ExH2Test" name="ExH2_TestOneChar" />
    </UnitTest>
    <UnitTest name="ExH2_TestPositive1" storage="y:\desktop\csexercises\exercisestest\bin\debug\exercisestest.dll" id="0edd46c6-0864-a084-7845-f3ab5a58d5e8">
      <Execution id="13baaa79-d3fa-4c85-816a-67d030bec8a6" />
      <TestMethod codeBase="Y:\Desktop\CSExercises\ExercisesTest\bin\Debug\ExercisesTest.dll" adapterTypeName="Microsoft.VisualStudio.TestTools.TestTypes.Unit.UnitTestAdapter" className="ExercisesTest.ExH2Test" name="ExH2_TestPositive1" />
    </UnitTest>
    <UnitTest name="ExH2_TestPositive2" storage="y:\desktop\csexercises\exercisestest\bin\debug\exercisestest.dll" id="cbb366c6-732e-4def-9a11-8dd886c0022f">
      <Execution id="a5904a60-bf84-4910-a441-aa74b29a1e11" />
      <TestMethod codeBase="Y:\Desktop\CSExercises\ExercisesTest\bin\Debug\ExercisesTest.dll" adapterTypeName="Microsoft.VisualStudio.TestTools.TestTypes.Unit.UnitTestAdapter" className="ExercisesTest.ExH2Test" name="ExH2_TestPositive2" />
    </UnitTest>
    <UnitTest name="ExH2_TestNegative1" storage="y:\desktop\csexercises\exercisestest\bin\debug\exercisestest.dll" id="1ca2fccd-4727-4051-5830-7ec18c4d7263">
      <Execution id="0ca30b7d-885c-41ce-b381-44b1dbb2eb0a" />
      <TestMethod codeBase="Y:\Desktop\CSExercises\ExercisesTest\bin\Debug\ExercisesTest.dll" adapterTypeName="Microsoft.VisualStudio.TestTools.TestTypes.Unit.UnitTestAdapter" className="ExercisesTest.ExH2Test" name="ExH2_TestNegative1" />
    </UnitTest>
    <UnitTest name="ExH2_TestNegative2" storage="y:\desktop\csexercises\exercisestest\bin\debug\exercisestest.dll" id="4744dcc3-4bcc-ce0e-885e-9c28396a533f">
      <Execution id="4f91bac2-761e-4811-b95a-621d91648228" />
      <TestMethod codeBase="Y:\Desktop\CSExercises\ExercisesTest\bin\Debug\ExercisesTest.dll" adapterTypeName="Microsoft.VisualStudio.TestTools.TestTypes.Unit.UnitTestAdapter" className="ExercisesTest.ExH2Test" name="ExH2_TestNegative2" />
    </UnitTest>
    <UnitTest name="ExH3_TestOneToOneHundred" storage="y:\desktop\csexercises\exercisestest\bin\debug\exercisestest.dll" id="8082022e-9ba0-4329-7312-ea4cd2cb3ab8">
      <Execution id="563133db-d965-4b03-b60c-1cda6a89213d" />
      <TestMethod codeBase="Y:\Desktop\CSExercises\ExercisesTest\bin\Debug\ExercisesTest.dll" adapterTypeName="Microsoft.VisualStudio.TestTools.TestTypes.Unit.UnitTestAdapter" className="ExercisesTest.ExH3Test" name="ExH3_TestOneToOneHundred" />
    </UnitTest>
    <UnitTest name="ExH4_TestNoSubstitution" storage="y:\desktop\csexercises\exercisestest\bin\debug\exercisestest.dll" id="d4549c3c-9899-20a6-9260-01b385ff068d">
      <Execution id="4a70ccb3-4279-47b6-8c0e-0202cea748dd" />
      <TestMethod codeBase="Y:\Desktop\CSExercises\ExercisesTest\bin\Debug\ExercisesTest.dll" adapterTypeName="Microsoft.VisualStudio.TestTools.TestTypes.Unit.UnitTestAdapter" className="ExercisesTest.ExH4Test" name="ExH4_TestNoSubstitution" />
    </UnitTest>
    <UnitTest name="ExH4_TestMultipleSubstitution" storage="y:\desktop\csexercises\exercisestest\bin\debug\exercisestest.dll" id="baa9a9c2-82c6-dfe0-e3fa-3cd1e3e7ccba">
      <Execution id="3e667bc9-8f62-4cd4-bd69-8f6ddd712596" />
      <TestMethod codeBase="Y:\Desktop\CSExercises\ExercisesTest\bin\Debug\ExercisesTest.dll" adapterTypeName="Microsoft.VisualStudio.TestTools.TestTypes.Unit.UnitTestAdapter" className="ExercisesTest.ExH4Test" name="ExH4_TestMultipleSubstitution" />
    </UnitTest>
    <UnitTest name="ExI1_Test195" storage="y:\desktop\csexercises\exercisestest\bin\debug\exercisestest.dll" id="b5297abf-74a9-3001-95eb-a1a261572d42">
      <Execution id="bb3753c1-c6be-4da9-b31f-3605bc47ffac" />
      <TestMethod codeBase="Y:\Desktop\CSExercises\ExercisesTest\bin\Debug\ExercisesTest.dll" adapterTypeName="Microsoft.VisualStudio.TestTools.TestTypes.Unit.UnitTestAdapter" className="ExercisesTest.ExI1Test" name="ExI1_Test195" />
    </UnitTest>
    <UnitTest name="Ex45_Test105" storage="y:\desktop\csexercises\exercisestest\bin\debug\exercisestest.dll" id="26ff1520-2742-f4bc-a1c3-8e5cdfc6dc23">
      <Execution id="49ee0a34-3cf1-48c3-b87c-28f7c4f467b9" />
      <TestMethod codeBase="Y:\Desktop\CSExercises\ExercisesTest\bin\Debug\ExercisesTest.dll" adapterTypeName="Microsoft.VisualStudio.TestTools.TestTypes.Unit.UnitTestAdapter" className="ExercisesTest.ExI1Test" name="Ex45_Test105" />
    </UnitTest>
    <UnitTest name="ExI2_TestRandomMaybeAlotOfFalseResult" storage="y:\desktop\csexercises\exercisestest\bin\debug\exercisestest.dll" id="703d9bbb-ee8a-2635-69c5-fc611c620eee">
      <Execution id="824e0b52-54b8-427a-bc85-974d4198ada9" />
      <TestMethod codeBase="Y:\Desktop\CSExercises\ExercisesTest\bin\Debug\ExercisesTest.dll" adapterTypeName="Microsoft.VisualStudio.TestTools.TestTypes.Unit.UnitTestAdapter" className="ExercisesTest.ExI2Test" name="ExI2_TestRandomMaybeAlotOfFalseResult" />
    </UnitTest>
    <UnitTest name="ExA3_SquareOf0" storage="y:\desktop\csexercises\exercisestest\bin\debug\exercisestest.dll" id="3e520c80-0f62-a07e-65c9-318f860f601b">
      <Execution id="091f20d3-a047-4e24-9186-20e0aa148b23" />
      <TestMethod codeBase="Y:\Desktop\CSExercises\ExercisesTest\bin\Debug\ExercisesTest.dll" adapterTypeName="Microsoft.VisualStudio.TestTools.TestTypes.Unit.UnitTestAdapter" className="ExercisesTest.ExA3Test" name="ExA3_SquareOf0" />
    </UnitTest>
    <UnitTest name="ExA3_SquareOf10" storage="y:\desktop\csexercises\exercisestest\bin\debug\exercisestest.dll" id="9335201e-0849-2837-cc1d-4fb4bfd54e5d">
      <Execution id="3f294c59-dc63-4512-b43c-b62df792b041" />
      <TestMethod codeBase="Y:\Desktop\CSExercises\ExercisesTest\bin\Debug\ExercisesTest.dll" adapterTypeName="Microsoft.VisualStudio.TestTools.TestTypes.Unit.UnitTestAdapter" className="ExercisesTest.ExA3Test" name="ExA3_SquareOf10" />
    </UnitTest>
    <UnitTest name="ExA3_SquareOfMin10" storage="y:\desktop\csexercises\exercisestest\bin\debug\exercisestest.dll" id="2f4488dd-19dd-82ed-e8ad-8944a67ad6c6">
      <Execution id="9a6dd6d0-a713-4b5a-bbd0-0ca6c0db40c1" />
      <TestMethod codeBase="Y:\Desktop\CSExercises\ExercisesTest\bin\Debug\ExercisesTest.dll" adapterTypeName="Microsoft.VisualStudio.TestTools.TestTypes.Unit.UnitTestAdapter" className="ExercisesTest.ExA3Test" name="ExA3_SquareOfMin10" />
    </UnitTest>
  </TestDefinitions>
  <TestEntries>
    <TestEntry testId="8d13645f-ace3-ee52-0b1f-b75f216a1c8a" executionId="93c6cc03-a5ec-4df2-bf47-4b6052032f21" testListId="8c84fa94-04c1-424b-9868-57a2d4851a1d" />
    <TestEntry testId="e3d43c25-4879-9987-1b05-886dcab007db" executionId="78156320-1b7f-4147-a769-f4f90b3d3e23" testListId="8c84fa94-04c1-424b-9868-57a2d4851a1d" />
    <TestEntry testId="97c4b883-ea03-6670-c7d7-8a5271d03002" executionId="4cc292b3-e0ca-424c-bca2-e7ad73e2f202" testListId="8c84fa94-04c1-424b-9868-57a2d4851a1d" />
    <TestEntry testId="057093fc-37d3-acb2-7e8c-260165b052fe" executionId="b0ad6ca7-eeb6-4aca-a0d8-72b397ef9d42" testListId="8c84fa94-04c1-424b-9868-57a2d4851a1d" />
    <TestEntry testId="9f43dc8a-28c1-8a57-a21b-12b5d329c479" executionId="807380b2-a843-4034-a007-06791a992b94" testListId="8c84fa94-04c1-424b-9868-57a2d4851a1d" />
    <TestEntry testId="e77da0c1-e064-d298-63e2-55fde252db14" executionId="23054fe1-0044-40e5-b273-80ad3b942783" testListId="8c84fa94-04c1-424b-9868-57a2d4851a1d" />
    <TestEntry testId="736ce668-007a-8538-cb57-b0aa4f59c7ed" executionId="87380d66-c3d8-4a4d-a816-3ff30a6b6fad" testListId="8c84fa94-04c1-424b-9868-57a2d4851a1d" />
    <TestEntry testId="159ba622-1904-2602-2526-72a12ffa196f" executionId="8929fc12-fab9-434d-9dd4-6f6048b98ae6" testListId="8c84fa94-04c1-424b-9868-57a2d4851a1d" />
    <TestEntry testId="4ce714ee-0184-d714-c26f-c0f025b421a2" executionId="75af7d17-66fd-4fac-98f8-239a503416cc" testListId="8c84fa94-04c1-424b-9868-57a2d4851a1d" />
    <TestEntry testId="56a6c058-ff64-0a54-1bb8-aba4833eba62" executionId="2f994753-20cc-4dba-878b-cfcc8f554f76" testListId="8c84fa94-04c1-424b-9868-57a2d4851a1d" />
    <TestEntry testId="521f27a5-8565-5e7d-7db9-96f0742480e4" executionId="ff44164c-6e4e-4a29-930f-6c6ca1917961" testListId="8c84fa94-04c1-424b-9868-57a2d4851a1d" />
    <TestEntry testId="d3c73420-c493-2580-26b5-713efb8af071" executionId="e085e3c0-6283-462f-96b3-1a93ba0fafde" testListId="8c84fa94-04c1-424b-9868-57a2d4851a1d" />
    <TestEntry testId="07543d53-3299-9504-fc22-6f3224244293" executionId="ded3f8e9-5006-419b-8d0e-dac221476f84" testListId="8c84fa94-04c1-424b-9868-57a2d4851a1d" />
    <TestEntry testId="547d9154-166e-a709-4ab7-dbf01b9db8a0" executionId="767589e6-a557-44ea-9c4b-90343a4678b9" testListId="8c84fa94-04c1-424b-9868-57a2d4851a1d" />
    <TestEntry testId="ff06b2a1-aac2-2828-23bf-4e83c2715f17" executionId="2f7e8078-ddba-468f-84d6-01de0520f379" testListId="8c84fa94-04c1-424b-9868-57a2d4851a1d" />
    <TestEntry testId="dd7a1cf7-7671-a70a-aef5-f365aedd4d0e" executionId="5477a0d1-86a9-40b9-ad32-8b6c2719ae20" testListId="8c84fa94-04c1-424b-9868-57a2d4851a1d" />
    <TestEntry testId="1e6e95e5-93d0-8567-b766-24daa399e7a5" executionId="ffa0bafa-52c1-4d78-a00f-db209f2b2f44" testListId="8c84fa94-04c1-424b-9868-57a2d4851a1d" />
    <TestEntry testId="928f0289-fc26-87c9-cbcc-7860f04c41e5" executionId="8d1733e6-0497-48bb-ad29-dfc6d66838b7" testListId="8c84fa94-04c1-424b-9868-57a2d4851a1d" />
    <TestEntry testId="cf3fce46-434f-4b13-6b4c-ced354dd07f6" executionId="60438d4b-ffb3-4c43-a370-1beb2169876f" testListId="8c84fa94-04c1-424b-9868-57a2d4851a1d" />
    <TestEntry testId="76d0a13b-ab80-9522-b82c-80ef6e94b587" executionId="497fd459-1f0c-4d88-91ff-bed355c40d1c" testListId="8c84fa94-04c1-424b-9868-57a2d4851a1d" />
    <TestEntry testId="22a0a7fb-7586-1091-0284-41aa8e900d3a" executionId="275059e2-d52c-4ab3-bcb9-26a7b4b4cc14" testListId="8c84fa94-04c1-424b-9868-57a2d4851a1d" />
    <TestEntry testId="220c17f5-86fd-d612-976c-3a2f2514a9ee" executionId="ae2b6f0f-a43d-4bdc-9d41-47be1cadddfc" testListId="8c84fa94-04c1-424b-9868-57a2d4851a1d" />
    <TestEntry testId="eeda8489-f414-b738-730a-b86d9a065988" executionId="2709eac0-cb3b-44a0-8d10-99c901c7d0fc" testListId="8c84fa94-04c1-424b-9868-57a2d4851a1d" />
    <TestEntry testId="7c77c2c8-c4ae-c33d-b32c-0c27ea0a4ea6" executionId="aa923672-39ee-4888-a8ed-845b3ebd3321" testListId="8c84fa94-04c1-424b-9868-57a2d4851a1d" />
    <TestEntry testId="06b9133f-4899-3a9e-2fb2-27c70cb6b199" executionId="6b7652e2-16a9-463b-bed6-6c501d3b0b16" testListId="8c84fa94-04c1-424b-9868-57a2d4851a1d" />
    <TestEntry testId="bb1830d4-461e-fe67-a1f1-5256b7d4a372" executionId="9cdb8b50-f24b-4923-8c2f-18d99148de96" testListId="8c84fa94-04c1-424b-9868-57a2d4851a1d" />
    <TestEntry testId="b0fe1b76-85dd-996a-6897-764077fa221a" executionId="68be5198-ed2d-463e-9158-cc30340a4c91" testListId="8c84fa94-04c1-424b-9868-57a2d4851a1d" />
    <TestEntry testId="3e2b89e5-e2cc-63c8-e53e-5e4f06942620" executionId="1de07988-8759-480e-b06a-a0bb51f8a3fe" testListId="8c84fa94-04c1-424b-9868-57a2d4851a1d" />
    <TestEntry testId="09a74379-7aab-b6a3-6c3c-bf77ba90813f" executionId="ae691fa1-7195-4be9-963f-eb5b370fc014" testListId="8c84fa94-04c1-424b-9868-57a2d4851a1d" />
    <TestEntry testId="5d10d8c6-9801-fba8-47ea-4f24d629e64e" executionId="9c9447f7-5845-484a-9b56-fe18a90e0ec7" testListId="8c84fa94-04c1-424b-9868-57a2d4851a1d" />
    <TestEntry testId="8a3c2921-0d21-9733-b802-8fd60efda746" executionId="e7cb3b5c-080e-48b9-be3a-a0ba7097c58f" testListId="8c84fa94-04c1-424b-9868-57a2d4851a1d" />
    <TestEntry testId="d8f4ff5b-1da8-68e0-6735-dca747510bd3" executionId="f644f850-577c-4479-bf87-acedb6060315" testListId="8c84fa94-04c1-424b-9868-57a2d4851a1d" />
    <TestEntry testId="4c46834b-f4c3-08ad-a27c-3715addd7c00" executionId="8cd55878-52d6-4279-9d5b-73abfb80f771" testListId="8c84fa94-04c1-424b-9868-57a2d4851a1d" />
    <TestEntry testId="4d421191-ce69-78f3-5526-c5d9422be733" executionId="36552aec-54c4-4f71-a9d1-fcefb50c64b7" testListId="8c84fa94-04c1-424b-9868-57a2d4851a1d" />
    <TestEntry testId="2514325f-8396-182f-50e8-0dd4b88ec67a" executionId="df0d7bf4-8018-4b8e-8d3a-41e616f88a6c" testListId="8c84fa94-04c1-424b-9868-57a2d4851a1d" />
    <TestEntry testId="2f64d7d7-397c-497d-5ac2-6f48b2c6e87a" executionId="70dca0d6-0929-4bf3-ada3-40da5ae47e87" testListId="8c84fa94-04c1-424b-9868-57a2d4851a1d" />
    <TestEntry testId="2c0176f9-773e-372e-9030-1985551cf0c5" executionId="9888a2cf-3345-4494-86e4-c94987141afa" testListId="8c84fa94-04c1-424b-9868-57a2d4851a1d" />
    <TestEntry testId="f44f585d-496a-ceff-8ec5-5aa583d03039" executionId="327e94d9-3df7-4118-ab23-1ea12ca725dc" testListId="8c84fa94-04c1-424b-9868-57a2d4851a1d" />
    <TestEntry testId="403ee091-5d56-e49f-11e0-a0069db2d71f" executionId="e5e84afe-236f-48c7-ba93-0a7b502c8839" testListId="8c84fa94-04c1-424b-9868-57a2d4851a1d" />
    <TestEntry testId="61d166ef-4cfe-77e3-b543-897aca364290" executionId="56fe17d5-b80e-44c3-8797-99d51cafabe9" testListId="8c84fa94-04c1-424b-9868-57a2d4851a1d" />
    <TestEntry testId="f01da9c2-186f-f432-e2ea-a4bf6e6db11b" executionId="621e1cc8-07f0-427c-b1e4-0c1942493e69" testListId="8c84fa94-04c1-424b-9868-57a2d4851a1d" />
    <TestEntry testId="437f057a-e785-23b6-2c3b-fdb00373c2ea" executionId="348b585e-0b44-4e12-87f8-7348d3071b4e" testListId="8c84fa94-04c1-424b-9868-57a2d4851a1d" />
    <TestEntry testId="2cc7dc39-d769-d794-e8ff-a77afcb7d16c" executionId="ae52fcdf-d775-45ef-99f0-945059e68b9a" testListId="8c84fa94-04c1-424b-9868-57a2d4851a1d" />
    <TestEntry testId="358b895f-9561-e345-43e3-0530571178f3" executionId="d941b1f1-95ee-4245-b818-27ccfb5c6af7" testListId="8c84fa94-04c1-424b-9868-57a2d4851a1d" />
    <TestEntry testId="5786c8fe-760a-f1e2-51f3-9bf03ba7c133" executionId="bc74f9bb-469a-494b-9332-a4d36a1d0da8" testListId="8c84fa94-04c1-424b-9868-57a2d4851a1d" />
    <TestEntry testId="1d1c8a71-2287-e26b-162e-49d36eb500a6" executionId="dcc6ed7a-a376-4e56-9d50-8f9f162ed229" testListId="8c84fa94-04c1-424b-9868-57a2d4851a1d" />
    <TestEntry testId="3f3b4237-6c70-8c91-dc5f-29e8e770339b" executionId="386dc163-d132-47c2-b523-e0471c7097dc" testListId="8c84fa94-04c1-424b-9868-57a2d4851a1d" />
    <TestEntry testId="66b3003b-1aa8-40bb-c162-a94b6568685b" executionId="33d29bc8-b140-4ad5-9611-b9fd4207d933" testListId="8c84fa94-04c1-424b-9868-57a2d4851a1d" />
    <TestEntry testId="b31774ee-007b-47f0-8e32-c6031c54d16f" executionId="24051a5c-1aa5-4d14-a91e-41d804e2419e" testListId="8c84fa94-04c1-424b-9868-57a2d4851a1d" />
    <TestEntry testId="27d651a7-a3b9-7a3a-3e05-60be06064821" executionId="4c338a54-47c1-4cc6-bf4b-f6cd75449430" testListId="8c84fa94-04c1-424b-9868-57a2d4851a1d" />
    <TestEntry testId="99cc52e4-4ede-d6f1-699a-639a70caf19e" executionId="96430667-f80f-4ed9-8aea-89b180eba8e0" testListId="8c84fa94-04c1-424b-9868-57a2d4851a1d" />
    <TestEntry testId="f232122e-0613-e1ee-dfe5-9b85a22cd2b0" executionId="7328b48e-934c-4c77-9280-256705cf29f1" testListId="8c84fa94-04c1-424b-9868-57a2d4851a1d" />
    <TestEntry testId="ae4e66b0-9a29-2a92-aee9-fdf389c27fe6" executionId="bfeab073-fe10-4372-a071-12b5599bb088" testListId="8c84fa94-04c1-424b-9868-57a2d4851a1d" />
    <TestEntry testId="4297656f-1197-d292-0489-69d8ad93083c" executionId="78d22cdb-1129-46d3-ad15-27e4c82be681" testListId="8c84fa94-04c1-424b-9868-57a2d4851a1d" />
    <TestEntry testId="527da127-2853-1a9b-a2ad-f3585c728530" executionId="190f9652-645c-4119-9230-82e7f01b0ca8" testListId="8c84fa94-04c1-424b-9868-57a2d4851a1d" />
    <TestEntry testId="62915065-52ff-5fd8-8913-0189d77875c3" executionId="bb743509-7f4e-42e1-a2e7-62258f85635f" testListId="8c84fa94-04c1-424b-9868-57a2d4851a1d" />
    <TestEntry testId="14d8a934-4e3c-5ff4-d896-b004187a9351" executionId="bfc13097-593b-4727-b3d1-c1044b6711d6" testListId="8c84fa94-04c1-424b-9868-57a2d4851a1d" />
    <TestEntry testId="8206a26a-e532-85c1-9aad-17a6a0a5bdf0" executionId="fd8dc693-83d2-4080-a77c-f6ea173986ee" testListId="8c84fa94-04c1-424b-9868-57a2d4851a1d" />
    <TestEntry testId="59543185-c115-6f05-fde4-7a3a3cf60da3" executionId="d22ece13-6684-4178-8e42-2de483491263" testListId="8c84fa94-04c1-424b-9868-57a2d4851a1d" />
    <TestEntry testId="817d2cfb-2701-d099-0d77-7dda9f9ee260" executionId="97f4dfb1-f667-4849-b266-ccb99614f3d4" testListId="8c84fa94-04c1-424b-9868-57a2d4851a1d" />
    <TestEntry testId="b3b356b0-b86d-68eb-f1fa-a1fb7eedeab6" executionId="21d94d2e-3bb1-437e-ab4f-4bf8a3389779" testListId="8c84fa94-04c1-424b-9868-57a2d4851a1d" />
    <TestEntry testId="37f78f12-4ace-98e0-52e8-3408fb66f00f" executionId="9536d248-5393-49d3-a34f-f51c9482c6b3" testListId="8c84fa94-04c1-424b-9868-57a2d4851a1d" />
    <TestEntry testId="31cdd151-4b4e-8af1-a309-064dea303c76" executionId="95459c8d-eec9-4a5b-a170-44f0d5329346" testListId="8c84fa94-04c1-424b-9868-57a2d4851a1d" />
    <TestEntry testId="5c4545c1-1c4b-68f6-8b78-e5e65fc45da5" executionId="e46b2769-66f1-4518-b684-da65477a5519" testListId="8c84fa94-04c1-424b-9868-57a2d4851a1d" />
    <TestEntry testId="41d254a0-3988-4fe8-c401-d6db7cf41541" executionId="1a3c9c80-db91-476e-8309-92cdd1e9eab3" testListId="8c84fa94-04c1-424b-9868-57a2d4851a1d" />
    <TestEntry testId="f786c760-8fd9-385b-4101-e13a18a86146" executionId="a7276e2e-880f-49b9-b444-afdf1e16f99c" testListId="8c84fa94-04c1-424b-9868-57a2d4851a1d" />
    <TestEntry testId="93d33d17-2fa5-03db-e35e-54470f3d1f7b" executionId="69289ca5-d701-4b80-ab53-5e3d268933a7" testListId="8c84fa94-04c1-424b-9868-57a2d4851a1d" />
    <TestEntry testId="5a209ef6-6f45-28e6-9185-5b832c31792d" executionId="8fc03564-ac68-43f0-a685-610044d44c2d" testListId="8c84fa94-04c1-424b-9868-57a2d4851a1d" />
    <TestEntry testId="380d54ab-9eb4-5e4e-c1a8-b5b0e22a59a1" executionId="8b857d2b-d5dd-48e1-a23b-4244eb757b60" testListId="8c84fa94-04c1-424b-9868-57a2d4851a1d" />
    <TestEntry testId="48cf3a9e-0a50-a29b-8eb0-126dcc656f66" executionId="bda46508-32b2-4fc2-8952-800f60a3951e" testListId="8c84fa94-04c1-424b-9868-57a2d4851a1d" />
    <TestEntry testId="91e204a5-eff7-540d-d066-632080d4a971" executionId="280d1c0f-3e78-4bde-abc3-77a137396174" testListId="8c84fa94-04c1-424b-9868-57a2d4851a1d" />
    <TestEntry testId="4f5a549c-a85c-793f-ddb0-ac8e48e5d0f1" executionId="a9765e3e-b385-4802-8ab4-ebb4bea9d17e" testListId="8c84fa94-04c1-424b-9868-57a2d4851a1d" />
    <TestEntry testId="1dc75fae-43cb-7e63-4009-7965bd630b1a" executionId="ec54f07b-a27b-4c67-b495-7f11b4354973" testListId="8c84fa94-04c1-424b-9868-57a2d4851a1d" />
    <TestEntry testId="442295cb-ec7e-e437-f1f2-a6c136660fa9" executionId="5c29bdd8-9556-490d-ac3d-c6bb5f0e15b9" testListId="8c84fa94-04c1-424b-9868-57a2d4851a1d" />
    <TestEntry testId="d2aa1ef4-37c8-6f4f-caac-48633678d93a" executionId="282451a6-72f5-455d-b1a2-f60bb49b4a1c" testListId="8c84fa94-04c1-424b-9868-57a2d4851a1d" />
    <TestEntry testId="dc006c73-b7ad-39c4-a618-0510c48419f9" executionId="3aec58ac-8e7f-48f6-b2c0-093aeb0bd122" testListId="8c84fa94-04c1-424b-9868-57a2d4851a1d" />
    <TestEntry testId="5af6480c-3862-4e94-bc2c-b24cac7ca661" executionId="8437fb0b-6dd1-4f34-8b66-eb78634ab975" testListId="8c84fa94-04c1-424b-9868-57a2d4851a1d" />
    <TestEntry testId="b02f104d-c4e9-55a3-ef13-4320e9fcd6ec" executionId="37fb30af-7cfe-4532-a9c8-9d0b4f5b3982" testListId="8c84fa94-04c1-424b-9868-57a2d4851a1d" />
    <TestEntry testId="f30f2658-99db-d72e-9ec4-31a9938fa387" executionId="280d8ef7-1088-4023-8524-fbc9fb118618" testListId="8c84fa94-04c1-424b-9868-57a2d4851a1d" />
    <TestEntry testId="2e593488-b56a-eff0-ca82-e8d0bb44c159" executionId="98f43a39-1052-4fd7-b0d7-fec96d615980" testListId="8c84fa94-04c1-424b-9868-57a2d4851a1d" />
    <TestEntry testId="ab2a1fc1-80f8-bc44-f298-ece577f665f6" executionId="e4165502-7993-4995-92ba-d3cbe9e23644" testListId="8c84fa94-04c1-424b-9868-57a2d4851a1d" />
    <TestEntry testId="18e3e622-092f-3e19-8553-2026a160f673" executionId="86dc0b86-7dd2-4cf6-aaac-f5189e470026" testListId="8c84fa94-04c1-424b-9868-57a2d4851a1d" />
    <TestEntry testId="ee68900a-ee9e-ddba-3df4-cb4a828e02fb" executionId="8c09feb7-5d0b-4013-9d98-0357d6bf9b9e" testListId="8c84fa94-04c1-424b-9868-57a2d4851a1d" />
    <TestEntry testId="97c6c703-6d42-4b52-af58-5bc1820c63e6" executionId="ba2963bd-9a19-4dbc-9b06-e5078a1ef9c2" testListId="8c84fa94-04c1-424b-9868-57a2d4851a1d" />
    <TestEntry testId="009b3f8f-dd80-521b-6dfb-99834ad4fb9f" executionId="22e64378-a6b5-4a2c-9719-f83d60a1d466" testListId="8c84fa94-04c1-424b-9868-57a2d4851a1d" />
    <TestEntry testId="ec776b73-93db-33b0-d71f-976483ca31f6" executionId="cf65fd59-4c39-4e47-b267-1e716e6a6c43" testListId="8c84fa94-04c1-424b-9868-57a2d4851a1d" />
    <TestEntry testId="e986587e-732a-eb08-f5bc-4cd7a66af95d" executionId="13ec6bf2-bf77-495f-9c55-e2b5a6d93529" testListId="8c84fa94-04c1-424b-9868-57a2d4851a1d" />
    <TestEntry testId="a4ae2f7a-bc59-f21f-0330-4520bbb34ec8" executionId="0bb6c7d0-69b7-484b-9a36-974108a14391" testListId="8c84fa94-04c1-424b-9868-57a2d4851a1d" />
    <TestEntry testId="c1d8227b-f44f-4db1-97da-6595d5433cbe" executionId="59a79615-cc6b-452d-9e1d-fbff3d58ec14" testListId="8c84fa94-04c1-424b-9868-57a2d4851a1d" />
    <TestEntry testId="baf4c8f9-72bd-e9a1-3899-5f643a41cbac" executionId="36b2f179-65a9-4171-abba-285fb5bbb600" testListId="8c84fa94-04c1-424b-9868-57a2d4851a1d" />
    <TestEntry testId="1df2cd5e-05cd-0340-279c-bf437d1b1fa6" executionId="90343905-6033-4946-9a2f-1bc70ae4c18e" testListId="8c84fa94-04c1-424b-9868-57a2d4851a1d" />
    <TestEntry testId="af9c61a0-f313-c3c8-1027-5c796a206b57" executionId="728eaca5-16dc-4aab-bdf2-c0c4869824f2" testListId="8c84fa94-04c1-424b-9868-57a2d4851a1d" />
    <TestEntry testId="3d7d1584-1c63-ac50-bc50-de50031518c4" executionId="5f8a90b4-9963-4f11-9243-5f9d05004de2" testListId="8c84fa94-04c1-424b-9868-57a2d4851a1d" />
    <TestEntry testId="0edd46c6-0864-a084-7845-f3ab5a58d5e8" executionId="13baaa79-d3fa-4c85-816a-67d030bec8a6" testListId="8c84fa94-04c1-424b-9868-57a2d4851a1d" />
    <TestEntry testId="cbb366c6-732e-4def-9a11-8dd886c0022f" executionId="a5904a60-bf84-4910-a441-aa74b29a1e11" testListId="8c84fa94-04c1-424b-9868-57a2d4851a1d" />
    <TestEntry testId="1ca2fccd-4727-4051-5830-7ec18c4d7263" executionId="0ca30b7d-885c-41ce-b381-44b1dbb2eb0a" testListId="8c84fa94-04c1-424b-9868-57a2d4851a1d" />
    <TestEntry testId="4744dcc3-4bcc-ce0e-885e-9c28396a533f" executionId="4f91bac2-761e-4811-b95a-621d91648228" testListId="8c84fa94-04c1-424b-9868-57a2d4851a1d" />
    <TestEntry testId="8082022e-9ba0-4329-7312-ea4cd2cb3ab8" executionId="563133db-d965-4b03-b60c-1cda6a89213d" testListId="8c84fa94-04c1-424b-9868-57a2d4851a1d" />
    <TestEntry testId="d4549c3c-9899-20a6-9260-01b385ff068d" executionId="4a70ccb3-4279-47b6-8c0e-0202cea748dd" testListId="8c84fa94-04c1-424b-9868-57a2d4851a1d" />
    <TestEntry testId="baa9a9c2-82c6-dfe0-e3fa-3cd1e3e7ccba" executionId="3e667bc9-8f62-4cd4-bd69-8f6ddd712596" testListId="8c84fa94-04c1-424b-9868-57a2d4851a1d" />
    <TestEntry testId="b5297abf-74a9-3001-95eb-a1a261572d42" executionId="bb3753c1-c6be-4da9-b31f-3605bc47ffac" testListId="8c84fa94-04c1-424b-9868-57a2d4851a1d" />
    <TestEntry testId="26ff1520-2742-f4bc-a1c3-8e5cdfc6dc23" executionId="49ee0a34-3cf1-48c3-b87c-28f7c4f467b9" testListId="8c84fa94-04c1-424b-9868-57a2d4851a1d" />
    <TestEntry testId="703d9bbb-ee8a-2635-69c5-fc611c620eee" executionId="824e0b52-54b8-427a-bc85-974d4198ada9" testListId="8c84fa94-04c1-424b-9868-57a2d4851a1d" />
    <TestEntry testId="3e520c80-0f62-a07e-65c9-318f860f601b" executionId="091f20d3-a047-4e24-9186-20e0aa148b23" testListId="8c84fa94-04c1-424b-9868-57a2d4851a1d" />
    <TestEntry testId="9335201e-0849-2837-cc1d-4fb4bfd54e5d" executionId="3f294c59-dc63-4512-b43c-b62df792b041" testListId="8c84fa94-04c1-424b-9868-57a2d4851a1d" />
    <TestEntry testId="2f4488dd-19dd-82ed-e8ad-8944a67ad6c6" executionId="9a6dd6d0-a713-4b5a-bbd0-0ca6c0db40c1" testListId="8c84fa94-04c1-424b-9868-57a2d4851a1d" />
  </TestEntries>
  <TestLists>
    <TestList name="Results Not in a List" id="8c84fa94-04c1-424b-9868-57a2d4851a1d" />
    <TestList name="All Loaded Results" id="19431567-8539-422a-85d7-44ee4e166bda" />
  </TestLists>
  <ResultSummary outcome="Failed">
    <Counters total="106" executed="106" passed="46" failed="60" error="0" timeout="0" aborted="0" inconclusive="0" passedButRunAborted="0" notRunnable="0" notExecuted="0" disconnected="0" warning="0" completed="0" inProgress="0" pending="0" />
  </ResultSummary>
</TestRun>﻿<?xml version="1.0" encoding="UTF-8"?>
<TestRun id="64cd2797-f60c-4117-b239-43372436cb17" name="zanaanuar@ZANAANUAR1564 2016-08-14 19:21:06" runUser="ZANAANUAR1564\zanaanuar" xmlns="http://microsoft.com/schemas/VisualStudio/TeamTest/2010">
  <Times creation="2016-08-14T19:21:06.8675782+08:00" queuing="2016-08-14T19:21:06.8675782+08:00" start="2016-08-14T19:21:06.8705766+08:00" finish="2016-08-14T19:21:06.9085767+08:00" />
  <TestSettings name="default" id="2ffee79e-a878-4dea-9947-1b1fbfc2fb16">
    <Execution>
      <TestTypeSpecific />
    </Execution>
    <Deployment runDeploymentRoot="zanaanuar_ZANAANUAR1564 2016-08-14 19_21_06" />
    <Properties />
  </TestSettings>
  <Results>
    <UnitTestResult executionId="439b236d-3c91-4368-ae56-890f1c59d544" testId="8d13645f-ace3-ee52-0b1f-b75f216a1c8a" testName="ExA2_TestWithAName" computerName="ZANAANUAR1564" duration="00:00:00.0102506" startTime="2016-08-14T19:21:06.7805865+08:00" endTime="2016-08-14T19:21:06.8216800+08:00" testType="13cdc9d9-ddb5-4fa4-a97d-d965ccfc6d4b" outcome="Passed" testListId="8c84fa94-04c1-424b-9868-57a2d4851a1d" relativeResultsDirectory="439b236d-3c91-4368-ae56-890f1c59d544">
      <Output>
        <StdOut>Debug Trace:
Good Morning John</StdOut>
      </Output>
    </UnitTestResult>
  </Results>
  <TestDefinitions>
    <UnitTest name="ExA2_TestWithAName" storage="y:\desktop\csexercises\exercisestest\bin\debug\exercisestest.dll" id="8d13645f-ace3-ee52-0b1f-b75f216a1c8a">
      <Execution id="439b236d-3c91-4368-ae56-890f1c59d544" />
      <TestMethod codeBase="Y:\Desktop\CSExercises\ExercisesTest\bin\Debug\ExercisesTest.dll" adapterTypeName="Microsoft.VisualStudio.TestTools.TestTypes.Unit.UnitTestAdapter" className="ExercisesTest.ExA2Test" name="ExA2_TestWithAName" />
    </UnitTest>
  </TestDefinitions>
  <TestEntries>
    <TestEntry testId="8d13645f-ace3-ee52-0b1f-b75f216a1c8a" executionId="439b236d-3c91-4368-ae56-890f1c59d544" testListId="8c84fa94-04c1-424b-9868-57a2d4851a1d" />
  </TestEntries>
  <TestLists>
    <TestList name="Results Not in a List" id="8c84fa94-04c1-424b-9868-57a2d4851a1d" />
    <TestList name="All Loaded Results" id="19431567-8539-422a-85d7-44ee4e166bda" />
  </TestLists>
  <ResultSummary outcome="Completed">
    <Counters total="1" executed="1" passed="1" failed="0" error="0" timeout="0" aborted="0" inconclusive="0" passedButRunAborted="0" notRunnable="0" notExecuted="0" disconnected="0" warning="0" completed="0" inProgress="0" pending="0" />
  </ResultSummary>
</TestRun>﻿<?xml version="1.0" encoding="UTF-8"?>
<TestRun id="bb483b7e-45ce-4e65-a0e2-28e4c3f2f0d0" name="zanaanuar@ZANAANUAR1564 2016-08-14 19:21:26" runUser="ZANAANUAR1564\zanaanuar" xmlns="http://microsoft.com/schemas/VisualStudio/TeamTest/2010">
  <Times creation="2016-08-14T19:21:26.8945756+08:00" queuing="2016-08-14T19:21:26.8945756+08:00" start="2016-08-14T19:21:26.8985761+08:00" finish="2016-08-14T19:21:26.9745778+08:00" />
  <TestSettings name="default" id="145e33f6-915f-428b-86e3-e0bfb2edcd86">
    <Execution>
      <TestTypeSpecific />
    </Execution>
    <Deployment runDeploymentRoot="zanaanuar_ZANAANUAR1564 2016-08-14 19_21_26" />
    <Properties />
  </TestSettings>
  <Results>
    <UnitTestResult executionId="cb503d48-0ff0-418f-8876-babc794e6cc0" testId="61d166ef-4cfe-77e3-b543-897aca364290" testName="ExC1_TestWithMale" computerName="ZANAANUAR1564" duration="00:00:00.0197874" startTime="2016-08-14T19:21:26.8005761+08:00" endTime="2016-08-14T19:21:26.8517128+08:00" testType="13cdc9d9-ddb5-4fa4-a97d-d965ccfc6d4b" outcome="Failed" testListId="8c84fa94-04c1-424b-9868-57a2d4851a1d" relativeResultsDirectory="cb503d48-0ff0-418f-8876-babc794e6cc0">
      <Output>
        <StdOut>Debug Trace:
Please enter your name: John Smith
Please enter your gender (M/F): M</StdOut>
        <ErrorInfo>
          <Message>Assert.AreEqual failed. Expected:&lt;good morning mr. john smith&gt;. Actual:&lt;please enter your gender (m/f):&gt;. Program output is different from the expected output.</Message>
          <StackTrace>   at ExercisesTest.TestHelper.AssertOutput(String expectedOutput) in \\mac\home\Desktop\CSExercises\ExercisesTest\TestHelper.cs:line 48
   at ExercisesTest.ExC1Test.ExC1_TestWithMale() in \\mac\home\Desktop\CSExercises\ExercisesTest\SectionC\ExC1Test.cs:line 15
</StackTrace>
        </ErrorInfo>
      </Output>
    </UnitTestResult>
    <UnitTestResult executionId="18f35172-5418-4a96-b07c-812a6d6c402b" testId="f01da9c2-186f-f432-e2ea-a4bf6e6db11b" testName="ExC1_TestWithFemale" computerName="ZANAANUAR1564" duration="00:00:00.0012232" startTime="2016-08-14T19:21:26.8635766+08:00" endTime="2016-08-14T19:21:26.8645804+08:00" testType="13cdc9d9-ddb5-4fa4-a97d-d965ccfc6d4b" outcome="Failed" testListId="8c84fa94-04c1-424b-9868-57a2d4851a1d" relativeResultsDirectory="18f35172-5418-4a96-b07c-812a6d6c402b">
      <Output>
        <StdOut>Debug Trace:
Please enter your name: Jane Austen
Please enter your gender (M/F): F</StdOut>
        <ErrorInfo>
          <Message>Assert.AreEqual failed. Expected:&lt;good morning ms. jane austen&gt;. Actual:&lt;please enter your gender (m/f):&gt;. Program output is different from the expected output.</Message>
          <StackTrace>   at ExercisesTest.TestHelper.AssertOutput(String expectedOutput) in \\mac\home\Desktop\CSExercises\ExercisesTest\TestHelper.cs:line 48
   at ExercisesTest.ExC1Test.ExC1_TestWithFemale() in \\mac\home\Desktop\CSExercises\ExercisesTest\SectionC\ExC1Test.cs:line 24
</StackTrace>
        </ErrorInfo>
      </Output>
    </UnitTestResult>
    <UnitTestResult executionId="5c4be4b4-83f4-43a8-aa45-abb68d17f15b" testId="437f057a-e785-23b6-2c3b-fdb00373c2ea" testName="ExC1_TestWithUnknown" computerName="ZANAANUAR1564" duration="00:00:00.0004095" startTime="2016-08-14T19:21:26.8645804+08:00" endTime="2016-08-14T19:21:26.8656997+08:00" testType="13cdc9d9-ddb5-4fa4-a97d-d965ccfc6d4b" outcome="Passed" testListId="8c84fa94-04c1-424b-9868-57a2d4851a1d" relativeResultsDirectory="5c4be4b4-83f4-43a8-aa45-abb68d17f15b">
      <Output>
        <StdOut>Debug Trace:
Please enter your name: Jane Austen
Please enter your gender (M/F): X</StdOut>
      </Output>
    </UnitTestResult>
  </Results>
  <TestDefinitions>
    <UnitTest name="ExC1_TestWithMale" storage="y:\desktop\csexercises\exercisestest\bin\debug\exercisestest.dll" id="61d166ef-4cfe-77e3-b543-897aca364290">
      <Execution id="cb503d48-0ff0-418f-8876-babc794e6cc0" />
      <TestMethod codeBase="Y:\Desktop\CSExercises\ExercisesTest\bin\Debug\ExercisesTest.dll" adapterTypeName="Microsoft.VisualStudio.TestTools.TestTypes.Unit.UnitTestAdapter" className="ExercisesTest.ExC1Test" name="ExC1_TestWithMale" />
    </UnitTest>
    <UnitTest name="ExC1_TestWithFemale" storage="y:\desktop\csexercises\exercisestest\bin\debug\exercisestest.dll" id="f01da9c2-186f-f432-e2ea-a4bf6e6db11b">
      <Execution id="18f35172-5418-4a96-b07c-812a6d6c402b" />
      <TestMethod codeBase="Y:\Desktop\CSExercises\ExercisesTest\bin\Debug\ExercisesTest.dll" adapterTypeName="Microsoft.VisualStudio.TestTools.TestTypes.Unit.UnitTestAdapter" className="ExercisesTest.ExC1Test" name="ExC1_TestWithFemale" />
    </UnitTest>
    <UnitTest name="ExC1_TestWithUnknown" storage="y:\desktop\csexercises\exercisestest\bin\debug\exercisestest.dll" id="437f057a-e785-23b6-2c3b-fdb00373c2ea">
      <Execution id="5c4be4b4-83f4-43a8-aa45-abb68d17f15b" />
      <TestMethod codeBase="Y:\Desktop\CSExercises\ExercisesTest\bin\Debug\ExercisesTest.dll" adapterTypeName="Microsoft.VisualStudio.TestTools.TestTypes.Unit.UnitTestAdapter" className="ExercisesTest.ExC1Test" name="ExC1_TestWithUnknown" />
    </UnitTest>
  </TestDefinitions>
  <TestEntries>
    <TestEntry testId="61d166ef-4cfe-77e3-b543-897aca364290" executionId="cb503d48-0ff0-418f-8876-babc794e6cc0" testListId="8c84fa94-04c1-424b-9868-57a2d4851a1d" />
    <TestEntry testId="f01da9c2-186f-f432-e2ea-a4bf6e6db11b" executionId="18f35172-5418-4a96-b07c-812a6d6c402b" testListId="8c84fa94-04c1-424b-9868-57a2d4851a1d" />
    <TestEntry testId="437f057a-e785-23b6-2c3b-fdb00373c2ea" executionId="5c4be4b4-83f4-43a8-aa45-abb68d17f15b" testListId="8c84fa94-04c1-424b-9868-57a2d4851a1d" />
  </TestEntries>
  <TestLists>
    <TestList name="Results Not in a List" id="8c84fa94-04c1-424b-9868-57a2d4851a1d" />
    <TestList name="All Loaded Results" id="19431567-8539-422a-85d7-44ee4e166bda" />
  </TestLists>
  <ResultSummary outcome="Failed">
    <Counters total="3" executed="3" passed="1" failed="2" error="0" timeout="0" aborted="0" inconclusive="0" passedButRunAborted="0" notRunnable="0" notExecuted="0" disconnected="0" warning="0" completed="0" inProgress="0" pending="0" />
  </ResultSummary>
</TestRun>﻿<?xml version="1.0" encoding="UTF-8"?>
<TestRun id="29b7b75b-9b0c-42ae-9e61-9fd3d47535c5" name="zanaanuar@ZANAANUAR1564 2016-08-14 19:22:10" runUser="ZANAANUAR1564\zanaanuar" xmlns="http://microsoft.com/schemas/VisualStudio/TeamTest/2010">
  <Times creation="2016-08-14T19:22:10.8007040+08:00" queuing="2016-08-14T19:22:10.8007040+08:00" start="2016-08-14T19:22:10.8037081+08:00" finish="2016-08-14T19:22:10.8455763+08:00" />
  <TestSettings name="default" id="14e8900d-5a66-4f00-895d-daa1986b7e2c">
    <Execution>
      <TestTypeSpecific />
    </Execution>
    <Deployment runDeploymentRoot="zanaanuar_ZANAANUAR1564 2016-08-14 19_22_10" />
    <Properties />
  </TestSettings>
  <Results>
    <UnitTestResult executionId="e241ca1b-a734-43d2-9211-d64b994aa84e" testId="928f0289-fc26-87c9-cbcc-7860f04c41e5" testName="ExB1_TestWithZero" computerName="ZANAANUAR1564" duration="00:00:00.0072115" startTime="2016-08-14T19:22:10.7135860+08:00" endTime="2016-08-14T19:22:10.7565754+08:00" testType="13cdc9d9-ddb5-4fa4-a97d-d965ccfc6d4b" outcome="Passed" testListId="8c84fa94-04c1-424b-9868-57a2d4851a1d" relativeResultsDirectory="e241ca1b-a734-43d2-9211-d64b994aa84e" />
    <UnitTestResult executionId="56e25adc-5e2f-42ca-b1e9-7551a4d9d62d" testId="cf3fce46-434f-4b13-6b4c-ced354dd07f6" testName="ExB1_TestWithRandomNumber" computerName="ZANAANUAR1564" duration="00:00:00.0001523" startTime="2016-08-14T19:22:10.7657060+08:00" endTime="2016-08-14T19:22:10.7667062+08:00" testType="13cdc9d9-ddb5-4fa4-a97d-d965ccfc6d4b" outcome="Passed" testListId="8c84fa94-04c1-424b-9868-57a2d4851a1d" relativeResultsDirectory="56e25adc-5e2f-42ca-b1e9-7551a4d9d62d" />
  </Results>
  <TestDefinitions>
    <UnitTest name="ExB1_TestWithZero" storage="y:\desktop\csexercises\exercisestest\bin\debug\exercisestest.dll" id="928f0289-fc26-87c9-cbcc-7860f04c41e5">
      <Execution id="e241ca1b-a734-43d2-9211-d64b994aa84e" />
      <TestMethod codeBase="Y:\Desktop\CSExercises\ExercisesTest\bin\Debug\ExercisesTest.dll" adapterTypeName="Microsoft.VisualStudio.TestTools.TestTypes.Unit.UnitTestAdapter" className="ExercisesTest.ExB1Test" name="ExB1_TestWithZero" />
    </UnitTest>
    <UnitTest name="ExB1_TestWithRandomNumber" storage="y:\desktop\csexercises\exercisestest\bin\debug\exercisestest.dll" id="cf3fce46-434f-4b13-6b4c-ced354dd07f6">
      <Execution id="56e25adc-5e2f-42ca-b1e9-7551a4d9d62d" />
      <TestMethod codeBase="Y:\Desktop\CSExercises\ExercisesTest\bin\Debug\ExercisesTest.dll" adapterTypeName="Microsoft.VisualStudio.TestTools.TestTypes.Unit.UnitTestAdapter" className="ExercisesTest.ExB1Test" name="ExB1_TestWithRandomNumber" />
    </UnitTest>
  </TestDefinitions>
  <TestEntries>
    <TestEntry testId="928f0289-fc26-87c9-cbcc-7860f04c41e5" executionId="e241ca1b-a734-43d2-9211-d64b994aa84e" testListId="8c84fa94-04c1-424b-9868-57a2d4851a1d" />
    <TestEntry testId="cf3fce46-434f-4b13-6b4c-ced354dd07f6" executionId="56e25adc-5e2f-42ca-b1e9-7551a4d9d62d" testListId="8c84fa94-04c1-424b-9868-57a2d4851a1d" />
  </TestEntries>
  <TestLists>
    <TestList name="Results Not in a List" id="8c84fa94-04c1-424b-9868-57a2d4851a1d" />
    <TestList name="All Loaded Results" id="19431567-8539-422a-85d7-44ee4e166bda" />
  </TestLists>
  <ResultSummary outcome="Completed">
    <Counters total="2" executed="2" passed="2" failed="0" error="0" timeout="0" aborted="0" inconclusive="0" passedButRunAborted="0" notRunnable="0" notExecuted="0" disconnected="0" warning="0" completed="0" inProgress="0" pending="0" />
  </ResultSummary>
</TestRun>﻿<?xml version="1.0" encoding="UTF-8"?>
<TestRun id="0a4f364e-a68f-4bb3-a414-4ed04fde11f2" name="zanaanuar@ZANAANUAR1564 2016-08-14 19:22:17" runUser="ZANAANUAR1564\zanaanuar" xmlns="http://microsoft.com/schemas/VisualStudio/TeamTest/2010">
  <Times creation="2016-08-14T19:22:17.7877072+08:00" queuing="2016-08-14T19:22:17.7877072+08:00" start="2016-08-14T19:22:17.7915729+08:00" finish="2016-08-14T19:22:17.8306741+08:00" />
  <TestSettings name="default" id="44b0ac53-dc23-4d07-8b09-52bbb322239f">
    <Execution>
      <TestTypeSpecific />
    </Execution>
    <Deployment runDeploymentRoot="zanaanuar_ZANAANUAR1564 2016-08-14 19_22_17" />
    <Properties />
  </TestSettings>
  <Results>
    <UnitTestResult executionId="90d0979c-8bc9-4d28-9d3c-f1361fb6db2e" testId="dd7a1cf7-7671-a70a-aef5-f365aedd4d0e" testName="ExB2_TestWithZero" computerName="ZANAANUAR1564" duration="00:00:00.0071716" startTime="2016-08-14T19:22:17.7057068+08:00" endTime="2016-08-14T19:22:17.7437091+08:00" testType="13cdc9d9-ddb5-4fa4-a97d-d965ccfc6d4b" outcome="Passed" testListId="8c84fa94-04c1-424b-9868-57a2d4851a1d" relativeResultsDirectory="90d0979c-8bc9-4d28-9d3c-f1361fb6db2e" />
    <UnitTestResult executionId="7036905d-39ae-4c65-a4d7-3374852eede3" testId="1e6e95e5-93d0-8567-b766-24daa399e7a5" testName="ExB2_TestWithRandomNumber" computerName="ZANAANUAR1564" duration="00:00:00.0001418" startTime="2016-08-14T19:22:17.7537130+08:00" endTime="2016-08-14T19:22:17.7537130+08:00" testType="13cdc9d9-ddb5-4fa4-a97d-d965ccfc6d4b" outcome="Passed" testListId="8c84fa94-04c1-424b-9868-57a2d4851a1d" relativeResultsDirectory="7036905d-39ae-4c65-a4d7-3374852eede3" />
  </Results>
  <TestDefinitions>
    <UnitTest name="ExB2_TestWithZero" storage="y:\desktop\csexercises\exercisestest\bin\debug\exercisestest.dll" id="dd7a1cf7-7671-a70a-aef5-f365aedd4d0e">
      <Execution id="90d0979c-8bc9-4d28-9d3c-f1361fb6db2e" />
      <TestMethod codeBase="Y:\Desktop\CSExercises\ExercisesTest\bin\Debug\ExercisesTest.dll" adapterTypeName="Microsoft.VisualStudio.TestTools.TestTypes.Unit.UnitTestAdapter" className="ExercisesTest.ExB2Test" name="ExB2_TestWithZero" />
    </UnitTest>
    <UnitTest name="ExB2_TestWithRandomNumber" storage="y:\desktop\csexercises\exercisestest\bin\debug\exercisestest.dll" id="1e6e95e5-93d0-8567-b766-24daa399e7a5">
      <Execution id="7036905d-39ae-4c65-a4d7-3374852eede3" />
      <TestMethod codeBase="Y:\Desktop\CSExercises\ExercisesTest\bin\Debug\ExercisesTest.dll" adapterTypeName="Microsoft.VisualStudio.TestTools.TestTypes.Unit.UnitTestAdapter" className="ExercisesTest.ExB2Test" name="ExB2_TestWithRandomNumber" />
    </UnitTest>
  </TestDefinitions>
  <TestEntries>
    <TestEntry testId="dd7a1cf7-7671-a70a-aef5-f365aedd4d0e" executionId="90d0979c-8bc9-4d28-9d3c-f1361fb6db2e" testListId="8c84fa94-04c1-424b-9868-57a2d4851a1d" />
    <TestEntry testId="1e6e95e5-93d0-8567-b766-24daa399e7a5" executionId="7036905d-39ae-4c65-a4d7-3374852eede3" testListId="8c84fa94-04c1-424b-9868-57a2d4851a1d" />
  </TestEntries>
  <TestLists>
    <TestList name="Results Not in a List" id="8c84fa94-04c1-424b-9868-57a2d4851a1d" />
    <TestList name="All Loaded Results" id="19431567-8539-422a-85d7-44ee4e166bda" />
  </TestLists>
  <ResultSummary outcome="Completed">
    <Counters total="2" executed="2" passed="2" failed="0" error="0" timeout="0" aborted="0" inconclusive="0" passedButRunAborted="0" notRunnable="0" notExecuted="0" disconnected="0" warning="0" completed="0" inProgress="0" pending="0" />
  </ResultSummary>
</TestRun>﻿<?xml version="1.0" encoding="UTF-8"?>
<TestRun id="5565c3d1-95d0-44a9-8dcb-4927e53ad565" name="zanaanuar@ZANAANUAR1564 2016-08-14 19:22:22" runUser="ZANAANUAR1564\zanaanuar" xmlns="http://microsoft.com/schemas/VisualStudio/TeamTest/2010">
  <Times creation="2016-08-14T19:22:22.2606876+08:00" queuing="2016-08-14T19:22:22.2606876+08:00" start="2016-08-14T19:22:22.2645755+08:00" finish="2016-08-14T19:22:22.3417069+08:00" />
  <TestSettings name="default" id="93db0e27-2566-4a76-a537-6e255085d269">
    <Execution>
      <TestTypeSpecific />
    </Execution>
    <Deployment runDeploymentRoot="zanaanuar_ZANAANUAR1564 2016-08-14 19_22_22" />
    <Properties />
  </TestSettings>
  <Results>
    <UnitTestResult executionId="6c4e9d24-0bf4-441a-8745-fd52f3919c32" testId="4d421191-ce69-78f3-5526-c5d9422be733" testName="ExB9TestWithZero" computerName="ZANAANUAR1564" duration="00:00:00.0185152" startTime="2016-08-14T19:22:22.1676700+08:00" endTime="2016-08-14T19:22:22.2185756+08:00" testType="13cdc9d9-ddb5-4fa4-a97d-d965ccfc6d4b" outcome="Failed" testListId="8c84fa94-04c1-424b-9868-57a2d4851a1d" relativeResultsDirectory="6c4e9d24-0bf4-441a-8745-fd52f3919c32">
      <Output>
        <StdOut>Debug Trace:
0
2.4</StdOut>
        <ErrorInfo>
          <Message>Assert.AreEqual failed. Expected:&lt;2.40&gt;. Actual:&lt;2.4&gt;. Program output is different from the expected output.</Message>
          <StackTrace>   at ExercisesTest.TestHelper.AssertOutput(String expectedOutput) in \\mac\home\Desktop\CSExercises\ExercisesTest\TestHelper.cs:line 48
   at ExercisesTest.TestHelper.TestOutputEqual(Type t, String input, String output) in \\mac\home\Desktop\CSExercises\ExercisesTest\TestHelper.cs:line 97
   at ExercisesTest.ExB9Test.ExB9TestWithZero() in \\mac\home\Desktop\CSExercises\ExercisesTest\SectionB\ExB9Test.cs:line 13
</StackTrace>
        </ErrorInfo>
      </Output>
    </UnitTestResult>
    <UnitTestResult executionId="0bcf56b6-f9b5-4fc5-bf13-302f115c60c2" testId="2514325f-8396-182f-50e8-0dd4b88ec67a" testName="ExB9TestWithRandomPositiveNumber" computerName="ZANAANUAR1564" duration="00:00:00.0015706" startTime="2016-08-14T19:22:22.2295751+08:00" endTime="2016-08-14T19:22:22.2305783+08:00" testType="13cdc9d9-ddb5-4fa4-a97d-d965ccfc6d4b" outcome="Failed" testListId="8c84fa94-04c1-424b-9868-57a2d4851a1d" relativeResultsDirectory="0bcf56b6-f9b5-4fc5-bf13-302f115c60c2">
      <Output>
        <StdOut>Debug Trace:
52.02
23.3</StdOut>
        <ErrorInfo>
          <Message>Assert.AreEqual failed. Expected:&lt;23.30&gt;. Actual:&lt;23.3&gt;. Program output is different from the expected output.</Message>
          <StackTrace>   at ExercisesTest.TestHelper.AssertOutput(String expectedOutput) in \\mac\home\Desktop\CSExercises\ExercisesTest\TestHelper.cs:line 48
   at ExercisesTest.TestHelper.TestOutputEqual(Type t, String input, String output) in \\mac\home\Desktop\CSExercises\ExercisesTest\TestHelper.cs:line 97
   at ExercisesTest.ExB9Test.ExB9TestWithRandomPositiveNumber() in \\mac\home\Desktop\CSExercises\ExercisesTest\SectionB\ExB9Test.cs:line 23
</StackTrace>
        </ErrorInfo>
      </Output>
    </UnitTestResult>
  </Results>
  <TestDefinitions>
    <UnitTest name="ExB9TestWithZero" storage="y:\desktop\csexercises\exercisestest\bin\debug\exercisestest.dll" id="4d421191-ce69-78f3-5526-c5d9422be733">
      <Execution id="6c4e9d24-0bf4-441a-8745-fd52f3919c32" />
      <TestMethod codeBase="Y:\Desktop\CSExercises\ExercisesTest\bin\Debug\ExercisesTest.dll" adapterTypeName="Microsoft.VisualStudio.TestTools.TestTypes.Unit.UnitTestAdapter" className="ExercisesTest.ExB9Test" name="ExB9TestWithZero" />
    </UnitTest>
    <UnitTest name="ExB9TestWithRandomPositiveNumber" storage="y:\desktop\csexercises\exercisestest\bin\debug\exercisestest.dll" id="2514325f-8396-182f-50e8-0dd4b88ec67a">
      <Execution id="0bcf56b6-f9b5-4fc5-bf13-302f115c60c2" />
      <TestMethod codeBase="Y:\Desktop\CSExercises\ExercisesTest\bin\Debug\ExercisesTest.dll" adapterTypeName="Microsoft.VisualStudio.TestTools.TestTypes.Unit.UnitTestAdapter" className="ExercisesTest.ExB9Test" name="ExB9TestWithRandomPositiveNumber" />
    </UnitTest>
  </TestDefinitions>
  <TestEntries>
    <TestEntry testId="4d421191-ce69-78f3-5526-c5d9422be733" executionId="6c4e9d24-0bf4-441a-8745-fd52f3919c32" testListId="8c84fa94-04c1-424b-9868-57a2d4851a1d" />
    <TestEntry testId="2514325f-8396-182f-50e8-0dd4b88ec67a" executionId="0bcf56b6-f9b5-4fc5-bf13-302f115c60c2" testListId="8c84fa94-04c1-424b-9868-57a2d4851a1d" />
  </TestEntries>
  <TestLists>
    <TestList name="Results Not in a List" id="8c84fa94-04c1-424b-9868-57a2d4851a1d" />
    <TestList name="All Loaded Results" id="19431567-8539-422a-85d7-44ee4e166bda" />
  </TestLists>
  <ResultSummary outcome="Failed">
    <Counters total="2" executed="2" passed="0" failed="2" error="0" timeout="0" aborted="0" inconclusive="0" passedButRunAborted="0" notRunnable="0" notExecuted="0" disconnected="0" warning="0" completed="0" inProgress="0" pending="0" />
  </ResultSummary>
</TestRun>﻿<?xml version="1.0" encoding="UTF-8"?>
<TestRun id="cfb80b4d-7cc5-43d9-83f2-ff91258cfcaa" name="zanaanuar@ZANAANUAR1564 2016-08-14 19:23:16" runUser="ZANAANUAR1564\zanaanuar" xmlns="http://microsoft.com/schemas/VisualStudio/TeamTest/2010">
  <Times creation="2016-08-14T19:23:16.2095734+08:00" queuing="2016-08-14T19:23:16.2095734+08:00" start="2016-08-14T19:23:16.2135741+08:00" finish="2016-08-14T19:23:16.2857155+08:00" />
  <TestSettings name="default" id="34ec18f1-4412-460b-b59c-777704e9a031">
    <Execution>
      <TestTypeSpecific />
    </Execution>
    <Deployment runDeploymentRoot="zanaanuar_ZANAANUAR1564 2016-08-14 19_23_16" />
    <Properties />
  </TestSettings>
  <Results>
    <UnitTestResult executionId="0c79b382-7356-49b2-a855-07f8666c78b3" testId="d8f4ff5b-1da8-68e0-6735-dca747510bd3" testName="ExB8_TestWithZero" computerName="ZANAANUAR1564" duration="00:00:00.0201857" startTime="2016-08-14T19:23:16.1155739+08:00" endTime="2016-08-14T19:23:16.1667033+08:00" testType="13cdc9d9-ddb5-4fa4-a97d-d965ccfc6d4b" outcome="Failed" testListId="8c84fa94-04c1-424b-9868-57a2d4851a1d" relativeResultsDirectory="0c79b382-7356-49b2-a855-07f8666c78b3">
      <Output>
        <StdOut>Debug Trace:
0
2.4</StdOut>
        <ErrorInfo>
          <Message>Assert.AreEqual failed. Expected:&lt;2.40&gt;. Actual:&lt;2.4&gt;. Program output is different from the expected output.</Message>
          <StackTrace>   at ExercisesTest.TestHelper.AssertOutput(String expectedOutput) in \\mac\home\Desktop\CSExercises\ExercisesTest\TestHelper.cs:line 48
   at ExercisesTest.TestHelper.TestOutputEqual(Type t, String input, String output) in \\mac\home\Desktop\CSExercises\ExercisesTest\TestHelper.cs:line 97
   at ExercisesTest.ExB8Test.ExB8_TestWithZero() in \\mac\home\Desktop\CSExercises\ExercisesTest\SectionB\ExB8Test.cs:line 13
</StackTrace>
        </ErrorInfo>
      </Output>
    </UnitTestResult>
    <UnitTestResult executionId="920e7da5-c770-4420-a804-1980504bc38e" testId="4c46834b-f4c3-08ad-a27c-3715addd7c00" testName="ExB8_TestWithRandomPositiveNumber" computerName="ZANAANUAR1564" duration="00:00:00.0013595" startTime="2016-08-14T19:23:16.1776054+08:00" endTime="2016-08-14T19:23:16.1785767+08:00" testType="13cdc9d9-ddb5-4fa4-a97d-d965ccfc6d4b" outcome="Failed" testListId="8c84fa94-04c1-424b-9868-57a2d4851a1d" relativeResultsDirectory="920e7da5-c770-4420-a804-1980504bc38e">
      <Output>
        <StdOut>Debug Trace:
10.01
6.4</StdOut>
        <ErrorInfo>
          <Message>Assert.AreEqual failed. Expected:&lt;6.40&gt;. Actual:&lt;6.4&gt;. Program output is different from the expected output.</Message>
          <StackTrace>   at ExercisesTest.TestHelper.AssertOutput(String expectedOutput) in \\mac\home\Desktop\CSExercises\ExercisesTest\TestHelper.cs:line 48
   at ExercisesTest.TestHelper.TestOutputEqual(Type t, String input, String output) in \\mac\home\Desktop\CSExercises\ExercisesTest\TestHelper.cs:line 97
   at ExercisesTest.ExB8Test.ExB8_TestWithRandomPositiveNumber() in \\mac\home\Desktop\CSExercises\ExercisesTest\SectionB\ExB8Test.cs:line 23
</StackTrace>
        </ErrorInfo>
      </Output>
    </UnitTestResult>
  </Results>
  <TestDefinitions>
    <UnitTest name="ExB8_TestWithZero" storage="y:\desktop\csexercises\exercisestest\bin\debug\exercisestest.dll" id="d8f4ff5b-1da8-68e0-6735-dca747510bd3">
      <Execution id="0c79b382-7356-49b2-a855-07f8666c78b3" />
      <TestMethod codeBase="Y:\Desktop\CSExercises\ExercisesTest\bin\Debug\ExercisesTest.dll" adapterTypeName="Microsoft.VisualStudio.TestTools.TestTypes.Unit.UnitTestAdapter" className="ExercisesTest.ExB8Test" name="ExB8_TestWithZero" />
    </UnitTest>
    <UnitTest name="ExB8_TestWithRandomPositiveNumber" storage="y:\desktop\csexercises\exercisestest\bin\debug\exercisestest.dll" id="4c46834b-f4c3-08ad-a27c-3715addd7c00">
      <Execution id="920e7da5-c770-4420-a804-1980504bc38e" />
      <TestMethod codeBase="Y:\Desktop\CSExercises\ExercisesTest\bin\Debug\ExercisesTest.dll" adapterTypeName="Microsoft.VisualStudio.TestTools.TestTypes.Unit.UnitTestAdapter" className="ExercisesTest.ExB8Test" name="ExB8_TestWithRandomPositiveNumber" />
    </UnitTest>
  </TestDefinitions>
  <TestEntries>
    <TestEntry testId="d8f4ff5b-1da8-68e0-6735-dca747510bd3" executionId="0c79b382-7356-49b2-a855-07f8666c78b3" testListId="8c84fa94-04c1-424b-9868-57a2d4851a1d" />
    <TestEntry testId="4c46834b-f4c3-08ad-a27c-3715addd7c00" executionId="920e7da5-c770-4420-a804-1980504bc38e" testListId="8c84fa94-04c1-424b-9868-57a2d4851a1d" />
  </TestEntries>
  <TestLists>
    <TestList name="Results Not in a List" id="8c84fa94-04c1-424b-9868-57a2d4851a1d" />
    <TestList name="All Loaded Results" id="19431567-8539-422a-85d7-44ee4e166bda" />
  </TestLists>
  <ResultSummary outcome="Failed">
    <Counters total="2" executed="2" passed="0" failed="2" error="0" timeout="0" aborted="0" inconclusive="0" passedButRunAborted="0" notRunnable="0" notExecuted="0" disconnected="0" warning="0" completed="0" inProgress="0" pending="0" />
  </ResultSummary>
</TestRun>﻿<?xml version="1.0" encoding="UTF-8"?>
<TestRun id="ba0616c8-f3ae-42f8-86cc-fb08356e1366" name="zanaanuar@ZANAANUAR1564 2016-08-14 19:23:29" runUser="ZANAANUAR1564\zanaanuar" xmlns="http://microsoft.com/schemas/VisualStudio/TeamTest/2010">
  <Times creation="2016-08-14T19:23:29.3407182+08:00" queuing="2016-08-14T19:23:29.3407182+08:00" start="2016-08-14T19:23:29.3446624+08:00" finish="2016-08-14T19:23:29.3885796+08:00" />
  <TestSettings name="default" id="0e126be7-3a3a-41cb-b6f5-354f9b98ace7">
    <Execution>
      <TestTypeSpecific />
    </Execution>
    <Deployment runDeploymentRoot="zanaanuar_ZANAANUAR1564 2016-08-14 19_23_29" />
    <Properties />
  </TestSettings>
  <Results>
    <UnitTestResult executionId="e249a690-8158-4f0b-9ddf-480ccb4c73d1" testId="5d10d8c6-9801-fba8-47ea-4f24d629e64e" testName="ExB7_TestWithZero" computerName="ZANAANUAR1564" duration="00:00:00.0093170" startTime="2016-08-14T19:23:29.2545744+08:00" endTime="2016-08-14T19:23:29.2947029+08:00" testType="13cdc9d9-ddb5-4fa4-a97d-d965ccfc6d4b" outcome="Passed" testListId="8c84fa94-04c1-424b-9868-57a2d4851a1d" relativeResultsDirectory="e249a690-8158-4f0b-9ddf-480ccb4c73d1">
      <Output>
        <StdOut>Debug Trace:
0
2.4</StdOut>
      </Output>
    </UnitTestResult>
    <UnitTestResult executionId="7fd9719a-3592-4bac-a783-e096279eb1fc" testId="8a3c2921-0d21-9733-b802-8fd60efda746" testName="ExB7_TestWithRandomPositiveNumber" computerName="ZANAANUAR1564" duration="00:00:00.0002863" startTime="2016-08-14T19:23:29.3047061+08:00" endTime="2016-08-14T19:23:29.3057062+08:00" testType="13cdc9d9-ddb5-4fa4-a97d-d965ccfc6d4b" outcome="Passed" testListId="8c84fa94-04c1-424b-9868-57a2d4851a1d" relativeResultsDirectory="7fd9719a-3592-4bac-a783-e096279eb1fc">
      <Output>
        <StdOut>Debug Trace:
93.01
39.604

27.02
13.208

9.02
6.008</StdOut>
      </Output>
    </UnitTestResult>
  </Results>
  <TestDefinitions>
    <UnitTest name="ExB7_TestWithZero" storage="y:\desktop\csexercises\exercisestest\bin\debug\exercisestest.dll" id="5d10d8c6-9801-fba8-47ea-4f24d629e64e">
      <Execution id="e249a690-8158-4f0b-9ddf-480ccb4c73d1" />
      <TestMethod codeBase="Y:\Desktop\CSExercises\ExercisesTest\bin\Debug\ExercisesTest.dll" adapterTypeName="Microsoft.VisualStudio.TestTools.TestTypes.Unit.UnitTestAdapter" className="ExercisesTest.ExB7Test" name="ExB7_TestWithZero" />
    </UnitTest>
    <UnitTest name="ExB7_TestWithRandomPositiveNumber" storage="y:\desktop\csexercises\exercisestest\bin\debug\exercisestest.dll" id="8a3c2921-0d21-9733-b802-8fd60efda746">
      <Execution id="7fd9719a-3592-4bac-a783-e096279eb1fc" />
      <TestMethod codeBase="Y:\Desktop\CSExercises\ExercisesTest\bin\Debug\ExercisesTest.dll" adapterTypeName="Microsoft.VisualStudio.TestTools.TestTypes.Unit.UnitTestAdapter" className="ExercisesTest.ExB7Test" name="ExB7_TestWithRandomPositiveNumber" />
    </UnitTest>
  </TestDefinitions>
  <TestEntries>
    <TestEntry testId="5d10d8c6-9801-fba8-47ea-4f24d629e64e" executionId="e249a690-8158-4f0b-9ddf-480ccb4c73d1" testListId="8c84fa94-04c1-424b-9868-57a2d4851a1d" />
    <TestEntry testId="8a3c2921-0d21-9733-b802-8fd60efda746" executionId="7fd9719a-3592-4bac-a783-e096279eb1fc" testListId="8c84fa94-04c1-424b-9868-57a2d4851a1d" />
  </TestEntries>
  <TestLists>
    <TestList name="Results Not in a List" id="8c84fa94-04c1-424b-9868-57a2d4851a1d" />
    <TestList name="All Loaded Results" id="19431567-8539-422a-85d7-44ee4e166bda" />
  </TestLists>
  <ResultSummary outcome="Completed">
    <Counters total="2" executed="2" passed="2" failed="0" error="0" timeout="0" aborted="0" inconclusive="0" passedButRunAborted="0" notRunnable="0" notExecuted="0" disconnected="0" warning="0" completed="0" inProgress="0" pending="0" />
  </ResultSummary>
</TestRun>﻿<?xml version="1.0" encoding="UTF-8"?>
<TestRun id="da16c17a-1635-4c96-8840-dad23d29f0e1" name="zanaanuar@ZANAANUAR1564 2016-08-14 19:23:41" runUser="ZANAANUAR1564\zanaanuar" xmlns="http://microsoft.com/schemas/VisualStudio/TeamTest/2010">
  <Times creation="2016-08-14T19:23:41.8140598+08:00" queuing="2016-08-14T19:23:41.8140598+08:00" start="2016-08-14T19:23:41.8166935+08:00" finish="2016-08-14T19:23:41.8626036+08:00" />
  <TestSettings name="default" id="edd61c9e-1522-4278-984c-11a454df82ae">
    <Execution>
      <TestTypeSpecific />
    </Execution>
    <Deployment runDeploymentRoot="zanaanuar_ZANAANUAR1564 2016-08-14 19_23_41" />
    <Properties />
  </TestSettings>
  <Results>
    <UnitTestResult executionId="56ec3486-88ab-4788-af71-253e8d4a0a39" testId="b0fe1b76-85dd-996a-6897-764077fa221a" testName="ExB6_TestWithZero" computerName="ZANAANUAR1564" duration="00:00:00.0097433" startTime="2016-08-14T19:23:41.7267057+08:00" endTime="2016-08-14T19:23:41.7675712+08:00" testType="13cdc9d9-ddb5-4fa4-a97d-d965ccfc6d4b" outcome="Passed" testListId="8c84fa94-04c1-424b-9868-57a2d4851a1d" relativeResultsDirectory="56ec3486-88ab-4788-af71-253e8d4a0a39">
      <Output>
        <StdOut>Debug Trace:
0
0
0
0
0</StdOut>
      </Output>
    </UnitTestResult>
    <UnitTestResult executionId="03bf8f0f-4c2a-4c15-a4bc-7d034033ef8b" testId="3e2b89e5-e2cc-63c8-e53e-5e4f06942620" testName="ExB6_TestWithPositiveNumber" computerName="ZANAANUAR1564" duration="00:00:00.0001999" startTime="2016-08-14T19:23:41.7777046+08:00" endTime="2016-08-14T19:23:41.7777046+08:00" testType="13cdc9d9-ddb5-4fa4-a97d-d965ccfc6d4b" outcome="Passed" testListId="8c84fa94-04c1-424b-9868-57a2d4851a1d" relativeResultsDirectory="03bf8f0f-4c2a-4c15-a4bc-7d034033ef8b">
      <Output>
        <StdOut>Debug Trace:
20
0
20
20
20</StdOut>
      </Output>
    </UnitTestResult>
    <UnitTestResult executionId="659667cd-963b-465e-9067-2d6bb5efaece" testId="09a74379-7aab-b6a3-6c3c-bf77ba90813f" testName="ExB6_TestWithNegativeNumber" computerName="ZANAANUAR1564" duration="00:00:00.0001932" startTime="2016-08-14T19:23:41.7777046+08:00" endTime="2016-08-14T19:23:41.7787100+08:00" testType="13cdc9d9-ddb5-4fa4-a97d-d965ccfc6d4b" outcome="Passed" testListId="8c84fa94-04c1-424b-9868-57a2d4851a1d" relativeResultsDirectory="659667cd-963b-465e-9067-2d6bb5efaece">
      <Output>
        <StdOut>Debug Trace:
20
0
-20
-20
44.7213595499958</StdOut>
      </Output>
    </UnitTestResult>
  </Results>
  <TestDefinitions>
    <UnitTest name="ExB6_TestWithZero" storage="y:\desktop\csexercises\exercisestest\bin\debug\exercisestest.dll" id="b0fe1b76-85dd-996a-6897-764077fa221a">
      <Execution id="56ec3486-88ab-4788-af71-253e8d4a0a39" />
      <TestMethod codeBase="Y:\Desktop\CSExercises\ExercisesTest\bin\Debug\ExercisesTest.dll" adapterTypeName="Microsoft.VisualStudio.TestTools.TestTypes.Unit.UnitTestAdapter" className="ExercisesTest.ExB6Test" name="ExB6_TestWithZero" />
    </UnitTest>
    <UnitTest name="ExB6_TestWithPositiveNumber" storage="y:\desktop\csexercises\exercisestest\bin\debug\exercisestest.dll" id="3e2b89e5-e2cc-63c8-e53e-5e4f06942620">
      <Execution id="03bf8f0f-4c2a-4c15-a4bc-7d034033ef8b" />
      <TestMethod codeBase="Y:\Desktop\CSExercises\ExercisesTest\bin\Debug\ExercisesTest.dll" adapterTypeName="Microsoft.VisualStudio.TestTools.TestTypes.Unit.UnitTestAdapter" className="ExercisesTest.ExB6Test" name="ExB6_TestWithPositiveNumber" />
    </UnitTest>
    <UnitTest name="ExB6_TestWithNegativeNumber" storage="y:\desktop\csexercises\exercisestest\bin\debug\exercisestest.dll" id="09a74379-7aab-b6a3-6c3c-bf77ba90813f">
      <Execution id="659667cd-963b-465e-9067-2d6bb5efaece" />
      <TestMethod codeBase="Y:\Desktop\CSExercises\ExercisesTest\bin\Debug\ExercisesTest.dll" adapterTypeName="Microsoft.VisualStudio.TestTools.TestTypes.Unit.UnitTestAdapter" className="ExercisesTest.ExB6Test" name="ExB6_TestWithNegativeNumber" />
    </UnitTest>
  </TestDefinitions>
  <TestEntries>
    <TestEntry testId="b0fe1b76-85dd-996a-6897-764077fa221a" executionId="56ec3486-88ab-4788-af71-253e8d4a0a39" testListId="8c84fa94-04c1-424b-9868-57a2d4851a1d" />
    <TestEntry testId="3e2b89e5-e2cc-63c8-e53e-5e4f06942620" executionId="03bf8f0f-4c2a-4c15-a4bc-7d034033ef8b" testListId="8c84fa94-04c1-424b-9868-57a2d4851a1d" />
    <TestEntry testId="09a74379-7aab-b6a3-6c3c-bf77ba90813f" executionId="659667cd-963b-465e-9067-2d6bb5efaece" testListId="8c84fa94-04c1-424b-9868-57a2d4851a1d" />
  </TestEntries>
  <TestLists>
    <TestList name="Results Not in a List" id="8c84fa94-04c1-424b-9868-57a2d4851a1d" />
    <TestList name="All Loaded Results" id="19431567-8539-422a-85d7-44ee4e166bda" />
  </TestLists>
  <ResultSummary outcome="Completed">
    <Counters total="3" executed="3" passed="3" failed="0" error="0" timeout="0" aborted="0" inconclusive="0" passedButRunAborted="0" notRunnable="0" notExecuted="0" disconnected="0" warning="0" completed="0" inProgress="0" pending="0" />
  </ResultSummary>
</TestRun>﻿<?xml version="1.0" encoding="UTF-8"?>
<TestRun id="60b25337-d833-43e4-ae30-fdffaae38347" name="zanaanuar@ZANAANUAR1564 2016-08-14 19:23:48" runUser="ZANAANUAR1564\zanaanuar" xmlns="http://microsoft.com/schemas/VisualStudio/TeamTest/2010">
  <Times creation="2016-08-14T19:23:48.8857029+08:00" queuing="2016-08-14T19:23:48.8857029+08:00" start="2016-08-14T19:23:48.8886971+08:00" finish="2016-08-14T19:23:48.9665720+08:00" />
  <TestSettings name="default" id="7c2e5d4e-6046-4f7f-8458-8695fe67717e">
    <Execution>
      <TestTypeSpecific />
    </Execution>
    <Deployment runDeploymentRoot="zanaanuar_ZANAANUAR1564 2016-08-14 19_23_48" />
    <Properties />
  </TestSettings>
  <Results>
    <UnitTestResult executionId="d21d10e7-0721-499d-bff3-e555340cd3d0" testId="159ba622-1904-2602-2526-72a12ffa196f" testName="ExB5_TestWithZero" computerName="ZANAANUAR1564" duration="00:00:00.0100848" startTime="2016-08-14T19:23:48.7945709+08:00" endTime="2016-08-14T19:23:48.8345735+08:00" testType="13cdc9d9-ddb5-4fa4-a97d-d965ccfc6d4b" outcome="Passed" testListId="8c84fa94-04c1-424b-9868-57a2d4851a1d" relativeResultsDirectory="d21d10e7-0721-499d-bff3-e555340cd3d0">
      <Output>
        <StdOut>Debug Trace:
0
3</StdOut>
      </Output>
    </UnitTestResult>
    <UnitTestResult executionId="c025b222-2a13-411d-8dd0-bb24aa688f03" testId="4ce714ee-0184-d714-c26f-c0f025b421a2" testName="ExB5_TestWithRandomPositiveNumber" computerName="ZANAANUAR1564" duration="00:00:00.0089190" startTime="2016-08-14T19:23:48.8455734+08:00" endTime="2016-08-14T19:23:48.8547035+08:00" testType="13cdc9d9-ddb5-4fa4-a97d-d965ccfc6d4b" outcome="Failed" testListId="8c84fa94-04c1-424b-9868-57a2d4851a1d" relativeResultsDirectory="c025b222-2a13-411d-8dd0-bb24aa688f03">
      <Output>
        <StdOut>Debug Trace:
78
30111</StdOut>
        <ErrorInfo>
          <Message>Assert.AreEqual failed. Expected:&lt;11859&gt;. Actual:&lt;30111&gt;. Program output is different from the expected output.</Message>
          <StackTrace>   at ExercisesTest.TestHelper.AssertOutput(String expectedOutput) in \\mac\home\Desktop\CSExercises\ExercisesTest\TestHelper.cs:line 48
   at ExercisesTest.TestHelper.TestOutputEqual(Type t, String input, String output) in \\mac\home\Desktop\CSExercises\ExercisesTest\TestHelper.cs:line 97
   at ExercisesTest.ExB5Test.ExB5_TestWithRandomPositiveNumber() in \\mac\home\Desktop\CSExercises\ExercisesTest\SectionB\ExB5Test.cs:line 21
</StackTrace>
        </ErrorInfo>
      </Output>
    </UnitTestResult>
    <UnitTestResult executionId="2084cc4f-db65-43f3-9a15-38c894ebf400" testId="56a6c058-ff64-0a54-1bb8-aba4833eba62" testName="ExB5_TestWithRandomNegativeNumber" computerName="ZANAANUAR1564" duration="00:00:00.0011317" startTime="2016-08-14T19:23:48.8547035+08:00" endTime="2016-08-14T19:23:48.8556910+08:00" testType="13cdc9d9-ddb5-4fa4-a97d-d965ccfc6d4b" outcome="Failed" testListId="8c84fa94-04c1-424b-9868-57a2d4851a1d" relativeResultsDirectory="2084cc4f-db65-43f3-9a15-38c894ebf400">
      <Output>
        <StdOut>Debug Trace:
-40
8163</StdOut>
        <ErrorInfo>
          <Message>Assert.AreEqual failed. Expected:&lt;3363&gt;. Actual:&lt;8163&gt;. Program output is different from the expected output.</Message>
          <StackTrace>   at ExercisesTest.TestHelper.AssertOutput(String expectedOutput) in \\mac\home\Desktop\CSExercises\ExercisesTest\TestHelper.cs:line 48
   at ExercisesTest.TestHelper.TestOutputEqual(Type t, String input, String output) in \\mac\home\Desktop\CSExercises\ExercisesTest\TestHelper.cs:line 97
   at ExercisesTest.ExB5Test.ExB5_TestWithRandomNegativeNumber() in \\mac\home\Desktop\CSExercises\ExercisesTest\SectionB\ExB5Test.cs:line 29
</StackTrace>
        </ErrorInfo>
      </Output>
    </UnitTestResult>
  </Results>
  <TestDefinitions>
    <UnitTest name="ExB5_TestWithZero" storage="y:\desktop\csexercises\exercisestest\bin\debug\exercisestest.dll" id="159ba622-1904-2602-2526-72a12ffa196f">
      <Execution id="d21d10e7-0721-499d-bff3-e555340cd3d0" />
      <TestMethod codeBase="Y:\Desktop\CSExercises\ExercisesTest\bin\Debug\ExercisesTest.dll" adapterTypeName="Microsoft.VisualStudio.TestTools.TestTypes.Unit.UnitTestAdapter" className="ExercisesTest.ExB5Test" name="ExB5_TestWithZero" />
    </UnitTest>
    <UnitTest name="ExB5_TestWithRandomPositiveNumber" storage="y:\desktop\csexercises\exercisestest\bin\debug\exercisestest.dll" id="4ce714ee-0184-d714-c26f-c0f025b421a2">
      <Execution id="c025b222-2a13-411d-8dd0-bb24aa688f03" />
      <TestMethod codeBase="Y:\Desktop\CSExercises\ExercisesTest\bin\Debug\ExercisesTest.dll" adapterTypeName="Microsoft.VisualStudio.TestTools.TestTypes.Unit.UnitTestAdapter" className="ExercisesTest.ExB5Test" name="ExB5_TestWithRandomPositiveNumber" />
    </UnitTest>
    <UnitTest name="ExB5_TestWithRandomNegativeNumber" storage="y:\desktop\csexercises\exercisestest\bin\debug\exercisestest.dll" id="56a6c058-ff64-0a54-1bb8-aba4833eba62">
      <Execution id="2084cc4f-db65-43f3-9a15-38c894ebf400" />
      <TestMethod codeBase="Y:\Desktop\CSExercises\ExercisesTest\bin\Debug\ExercisesTest.dll" adapterTypeName="Microsoft.VisualStudio.TestTools.TestTypes.Unit.UnitTestAdapter" className="ExercisesTest.ExB5Test" name="ExB5_TestWithRandomNegativeNumber" />
    </UnitTest>
  </TestDefinitions>
  <TestEntries>
    <TestEntry testId="159ba622-1904-2602-2526-72a12ffa196f" executionId="d21d10e7-0721-499d-bff3-e555340cd3d0" testListId="8c84fa94-04c1-424b-9868-57a2d4851a1d" />
    <TestEntry testId="4ce714ee-0184-d714-c26f-c0f025b421a2" executionId="c025b222-2a13-411d-8dd0-bb24aa688f03" testListId="8c84fa94-04c1-424b-9868-57a2d4851a1d" />
    <TestEntry testId="56a6c058-ff64-0a54-1bb8-aba4833eba62" executionId="2084cc4f-db65-43f3-9a15-38c894ebf400" testListId="8c84fa94-04c1-424b-9868-57a2d4851a1d" />
  </TestEntries>
  <TestLists>
    <TestList name="Results Not in a List" id="8c84fa94-04c1-424b-9868-57a2d4851a1d" />
    <TestList name="All Loaded Results" id="19431567-8539-422a-85d7-44ee4e166bda" />
  </TestLists>
  <ResultSummary outcome="Failed">
    <Counters total="3" executed="3" passed="1" failed="2" error="0" timeout="0" aborted="0" inconclusive="0" passedButRunAborted="0" notRunnable="0" notExecuted="0" disconnected="0" warning="0" completed="0" inProgress="0" pending="0" />
  </ResultSummary>
</TestRun>﻿<?xml version="1.0" encoding="UTF-8"?>
<TestRun id="f0d1d3c9-6a66-4cb8-afe8-cf48d9aeaa79" name="zanaanuar@ZANAANUAR1564 2016-08-14 19:24:03" runUser="ZANAANUAR1564\zanaanuar" xmlns="http://microsoft.com/schemas/VisualStudio/TeamTest/2010">
  <Times creation="2016-08-14T19:24:03.7506500+08:00" queuing="2016-08-14T19:24:03.7506500+08:00" start="2016-08-14T19:24:03.7545765+08:00" finish="2016-08-14T19:24:03.7995736+08:00" />
  <TestSettings name="default" id="d113413b-0d42-4d47-920c-73154889ad91">
    <Execution>
      <TestTypeSpecific />
    </Execution>
    <Deployment runDeploymentRoot="zanaanuar_ZANAANUAR1564 2016-08-14 19_24_03" />
    <Properties />
  </TestSettings>
  <Results>
    <UnitTestResult executionId="e1e6eff6-a8e4-4bce-90f6-ae85786b4cd0" testId="521f27a5-8565-5e7d-7db9-96f0742480e4" testName="ExB4_TestWithZero" computerName="ZANAANUAR1564" duration="00:00:00.0097972" startTime="2016-08-14T19:24:03.6645730+08:00" endTime="2016-08-14T19:24:03.7047030+08:00" testType="13cdc9d9-ddb5-4fa4-a97d-d965ccfc6d4b" outcome="Passed" testListId="8c84fa94-04c1-424b-9868-57a2d4851a1d" relativeResultsDirectory="e1e6eff6-a8e4-4bce-90f6-ae85786b4cd0">
      <Output>
        <StdOut>Debug Trace:
0
32</StdOut>
      </Output>
    </UnitTestResult>
    <UnitTestResult executionId="6e4da820-dfea-4693-bac5-2ef9bfe0e0a4" testId="d3c73420-c493-2580-26b5-713efb8af071" testName="ExB4_TestWithRandomPositiveNumber" computerName="ZANAANUAR1564" duration="00:00:00.0002338" startTime="2016-08-14T19:24:03.7147043+08:00" endTime="2016-08-14T19:24:03.7147043+08:00" testType="13cdc9d9-ddb5-4fa4-a97d-d965ccfc6d4b" outcome="Passed" testListId="8c84fa94-04c1-424b-9868-57a2d4851a1d" relativeResultsDirectory="6e4da820-dfea-4693-bac5-2ef9bfe0e0a4">
      <Output>
        <StdOut>Debug Trace:
85
185</StdOut>
      </Output>
    </UnitTestResult>
    <UnitTestResult executionId="f8ec1cc9-6779-4b72-8827-3d13449bee18" testId="07543d53-3299-9504-fc22-6f3224244293" testName="ExB4_TestWithRandomNegativeNumber" computerName="ZANAANUAR1564" duration="00:00:00.0002186" startTime="2016-08-14T19:24:03.7147043+08:00" endTime="2016-08-14T19:24:03.7157095+08:00" testType="13cdc9d9-ddb5-4fa4-a97d-d965ccfc6d4b" outcome="Passed" testListId="8c84fa94-04c1-424b-9868-57a2d4851a1d" relativeResultsDirectory="f8ec1cc9-6779-4b72-8827-3d13449bee18">
      <Output>
        <StdOut>Debug Trace:
-16
3.2</StdOut>
      </Output>
    </UnitTestResult>
  </Results>
  <TestDefinitions>
    <UnitTest name="ExB4_TestWithZero" storage="y:\desktop\csexercises\exercisestest\bin\debug\exercisestest.dll" id="521f27a5-8565-5e7d-7db9-96f0742480e4">
      <Execution id="e1e6eff6-a8e4-4bce-90f6-ae85786b4cd0" />
      <TestMethod codeBase="Y:\Desktop\CSExercises\ExercisesTest\bin\Debug\ExercisesTest.dll" adapterTypeName="Microsoft.VisualStudio.TestTools.TestTypes.Unit.UnitTestAdapter" className="ExercisesTest.ExB4Test" name="ExB4_TestWithZero" />
    </UnitTest>
    <UnitTest name="ExB4_TestWithRandomPositiveNumber" storage="y:\desktop\csexercises\exercisestest\bin\debug\exercisestest.dll" id="d3c73420-c493-2580-26b5-713efb8af071">
      <Execution id="6e4da820-dfea-4693-bac5-2ef9bfe0e0a4" />
      <TestMethod codeBase="Y:\Desktop\CSExercises\ExercisesTest\bin\Debug\ExercisesTest.dll" adapterTypeName="Microsoft.VisualStudio.TestTools.TestTypes.Unit.UnitTestAdapter" className="ExercisesTest.ExB4Test" name="ExB4_TestWithRandomPositiveNumber" />
    </UnitTest>
    <UnitTest name="ExB4_TestWithRandomNegativeNumber" storage="y:\desktop\csexercises\exercisestest\bin\debug\exercisestest.dll" id="07543d53-3299-9504-fc22-6f3224244293">
      <Execution id="f8ec1cc9-6779-4b72-8827-3d13449bee18" />
      <TestMethod codeBase="Y:\Desktop\CSExercises\ExercisesTest\bin\Debug\ExercisesTest.dll" adapterTypeName="Microsoft.VisualStudio.TestTools.TestTypes.Unit.UnitTestAdapter" className="ExercisesTest.ExB4Test" name="ExB4_TestWithRandomNegativeNumber" />
    </UnitTest>
  </TestDefinitions>
  <TestEntries>
    <TestEntry testId="521f27a5-8565-5e7d-7db9-96f0742480e4" executionId="e1e6eff6-a8e4-4bce-90f6-ae85786b4cd0" testListId="8c84fa94-04c1-424b-9868-57a2d4851a1d" />
    <TestEntry testId="d3c73420-c493-2580-26b5-713efb8af071" executionId="6e4da820-dfea-4693-bac5-2ef9bfe0e0a4" testListId="8c84fa94-04c1-424b-9868-57a2d4851a1d" />
    <TestEntry testId="07543d53-3299-9504-fc22-6f3224244293" executionId="f8ec1cc9-6779-4b72-8827-3d13449bee18" testListId="8c84fa94-04c1-424b-9868-57a2d4851a1d" />
  </TestEntries>
  <TestLists>
    <TestList name="Results Not in a List" id="8c84fa94-04c1-424b-9868-57a2d4851a1d" />
    <TestList name="All Loaded Results" id="19431567-8539-422a-85d7-44ee4e166bda" />
  </TestLists>
  <ResultSummary outcome="Completed">
    <Counters total="3" executed="3" passed="3" failed="0" error="0" timeout="0" aborted="0" inconclusive="0" passedButRunAborted="0" notRunnable="0" notExecuted="0" disconnected="0" warning="0" completed="0" inProgress="0" pending="0" />
  </ResultSummary>
</TestRun>﻿<?xml version="1.0" encoding="UTF-8"?>
<TestRun id="6080db04-e4a9-4dfa-bc81-89a79c52a461" name="zanaanuar@ZANAANUAR1564 2016-08-14 19:24:07" runUser="ZANAANUAR1564\zanaanuar" xmlns="http://microsoft.com/schemas/VisualStudio/TeamTest/2010">
  <Times creation="2016-08-14T19:24:07.6157038+08:00" queuing="2016-08-14T19:24:07.6157038+08:00" start="2016-08-14T19:24:07.6197047+08:00" finish="2016-08-14T19:24:07.6607752+08:00" />
  <TestSettings name="default" id="5889d2dc-87de-4b83-b0cc-d1299941d021">
    <Execution>
      <TestTypeSpecific />
    </Execution>
    <Deployment runDeploymentRoot="zanaanuar_ZANAANUAR1564 2016-08-14 19_24_07" />
    <Properties />
  </TestSettings>
  <Results>
    <UnitTestResult executionId="2c4a2e2c-49e5-4ae7-88e0-58716108c552" testId="547d9154-166e-a709-4ab7-dbf01b9db8a0" testName="ExB3_TestWithZero" computerName="ZANAANUAR1564" duration="00:00:00.0093145" startTime="2016-08-14T19:24:07.5305734+08:00" endTime="2016-08-14T19:24:07.5717007+08:00" testType="13cdc9d9-ddb5-4fa4-a97d-d965ccfc6d4b" outcome="Passed" testListId="8c84fa94-04c1-424b-9868-57a2d4851a1d" relativeResultsDirectory="2c4a2e2c-49e5-4ae7-88e0-58716108c552">
      <Output>
        <StdOut>Debug Trace:
0
$0.00</StdOut>
      </Output>
    </UnitTestResult>
    <UnitTestResult executionId="0b9d66b7-279e-48ae-9276-c9030730d780" testId="ff06b2a1-aac2-2828-23bf-4e83c2715f17" testName="ExB3_TestWithRandomNumber" computerName="ZANAANUAR1564" duration="00:00:00.0002439" startTime="2016-08-14T19:24:07.5816794+08:00" endTime="2016-08-14T19:24:07.5816794+08:00" testType="13cdc9d9-ddb5-4fa4-a97d-d965ccfc6d4b" outcome="Passed" testListId="8c84fa94-04c1-424b-9868-57a2d4851a1d" relativeResultsDirectory="0b9d66b7-279e-48ae-9276-c9030730d780">
      <Output>
        <StdOut>Debug Trace:
89
$100.57</StdOut>
      </Output>
    </UnitTestResult>
  </Results>
  <TestDefinitions>
    <UnitTest name="ExB3_TestWithZero" storage="y:\desktop\csexercises\exercisestest\bin\debug\exercisestest.dll" id="547d9154-166e-a709-4ab7-dbf01b9db8a0">
      <Execution id="2c4a2e2c-49e5-4ae7-88e0-58716108c552" />
      <TestMethod codeBase="Y:\Desktop\CSExercises\ExercisesTest\bin\Debug\ExercisesTest.dll" adapterTypeName="Microsoft.VisualStudio.TestTools.TestTypes.Unit.UnitTestAdapter" className="ExercisesTest.ExB3Test" name="ExB3_TestWithZero" />
    </UnitTest>
    <UnitTest name="ExB3_TestWithRandomNumber" storage="y:\desktop\csexercises\exercisestest\bin\debug\exercisestest.dll" id="ff06b2a1-aac2-2828-23bf-4e83c2715f17">
      <Execution id="0b9d66b7-279e-48ae-9276-c9030730d780" />
      <TestMethod codeBase="Y:\Desktop\CSExercises\ExercisesTest\bin\Debug\ExercisesTest.dll" adapterTypeName="Microsoft.VisualStudio.TestTools.TestTypes.Unit.UnitTestAdapter" className="ExercisesTest.ExB3Test" name="ExB3_TestWithRandomNumber" />
    </UnitTest>
  </TestDefinitions>
  <TestEntries>
    <TestEntry testId="547d9154-166e-a709-4ab7-dbf01b9db8a0" executionId="2c4a2e2c-49e5-4ae7-88e0-58716108c552" testListId="8c84fa94-04c1-424b-9868-57a2d4851a1d" />
    <TestEntry testId="ff06b2a1-aac2-2828-23bf-4e83c2715f17" executionId="0b9d66b7-279e-48ae-9276-c9030730d780" testListId="8c84fa94-04c1-424b-9868-57a2d4851a1d" />
  </TestEntries>
  <TestLists>
    <TestList name="Results Not in a List" id="8c84fa94-04c1-424b-9868-57a2d4851a1d" />
    <TestList name="All Loaded Results" id="19431567-8539-422a-85d7-44ee4e166bda" />
  </TestLists>
  <ResultSummary outcome="Completed">
    <Counters total="2" executed="2" passed="2" failed="0" error="0" timeout="0" aborted="0" inconclusive="0" passedButRunAborted="0" notRunnable="0" notExecuted="0" disconnected="0" warning="0" completed="0" inProgress="0" pending="0" />
  </ResultSummary>
</TestRun>﻿<?xml version="1.0" encoding="UTF-8"?>
<TestRun id="94a3ea11-6088-4b25-8f3c-f35094c7c77d" name="zanaanuar@ZANAANUAR1564 2016-08-14 19:24:11" runUser="ZANAANUAR1564\zanaanuar" xmlns="http://microsoft.com/schemas/VisualStudio/TeamTest/2010">
  <Times creation="2016-08-14T19:24:11.0587044+08:00" queuing="2016-08-14T19:24:11.0587044+08:00" start="2016-08-14T19:24:11.0626925+08:00" finish="2016-08-14T19:24:11.1055835+08:00" />
  <TestSettings name="default" id="e24fc867-fe62-4e07-af4d-534ddf5b65c9">
    <Execution>
      <TestTypeSpecific />
    </Execution>
    <Deployment runDeploymentRoot="zanaanuar_ZANAANUAR1564 2016-08-14 19_24_11" />
    <Properties />
  </TestSettings>
  <Results>
    <UnitTestResult executionId="1b383e1d-fc86-4a58-8cdc-1b05d292d7d7" testId="dd7a1cf7-7671-a70a-aef5-f365aedd4d0e" testName="ExB2_TestWithZero" computerName="ZANAANUAR1564" duration="00:00:00.0073748" startTime="2016-08-14T19:24:10.9755727+08:00" endTime="2016-08-14T19:24:11.0146991+08:00" testType="13cdc9d9-ddb5-4fa4-a97d-d965ccfc6d4b" outcome="Passed" testListId="8c84fa94-04c1-424b-9868-57a2d4851a1d" relativeResultsDirectory="1b383e1d-fc86-4a58-8cdc-1b05d292d7d7" />
    <UnitTestResult executionId="869cb25a-adc4-4c98-a966-978bc53a2c28" testId="1e6e95e5-93d0-8567-b766-24daa399e7a5" testName="ExB2_TestWithRandomNumber" computerName="ZANAANUAR1564" duration="00:00:00.0001408" startTime="2016-08-14T19:24:11.0247044+08:00" endTime="2016-08-14T19:24:11.0247044+08:00" testType="13cdc9d9-ddb5-4fa4-a97d-d965ccfc6d4b" outcome="Passed" testListId="8c84fa94-04c1-424b-9868-57a2d4851a1d" relativeResultsDirectory="869cb25a-adc4-4c98-a966-978bc53a2c28" />
  </Results>
  <TestDefinitions>
    <UnitTest name="ExB2_TestWithZero" storage="y:\desktop\csexercises\exercisestest\bin\debug\exercisestest.dll" id="dd7a1cf7-7671-a70a-aef5-f365aedd4d0e">
      <Execution id="1b383e1d-fc86-4a58-8cdc-1b05d292d7d7" />
      <TestMethod codeBase="Y:\Desktop\CSExercises\ExercisesTest\bin\Debug\ExercisesTest.dll" adapterTypeName="Microsoft.VisualStudio.TestTools.TestTypes.Unit.UnitTestAdapter" className="ExercisesTest.ExB2Test" name="ExB2_TestWithZero" />
    </UnitTest>
    <UnitTest name="ExB2_TestWithRandomNumber" storage="y:\desktop\csexercises\exercisestest\bin\debug\exercisestest.dll" id="1e6e95e5-93d0-8567-b766-24daa399e7a5">
      <Execution id="869cb25a-adc4-4c98-a966-978bc53a2c28" />
      <TestMethod codeBase="Y:\Desktop\CSExercises\ExercisesTest\bin\Debug\ExercisesTest.dll" adapterTypeName="Microsoft.VisualStudio.TestTools.TestTypes.Unit.UnitTestAdapter" className="ExercisesTest.ExB2Test" name="ExB2_TestWithRandomNumber" />
    </UnitTest>
  </TestDefinitions>
  <TestEntries>
    <TestEntry testId="dd7a1cf7-7671-a70a-aef5-f365aedd4d0e" executionId="1b383e1d-fc86-4a58-8cdc-1b05d292d7d7" testListId="8c84fa94-04c1-424b-9868-57a2d4851a1d" />
    <TestEntry testId="1e6e95e5-93d0-8567-b766-24daa399e7a5" executionId="869cb25a-adc4-4c98-a966-978bc53a2c28" testListId="8c84fa94-04c1-424b-9868-57a2d4851a1d" />
  </TestEntries>
  <TestLists>
    <TestList name="Results Not in a List" id="8c84fa94-04c1-424b-9868-57a2d4851a1d" />
    <TestList name="All Loaded Results" id="19431567-8539-422a-85d7-44ee4e166bda" />
  </TestLists>
  <ResultSummary outcome="Completed">
    <Counters total="2" executed="2" passed="2" failed="0" error="0" timeout="0" aborted="0" inconclusive="0" passedButRunAborted="0" notRunnable="0" notExecuted="0" disconnected="0" warning="0" completed="0" inProgress="0" pending="0" />
  </ResultSummary>
</TestRun>﻿<?xml version="1.0" encoding="UTF-8"?>
<TestRun id="9d0ce90e-2f9e-4b12-a4e0-0607c1ff6399" name="zanaanuar@ZANAANUAR1564 2016-08-14 19:24:16" runUser="ZANAANUAR1564\zanaanuar" xmlns="http://microsoft.com/schemas/VisualStudio/TeamTest/2010">
  <Times creation="2016-08-14T19:24:16.4705735+08:00" queuing="2016-08-14T19:24:16.4705735+08:00" start="2016-08-14T19:24:16.4736558+08:00" finish="2016-08-14T19:24:16.5155737+08:00" />
  <TestSettings name="default" id="5ee52732-5a70-4e90-91d1-234943395327">
    <Execution>
      <TestTypeSpecific />
    </Execution>
    <Deployment runDeploymentRoot="zanaanuar_ZANAANUAR1564 2016-08-14 19_24_16" />
    <Properties />
  </TestSettings>
  <Results>
    <UnitTestResult executionId="2c825caa-35b7-4733-a1a5-1781b2369e14" testId="928f0289-fc26-87c9-cbcc-7860f04c41e5" testName="ExB1_TestWithZero" computerName="ZANAANUAR1564" duration="00:00:00.0073821" startTime="2016-08-14T19:24:16.3875727+08:00" endTime="2016-08-14T19:24:16.4255730+08:00" testType="13cdc9d9-ddb5-4fa4-a97d-d965ccfc6d4b" outcome="Passed" testListId="8c84fa94-04c1-424b-9868-57a2d4851a1d" relativeResultsDirectory="2c825caa-35b7-4733-a1a5-1781b2369e14" />
    <UnitTestResult executionId="437b57a0-1db2-4360-a4ed-60e844e3217a" testId="cf3fce46-434f-4b13-6b4c-ced354dd07f6" testName="ExB1_TestWithRandomNumber" computerName="ZANAANUAR1564" duration="00:00:00.0001502" startTime="2016-08-14T19:24:16.4356984+08:00" endTime="2016-08-14T19:24:16.4356984+08:00" testType="13cdc9d9-ddb5-4fa4-a97d-d965ccfc6d4b" outcome="Passed" testListId="8c84fa94-04c1-424b-9868-57a2d4851a1d" relativeResultsDirectory="437b57a0-1db2-4360-a4ed-60e844e3217a" />
  </Results>
  <TestDefinitions>
    <UnitTest name="ExB1_TestWithZero" storage="y:\desktop\csexercises\exercisestest\bin\debug\exercisestest.dll" id="928f0289-fc26-87c9-cbcc-7860f04c41e5">
      <Execution id="2c825caa-35b7-4733-a1a5-1781b2369e14" />
      <TestMethod codeBase="Y:\Desktop\CSExercises\ExercisesTest\bin\Debug\ExercisesTest.dll" adapterTypeName="Microsoft.VisualStudio.TestTools.TestTypes.Unit.UnitTestAdapter" className="ExercisesTest.ExB1Test" name="ExB1_TestWithZero" />
    </UnitTest>
    <UnitTest name="ExB1_TestWithRandomNumber" storage="y:\desktop\csexercises\exercisestest\bin\debug\exercisestest.dll" id="cf3fce46-434f-4b13-6b4c-ced354dd07f6">
      <Execution id="437b57a0-1db2-4360-a4ed-60e844e3217a" />
      <TestMethod codeBase="Y:\Desktop\CSExercises\ExercisesTest\bin\Debug\ExercisesTest.dll" adapterTypeName="Microsoft.VisualStudio.TestTools.TestTypes.Unit.UnitTestAdapter" className="ExercisesTest.ExB1Test" name="ExB1_TestWithRandomNumber" />
    </UnitTest>
  </TestDefinitions>
  <TestEntries>
    <TestEntry testId="928f0289-fc26-87c9-cbcc-7860f04c41e5" executionId="2c825caa-35b7-4733-a1a5-1781b2369e14" testListId="8c84fa94-04c1-424b-9868-57a2d4851a1d" />
    <TestEntry testId="cf3fce46-434f-4b13-6b4c-ced354dd07f6" executionId="437b57a0-1db2-4360-a4ed-60e844e3217a" testListId="8c84fa94-04c1-424b-9868-57a2d4851a1d" />
  </TestEntries>
  <TestLists>
    <TestList name="Results Not in a List" id="8c84fa94-04c1-424b-9868-57a2d4851a1d" />
    <TestList name="All Loaded Results" id="19431567-8539-422a-85d7-44ee4e166bda" />
  </TestLists>
  <ResultSummary outcome="Completed">
    <Counters total="2" executed="2" passed="2" failed="0" error="0" timeout="0" aborted="0" inconclusive="0" passedButRunAborted="0" notRunnable="0" notExecuted="0" disconnected="0" warning="0" completed="0" inProgress="0" pending="0" />
  </ResultSummary>
</TestRun>﻿<?xml version="1.0" encoding="UTF-8"?>
<TestRun id="a63f3997-899a-46ba-8c23-6d967ad8033f" name="zanaanuar@ZANAANUAR1564 2016-08-14 19:24:29" runUser="ZANAANUAR1564\zanaanuar" xmlns="http://microsoft.com/schemas/VisualStudio/TeamTest/2010">
  <Times creation="2016-08-14T19:24:29.9567087+08:00" queuing="2016-08-14T19:24:29.9567087+08:00" start="2016-08-14T19:24:29.9597077+08:00" finish="2016-08-14T19:24:29.9975864+08:00" />
  <TestSettings name="default" id="541ab62a-76df-43e3-832d-8a93b734565d">
    <Execution>
      <TestTypeSpecific />
    </Execution>
    <Deployment runDeploymentRoot="zanaanuar_ZANAANUAR1564 2016-08-14 19_24_29" />
    <Properties />
  </TestSettings>
  <Results>
    <UnitTestResult executionId="b80f2e5a-8174-4318-9c2e-7b2063cec14a" testId="8d13645f-ace3-ee52-0b1f-b75f216a1c8a" testName="ExA2_TestWithAName" computerName="ZANAANUAR1564" duration="00:00:00.0089028" startTime="2016-08-14T19:24:29.8727029+08:00" endTime="2016-08-14T19:24:29.9115831+08:00" testType="13cdc9d9-ddb5-4fa4-a97d-d965ccfc6d4b" outcome="Passed" testListId="8c84fa94-04c1-424b-9868-57a2d4851a1d" relativeResultsDirectory="b80f2e5a-8174-4318-9c2e-7b2063cec14a">
      <Output>
        <StdOut>Debug Trace:
Good Morning John</StdOut>
      </Output>
    </UnitTestResult>
  </Results>
  <TestDefinitions>
    <UnitTest name="ExA2_TestWithAName" storage="y:\desktop\csexercises\exercisestest\bin\debug\exercisestest.dll" id="8d13645f-ace3-ee52-0b1f-b75f216a1c8a">
      <Execution id="b80f2e5a-8174-4318-9c2e-7b2063cec14a" />
      <TestMethod codeBase="Y:\Desktop\CSExercises\ExercisesTest\bin\Debug\ExercisesTest.dll" adapterTypeName="Microsoft.VisualStudio.TestTools.TestTypes.Unit.UnitTestAdapter" className="ExercisesTest.ExA2Test" name="ExA2_TestWithAName" />
    </UnitTest>
  </TestDefinitions>
  <TestEntries>
    <TestEntry testId="8d13645f-ace3-ee52-0b1f-b75f216a1c8a" executionId="b80f2e5a-8174-4318-9c2e-7b2063cec14a" testListId="8c84fa94-04c1-424b-9868-57a2d4851a1d" />
  </TestEntries>
  <TestLists>
    <TestList name="Results Not in a List" id="8c84fa94-04c1-424b-9868-57a2d4851a1d" />
    <TestList name="All Loaded Results" id="19431567-8539-422a-85d7-44ee4e166bda" />
  </TestLists>
  <ResultSummary outcome="Completed">
    <Counters total="1" executed="1" passed="1" failed="0" error="0" timeout="0" aborted="0" inconclusive="0" passedButRunAborted="0" notRunnable="0" notExecuted="0" disconnected="0" warning="0" completed="0" inProgress="0" pending="0" />
  </ResultSummary>
</TestRun>﻿<?xml version="1.0" encoding="UTF-8"?>
<TestRun id="3515aee8-346e-48a5-8ca3-5616a967f6c0" name="zanaanuar@ZANAANUAR1564 2016-08-14 19:24:33" runUser="ZANAANUAR1564\zanaanuar" xmlns="http://microsoft.com/schemas/VisualStudio/TeamTest/2010">
  <Times creation="2016-08-14T19:24:33.5076952+08:00" queuing="2016-08-14T19:24:33.5076952+08:00" start="2016-08-14T19:24:33.5117046+08:00" finish="2016-08-14T19:24:33.5547214+08:00" />
  <TestSettings name="default" id="935644fc-09ce-486d-b96d-de7ac9bca0d6">
    <Execution>
      <TestTypeSpecific />
    </Execution>
    <Deployment runDeploymentRoot="zanaanuar_ZANAANUAR1564 2016-08-14 19_24_33" />
    <Properties />
  </TestSettings>
  <Results>
    <UnitTestResult executionId="36fe57ec-882f-4482-bc51-a6ef58980a6b" testId="3e520c80-0f62-a07e-65c9-318f860f601b" testName="ExA3_SquareOf0" computerName="ZANAANUAR1564" duration="00:00:00.0074287" startTime="2016-08-14T19:24:33.4255727+08:00" endTime="2016-08-14T19:24:33.4637131+08:00" testType="13cdc9d9-ddb5-4fa4-a97d-d965ccfc6d4b" outcome="Passed" testListId="8c84fa94-04c1-424b-9868-57a2d4851a1d" relativeResultsDirectory="36fe57ec-882f-4482-bc51-a6ef58980a6b" />
    <UnitTestResult executionId="f90de758-3c23-4bd1-8cd7-2c5b8d185dec" testId="9335201e-0849-2837-cc1d-4fb4bfd54e5d" testName="ExA3_SquareOf10" computerName="ZANAANUAR1564" duration="00:00:00.0001052" startTime="2016-08-14T19:24:33.4735731+08:00" endTime="2016-08-14T19:24:33.4735731+08:00" testType="13cdc9d9-ddb5-4fa4-a97d-d965ccfc6d4b" outcome="Passed" testListId="8c84fa94-04c1-424b-9868-57a2d4851a1d" relativeResultsDirectory="f90de758-3c23-4bd1-8cd7-2c5b8d185dec" />
    <UnitTestResult executionId="4da4e9dc-8db4-443c-a490-3fa910c42dca" testId="2f4488dd-19dd-82ed-e8ad-8944a67ad6c6" testName="ExA3_SquareOfMin10" computerName="ZANAANUAR1564" duration="00:00:00.0000895" startTime="2016-08-14T19:24:33.4735731+08:00" endTime="2016-08-14T19:24:33.4735731+08:00" testType="13cdc9d9-ddb5-4fa4-a97d-d965ccfc6d4b" outcome="Passed" testListId="8c84fa94-04c1-424b-9868-57a2d4851a1d" relativeResultsDirectory="4da4e9dc-8db4-443c-a490-3fa910c42dca" />
  </Results>
  <TestDefinitions>
    <UnitTest name="ExA3_SquareOf0" storage="y:\desktop\csexercises\exercisestest\bin\debug\exercisestest.dll" id="3e520c80-0f62-a07e-65c9-318f860f601b">
      <Execution id="36fe57ec-882f-4482-bc51-a6ef58980a6b" />
      <TestMethod codeBase="Y:\Desktop\CSExercises\ExercisesTest\bin\Debug\ExercisesTest.dll" adapterTypeName="Microsoft.VisualStudio.TestTools.TestTypes.Unit.UnitTestAdapter" className="ExercisesTest.ExA3Test" name="ExA3_SquareOf0" />
    </UnitTest>
    <UnitTest name="ExA3_SquareOf10" storage="y:\desktop\csexercises\exercisestest\bin\debug\exercisestest.dll" id="9335201e-0849-2837-cc1d-4fb4bfd54e5d">
      <Execution id="f90de758-3c23-4bd1-8cd7-2c5b8d185dec" />
      <TestMethod codeBase="Y:\Desktop\CSExercises\ExercisesTest\bin\Debug\ExercisesTest.dll" adapterTypeName="Microsoft.VisualStudio.TestTools.TestTypes.Unit.UnitTestAdapter" className="ExercisesTest.ExA3Test" name="ExA3_SquareOf10" />
    </UnitTest>
    <UnitTest name="ExA3_SquareOfMin10" storage="y:\desktop\csexercises\exercisestest\bin\debug\exercisestest.dll" id="2f4488dd-19dd-82ed-e8ad-8944a67ad6c6">
      <Execution id="4da4e9dc-8db4-443c-a490-3fa910c42dca" />
      <TestMethod codeBase="Y:\Desktop\CSExercises\ExercisesTest\bin\Debug\ExercisesTest.dll" adapterTypeName="Microsoft.VisualStudio.TestTools.TestTypes.Unit.UnitTestAdapter" className="ExercisesTest.ExA3Test" name="ExA3_SquareOfMin10" />
    </UnitTest>
  </TestDefinitions>
  <TestEntries>
    <TestEntry testId="3e520c80-0f62-a07e-65c9-318f860f601b" executionId="36fe57ec-882f-4482-bc51-a6ef58980a6b" testListId="8c84fa94-04c1-424b-9868-57a2d4851a1d" />
    <TestEntry testId="9335201e-0849-2837-cc1d-4fb4bfd54e5d" executionId="f90de758-3c23-4bd1-8cd7-2c5b8d185dec" testListId="8c84fa94-04c1-424b-9868-57a2d4851a1d" />
    <TestEntry testId="2f4488dd-19dd-82ed-e8ad-8944a67ad6c6" executionId="4da4e9dc-8db4-443c-a490-3fa910c42dca" testListId="8c84fa94-04c1-424b-9868-57a2d4851a1d" />
  </TestEntries>
  <TestLists>
    <TestList name="Results Not in a List" id="8c84fa94-04c1-424b-9868-57a2d4851a1d" />
    <TestList name="All Loaded Results" id="19431567-8539-422a-85d7-44ee4e166bda" />
  </TestLists>
  <ResultSummary outcome="Completed">
    <Counters total="3" executed="3" passed="3" failed="0" error="0" timeout="0" aborted="0" inconclusive="0" passedButRunAborted="0" notRunnable="0" notExecuted="0" disconnected="0" warning="0" completed="0" inProgress="0" pending="0" />
  </ResultSummary>
</TestRun>﻿<?xml version="1.0" encoding="UTF-8"?>
<TestRun id="5257e2a6-472a-4582-a921-7871ec87c5f6" name="zanaanuar@ZANAANUAR1564 2016-08-14 19:24:36" runUser="ZANAANUAR1564\zanaanuar" xmlns="http://microsoft.com/schemas/VisualStudio/TeamTest/2010">
  <Times creation="2016-08-14T19:24:36.1506695+08:00" queuing="2016-08-14T19:24:36.1506695+08:00" start="2016-08-14T19:24:36.1537046+08:00" finish="2016-08-14T19:24:36.2016024+08:00" />
  <TestSettings name="default" id="0a7cfdef-c13d-4781-9989-c8e87ca9a821">
    <Execution>
      <TestTypeSpecific />
    </Execution>
    <Deployment runDeploymentRoot="zanaanuar_ZANAANUAR1564 2016-08-14 19_24_36" />
    <Properties />
  </TestSettings>
  <Results>
    <UnitTestResult executionId="329fdfc5-08c2-4a59-a237-870b77040cd5" testId="7c77c2c8-c4ae-c33d-b32c-0c27ea0a4ea6" testName="ExA4_SquareOf0" computerName="ZANAANUAR1564" duration="00:00:00.0082397" startTime="2016-08-14T19:24:36.0646549+08:00" endTime="2016-08-14T19:24:36.1047027+08:00" testType="13cdc9d9-ddb5-4fa4-a97d-d965ccfc6d4b" outcome="Passed" testListId="8c84fa94-04c1-424b-9868-57a2d4851a1d" relativeResultsDirectory="329fdfc5-08c2-4a59-a237-870b77040cd5" />
    <UnitTestResult executionId="be975c40-2828-46f8-8d03-5ba2cdc0fb5f" testId="06b9133f-4899-3a9e-2fb2-27c70cb6b199" testName="ExA4_SquareOf10" computerName="ZANAANUAR1564" duration="00:00:00.0001037" startTime="2016-08-14T19:24:36.1137033+08:00" endTime="2016-08-14T19:24:36.1147025+08:00" testType="13cdc9d9-ddb5-4fa4-a97d-d965ccfc6d4b" outcome="Passed" testListId="8c84fa94-04c1-424b-9868-57a2d4851a1d" relativeResultsDirectory="be975c40-2828-46f8-8d03-5ba2cdc0fb5f" />
    <UnitTestResult executionId="423e5d4b-458c-4707-84cc-896c5b60d886" testId="bb1830d4-461e-fe67-a1f1-5256b7d4a372" testName="ExA4_SquareOfMin10" computerName="ZANAANUAR1564" duration="00:00:00.0000867" startTime="2016-08-14T19:24:36.1147025+08:00" endTime="2016-08-14T19:24:36.1147025+08:00" testType="13cdc9d9-ddb5-4fa4-a97d-d965ccfc6d4b" outcome="Passed" testListId="8c84fa94-04c1-424b-9868-57a2d4851a1d" relativeResultsDirectory="423e5d4b-458c-4707-84cc-896c5b60d886" />
  </Results>
  <TestDefinitions>
    <UnitTest name="ExA4_SquareOf0" storage="y:\desktop\csexercises\exercisestest\bin\debug\exercisestest.dll" id="7c77c2c8-c4ae-c33d-b32c-0c27ea0a4ea6">
      <Execution id="329fdfc5-08c2-4a59-a237-870b77040cd5" />
      <TestMethod codeBase="Y:\Desktop\CSExercises\ExercisesTest\bin\Debug\ExercisesTest.dll" adapterTypeName="Microsoft.VisualStudio.TestTools.TestTypes.Unit.UnitTestAdapter" className="ExercisesTest.ExA4Test" name="ExA4_SquareOf0" />
    </UnitTest>
    <UnitTest name="ExA4_SquareOf10" storage="y:\desktop\csexercises\exercisestest\bin\debug\exercisestest.dll" id="06b9133f-4899-3a9e-2fb2-27c70cb6b199">
      <Execution id="be975c40-2828-46f8-8d03-5ba2cdc0fb5f" />
      <TestMethod codeBase="Y:\Desktop\CSExercises\ExercisesTest\bin\Debug\ExercisesTest.dll" adapterTypeName="Microsoft.VisualStudio.TestTools.TestTypes.Unit.UnitTestAdapter" className="ExercisesTest.ExA4Test" name="ExA4_SquareOf10" />
    </UnitTest>
    <UnitTest name="ExA4_SquareOfMin10" storage="y:\desktop\csexercises\exercisestest\bin\debug\exercisestest.dll" id="bb1830d4-461e-fe67-a1f1-5256b7d4a372">
      <Execution id="423e5d4b-458c-4707-84cc-896c5b60d886" />
      <TestMethod codeBase="Y:\Desktop\CSExercises\ExercisesTest\bin\Debug\ExercisesTest.dll" adapterTypeName="Microsoft.VisualStudio.TestTools.TestTypes.Unit.UnitTestAdapter" className="ExercisesTest.ExA4Test" name="ExA4_SquareOfMin10" />
    </UnitTest>
  </TestDefinitions>
  <TestEntries>
    <TestEntry testId="7c77c2c8-c4ae-c33d-b32c-0c27ea0a4ea6" executionId="329fdfc5-08c2-4a59-a237-870b77040cd5" testListId="8c84fa94-04c1-424b-9868-57a2d4851a1d" />
    <TestEntry testId="06b9133f-4899-3a9e-2fb2-27c70cb6b199" executionId="be975c40-2828-46f8-8d03-5ba2cdc0fb5f" testListId="8c84fa94-04c1-424b-9868-57a2d4851a1d" />
    <TestEntry testId="bb1830d4-461e-fe67-a1f1-5256b7d4a372" executionId="423e5d4b-458c-4707-84cc-896c5b60d886" testListId="8c84fa94-04c1-424b-9868-57a2d4851a1d" />
  </TestEntries>
  <TestLists>
    <TestList name="Results Not in a List" id="8c84fa94-04c1-424b-9868-57a2d4851a1d" />
    <TestList name="All Loaded Results" id="19431567-8539-422a-85d7-44ee4e166bda" />
  </TestLists>
  <ResultSummary outcome="Completed">
    <Counters total="3" executed="3" passed="3" failed="0" error="0" timeout="0" aborted="0" inconclusive="0" passedButRunAborted="0" notRunnable="0" notExecuted="0" disconnected="0" warning="0" completed="0" inProgress="0" pending="0" />
  </ResultSummary>
</TestRun>﻿<?xml version="1.0" encoding="UTF-8"?>
<TestRun id="f12e444c-ae3d-4b19-bc7f-5d9e0f06c2cd" name="zanaanuar@ZANAANUAR1564 2016-08-14 19:24:38" runUser="ZANAANUAR1564\zanaanuar" xmlns="http://microsoft.com/schemas/VisualStudio/TeamTest/2010">
  <Times creation="2016-08-14T19:24:38.9977081+08:00" queuing="2016-08-14T19:24:38.9977081+08:00" start="2016-08-14T19:24:39.0007042+08:00" finish="2016-08-14T19:24:39.0485728+08:00" />
  <TestSettings name="default" id="45ceb6a0-d4b2-41f4-a38f-754d96fdd725">
    <Execution>
      <TestTypeSpecific />
    </Execution>
    <Deployment runDeploymentRoot="zanaanuar_ZANAANUAR1564 2016-08-14 19_24_38" />
    <Properties />
  </TestSettings>
  <Results>
    <UnitTestResult executionId="36adb1e6-93f0-4513-9d45-3fd5d7b028a4" testId="76d0a13b-ab80-9522-b82c-80ef6e94b587" testName="ExA5_Case1" computerName="ZANAANUAR1564" duration="00:00:00.0092661" startTime="2016-08-14T19:24:38.9117156+08:00" endTime="2016-08-14T19:24:38.9527015+08:00" testType="13cdc9d9-ddb5-4fa4-a97d-d965ccfc6d4b" outcome="Passed" testListId="8c84fa94-04c1-424b-9868-57a2d4851a1d" relativeResultsDirectory="36adb1e6-93f0-4513-9d45-3fd5d7b028a4">
      <Output>
        <StdOut>Debug Trace:
100.1
100.10</StdOut>
      </Output>
    </UnitTestResult>
    <UnitTestResult executionId="96dea929-edb7-4278-b287-cb5df974a400" testId="22a0a7fb-7586-1091-0284-41aa8e900d3a" testName="ExA5_Case2" computerName="ZANAANUAR1564" duration="00:00:00.0001664" startTime="2016-08-14T19:24:38.9627037+08:00" endTime="2016-08-14T19:24:38.9627037+08:00" testType="13cdc9d9-ddb5-4fa4-a97d-d965ccfc6d4b" outcome="Passed" testListId="8c84fa94-04c1-424b-9868-57a2d4851a1d" relativeResultsDirectory="96dea929-edb7-4278-b287-cb5df974a400">
      <Output>
        <StdOut>Debug Trace:
0
0.00</StdOut>
      </Output>
    </UnitTestResult>
    <UnitTestResult executionId="729496bc-fdf0-4d2c-9621-35146f381057" testId="220c17f5-86fd-d612-976c-3a2f2514a9ee" testName="ExA5_Case3" computerName="ZANAANUAR1564" duration="00:00:00.0001247" startTime="2016-08-14T19:24:38.9627037+08:00" endTime="2016-08-14T19:24:38.9627037+08:00" testType="13cdc9d9-ddb5-4fa4-a97d-d965ccfc6d4b" outcome="Passed" testListId="8c84fa94-04c1-424b-9868-57a2d4851a1d" relativeResultsDirectory="729496bc-fdf0-4d2c-9621-35146f381057">
      <Output>
        <StdOut>Debug Trace:
3.232
3.23</StdOut>
      </Output>
    </UnitTestResult>
    <UnitTestResult executionId="04199e60-95a3-4d4b-a9cc-e11d0cf709f1" testId="eeda8489-f414-b738-730a-b86d9a065988" testName="ExA5_Case4" computerName="ZANAANUAR1564" duration="00:00:00.0001274" startTime="2016-08-14T19:24:38.9627037+08:00" endTime="2016-08-14T19:24:38.9637082+08:00" testType="13cdc9d9-ddb5-4fa4-a97d-d965ccfc6d4b" outcome="Passed" testListId="8c84fa94-04c1-424b-9868-57a2d4851a1d" relativeResultsDirectory="04199e60-95a3-4d4b-a9cc-e11d0cf709f1">
      <Output>
        <StdOut>Debug Trace:
4.555
4.56</StdOut>
      </Output>
    </UnitTestResult>
  </Results>
  <TestDefinitions>
    <UnitTest name="ExA5_Case1" storage="y:\desktop\csexercises\exercisestest\bin\debug\exercisestest.dll" id="76d0a13b-ab80-9522-b82c-80ef6e94b587">
      <Execution id="36adb1e6-93f0-4513-9d45-3fd5d7b028a4" />
      <TestMethod codeBase="Y:\Desktop\CSExercises\ExercisesTest\bin\Debug\ExercisesTest.dll" adapterTypeName="Microsoft.VisualStudio.TestTools.TestTypes.Unit.UnitTestAdapter" className="ExercisesTest.ExA5Test" name="ExA5_Case1" />
    </UnitTest>
    <UnitTest name="ExA5_Case2" storage="y:\desktop\csexercises\exercisestest\bin\debug\exercisestest.dll" id="22a0a7fb-7586-1091-0284-41aa8e900d3a">
      <Execution id="96dea929-edb7-4278-b287-cb5df974a400" />
      <TestMethod codeBase="Y:\Desktop\CSExercises\ExercisesTest\bin\Debug\ExercisesTest.dll" adapterTypeName="Microsoft.VisualStudio.TestTools.TestTypes.Unit.UnitTestAdapter" className="ExercisesTest.ExA5Test" name="ExA5_Case2" />
    </UnitTest>
    <UnitTest name="ExA5_Case3" storage="y:\desktop\csexercises\exercisestest\bin\debug\exercisestest.dll" id="220c17f5-86fd-d612-976c-3a2f2514a9ee">
      <Execution id="729496bc-fdf0-4d2c-9621-35146f381057" />
      <TestMethod codeBase="Y:\Desktop\CSExercises\ExercisesTest\bin\Debug\ExercisesTest.dll" adapterTypeName="Microsoft.VisualStudio.TestTools.TestTypes.Unit.UnitTestAdapter" className="ExercisesTest.ExA5Test" name="ExA5_Case3" />
    </UnitTest>
    <UnitTest name="ExA5_Case4" storage="y:\desktop\csexercises\exercisestest\bin\debug\exercisestest.dll" id="eeda8489-f414-b738-730a-b86d9a065988">
      <Execution id="04199e60-95a3-4d4b-a9cc-e11d0cf709f1" />
      <TestMethod codeBase="Y:\Desktop\CSExercises\ExercisesTest\bin\Debug\ExercisesTest.dll" adapterTypeName="Microsoft.VisualStudio.TestTools.TestTypes.Unit.UnitTestAdapter" className="ExercisesTest.ExA5Test" name="ExA5_Case4" />
    </UnitTest>
  </TestDefinitions>
  <TestEntries>
    <TestEntry testId="76d0a13b-ab80-9522-b82c-80ef6e94b587" executionId="36adb1e6-93f0-4513-9d45-3fd5d7b028a4" testListId="8c84fa94-04c1-424b-9868-57a2d4851a1d" />
    <TestEntry testId="22a0a7fb-7586-1091-0284-41aa8e900d3a" executionId="96dea929-edb7-4278-b287-cb5df974a400" testListId="8c84fa94-04c1-424b-9868-57a2d4851a1d" />
    <TestEntry testId="220c17f5-86fd-d612-976c-3a2f2514a9ee" executionId="729496bc-fdf0-4d2c-9621-35146f381057" testListId="8c84fa94-04c1-424b-9868-57a2d4851a1d" />
    <TestEntry testId="eeda8489-f414-b738-730a-b86d9a065988" executionId="04199e60-95a3-4d4b-a9cc-e11d0cf709f1" testListId="8c84fa94-04c1-424b-9868-57a2d4851a1d" />
  </TestEntries>
  <TestLists>
    <TestList name="Results Not in a List" id="8c84fa94-04c1-424b-9868-57a2d4851a1d" />
    <TestList name="All Loaded Results" id="19431567-8539-422a-85d7-44ee4e166bda" />
  </TestLists>
  <ResultSummary outcome="Completed">
    <Counters total="4" executed="4" passed="4" failed="0" error="0" timeout="0" aborted="0" inconclusive="0" passedButRunAborted="0" notRunnable="0" notExecuted="0" disconnected="0" warning="0" completed="0" inProgress="0" pending="0" />
  </ResultSummary>
</TestRun>﻿<?xml version="1.0" encoding="UTF-8"?>
<TestRun id="59d5212a-c2fc-42de-9a17-1cb49a8ede60" name="zanaanuar@ZANAANUAR1564 2016-08-14 19:26:26" runUser="ZANAANUAR1564\zanaanuar" xmlns="http://microsoft.com/schemas/VisualStudio/TeamTest/2010">
  <Times creation="2016-08-14T19:26:26.0637068+08:00" queuing="2016-08-14T19:26:26.0637068+08:00" start="2016-08-14T19:26:26.0667026+08:00" finish="2016-08-14T19:26:26.1365711+08:00" />
  <TestSettings name="default" id="43475e45-f2fb-4464-9a66-39be70165f8b">
    <Execution>
      <TestTypeSpecific />
    </Execution>
    <Deployment runDeploymentRoot="zanaanuar_ZANAANUAR1564 2016-08-14 19_26_26" />
    <Properties />
  </TestSettings>
  <Results>
    <UnitTestResult executionId="27ee9fe6-470f-4bc5-84f2-b021d957006d" testId="4d421191-ce69-78f3-5526-c5d9422be733" testName="ExB9TestWithZero" computerName="ZANAANUAR1564" duration="00:00:00.0195710" startTime="2016-08-14T19:26:25.9717063+08:00" endTime="2016-08-14T19:26:26.0215713+08:00" testType="13cdc9d9-ddb5-4fa4-a97d-d965ccfc6d4b" outcome="Failed" testListId="8c84fa94-04c1-424b-9868-57a2d4851a1d" relativeResultsDirectory="27ee9fe6-470f-4bc5-84f2-b021d957006d">
      <Output>
        <StdOut>Debug Trace:
0
2.4</StdOut>
        <ErrorInfo>
          <Message>Assert.AreEqual failed. Expected:&lt;2.40&gt;. Actual:&lt;2.4&gt;. Program output is different from the expected output.</Message>
          <StackTrace>   at ExercisesTest.TestHelper.AssertOutput(String expectedOutput) in \\mac\home\Desktop\CSExercises\ExercisesTest\TestHelper.cs:line 48
   at ExercisesTest.TestHelper.TestOutputEqual(Type t, String input, String output) in \\mac\home\Desktop\CSExercises\ExercisesTest\TestHelper.cs:line 97
   at ExercisesTest.ExB9Test.ExB9TestWithZero() in \\mac\home\Desktop\CSExercises\ExercisesTest\SectionB\ExB9Test.cs:line 13
</StackTrace>
        </ErrorInfo>
      </Output>
    </UnitTestResult>
    <UnitTestResult executionId="8723529e-7d0b-48f8-9f5f-6f7d9e3e0d7b" testId="2514325f-8396-182f-50e8-0dd4b88ec67a" testName="ExB9TestWithRandomPositiveNumber" computerName="ZANAANUAR1564" duration="00:00:00.0012307" startTime="2016-08-14T19:26:26.0325704+08:00" endTime="2016-08-14T19:26:26.0335717+08:00" testType="13cdc9d9-ddb5-4fa4-a97d-d965ccfc6d4b" outcome="Failed" testListId="8c84fa94-04c1-424b-9868-57a2d4851a1d" relativeResultsDirectory="8723529e-7d0b-48f8-9f5f-6f7d9e3e0d7b">
      <Output>
        <StdOut>Debug Trace:
25.01
12.5</StdOut>
        <ErrorInfo>
          <Message>Assert.AreEqual failed. Expected:&lt;12.50&gt;. Actual:&lt;12.5&gt;. Program output is different from the expected output.</Message>
          <StackTrace>   at ExercisesTest.TestHelper.AssertOutput(String expectedOutput) in \\mac\home\Desktop\CSExercises\ExercisesTest\TestHelper.cs:line 48
   at ExercisesTest.TestHelper.TestOutputEqual(Type t, String input, String output) in \\mac\home\Desktop\CSExercises\ExercisesTest\TestHelper.cs:line 97
   at ExercisesTest.ExB9Test.ExB9TestWithRandomPositiveNumber() in \\mac\home\Desktop\CSExercises\ExercisesTest\SectionB\ExB9Test.cs:line 23
</StackTrace>
        </ErrorInfo>
      </Output>
    </UnitTestResult>
  </Results>
  <TestDefinitions>
    <UnitTest name="ExB9TestWithZero" storage="y:\desktop\csexercises\exercisestest\bin\debug\exercisestest.dll" id="4d421191-ce69-78f3-5526-c5d9422be733">
      <Execution id="27ee9fe6-470f-4bc5-84f2-b021d957006d" />
      <TestMethod codeBase="Y:\Desktop\CSExercises\ExercisesTest\bin\Debug\ExercisesTest.dll" adapterTypeName="Microsoft.VisualStudio.TestTools.TestTypes.Unit.UnitTestAdapter" className="ExercisesTest.ExB9Test" name="ExB9TestWithZero" />
    </UnitTest>
    <UnitTest name="ExB9TestWithRandomPositiveNumber" storage="y:\desktop\csexercises\exercisestest\bin\debug\exercisestest.dll" id="2514325f-8396-182f-50e8-0dd4b88ec67a">
      <Execution id="8723529e-7d0b-48f8-9f5f-6f7d9e3e0d7b" />
      <TestMethod codeBase="Y:\Desktop\CSExercises\ExercisesTest\bin\Debug\ExercisesTest.dll" adapterTypeName="Microsoft.VisualStudio.TestTools.TestTypes.Unit.UnitTestAdapter" className="ExercisesTest.ExB9Test" name="ExB9TestWithRandomPositiveNumber" />
    </UnitTest>
  </TestDefinitions>
  <TestEntries>
    <TestEntry testId="4d421191-ce69-78f3-5526-c5d9422be733" executionId="27ee9fe6-470f-4bc5-84f2-b021d957006d" testListId="8c84fa94-04c1-424b-9868-57a2d4851a1d" />
    <TestEntry testId="2514325f-8396-182f-50e8-0dd4b88ec67a" executionId="8723529e-7d0b-48f8-9f5f-6f7d9e3e0d7b" testListId="8c84fa94-04c1-424b-9868-57a2d4851a1d" />
  </TestEntries>
  <TestLists>
    <TestList name="Results Not in a List" id="8c84fa94-04c1-424b-9868-57a2d4851a1d" />
    <TestList name="All Loaded Results" id="19431567-8539-422a-85d7-44ee4e166bda" />
  </TestLists>
  <ResultSummary outcome="Failed">
    <Counters total="2" executed="2" passed="0" failed="2" error="0" timeout="0" aborted="0" inconclusive="0" passedButRunAborted="0" notRunnable="0" notExecuted="0" disconnected="0" warning="0" completed="0" inProgress="0" pending="0" />
  </ResultSummary>
</TestRun>﻿<?xml version="1.0" encoding="UTF-8"?>
<TestRun id="aac4e21a-1f97-4c56-9ab8-cad0eb0f002a" name="zanaanuar@ZANAANUAR1564 2016-08-14 19:28:12" runUser="ZANAANUAR1564\zanaanuar" xmlns="http://microsoft.com/schemas/VisualStudio/TeamTest/2010">
  <Times creation="2016-08-14T19:28:12.2445707+08:00" queuing="2016-08-14T19:28:12.2445707+08:00" start="2016-08-14T19:28:12.2475684+08:00" finish="2016-08-14T19:28:12.3235717+08:00" />
  <TestSettings name="default" id="9cbfb84a-9a22-4f9c-b7fc-d5989326e459">
    <Execution>
      <TestTypeSpecific />
    </Execution>
    <Deployment runDeploymentRoot="zanaanuar_ZANAANUAR1564 2016-08-14 19_28_12" />
    <Properties />
  </TestSettings>
  <Results>
    <UnitTestResult executionId="164e92e9-8bd0-4b9e-8659-0ca940aea836" testId="61d166ef-4cfe-77e3-b543-897aca364290" testName="ExC1_TestWithMale" computerName="ZANAANUAR1564" duration="00:00:00.0195643" startTime="2016-08-14T19:28:12.1515692+08:00" endTime="2016-08-14T19:28:12.2026693+08:00" testType="13cdc9d9-ddb5-4fa4-a97d-d965ccfc6d4b" outcome="Failed" testListId="8c84fa94-04c1-424b-9868-57a2d4851a1d" relativeResultsDirectory="164e92e9-8bd0-4b9e-8659-0ca940aea836">
      <Output>
        <StdOut>Debug Trace:
Please enter your name: John Smith
Please enter your gender (M/F): M</StdOut>
        <ErrorInfo>
          <Message>Assert.AreEqual failed. Expected:&lt;good morning mr. john smith&gt;. Actual:&lt;please enter your gender (m/f):&gt;. Program output is different from the expected output.</Message>
          <StackTrace>   at ExercisesTest.TestHelper.AssertOutput(String expectedOutput) in \\mac\home\Desktop\CSExercises\ExercisesTest\TestHelper.cs:line 48
   at ExercisesTest.ExC1Test.ExC1_TestWithMale() in \\mac\home\Desktop\CSExercises\ExercisesTest\SectionC\ExC1Test.cs:line 15
</StackTrace>
        </ErrorInfo>
      </Output>
    </UnitTestResult>
    <UnitTestResult executionId="3a552e4d-35fc-4ee3-ad3e-6287345b5635" testId="f01da9c2-186f-f432-e2ea-a4bf6e6db11b" testName="ExC1_TestWithFemale" computerName="ZANAANUAR1564" duration="00:00:00.0010982" startTime="2016-08-14T19:28:12.2126840+08:00" endTime="2016-08-14T19:28:12.2137102+08:00" testType="13cdc9d9-ddb5-4fa4-a97d-d965ccfc6d4b" outcome="Failed" testListId="8c84fa94-04c1-424b-9868-57a2d4851a1d" relativeResultsDirectory="3a552e4d-35fc-4ee3-ad3e-6287345b5635">
      <Output>
        <StdOut>Debug Trace:
Please enter your name: Jane Austen
Please enter your gender (M/F): F</StdOut>
        <ErrorInfo>
          <Message>Assert.AreEqual failed. Expected:&lt;good morning ms. jane austen&gt;. Actual:&lt;please enter your gender (m/f):&gt;. Program output is different from the expected output.</Message>
          <StackTrace>   at ExercisesTest.TestHelper.AssertOutput(String expectedOutput) in \\mac\home\Desktop\CSExercises\ExercisesTest\TestHelper.cs:line 48
   at ExercisesTest.ExC1Test.ExC1_TestWithFemale() in \\mac\home\Desktop\CSExercises\ExercisesTest\SectionC\ExC1Test.cs:line 24
</StackTrace>
        </ErrorInfo>
      </Output>
    </UnitTestResult>
    <UnitTestResult executionId="03453d97-c5e5-4e8e-81c9-aafbfc1fa7a2" testId="437f057a-e785-23b6-2c3b-fdb00373c2ea" testName="ExC1_TestWithUnknown" computerName="ZANAANUAR1564" duration="00:00:00.0003816" startTime="2016-08-14T19:28:12.2137102+08:00" endTime="2016-08-14T19:28:12.2145703+08:00" testType="13cdc9d9-ddb5-4fa4-a97d-d965ccfc6d4b" outcome="Passed" testListId="8c84fa94-04c1-424b-9868-57a2d4851a1d" relativeResultsDirectory="03453d97-c5e5-4e8e-81c9-aafbfc1fa7a2">
      <Output>
        <StdOut>Debug Trace:
Please enter your name: Jane Austen
Please enter your gender (M/F): X</StdOut>
      </Output>
    </UnitTestResult>
  </Results>
  <TestDefinitions>
    <UnitTest name="ExC1_TestWithMale" storage="y:\desktop\csexercises\exercisestest\bin\debug\exercisestest.dll" id="61d166ef-4cfe-77e3-b543-897aca364290">
      <Execution id="164e92e9-8bd0-4b9e-8659-0ca940aea836" />
      <TestMethod codeBase="Y:\Desktop\CSExercises\ExercisesTest\bin\Debug\ExercisesTest.dll" adapterTypeName="Microsoft.VisualStudio.TestTools.TestTypes.Unit.UnitTestAdapter" className="ExercisesTest.ExC1Test" name="ExC1_TestWithMale" />
    </UnitTest>
    <UnitTest name="ExC1_TestWithFemale" storage="y:\desktop\csexercises\exercisestest\bin\debug\exercisestest.dll" id="f01da9c2-186f-f432-e2ea-a4bf6e6db11b">
      <Execution id="3a552e4d-35fc-4ee3-ad3e-6287345b5635" />
      <TestMethod codeBase="Y:\Desktop\CSExercises\ExercisesTest\bin\Debug\ExercisesTest.dll" adapterTypeName="Microsoft.VisualStudio.TestTools.TestTypes.Unit.UnitTestAdapter" className="ExercisesTest.ExC1Test" name="ExC1_TestWithFemale" />
    </UnitTest>
    <UnitTest name="ExC1_TestWithUnknown" storage="y:\desktop\csexercises\exercisestest\bin\debug\exercisestest.dll" id="437f057a-e785-23b6-2c3b-fdb00373c2ea">
      <Execution id="03453d97-c5e5-4e8e-81c9-aafbfc1fa7a2" />
      <TestMethod codeBase="Y:\Desktop\CSExercises\ExercisesTest\bin\Debug\ExercisesTest.dll" adapterTypeName="Microsoft.VisualStudio.TestTools.TestTypes.Unit.UnitTestAdapter" className="ExercisesTest.ExC1Test" name="ExC1_TestWithUnknown" />
    </UnitTest>
  </TestDefinitions>
  <TestEntries>
    <TestEntry testId="61d166ef-4cfe-77e3-b543-897aca364290" executionId="164e92e9-8bd0-4b9e-8659-0ca940aea836" testListId="8c84fa94-04c1-424b-9868-57a2d4851a1d" />
    <TestEntry testId="f01da9c2-186f-f432-e2ea-a4bf6e6db11b" executionId="3a552e4d-35fc-4ee3-ad3e-6287345b5635" testListId="8c84fa94-04c1-424b-9868-57a2d4851a1d" />
    <TestEntry testId="437f057a-e785-23b6-2c3b-fdb00373c2ea" executionId="03453d97-c5e5-4e8e-81c9-aafbfc1fa7a2" testListId="8c84fa94-04c1-424b-9868-57a2d4851a1d" />
  </TestEntries>
  <TestLists>
    <TestList name="Results Not in a List" id="8c84fa94-04c1-424b-9868-57a2d4851a1d" />
    <TestList name="All Loaded Results" id="19431567-8539-422a-85d7-44ee4e166bda" />
  </TestLists>
  <ResultSummary outcome="Failed">
    <Counters total="3" executed="3" passed="1" failed="2" error="0" timeout="0" aborted="0" inconclusive="0" passedButRunAborted="0" notRunnable="0" notExecuted="0" disconnected="0" warning="0" completed="0" inProgress="0" pending="0" />
  </ResultSummary>
</TestRun>﻿<?xml version="1.0" encoding="UTF-8"?>
<TestRun id="b4c88138-b221-4bd2-a867-2dc781b25891" name="zanaanuar@ZANAANUAR1564 2016-08-14 19:28:15" runUser="ZANAANUAR1564\zanaanuar" xmlns="http://microsoft.com/schemas/VisualStudio/TeamTest/2010">
  <Times creation="2016-08-14T19:28:15.3927041+08:00" queuing="2016-08-14T19:28:15.3927041+08:00" start="2016-08-14T19:28:15.3965680+08:00" finish="2016-08-14T19:28:15.4745778+08:00" />
  <TestSettings name="default" id="0e7f81d1-f90e-4aba-95f6-0e6515cb3328">
    <Execution>
      <TestTypeSpecific />
    </Execution>
    <Deployment runDeploymentRoot="zanaanuar_ZANAANUAR1564 2016-08-14 19_28_15" />
    <Properties />
  </TestSettings>
  <Results>
    <UnitTestResult executionId="137af831-15aa-42c6-b6c4-dd24a60ef450" testId="66b3003b-1aa8-40bb-c162-a94b6568685b" testName="ExC4_TestWithZero" computerName="ZANAANUAR1564" duration="00:00:00.0174258" startTime="2016-08-14T19:28:15.3007054+08:00" endTime="2016-08-14T19:28:15.3485691+08:00" testType="13cdc9d9-ddb5-4fa4-a97d-d965ccfc6d4b" outcome="Failed" testListId="8c84fa94-04c1-424b-9868-57a2d4851a1d" relativeResultsDirectory="137af831-15aa-42c6-b6c4-dd24a60ef450">
      <Output>
        <ErrorInfo>
          <Message>Assert.AreEqual failed. Expected:&lt;2.4&gt;. Actual:&lt;0&gt;. </Message>
          <StackTrace>   at ExercisesTest.ExC4Test.ExC4_TestWithZero() in \\mac\home\Desktop\CSExercises\ExercisesTest\SectionC\ExC4Test.cs:line 13
</StackTrace>
        </ErrorInfo>
      </Output>
    </UnitTestResult>
    <UnitTestResult executionId="8ad45338-c3ae-4fe2-bed5-771827aed8df" testId="b31774ee-007b-47f0-8e32-c6031c54d16f" testName="ExC4TestWithHalf" computerName="ZANAANUAR1564" duration="00:00:00.0009558" startTime="2016-08-14T19:28:15.3595680+08:00" endTime="2016-08-14T19:28:15.3605972+08:00" testType="13cdc9d9-ddb5-4fa4-a97d-d965ccfc6d4b" outcome="Failed" testListId="8c84fa94-04c1-424b-9868-57a2d4851a1d" relativeResultsDirectory="8ad45338-c3ae-4fe2-bed5-771827aed8df">
      <Output>
        <ErrorInfo>
          <Message>Assert.AreEqual failed. Expected:&lt;2.4&gt;. Actual:&lt;0&gt;. </Message>
          <StackTrace>   at ExercisesTest.ExC4Test.ExC4TestWithHalf() in \\mac\home\Desktop\CSExercises\ExercisesTest\SectionC\ExC4Test.cs:line 20
</StackTrace>
        </ErrorInfo>
      </Output>
    </UnitTestResult>
    <UnitTestResult executionId="32bd42d9-dbb3-4785-8421-85baa3f0ef7f" testId="27d651a7-a3b9-7a3a-3e05-60be06064821" testName="ExC4Test9Km" computerName="ZANAANUAR1564" duration="00:00:00.0009973" startTime="2016-08-14T19:28:15.3605972+08:00" endTime="2016-08-14T19:28:15.3615714+08:00" testType="13cdc9d9-ddb5-4fa4-a97d-d965ccfc6d4b" outcome="Failed" testListId="8c84fa94-04c1-424b-9868-57a2d4851a1d" relativeResultsDirectory="32bd42d9-dbb3-4785-8421-85baa3f0ef7f">
      <Output>
        <ErrorInfo>
          <Message>Assert.AreEqual failed. Expected:&lt;5.8&gt;. Actual:&lt;0&gt;. </Message>
          <StackTrace>   at ExercisesTest.ExC4Test.ExC4Test9Km() in \\mac\home\Desktop\CSExercises\ExercisesTest\SectionC\ExC4Test.cs:line 26
</StackTrace>
        </ErrorInfo>
      </Output>
    </UnitTestResult>
    <UnitTestResult executionId="1d93a25a-7e53-4a06-b8fe-3fd43ce134c6" testId="99cc52e4-4ede-d6f1-699a-639a70caf19e" testName="ExC4Test1213Km" computerName="ZANAANUAR1564" duration="00:00:00.0009296" startTime="2016-08-14T19:28:15.3615714+08:00" endTime="2016-08-14T19:28:15.3625709+08:00" testType="13cdc9d9-ddb5-4fa4-a97d-d965ccfc6d4b" outcome="Failed" testListId="8c84fa94-04c1-424b-9868-57a2d4851a1d" relativeResultsDirectory="1d93a25a-7e53-4a06-b8fe-3fd43ce134c6">
      <Output>
        <ErrorInfo>
          <Message>Assert.AreEqual failed. Expected:&lt;7.4&gt;. Actual:&lt;0&gt;. </Message>
          <StackTrace>   at ExercisesTest.ExC4Test.ExC4Test1213Km() in \\mac\home\Desktop\CSExercises\ExercisesTest\SectionC\ExC4Test.cs:line 33
</StackTrace>
        </ErrorInfo>
      </Output>
    </UnitTestResult>
  </Results>
  <TestDefinitions>
    <UnitTest name="ExC4_TestWithZero" storage="y:\desktop\csexercises\exercisestest\bin\debug\exercisestest.dll" id="66b3003b-1aa8-40bb-c162-a94b6568685b">
      <Execution id="137af831-15aa-42c6-b6c4-dd24a60ef450" />
      <TestMethod codeBase="Y:\Desktop\CSExercises\ExercisesTest\bin\Debug\ExercisesTest.dll" adapterTypeName="Microsoft.VisualStudio.TestTools.TestTypes.Unit.UnitTestAdapter" className="ExercisesTest.ExC4Test" name="ExC4_TestWithZero" />
    </UnitTest>
    <UnitTest name="ExC4TestWithHalf" storage="y:\desktop\csexercises\exercisestest\bin\debug\exercisestest.dll" id="b31774ee-007b-47f0-8e32-c6031c54d16f">
      <Execution id="8ad45338-c3ae-4fe2-bed5-771827aed8df" />
      <TestMethod codeBase="Y:\Desktop\CSExercises\ExercisesTest\bin\Debug\ExercisesTest.dll" adapterTypeName="Microsoft.VisualStudio.TestTools.TestTypes.Unit.UnitTestAdapter" className="ExercisesTest.ExC4Test" name="ExC4TestWithHalf" />
    </UnitTest>
    <UnitTest name="ExC4Test9Km" storage="y:\desktop\csexercises\exercisestest\bin\debug\exercisestest.dll" id="27d651a7-a3b9-7a3a-3e05-60be06064821">
      <Execution id="32bd42d9-dbb3-4785-8421-85baa3f0ef7f" />
      <TestMethod codeBase="Y:\Desktop\CSExercises\ExercisesTest\bin\Debug\ExercisesTest.dll" adapterTypeName="Microsoft.VisualStudio.TestTools.TestTypes.Unit.UnitTestAdapter" className="ExercisesTest.ExC4Test" name="ExC4Test9Km" />
    </UnitTest>
    <UnitTest name="ExC4Test1213Km" storage="y:\desktop\csexercises\exercisestest\bin\debug\exercisestest.dll" id="99cc52e4-4ede-d6f1-699a-639a70caf19e">
      <Execution id="1d93a25a-7e53-4a06-b8fe-3fd43ce134c6" />
      <TestMethod codeBase="Y:\Desktop\CSExercises\ExercisesTest\bin\Debug\ExercisesTest.dll" adapterTypeName="Microsoft.VisualStudio.TestTools.TestTypes.Unit.UnitTestAdapter" className="ExercisesTest.ExC4Test" name="ExC4Test1213Km" />
    </UnitTest>
  </TestDefinitions>
  <TestEntries>
    <TestEntry testId="66b3003b-1aa8-40bb-c162-a94b6568685b" executionId="137af831-15aa-42c6-b6c4-dd24a60ef450" testListId="8c84fa94-04c1-424b-9868-57a2d4851a1d" />
    <TestEntry testId="b31774ee-007b-47f0-8e32-c6031c54d16f" executionId="8ad45338-c3ae-4fe2-bed5-771827aed8df" testListId="8c84fa94-04c1-424b-9868-57a2d4851a1d" />
    <TestEntry testId="27d651a7-a3b9-7a3a-3e05-60be06064821" executionId="32bd42d9-dbb3-4785-8421-85baa3f0ef7f" testListId="8c84fa94-04c1-424b-9868-57a2d4851a1d" />
    <TestEntry testId="99cc52e4-4ede-d6f1-699a-639a70caf19e" executionId="1d93a25a-7e53-4a06-b8fe-3fd43ce134c6" testListId="8c84fa94-04c1-424b-9868-57a2d4851a1d" />
  </TestEntries>
  <TestLists>
    <TestList name="Results Not in a List" id="8c84fa94-04c1-424b-9868-57a2d4851a1d" />
    <TestList name="All Loaded Results" id="19431567-8539-422a-85d7-44ee4e166bda" />
  </TestLists>
  <ResultSummary outcome="Failed">
    <Counters total="4" executed="4" passed="0" failed="4" error="0" timeout="0" aborted="0" inconclusive="0" passedButRunAborted="0" notRunnable="0" notExecuted="0" disconnected="0" warning="0" completed="0" inProgress="0" pending="0" />
  </ResultSummary>
</TestRun>﻿<?xml version="1.0" encoding="UTF-8"?>
<TestRun id="fc82c6c1-e0c0-46c3-8a2b-cb8600c7b741" name="zanaanuar@ZANAANUAR1564 2016-08-14 19:28:34" runUser="ZANAANUAR1564\zanaanuar" xmlns="http://microsoft.com/schemas/VisualStudio/TeamTest/2010">
  <Times creation="2016-08-14T19:28:34.9566983+08:00" queuing="2016-08-14T19:28:34.9566983+08:00" start="2016-08-14T19:28:34.9606744+08:00" finish="2016-08-14T19:28:35.0355844+08:00" />
  <TestSettings name="default" id="e42c492d-4ae1-4f20-9e5d-788127747ee3">
    <Execution>
      <TestTypeSpecific />
    </Execution>
    <Deployment runDeploymentRoot="zanaanuar_ZANAANUAR1564 2016-08-14 19_28_34" />
    <Properties />
  </TestSettings>
  <Results>
    <UnitTestResult executionId="e1c16d3b-99dc-4e6a-87b6-6ab3b80aed90" testId="159ba622-1904-2602-2526-72a12ffa196f" testName="ExB5_TestWithZero" computerName="ZANAANUAR1564" duration="00:00:00.0104152" startTime="2016-08-14T19:28:34.8615686+08:00" endTime="2016-08-14T19:28:34.9045682+08:00" testType="13cdc9d9-ddb5-4fa4-a97d-d965ccfc6d4b" outcome="Passed" testListId="8c84fa94-04c1-424b-9868-57a2d4851a1d" relativeResultsDirectory="e1c16d3b-99dc-4e6a-87b6-6ab3b80aed90">
      <Output>
        <StdOut>Debug Trace:
0
3</StdOut>
      </Output>
    </UnitTestResult>
    <UnitTestResult executionId="a2a1ea05-0b88-421e-927f-ab63ef2e7bbe" testId="4ce714ee-0184-d714-c26f-c0f025b421a2" testName="ExB5_TestWithRandomPositiveNumber" computerName="ZANAANUAR1564" duration="00:00:00.0095346" startTime="2016-08-14T19:28:34.9146964+08:00" endTime="2016-08-14T19:28:34.9245664+08:00" testType="13cdc9d9-ddb5-4fa4-a97d-d965ccfc6d4b" outcome="Failed" testListId="8c84fa94-04c1-424b-9868-57a2d4851a1d" relativeResultsDirectory="a2a1ea05-0b88-421e-927f-ab63ef2e7bbe">
      <Output>
        <StdOut>Debug Trace:
17
1380</StdOut>
        <ErrorInfo>
          <Message>Assert.AreEqual failed. Expected:&lt;513&gt;. Actual:&lt;1380&gt;. Program output is different from the expected output.</Message>
          <StackTrace>   at ExercisesTest.TestHelper.AssertOutput(String expectedOutput) in \\mac\home\Desktop\CSExercises\ExercisesTest\TestHelper.cs:line 48
   at ExercisesTest.TestHelper.TestOutputEqual(Type t, String input, String output) in \\mac\home\Desktop\CSExercises\ExercisesTest\TestHelper.cs:line 97
   at ExercisesTest.ExB5Test.ExB5_TestWithRandomPositiveNumber() in \\mac\home\Desktop\CSExercises\ExercisesTest\SectionB\ExB5Test.cs:line 21
</StackTrace>
        </ErrorInfo>
      </Output>
    </UnitTestResult>
    <UnitTestResult executionId="7f394b85-271a-4130-9890-9b9f51ef9582" testId="56a6c058-ff64-0a54-1bb8-aba4833eba62" testName="ExB5_TestWithRandomNegativeNumber" computerName="ZANAANUAR1564" duration="00:00:00.0011572" startTime="2016-08-14T19:28:34.9245664+08:00" endTime="2016-08-14T19:28:34.9265649+08:00" testType="13cdc9d9-ddb5-4fa4-a97d-d965ccfc6d4b" outcome="Failed" testListId="8c84fa94-04c1-424b-9868-57a2d4851a1d" relativeResultsDirectory="7f394b85-271a-4130-9890-9b9f51ef9582">
      <Output>
        <StdOut>Debug Trace:
-84
35619</StdOut>
        <ErrorInfo>
          <Message>Assert.AreEqual failed. Expected:&lt;14451&gt;. Actual:&lt;35619&gt;. Program output is different from the expected output.</Message>
          <StackTrace>   at ExercisesTest.TestHelper.AssertOutput(String expectedOutput) in \\mac\home\Desktop\CSExercises\ExercisesTest\TestHelper.cs:line 48
   at ExercisesTest.TestHelper.TestOutputEqual(Type t, String input, String output) in \\mac\home\Desktop\CSExercises\ExercisesTest\TestHelper.cs:line 97
   at ExercisesTest.ExB5Test.ExB5_TestWithRandomNegativeNumber() in \\mac\home\Desktop\CSExercises\ExercisesTest\SectionB\ExB5Test.cs:line 29
</StackTrace>
        </ErrorInfo>
      </Output>
    </UnitTestResult>
  </Results>
  <TestDefinitions>
    <UnitTest name="ExB5_TestWithZero" storage="y:\desktop\csexercises\exercisestest\bin\debug\exercisestest.dll" id="159ba622-1904-2602-2526-72a12ffa196f">
      <Execution id="e1c16d3b-99dc-4e6a-87b6-6ab3b80aed90" />
      <TestMethod codeBase="Y:\Desktop\CSExercises\ExercisesTest\bin\Debug\ExercisesTest.dll" adapterTypeName="Microsoft.VisualStudio.TestTools.TestTypes.Unit.UnitTestAdapter" className="ExercisesTest.ExB5Test" name="ExB5_TestWithZero" />
    </UnitTest>
    <UnitTest name="ExB5_TestWithRandomPositiveNumber" storage="y:\desktop\csexercises\exercisestest\bin\debug\exercisestest.dll" id="4ce714ee-0184-d714-c26f-c0f025b421a2">
      <Execution id="a2a1ea05-0b88-421e-927f-ab63ef2e7bbe" />
      <TestMethod codeBase="Y:\Desktop\CSExercises\ExercisesTest\bin\Debug\ExercisesTest.dll" adapterTypeName="Microsoft.VisualStudio.TestTools.TestTypes.Unit.UnitTestAdapter" className="ExercisesTest.ExB5Test" name="ExB5_TestWithRandomPositiveNumber" />
    </UnitTest>
    <UnitTest name="ExB5_TestWithRandomNegativeNumber" storage="y:\desktop\csexercises\exercisestest\bin\debug\exercisestest.dll" id="56a6c058-ff64-0a54-1bb8-aba4833eba62">
      <Execution id="7f394b85-271a-4130-9890-9b9f51ef9582" />
      <TestMethod codeBase="Y:\Desktop\CSExercises\ExercisesTest\bin\Debug\ExercisesTest.dll" adapterTypeName="Microsoft.VisualStudio.TestTools.TestTypes.Unit.UnitTestAdapter" className="ExercisesTest.ExB5Test" name="ExB5_TestWithRandomNegativeNumber" />
    </UnitTest>
  </TestDefinitions>
  <TestEntries>
    <TestEntry testId="159ba622-1904-2602-2526-72a12ffa196f" executionId="e1c16d3b-99dc-4e6a-87b6-6ab3b80aed90" testListId="8c84fa94-04c1-424b-9868-57a2d4851a1d" />
    <TestEntry testId="4ce714ee-0184-d714-c26f-c0f025b421a2" executionId="a2a1ea05-0b88-421e-927f-ab63ef2e7bbe" testListId="8c84fa94-04c1-424b-9868-57a2d4851a1d" />
    <TestEntry testId="56a6c058-ff64-0a54-1bb8-aba4833eba62" executionId="7f394b85-271a-4130-9890-9b9f51ef9582" testListId="8c84fa94-04c1-424b-9868-57a2d4851a1d" />
  </TestEntries>
  <TestLists>
    <TestList name="Results Not in a List" id="8c84fa94-04c1-424b-9868-57a2d4851a1d" />
    <TestList name="All Loaded Results" id="19431567-8539-422a-85d7-44ee4e166bda" />
  </TestLists>
  <ResultSummary outcome="Failed">
    <Counters total="3" executed="3" passed="1" failed="2" error="0" timeout="0" aborted="0" inconclusive="0" passedButRunAborted="0" notRunnable="0" notExecuted="0" disconnected="0" warning="0" completed="0" inProgress="0" pending="0" />
  </ResultSummary>
</TestRun>﻿<?xml version="1.0" encoding="UTF-8"?>
<TestRun id="e6700fed-5864-44c6-8986-4cdf50dbbdea" name="zanaanuar@ZANAANUAR1564 2016-08-14 19:28:38" runUser="ZANAANUAR1564\zanaanuar" xmlns="http://microsoft.com/schemas/VisualStudio/TeamTest/2010">
  <Times creation="2016-08-14T19:28:38.6867032+08:00" queuing="2016-08-14T19:28:38.6867032+08:00" start="2016-08-14T19:28:38.6897017+08:00" finish="2016-08-14T19:28:38.7385682+08:00" />
  <TestSettings name="default" id="86b89e97-b5e0-4c8a-b43e-a4674d8796a9">
    <Execution>
      <TestTypeSpecific />
    </Execution>
    <Deployment runDeploymentRoot="zanaanuar_ZANAANUAR1564 2016-08-14 19_28_38" />
    <Properties />
  </TestSettings>
  <Results>
    <UnitTestResult executionId="76a8194a-4f1c-458b-a574-9342ac7b94fb" testId="521f27a5-8565-5e7d-7db9-96f0742480e4" testName="ExB4_TestWithZero" computerName="ZANAANUAR1564" duration="00:00:00.0096904" startTime="2016-08-14T19:28:38.6005654+08:00" endTime="2016-08-14T19:28:38.6407139+08:00" testType="13cdc9d9-ddb5-4fa4-a97d-d965ccfc6d4b" outcome="Passed" testListId="8c84fa94-04c1-424b-9868-57a2d4851a1d" relativeResultsDirectory="76a8194a-4f1c-458b-a574-9342ac7b94fb">
      <Output>
        <StdOut>Debug Trace:
0
32</StdOut>
      </Output>
    </UnitTestResult>
    <UnitTestResult executionId="46234c8b-d6a6-4ede-8e81-255769df00fb" testId="d3c73420-c493-2580-26b5-713efb8af071" testName="ExB4_TestWithRandomPositiveNumber" computerName="ZANAANUAR1564" duration="00:00:00.0002500" startTime="2016-08-14T19:28:38.6505655+08:00" endTime="2016-08-14T19:28:38.6517156+08:00" testType="13cdc9d9-ddb5-4fa4-a97d-d965ccfc6d4b" outcome="Passed" testListId="8c84fa94-04c1-424b-9868-57a2d4851a1d" relativeResultsDirectory="46234c8b-d6a6-4ede-8e81-255769df00fb">
      <Output>
        <StdOut>Debug Trace:
90
194</StdOut>
      </Output>
    </UnitTestResult>
    <UnitTestResult executionId="21ca12a2-4ce6-4b40-8939-a4790d080050" testId="07543d53-3299-9504-fc22-6f3224244293" testName="ExB4_TestWithRandomNegativeNumber" computerName="ZANAANUAR1564" duration="00:00:00.0001765" startTime="2016-08-14T19:28:38.6517156+08:00" endTime="2016-08-14T19:28:38.6517156+08:00" testType="13cdc9d9-ddb5-4fa4-a97d-d965ccfc6d4b" outcome="Passed" testListId="8c84fa94-04c1-424b-9868-57a2d4851a1d" relativeResultsDirectory="21ca12a2-4ce6-4b40-8939-a4790d080050">
      <Output>
        <StdOut>Debug Trace:
-11
12.2</StdOut>
      </Output>
    </UnitTestResult>
  </Results>
  <TestDefinitions>
    <UnitTest name="ExB4_TestWithZero" storage="y:\desktop\csexercises\exercisestest\bin\debug\exercisestest.dll" id="521f27a5-8565-5e7d-7db9-96f0742480e4">
      <Execution id="76a8194a-4f1c-458b-a574-9342ac7b94fb" />
      <TestMethod codeBase="Y:\Desktop\CSExercises\ExercisesTest\bin\Debug\ExercisesTest.dll" adapterTypeName="Microsoft.VisualStudio.TestTools.TestTypes.Unit.UnitTestAdapter" className="ExercisesTest.ExB4Test" name="ExB4_TestWithZero" />
    </UnitTest>
    <UnitTest name="ExB4_TestWithRandomPositiveNumber" storage="y:\desktop\csexercises\exercisestest\bin\debug\exercisestest.dll" id="d3c73420-c493-2580-26b5-713efb8af071">
      <Execution id="46234c8b-d6a6-4ede-8e81-255769df00fb" />
      <TestMethod codeBase="Y:\Desktop\CSExercises\ExercisesTest\bin\Debug\ExercisesTest.dll" adapterTypeName="Microsoft.VisualStudio.TestTools.TestTypes.Unit.UnitTestAdapter" className="ExercisesTest.ExB4Test" name="ExB4_TestWithRandomPositiveNumber" />
    </UnitTest>
    <UnitTest name="ExB4_TestWithRandomNegativeNumber" storage="y:\desktop\csexercises\exercisestest\bin\debug\exercisestest.dll" id="07543d53-3299-9504-fc22-6f3224244293">
      <Execution id="21ca12a2-4ce6-4b40-8939-a4790d080050" />
      <TestMethod codeBase="Y:\Desktop\CSExercises\ExercisesTest\bin\Debug\ExercisesTest.dll" adapterTypeName="Microsoft.VisualStudio.TestTools.TestTypes.Unit.UnitTestAdapter" className="ExercisesTest.ExB4Test" name="ExB4_TestWithRandomNegativeNumber" />
    </UnitTest>
  </TestDefinitions>
  <TestEntries>
    <TestEntry testId="521f27a5-8565-5e7d-7db9-96f0742480e4" executionId="76a8194a-4f1c-458b-a574-9342ac7b94fb" testListId="8c84fa94-04c1-424b-9868-57a2d4851a1d" />
    <TestEntry testId="d3c73420-c493-2580-26b5-713efb8af071" executionId="46234c8b-d6a6-4ede-8e81-255769df00fb" testListId="8c84fa94-04c1-424b-9868-57a2d4851a1d" />
    <TestEntry testId="07543d53-3299-9504-fc22-6f3224244293" executionId="21ca12a2-4ce6-4b40-8939-a4790d080050" testListId="8c84fa94-04c1-424b-9868-57a2d4851a1d" />
  </TestEntries>
  <TestLists>
    <TestList name="Results Not in a List" id="8c84fa94-04c1-424b-9868-57a2d4851a1d" />
    <TestList name="All Loaded Results" id="19431567-8539-422a-85d7-44ee4e166bda" />
  </TestLists>
  <ResultSummary outcome="Completed">
    <Counters total="3" executed="3" passed="3" failed="0" error="0" timeout="0" aborted="0" inconclusive="0" passedButRunAborted="0" notRunnable="0" notExecuted="0" disconnected="0" warning="0" completed="0" inProgress="0" pending="0" />
  </ResultSummary>
</TestRun>﻿<?xml version="1.0" encoding="UTF-8"?>
<TestRun id="0d904c0c-09e4-49d5-af8a-0de3e5eaedd2" name="zanaanuar@ZANAANUAR1564 2016-08-14 19:28:41" runUser="ZANAANUAR1564\zanaanuar" xmlns="http://microsoft.com/schemas/VisualStudio/TeamTest/2010">
  <Times creation="2016-08-14T19:28:41.5475700+08:00" queuing="2016-08-14T19:28:41.5475700+08:00" start="2016-08-14T19:28:41.5515686+08:00" finish="2016-08-14T19:28:41.6285694+08:00" />
  <TestSettings name="default" id="dad0dbea-e656-4a5e-852c-a3df23d01bba">
    <Execution>
      <TestTypeSpecific />
    </Execution>
    <Deployment runDeploymentRoot="zanaanuar_ZANAANUAR1564 2016-08-14 19_28_41" />
    <Properties />
  </TestSettings>
  <Results>
    <UnitTestResult executionId="ae45dce6-7360-4c8d-93d5-f154d17eac43" testId="159ba622-1904-2602-2526-72a12ffa196f" testName="ExB5_TestWithZero" computerName="ZANAANUAR1564" duration="00:00:00.0096557" startTime="2016-08-14T19:28:41.4505691+08:00" endTime="2016-08-14T19:28:41.4936750+08:00" testType="13cdc9d9-ddb5-4fa4-a97d-d965ccfc6d4b" outcome="Passed" testListId="8c84fa94-04c1-424b-9868-57a2d4851a1d" relativeResultsDirectory="ae45dce6-7360-4c8d-93d5-f154d17eac43">
      <Output>
        <StdOut>Debug Trace:
0
3</StdOut>
      </Output>
    </UnitTestResult>
    <UnitTestResult executionId="9c95eb01-42ef-4def-bfe9-c1438ba50705" testId="4ce714ee-0184-d714-c26f-c0f025b421a2" testName="ExB5_TestWithRandomPositiveNumber" computerName="ZANAANUAR1564" duration="00:00:00.0115601" startTime="2016-08-14T19:28:41.5047003+08:00" endTime="2016-08-14T19:28:41.5165686+08:00" testType="13cdc9d9-ddb5-4fa4-a97d-d965ccfc6d4b" outcome="Failed" testListId="8c84fa94-04c1-424b-9868-57a2d4851a1d" relativeResultsDirectory="9c95eb01-42ef-4def-bfe9-c1438ba50705">
      <Output>
        <StdOut>Debug Trace:
68
22851</StdOut>
        <ErrorInfo>
          <Message>Assert.AreEqual failed. Expected:&lt;8979&gt;. Actual:&lt;22851&gt;. Program output is different from the expected output.</Message>
          <StackTrace>   at ExercisesTest.TestHelper.AssertOutput(String expectedOutput) in \\mac\home\Desktop\CSExercises\ExercisesTest\TestHelper.cs:line 48
   at ExercisesTest.TestHelper.TestOutputEqual(Type t, String input, String output) in \\mac\home\Desktop\CSExercises\ExercisesTest\TestHelper.cs:line 97
   at ExercisesTest.ExB5Test.ExB5_TestWithRandomPositiveNumber() in \\mac\home\Desktop\CSExercises\ExercisesTest\SectionB\ExB5Test.cs:line 21
</StackTrace>
        </ErrorInfo>
      </Output>
    </UnitTestResult>
    <UnitTestResult executionId="990af6c8-972e-4157-a051-f705ccf5f16a" testId="56a6c058-ff64-0a54-1bb8-aba4833eba62" testName="ExB5_TestWithRandomNegativeNumber" computerName="ZANAANUAR1564" duration="00:00:00.0011229" startTime="2016-08-14T19:28:41.5165686+08:00" endTime="2016-08-14T19:28:41.5175718+08:00" testType="13cdc9d9-ddb5-4fa4-a97d-d965ccfc6d4b" outcome="Failed" testListId="8c84fa94-04c1-424b-9868-57a2d4851a1d" relativeResultsDirectory="990af6c8-972e-4157-a051-f705ccf5f16a">
      <Output>
        <StdOut>Debug Trace:
-96
46467</StdOut>
        <ErrorInfo>
          <Message>Assert.AreEqual failed. Expected:&lt;18819&gt;. Actual:&lt;46467&gt;. Program output is different from the expected output.</Message>
          <StackTrace>   at ExercisesTest.TestHelper.AssertOutput(String expectedOutput) in \\mac\home\Desktop\CSExercises\ExercisesTest\TestHelper.cs:line 48
   at ExercisesTest.TestHelper.TestOutputEqual(Type t, String input, String output) in \\mac\home\Desktop\CSExercises\ExercisesTest\TestHelper.cs:line 97
   at ExercisesTest.ExB5Test.ExB5_TestWithRandomNegativeNumber() in \\mac\home\Desktop\CSExercises\ExercisesTest\SectionB\ExB5Test.cs:line 29
</StackTrace>
        </ErrorInfo>
      </Output>
    </UnitTestResult>
  </Results>
  <TestDefinitions>
    <UnitTest name="ExB5_TestWithZero" storage="y:\desktop\csexercises\exercisestest\bin\debug\exercisestest.dll" id="159ba622-1904-2602-2526-72a12ffa196f">
      <Execution id="ae45dce6-7360-4c8d-93d5-f154d17eac43" />
      <TestMethod codeBase="Y:\Desktop\CSExercises\ExercisesTest\bin\Debug\ExercisesTest.dll" adapterTypeName="Microsoft.VisualStudio.TestTools.TestTypes.Unit.UnitTestAdapter" className="ExercisesTest.ExB5Test" name="ExB5_TestWithZero" />
    </UnitTest>
    <UnitTest name="ExB5_TestWithRandomPositiveNumber" storage="y:\desktop\csexercises\exercisestest\bin\debug\exercisestest.dll" id="4ce714ee-0184-d714-c26f-c0f025b421a2">
      <Execution id="9c95eb01-42ef-4def-bfe9-c1438ba50705" />
      <TestMethod codeBase="Y:\Desktop\CSExercises\ExercisesTest\bin\Debug\ExercisesTest.dll" adapterTypeName="Microsoft.VisualStudio.TestTools.TestTypes.Unit.UnitTestAdapter" className="ExercisesTest.ExB5Test" name="ExB5_TestWithRandomPositiveNumber" />
    </UnitTest>
    <UnitTest name="ExB5_TestWithRandomNegativeNumber" storage="y:\desktop\csexercises\exercisestest\bin\debug\exercisestest.dll" id="56a6c058-ff64-0a54-1bb8-aba4833eba62">
      <Execution id="990af6c8-972e-4157-a051-f705ccf5f16a" />
      <TestMethod codeBase="Y:\Desktop\CSExercises\ExercisesTest\bin\Debug\ExercisesTest.dll" adapterTypeName="Microsoft.VisualStudio.TestTools.TestTypes.Unit.UnitTestAdapter" className="ExercisesTest.ExB5Test" name="ExB5_TestWithRandomNegativeNumber" />
    </UnitTest>
  </TestDefinitions>
  <TestEntries>
    <TestEntry testId="159ba622-1904-2602-2526-72a12ffa196f" executionId="ae45dce6-7360-4c8d-93d5-f154d17eac43" testListId="8c84fa94-04c1-424b-9868-57a2d4851a1d" />
    <TestEntry testId="4ce714ee-0184-d714-c26f-c0f025b421a2" executionId="9c95eb01-42ef-4def-bfe9-c1438ba50705" testListId="8c84fa94-04c1-424b-9868-57a2d4851a1d" />
    <TestEntry testId="56a6c058-ff64-0a54-1bb8-aba4833eba62" executionId="990af6c8-972e-4157-a051-f705ccf5f16a" testListId="8c84fa94-04c1-424b-9868-57a2d4851a1d" />
  </TestEntries>
  <TestLists>
    <TestList name="Results Not in a List" id="8c84fa94-04c1-424b-9868-57a2d4851a1d" />
    <TestList name="All Loaded Results" id="19431567-8539-422a-85d7-44ee4e166bda" />
  </TestLists>
  <ResultSummary outcome="Failed">
    <Counters total="3" executed="3" passed="1" failed="2" error="0" timeout="0" aborted="0" inconclusive="0" passedButRunAborted="0" notRunnable="0" notExecuted="0" disconnected="0" warning="0" completed="0" inProgress="0" pending="0" />
  </ResultSummary>
</TestRun>﻿<?xml version="1.0" encoding="UTF-8"?>
<TestRun id="7a541421-815d-49f2-ac33-297b7e5afd60" name="zanaanuar@ZANAANUAR1564 2016-08-14 19:28:46" runUser="ZANAANUAR1564\zanaanuar" xmlns="http://microsoft.com/schemas/VisualStudio/TeamTest/2010">
  <Times creation="2016-08-14T19:28:46.4237008+08:00" queuing="2016-08-14T19:28:46.4237008+08:00" start="2016-08-14T19:28:46.4265692+08:00" finish="2016-08-14T19:28:46.5116977+08:00" />
  <TestSettings name="default" id="9cc8f081-7de7-465f-a2cf-e775f34a0312">
    <Execution>
      <TestTypeSpecific />
    </Execution>
    <Deployment runDeploymentRoot="zanaanuar_ZANAANUAR1564 2016-08-14 19_28_46" />
    <Properties />
  </TestSettings>
  <Results>
    <UnitTestResult executionId="b90cebc6-d4d3-40f0-b333-cacb390567c4" testId="159ba622-1904-2602-2526-72a12ffa196f" testName="ExB5_TestWithZero" computerName="ZANAANUAR1564" duration="00:00:00.0095740" startTime="2016-08-14T19:28:46.3305681+08:00" endTime="2016-08-14T19:28:46.3715685+08:00" testType="13cdc9d9-ddb5-4fa4-a97d-d965ccfc6d4b" outcome="Passed" testListId="8c84fa94-04c1-424b-9868-57a2d4851a1d" relativeResultsDirectory="b90cebc6-d4d3-40f0-b333-cacb390567c4">
      <Output>
        <StdOut>Debug Trace:
0
3</StdOut>
      </Output>
    </UnitTestResult>
    <UnitTestResult executionId="97e1b4e2-f7ad-401e-97d6-d27b4794e5d8" testId="4ce714ee-0184-d714-c26f-c0f025b421a2" testName="ExB5_TestWithRandomPositiveNumber" computerName="ZANAANUAR1564" duration="00:00:00.0090065" startTime="2016-08-14T19:28:46.3826999+08:00" endTime="2016-08-14T19:28:46.3916172+08:00" testType="13cdc9d9-ddb5-4fa4-a97d-d965ccfc6d4b" outcome="Failed" testListId="8c84fa94-04c1-424b-9868-57a2d4851a1d" relativeResultsDirectory="97e1b4e2-f7ad-401e-97d6-d27b4794e5d8">
      <Output>
        <StdOut>Debug Trace:
51
12804</StdOut>
        <ErrorInfo>
          <Message>Assert.AreEqual failed. Expected:&lt;5001&gt;. Actual:&lt;12804&gt;. Program output is different from the expected output.</Message>
          <StackTrace>   at ExercisesTest.TestHelper.AssertOutput(String expectedOutput) in \\mac\home\Desktop\CSExercises\ExercisesTest\TestHelper.cs:line 48
   at ExercisesTest.TestHelper.TestOutputEqual(Type t, String input, String output) in \\mac\home\Desktop\CSExercises\ExercisesTest\TestHelper.cs:line 97
   at ExercisesTest.ExB5Test.ExB5_TestWithRandomPositiveNumber() in \\mac\home\Desktop\CSExercises\ExercisesTest\SectionB\ExB5Test.cs:line 21
</StackTrace>
        </ErrorInfo>
      </Output>
    </UnitTestResult>
    <UnitTestResult executionId="9ebe7142-6ef0-4288-a4f5-2ac1749f4fac" testId="56a6c058-ff64-0a54-1bb8-aba4833eba62" testName="ExB5_TestWithRandomNegativeNumber" computerName="ZANAANUAR1564" duration="00:00:00.0012247" startTime="2016-08-14T19:28:46.3926498+08:00" endTime="2016-08-14T19:28:46.3935918+08:00" testType="13cdc9d9-ddb5-4fa4-a97d-d965ccfc6d4b" outcome="Failed" testListId="8c84fa94-04c1-424b-9868-57a2d4851a1d" relativeResultsDirectory="9ebe7142-6ef0-4288-a4f5-2ac1749f4fac">
      <Output>
        <StdOut>Debug Trace:
-15
1188</StdOut>
        <ErrorInfo>
          <Message>Assert.AreEqual failed. Expected:&lt;513&gt;. Actual:&lt;1188&gt;. Program output is different from the expected output.</Message>
          <StackTrace>   at ExercisesTest.TestHelper.AssertOutput(String expectedOutput) in \\mac\home\Desktop\CSExercises\ExercisesTest\TestHelper.cs:line 48
   at ExercisesTest.TestHelper.TestOutputEqual(Type t, String input, String output) in \\mac\home\Desktop\CSExercises\ExercisesTest\TestHelper.cs:line 97
   at ExercisesTest.ExB5Test.ExB5_TestWithRandomNegativeNumber() in \\mac\home\Desktop\CSExercises\ExercisesTest\SectionB\ExB5Test.cs:line 29
</StackTrace>
        </ErrorInfo>
      </Output>
    </UnitTestResult>
  </Results>
  <TestDefinitions>
    <UnitTest name="ExB5_TestWithZero" storage="y:\desktop\csexercises\exercisestest\bin\debug\exercisestest.dll" id="159ba622-1904-2602-2526-72a12ffa196f">
      <Execution id="b90cebc6-d4d3-40f0-b333-cacb390567c4" />
      <TestMethod codeBase="Y:\Desktop\CSExercises\ExercisesTest\bin\Debug\ExercisesTest.dll" adapterTypeName="Microsoft.VisualStudio.TestTools.TestTypes.Unit.UnitTestAdapter" className="ExercisesTest.ExB5Test" name="ExB5_TestWithZero" />
    </UnitTest>
    <UnitTest name="ExB5_TestWithRandomPositiveNumber" storage="y:\desktop\csexercises\exercisestest\bin\debug\exercisestest.dll" id="4ce714ee-0184-d714-c26f-c0f025b421a2">
      <Execution id="97e1b4e2-f7ad-401e-97d6-d27b4794e5d8" />
      <TestMethod codeBase="Y:\Desktop\CSExercises\ExercisesTest\bin\Debug\ExercisesTest.dll" adapterTypeName="Microsoft.VisualStudio.TestTools.TestTypes.Unit.UnitTestAdapter" className="ExercisesTest.ExB5Test" name="ExB5_TestWithRandomPositiveNumber" />
    </UnitTest>
    <UnitTest name="ExB5_TestWithRandomNegativeNumber" storage="y:\desktop\csexercises\exercisestest\bin\debug\exercisestest.dll" id="56a6c058-ff64-0a54-1bb8-aba4833eba62">
      <Execution id="9ebe7142-6ef0-4288-a4f5-2ac1749f4fac" />
      <TestMethod codeBase="Y:\Desktop\CSExercises\ExercisesTest\bin\Debug\ExercisesTest.dll" adapterTypeName="Microsoft.VisualStudio.TestTools.TestTypes.Unit.UnitTestAdapter" className="ExercisesTest.ExB5Test" name="ExB5_TestWithRandomNegativeNumber" />
    </UnitTest>
  </TestDefinitions>
  <TestEntries>
    <TestEntry testId="159ba622-1904-2602-2526-72a12ffa196f" executionId="b90cebc6-d4d3-40f0-b333-cacb390567c4" testListId="8c84fa94-04c1-424b-9868-57a2d4851a1d" />
    <TestEntry testId="4ce714ee-0184-d714-c26f-c0f025b421a2" executionId="97e1b4e2-f7ad-401e-97d6-d27b4794e5d8" testListId="8c84fa94-04c1-424b-9868-57a2d4851a1d" />
    <TestEntry testId="56a6c058-ff64-0a54-1bb8-aba4833eba62" executionId="9ebe7142-6ef0-4288-a4f5-2ac1749f4fac" testListId="8c84fa94-04c1-424b-9868-57a2d4851a1d" />
  </TestEntries>
  <TestLists>
    <TestList name="Results Not in a List" id="8c84fa94-04c1-424b-9868-57a2d4851a1d" />
    <TestList name="All Loaded Results" id="19431567-8539-422a-85d7-44ee4e166bda" />
  </TestLists>
  <ResultSummary outcome="Failed">
    <Counters total="3" executed="3" passed="1" failed="2" error="0" timeout="0" aborted="0" inconclusive="0" passedButRunAborted="0" notRunnable="0" notExecuted="0" disconnected="0" warning="0" completed="0" inProgress="0" pending="0" />
  </ResultSummary>
</TestRun>﻿<?xml version="1.0" encoding="UTF-8"?>
<TestRun id="a5dcb81a-4a45-49e9-8a89-75721baa0db1" name="zanaanuar@ZANAANUAR1564 2016-08-14 19:28:50" runUser="ZANAANUAR1564\zanaanuar" xmlns="http://microsoft.com/schemas/VisualStudio/TeamTest/2010">
  <Times creation="2016-08-14T19:28:50.2596240+08:00" queuing="2016-08-14T19:28:50.2596240+08:00" start="2016-08-14T19:28:50.2636909+08:00" finish="2016-08-14T19:28:50.3076717+08:00" />
  <TestSettings name="default" id="9dd5d16a-0514-4106-bdc6-da2b7f643f13">
    <Execution>
      <TestTypeSpecific />
    </Execution>
    <Deployment runDeploymentRoot="zanaanuar_ZANAANUAR1564 2016-08-14 19_28_50" />
    <Properties />
  </TestSettings>
  <Results>
    <UnitTestResult executionId="b6a50978-3727-43b2-986a-d038fdbb8e56" testId="b0fe1b76-85dd-996a-6897-764077fa221a" testName="ExB6_TestWithZero" computerName="ZANAANUAR1564" duration="00:00:00.0102069" startTime="2016-08-14T19:28:50.1727012+08:00" endTime="2016-08-14T19:28:50.2135714+08:00" testType="13cdc9d9-ddb5-4fa4-a97d-d965ccfc6d4b" outcome="Passed" testListId="8c84fa94-04c1-424b-9868-57a2d4851a1d" relativeResultsDirectory="b6a50978-3727-43b2-986a-d038fdbb8e56">
      <Output>
        <StdOut>Debug Trace:
0
0
0
0
0</StdOut>
      </Output>
    </UnitTestResult>
    <UnitTestResult executionId="083835e9-8786-4052-a98e-33410bc3bfa8" testId="3e2b89e5-e2cc-63c8-e53e-5e4f06942620" testName="ExB6_TestWithPositiveNumber" computerName="ZANAANUAR1564" duration="00:00:00.0002008" startTime="2016-08-14T19:28:50.2245655+08:00" endTime="2016-08-14T19:28:50.2257153+08:00" testType="13cdc9d9-ddb5-4fa4-a97d-d965ccfc6d4b" outcome="Passed" testListId="8c84fa94-04c1-424b-9868-57a2d4851a1d" relativeResultsDirectory="083835e9-8786-4052-a98e-33410bc3bfa8">
      <Output>
        <StdOut>Debug Trace:
20
0
20
20
20</StdOut>
      </Output>
    </UnitTestResult>
    <UnitTestResult executionId="425f8f00-60f4-48b8-9ae1-f7a71d613c9c" testId="09a74379-7aab-b6a3-6c3c-bf77ba90813f" testName="ExB6_TestWithNegativeNumber" computerName="ZANAANUAR1564" duration="00:00:00.0001859" startTime="2016-08-14T19:28:50.2257153+08:00" endTime="2016-08-14T19:28:50.2257153+08:00" testType="13cdc9d9-ddb5-4fa4-a97d-d965ccfc6d4b" outcome="Passed" testListId="8c84fa94-04c1-424b-9868-57a2d4851a1d" relativeResultsDirectory="425f8f00-60f4-48b8-9ae1-f7a71d613c9c">
      <Output>
        <StdOut>Debug Trace:
20
0
-20
-20
44.7213595499958</StdOut>
      </Output>
    </UnitTestResult>
  </Results>
  <TestDefinitions>
    <UnitTest name="ExB6_TestWithZero" storage="y:\desktop\csexercises\exercisestest\bin\debug\exercisestest.dll" id="b0fe1b76-85dd-996a-6897-764077fa221a">
      <Execution id="b6a50978-3727-43b2-986a-d038fdbb8e56" />
      <TestMethod codeBase="Y:\Desktop\CSExercises\ExercisesTest\bin\Debug\ExercisesTest.dll" adapterTypeName="Microsoft.VisualStudio.TestTools.TestTypes.Unit.UnitTestAdapter" className="ExercisesTest.ExB6Test" name="ExB6_TestWithZero" />
    </UnitTest>
    <UnitTest name="ExB6_TestWithPositiveNumber" storage="y:\desktop\csexercises\exercisestest\bin\debug\exercisestest.dll" id="3e2b89e5-e2cc-63c8-e53e-5e4f06942620">
      <Execution id="083835e9-8786-4052-a98e-33410bc3bfa8" />
      <TestMethod codeBase="Y:\Desktop\CSExercises\ExercisesTest\bin\Debug\ExercisesTest.dll" adapterTypeName="Microsoft.VisualStudio.TestTools.TestTypes.Unit.UnitTestAdapter" className="ExercisesTest.ExB6Test" name="ExB6_TestWithPositiveNumber" />
    </UnitTest>
    <UnitTest name="ExB6_TestWithNegativeNumber" storage="y:\desktop\csexercises\exercisestest\bin\debug\exercisestest.dll" id="09a74379-7aab-b6a3-6c3c-bf77ba90813f">
      <Execution id="425f8f00-60f4-48b8-9ae1-f7a71d613c9c" />
      <TestMethod codeBase="Y:\Desktop\CSExercises\ExercisesTest\bin\Debug\ExercisesTest.dll" adapterTypeName="Microsoft.VisualStudio.TestTools.TestTypes.Unit.UnitTestAdapter" className="ExercisesTest.ExB6Test" name="ExB6_TestWithNegativeNumber" />
    </UnitTest>
  </TestDefinitions>
  <TestEntries>
    <TestEntry testId="b0fe1b76-85dd-996a-6897-764077fa221a" executionId="b6a50978-3727-43b2-986a-d038fdbb8e56" testListId="8c84fa94-04c1-424b-9868-57a2d4851a1d" />
    <TestEntry testId="3e2b89e5-e2cc-63c8-e53e-5e4f06942620" executionId="083835e9-8786-4052-a98e-33410bc3bfa8" testListId="8c84fa94-04c1-424b-9868-57a2d4851a1d" />
    <TestEntry testId="09a74379-7aab-b6a3-6c3c-bf77ba90813f" executionId="425f8f00-60f4-48b8-9ae1-f7a71d613c9c" testListId="8c84fa94-04c1-424b-9868-57a2d4851a1d" />
  </TestEntries>
  <TestLists>
    <TestList name="Results Not in a List" id="8c84fa94-04c1-424b-9868-57a2d4851a1d" />
    <TestList name="All Loaded Results" id="19431567-8539-422a-85d7-44ee4e166bda" />
  </TestLists>
  <ResultSummary outcome="Completed">
    <Counters total="3" executed="3" passed="3" failed="0" error="0" timeout="0" aborted="0" inconclusive="0" passedButRunAborted="0" notRunnable="0" notExecuted="0" disconnected="0" warning="0" completed="0" inProgress="0" pending="0" />
  </ResultSummary>
</TestRun>﻿<?xml version="1.0" encoding="UTF-8"?>
<TestRun id="6ceb181e-b3ad-47a3-b38a-4e94d6d44395" name="zanaanuar@ZANAANUAR1564 2016-08-14 19:28:53" runUser="ZANAANUAR1564\zanaanuar" xmlns="http://microsoft.com/schemas/VisualStudio/TeamTest/2010">
  <Times creation="2016-08-14T19:28:53.1207038+08:00" queuing="2016-08-14T19:28:53.1207038+08:00" start="2016-08-14T19:28:53.1237057+08:00" finish="2016-08-14T19:28:53.1657085+08:00" />
  <TestSettings name="default" id="e6eb1ae4-6156-4d16-8f05-960d4b375c75">
    <Execution>
      <TestTypeSpecific />
    </Execution>
    <Deployment runDeploymentRoot="zanaanuar_ZANAANUAR1564 2016-08-14 19_28_53" />
    <Properties />
  </TestSettings>
  <Results>
    <UnitTestResult executionId="5fd84128-a600-481c-aee3-bf008f2a4b48" testId="5d10d8c6-9801-fba8-47ea-4f24d629e64e" testName="ExB7_TestWithZero" computerName="ZANAANUAR1564" duration="00:00:00.0100722" startTime="2016-08-14T19:28:53.0285677+08:00" endTime="2016-08-14T19:28:53.0745679+08:00" testType="13cdc9d9-ddb5-4fa4-a97d-d965ccfc6d4b" outcome="Passed" testListId="8c84fa94-04c1-424b-9868-57a2d4851a1d" relativeResultsDirectory="5fd84128-a600-481c-aee3-bf008f2a4b48">
      <Output>
        <StdOut>Debug Trace:
0
2.4</StdOut>
      </Output>
    </UnitTestResult>
    <UnitTestResult executionId="1abc23e3-2915-4751-a268-867263b70897" testId="8a3c2921-0d21-9733-b802-8fd60efda746" testName="ExB7_TestWithRandomPositiveNumber" computerName="ZANAANUAR1564" duration="00:00:00.0002878" startTime="2016-08-14T19:28:53.0857044+08:00" endTime="2016-08-14T19:28:53.0857044+08:00" testType="13cdc9d9-ddb5-4fa4-a97d-d965ccfc6d4b" outcome="Passed" testListId="8c84fa94-04c1-424b-9868-57a2d4851a1d" relativeResultsDirectory="1abc23e3-2915-4751-a268-867263b70897">
      <Output>
        <StdOut>Debug Trace:
32.02
15.208

30.02
14.408

59.01
26.004</StdOut>
      </Output>
    </UnitTestResult>
  </Results>
  <TestDefinitions>
    <UnitTest name="ExB7_TestWithZero" storage="y:\desktop\csexercises\exercisestest\bin\debug\exercisestest.dll" id="5d10d8c6-9801-fba8-47ea-4f24d629e64e">
      <Execution id="5fd84128-a600-481c-aee3-bf008f2a4b48" />
      <TestMethod codeBase="Y:\Desktop\CSExercises\ExercisesTest\bin\Debug\ExercisesTest.dll" adapterTypeName="Microsoft.VisualStudio.TestTools.TestTypes.Unit.UnitTestAdapter" className="ExercisesTest.ExB7Test" name="ExB7_TestWithZero" />
    </UnitTest>
    <UnitTest name="ExB7_TestWithRandomPositiveNumber" storage="y:\desktop\csexercises\exercisestest\bin\debug\exercisestest.dll" id="8a3c2921-0d21-9733-b802-8fd60efda746">
      <Execution id="1abc23e3-2915-4751-a268-867263b70897" />
      <TestMethod codeBase="Y:\Desktop\CSExercises\ExercisesTest\bin\Debug\ExercisesTest.dll" adapterTypeName="Microsoft.VisualStudio.TestTools.TestTypes.Unit.UnitTestAdapter" className="ExercisesTest.ExB7Test" name="ExB7_TestWithRandomPositiveNumber" />
    </UnitTest>
  </TestDefinitions>
  <TestEntries>
    <TestEntry testId="5d10d8c6-9801-fba8-47ea-4f24d629e64e" executionId="5fd84128-a600-481c-aee3-bf008f2a4b48" testListId="8c84fa94-04c1-424b-9868-57a2d4851a1d" />
    <TestEntry testId="8a3c2921-0d21-9733-b802-8fd60efda746" executionId="1abc23e3-2915-4751-a268-867263b70897" testListId="8c84fa94-04c1-424b-9868-57a2d4851a1d" />
  </TestEntries>
  <TestLists>
    <TestList name="Results Not in a List" id="8c84fa94-04c1-424b-9868-57a2d4851a1d" />
    <TestList name="All Loaded Results" id="19431567-8539-422a-85d7-44ee4e166bda" />
  </TestLists>
  <ResultSummary outcome="Completed">
    <Counters total="2" executed="2" passed="2" failed="0" error="0" timeout="0" aborted="0" inconclusive="0" passedButRunAborted="0" notRunnable="0" notExecuted="0" disconnected="0" warning="0" completed="0" inProgress="0" pending="0" />
  </ResultSummary>
</TestRun>﻿<?xml version="1.0" encoding="UTF-8"?>
<TestRun id="e2543315-d549-4b4c-9a4f-e779e5667a9a" name="zanaanuar@ZANAANUAR1564 2016-08-14 19:28:56" runUser="ZANAANUAR1564\zanaanuar" xmlns="http://microsoft.com/schemas/VisualStudio/TeamTest/2010">
  <Times creation="2016-08-14T19:28:56.2845840+08:00" queuing="2016-08-14T19:28:56.2855872+08:00" start="2016-08-14T19:28:56.2885686+08:00" finish="2016-08-14T19:28:56.3635720+08:00" />
  <TestSettings name="default" id="dd3ab95a-51a6-4e5b-80b9-0f572f436d62">
    <Execution>
      <TestTypeSpecific />
    </Execution>
    <Deployment runDeploymentRoot="zanaanuar_ZANAANUAR1564 2016-08-14 19_28_56" />
    <Properties />
  </TestSettings>
  <Results>
    <UnitTestResult executionId="9a372d32-b8f4-4c17-a585-39857783ca83" testId="d8f4ff5b-1da8-68e0-6735-dca747510bd3" testName="ExB8_TestWithZero" computerName="ZANAANUAR1564" duration="00:00:00.0188275" startTime="2016-08-14T19:28:56.1916788+08:00" endTime="2016-08-14T19:28:56.2417014+08:00" testType="13cdc9d9-ddb5-4fa4-a97d-d965ccfc6d4b" outcome="Failed" testListId="8c84fa94-04c1-424b-9868-57a2d4851a1d" relativeResultsDirectory="9a372d32-b8f4-4c17-a585-39857783ca83">
      <Output>
        <StdOut>Debug Trace:
0
2.4</StdOut>
        <ErrorInfo>
          <Message>Assert.AreEqual failed. Expected:&lt;2.40&gt;. Actual:&lt;2.4&gt;. Program output is different from the expected output.</Message>
          <StackTrace>   at ExercisesTest.TestHelper.AssertOutput(String expectedOutput) in \\mac\home\Desktop\CSExercises\ExercisesTest\TestHelper.cs:line 48
   at ExercisesTest.TestHelper.TestOutputEqual(Type t, String input, String output) in \\mac\home\Desktop\CSExercises\ExercisesTest\TestHelper.cs:line 97
   at ExercisesTest.ExB8Test.ExB8_TestWithZero() in \\mac\home\Desktop\CSExercises\ExercisesTest\SectionB\ExB8Test.cs:line 13
</StackTrace>
        </ErrorInfo>
      </Output>
    </UnitTestResult>
    <UnitTestResult executionId="5de1211b-3430-47d8-afc0-43f7bd0bdf35" testId="4c46834b-f4c3-08ad-a27c-3715addd7c00" testName="ExB8_TestWithRandomPositiveNumber" computerName="ZANAANUAR1564" duration="00:00:00.0012877" startTime="2016-08-14T19:28:56.2535690+08:00" endTime="2016-08-14T19:28:56.2545695+08:00" testType="13cdc9d9-ddb5-4fa4-a97d-d965ccfc6d4b" outcome="Failed" testListId="8c84fa94-04c1-424b-9868-57a2d4851a1d" relativeResultsDirectory="5de1211b-3430-47d8-afc0-43f7bd0bdf35">
      <Output>
        <StdOut>Debug Trace:
46.01
20.8</StdOut>
        <ErrorInfo>
          <Message>Assert.AreEqual failed. Expected:&lt;20.80&gt;. Actual:&lt;20.8&gt;. Program output is different from the expected output.</Message>
          <StackTrace>   at ExercisesTest.TestHelper.AssertOutput(String expectedOutput) in \\mac\home\Desktop\CSExercises\ExercisesTest\TestHelper.cs:line 48
   at ExercisesTest.TestHelper.TestOutputEqual(Type t, String input, String output) in \\mac\home\Desktop\CSExercises\ExercisesTest\TestHelper.cs:line 97
   at ExercisesTest.ExB8Test.ExB8_TestWithRandomPositiveNumber() in \\mac\home\Desktop\CSExercises\ExercisesTest\SectionB\ExB8Test.cs:line 23
</StackTrace>
        </ErrorInfo>
      </Output>
    </UnitTestResult>
  </Results>
  <TestDefinitions>
    <UnitTest name="ExB8_TestWithZero" storage="y:\desktop\csexercises\exercisestest\bin\debug\exercisestest.dll" id="d8f4ff5b-1da8-68e0-6735-dca747510bd3">
      <Execution id="9a372d32-b8f4-4c17-a585-39857783ca83" />
      <TestMethod codeBase="Y:\Desktop\CSExercises\ExercisesTest\bin\Debug\ExercisesTest.dll" adapterTypeName="Microsoft.VisualStudio.TestTools.TestTypes.Unit.UnitTestAdapter" className="ExercisesTest.ExB8Test" name="ExB8_TestWithZero" />
    </UnitTest>
    <UnitTest name="ExB8_TestWithRandomPositiveNumber" storage="y:\desktop\csexercises\exercisestest\bin\debug\exercisestest.dll" id="4c46834b-f4c3-08ad-a27c-3715addd7c00">
      <Execution id="5de1211b-3430-47d8-afc0-43f7bd0bdf35" />
      <TestMethod codeBase="Y:\Desktop\CSExercises\ExercisesTest\bin\Debug\ExercisesTest.dll" adapterTypeName="Microsoft.VisualStudio.TestTools.TestTypes.Unit.UnitTestAdapter" className="ExercisesTest.ExB8Test" name="ExB8_TestWithRandomPositiveNumber" />
    </UnitTest>
  </TestDefinitions>
  <TestEntries>
    <TestEntry testId="d8f4ff5b-1da8-68e0-6735-dca747510bd3" executionId="9a372d32-b8f4-4c17-a585-39857783ca83" testListId="8c84fa94-04c1-424b-9868-57a2d4851a1d" />
    <TestEntry testId="4c46834b-f4c3-08ad-a27c-3715addd7c00" executionId="5de1211b-3430-47d8-afc0-43f7bd0bdf35" testListId="8c84fa94-04c1-424b-9868-57a2d4851a1d" />
  </TestEntries>
  <TestLists>
    <TestList name="Results Not in a List" id="8c84fa94-04c1-424b-9868-57a2d4851a1d" />
    <TestList name="All Loaded Results" id="19431567-8539-422a-85d7-44ee4e166bda" />
  </TestLists>
  <ResultSummary outcome="Failed">
    <Counters total="2" executed="2" passed="0" failed="2" error="0" timeout="0" aborted="0" inconclusive="0" passedButRunAborted="0" notRunnable="0" notExecuted="0" disconnected="0" warning="0" completed="0" inProgress="0" pending="0" />
  </ResultSummary>
</TestRun>﻿<?xml version="1.0" encoding="UTF-8"?>
<TestRun id="ea456a4f-5f2c-4452-b972-e7852cc0574c" name="zanaanuar@ZANAANUAR1564 2016-08-14 19:28:59" runUser="ZANAANUAR1564\zanaanuar" xmlns="http://microsoft.com/schemas/VisualStudio/TeamTest/2010">
  <Times creation="2016-08-14T19:28:59.0726999+08:00" queuing="2016-08-14T19:28:59.0726999+08:00" start="2016-08-14T19:28:59.0767035+08:00" finish="2016-08-14T19:28:59.1476013+08:00" />
  <TestSettings name="default" id="1062725c-d210-4e98-beaf-6afdfd92dfe1">
    <Execution>
      <TestTypeSpecific />
    </Execution>
    <Deployment runDeploymentRoot="zanaanuar_ZANAANUAR1564 2016-08-14 19_28_59" />
    <Properties />
  </TestSettings>
  <Results>
    <UnitTestResult executionId="3ecfc4e2-1a2a-4e21-9b89-b170ca273212" testId="4d421191-ce69-78f3-5526-c5d9422be733" testName="ExB9TestWithZero" computerName="ZANAANUAR1564" duration="00:00:00.0185279" startTime="2016-08-14T19:28:58.9807115+08:00" endTime="2016-08-14T19:28:59.0305677+08:00" testType="13cdc9d9-ddb5-4fa4-a97d-d965ccfc6d4b" outcome="Failed" testListId="8c84fa94-04c1-424b-9868-57a2d4851a1d" relativeResultsDirectory="3ecfc4e2-1a2a-4e21-9b89-b170ca273212">
      <Output>
        <StdOut>Debug Trace:
0
2.4</StdOut>
        <ErrorInfo>
          <Message>Assert.AreEqual failed. Expected:&lt;2.40&gt;. Actual:&lt;2.4&gt;. Program output is different from the expected output.</Message>
          <StackTrace>   at ExercisesTest.TestHelper.AssertOutput(String expectedOutput) in \\mac\home\Desktop\CSExercises\ExercisesTest\TestHelper.cs:line 48
   at ExercisesTest.TestHelper.TestOutputEqual(Type t, String input, String output) in \\mac\home\Desktop\CSExercises\ExercisesTest\TestHelper.cs:line 97
   at ExercisesTest.ExB9Test.ExB9TestWithZero() in \\mac\home\Desktop\CSExercises\ExercisesTest\SectionB\ExB9Test.cs:line 13
</StackTrace>
        </ErrorInfo>
      </Output>
    </UnitTestResult>
    <UnitTestResult executionId="7ef61a2b-1a3d-4859-88ab-c5867e62d2d6" testId="2514325f-8396-182f-50e8-0dd4b88ec67a" testName="ExB9TestWithRandomPositiveNumber" computerName="ZANAANUAR1564" duration="00:00:00.0013738" startTime="2016-08-14T19:28:59.0415675+08:00" endTime="2016-08-14T19:28:59.0425709+08:00" testType="13cdc9d9-ddb5-4fa4-a97d-d965ccfc6d4b" outcome="Failed" testListId="8c84fa94-04c1-424b-9868-57a2d4851a1d" relativeResultsDirectory="7ef61a2b-1a3d-4859-88ab-c5867e62d2d6">
      <Output>
        <StdOut>Debug Trace:
68.02
29.7</StdOut>
        <ErrorInfo>
          <Message>Assert.AreEqual failed. Expected:&lt;29.70&gt;. Actual:&lt;29.7&gt;. Program output is different from the expected output.</Message>
          <StackTrace>   at ExercisesTest.TestHelper.AssertOutput(String expectedOutput) in \\mac\home\Desktop\CSExercises\ExercisesTest\TestHelper.cs:line 48
   at ExercisesTest.TestHelper.TestOutputEqual(Type t, String input, String output) in \\mac\home\Desktop\CSExercises\ExercisesTest\TestHelper.cs:line 97
   at ExercisesTest.ExB9Test.ExB9TestWithRandomPositiveNumber() in \\mac\home\Desktop\CSExercises\ExercisesTest\SectionB\ExB9Test.cs:line 23
</StackTrace>
        </ErrorInfo>
      </Output>
    </UnitTestResult>
  </Results>
  <TestDefinitions>
    <UnitTest name="ExB9TestWithZero" storage="y:\desktop\csexercises\exercisestest\bin\debug\exercisestest.dll" id="4d421191-ce69-78f3-5526-c5d9422be733">
      <Execution id="3ecfc4e2-1a2a-4e21-9b89-b170ca273212" />
      <TestMethod codeBase="Y:\Desktop\CSExercises\ExercisesTest\bin\Debug\ExercisesTest.dll" adapterTypeName="Microsoft.VisualStudio.TestTools.TestTypes.Unit.UnitTestAdapter" className="ExercisesTest.ExB9Test" name="ExB9TestWithZero" />
    </UnitTest>
    <UnitTest name="ExB9TestWithRandomPositiveNumber" storage="y:\desktop\csexercises\exercisestest\bin\debug\exercisestest.dll" id="2514325f-8396-182f-50e8-0dd4b88ec67a">
      <Execution id="7ef61a2b-1a3d-4859-88ab-c5867e62d2d6" />
      <TestMethod codeBase="Y:\Desktop\CSExercises\ExercisesTest\bin\Debug\ExercisesTest.dll" adapterTypeName="Microsoft.VisualStudio.TestTools.TestTypes.Unit.UnitTestAdapter" className="ExercisesTest.ExB9Test" name="ExB9TestWithRandomPositiveNumber" />
    </UnitTest>
  </TestDefinitions>
  <TestEntries>
    <TestEntry testId="4d421191-ce69-78f3-5526-c5d9422be733" executionId="3ecfc4e2-1a2a-4e21-9b89-b170ca273212" testListId="8c84fa94-04c1-424b-9868-57a2d4851a1d" />
    <TestEntry testId="2514325f-8396-182f-50e8-0dd4b88ec67a" executionId="7ef61a2b-1a3d-4859-88ab-c5867e62d2d6" testListId="8c84fa94-04c1-424b-9868-57a2d4851a1d" />
  </TestEntries>
  <TestLists>
    <TestList name="Results Not in a List" id="8c84fa94-04c1-424b-9868-57a2d4851a1d" />
    <TestList name="All Loaded Results" id="19431567-8539-422a-85d7-44ee4e166bda" />
  </TestLists>
  <ResultSummary outcome="Failed">
    <Counters total="2" executed="2" passed="0" failed="2" error="0" timeout="0" aborted="0" inconclusive="0" passedButRunAborted="0" notRunnable="0" notExecuted="0" disconnected="0" warning="0" completed="0" inProgress="0" pending="0" />
  </ResultSummary>
</TestRun>﻿<?xml version="1.0" encoding="UTF-8"?>
<TestRun id="c8a6f584-065b-4205-9bd0-30c324d3890a" name="zanaanuar@ZANAANUAR1564 2016-08-14 19:29:30" runUser="ZANAANUAR1564\zanaanuar" xmlns="http://microsoft.com/schemas/VisualStudio/TeamTest/2010">
  <Times creation="2016-08-14T19:29:30.0795696+08:00" queuing="2016-08-14T19:29:30.0795696+08:00" start="2016-08-14T19:29:30.0845701+08:00" finish="2016-08-14T19:29:31.5235884+08:00" />
  <TestSettings name="default" id="15484da1-1f0a-4af0-9ad6-e8b7bd8671ff">
    <Execution>
      <TestTypeSpecific />
    </Execution>
    <Deployment runDeploymentRoot="zanaanuar_ZANAANUAR1564 2016-08-14 19_29_30" />
    <Properties />
  </TestSettings>
  <Results>
    <UnitTestResult executionId="6ec73ba6-2ee0-437d-817b-c8a121a03dc6" testId="8d13645f-ace3-ee52-0b1f-b75f216a1c8a" testName="ExA2_TestWithAName" computerName="ZANAANUAR1564" duration="00:00:00.0098115" startTime="2016-08-14T19:29:29.9775709+08:00" endTime="2016-08-14T19:29:30.0215674+08:00" testType="13cdc9d9-ddb5-4fa4-a97d-d965ccfc6d4b" outcome="Passed" testListId="8c84fa94-04c1-424b-9868-57a2d4851a1d" relativeResultsDirectory="6ec73ba6-2ee0-437d-817b-c8a121a03dc6">
      <Output>
        <StdOut>Debug Trace:
Good Morning John</StdOut>
      </Output>
    </UnitTestResult>
    <UnitTestResult executionId="c193975f-2b6e-4138-8e20-b766be19821c" testId="e3d43c25-4879-9987-1b05-886dcab007db" testName="ExC3_TestWithZero" computerName="ZANAANUAR1564" duration="00:00:00.0089053" startTime="2016-08-14T19:29:30.0325669+08:00" endTime="2016-08-14T19:29:30.0416476+08:00" testType="13cdc9d9-ddb5-4fa4-a97d-d965ccfc6d4b" outcome="Failed" testListId="8c84fa94-04c1-424b-9868-57a2d4851a1d" relativeResultsDirectory="c193975f-2b6e-4138-8e20-b766be19821c">
      <Output>
        <ErrorInfo>
          <Message>Assert.AreEqual failed. Expected:&lt;F&gt;. Actual:&lt;(null)&gt;. </Message>
          <StackTrace>   at ExercisesTest.ExC3Test.ExC3_TestWithZero() in \\mac\home\Desktop\CSExercises\ExercisesTest\SectionC\ExC3Test.cs:line 14
</StackTrace>
        </ErrorInfo>
      </Output>
    </UnitTestResult>
    <UnitTestResult executionId="328ccf14-c6fc-4d53-ac03-9dd48465ccae" testId="97c4b883-ea03-6670-c7d7-8a5271d03002" testName="ExC3_TestForA" computerName="ZANAANUAR1564" duration="00:00:00.0011369" startTime="2016-08-14T19:29:30.0416476+08:00" endTime="2016-08-14T19:29:30.0435653+08:00" testType="13cdc9d9-ddb5-4fa4-a97d-d965ccfc6d4b" outcome="Failed" testListId="8c84fa94-04c1-424b-9868-57a2d4851a1d" relativeResultsDirectory="328ccf14-c6fc-4d53-ac03-9dd48465ccae">
      <Output>
        <ErrorInfo>
          <Message>Assert.AreEqual failed. Expected:&lt;A&gt;. Actual:&lt;(null)&gt;. </Message>
          <StackTrace>   at ExercisesTest.ExC3Test.ExC3_TestForA() in \\mac\home\Desktop\CSExercises\ExercisesTest\SectionC\ExC3Test.cs:line 21
</StackTrace>
        </ErrorInfo>
      </Output>
    </UnitTestResult>
    <UnitTestResult executionId="ea1c3f12-4130-42a7-9098-a162ccfd0531" testId="057093fc-37d3-acb2-7e8c-260165b052fe" testName="ExC3_TestForB" computerName="ZANAANUAR1564" duration="00:00:00.0009005" startTime="2016-08-14T19:29:30.0435653+08:00" endTime="2016-08-14T19:29:30.0446994+08:00" testType="13cdc9d9-ddb5-4fa4-a97d-d965ccfc6d4b" outcome="Failed" testListId="8c84fa94-04c1-424b-9868-57a2d4851a1d" relativeResultsDirectory="ea1c3f12-4130-42a7-9098-a162ccfd0531">
      <Output>
        <ErrorInfo>
          <Message>Assert.AreEqual failed. Expected:&lt;B&gt;. Actual:&lt;(null)&gt;. </Message>
          <StackTrace>   at ExercisesTest.ExC3Test.ExC3_TestForB() in \\mac\home\Desktop\CSExercises\ExercisesTest\SectionC\ExC3Test.cs:line 28
</StackTrace>
        </ErrorInfo>
      </Output>
    </UnitTestResult>
    <UnitTestResult executionId="4851345d-e489-4854-885b-4a13de6998ce" testId="9f43dc8a-28c1-8a57-a21b-12b5d329c479" testName="ExC3_TestForC" computerName="ZANAANUAR1564" duration="00:00:00.0009809" startTime="2016-08-14T19:29:30.0446994+08:00" endTime="2016-08-14T19:29:30.0456962+08:00" testType="13cdc9d9-ddb5-4fa4-a97d-d965ccfc6d4b" outcome="Failed" testListId="8c84fa94-04c1-424b-9868-57a2d4851a1d" relativeResultsDirectory="4851345d-e489-4854-885b-4a13de6998ce">
      <Output>
        <ErrorInfo>
          <Message>Assert.AreEqual failed. Expected:&lt;C&gt;. Actual:&lt;(null)&gt;. </Message>
          <StackTrace>   at ExercisesTest.ExC3Test.ExC3_TestForC() in \\mac\home\Desktop\CSExercises\ExercisesTest\SectionC\ExC3Test.cs:line 35
</StackTrace>
        </ErrorInfo>
      </Output>
    </UnitTestResult>
    <UnitTestResult executionId="2cd0b3eb-003d-4d95-b8a9-b31829bbe161" testId="e77da0c1-e064-d298-63e2-55fde252db14" testName="ExC3_TestWithNegative" computerName="ZANAANUAR1564" duration="00:00:00.0009449" startTime="2016-08-14T19:29:30.0456962+08:00" endTime="2016-08-14T19:29:30.0466656+08:00" testType="13cdc9d9-ddb5-4fa4-a97d-d965ccfc6d4b" outcome="Failed" testListId="8c84fa94-04c1-424b-9868-57a2d4851a1d" relativeResultsDirectory="2cd0b3eb-003d-4d95-b8a9-b31829bbe161">
      <Output>
        <ErrorInfo>
          <Message>Assert.AreEqual failed. Expected:&lt;**Error**&gt;. Actual:&lt;(null)&gt;. </Message>
          <StackTrace>   at ExercisesTest.ExC3Test.ExC3_TestWithNegative() in \\mac\home\Desktop\CSExercises\ExercisesTest\SectionC\ExC3Test.cs:line 41
</StackTrace>
        </ErrorInfo>
      </Output>
    </UnitTestResult>
    <UnitTestResult executionId="591d88d4-700d-4605-b167-247ea7cfef9a" testId="736ce668-007a-8538-cb57-b0aa4f59c7ed" testName="ExC3_TestWithLargeNumber" computerName="ZANAANUAR1564" duration="00:00:00.0009494" startTime="2016-08-14T19:29:30.0466656+08:00" endTime="2016-08-14T19:29:30.0476476+08:00" testType="13cdc9d9-ddb5-4fa4-a97d-d965ccfc6d4b" outcome="Failed" testListId="8c84fa94-04c1-424b-9868-57a2d4851a1d" relativeResultsDirectory="591d88d4-700d-4605-b167-247ea7cfef9a">
      <Output>
        <ErrorInfo>
          <Message>Assert.AreEqual failed. Expected:&lt;**Error**&gt;. Actual:&lt;(null)&gt;. </Message>
          <StackTrace>   at ExercisesTest.ExC3Test.ExC3_TestWithLargeNumber() in \\mac\home\Desktop\CSExercises\ExercisesTest\SectionC\ExC3Test.cs:line 47
</StackTrace>
        </ErrorInfo>
      </Output>
    </UnitTestResult>
    <UnitTestResult executionId="5f261397-5da4-4892-b21a-cd275168ac27" testId="159ba622-1904-2602-2526-72a12ffa196f" testName="ExB5_TestWithZero" computerName="ZANAANUAR1564" duration="00:00:00.0010681" startTime="2016-08-14T19:29:30.0476476+08:00" endTime="2016-08-14T19:29:30.0495650+08:00" testType="13cdc9d9-ddb5-4fa4-a97d-d965ccfc6d4b" outcome="Passed" testListId="8c84fa94-04c1-424b-9868-57a2d4851a1d" relativeResultsDirectory="5f261397-5da4-4892-b21a-cd275168ac27">
      <Output>
        <StdOut>Debug Trace:
0
3</StdOut>
      </Output>
    </UnitTestResult>
    <UnitTestResult executionId="30541502-ff87-4f1a-a83e-c2d89acfb728" testId="4ce714ee-0184-d714-c26f-c0f025b421a2" testName="ExB5_TestWithRandomPositiveNumber" computerName="ZANAANUAR1564" duration="00:00:00.0024447" startTime="2016-08-14T19:29:30.0495650+08:00" endTime="2016-08-14T19:29:30.0516187+08:00" testType="13cdc9d9-ddb5-4fa4-a97d-d965ccfc6d4b" outcome="Failed" testListId="8c84fa94-04c1-424b-9868-57a2d4851a1d" relativeResultsDirectory="30541502-ff87-4f1a-a83e-c2d89acfb728">
      <Output>
        <StdOut>Debug Trace:
86
36639</StdOut>
        <ErrorInfo>
          <Message>Assert.AreEqual failed. Expected:&lt;14451&gt;. Actual:&lt;36639&gt;. Program output is different from the expected output.</Message>
          <StackTrace>   at ExercisesTest.TestHelper.AssertOutput(String expectedOutput) in \\mac\home\Desktop\CSExercises\ExercisesTest\TestHelper.cs:line 48
   at ExercisesTest.TestHelper.TestOutputEqual(Type t, String input, String output) in \\mac\home\Desktop\CSExercises\ExercisesTest\TestHelper.cs:line 97
   at ExercisesTest.ExB5Test.ExB5_TestWithRandomPositiveNumber() in \\mac\home\Desktop\CSExercises\ExercisesTest\SectionB\ExB5Test.cs:line 21
</StackTrace>
        </ErrorInfo>
      </Output>
    </UnitTestResult>
    <UnitTestResult executionId="61baa352-6206-4e35-9513-0f2fe9bc23d2" testId="56a6c058-ff64-0a54-1bb8-aba4833eba62" testName="ExB5_TestWithRandomNegativeNumber" computerName="ZANAANUAR1564" duration="00:00:00.0012796" startTime="2016-08-14T19:29:30.0567085+08:00" endTime="2016-08-14T19:29:30.0585692+08:00" testType="13cdc9d9-ddb5-4fa4-a97d-d965ccfc6d4b" outcome="Failed" testListId="8c84fa94-04c1-424b-9868-57a2d4851a1d" relativeResultsDirectory="61baa352-6206-4e35-9513-0f2fe9bc23d2">
      <Output>
        <StdOut>Debug Trace:
-31
4932</StdOut>
        <ErrorInfo>
          <Message>Assert.AreEqual failed. Expected:&lt;2049&gt;. Actual:&lt;4932&gt;. Program output is different from the expected output.</Message>
          <StackTrace>   at ExercisesTest.TestHelper.AssertOutput(String expectedOutput) in \\mac\home\Desktop\CSExercises\ExercisesTest\TestHelper.cs:line 48
   at ExercisesTest.TestHelper.TestOutputEqual(Type t, String input, String output) in \\mac\home\Desktop\CSExercises\ExercisesTest\TestHelper.cs:line 97
   at ExercisesTest.ExB5Test.ExB5_TestWithRandomNegativeNumber() in \\mac\home\Desktop\CSExercises\ExercisesTest\SectionB\ExB5Test.cs:line 29
</StackTrace>
        </ErrorInfo>
      </Output>
    </UnitTestResult>
    <UnitTestResult executionId="02a14530-93e9-4dcc-9410-6a4ee6c0ae1d" testId="521f27a5-8565-5e7d-7db9-96f0742480e4" testName="ExB4_TestWithZero" computerName="ZANAANUAR1564" duration="00:00:00.0006822" startTime="2016-08-14T19:29:30.0585692+08:00" endTime="2016-08-14T19:29:30.0595679+08:00" testType="13cdc9d9-ddb5-4fa4-a97d-d965ccfc6d4b" outcome="Passed" testListId="8c84fa94-04c1-424b-9868-57a2d4851a1d" relativeResultsDirectory="02a14530-93e9-4dcc-9410-6a4ee6c0ae1d">
      <Output>
        <StdOut>Debug Trace:
0
32</StdOut>
      </Output>
    </UnitTestResult>
    <UnitTestResult executionId="a01213a3-f36f-4636-b109-d516af1d159f" testId="d3c73420-c493-2580-26b5-713efb8af071" testName="ExB4_TestWithRandomPositiveNumber" computerName="ZANAANUAR1564" duration="00:00:00.0002861" startTime="2016-08-14T19:29:30.0595679+08:00" endTime="2016-08-14T19:29:30.0595679+08:00" testType="13cdc9d9-ddb5-4fa4-a97d-d965ccfc6d4b" outcome="Passed" testListId="8c84fa94-04c1-424b-9868-57a2d4851a1d" relativeResultsDirectory="a01213a3-f36f-4636-b109-d516af1d159f">
      <Output>
        <StdOut>Debug Trace:
70
158</StdOut>
      </Output>
    </UnitTestResult>
    <UnitTestResult executionId="3cd03df1-ef35-4c08-8825-323d9468a8d3" testId="07543d53-3299-9504-fc22-6f3224244293" testName="ExB4_TestWithRandomNegativeNumber" computerName="ZANAANUAR1564" duration="00:00:00.0002903" startTime="2016-08-14T19:29:30.0595679+08:00" endTime="2016-08-14T19:29:30.0605679+08:00" testType="13cdc9d9-ddb5-4fa4-a97d-d965ccfc6d4b" outcome="Passed" testListId="8c84fa94-04c1-424b-9868-57a2d4851a1d" relativeResultsDirectory="3cd03df1-ef35-4c08-8825-323d9468a8d3">
      <Output>
        <StdOut>Debug Trace:
-31
-23.8</StdOut>
      </Output>
    </UnitTestResult>
    <UnitTestResult executionId="00e3a0b9-b11b-437c-b09b-502437f908b0" testId="547d9154-166e-a709-4ab7-dbf01b9db8a0" testName="ExB3_TestWithZero" computerName="ZANAANUAR1564" duration="00:00:00.0005665" startTime="2016-08-14T19:29:30.0605679+08:00" endTime="2016-08-14T19:29:30.0615678+08:00" testType="13cdc9d9-ddb5-4fa4-a97d-d965ccfc6d4b" outcome="Passed" testListId="8c84fa94-04c1-424b-9868-57a2d4851a1d" relativeResultsDirectory="00e3a0b9-b11b-437c-b09b-502437f908b0">
      <Output>
        <StdOut>Debug Trace:
0
$0.00</StdOut>
      </Output>
    </UnitTestResult>
    <UnitTestResult executionId="d5667a06-3713-49a4-96d6-0b21a447609d" testId="ff06b2a1-aac2-2828-23bf-4e83c2715f17" testName="ExB3_TestWithRandomNumber" computerName="ZANAANUAR1564" duration="00:00:00.0002174" startTime="2016-08-14T19:29:30.0615678+08:00" endTime="2016-08-14T19:29:30.0615678+08:00" testType="13cdc9d9-ddb5-4fa4-a97d-d965ccfc6d4b" outcome="Passed" testListId="8c84fa94-04c1-424b-9868-57a2d4851a1d" relativeResultsDirectory="d5667a06-3713-49a4-96d6-0b21a447609d">
      <Output>
        <StdOut>Debug Trace:
70
$79.10</StdOut>
      </Output>
    </UnitTestResult>
    <UnitTestResult executionId="b5210cf5-48ac-4b0a-920a-345093190de8" testId="dd7a1cf7-7671-a70a-aef5-f365aedd4d0e" testName="ExB2_TestWithZero" computerName="ZANAANUAR1564" duration="00:00:00.0002414" startTime="2016-08-14T19:29:30.0615678+08:00" endTime="2016-08-14T19:29:30.0625707+08:00" testType="13cdc9d9-ddb5-4fa4-a97d-d965ccfc6d4b" outcome="Passed" testListId="8c84fa94-04c1-424b-9868-57a2d4851a1d" relativeResultsDirectory="b5210cf5-48ac-4b0a-920a-345093190de8" />
    <UnitTestResult executionId="103d9369-6c1c-4b1a-9446-c418901682de" testId="1e6e95e5-93d0-8567-b766-24daa399e7a5" testName="ExB2_TestWithRandomNumber" computerName="ZANAANUAR1564" duration="00:00:00.0001321" startTime="2016-08-14T19:29:30.0625707+08:00" endTime="2016-08-14T19:29:30.0625707+08:00" testType="13cdc9d9-ddb5-4fa4-a97d-d965ccfc6d4b" outcome="Passed" testListId="8c84fa94-04c1-424b-9868-57a2d4851a1d" relativeResultsDirectory="103d9369-6c1c-4b1a-9446-c418901682de" />
    <UnitTestResult executionId="bbddcc80-5231-4dce-bd7e-883b726509ee" testId="928f0289-fc26-87c9-cbcc-7860f04c41e5" testName="ExB1_TestWithZero" computerName="ZANAANUAR1564" duration="00:00:00.0001586" startTime="2016-08-14T19:29:30.0625707+08:00" endTime="2016-08-14T19:29:30.0625707+08:00" testType="13cdc9d9-ddb5-4fa4-a97d-d965ccfc6d4b" outcome="Passed" testListId="8c84fa94-04c1-424b-9868-57a2d4851a1d" relativeResultsDirectory="bbddcc80-5231-4dce-bd7e-883b726509ee" />
    <UnitTestResult executionId="66f388e0-38da-428c-97a4-f3de93b89454" testId="cf3fce46-434f-4b13-6b4c-ced354dd07f6" testName="ExB1_TestWithRandomNumber" computerName="ZANAANUAR1564" duration="00:00:00.0001466" startTime="2016-08-14T19:29:30.0625707+08:00" endTime="2016-08-14T19:29:30.0635689+08:00" testType="13cdc9d9-ddb5-4fa4-a97d-d965ccfc6d4b" outcome="Passed" testListId="8c84fa94-04c1-424b-9868-57a2d4851a1d" relativeResultsDirectory="66f388e0-38da-428c-97a4-f3de93b89454" />
    <UnitTestResult executionId="de0bd214-c580-48db-97d5-d56522283817" testId="76d0a13b-ab80-9522-b82c-80ef6e94b587" testName="ExA5_Case1" computerName="ZANAANUAR1564" duration="00:00:00.0002595" startTime="2016-08-14T19:29:30.0635689+08:00" endTime="2016-08-14T19:29:30.0635689+08:00" testType="13cdc9d9-ddb5-4fa4-a97d-d965ccfc6d4b" outcome="Passed" testListId="8c84fa94-04c1-424b-9868-57a2d4851a1d" relativeResultsDirectory="de0bd214-c580-48db-97d5-d56522283817">
      <Output>
        <StdOut>Debug Trace:
100.1
100.10</StdOut>
      </Output>
    </UnitTestResult>
    <UnitTestResult executionId="76e0f292-227e-4f47-a95f-97a61e34df38" testId="22a0a7fb-7586-1091-0284-41aa8e900d3a" testName="ExA5_Case2" computerName="ZANAANUAR1564" duration="00:00:00.0001252" startTime="2016-08-14T19:29:30.0635689+08:00" endTime="2016-08-14T19:29:30.0635689+08:00" testType="13cdc9d9-ddb5-4fa4-a97d-d965ccfc6d4b" outcome="Passed" testListId="8c84fa94-04c1-424b-9868-57a2d4851a1d" relativeResultsDirectory="76e0f292-227e-4f47-a95f-97a61e34df38">
      <Output>
        <StdOut>Debug Trace:
0
0.00</StdOut>
      </Output>
    </UnitTestResult>
    <UnitTestResult executionId="5b57ec76-3173-499d-ab93-0b7db06ee26a" testId="220c17f5-86fd-d612-976c-3a2f2514a9ee" testName="ExA5_Case3" computerName="ZANAANUAR1564" duration="00:00:00.0001226" startTime="2016-08-14T19:29:30.0635689+08:00" endTime="2016-08-14T19:29:30.0645667+08:00" testType="13cdc9d9-ddb5-4fa4-a97d-d965ccfc6d4b" outcome="Passed" testListId="8c84fa94-04c1-424b-9868-57a2d4851a1d" relativeResultsDirectory="5b57ec76-3173-499d-ab93-0b7db06ee26a">
      <Output>
        <StdOut>Debug Trace:
3.232
3.23</StdOut>
      </Output>
    </UnitTestResult>
    <UnitTestResult executionId="8d92edf5-2203-4298-80bf-8b43e4d0fe8f" testId="eeda8489-f414-b738-730a-b86d9a065988" testName="ExA5_Case4" computerName="ZANAANUAR1564" duration="00:00:00.0001236" startTime="2016-08-14T19:29:30.0645667+08:00" endTime="2016-08-14T19:29:30.0645667+08:00" testType="13cdc9d9-ddb5-4fa4-a97d-d965ccfc6d4b" outcome="Passed" testListId="8c84fa94-04c1-424b-9868-57a2d4851a1d" relativeResultsDirectory="8d92edf5-2203-4298-80bf-8b43e4d0fe8f">
      <Output>
        <StdOut>Debug Trace:
4.555
4.56</StdOut>
      </Output>
    </UnitTestResult>
    <UnitTestResult executionId="e3c5b304-df64-4823-90b9-c523446f548d" testId="7c77c2c8-c4ae-c33d-b32c-0c27ea0a4ea6" testName="ExA4_SquareOf0" computerName="ZANAANUAR1564" duration="00:00:00.0006884" startTime="2016-08-14T19:29:30.0645667+08:00" endTime="2016-08-14T19:29:30.0655673+08:00" testType="13cdc9d9-ddb5-4fa4-a97d-d965ccfc6d4b" outcome="Passed" testListId="8c84fa94-04c1-424b-9868-57a2d4851a1d" relativeResultsDirectory="e3c5b304-df64-4823-90b9-c523446f548d" />
    <UnitTestResult executionId="5bb98b6c-7287-43ec-9466-d52cc81ad128" testId="06b9133f-4899-3a9e-2fb2-27c70cb6b199" testName="ExA4_SquareOf10" computerName="ZANAANUAR1564" duration="00:00:00.0000986" startTime="2016-08-14T19:29:30.0655673+08:00" endTime="2016-08-14T19:29:30.0655673+08:00" testType="13cdc9d9-ddb5-4fa4-a97d-d965ccfc6d4b" outcome="Passed" testListId="8c84fa94-04c1-424b-9868-57a2d4851a1d" relativeResultsDirectory="5bb98b6c-7287-43ec-9466-d52cc81ad128" />
    <UnitTestResult executionId="3ba1ffde-77d0-4ba5-a0d8-58fab0b5effb" testId="bb1830d4-461e-fe67-a1f1-5256b7d4a372" testName="ExA4_SquareOfMin10" computerName="ZANAANUAR1564" duration="00:00:00.0000915" startTime="2016-08-14T19:29:30.0655673+08:00" endTime="2016-08-14T19:29:30.0655673+08:00" testType="13cdc9d9-ddb5-4fa4-a97d-d965ccfc6d4b" outcome="Passed" testListId="8c84fa94-04c1-424b-9868-57a2d4851a1d" relativeResultsDirectory="3ba1ffde-77d0-4ba5-a0d8-58fab0b5effb" />
    <UnitTestResult executionId="ffcd3f87-818e-43f0-aec9-ae710c1305d5" testId="b0fe1b76-85dd-996a-6897-764077fa221a" testName="ExB6_TestWithZero" computerName="ZANAANUAR1564" duration="00:00:00.0003950" startTime="2016-08-14T19:29:30.0655673+08:00" endTime="2016-08-14T19:29:30.0665664+08:00" testType="13cdc9d9-ddb5-4fa4-a97d-d965ccfc6d4b" outcome="Passed" testListId="8c84fa94-04c1-424b-9868-57a2d4851a1d" relativeResultsDirectory="ffcd3f87-818e-43f0-aec9-ae710c1305d5">
      <Output>
        <StdOut>Debug Trace:
0
0
0
0
0</StdOut>
      </Output>
    </UnitTestResult>
    <UnitTestResult executionId="5e31df26-d920-4206-88fc-61073ee7a014" testId="3e2b89e5-e2cc-63c8-e53e-5e4f06942620" testName="ExB6_TestWithPositiveNumber" computerName="ZANAANUAR1564" duration="00:00:00.0001730" startTime="2016-08-14T19:29:30.0665664+08:00" endTime="2016-08-14T19:29:30.0665664+08:00" testType="13cdc9d9-ddb5-4fa4-a97d-d965ccfc6d4b" outcome="Passed" testListId="8c84fa94-04c1-424b-9868-57a2d4851a1d" relativeResultsDirectory="5e31df26-d920-4206-88fc-61073ee7a014">
      <Output>
        <StdOut>Debug Trace:
20
0
20
20
20</StdOut>
      </Output>
    </UnitTestResult>
    <UnitTestResult executionId="8a20ab68-cc39-4160-8544-ee63ad21ae2a" testId="09a74379-7aab-b6a3-6c3c-bf77ba90813f" testName="ExB6_TestWithNegativeNumber" computerName="ZANAANUAR1564" duration="00:00:00.0001801" startTime="2016-08-14T19:29:30.0665664+08:00" endTime="2016-08-14T19:29:30.0675672+08:00" testType="13cdc9d9-ddb5-4fa4-a97d-d965ccfc6d4b" outcome="Passed" testListId="8c84fa94-04c1-424b-9868-57a2d4851a1d" relativeResultsDirectory="8a20ab68-cc39-4160-8544-ee63ad21ae2a">
      <Output>
        <StdOut>Debug Trace:
20
0
-20
-20
44.7213595499958</StdOut>
      </Output>
    </UnitTestResult>
    <UnitTestResult executionId="1b442503-9282-4630-a846-9ec90644f432" testId="5d10d8c6-9801-fba8-47ea-4f24d629e64e" testName="ExB7_TestWithZero" computerName="ZANAANUAR1564" duration="00:00:00.0002878" startTime="2016-08-14T19:29:30.0675672+08:00" endTime="2016-08-14T19:29:30.0675672+08:00" testType="13cdc9d9-ddb5-4fa4-a97d-d965ccfc6d4b" outcome="Passed" testListId="8c84fa94-04c1-424b-9868-57a2d4851a1d" relativeResultsDirectory="1b442503-9282-4630-a846-9ec90644f432">
      <Output>
        <StdOut>Debug Trace:
0
2.4</StdOut>
      </Output>
    </UnitTestResult>
    <UnitTestResult executionId="16055c78-4376-4d7a-b925-684e4c8a399f" testId="8a3c2921-0d21-9733-b802-8fd60efda746" testName="ExB7_TestWithRandomPositiveNumber" computerName="ZANAANUAR1564" duration="00:00:00.0002839" startTime="2016-08-14T19:29:30.0675672+08:00" endTime="2016-08-14T19:29:30.0685680+08:00" testType="13cdc9d9-ddb5-4fa4-a97d-d965ccfc6d4b" outcome="Passed" testListId="8c84fa94-04c1-424b-9868-57a2d4851a1d" relativeResultsDirectory="16055c78-4376-4d7a-b925-684e4c8a399f">
      <Output>
        <StdOut>Debug Trace:
70.01
30.404

67.02
29.208

34.01
16.004</StdOut>
      </Output>
    </UnitTestResult>
    <UnitTestResult executionId="31e3c4b6-ace7-4b9c-b1bd-c06fefe133ee" testId="d8f4ff5b-1da8-68e0-6735-dca747510bd3" testName="ExB8_TestWithZero" computerName="ZANAANUAR1564" duration="00:00:00.0015875" startTime="2016-08-14T19:29:30.0685680+08:00" endTime="2016-08-14T19:29:30.0705677+08:00" testType="13cdc9d9-ddb5-4fa4-a97d-d965ccfc6d4b" outcome="Failed" testListId="8c84fa94-04c1-424b-9868-57a2d4851a1d" relativeResultsDirectory="31e3c4b6-ace7-4b9c-b1bd-c06fefe133ee">
      <Output>
        <StdOut>Debug Trace:
0
2.4</StdOut>
        <ErrorInfo>
          <Message>Assert.AreEqual failed. Expected:&lt;2.40&gt;. Actual:&lt;2.4&gt;. Program output is different from the expected output.</Message>
          <StackTrace>   at ExercisesTest.TestHelper.AssertOutput(String expectedOutput) in \\mac\home\Desktop\CSExercises\ExercisesTest\TestHelper.cs:line 48
   at ExercisesTest.TestHelper.TestOutputEqual(Type t, String input, String output) in \\mac\home\Desktop\CSExercises\ExercisesTest\TestHelper.cs:line 97
   at ExercisesTest.ExB8Test.ExB8_TestWithZero() in \\mac\home\Desktop\CSExercises\ExercisesTest\SectionB\ExB8Test.cs:line 13
</StackTrace>
        </ErrorInfo>
      </Output>
    </UnitTestResult>
    <UnitTestResult executionId="0ad17ecb-1a58-4b70-a6e5-0b2e04634e3e" testId="4c46834b-f4c3-08ad-a27c-3715addd7c00" testName="ExB8_TestWithRandomPositiveNumber" computerName="ZANAANUAR1564" duration="00:00:00.0012841" startTime="2016-08-14T19:29:30.0705677+08:00" endTime="2016-08-14T19:29:30.0715687+08:00" testType="13cdc9d9-ddb5-4fa4-a97d-d965ccfc6d4b" outcome="Failed" testListId="8c84fa94-04c1-424b-9868-57a2d4851a1d" relativeResultsDirectory="0ad17ecb-1a58-4b70-a6e5-0b2e04634e3e">
      <Output>
        <StdOut>Debug Trace:
70.01
30.4</StdOut>
        <ErrorInfo>
          <Message>Assert.AreEqual failed. Expected:&lt;30.40&gt;. Actual:&lt;30.4&gt;. Program output is different from the expected output.</Message>
          <StackTrace>   at ExercisesTest.TestHelper.AssertOutput(String expectedOutput) in \\mac\home\Desktop\CSExercises\ExercisesTest\TestHelper.cs:line 48
   at ExercisesTest.TestHelper.TestOutputEqual(Type t, String input, String output) in \\mac\home\Desktop\CSExercises\ExercisesTest\TestHelper.cs:line 97
   at ExercisesTest.ExB8Test.ExB8_TestWithRandomPositiveNumber() in \\mac\home\Desktop\CSExercises\ExercisesTest\SectionB\ExB8Test.cs:line 23
</StackTrace>
        </ErrorInfo>
      </Output>
    </UnitTestResult>
    <UnitTestResult executionId="03b6c2e2-7e33-4ab5-a24b-87779041655a" testId="4d421191-ce69-78f3-5526-c5d9422be733" testName="ExB9TestWithZero" computerName="ZANAANUAR1564" duration="00:00:00.0016703" startTime="2016-08-14T19:29:30.0715687+08:00" endTime="2016-08-14T19:29:30.0735723+08:00" testType="13cdc9d9-ddb5-4fa4-a97d-d965ccfc6d4b" outcome="Failed" testListId="8c84fa94-04c1-424b-9868-57a2d4851a1d" relativeResultsDirectory="03b6c2e2-7e33-4ab5-a24b-87779041655a">
      <Output>
        <StdOut>Debug Trace:
0
2.4</StdOut>
        <ErrorInfo>
          <Message>Assert.AreEqual failed. Expected:&lt;2.40&gt;. Actual:&lt;2.4&gt;. Program output is different from the expected output.</Message>
          <StackTrace>   at ExercisesTest.TestHelper.AssertOutput(String expectedOutput) in \\mac\home\Desktop\CSExercises\ExercisesTest\TestHelper.cs:line 48
   at ExercisesTest.TestHelper.TestOutputEqual(Type t, String input, String output) in \\mac\home\Desktop\CSExercises\ExercisesTest\TestHelper.cs:line 97
   at ExercisesTest.ExB9Test.ExB9TestWithZero() in \\mac\home\Desktop\CSExercises\ExercisesTest\SectionB\ExB9Test.cs:line 13
</StackTrace>
        </ErrorInfo>
      </Output>
    </UnitTestResult>
    <UnitTestResult executionId="d814d214-e3ba-45d8-9ba7-a12eac2d338f" testId="2514325f-8396-182f-50e8-0dd4b88ec67a" testName="ExB9TestWithRandomPositiveNumber" computerName="ZANAANUAR1564" duration="00:00:00.0016192" startTime="2016-08-14T19:29:30.0735723+08:00" endTime="2016-08-14T19:29:30.0755718+08:00" testType="13cdc9d9-ddb5-4fa4-a97d-d965ccfc6d4b" outcome="Failed" testListId="8c84fa94-04c1-424b-9868-57a2d4851a1d" relativeResultsDirectory="d814d214-e3ba-45d8-9ba7-a12eac2d338f">
      <Output>
        <StdOut>Debug Trace:
6.01
4.9</StdOut>
        <ErrorInfo>
          <Message>Assert.AreEqual failed. Expected:&lt;4.90&gt;. Actual:&lt;4.9&gt;. Program output is different from the expected output.</Message>
          <StackTrace>   at ExercisesTest.TestHelper.AssertOutput(String expectedOutput) in \\mac\home\Desktop\CSExercises\ExercisesTest\TestHelper.cs:line 48
   at ExercisesTest.TestHelper.TestOutputEqual(Type t, String input, String output) in \\mac\home\Desktop\CSExercises\ExercisesTest\TestHelper.cs:line 97
   at ExercisesTest.ExB9Test.ExB9TestWithRandomPositiveNumber() in \\mac\home\Desktop\CSExercises\ExercisesTest\SectionB\ExB9Test.cs:line 23
</StackTrace>
        </ErrorInfo>
      </Output>
    </UnitTestResult>
    <UnitTestResult executionId="61290561-ae03-409d-8510-87296f3e0884" testId="2f64d7d7-397c-497d-5ac2-6f48b2c6e87a" testName="ExB10_TestWithZero" computerName="ZANAANUAR1564" duration="00:00:00.0006091" startTime="2016-08-14T19:29:30.0755718+08:00" endTime="2016-08-14T19:29:30.0765715+08:00" testType="13cdc9d9-ddb5-4fa4-a97d-d965ccfc6d4b" outcome="Passed" testListId="8c84fa94-04c1-424b-9868-57a2d4851a1d" relativeResultsDirectory="61290561-ae03-409d-8510-87296f3e0884">
      <Output>
        <StdOut>Debug Trace:
0
0
0
0</StdOut>
      </Output>
    </UnitTestResult>
    <UnitTestResult executionId="525ea95b-b561-4319-b49b-519003a04d1a" testId="2c0176f9-773e-372e-9030-1985551cf0c5" testName="ExB10_TestWithPositiveNumber" computerName="ZANAANUAR1564" duration="00:00:00.0002589" startTime="2016-08-14T19:29:30.0765715+08:00" endTime="2016-08-14T19:29:30.0775776+08:00" testType="13cdc9d9-ddb5-4fa4-a97d-d965ccfc6d4b" outcome="Passed" testListId="8c84fa94-04c1-424b-9868-57a2d4851a1d" relativeResultsDirectory="525ea95b-b561-4319-b49b-519003a04d1a">
      <Output>
        <StdOut>Debug Trace:
3
4
5
6</StdOut>
      </Output>
    </UnitTestResult>
    <UnitTestResult executionId="a99d72cf-d703-4239-8715-0d2348ece5d6" testId="f44f585d-496a-ceff-8ec5-5aa583d03039" testName="ExC5_TestWithAmstrongNumber" computerName="ZANAANUAR1564" duration="00:00:00.0014571" startTime="2016-08-14T19:29:30.0775776+08:00" endTime="2016-08-14T19:29:30.0795696+08:00" testType="13cdc9d9-ddb5-4fa4-a97d-d965ccfc6d4b" outcome="Failed" testListId="8c84fa94-04c1-424b-9868-57a2d4851a1d" relativeResultsDirectory="a99d72cf-d703-4239-8715-0d2348ece5d6">
      <Output>
        <StdOut>Debug Trace:</StdOut>
        <ErrorInfo>
          <Message>Assert.IsTrue failed. There is no output detected</Message>
          <StackTrace>   at ExercisesTest.TestHelper.AssertOutput(String expectedOutput) in \\mac\home\Desktop\CSExercises\ExercisesTest\TestHelper.cs:line 47
   at ExercisesTest.TestHelper.TestOutputEqual(Type t, String input, String output) in \\mac\home\Desktop\CSExercises\ExercisesTest\TestHelper.cs:line 97
   at ExercisesTest.ExC5Test.ExC5_TestWithAmstrongNumber() in \\mac\home\Desktop\CSExercises\ExercisesTest\SectionC\ExC5Test.cs:line 13
</StackTrace>
        </ErrorInfo>
      </Output>
    </UnitTestResult>
    <UnitTestResult executionId="f37d2114-a611-491c-b248-d9956993d5a7" testId="403ee091-5d56-e49f-11e0-a0069db2d71f" testName="ExC5_TestWithRandomPositiveNumber" computerName="ZANAANUAR1564" duration="00:00:00.0015631" startTime="2016-08-14T19:29:30.0795696+08:00" endTime="2016-08-14T19:29:30.0805734+08:00" testType="13cdc9d9-ddb5-4fa4-a97d-d965ccfc6d4b" outcome="Failed" testListId="8c84fa94-04c1-424b-9868-57a2d4851a1d" relativeResultsDirectory="f37d2114-a611-491c-b248-d9956993d5a7">
      <Output>
        <StdOut>Debug Trace:</StdOut>
        <ErrorInfo>
          <Message>Assert.IsTrue failed. There is no output detected</Message>
          <StackTrace>   at ExercisesTest.TestHelper.AssertOutput(String expectedOutput) in \\mac\home\Desktop\CSExercises\ExercisesTest\TestHelper.cs:line 47
   at ExercisesTest.TestHelper.TestOutputEqual(Type t, String input, String output) in \\mac\home\Desktop\CSExercises\ExercisesTest\TestHelper.cs:line 97
   at ExercisesTest.ExC5Test.ExC5_TestWithRandomPositiveNumber() in \\mac\home\Desktop\CSExercises\ExercisesTest\SectionC\ExC5Test.cs:line 27
</StackTrace>
        </ErrorInfo>
      </Output>
    </UnitTestResult>
    <UnitTestResult executionId="51a1ca90-9b7b-4cbe-b603-c16e3adb099e" testId="61d166ef-4cfe-77e3-b543-897aca364290" testName="ExC1_TestWithMale" computerName="ZANAANUAR1564" duration="00:00:00.0015914" startTime="2016-08-14T19:29:30.0805734+08:00" endTime="2016-08-14T19:29:30.0835684+08:00" testType="13cdc9d9-ddb5-4fa4-a97d-d965ccfc6d4b" outcome="Failed" testListId="8c84fa94-04c1-424b-9868-57a2d4851a1d" relativeResultsDirectory="51a1ca90-9b7b-4cbe-b603-c16e3adb099e">
      <Output>
        <StdOut>Debug Trace:
Please enter your name: John Smith
Please enter your gender (M/F): M</StdOut>
        <ErrorInfo>
          <Message>Assert.AreEqual failed. Expected:&lt;good morning mr. john smith&gt;. Actual:&lt;please enter your gender (m/f):&gt;. Program output is different from the expected output.</Message>
          <StackTrace>   at ExercisesTest.TestHelper.AssertOutput(String expectedOutput) in \\mac\home\Desktop\CSExercises\ExercisesTest\TestHelper.cs:line 48
   at ExercisesTest.ExC1Test.ExC1_TestWithMale() in \\mac\home\Desktop\CSExercises\ExercisesTest\SectionC\ExC1Test.cs:line 15
</StackTrace>
        </ErrorInfo>
      </Output>
    </UnitTestResult>
    <UnitTestResult executionId="a944fcad-3723-4f07-abc3-13f3ab7a8fa0" testId="f01da9c2-186f-f432-e2ea-a4bf6e6db11b" testName="ExC1_TestWithFemale" computerName="ZANAANUAR1564" duration="00:00:00.0013947" startTime="2016-08-14T19:29:30.0835684+08:00" endTime="2016-08-14T19:29:30.0845701+08:00" testType="13cdc9d9-ddb5-4fa4-a97d-d965ccfc6d4b" outcome="Failed" testListId="8c84fa94-04c1-424b-9868-57a2d4851a1d" relativeResultsDirectory="a944fcad-3723-4f07-abc3-13f3ab7a8fa0">
      <Output>
        <StdOut>Debug Trace:
Please enter your name: Jane Austen
Please enter your gender (M/F): F</StdOut>
        <ErrorInfo>
          <Message>Assert.AreEqual failed. Expected:&lt;good morning ms. jane austen&gt;. Actual:&lt;please enter your gender (m/f):&gt;. Program output is different from the expected output.</Message>
          <StackTrace>   at ExercisesTest.TestHelper.AssertOutput(String expectedOutput) in \\mac\home\Desktop\CSExercises\ExercisesTest\TestHelper.cs:line 48
   at ExercisesTest.ExC1Test.ExC1_TestWithFemale() in \\mac\home\Desktop\CSExercises\ExercisesTest\SectionC\ExC1Test.cs:line 24
</StackTrace>
        </ErrorInfo>
      </Output>
    </UnitTestResult>
    <UnitTestResult executionId="957003ac-ccc9-4434-a44f-8146875c5f54" testId="437f057a-e785-23b6-2c3b-fdb00373c2ea" testName="ExC1_TestWithUnknown" computerName="ZANAANUAR1564" duration="00:00:00.0004475" startTime="2016-08-14T19:29:30.0845701+08:00" endTime="2016-08-14T19:29:30.0855681+08:00" testType="13cdc9d9-ddb5-4fa4-a97d-d965ccfc6d4b" outcome="Passed" testListId="8c84fa94-04c1-424b-9868-57a2d4851a1d" relativeResultsDirectory="957003ac-ccc9-4434-a44f-8146875c5f54">
      <Output>
        <StdOut>Debug Trace:
Please enter your name: Jane Austen
Please enter your gender (M/F): X</StdOut>
      </Output>
    </UnitTestResult>
    <UnitTestResult executionId="9ded62a5-4bd1-49f4-b805-148824514911" testId="2cc7dc39-d769-d794-e8ff-a77afcb7d16c" testName="ExC2_TestWithUncle" computerName="ZANAANUAR1564" duration="00:00:00.0016885" startTime="2016-08-14T19:29:30.0855681+08:00" endTime="2016-08-14T19:29:30.0875678+08:00" testType="13cdc9d9-ddb5-4fa4-a97d-d965ccfc6d4b" outcome="Failed" testListId="8c84fa94-04c1-424b-9868-57a2d4851a1d" relativeResultsDirectory="9ded62a5-4bd1-49f4-b805-148824514911">
      <Output>
        <StdOut>Debug Trace:
Please enter your name: Arnold
Please enter your gender (M/F): M
Please enter your age: 40</StdOut>
        <ErrorInfo>
          <Message>Assert.AreEqual failed. Expected:&lt;good morning uncle arnold&gt;. Actual:&lt;please enter your age:&gt;. Program output is different from the expected output.</Message>
          <StackTrace>   at ExercisesTest.TestHelper.AssertOutput(String expectedOutput) in \\mac\home\Desktop\CSExercises\ExercisesTest\TestHelper.cs:line 48
   at ExercisesTest.ExC2_Test.ExC2_TestWithUncle() in \\mac\home\Desktop\CSExercises\ExercisesTest\SectionC\ExC2_Test.cs:line 15
</StackTrace>
        </ErrorInfo>
      </Output>
    </UnitTestResult>
    <UnitTestResult executionId="76012fe4-52b3-4314-b685-127c112bd0fb" testId="358b895f-9561-e345-43e3-0530571178f3" testName="ExC2_TestWithAunty" computerName="ZANAANUAR1564" duration="00:00:00.0013989" startTime="2016-08-14T19:29:30.0875678+08:00" endTime="2016-08-14T19:29:30.0895964+08:00" testType="13cdc9d9-ddb5-4fa4-a97d-d965ccfc6d4b" outcome="Failed" testListId="8c84fa94-04c1-424b-9868-57a2d4851a1d" relativeResultsDirectory="76012fe4-52b3-4314-b685-127c112bd0fb">
      <Output>
        <StdOut>Debug Trace:
Please enter your name: Madonna
Please enter your gender (M/F): F
Please enter your age: 51</StdOut>
        <ErrorInfo>
          <Message>Assert.AreEqual failed. Expected:&lt;good morning aunty madonna&gt;. Actual:&lt;please enter your age:&gt;. Program output is different from the expected output.</Message>
          <StackTrace>   at ExercisesTest.TestHelper.AssertOutput(String expectedOutput) in \\mac\home\Desktop\CSExercises\ExercisesTest\TestHelper.cs:line 48
   at ExercisesTest.ExC2_Test.ExC2_TestWithAunty() in \\mac\home\Desktop\CSExercises\ExercisesTest\SectionC\ExC2_Test.cs:line 24
</StackTrace>
        </ErrorInfo>
      </Output>
    </UnitTestResult>
    <UnitTestResult executionId="22e86d7e-3dc3-48cf-b2c2-715e2cfa767a" testId="5786c8fe-760a-f1e2-51f3-9bf03ba7c133" testName="ExC2_TestWitMr" computerName="ZANAANUAR1564" duration="00:00:00.0012448" startTime="2016-08-14T19:29:30.0895964+08:00" endTime="2016-08-14T19:29:30.0905700+08:00" testType="13cdc9d9-ddb5-4fa4-a97d-d965ccfc6d4b" outcome="Failed" testListId="8c84fa94-04c1-424b-9868-57a2d4851a1d" relativeResultsDirectory="22e86d7e-3dc3-48cf-b2c2-715e2cfa767a">
      <Output>
        <StdOut>Debug Trace:
Please enter your name: Will Smith
Please enter your gender (M/F): M
Please enter your age:</StdOut>
        <ErrorInfo>
          <Message>Assert.AreEqual failed. Expected:&lt;good morning mr. will smith&gt;. Actual:&lt;please enter your age:&gt;. Program output is different from the expected output.</Message>
          <StackTrace>   at ExercisesTest.TestHelper.AssertOutput(String expectedOutput) in \\mac\home\Desktop\CSExercises\ExercisesTest\TestHelper.cs:line 48
   at ExercisesTest.ExC2_Test.ExC2_TestWitMr() in \\mac\home\Desktop\CSExercises\ExercisesTest\SectionC\ExC2_Test.cs:line 33
</StackTrace>
        </ErrorInfo>
      </Output>
    </UnitTestResult>
    <UnitTestResult executionId="de987630-70b4-4d8c-955d-afb107a62d30" testId="1d1c8a71-2287-e26b-162e-49d36eb500a6" testName="ExC2_TestWithMs" computerName="ZANAANUAR1564" duration="00:00:00.0014655" startTime="2016-08-14T19:29:30.0905700+08:00" endTime="2016-08-14T19:29:30.0925691+08:00" testType="13cdc9d9-ddb5-4fa4-a97d-d965ccfc6d4b" outcome="Failed" testListId="8c84fa94-04c1-424b-9868-57a2d4851a1d" relativeResultsDirectory="de987630-70b4-4d8c-955d-afb107a62d30">
      <Output>
        <StdOut>Debug Trace:
Please enter your name: Ariana Grande
Please enter your gender (M/F): F
Please enter your age: 18</StdOut>
        <ErrorInfo>
          <Message>Assert.AreEqual failed. Expected:&lt;good morning ms. ariana grande&gt;. Actual:&lt;please enter your age:&gt;. Program output is different from the expected output.</Message>
          <StackTrace>   at ExercisesTest.TestHelper.AssertOutput(String expectedOutput) in \\mac\home\Desktop\CSExercises\ExercisesTest\TestHelper.cs:line 48
   at ExercisesTest.ExC2_Test.ExC2_TestWithMs() in \\mac\home\Desktop\CSExercises\ExercisesTest\SectionC\ExC2_Test.cs:line 42
</StackTrace>
        </ErrorInfo>
      </Output>
    </UnitTestResult>
    <UnitTestResult executionId="515d1d26-79c8-4c02-8006-677199b39afd" testId="3f3b4237-6c70-8c91-dc5f-29e8e770339b" testName="ExC2_TestWithUnknown" computerName="ZANAANUAR1564" duration="00:00:00.0002476" startTime="2016-08-14T19:29:30.0925691+08:00" endTime="2016-08-14T19:29:30.0935702+08:00" testType="13cdc9d9-ddb5-4fa4-a97d-d965ccfc6d4b" outcome="Passed" testListId="8c84fa94-04c1-424b-9868-57a2d4851a1d" relativeResultsDirectory="515d1d26-79c8-4c02-8006-677199b39afd">
      <Output>
        <StdOut>Debug Trace:
Please enter your name: Jane Austen
Please enter your gender (M/F): X
Please enter your age: 20</StdOut>
      </Output>
    </UnitTestResult>
    <UnitTestResult executionId="26a15333-d0cb-48a1-a9cf-8dc76303205b" testId="66b3003b-1aa8-40bb-c162-a94b6568685b" testName="ExC4_TestWithZero" computerName="ZANAANUAR1564" duration="00:00:00.0018190" startTime="2016-08-14T19:29:30.0935702+08:00" endTime="2016-08-14T19:29:30.0955723+08:00" testType="13cdc9d9-ddb5-4fa4-a97d-d965ccfc6d4b" outcome="Failed" testListId="8c84fa94-04c1-424b-9868-57a2d4851a1d" relativeResultsDirectory="26a15333-d0cb-48a1-a9cf-8dc76303205b">
      <Output>
        <ErrorInfo>
          <Message>Assert.AreEqual failed. Expected:&lt;2.4&gt;. Actual:&lt;0&gt;. </Message>
          <StackTrace>   at ExercisesTest.ExC4Test.ExC4_TestWithZero() in \\mac\home\Desktop\CSExercises\ExercisesTest\SectionC\ExC4Test.cs:line 13
</StackTrace>
        </ErrorInfo>
      </Output>
    </UnitTestResult>
    <UnitTestResult executionId="eef4fafe-6379-4ad1-8999-d8df58fa9e8a" testId="b31774ee-007b-47f0-8e32-c6031c54d16f" testName="ExC4TestWithHalf" computerName="ZANAANUAR1564" duration="00:00:00.0011099" startTime="2016-08-14T19:29:30.0955723+08:00" endTime="2016-08-14T19:29:30.0965727+08:00" testType="13cdc9d9-ddb5-4fa4-a97d-d965ccfc6d4b" outcome="Failed" testListId="8c84fa94-04c1-424b-9868-57a2d4851a1d" relativeResultsDirectory="eef4fafe-6379-4ad1-8999-d8df58fa9e8a">
      <Output>
        <ErrorInfo>
          <Message>Assert.AreEqual failed. Expected:&lt;2.4&gt;. Actual:&lt;0&gt;. </Message>
          <StackTrace>   at ExercisesTest.ExC4Test.ExC4TestWithHalf() in \\mac\home\Desktop\CSExercises\ExercisesTest\SectionC\ExC4Test.cs:line 20
</StackTrace>
        </ErrorInfo>
      </Output>
    </UnitTestResult>
    <UnitTestResult executionId="b6458d06-3388-4818-9893-9ddeba90ea69" testId="27d651a7-a3b9-7a3a-3e05-60be06064821" testName="ExC4Test9Km" computerName="ZANAANUAR1564" duration="00:00:00.0011375" startTime="2016-08-14T19:29:30.0965727+08:00" endTime="2016-08-14T19:29:30.0985677+08:00" testType="13cdc9d9-ddb5-4fa4-a97d-d965ccfc6d4b" outcome="Failed" testListId="8c84fa94-04c1-424b-9868-57a2d4851a1d" relativeResultsDirectory="b6458d06-3388-4818-9893-9ddeba90ea69">
      <Output>
        <ErrorInfo>
          <Message>Assert.AreEqual failed. Expected:&lt;5.8&gt;. Actual:&lt;0&gt;. </Message>
          <StackTrace>   at ExercisesTest.ExC4Test.ExC4Test9Km() in \\mac\home\Desktop\CSExercises\ExercisesTest\SectionC\ExC4Test.cs:line 26
</StackTrace>
        </ErrorInfo>
      </Output>
    </UnitTestResult>
    <UnitTestResult executionId="22526019-92b1-474e-9823-6ae9264a4843" testId="99cc52e4-4ede-d6f1-699a-639a70caf19e" testName="ExC4Test1213Km" computerName="ZANAANUAR1564" duration="00:00:00.0009639" startTime="2016-08-14T19:29:30.0985677+08:00" endTime="2016-08-14T19:29:30.0995691+08:00" testType="13cdc9d9-ddb5-4fa4-a97d-d965ccfc6d4b" outcome="Failed" testListId="8c84fa94-04c1-424b-9868-57a2d4851a1d" relativeResultsDirectory="22526019-92b1-474e-9823-6ae9264a4843">
      <Output>
        <ErrorInfo>
          <Message>Assert.AreEqual failed. Expected:&lt;7.4&gt;. Actual:&lt;0&gt;. </Message>
          <StackTrace>   at ExercisesTest.ExC4Test.ExC4Test1213Km() in \\mac\home\Desktop\CSExercises\ExercisesTest\SectionC\ExC4Test.cs:line 33
</StackTrace>
        </ErrorInfo>
      </Output>
    </UnitTestResult>
    <UnitTestResult executionId="04f6df64-e66f-4e11-aa20-4461958e6792" testId="f232122e-0613-e1ee-dfe5-9b85a22cd2b0" testName="ExC6_TestWithZero" computerName="ZANAANUAR1564" duration="00:00:00.0001698" startTime="2016-08-14T19:29:30.0995691+08:00" endTime="2016-08-14T19:29:30.0995691+08:00" testType="13cdc9d9-ddb5-4fa4-a97d-d965ccfc6d4b" outcome="Passed" testListId="8c84fa94-04c1-424b-9868-57a2d4851a1d" relativeResultsDirectory="04f6df64-e66f-4e11-aa20-4461958e6792" />
    <UnitTestResult executionId="4dfd3337-3682-4444-8f07-9a97f22d947b" testId="ae4e66b0-9a29-2a92-aee9-fdf389c27fe6" testName="ExC6_TestWithOneProduct1" computerName="ZANAANUAR1564" duration="00:00:00.0010849" startTime="2016-08-14T19:29:30.0995691+08:00" endTime="2016-08-14T19:29:30.1015694+08:00" testType="13cdc9d9-ddb5-4fa4-a97d-d965ccfc6d4b" outcome="Failed" testListId="8c84fa94-04c1-424b-9868-57a2d4851a1d" relativeResultsDirectory="4dfd3337-3682-4444-8f07-9a97f22d947b">
      <Output>
        <ErrorInfo>
          <Message>Assert.AreEqual failed. Expected:&lt;4860&gt;. Actual:&lt;0&gt;. </Message>
          <StackTrace>   at ExercisesTest.ExC6Test.ExC6_TestWithOneProduct1() in \\mac\home\Desktop\CSExercises\ExercisesTest\SectionC\ExC6_Test.cs:line 18
</StackTrace>
        </ErrorInfo>
      </Output>
    </UnitTestResult>
    <UnitTestResult executionId="79a38a1d-12c0-436b-82b1-d5fa9f1e9f1c" testId="4297656f-1197-d292-0489-69d8ad93083c" testName="ExC6_TestWithOneProduct2" computerName="ZANAANUAR1564" duration="00:00:00.0012091" startTime="2016-08-14T19:29:30.1015694+08:00" endTime="2016-08-14T19:29:30.1025723+08:00" testType="13cdc9d9-ddb5-4fa4-a97d-d965ccfc6d4b" outcome="Failed" testListId="8c84fa94-04c1-424b-9868-57a2d4851a1d" relativeResultsDirectory="79a38a1d-12c0-436b-82b1-d5fa9f1e9f1c">
      <Output>
        <ErrorInfo>
          <Message>Assert.AreEqual failed. Expected:&lt;5000&gt;. Actual:&lt;0&gt;. </Message>
          <StackTrace>   at ExercisesTest.ExC6Test.ExC6_TestWithOneProduct2() in \\mac\home\Desktop\CSExercises\ExercisesTest\SectionC\ExC6_Test.cs:line 24
</StackTrace>
        </ErrorInfo>
      </Output>
    </UnitTestResult>
    <UnitTestResult executionId="05281dba-1065-4b67-a2b2-8792c75ae4e9" testId="527da127-2853-1a9b-a2ad-f3585c728530" testName="ExC6_TestWithOneProduct3" computerName="ZANAANUAR1564" duration="00:00:00.0011930" startTime="2016-08-14T19:29:30.1025723+08:00" endTime="2016-08-14T19:29:30.1045696+08:00" testType="13cdc9d9-ddb5-4fa4-a97d-d965ccfc6d4b" outcome="Failed" testListId="8c84fa94-04c1-424b-9868-57a2d4851a1d" relativeResultsDirectory="05281dba-1065-4b67-a2b2-8792c75ae4e9">
      <Output>
        <ErrorInfo>
          <Message>Assert.AreEqual failed. Expected:&lt;4950&gt;. Actual:&lt;0&gt;. </Message>
          <StackTrace>   at ExercisesTest.ExC6Test.ExC6_TestWithOneProduct3() in \\mac\home\Desktop\CSExercises\ExercisesTest\SectionC\ExC6_Test.cs:line 30
</StackTrace>
        </ErrorInfo>
      </Output>
    </UnitTestResult>
    <UnitTestResult executionId="239f7a39-d3c9-4e4c-b945-319ae26196ae" testId="62915065-52ff-5fd8-8913-0189d77875c3" testName="ExC6_TestWithOneProduct4" computerName="ZANAANUAR1564" duration="00:00:00.0012444" startTime="2016-08-14T19:29:30.1045696+08:00" endTime="2016-08-14T19:29:30.1055720+08:00" testType="13cdc9d9-ddb5-4fa4-a97d-d965ccfc6d4b" outcome="Failed" testListId="8c84fa94-04c1-424b-9868-57a2d4851a1d" relativeResultsDirectory="239f7a39-d3c9-4e4c-b945-319ae26196ae">
      <Output>
        <ErrorInfo>
          <Message>Assert.AreEqual failed. Expected:&lt;9000&gt;. Actual:&lt;0&gt;. </Message>
          <StackTrace>   at ExercisesTest.ExC6Test.ExC6_TestWithOneProduct4() in \\mac\home\Desktop\CSExercises\ExercisesTest\SectionC\ExC6_Test.cs:line 36
</StackTrace>
        </ErrorInfo>
      </Output>
    </UnitTestResult>
    <UnitTestResult executionId="28ba7d9d-0151-40cd-ae91-31acf081dd03" testId="14d8a934-4e3c-5ff4-d896-b004187a9351" testName="ExC6_TestWithOneProduct5" computerName="ZANAANUAR1564" duration="00:00:00.0010459" startTime="2016-08-14T19:29:30.1055720+08:00" endTime="2016-08-14T19:29:30.1065706+08:00" testType="13cdc9d9-ddb5-4fa4-a97d-d965ccfc6d4b" outcome="Failed" testListId="8c84fa94-04c1-424b-9868-57a2d4851a1d" relativeResultsDirectory="28ba7d9d-0151-40cd-ae91-31acf081dd03">
      <Output>
        <ErrorInfo>
          <Message>Assert.AreEqual failed. Expected:&lt;5600&gt;. Actual:&lt;0&gt;. </Message>
          <StackTrace>   at ExercisesTest.ExC6Test.ExC6_TestWithOneProduct5() in \\mac\home\Desktop\CSExercises\ExercisesTest\SectionC\ExC6_Test.cs:line 42
</StackTrace>
        </ErrorInfo>
      </Output>
    </UnitTestResult>
    <UnitTestResult executionId="64798929-ed8a-4e00-8003-7f6c9cf8398c" testId="8206a26a-e532-85c1-9aad-17a6a0a5bdf0" testName="ExC6_TestWithTwoProducts1" computerName="ZANAANUAR1564" duration="00:00:00.0016724" startTime="2016-08-14T19:29:30.1065706+08:00" endTime="2016-08-14T19:29:30.1085700+08:00" testType="13cdc9d9-ddb5-4fa4-a97d-d965ccfc6d4b" outcome="Failed" testListId="8c84fa94-04c1-424b-9868-57a2d4851a1d" relativeResultsDirectory="64798929-ed8a-4e00-8003-7f6c9cf8398c">
      <Output>
        <ErrorInfo>
          <Message>Assert.AreEqual failed. Expected:&lt;9265&gt;. Actual:&lt;0&gt;. </Message>
          <StackTrace>   at ExercisesTest.ExC6Test.ExC6_TestWithTwoProducts1() in \\mac\home\Desktop\CSExercises\ExercisesTest\SectionC\ExC6_Test.cs:line 48
</StackTrace>
        </ErrorInfo>
      </Output>
    </UnitTestResult>
    <UnitTestResult executionId="ab76d433-60f3-4cad-81d6-60359ded2831" testId="59543185-c115-6f05-fde4-7a3a3cf60da3" testName="ExC6_TestWithThreeProducts1" computerName="ZANAANUAR1564" duration="00:00:00.0010780" startTime="2016-08-14T19:29:30.1085700+08:00" endTime="2016-08-14T19:29:30.1105679+08:00" testType="13cdc9d9-ddb5-4fa4-a97d-d965ccfc6d4b" outcome="Failed" testListId="8c84fa94-04c1-424b-9868-57a2d4851a1d" relativeResultsDirectory="ab76d433-60f3-4cad-81d6-60359ded2831">
      <Output>
        <ErrorInfo>
          <Message>Assert.AreEqual failed. Expected:&lt;11365&gt;. Actual:&lt;0&gt;. </Message>
          <StackTrace>   at ExercisesTest.ExC6Test.ExC6_TestWithThreeProducts1() in \\mac\home\Desktop\CSExercises\ExercisesTest\SectionC\ExC6_Test.cs:line 54
</StackTrace>
        </ErrorInfo>
      </Output>
    </UnitTestResult>
    <UnitTestResult executionId="ac07cdfc-4d42-486c-b3f1-e5e4124150bc" testId="817d2cfb-2701-d099-0d77-7dda9f9ee260" testName="ExD1_TestWith88" computerName="ZANAANUAR1564" duration="00:00:00.0004451" startTime="2016-08-14T19:29:30.1105679+08:00" endTime="2016-08-14T19:29:30.1105679+08:00" testType="13cdc9d9-ddb5-4fa4-a97d-d965ccfc6d4b" outcome="Passed" testListId="8c84fa94-04c1-424b-9868-57a2d4851a1d" relativeResultsDirectory="ac07cdfc-4d42-486c-b3f1-e5e4124150bc">
      <Output>
        <StdOut>Debug Trace:
Enter a number (1-100): 26
Enter a number (1-100): 16
Enter a number (1-100): 53
Enter a number (1-100): 88
Lucky you</StdOut>
      </Output>
    </UnitTestResult>
    <UnitTestResult executionId="96f1e658-d363-41aa-b366-0f8465613095" testId="b3b356b0-b86d-68eb-f1fa-a1fb7eedeab6" testName="ExD1_TestNo88" computerName="ZANAANUAR1564" duration="00:00:00.1214932" startTime="2016-08-14T19:29:30.1105679+08:00" endTime="2016-08-14T19:29:30.2335733+08:00" testType="13cdc9d9-ddb5-4fa4-a97d-d965ccfc6d4b" outcome="Passed" testListId="8c84fa94-04c1-424b-9868-57a2d4851a1d" relativeResultsDirectory="96f1e658-d363-41aa-b366-0f8465613095">
      <Output>
        <StdOut>Debug Trace:
Enter a number (1-100): 26
Enter a number (1-100): 16
Enter a number (1-100): 53
Enter a number (1-100): 87
Enter a number (1-100): 
Enter a number (1-100): 
Enter a number (1-100): 
Enter a number (1-100): 
Enter a number (1-100): 
Enter a number (1-100): 
Enter a number (1-100): 
Enter a number (1-100): 
Enter a number (1-100): 
Enter a number (1-100): 
Enter a number (1-100): 
Enter a number (1-100): 
Enter a number (1-100): 
Enter a number (1-100): 
Enter a number (1-100): 
Enter a number (1-100): 
Enter a number (1-100): 
Enter a number (1-100): 
Enter a number (1-100): 
Enter a number (1-100): 
Enter a number (1-100): 
Enter a number (1-100): 
Enter a number (1-100): 
Enter a number (1-100): 
Enter a number (1-100): 
Enter a number (1-100): 
Enter a number (1-100): 
Enter a number (1-100): 
Enter a number (1-100): 
Enter a number (1-100): 
Enter a number (1-100): 
Enter a number (1-100): 
Enter a number (1-100): 
Enter a number (1-100): 
Enter a number (1-100): 
Enter a number (1-100): 
Enter a number (1-100): 
Enter a number (1-100): 
Enter a number (1-100): 
Enter a number (1-100): 
Enter a number (1-100): 
Enter a number (1-100): 
Enter a number (1-100): 
Enter a number (1-100): 
Enter a number (1-100): 
Enter a number (1-100): 
Enter a number (1-100): 
Enter a number (1-100): 
Enter a number (1-100): 
Enter a number (1-100): 
Enter a number (1-100): 
Enter a number (1-100): 
Enter a number (1-100): 
Enter a number (1-100): 
Enter a number (1-100): 
Enter a number (1-100): 
Enter a number (1-100): 
Enter a number (1-100): 
Enter a number (1-100): 
Enter a number (1-100): 
Enter a number (1-100): 
Enter a number (1-100): 
Enter a number (1-100): 
Enter a number (1-100): 
Enter a number (1-100): 
Enter a number (1-100): 
Enter a number (1-100): 
Enter a number (1-100): 
Enter a number (1-100): 
Enter a number (1-100): 
Enter a number (1-100): 
Enter a number (1-100): 
Enter a number (1-100): 
Enter a number (1-100): 
Enter a number (1-100): 
Enter a number (1-100): 
Enter a number (1-100): 
Enter a number (1-100): 
Enter a number (1-100): 
Enter a number (1-100): 
Enter a number (1-100): 
Enter a number (1-100): 
Enter a number (1-100): 
Enter a number (1-100): 
Enter a number (1-100): 
Enter a number (1-100): 
Enter a number (1-100): 
Enter a number (1-100): 
Enter a number (1-100): 
Enter a number (1-100): 
Enter a number (1-100): 
Enter a number (1-100): 
Enter a number (1-100): 
Enter a number (1-100): 
Enter a number (1-100): 
Enter a number (1-100): 
Enter a number (1-100): 
Enter a number (1-100): 
Enter a number (1-100): 
Enter a number (1-100): 
Enter a number (1-100): 
Enter a number (1-100): 
Enter a number (1-100): 
Enter a number (1-100): 
Enter a number (1-100): 
Enter a number (1-100): 
Enter a number (1-100): 
Enter a number (1-100): 
Enter a number (1-100): 
Enter a number (1-100): 
Enter a number (1-100): 
Enter a number (1-100): 
Enter a number (1-100): 
Enter a number (1-100): 
Enter a number (1-100): 
Enter a number (1-100): 
Enter a number (1-100): 
Enter a number (1-100): 
Enter a number (1-100): 
Enter a number (1-100): 
Enter a number (1-100): 
Enter a number (1-100): 
Enter a number (1-100): 
Enter a number (1-100): 
Enter a number (1-100): 
Enter a number (1-100): 
Enter a number (1-100): 
Enter a number (1-100): 
Enter a number (1-100): 
Enter a number (1-100): 
Enter a number (1-100): 
Enter a number (1-100): 
Enter a number (1-100): 
Enter a number (1-100): 
Enter a number (1-100): 
Enter a number (1-100): 
Enter a number (1-100): 
Enter a number (1-100): 
Enter a number (1-100): 
Enter a number (1-100): 
Enter a number (1-100): 
Enter a number (1-100): 
Enter a number (1-100): 
Enter a number (1-100): 
Enter a number (1-100): 
Enter a number (1-100): 
Enter a number (1-100): 
Enter a number (1-100): 
Enter a number (1-100): 
Enter a number (1-100): 
Enter a number (1-100): 
Enter a number (1-100): 
Enter a number (1-100): 
Enter a number (1-100): 
Enter a number (1-100): 
Enter a number (1-100): 
Enter a number (1-100): 
Enter a number (1-100): 
Enter a number (1-100): 
Enter a number (1-100): 
Enter a number (1-100): 
Enter a number (1-100): 
Enter a number (1-100): 
Enter a number (1-100): 
Enter a number (1-100): 
Enter a number (1-100): 
Enter a number (1-100): 
Enter a number (1-100): 
Enter a number (1-100): 
Enter a number (1-100): 
Enter a number (1-100): 
Enter a number (1-100): 
Enter a number (1-100): 
Enter a number (1-100): 
Enter a number (1-100): 
Enter a number (1-100): 
Enter a number (1-100): 
Enter a number (1-100): 
Enter a number (1-100): 
Enter a number (1-100): 
Enter a number (1-100): 
Enter a number (1-100): 
Enter a number (1-100): 
Enter a number (1-100): 
Enter a number (1-100): 
Enter a number (1-100): 
Enter a number (1-100): 
Enter a number (1-100): 
Enter a number (1-100): 
Enter a number (1-100): 
Enter a number (1-100): 
Enter a number (1-100): 
Enter a number (1-100): 
Enter a number (1-100): 
Enter a number (1-100): 
Enter a number (1-100): 
Enter a number (1-100): 
Enter a number (1-100): 
Enter a number (1-100): 
Enter a number (1-100): 
Enter a number (1-100): 
Enter a number (1-100): 
Enter a number (1-100): 
Enter a number (1-100): 
Enter a number (1-100): 
Enter a number (1-100): 
Enter a number (1-100): 
Enter a number (1-100): 
Enter a number (1-100): 
Enter a number (1-100): 
Enter a number (1-100): 
Enter a number (1-100): 
Enter a number (1-100): 
Enter a number (1-100): 
Enter a number (1-100): 
Enter a number (1-100): 
Enter a number (1-100): 
Enter a number (1-100): 
Enter a number (1-100): 
Enter a number (1-100): 
Enter a number (1-100): 
Enter a number (1-100): 
Enter a number (1-100): 
Enter a number (1-100): 
Enter a number (1-100): 
Enter a number (1-100): 
Enter a number (1-100): 
Enter a number (1-100): 
Enter a number (1-100): 
Enter a number (1-100): 
Enter a number (1-100): 
Enter a number (1-100): 
Enter a number (1-100): 
Enter a number (1-100): 
Enter a number (1-100): 
Enter a number (1-100): 
Enter a number (1-100): 
Enter a number (1-100): 
Enter a number (1-100): 
Enter a number (1-100): 
Enter a number (1-100): 
Enter a number (1-100): 
Enter a number (1-100): 
Enter a number (1-100): 
Enter a number (1-100): 
Enter a number (1-100): 
Enter a number (1-100): 
Enter a number (1-100): 
Enter a number (1-100): 
Enter a number (1-100): 
Enter a number (1-100): 
Enter a number (1-100): 
Enter a number (1-100): 
Enter a number (1-100): 
Enter a number (1-100): 
Enter a number (1-100): 
Enter a number (1-100): 
Enter a number (1-100): 
Enter a number (1-100): 
Enter a number (1-100): 
Enter a number (1-100): 
Enter a number (1-100): 
Enter a number (1-100): 
Enter a number (1-100): 
Enter a number (1-100): 
Enter a number (1-100): 
Enter a number (1-100): 
Enter a number (1-100): 
Enter a number (1-100): 
Enter a number (1-100): 
Enter a number (1-100): 
Enter a number (1-100): 
Enter a number (1-100): 
Enter a number (1-100): 
Enter a number (1-100): 
Enter a number (1-100): 
Enter a number (1-100): 
Enter a number (1-100): 
Enter a number (1-100): 
Enter a number (1-100): 
Enter a number (1-100): 
Enter a number (1-100): 
Enter a number (1-100): 
Enter a number (1-100): 
Enter a number (1-100): 
Enter a number (1-100): 
Enter a number (1-100): 
Enter a number (1-100): 
Enter a number (1-100): 
Enter a number (1-100): 
Enter a number (1-100): 
Enter a number (1-100): 
Enter a number (1-100): 
Enter a number (1-100): 
Enter a number (1-100): 
Enter a number (1-100): 
Enter a number (1-100): 
Enter a number (1-100): 
Enter a number (1-100): 
Enter a number (1-100): 
Enter a number (1-100): 
Enter a number (1-100): 
Enter a number (1-100): 
Enter a number (1-100): 
Enter a number (1-100): 
Enter a number (1-100): 
Enter a number (1-100): 
Enter a number (1-100): 
Enter a number (1-100): 
Enter a number (1-100): 
Enter a number (1-100): 
Enter a number (1-100): 
Enter a number (1-100): 
Enter a number (1-100): 
Enter a number (1-100): 
Enter a number (1-100): 
Enter a number (1-100): 
Enter a number (1-100): 
Enter a number (1-100): 
Enter a number (1-100): 
Enter a number (1-100): 
Enter a number (1-100): 
Enter a number (1-100): 
Enter a number (1-100): 
Enter a number (1-100): 
Enter a number (1-100): 
Enter a number (1-100): 
Enter a number (1-100): 
Enter a number (1-100): 
Enter a number (1-100): 
Enter a number (1-100): 
Enter a number (1-100): 
Enter a number (1-100): 
Enter a number (1-100): 
Enter a number (1-100): 
Enter a number (1-100): 
Enter a number (1-100): 
Enter a number (1-100): 
Enter a number (1-100): 
Enter a number (1-100): 
Enter a number (1-100): 
Enter a number (1-100): 
Enter a number (1-100): 
Enter a number (1-100): 
Enter a number (1-100): 
Enter a number (1-100): 
Enter a number (1-100): 
Enter a number (1-100): 
Enter a number (1-100): 
Enter a number (1-100): 
Enter a number (1-100): 
Enter a number (1-100): 
Enter a number (1-100): 
Enter a number (1-100): 
Enter a number (1-100): 
Enter a number (1-100): 
Enter a number (1-100): 
Enter a number (1-100): 
Enter a number (1-100): 
Enter a number (1-100): 
Enter a number (1-100): 
Enter a number (1-100): 
Enter a number (1-100): 
Enter a number (1-100): 
Enter a number (1-100): 
Enter a number (1-100): 
Enter a number (1-100): 
Enter a number (1-100): 
Enter a number (1-100): 
Enter a number (1-100): 
Enter a number (1-100): 
Enter a number (1-100): 
Enter a number (1-100): 
Enter a number (1-100): 
Enter a number (1-100): 
Enter a number (1-100): 
Enter a number (1-100): 
Enter a number (1-100): 
Enter a number (1-100): 
Enter a number (1-100): 
Enter a number (1-100): 
Enter a number (1-100): 
Enter a number (1-100): 
Enter a number (1-100): 
Enter a number (1-100): 
Enter a number (1-100): 
Enter a number (1-100): 
Enter a number (1-100): 
Enter a number (1-100): 
Enter a number (1-100): 
Enter a number (1-100): 
Enter a number (1-100): 
Enter a number (1-100): 
Enter a number (1-100): 
Enter a number (1-100): 
Enter a number (1-100): 
Enter a number (1-100): 
Enter a number (1-100): 
Enter a number (1-100): 
Enter a number (1-100): 
Enter a number (1-100): 
Enter a number (1-100): 
Enter a number (1-100): 
Enter a number (1-100): 
Enter a number (1-100): 
Enter a number (1-100): 
Enter a number (1-100): 
Enter a number (1-100): 
Enter a number (1-100): 
Enter a number (1-100): 
Enter a number (1-100): 
Enter a number (1-100): 
Enter a number (1-100): 
Enter a number (1-100): 
Enter a number (1-100): 
Enter a number (1-100): 
Enter a number (1-100): 
Enter a number (1-100): 
Enter a number (1-100): 
Enter a number (1-100): 
Enter a number (1-100): 
Enter a number (1-100): 
Enter a number (1-100): 
Enter a number (1-100): 
Enter a number (1-100): 
Enter a number (1-100): 
Enter a number (1-100): 
Enter a number (1-100): 
Enter a number (1-100): 
Enter a number (1-100): 
Enter a number (1-100): 
Enter a number (1-100): 
Enter a number (1-100): 
Enter a number (1-100): 
Enter a number (1-100): 
Enter a number (1-100): 
Enter a number (1-100): 
Enter a number (1-100): 
Enter a number (1-100): 
Enter a number (1-100): 
Enter a number (1-100): 
Enter a number (1-100): 
Enter a number (1-100): 
Enter a number (1-100): 
Enter a number (1-100): 
Enter a number (1-100): 
Enter a number (1-100): 
Enter a number (1-100): 
Enter a number (1-100): 
Enter a number (1-100): 
Enter a number (1-100): 
Enter a number (1-100): 
Enter a number (1-100): 
Enter a number (1-100): 
Enter a number (1-100): 
Enter a number (1-100): 
Enter a number (1-100): 
Enter a number (1-100): 
Enter a number (1-100): 
Enter a number (1-100): 
Enter a number (1-100): 
Enter a number (1-100): 
Enter a number (1-100): 
Enter a number (1-100): 
Enter a number (1-100): 
Enter a number (1-100): 
Enter a number (1-100): 
Enter a number (1-100): 
Enter a number (1-100): 
Enter a number (1-100): 
Enter a number (1-100): 
Enter a number (1-100): 
Enter a number (1-100): 
Enter a number (1-100): 
Enter a number (1-100): 
Enter a number (1-100): 
Enter a number (1-100): 
Enter a number (1-100): 
Enter a number (1-100): 
Enter a number (1-100): 
Enter a number (1-100): 
Enter a number (1-100): 
Enter a number (1-100): 
Enter a number (1-100): 
Enter a number (1-100): 
Enter a number (1-100): 
Enter a number (1-100): 
Enter a number (1-100): 
Enter a number (1-100): 
Enter a number (1-100): 
Enter a number (1-100): 
Enter a number (1-100): 
Enter a number (1-100): 
Enter a number (1-100): 
Enter a number (1-100): 
Enter a number (1-100): 
Enter a number (1-100): 
Enter a number (1-100): 
Enter a number (1-100): 
Enter a number (1-100): 
Enter a number (1-100): 
Enter a number (1-100): 
Enter a number (1-100): 
Enter a number (1-100): 
Enter a number (1-100): 
Enter a number (1-100): 
Enter a number (1-100): 
Enter a number (1-100): 
Enter a number (1-100): 
Enter a number (1-100): 
Enter a number (1-100): 
Enter a number (1-100): 
Enter a number (1-100): 
Enter a number (1-100): 
Enter a number (1-100): 
Enter a number (1-100): 
Enter a number (1-100): 
Enter a number (1-100): 
Enter a number (1-100): 
Enter a number (1-100): 
Enter a number (1-100): 
Enter a number (1-100): 
Enter a number (1-100): 
Enter a number (1-100): 
Enter a number (1-100): 
Enter a number (1-100): 
Enter a number (1-100): 
Enter a number (1-100): 
Enter a number (1-100): 
Enter a number (1-100): 
Enter a number (1-100): 
Enter a number (1-100): 
Enter a number (1-100): 
Enter a number (1-100): 
Enter a number (1-100): 
Enter a number (1-100): 
Enter a number (1-100): 
Enter a number (1-100): 
Enter a number (1-100): 
Enter a number (1-100): 
Enter a number (1-100): 
Enter a number (1-100): 
Enter a number (1-100): 
Enter a number (1-100): 
Enter a number (1-100): 
Enter a number (1-100): 
Enter a number (1-100): 
Enter a number (1-100): 
Enter a number (1-100): 
Enter a number (1-100): 
Enter a number (1-100): 
Enter a number (1-100): 
Enter a number (1-100): 
Enter a number (1-100): 
Enter a number (1-100): 
Enter a number (1-100): 
Enter a number (1-100): 
Enter a number (1-100): 
Enter a number (1-100): 
Enter a number (1-100): 
Enter a number (1-100): 
Enter a number (1-100): 
Enter a number (1-100): 
Enter a number (1-100): 
Enter a number (1-100): 
Enter a number (1-100): 
Enter a number (1-100): 
Enter a number (1-100): 
Enter a number (1-100): 
Enter a number (1-100): 
Enter a number (1-100): 
Enter a number (1-100): 
Enter a number (1-100): 
Enter a number (1-100): 
Enter a number (1-100): 
Enter a number (1-100): 
Enter a number (1-100): 
Enter a number (1-100): 
Enter a number (1-100): 
Enter a number (1-100): 
Enter a number (1-100): 
Enter a number (1-100): 
Enter a number (1-100): 
Enter a number (1-100): 
Enter a number (1-100): 
Enter a number (1-100): 
Enter a number (1-100): 
Enter a number (1-100): 
Enter a number (1-100): 
Enter a number (1-100): 
Enter a number (1-100): 
Enter a number (1-100): 
Enter a number (1-100): 
Enter a number (1-100): 
Enter a number (1-100): 
Enter a number (1-100): 
Enter a number (1-100): 
Enter a number (1-100): 
Enter a number (1-100): 
Enter a number (1-100): 
Enter a number (1-100): 
Enter a number (1-100): 
Enter a number (1-100): 
Enter a number (1-100): 
Enter a number (1-100): 
Enter a number (1-100): 
Enter a number (1-100): 
Enter a number (1-100): 
Enter a number (1-100): 
Enter a number (1-100): 
Enter a number (1-100): 
Enter a number (1-100): 
Enter a number (1-100): 
Enter a number (1-100): 
Enter a number (1-100): 
Enter a number (1-100): 
Enter a number (1-100): 
Enter a number (1-100): 
Enter a number (1-100): 
Enter a number (1-100): 
Enter a number (1-100): 
Enter a number (1-100): 
Enter a number (1-100): 
Enter a number (1-100): 
Enter a number (1-100): 
Enter a number (1-100): 
Enter a number (1-100): 
Enter a number (1-100): 
Enter a number (1-100): 
Enter a number (1-100): 
Enter a number (1-100): 
Enter a number (1-100): 
Enter a number (1-100): 
Enter a number (1-100): 
Enter a number (1-100): 
Enter a number (1-100): 
Enter a number (1-100): 
Enter a number (1-100): 
Enter a number (1-100): 
Enter a number (1-100): 
Enter a number (1-100): 
Enter a number (1-100): 
Enter a number (1-100): 
Enter a number (1-100): 
Enter a number (1-100): 
Enter a number (1-100): 
Enter a number (1-100): 
Enter a number (1-100): 
Enter a number (1-100): 
Enter a number (1-100): 
Enter a number (1-100): 
Enter a number (1-100): 
Enter a number (1-100): 
Enter a number (1-100): 
Enter a number (1-100): 
Enter a number (1-100): 
Enter a number (1-100): 
Enter a number (1-100): 
Enter a number (1-100): 
Enter a number (1-100): 
Enter a number (1-100): 
Enter a number (1-100): 
Enter a number (1-100): 
Enter a number (1-100): 
Enter a number (1-100): 
Enter a number (1-100): 
Enter a number (1-100): 
Enter a number (1-100): 
Enter a number (1-100): 
Enter a number (1-100): 
Enter a number (1-100): 
Enter a number (1-100): 
Enter a number (1-100): 
Enter a number (1-100): 
Enter a number (1-100): 
Enter a number (1-100): 
Enter a number (1-100): 
Enter a number (1-100): 
Enter a number (1-100): 
Enter a number (1-100): 
Enter a number (1-100): 
Enter a number (1-100): 
Enter a number (1-100): 
Enter a number (1-100): 
Enter a number (1-100): 
Enter a number (1-100): 
Enter a number (1-100): 
Enter a number (1-100): 
Enter a number (1-100): 
Enter a number (1-100): 
Enter a number (1-100): 
Enter a number (1-100): 
Enter a number (1-100): 
Enter a number (1-100): 
Enter a number (1-100): 
Enter a number (1-100): 
Enter a number (1-100): 
Enter a number (1-100): 
Enter a number (1-100): 
Enter a number (1-100): 
Enter a number (1-100): 
Enter a number (1-100): 
Enter a number (1-100): 
Enter a number (1-100): 
Enter a number (1-100): 
Enter a number (1-100): 
Enter a number (1-100): 
Enter a number (1-100): 
Enter a number (1-100): 
Enter a number (1-100): 
Enter a number (1-100): 
Enter a number (1-100): 
Enter a number (1-100): 
Enter a number (1-100): 
Enter a number (1-100): 
Enter a number (1-100): 
Enter a number (1-100): 
Enter a number (1-100): 
Enter a number (1-100): 
Enter a number (1-100): 
Enter a number (1-100): 
Enter a number (1-100): 
Enter a number (1-100): 
Enter a number (1-100): 
Enter a number (1-100): 
Enter a number (1-100): 
Enter a number (1-100): 
Enter a number (1-100): 
Enter a number (1-100): 
Enter a number (1-100): 
Enter a number (1-100): 
Enter a number (1-100): 
Enter a number (1-100): 
Enter a number (1-100): 
Enter a number (1-100): 
Enter a number (1-100): 
Enter a number (1-100): 
Enter a number (1-100): 
Enter a number (1-100): 
Enter a number (1-100): 
Enter a number (1-100): 
Enter a number (1-100): 
Enter a number (1-100): 
Enter a number (1-100): 
Enter a number (1-100): 
Enter a number (1-100): 
Enter a number (1-100): 
Enter a number (1-100): 
Enter a number (1-100): 
Enter a number (1-100): 
Enter a number (1-100): 
Enter a number (1-100): 
Enter a number (1-100): 
Enter a number (1-100): 
Enter a number (1-100): 
Enter a number (1-100): 
Enter a number (1-100): 
Enter a number (1-100): 
Enter a number (1-100): 
Enter a number (1-100): 
Enter a number (1-100): 
Enter a number (1-100): 
Enter a number (1-100): 
Enter a number (1-100): 
Enter a number (1-100): 
Enter a number (1-100): 
Enter a number (1-100): 
Enter a number (1-100): 
Enter a number (1-100): 
Enter a number (1-100): 
Enter a number (1-100): 
Enter a number (1-100): 
Enter a number (1-100): 
Enter a number (1-100): 
Enter a number (1-100): 
Enter a number (1-100): 
Enter a number (1-100): 
Enter a number (1-100): 
Enter a number (1-100): 
Enter a number (1-100): 
Enter a number (1-100): 
Enter a number (1-100): 
Enter a number (1-100): 
Enter a number (1-100): 
Enter a number (1-100): 
Enter a number (1-100): 
Enter a number (1-100): 
Enter a number (1-100): 
Enter a number (1-100): 
Enter a number (1-100): 
Enter a number (1-100): 
Enter a number (1-100): 
Enter a number (1-100): 
Enter a number (1-100): 
Enter a number (1-100): 
Enter a number (1-100): 
Enter a number (1-100): 
Enter a number (1-100): 
Enter a number (1-100): 
Enter a number (1-100): 
Enter a number (1-100): 
Enter a number (1-100): 
Enter a number (1-100): 
Enter a number (1-100): 
Enter a number (1-100): 
Enter a number (1-100): 
Enter a number (1-100): 
Enter a number (1-100): 
Enter a number (1-100): 
Enter a number (1-100): 
Enter a number (1-100): 
Enter a number (1-100): 
Enter a number (1-100): 
Enter a number (1-100): 
Enter a number (1-100): 
Enter a number (1-100): 
Enter a number (1-100): 
Enter a number (1-100): 
Enter a number (1-100): 
Enter a number (1-100): 
Enter a number (1-100): 
Enter a number (1-100): 
Enter a number (1-100): 
Enter a number (1-100): 
Enter a number (1-100): 
Enter a number (1-100): 
Enter a number (1-100): 
Enter a number (1-100): 
Enter a number (1-100): 
Enter a number (1-100): 
Enter a number (1-100): 
Enter a number (1-100): 
Enter a number (1-100): 
Enter a number (1-100): 
Enter a number (1-100): 
Enter a number (1-100): 
Enter a number (1-100): 
Enter a number (1-100): 
Enter a number (1-100): 
Enter a number (1-100): 
Enter a number (1-100): 
Enter a number (1-100): 
Enter a number (1-100): 
Enter a number (1-100): 
Enter a number (1-100): 
Enter a number (1-100): 
Enter a number (1-100): 
Enter a number (1-100): 
Enter a number (1-100): 
Enter a number (1-100): 
Enter a number (1-100): 
Enter a number (1-100): 
Enter a number (1-100): 
Enter a number (1-100): 
Enter a number (1-100): 
Enter a number (1-100): 
Enter a number (1-100): 
Enter a number (1-100): 
Enter a number (1-100): 
Enter a number (1-100): 
Enter a number (1-100): 
Enter a number (1-100): 
Enter a number (1-100): 
Enter a number (1-100): 
Enter a number (1-100): 
Enter a number (1-100): 
Enter a number (1-100): 
Enter a number (1-100): 
Enter a number (1-100): 
Enter a number (1-100): 
Enter a number (1-100): 
Enter a number (1-100): 
Enter a number (1-100): 
Enter a number (1-100): 
Enter a number (1-100): 
Enter a number (1-100): 
Enter a number (1-100): 
Enter a number (1-100): 
Enter a number (1-100): 
Enter a number (1-100): 
Enter a number (1-100): 
Enter a number (1-100): 
Enter a number (1-100): 
Enter a number (1-100): 
Enter a number (1-100): 
Enter a number (1-100): 
Enter a number (1-100): 
Enter a number (1-100): 
Enter a number (1-100): 
Enter a number (1-100): 
Enter a number (1-100): 
Enter a number (1-100): 
Enter a number (1-100): 
Enter a number (1-100): 
Enter a number (1-100): 
Enter a number (1-100): 
Enter a number (1-100): 
Enter a number (1-100): 
Enter a number (1-100): 
Enter a number (1-100): 
Enter a number (1-100): 
Enter a number (1-100): 
Enter a number (1-100): 
Enter a number (1-100): 
Enter a number (1-100): 
Enter a number (1-100): 
Enter a number (1-100): 
Enter a number (1-100): 
Enter a number (1-100): 
Enter a number (1-100): 
Enter a number (1-100): 
Enter a number (1-100): 
Enter a number (1-100): 
Enter a number (1-100): 
Enter a number (1-100): 
Enter a number (1-100): 
Enter a number (1-100): 
Enter a number (1-100): 
Enter a number (1-100): 
Enter a number (1-100): 
Enter a number (1-100): 
Enter a number (1-100): 
Enter a number (1-100): 
Enter a number (1-100): 
Enter a number (1-100): 
Enter a number (1-100): 
Enter a number (1-100): 
Enter a number (1-100): 
Enter a number (1-100): 
Enter a number (1-100): 
Enter a number (1-100): 
Enter a number (1-100): 
Enter a number (1-100): 
Enter a number (1-100): 
Enter a number (1-100): 
Enter a number (1-100): 
Enter a number (1-100): 
Enter a number (1-100): 
Enter a number (1-100): 
Enter a number (1-100): 
Enter a number (1-100): 
Enter a number (1-100): 
Enter a number (1-100): 
Enter a number (1-100): 
Enter a number (1-100): 
Enter a number (1-100): 
Enter a number (1-100): 
Enter a number (1-100): 
Enter a number (1-100): 
Enter a number (1-100): 
Enter a number (1-100): 
Enter a number (1-100): 
Enter a number (1-100): 
Enter a number (1-100): 
Enter a number (1-100): 
Enter a number (1-100): 
Enter a number (1-100): 
Enter a number (1-100): 
Enter a number (1-100): 
Enter a number (1-100): 
Enter a number (1-100): 
Enter a number (1-100): 
Enter a number (1-100): 
Enter a number (1-100): 
Enter a number (1-100): 
Enter a number (1-100): 
Enter a number (1-100): 
Enter a number (1-100): 
Enter a number (1-100): 
Enter a number (1-100): 
Enter a number (1-100): 
Enter a number (1-100): 
Enter a number (1-100): 
Enter a number (1-100): 
Enter a number (1-100): 
Enter a number (1-100): 
Enter a number (1-100): 
Enter a number (1-100): 
Enter a number (1-100): 
Enter a number (1-100): 
Enter a number (1-100): 
Enter a number (1-100): 
Enter a number (1-100): 
Enter a number (1-100): 
Enter a number (1-100): 
Enter a number (1-100): 
Enter a number (1-100): 
Enter a number (1-100): 
Enter a number (1-100): 
Enter a number (1-100): 
Enter a number (1-100): 
Enter a number (1-100): 
Enter a number (1-100): 
Enter a number (1-100): 
Enter a number (1-100): 
Enter a number (1-100): 
Enter a number (1-100): 
Enter a number (1-100): 
Enter a number (1-100): 
Enter a number (1-100): 
Enter a number (1-100): 
Enter a number (1-100): 
Enter a number (1-100): 
Enter a number (1-100): 
Enter a number (1-100): 
Enter a number (1-100): 
Enter a number (1-100): 
Enter a number (1-100): 
Enter a number (1-100): 
Enter a number (1-100): 
Enter a number (1-100): 
Enter a number (1-100): 
Enter a number (1-100): 
Enter a number (1-100): 
Enter a number (1-100): 
Enter a number (1-100): 
Enter a number (1-100): 
Enter a number (1-100): 
Enter a number (1-100): 
Enter a number (1-100): 
Enter a number (1-100): 
Enter a number (1-100): 
Enter a number (1-100): 
Enter a number (1-100): 
Enter a number (1-100): 
Enter a number (1-100): 
Enter a number (1-100): 
Enter a number (1-100): 
Enter a number (1-100): 
Enter a number (1-100): 
Enter a number (1-100): 
Enter a number (1-100): 
Enter a number (1-100): 
Enter a number (1-100): 
Enter a number (1-100): 
Enter a number (1-100): 
Enter a number (1-100): 
Enter a number (1-100): 
Enter a number (1-100): 
Enter a number (1-100): 
Enter a number (1-100): 
Enter a number (1-100): 
Enter a number (1-100): 
Enter a number (1-100): 
Enter a number (1-100): 
Enter a number (1-100): 
Enter a number (1-100): 
Enter a number (1-100): 
Enter a number (1-100): 
Enter a number (1-100): 
Enter a number (1-100): 
Enter a number (1-100): 
Enter a number (1-100): 
Enter a number (1-100): 
Enter a number (1-100): 
Enter a number (1-100): 
Enter a number (1-100): 
Enter a number (1-100): 
Enter a number (1-100): 
Enter a number (1-100): 
Enter a number (1-100): 
Enter a number (1-100): 
Enter a number (1-100): 
Enter a number (1-100): 
Enter a number (1-100): 
Enter a number (1-100): 
Enter a number (1-100): 
Enter a number (1-100): 
Enter a number (1-100): 
Enter a number (1-100): 
Enter a number (1-100): 
Enter a number (1-100): 
Enter a number (1-100): 
Enter a number (1-100): 
Enter a number (1-100): 
Enter a number (1-100): 
Enter a number (1-100): 
Enter a number (1-100): 
Enter a number (1-100): 
Enter a number (1-100): 
Enter a number (1-100): 
Enter a number (1-100): 
Enter a number (1-100): 
Enter a number (1-100): 
Enter a number (1-100): 
Enter a number (1-100): 
Enter a number (1-100): 
Enter a number (1-100): 
Enter a number (1-100): 
Enter a number (1-100): 
Enter a number (1-100): 
Enter a number (1-100): 
Enter a number (1-100): 
Enter a number (1-100): 
Enter a number (1-100): 
Enter a number (1-100): 
Enter a number (1-100): 
Enter a number (1-100): 
Enter a number (1-100): 
Enter a number (1-100): 
Enter a number (1-100): 
Enter a number (1-100): 
Enter a number (1-100): 
Enter a number (1-100): 
Enter a number (1-100): 
Enter a number (1-100): 
Enter a number (1-100): 
Enter a number (1-100): 
Enter a number (1-100): 
Enter a number (1-100): 
Enter a number (1-100): 
Enter a number (1-100): 
Enter a number (1-100): 
Enter a number (1-100): 
Enter a number (1-100): 
Enter a number (1-100): 
Enter a number (1-100): 
Enter a number (1-100): 
Enter a number (1-100): 
Enter a number (1-100): 
Enter a number (1-100): 
Enter a number (1-100): 
Enter a number (1-100): 
Enter a number (1-100): 
Enter a number (1-100): 
Enter a number (1-100): 
Enter a number (1-100): 
Enter a number (1-100): 
Enter a number (1-100): 
Enter a number (1-100): 
Enter a number (1-100): 
Enter a number (1-100): 
Enter a number (1-100): 
Enter a number (1-100): 
Enter a number (1-100): 
Enter a number (1-100): 
Enter a number (1-100): 
Enter a number (1-100): 
Enter a number (1-100): 
Enter a number (1-100): 
Enter a number (1-100): 
Enter a number (1-100): 
Enter a number (1-100): 
Enter a number (1-100): 
Enter a number (1-100): 
Enter a number (1-100): 
Enter a number (1-100): 
Enter a number (1-100): 
Enter a number (1-100): 
Enter a number (1-100): 
Enter a number (1-100): 
Enter a number (1-100): 
Enter a number (1-100): 
Enter a number (1-100): 
Enter a number (1-100): 
Enter a number (1-100): 
Enter a number (1-100): 
Enter a number (1-100): 
Enter a number (1-100): 
Enter a number (1-100): 
Enter a number (1-100): 
Enter a number (1-100): 
Enter a number (1-100): 
Enter a number (1-100): 
Enter a number (1-100): 
Enter a number (1-100): 
Enter a number (1-100): 
Enter a number (1-100): 
Enter a number (1-100): 
Enter a number (1-100): 
Enter a number (1-100): 
Enter a number (1-100): 
Enter a number (1-100): 
Enter a number (1-100): 
Enter a number (1-100): 
Enter a number (1-100): 
Enter a number (1-100): 
Enter a number (1-100): 
Enter a number (1-100): 
Enter a number (1-100): 
Enter a number (1-100): 
Enter a number (1-100): 
Enter a number (1-100): 
Enter a number (1-100): 
Enter a number (1-100): 
Enter a number (1-100): 
Enter a number (1-100): 
Enter a number (1-100): 
Enter a number (1-100): 
Enter a number (1-100): 
Enter a number (1-100): 
Enter a number (1-100): 
Enter a number (1-100): 
Enter a number (1-100): 
Enter a number (1-100): 
Enter a number (1-100): 
Enter a number (1-100): 
Enter a number (1-100): 
Enter a number (1-100): 
Enter a number (1-100): 
Enter a number (1-100): 
Enter a number (1-100): 
Enter a number (1-100): 
Enter a number (1-100): 
Enter a number (1-100): 
Enter a number (1-100): 
Enter a number (1-100): 
Enter a number (1-100): 
Enter a number (1-100): 
Enter a number (1-100): 
Enter a number (1-100): 
Enter a number (1-100): 
Enter a number (1-100): 
Enter a number (1-100): 
Enter a number (1-100): 
Enter a number (1-100): 
Enter a number (1-100): 
Enter a number (1-100): 
Enter a number (1-100): 
Enter a number (1-100): 
Enter a number (1-100): 
Enter a number (1-100): 
Enter a number (1-100): 
Enter a number (1-100): 
Enter a number (1-100): 
Enter a number (1-100): 
Enter a number (1-100): 
Enter a number (1-100): 
Enter a number (1-100): 
Enter a number (1-100): 
Enter a number (1-100): 
Enter a number (1-100): 
Enter a number (1-100): 
Enter a number (1-100): 
Enter a number (1-100): 
Enter a number (1-100): 
Enter a number (1-100): 
Enter a number (1-100): 
Enter a number (1-100): 
Enter a number (1-100): 
Enter a number (1-100): 
Enter a number (1-100): 
Enter a number (1-100): 
Enter a number (1-100): 
Enter a number (1-100): 
Enter a number (1-100): 
Enter a number (1-100): 
Enter a number (1-100): 
Enter a number (1-100): 
Enter a number (1-100): 
Enter a number (1-100): 
Enter a number (1-100): 
Enter a number (1-100): 
Enter a number (1-100): 
Enter a number (1-100): 
Enter a number (1-100): 
Enter a number (1-100): 
Enter a number (1-100): 
Enter a number (1-100): 
Enter a number (1-100): 
Enter a number (1-100): 
Enter a number (1-100): 
Enter a number (1-100): 
Enter a number (1-100): 
Enter a number (1-100): 
Enter a number (1-100): 
Enter a number (1-100): 
Enter a number (1-100): 
Enter a number (1-100): 
Enter a number (1-100): 
Enter a number (1-100): 
Enter a number (1-100): 
Enter a number (1-100): 
Enter a number (1-100): 
Enter a number (1-100): 
Enter a number (1-100): 
Enter a number (1-100): 
Enter a number (1-100): 
Enter a number (1-100): 
Enter a number (1-100): 
Enter a number (1-100): 
Enter a number (1-100): 
Enter a number (1-100): 
Enter a number (1-100): 
Enter a number (1-100): 
Enter a number (1-100): 
Enter a number (1-100): 
Enter a number (1-100): 
Enter a number (1-100): 
Enter a number (1-100): 
Enter a number (1-100): 
Enter a number (1-100): 
Enter a number (1-100): 
Enter a number (1-100): 
Enter a number (1-100): 
Enter a number (1-100): 
Enter a number (1-100): 
Enter a number (1-100): 
Enter a number (1-100): 
Enter a number (1-100): 
Enter a number (1-100): 
Enter a number (1-100): 
Enter a number (1-100): 
Enter a number (1-100): 
Enter a number (1-100): 
Enter a number (1-100): 
Enter a number (1-100): 
Enter a number (1-100): 
Enter a number (1-100): 
Enter a number (1-100): 
Enter a number (1-100): 
Enter a number (1-100): 
Enter a number (1-100): 
Enter a number (1-100): 
Enter a number (1-100): 
Enter a number (1-100): 
Enter a number (1-100): 
Enter a number (1-100): 
Enter a number (1-100): 
Enter a number (1-100): 
Enter a number (1-100): 
Enter a number (1-100): 
Enter a number (1-100): 
Enter a number (1-100): 
Enter a number (1-100): 
Enter a number (1-100): 
Enter a number (1-100): 
Enter a number (1-100): 
Enter a number (1-100): 
Enter a number (1-100): 
Enter a number (1-100): 
Enter a number (1-100): 
Enter a number (1-100): 
Enter a number (1-100): 
Enter a number (1-100): 
Enter a number (1-100): 
Enter a number (1-100): 
Enter a number (1-100): 
Enter a number (1-100): 
Enter a number (1-100): 
Enter a number (1-100): 
Enter a number (1-100): 
Enter a number (1-100): 
Enter a number (1-100): 
Enter a number (1-100): 
Enter a number (1-100): 
Enter a number (1-100): 
Enter a number (1-100): 
Enter a number (1-100): 
Enter a number (1-100): 
Enter a number (1-100): 
Enter a number (1-100): 
Enter a number (1-100): 
Enter a number (1-100): 
Enter a number (1-100): 
Enter a number (1-100): 
Enter a number (1-100): 
Enter a number (1-100): 
Enter a number (1-100): 
Enter a number (1-100): 
Enter a number (1-100): 
Enter a number (1-100): 
Enter a number (1-100): 
Enter a number (1-100): 
Enter a number (1-100): 
Enter a number (1-100): 
Enter a number (1-100): 
Enter a number (1-100): 
Enter a number (1-100): 
Enter a number (1-100): 
Enter a number (1-100): 
Enter a number (1-100): 
Enter a number (1-100): 
Enter a number (1-100): 
Enter a number (1-100): 
Enter a number (1-100): 
Enter a number (1-100): 
Enter a number (1-100): 
Enter a number (1-100): 
Enter a number (1-100): 
Enter a number (1-100): 
Enter a number (1-100): 
Enter a number (1-100): 
Enter a number (1-100): 
Enter a number (1-100): 
Enter a number (1-100): 
Enter a number (1-100): 
Enter a number (1-100): 
Enter a number (1-100): 
Enter a number (1-100): 
Enter a number (1-100): 
Enter a number (1-100): 
Enter a number (1-100): 
Enter a number (1-100): 
Enter a number (1-100): 
Enter a number (1-100): 
Enter a number (1-100): 
Enter a number (1-100): 
Enter a number (1-100): 
Enter a number (1-100): 
Enter a number (1-100): 
Enter a number (1-100): 
Enter a number (1-100): 
Enter a number (1-100): 
Enter a number (1-100): 
Enter a number (1-100): 
Enter a number (1-100): 
Enter a number (1-100): 
Enter a number (1-100): 
Enter a number (1-100): 
Enter a number (1-100): 
Enter a number (1-100): 
Enter a number (1-100): 
Enter a number (1-100): 
Enter a number (1-100): 
Enter a number (1-100): 
Enter a number (1-100): 
Enter a number (1-100): 
Enter a number (1-100): 
Enter a number (1-100): 
Enter a number (1-100): 
Enter a number (1-100): 
Enter a number (1-100): 
Enter a number (1-100): 
Enter a number (1-100): 
Enter a number (1-100): 
Enter a number (1-100): 
Enter a number (1-100): 
Enter a number (1-100): 
Enter a number (1-100): 
Enter a number (1-100): 
Enter a number (1-100): 
Enter a number (1-100): 
Enter a number (1-100): 
Enter a number (1-100): 
Enter a number (1-100): 
Enter a number (1-100): 
Enter a number (1-100): 
Enter a number (1-100): 
Enter a number (1-100): 
Enter a number (1-100): 
Enter a number (1-100): 
Enter a number (1-100): 
Enter a number (1-100): 
Enter a number (1-100): 
Enter a number (1-100): 
Enter a number (1-100): 
Enter a number (1-100): 
Enter a number (1-100): 
Enter a number (1-100): 
Enter a number (1-100): 
Enter a number (1-100): 
Enter a number (1-100): 
Enter a number (1-100): 
Enter a number (1-100): 
Enter a number (1-100): 
Enter a number (1-100): 
Enter a number (1-100): 
Enter a number (1-100): 
Enter a number (1-100): 
Enter a number (1-100): 
Enter a number (1-100): 
Enter a number (1-100): 
Enter a number (1-100): 
Enter a number (1-100): 
Enter a number (1-100): 
Enter a number (1-100): 
Enter a number (1-100): 
Enter a number (1-100): 
Enter a number (1-100): 
Enter a number (1-100): 
Enter a number (1-100): 
Enter a number (1-100): 
Enter a number (1-100): 
Enter a number (1-100): 
Enter a number (1-100): 
Enter a number (1-100): 
Enter a number (1-100): 
Enter a number (1-100): 
Enter a number (1-100): 
Enter a number (1-100): 
Enter a number (1-100): 
Enter a number (1-100): 
Enter a number (1-100): 
Enter a number (1-100): 
Enter a number (1-100): 
Enter a number (1-100): 
Enter a number (1-100): 
Enter a number (1-100): 
Enter a number (1-100): 
Enter a number (1-100): 
Enter a number (1-100): 
Enter a number (1-100): 
Enter a number (1-100): 
Enter a number (1-100): 
Enter a number (1-100): 
Enter a number (1-100): 
Enter a number (1-100): 
Enter a number (1-100): 
Enter a number (1-100): 
Enter a number (1-100): 
Enter a number (1-100): 
Enter a number (1-100): 
Enter a number (1-100): 
Enter a number (1-100): 
Enter a number (1-100): 
Enter a number (1-100): 
Enter a number (1-100): 
Enter a number (1-100): 
Enter a number (1-100): 
Enter a number (1-100): 
Enter a number (1-100): 
Enter a number (1-100): 
Enter a number (1-100): 
Enter a number (1-100): 
Enter a number (1-100): 
Enter a number (1-100): 
Enter a number (1-100): 
Enter a number (1-100): 
Enter a number (1-100): 
Enter a number (1-100): 
Enter a number (1-100): 
Enter a number (1-100): 
Enter a number (1-100): 
Enter a number (1-100): 
Enter a number (1-100): 
Enter a number (1-100): 
Enter a number (1-100): 
Enter a number (1-100): 
Enter a number (1-100): 
Enter a number (1-100): 
Enter a number (1-100): 
Enter a number (1-100): 
Enter a number (1-100): 
Enter a number (1-100): 
Enter a number (1-100): 
Enter a number (1-100): 
Enter a number (1-100): 
Enter a number (1-100): 
Enter a number (1-100): 
Enter a number (1-100): 
Enter a number (1-100): 
Enter a number (1-100): 
Enter a number (1-100): 
Enter a number (1-100): 
Enter a number (1-100): 
Enter a number (1-100): 
Enter a number (1-100): 
Enter a number (1-100): 
Enter a number (1-100): 
Enter a number (1-100): 
Enter a number (1-100): 
Enter a number (1-100): 
Enter a number (1-100): 
Enter a number (1-100): 
Enter a number (1-100): 
Enter a number (1-100): 
Enter a number (1-100): 
Enter a number (1-100): 
Enter a number (1-100): 
Enter a number (1-100): 
Enter a number (1-100): 
Enter a number (1-100): 
Enter a number (1-100): 
Enter a number (1-100): 
Enter a number (1-100): 
Enter a number (1-100): 
Enter a number (1-100): 
Enter a number (1-100): 
Enter a number (1-100): 
Enter a number (1-100): 
Enter a number (1-100): 
Enter a number (1-100): 
Enter a number (1-100): 
Enter a number (1-100): 
Enter a number (1-100): 
Enter a number (1-100): 
Enter a number (1-100): 
Enter a number (1-100): 
Enter a number (1-100): 
Enter a number (1-100): 
Enter a number (1-100): 
Enter a number (1-100): 
Enter a number (1-100): 
Enter a number (1-100): 
Enter a number (1-100): 
Enter a number (1-100): 
Enter a number (1-100): 
Enter a number (1-100): 
Enter a number (1-100): 
Enter a number (1-100): 
Enter a number (1-100): 
Enter a number (1-100): 
Enter a number (1-100): 
Enter a number (1-100): 
Enter a number (1-100): 
Enter a number (1-100): 
Enter a number (1-100): 
Enter a number (1-100): 
Enter a number (1-100): 
Enter a number (1-100): 
Enter a number (1-100): 
Enter a number (1-100): 
Enter a number (1-100): 
Enter a number (1-100): 
Enter a number (1-100): 
Enter a number (1-100): 
Enter a number (1-100): 
Enter a number (1-100): 
Enter a number (1-100): 
Enter a number (1-100): 
Enter a number (1-100): 
Enter a number (1-100): 
Enter a number (1-100): 
Enter a number (1-100): 
Enter a number (1-100): 
Enter a number (1-100): 
Enter a number (1-100): 
Enter a number (1-100): 
Enter a number (1-100): 
Enter a number (1-100): 
Enter a number (1-100): 
Enter a number (1-100): 
Enter a number (1-100): 
Enter a number (1-100): 
Enter a number (1-100): 
Enter a number (1-100): 
Enter a number (1-100): 
Enter a number (1-100): 
Enter a number (1-100): 
Enter a number (1-100): 
Enter a number (1-100): 
Enter a number (1-100): 
Enter a number (1-100): 
Enter a number (1-100): 
Enter a number (1-100): 
Enter a number (1-100): 
Enter a number (1-100): 
Enter a number (1-100): 
Enter a number (1-100): 
Enter a number (1-100): 
Enter a number (1-100): 
Enter a number (1-100): 
Enter a number (1-100): 
Enter a number (1-100): 
Enter a number (1-100): 
Enter a number (1-100): 
Enter a number (1-100): 
Enter a number (1-100): 
Enter a number (1-100): 
Enter a number (1-100): 
Enter a number (1-100): 
Enter a number (1-100): 
Enter a number (1-100): 
Enter a number (1-100): 
Enter a number (1-100): 
Enter a number (1-100): 
Enter a number (1-100): 
Enter a number (1-100): 
Enter a number (1-100): 
Enter a number (1-100): 
Enter a number (1-100): 
Enter a number (1-100): 
Enter a number (1-100): 
Enter a number (1-100): 
Enter a number (1-100): 
Enter a number (1-100): 
Enter a number (1-100): 
Enter a number (1-100): 
Enter a number (1-100): 
Enter a number (1-100): 
Enter a number (1-100): 
Enter a number (1-100): 
Enter a number (1-100): 
Enter a number (1-100): 
Enter a number (1-100): 
Enter a number (1-100): 
Enter a number (1-100): 
Enter a number (1-100): 
Enter a number (1-100): 
Enter a number (1-100): 
Enter a number (1-100): 
Enter a number (1-100): 
Enter a number (1-100): 
Enter a number (1-100): 
Enter a number (1-100): 
Enter a number (1-100): 
Enter a number (1-100): 
Enter a number (1-100): 
Enter a number (1-100): 
Enter a number (1-100): 
Enter a number (1-100): 
Enter a number (1-100): 
Enter a number (1-100): 
Enter a number (1-100): 
Enter a number (1-100): 
Enter a number (1-100): 
Enter a number (1-100): 
Enter a number (1-100): 
Enter a number (1-100): 
Enter a number (1-100): 
Enter a number (1-100): 
Enter a number (1-100): 
Enter a number (1-100): 
Enter a number (1-100): 
Enter a number (1-100): 
Enter a number (1-100): 
Enter a number (1-100): 
Enter a number (1-100): 
Enter a number (1-100): 
Enter a number (1-100): 
Enter a number (1-100): 
Enter a number (1-100): 
Enter a number (1-100): 
Enter a number (1-100): 
Enter a number (1-100): 
Enter a number (1-100): 
Enter a number (1-100): 
Enter a number (1-100): 
Enter a number (1-100): 
Enter a number (1-100): 
Enter a number (1-100): 
Enter a number (1-100): 
Enter a number (1-100): 
Enter a number (1-100): 
Enter a number (1-100): 
Enter a number (1-100): 
Enter a number (1-100): 
Enter a number (1-100): 
Enter a number (1-100): 
Enter a number (1-100): 
Enter a number (1-100): 
Enter a number (1-100): 
Enter a number (1-100): 
Enter a number (1-100): 
Enter a number (1-100): 
Enter a number (1-100): 
Enter a number (1-100): 
Enter a number (1-100): 
Enter a number (1-100): 
Enter a number (1-100): 
Enter a number (1-100): 
Enter a number (1-100): 
Enter a number (1-100): 
Enter a number (1-100): 
Enter a number (1-100): 
Enter a number (1-100): 
Enter a number (1-100): 
Enter a number (1-100): 
Enter a number (1-100): 
Enter a number (1-100): 
Enter a number (1-100): 
Enter a number (1-100): 
Enter a number (1-100): 
Enter a number (1-100): 
Enter a number (1-100): 
Enter a number (1-100): 
Enter a number (1-100): 
Enter a number (1-100): 
Enter a number (1-100): 
Enter a number (1-100): 
Enter a number (1-100): 
Enter a number (1-100): 
Enter a number (1-100): 
Enter a number (1-100): 
Enter a number (1-100): 
Enter a number (1-100): 
Enter a number (1-100): 
Enter a number (1-100): 
Enter a number (1-100): 
Enter a number (1-100): 
Enter a number (1-100): 
Enter a number (1-100): 
Enter a number (1-100): 
Enter a number (1-100): 
Enter a number (1-100): 
Enter a number (1-100): 
Enter a number (1-100): 
Enter a number (1-100): 
Enter a number (1-100): 
Enter a number (1-100): 
Enter a number (1-100): 
Enter a number (1-100): 
Enter a number (1-100): 
Enter a number (1-100): 
Enter a number (1-100): 
Enter a number (1-100): 
Enter a number (1-100): 
Enter a number (1-100): 
Enter a number (1-100): 
Enter a number (1-100): 
Enter a number (1-100): 
Enter a number (1-100): 
Enter a number (1-100): 
Enter a number (1-100): 
Enter a number (1-100): 
Enter a number (1-100): 
Enter a number (1-100): 
Enter a number (1-100): 
Enter a number (1-100): 
Enter a number (1-100): 
Enter a number (1-100): 
Enter a number (1-100): 
Enter a number (1-100): 
Enter a number (1-100): 
Enter a number (1-100): 
Enter a number (1-100): 
Enter a number (1-100): 
Enter a number (1-100): 
Enter a number (1-100): 
Enter a number (1-100): 
Enter a number (1-100): 
Enter a number (1-100): 
Enter a number (1-100): 
Enter a number (1-100): 
Enter a number (1-100): 
Enter a number (1-100): 
Enter a number (1-100): 
Enter a number (1-100): 
Enter a number (1-100): 
Enter a number (1-100): 
Enter a number (1-100): 
Enter a number (1-100): 
Enter a number (1-100): 
Enter a number (1-100): 
Enter a number (1-100): 
Enter a number (1-100): 
Enter a number (1-100): 
Enter a number (1-100): 
Enter a number (1-100): 
Enter a number (1-100): 
Enter a number (1-100): 
Enter a number (1-100): 
Enter a number (1-100): 
Enter a number (1-100): 
Enter a number (1-100): 
Enter a number (1-100): 
Enter a number (1-100): 
Enter a number (1-100): 
Enter a number (1-100): 
Enter a number (1-100): 
Enter a number (1-100): 
Enter a number (1-100): 
Enter a number (1-100): 
Enter a number (1-100): 
Enter a number (1-100): 
Enter a number (1-100): 
Enter a number (1-100): 
Enter a number (1-100): 
Enter a number (1-100): 
Enter a number (1-100): 
Enter a number (1-100): 
Enter a number (1-100): 
Enter a number (1-100): 
Enter a number (1-100): 
Enter a number (1-100): 
Enter a number (1-100): 
Enter a number (1-100): 
Enter a number (1-100): 
Enter a number (1-100): 
Enter a number (1-100): 
Enter a number (1-100): 
Enter a number (1-100): 
Enter a number (1-100): 
Enter a number (1-100): 
Enter a number (1-100): 
Enter a number (1-100): 
Enter a number (1-100): 
Enter a number (1-100): 
Enter a number (1-100): 
Enter a number (1-100): 
Enter a number (1-100): 
Enter a number (1-100): 
Enter a number (1-100): 
Enter a number (1-100): 
Enter a number (1-100): 
Enter a number (1-100): 
Enter a number (1-100): 
Enter a number (1-100): 
Enter a number (1-100): 
Enter a number (1-100): 
Enter a number (1-100): 
Enter a number (1-100): 
Enter a number (1-100): 
Enter a number (1-100): 
Enter a number (1-100): 
Enter a number (1-100): 
Enter a number (1-100): 
Enter a number (1-100): 
Enter a number (1-100): 
Enter a number (1-100):</StdOut>
      </Output>
    </UnitTestResult>
    <UnitTestResult executionId="caab7892-622c-4197-82e4-9609afc97981" testId="37f78f12-4ace-98e0-52e8-3408fb66f00f" testName="ExD2_TestWithPositiveNumber1" computerName="ZANAANUAR1564" duration="00:00:00.0009457" startTime="2016-08-14T19:29:30.2335733+08:00" endTime="2016-08-14T19:29:30.2355807+08:00" testType="13cdc9d9-ddb5-4fa4-a97d-d965ccfc6d4b" outcome="Passed" testListId="8c84fa94-04c1-424b-9868-57a2d4851a1d" relativeResultsDirectory="caab7892-622c-4197-82e4-9609afc97981" />
    <UnitTestResult executionId="56a789b2-5d6f-4a3c-a59b-0b3af80835d1" testId="31cdd151-4b4e-8af1-a309-064dea303c76" testName="ExD2_TestWithPositiveNumber2" computerName="ZANAANUAR1564" duration="00:00:00.0004668" startTime="2016-08-14T19:29:30.2355807+08:00" endTime="2016-08-14T19:29:30.2365679+08:00" testType="13cdc9d9-ddb5-4fa4-a97d-d965ccfc6d4b" outcome="Passed" testListId="8c84fa94-04c1-424b-9868-57a2d4851a1d" relativeResultsDirectory="56a789b2-5d6f-4a3c-a59b-0b3af80835d1" />
    <UnitTestResult executionId="b44d6b93-e4fb-43ab-8917-bc2531d0537b" testId="5c4545c1-1c4b-68f6-8b78-e5e65fc45da5" testName="ExD3_TestRepeatedly" computerName="ZANAANUAR1564" duration="00:00:00.7082327" startTime="2016-08-14T19:29:30.2365679+08:00" endTime="2016-08-14T19:29:30.9458271+08:00" testType="13cdc9d9-ddb5-4fa4-a97d-d965ccfc6d4b" outcome="Passed" testListId="8c84fa94-04c1-424b-9868-57a2d4851a1d" relativeResultsDirectory="b44d6b93-e4fb-43ab-8917-bc2531d0537b">
      <Output>
        <StdOut>Debug Trace:
Guess a number (0-9): 0
Guess a number (0-9): 1
Guess a number (0-9): 2
Guess a number (0-9): 3
Guess a number (0-9): 4
Guess a number (0-9): 5
You are lousy

Guess a number (0-9): 0
You are a Wizard!

Guess a number (0-9): 0
Guess a number (0-9): 1
Guess a number (0-9): 2
Guess a number (0-9): 3
Guess a number (0-9): 4
Guess a number (0-9): 5
You are lousy

Guess a number (0-9): 0
You are a Wizard!

Guess a number (0-9): 0
Guess a number (0-9): 1
You are a Wizard!

Guess a number (0-9): 0
Guess a number (0-9): 1
You are a Wizard!

Guess a number (0-9): 0
Guess a number (0-9): 1
Guess a number (0-9): 2
You are a good guess</StdOut>
      </Output>
    </UnitTestResult>
    <UnitTestResult executionId="2168ceb5-23c2-460d-9a15-cf08aeeb02a5" testId="41d254a0-3988-4fe8-c401-d6db7cf41541" testName="ExD4_TestSimpleNumber" computerName="ZANAANUAR1564" duration="00:00:00.0004518" startTime="2016-08-14T19:29:30.9458271+08:00" endTime="2016-08-14T19:29:30.9466824+08:00" testType="13cdc9d9-ddb5-4fa4-a97d-d965ccfc6d4b" outcome="Passed" testListId="8c84fa94-04c1-424b-9868-57a2d4851a1d" relativeResultsDirectory="2168ceb5-23c2-460d-9a15-cf08aeeb02a5">
      <Output>
        <StdOut>Debug Trace:
Enter a number: 16
4.00000000002858</StdOut>
      </Output>
    </UnitTestResult>
    <UnitTestResult executionId="15bd6c86-b624-4780-9e54-f65df1f70e89" testId="f786c760-8fd9-385b-4101-e13a18a86146" testName="ExD4_TestBiggerNumber" computerName="ZANAANUAR1564" duration="00:00:00.0001274" startTime="2016-08-14T19:29:30.9466824+08:00" endTime="2016-08-14T19:29:30.9466824+08:00" testType="13cdc9d9-ddb5-4fa4-a97d-d965ccfc6d4b" outcome="Passed" testListId="8c84fa94-04c1-424b-9868-57a2d4851a1d" relativeResultsDirectory="15bd6c86-b624-4780-9e54-f65df1f70e89">
      <Output>
        <StdOut>Debug Trace:
Enter a number: 243
15.5884572706172</StdOut>
      </Output>
    </UnitTestResult>
    <UnitTestResult executionId="c05c79e1-49b4-4822-8743-31b07f8aa263" testId="93d33d17-2fa5-03db-e35e-54470f3d1f7b" testName="ExE1_TestSimpleNumber" computerName="ZANAANUAR1564" duration="00:00:00.0014196" startTime="2016-08-14T19:29:30.9466824+08:00" endTime="2016-08-14T19:29:30.9486049+08:00" testType="13cdc9d9-ddb5-4fa4-a97d-d965ccfc6d4b" outcome="Failed" testListId="8c84fa94-04c1-424b-9868-57a2d4851a1d" relativeResultsDirectory="c05c79e1-49b4-4822-8743-31b07f8aa263">
      <Output>
        <ErrorInfo>
          <Message>Assert.AreEqual failed. Expected:&lt;120&gt;. Actual:&lt;0&gt;. </Message>
          <StackTrace>   at ExercisesTest.ExE1Test.ExE1_TestSimpleNumber() in \\mac\home\Desktop\CSExercises\ExercisesTest\SectionE\ExE1Test.cs:line 12
</StackTrace>
        </ErrorInfo>
      </Output>
    </UnitTestResult>
    <UnitTestResult executionId="a2a8f09c-975d-4ded-89b0-a2569bec833d" testId="5a209ef6-6f45-28e6-9185-5b832c31792d" testName="ExE1_TestBiggerNumber" computerName="ZANAANUAR1564" duration="00:00:00.0011541" startTime="2016-08-14T19:29:30.9486049+08:00" endTime="2016-08-14T19:29:30.9497162+08:00" testType="13cdc9d9-ddb5-4fa4-a97d-d965ccfc6d4b" outcome="Failed" testListId="8c84fa94-04c1-424b-9868-57a2d4851a1d" relativeResultsDirectory="a2a8f09c-975d-4ded-89b0-a2569bec833d">
      <Output>
        <ErrorInfo>
          <Message>Assert.AreEqual failed. Expected:&lt;720&gt;. Actual:&lt;0&gt;. </Message>
          <StackTrace>   at ExercisesTest.ExE1Test.ExE1_TestBiggerNumber() in \\mac\home\Desktop\CSExercises\ExercisesTest\SectionE\ExE1Test.cs:line 19
</StackTrace>
        </ErrorInfo>
      </Output>
    </UnitTestResult>
    <UnitTestResult executionId="c084e788-9203-4404-9851-f86e3fd8b1b2" testId="380d54ab-9eb4-5e4e-c1a8-b5b0e22a59a1" testName="ExE2_TestTheOnlyCase" computerName="ZANAANUAR1564" duration="00:00:00.0015470" startTime="2016-08-14T19:29:30.9497162+08:00" endTime="2016-08-14T19:29:30.9517046+08:00" testType="13cdc9d9-ddb5-4fa4-a97d-d965ccfc6d4b" outcome="Failed" testListId="8c84fa94-04c1-424b-9868-57a2d4851a1d" relativeResultsDirectory="c084e788-9203-4404-9851-f86e3fd8b1b2">
      <Output>
        <StdOut>Debug Trace:</StdOut>
        <ErrorInfo>
          <Message>Assert.IsTrue failed. There is no output detected</Message>
          <StackTrace>   at ExercisesTest.TestHelper.AssertOutputContains(Int32 positionFromBack, String expectedOutput, Boolean log) in \\mac\home\Desktop\CSExercises\ExercisesTest\TestHelper.cs:line 65
   at ExercisesTest.ExE2Test.ExE2_TestTheOnlyCase() in \\mac\home\Desktop\CSExercises\ExercisesTest\SectionE\ExE2Test.cs:line 15
</StackTrace>
        </ErrorInfo>
      </Output>
    </UnitTestResult>
    <UnitTestResult executionId="1c10a0f7-f663-43a6-871c-66776cfb2c38" testId="48cf3a9e-0a50-a29b-8eb0-126dcc656f66" testName="ExE3_Test241" computerName="ZANAANUAR1564" duration="00:00:00.0003563" startTime="2016-08-14T19:29:30.9517046+08:00" endTime="2016-08-14T19:29:30.9526937+08:00" testType="13cdc9d9-ddb5-4fa4-a97d-d965ccfc6d4b" outcome="Passed" testListId="8c84fa94-04c1-424b-9868-57a2d4851a1d" relativeResultsDirectory="1c10a0f7-f663-43a6-871c-66776cfb2c38">
      <Output>
        <StdOut>Debug Trace:
Please enter an integer: 241
Not Prime</StdOut>
      </Output>
    </UnitTestResult>
    <UnitTestResult executionId="0f480855-9f1f-418c-a53e-0b3c58e5a955" testId="91e204a5-eff7-540d-d066-632080d4a971" testName="ExE3_Test240" computerName="ZANAANUAR1564" duration="00:00:00.0001153" startTime="2016-08-14T19:29:30.9526937+08:00" endTime="2016-08-14T19:29:30.9526937+08:00" testType="13cdc9d9-ddb5-4fa4-a97d-d965ccfc6d4b" outcome="Passed" testListId="8c84fa94-04c1-424b-9868-57a2d4851a1d" relativeResultsDirectory="0f480855-9f1f-418c-a53e-0b3c58e5a955">
      <Output>
        <StdOut>Debug Trace:
Please enter an integer: 240
Not Prime</StdOut>
      </Output>
    </UnitTestResult>
    <UnitTestResult executionId="6ba38b48-2585-4470-b01c-bfd5da07f6d5" testId="4f5a549c-a85c-793f-ddb0-ac8e48e5d0f1" testName="ExE4_Test496" computerName="ZANAANUAR1564" duration="00:00:00.0003031" startTime="2016-08-14T19:29:30.9526937+08:00" endTime="2016-08-14T19:29:30.9526937+08:00" testType="13cdc9d9-ddb5-4fa4-a97d-d965ccfc6d4b" outcome="Passed" testListId="8c84fa94-04c1-424b-9868-57a2d4851a1d" relativeResultsDirectory="6ba38b48-2585-4470-b01c-bfd5da07f6d5">
      <Output>
        <StdOut>Debug Trace:
Please enter an integer: 496
Not Perfect Number</StdOut>
      </Output>
    </UnitTestResult>
    <UnitTestResult executionId="503e19fd-a810-481c-bf93-dcf9abf531a9" testId="1dc75fae-43cb-7e63-4009-7965bd630b1a" testName="ExE4_Test240" computerName="ZANAANUAR1564" duration="00:00:00.0001443" startTime="2016-08-14T19:29:30.9526937+08:00" endTime="2016-08-14T19:29:30.9536865+08:00" testType="13cdc9d9-ddb5-4fa4-a97d-d965ccfc6d4b" outcome="Passed" testListId="8c84fa94-04c1-424b-9868-57a2d4851a1d" relativeResultsDirectory="503e19fd-a810-481c-bf93-dcf9abf531a9">
      <Output>
        <StdOut>Debug Trace:
Please enter an integer: 240
Not Perfect Number</StdOut>
      </Output>
    </UnitTestResult>
    <UnitTestResult executionId="8d2aa8f2-ebda-4376-8f95-882e057d5d47" testId="442295cb-ec7e-e437-f1f2-a6c136660fa9" testName="ExE5_TestForTheOnlyTestCase" computerName="ZANAANUAR1564" duration="00:00:00.0028616" startTime="2016-08-14T19:29:30.9536865+08:00" endTime="2016-08-14T19:29:30.9565793+08:00" testType="13cdc9d9-ddb5-4fa4-a97d-d965ccfc6d4b" outcome="Failed" testListId="8c84fa94-04c1-424b-9868-57a2d4851a1d" relativeResultsDirectory="8d2aa8f2-ebda-4376-8f95-882e057d5d47">
      <Output>
        <StdOut>Debug Trace:</StdOut>
        <ErrorInfo>
          <Message>Assert.IsTrue failed. There is no output detected</Message>
          <StackTrace>   at ExercisesTest.TestHelper.AssertOutputContains(Int32 positionFromBack, String expectedOutput, Boolean log) in \\mac\home\Desktop\CSExercises\ExercisesTest\TestHelper.cs:line 65
   at ExercisesTest.ExE5Test.ExE5_TestForTheOnlyTestCase() in \\mac\home\Desktop\CSExercises\ExercisesTest\SectionE\ExE5Test.cs:line 15
</StackTrace>
        </ErrorInfo>
      </Output>
    </UnitTestResult>
    <UnitTestResult executionId="6361d53f-c0d3-4df3-9bc7-a0a8af3bf09a" testId="d2aa1ef4-37c8-6f4f-caac-48633678d93a" testName="ExE6_TestForTheOnlyTestCase" computerName="ZANAANUAR1564" duration="00:00:00.0022512" startTime="2016-08-14T19:29:30.9565793+08:00" endTime="2016-08-14T19:29:30.9595659+08:00" testType="13cdc9d9-ddb5-4fa4-a97d-d965ccfc6d4b" outcome="Failed" testListId="8c84fa94-04c1-424b-9868-57a2d4851a1d" relativeResultsDirectory="6361d53f-c0d3-4df3-9bc7-a0a8af3bf09a">
      <Output>
        <StdOut>Debug Trace:</StdOut>
        <ErrorInfo>
          <Message>Assert.IsTrue failed. There is no output detected</Message>
          <StackTrace>   at ExercisesTest.TestHelper.AssertOutputContains(Int32 positionFromBack, String expectedOutput, Boolean log) in \\mac\home\Desktop\CSExercises\ExercisesTest\TestHelper.cs:line 65
   at ExercisesTest.ExE6_Test.ExE6_TestForTheOnlyTestCase() in \\mac\home\Desktop\CSExercises\ExercisesTest\SectionE\ExE6Test.cs:line 15
</StackTrace>
        </ErrorInfo>
      </Output>
    </UnitTestResult>
    <UnitTestResult executionId="e5cf5157-9aa4-4539-8b19-d98b264b1983" testId="dc006c73-b7ad-39c4-a618-0510c48419f9" testName="ExF1_TestForTheOnlyTestCase" computerName="ZANAANUAR1564" duration="00:00:00.0040439" startTime="2016-08-14T19:29:30.9595659+08:00" endTime="2016-08-14T19:29:30.9655667+08:00" testType="13cdc9d9-ddb5-4fa4-a97d-d965ccfc6d4b" outcome="Failed" testListId="8c84fa94-04c1-424b-9868-57a2d4851a1d" relativeResultsDirectory="e5cf5157-9aa4-4539-8b19-d98b264b1983">
      <Output>
        <StdOut>Debug Trace:
Enter sales for month 0: 1000
Enter sales for month 1: 2000
Enter sales for month 2: 3000
Enter sales for month 3: 4000
Enter sales for month 4: 5000
Enter sales for month 5: 6000
Enter sales for month 6: 7000
Enter sales for month 7: 8000
Enter sales for month 8: 9000
Enter sales for month 9: 10000
Enter sales for month 10: 11000
Enter sales for month 11: 12000
Maximum Sales: 0
Minimum Sales: 0
Average Sales: 0</StdOut>
        <ErrorInfo>
          <Message>Assert.IsTrue failed. Program output do not contain the expected output (6500).</Message>
          <StackTrace>   at ExercisesTest.TestHelper.AssertOutputContains(Int32 positionFromBack, String expectedOutput, Boolean log) in \\mac\home\Desktop\CSExercises\ExercisesTest\TestHelper.cs:line 67
   at ExercisesTest.ExF1Test.ExF1_TestForTheOnlyTestCase() in \\mac\home\Desktop\CSExercises\ExercisesTest\SectionF\ExF1Test.cs:line 31
</StackTrace>
        </ErrorInfo>
      </Output>
    </UnitTestResult>
    <UnitTestResult executionId="6b72bb05-b46f-4093-be38-e21ec81bce2e" testId="5af6480c-3862-4e94-bc2c-b24cac7ca661" testName="ExF2_TestForTheOrder" computerName="ZANAANUAR1564" duration="00:00:00.0025219" startTime="2016-08-14T19:29:30.9655667+08:00" endTime="2016-08-14T19:29:30.9685692+08:00" testType="13cdc9d9-ddb5-4fa4-a97d-d965ccfc6d4b" outcome="Failed" testListId="8c84fa94-04c1-424b-9868-57a2d4851a1d" relativeResultsDirectory="6b72bb05-b46f-4093-be38-e21ec81bce2e">
      <Output>
        <StdOut>Debug Trace:
86 35 41 49 89 51 11 71 50 75 25 58 40 14 44 3 63 81 93 79 

86 35 41 49 89 51 11 71 50 75 25 58 40 14 44 3 63 81 93 79</StdOut>
        <ErrorInfo>
          <Message>Assert.AreEqual failed. Expected:&lt;93&gt;. Actual:&lt;86&gt;. </Message>
          <StackTrace>   at ExercisesTest.ExF2Test.ExF2_TestForTheOrder() in \\mac\home\Desktop\CSExercises\ExercisesTest\SectionF\ExF2Test.cs:line 22
</StackTrace>
        </ErrorInfo>
      </Output>
    </UnitTestResult>
    <UnitTestResult executionId="3946d84b-6fbf-486e-9baf-043dabe68f99" testId="b02f104d-c4e9-55a3-ef13-4320e9fcd6ec" testName="ExF3_TestForSomeOfTheResult" computerName="ZANAANUAR1564" duration="00:00:00.0047389" startTime="2016-08-14T19:29:30.9685692+08:00" endTime="2016-08-14T19:29:30.9735673+08:00" testType="13cdc9d9-ddb5-4fa4-a97d-d965ccfc6d4b" outcome="Failed" testListId="8c84fa94-04c1-424b-9868-57a2d4851a1d" relativeResultsDirectory="3946d84b-6fbf-486e-9baf-043dabe68f99">
      <Output>
        <StdOut>Debug Trace:
Total marks for student 0: 0
Avg marks for student 0: 0
Total marks for student 1: 0
Avg marks for student 1: 0
Total marks for student 2: 0
Avg marks for student 2: 0
Total marks for student 3: 0
Avg marks for student 3: 0
Total marks for student 4: 0
Avg marks for student 4: 0
Total marks for student 5: 0
Avg marks for student 5: 0
Total marks for student 6: 0
Avg marks for student 6: 0
Total marks for student 7: 0
Avg marks for student 7: 0
Total marks for student 8: 0
Avg marks for student 8: 0
Total marks for student 9: 0
Avg marks for student 9: 0
Total marks for student 10: 0
Avg marks for student 10: 0
Total marks for student 11: 0
Avg marks for student 11: 0
Avg marks for subject 0: 0
Avg marks for subject 1: 0
Avg marks for subject 2: 0
Avg marks for subject 3: 0</StdOut>
        <ErrorInfo>
          <Message>Assert.AreEqual failed. Expected:&lt;1&gt;. Actual:&lt;0&gt;. </Message>
          <StackTrace>   at ExercisesTest.ExF3Test.ExF3_TestForSomeOfTheResult() in \\mac\home\Desktop\CSExercises\ExercisesTest\SectionF\ExF3Test.cs:line 16
</StackTrace>
        </ErrorInfo>
      </Output>
    </UnitTestResult>
    <UnitTestResult executionId="2a4e2da2-92e1-4aa9-8fc8-20ddf7aeccd8" testId="f30f2658-99db-d72e-9ec4-31a9938fa387" testName="ExG1_TestWithABCDE" computerName="ZANAANUAR1564" duration="00:00:00.0113674" startTime="2016-08-14T19:29:30.9735673+08:00" endTime="2016-08-14T19:29:30.9865674+08:00" testType="13cdc9d9-ddb5-4fa4-a97d-d965ccfc6d4b" outcome="Failed" testListId="8c84fa94-04c1-424b-9868-57a2d4851a1d" relativeResultsDirectory="2a4e2da2-92e1-4aa9-8fc8-20ddf7aeccd8">
      <Output>
        <StdOut>Debug Trace:
Please enter a phrase: Abcde
Total number of vowels: 0
Number of a: 0
Number of e: 0
Number of i: 0
Number of o: 0
Number of u: 0</StdOut>
        <ErrorInfo>
          <Message>Assert.AreEqual failed. Expected:&lt;1&gt;. Actual:&lt;0&gt;. </Message>
          <StackTrace>   at ExercisesTest.ExG1Test.ExG1_TestWithABCDE() in \\mac\home\Desktop\CSExercises\ExercisesTest\SectionG\ExG1Test.cs:line 17
</StackTrace>
        </ErrorInfo>
      </Output>
    </UnitTestResult>
    <UnitTestResult executionId="de7128ae-fc83-4543-9c71-8dfec3dc8e8d" testId="2e593488-b56a-eff0-ca82-e8d0bb44c159" testName="ExG1_TestWithRycky" computerName="ZANAANUAR1564" duration="00:00:00.0002300" startTime="2016-08-14T19:29:30.9865674+08:00" endTime="2016-08-14T19:29:30.9875694+08:00" testType="13cdc9d9-ddb5-4fa4-a97d-d965ccfc6d4b" outcome="Passed" testListId="8c84fa94-04c1-424b-9868-57a2d4851a1d" relativeResultsDirectory="de7128ae-fc83-4543-9c71-8dfec3dc8e8d">
      <Output>
        <StdOut>Debug Trace:
Please enter a phrase: rykcy
Total number of vowels: 0
Number of a: 0
Number of e: 0
Number of i: 0
Number of o: 0
Number of u: 0</StdOut>
      </Output>
    </UnitTestResult>
    <UnitTestResult executionId="293c39ef-efad-4261-a578-928ca452baad" testId="ab2a1fc1-80f8-bc44-f298-ece577f665f6" testName="ExG1_TestWithAeiou" computerName="ZANAANUAR1564" duration="00:00:00.0011769" startTime="2016-08-14T19:29:30.9875694+08:00" endTime="2016-08-14T19:29:30.9885981+08:00" testType="13cdc9d9-ddb5-4fa4-a97d-d965ccfc6d4b" outcome="Failed" testListId="8c84fa94-04c1-424b-9868-57a2d4851a1d" relativeResultsDirectory="293c39ef-efad-4261-a578-928ca452baad">
      <Output>
        <StdOut>Debug Trace:
Please enter a phrase: AEIOUaeiou
Total number of vowels: 0
Number of a: 0
Number of e: 0
Number of i: 0
Number of o: 0
Number of u: 0</StdOut>
        <ErrorInfo>
          <Message>Assert.AreEqual failed. Expected:&lt;1&gt;. Actual:&lt;0&gt;. </Message>
          <StackTrace>   at ExercisesTest.ExG1Test.ExG1_TestWithAeiou() in \\mac\home\Desktop\CSExercises\ExercisesTest\SectionG\ExG1Test.cs:line 40
</StackTrace>
        </ErrorInfo>
      </Output>
    </UnitTestResult>
    <UnitTestResult executionId="8f95f465-0cbd-4c89-936e-ce7d1dd0e7a4" testId="18e3e622-092f-3e19-8553-2026a160f673" testName="ExG2_TestWithMadam" computerName="ZANAANUAR1564" duration="00:00:00.0048437" startTime="2016-08-14T19:29:30.9885981+08:00" endTime="2016-08-14T19:29:30.9945728+08:00" testType="13cdc9d9-ddb5-4fa4-a97d-d965ccfc6d4b" outcome="Failed" testListId="8c84fa94-04c1-424b-9868-57a2d4851a1d" relativeResultsDirectory="8f95f465-0cbd-4c89-936e-ce7d1dd0e7a4">
      <Output>
        <StdOut>Debug Trace:
Please enter a phrase: madam
Not Palindrome</StdOut>
        <ErrorInfo>
          <Message>Assert.AreEqual failed. Expected:&lt;palindrome&gt;. Actual:&lt;not palindrome&gt;. Program output is different from the expected output.</Message>
          <StackTrace>   at ExercisesTest.TestHelper.AssertOutput(String expectedOutput) in \\mac\home\Desktop\CSExercises\ExercisesTest\TestHelper.cs:line 48
   at ExercisesTest.TestHelper.TestOutputEqual(Type t, String input, String output) in \\mac\home\Desktop\CSExercises\ExercisesTest\TestHelper.cs:line 97
   at ExercisesTest.ExG2_Test.ExG2_TestWithMadam() in \\mac\home\Desktop\CSExercises\ExercisesTest\SectionG\ExG2_Test.cs:line 12
</StackTrace>
        </ErrorInfo>
      </Output>
    </UnitTestResult>
    <UnitTestResult executionId="60336701-1c71-4137-a45d-4c5503493bf5" testId="ee68900a-ee9e-ddba-3df4-cb4a828e02fb" testName="ExG2_TestWithSanta" computerName="ZANAANUAR1564" duration="00:00:00.0033017" startTime="2016-08-14T19:29:30.9945728+08:00" endTime="2016-08-14T19:29:30.9985715+08:00" testType="13cdc9d9-ddb5-4fa4-a97d-d965ccfc6d4b" outcome="Failed" testListId="8c84fa94-04c1-424b-9868-57a2d4851a1d" relativeResultsDirectory="60336701-1c71-4137-a45d-4c5503493bf5">
      <Output>
        <StdOut>Debug Trace:
Please enter a phrase: A Santa at NASA
Not Palindrome</StdOut>
        <ErrorInfo>
          <Message>Assert.AreEqual failed. Expected:&lt;palindrome&gt;. Actual:&lt;not palindrome&gt;. Program output is different from the expected output.</Message>
          <StackTrace>   at ExercisesTest.TestHelper.AssertOutput(String expectedOutput) in \\mac\home\Desktop\CSExercises\ExercisesTest\TestHelper.cs:line 48
   at ExercisesTest.TestHelper.TestOutputEqual(Type t, String input, String output) in \\mac\home\Desktop\CSExercises\ExercisesTest\TestHelper.cs:line 97
   at ExercisesTest.ExG2_Test.ExG2_TestWithSanta() in \\mac\home\Desktop\CSExercises\ExercisesTest\SectionG\ExG2_Test.cs:line 18
</StackTrace>
        </ErrorInfo>
      </Output>
    </UnitTestResult>
    <UnitTestResult executionId="5c8ef25f-559a-4ced-8729-082039df9e3f" testId="97c6c703-6d42-4b52-af58-5bc1820c63e6" testName="ExG2_TestWithISS" computerName="ZANAANUAR1564" duration="00:00:00.0004398" startTime="2016-08-14T19:29:30.9985715+08:00" endTime="2016-08-14T19:29:30.9985715+08:00" testType="13cdc9d9-ddb5-4fa4-a97d-d965ccfc6d4b" outcome="Passed" testListId="8c84fa94-04c1-424b-9868-57a2d4851a1d" relativeResultsDirectory="5c8ef25f-559a-4ced-8729-082039df9e3f">
      <Output>
        <StdOut>Debug Trace:
Please enter a phrase: Institute of Systems Science
Not Palindrome</StdOut>
      </Output>
    </UnitTestResult>
    <UnitTestResult executionId="afd0bc87-581f-4b41-b13b-a815ad21f457" testId="009b3f8f-dd80-521b-6dfb-99834ad4fb9f" testName="ExG3_TestWithOneWord" computerName="ZANAANUAR1564" duration="00:00:00.0024711" startTime="2016-08-14T19:29:30.9985715+08:00" endTime="2016-08-14T19:29:31.0025683+08:00" testType="13cdc9d9-ddb5-4fa4-a97d-d965ccfc6d4b" outcome="Failed" testListId="8c84fa94-04c1-424b-9868-57a2d4851a1d" relativeResultsDirectory="afd0bc87-581f-4b41-b13b-a815ad21f457">
      <Output>
        <StdOut>Debug Trace:
Please enter a phrase:    ball</StdOut>
        <ErrorInfo>
          <Message>Assert.IsTrue failed. Program output do not contain the expected output (   Ball).</Message>
          <StackTrace>   at ExercisesTest.TestHelper.AssertOutputContains(String expectedOutput) in \\mac\home\Desktop\CSExercises\ExercisesTest\TestHelper.cs:line 56
   at ExercisesTest.TestHelper.TestOutputContains(Type t, String input, String output) in \\mac\home\Desktop\CSExercises\ExercisesTest\TestHelper.cs:line 115
   at ExercisesTest.ExG3Test.ExG3_TestWithOneWord() in \\mac\home\Desktop\CSExercises\ExercisesTest\SectionG\ExG3Test.cs:line 13
</StackTrace>
        </ErrorInfo>
      </Output>
    </UnitTestResult>
    <UnitTestResult executionId="5ee57e51-6da1-4a4a-958c-7d4133f77ca5" testId="ec776b73-93db-33b0-d71f-976483ca31f6" testName="ExG3_TestWithISS" computerName="ZANAANUAR1564" duration="00:00:00.0025170" startTime="2016-08-14T19:29:31.0025683+08:00" endTime="2016-08-14T19:29:31.0055682+08:00" testType="13cdc9d9-ddb5-4fa4-a97d-d965ccfc6d4b" outcome="Failed" testListId="8c84fa94-04c1-424b-9868-57a2d4851a1d" relativeResultsDirectory="5ee57e51-6da1-4a4a-958c-7d4133f77ca5">
      <Output>
        <StdOut>Debug Trace:
Please enter a phrase: institute Of systems science</StdOut>
        <ErrorInfo>
          <Message>Assert.IsTrue failed. Program output do not contain the expected output (Institute of Systems Science).</Message>
          <StackTrace>   at ExercisesTest.TestHelper.AssertOutputContains(String expectedOutput) in \\mac\home\Desktop\CSExercises\ExercisesTest\TestHelper.cs:line 56
   at ExercisesTest.TestHelper.TestOutputContains(Type t, String input, String output) in \\mac\home\Desktop\CSExercises\ExercisesTest\TestHelper.cs:line 115
   at ExercisesTest.ExG3Test.ExG3_TestWithISS() in \\mac\home\Desktop\CSExercises\ExercisesTest\SectionG\ExG3Test.cs:line 19
</StackTrace>
        </ErrorInfo>
      </Output>
    </UnitTestResult>
    <UnitTestResult executionId="41f27886-8a3d-4d39-b386-195717109b5c" testId="e986587e-732a-eb08-f5bc-4cd7a66af95d" testName="ExG4_TestOrder" computerName="ZANAANUAR1564" duration="00:00:00.0027218" startTime="2016-08-14T19:29:31.0055682+08:00" endTime="2016-08-14T19:29:31.0085719+08:00" testType="13cdc9d9-ddb5-4fa4-a97d-d965ccfc6d4b" outcome="Failed" testListId="8c84fa94-04c1-424b-9868-57a2d4851a1d" relativeResultsDirectory="41f27886-8a3d-4d39-b386-195717109b5c">
      <Output>
        <StdOut>Debug Trace:</StdOut>
        <ErrorInfo>
          <Message>Assert.IsTrue failed. There is no output detected</Message>
          <StackTrace>   at ExercisesTest.TestHelper.AssertOutputContains(Int32 positionFromBack, String expectedOutput, Boolean log) in \\mac\home\Desktop\CSExercises\ExercisesTest\TestHelper.cs:line 65
   at ExercisesTest.ExG4Test.ExG4_TestOrder() in \\mac\home\Desktop\CSExercises\ExercisesTest\SectionG\ExG4Test.cs:line 15
</StackTrace>
        </ErrorInfo>
      </Output>
    </UnitTestResult>
    <UnitTestResult executionId="6cfe3393-f72c-479e-8ffa-43eb065cbec6" testId="a4ae2f7a-bc59-f21f-0330-4520bbb34ec8" testName="ExH1_TestOneChar" computerName="ZANAANUAR1564" duration="00:00:00.0043248" startTime="2016-08-14T19:29:31.0096023+08:00" endTime="2016-08-14T19:29:31.0145794+08:00" testType="13cdc9d9-ddb5-4fa4-a97d-d965ccfc6d4b" outcome="Failed" testListId="8c84fa94-04c1-424b-9868-57a2d4851a1d" relativeResultsDirectory="6cfe3393-f72c-479e-8ffa-43eb065cbec6">
      <Output>
        <StdOut>Debug Trace:
The brown fox, o</StdOut>
        <ErrorInfo>
          <Message>Assert.IsTrue failed. </Message>
          <StackTrace>   at ExercisesTest.ExH1Test.ExH1_TestOneChar() in \\mac\home\Desktop\CSExercises\ExercisesTest\SectionH\ExH1Test.cs:line 15
</StackTrace>
        </ErrorInfo>
      </Output>
    </UnitTestResult>
    <UnitTestResult executionId="1379f078-470f-407a-96ea-3c17bebde156" testId="c1d8227b-f44f-4db1-97da-6595d5433cbe" testName="ExH1_TestPositive1" computerName="ZANAANUAR1564" duration="00:00:00.0017410" startTime="2016-08-14T19:29:31.0145794+08:00" endTime="2016-08-14T19:29:31.0165666+08:00" testType="13cdc9d9-ddb5-4fa4-a97d-d965ccfc6d4b" outcome="Failed" testListId="8c84fa94-04c1-424b-9868-57a2d4851a1d" relativeResultsDirectory="1379f078-470f-407a-96ea-3c17bebde156">
      <Output>
        <StdOut>Debug Trace:
The brown fox, FOX</StdOut>
        <ErrorInfo>
          <Message>Assert.IsTrue failed. </Message>
          <StackTrace>   at ExercisesTest.ExH1Test.ExH1_TestPositive1() in \\mac\home\Desktop\CSExercises\ExercisesTest\SectionH\ExH1Test.cs:line 23
</StackTrace>
        </ErrorInfo>
      </Output>
    </UnitTestResult>
    <UnitTestResult executionId="1f458e28-e60c-4e3a-84e6-bddcb4618989" testId="baf4c8f9-72bd-e9a1-3899-5f643a41cbac" testName="ExH1_TestPositive2" computerName="ZANAANUAR1564" duration="00:00:00.0016341" startTime="2016-08-14T19:29:31.0165666+08:00" endTime="2016-08-14T19:29:31.0185690+08:00" testType="13cdc9d9-ddb5-4fa4-a97d-d965ccfc6d4b" outcome="Failed" testListId="8c84fa94-04c1-424b-9868-57a2d4851a1d" relativeResultsDirectory="1f458e28-e60c-4e3a-84e6-bddcb4618989">
      <Output>
        <StdOut>Debug Trace:
The brown fox, bRO</StdOut>
        <ErrorInfo>
          <Message>Assert.IsTrue failed. </Message>
          <StackTrace>   at ExercisesTest.ExH1Test.ExH1_TestPositive2() in \\mac\home\Desktop\CSExercises\ExercisesTest\SectionH\ExH1Test.cs:line 31
</StackTrace>
        </ErrorInfo>
      </Output>
    </UnitTestResult>
    <UnitTestResult executionId="929af989-28b8-4b23-a326-660784e9f977" testId="1df2cd5e-05cd-0340-279c-bf437d1b1fa6" testName="ExH1_TestNegative1" computerName="ZANAANUAR1564" duration="00:00:00.0003581" startTime="2016-08-14T19:29:31.0185690+08:00" endTime="2016-08-14T19:29:31.0196499+08:00" testType="13cdc9d9-ddb5-4fa4-a97d-d965ccfc6d4b" outcome="Passed" testListId="8c84fa94-04c1-424b-9868-57a2d4851a1d" relativeResultsDirectory="929af989-28b8-4b23-a326-660784e9f977">
      <Output>
        <StdOut>Debug Trace:
T, FOX</StdOut>
      </Output>
    </UnitTestResult>
    <UnitTestResult executionId="7c0041bc-4884-4746-80b2-23e22a4e2575" testId="af9c61a0-f313-c3c8-1027-5c796a206b57" testName="ExH1_TestNegative2" computerName="ZANAANUAR1564" duration="00:00:00.0002947" startTime="2016-08-14T19:29:31.0205691+08:00" endTime="2016-08-14T19:29:31.0205691+08:00" testType="13cdc9d9-ddb5-4fa4-a97d-d965ccfc6d4b" outcome="Passed" testListId="8c84fa94-04c1-424b-9868-57a2d4851a1d" relativeResultsDirectory="7c0041bc-4884-4746-80b2-23e22a4e2575">
      <Output>
        <StdOut>Debug Trace:
The bras basah complex, bRO</StdOut>
      </Output>
    </UnitTestResult>
    <UnitTestResult executionId="5b48b391-158d-46b0-9158-78a059a3897b" testId="3d7d1584-1c63-ac50-bc50-de50031518c4" testName="ExH2_TestOneChar" computerName="ZANAANUAR1564" duration="00:00:00.0028363" startTime="2016-08-14T19:29:31.0205691+08:00" endTime="2016-08-14T19:29:31.0235730+08:00" testType="13cdc9d9-ddb5-4fa4-a97d-d965ccfc6d4b" outcome="Failed" testListId="8c84fa94-04c1-424b-9868-57a2d4851a1d" relativeResultsDirectory="5b48b391-158d-46b0-9158-78a059a3897b">
      <Output>
        <StdOut>Debug Trace:
The brown fox, o =&gt; should return 6</StdOut>
        <ErrorInfo>
          <Message>Assert.AreEqual failed. Expected:&lt;6&gt;. Actual:&lt;0&gt;. </Message>
          <StackTrace>   at ExercisesTest.ExH2Test.ExH2_TestOneChar() in \\mac\home\Desktop\CSExercises\ExercisesTest\SectionH\ExH2Test.cs:line 15
</StackTrace>
        </ErrorInfo>
      </Output>
    </UnitTestResult>
    <UnitTestResult executionId="bf495712-5d14-413f-93d3-05d5dbe64f18" testId="0edd46c6-0864-a084-7845-f3ab5a58d5e8" testName="ExH2_TestPositive1" computerName="ZANAANUAR1564" duration="00:00:00.0058483" startTime="2016-08-14T19:29:31.0255778+08:00" endTime="2016-08-14T19:29:31.0315786+08:00" testType="13cdc9d9-ddb5-4fa4-a97d-d965ccfc6d4b" outcome="Failed" testListId="8c84fa94-04c1-424b-9868-57a2d4851a1d" relativeResultsDirectory="bf495712-5d14-413f-93d3-05d5dbe64f18">
      <Output>
        <StdOut>Debug Trace:
The brown fox, FOX =&gt; should return 10</StdOut>
        <ErrorInfo>
          <Message>Assert.AreEqual failed. Expected:&lt;10&gt;. Actual:&lt;0&gt;. </Message>
          <StackTrace>   at ExercisesTest.ExH2Test.ExH2_TestPositive1() in \\mac\home\Desktop\CSExercises\ExercisesTest\SectionH\ExH2Test.cs:line 23
</StackTrace>
        </ErrorInfo>
      </Output>
    </UnitTestResult>
    <UnitTestResult executionId="8cfa9c09-e08d-4caf-8bf0-ce6ab71f7f5a" testId="cbb366c6-732e-4def-9a11-8dd886c0022f" testName="ExH2_TestPositive2" computerName="ZANAANUAR1564" duration="00:00:00.0020754" startTime="2016-08-14T19:29:31.0315786+08:00" endTime="2016-08-14T19:29:31.0345695+08:00" testType="13cdc9d9-ddb5-4fa4-a97d-d965ccfc6d4b" outcome="Failed" testListId="8c84fa94-04c1-424b-9868-57a2d4851a1d" relativeResultsDirectory="8cfa9c09-e08d-4caf-8bf0-ce6ab71f7f5a">
      <Output>
        <StdOut>Debug Trace:
The brown fox, bRO =&gt; should return 4</StdOut>
        <ErrorInfo>
          <Message>Assert.AreEqual failed. Expected:&lt;4&gt;. Actual:&lt;0&gt;. </Message>
          <StackTrace>   at ExercisesTest.ExH2Test.ExH2_TestPositive2() in \\mac\home\Desktop\CSExercises\ExercisesTest\SectionH\ExH2Test.cs:line 31
</StackTrace>
        </ErrorInfo>
      </Output>
    </UnitTestResult>
    <UnitTestResult executionId="a04c07bf-6b26-4fdd-8251-cc71e84c1eec" testId="1ca2fccd-4727-4051-5830-7ec18c4d7263" testName="ExH2_TestNegative1" computerName="ZANAANUAR1564" duration="00:00:00.0018684" startTime="2016-08-14T19:29:31.0345695+08:00" endTime="2016-08-14T19:29:31.0365688+08:00" testType="13cdc9d9-ddb5-4fa4-a97d-d965ccfc6d4b" outcome="Failed" testListId="8c84fa94-04c1-424b-9868-57a2d4851a1d" relativeResultsDirectory="a04c07bf-6b26-4fdd-8251-cc71e84c1eec">
      <Output>
        <StdOut>Debug Trace:
T, FOX =&gt; should return -1</StdOut>
        <ErrorInfo>
          <Message>Assert.AreEqual failed. Expected:&lt;-1&gt;. Actual:&lt;0&gt;. </Message>
          <StackTrace>   at ExercisesTest.ExH2Test.ExH2_TestNegative1() in \\mac\home\Desktop\CSExercises\ExercisesTest\SectionH\ExH2Test.cs:line 39
</StackTrace>
        </ErrorInfo>
      </Output>
    </UnitTestResult>
    <UnitTestResult executionId="0a1cc76d-b9e3-4f60-a3c6-f2808287fcda" testId="4744dcc3-4bcc-ce0e-885e-9c28396a533f" testName="ExH2_TestNegative2" computerName="ZANAANUAR1564" duration="00:00:00.0025824" startTime="2016-08-14T19:29:31.0365688+08:00" endTime="2016-08-14T19:29:31.0395662+08:00" testType="13cdc9d9-ddb5-4fa4-a97d-d965ccfc6d4b" outcome="Failed" testListId="8c84fa94-04c1-424b-9868-57a2d4851a1d" relativeResultsDirectory="0a1cc76d-b9e3-4f60-a3c6-f2808287fcda">
      <Output>
        <StdOut>Debug Trace:
The bras basah complex, bRO =&gt; should return -1</StdOut>
        <ErrorInfo>
          <Message>Assert.AreEqual failed. Expected:&lt;-1&gt;. Actual:&lt;0&gt;. </Message>
          <StackTrace>   at ExercisesTest.ExH2Test.ExH2_TestNegative2() in \\mac\home\Desktop\CSExercises\ExercisesTest\SectionH\ExH2Test.cs:line 47
</StackTrace>
        </ErrorInfo>
      </Output>
    </UnitTestResult>
    <UnitTestResult executionId="9b268147-3da1-4f65-8ec5-a1a670b46aab" testId="8082022e-9ba0-4329-7312-ea4cd2cb3ab8" testName="ExH3_TestOneToOneHundred" computerName="ZANAANUAR1564" duration="00:00:00.0054459" startTime="2016-08-14T19:29:31.0405678+08:00" endTime="2016-08-14T19:29:31.0465711+08:00" testType="13cdc9d9-ddb5-4fa4-a97d-d965ccfc6d4b" outcome="Failed" testListId="8c84fa94-04c1-424b-9868-57a2d4851a1d" relativeResultsDirectory="9b268147-3da1-4f65-8ec5-a1a670b46aab">
      <Output>
        <StdOut>Debug Trace:
Hex of 1 should be 1</StdOut>
        <ErrorInfo>
          <Message>Assert.AreEqual failed. Expected:&lt;1&gt;. Actual:&lt;(null)&gt;. </Message>
          <StackTrace>   at ExercisesTest.ExH3Test.ExH3_TestOneToOneHundred() in \\mac\home\Desktop\CSExercises\ExercisesTest\SectionH\ExH3Test.cs:line 19
</StackTrace>
        </ErrorInfo>
      </Output>
    </UnitTestResult>
    <UnitTestResult executionId="2c8152bf-ebef-4209-92ee-6d76a9557e66" testId="d4549c3c-9899-20a6-9260-01b385ff068d" testName="ExH4_TestNoSubstitution" computerName="ZANAANUAR1564" duration="00:00:00.0031935" startTime="2016-08-14T19:29:31.0465711+08:00" endTime="2016-08-14T19:29:31.0495685+08:00" testType="13cdc9d9-ddb5-4fa4-a97d-d965ccfc6d4b" outcome="Failed" testListId="8c84fa94-04c1-424b-9868-57a2d4851a1d" relativeResultsDirectory="2c8152bf-ebef-4209-92ee-6d76a9557e66">
      <Output>
        <StdOut>Debug Trace:
Bad dog, e, o =&gt; Bad dog</StdOut>
        <ErrorInfo>
          <Message>Assert.AreEqual failed. Expected:&lt;Bad dog&gt;. Actual:&lt;(null)&gt;. </Message>
          <StackTrace>   at ExercisesTest.ExH4Test.ExH4_TestNoSubstitution() in \\mac\home\Desktop\CSExercises\ExercisesTest\SectionH\ExH4Test.cs:line 14
</StackTrace>
        </ErrorInfo>
      </Output>
    </UnitTestResult>
    <UnitTestResult executionId="e8d18ce3-cc78-4451-851f-6faa24341851" testId="baa9a9c2-82c6-dfe0-e3fa-3cd1e3e7ccba" testName="ExH4_TestMultipleSubstitution" computerName="ZANAANUAR1564" duration="00:00:00.0017677" startTime="2016-08-14T19:29:31.0505663+08:00" endTime="2016-08-14T19:29:31.0525662+08:00" testType="13cdc9d9-ddb5-4fa4-a97d-d965ccfc6d4b" outcome="Failed" testListId="8c84fa94-04c1-424b-9868-57a2d4851a1d" relativeResultsDirectory="e8d18ce3-cc78-4451-851f-6faa24341851">
      <Output>
        <StdOut>Debug Trace:
Bad dog, d, f =&gt; Baf fog</StdOut>
        <ErrorInfo>
          <Message>Assert.AreEqual failed. Expected:&lt;Baf fog&gt;. Actual:&lt;(null)&gt;. </Message>
          <StackTrace>   at ExercisesTest.ExH4Test.ExH4_TestMultipleSubstitution() in \\mac\home\Desktop\CSExercises\ExercisesTest\SectionH\ExH4Test.cs:line 21
</StackTrace>
        </ErrorInfo>
      </Output>
    </UnitTestResult>
    <UnitTestResult executionId="0a4447eb-5448-4962-af64-627520fe1cca" testId="b5297abf-74a9-3001-95eb-a1a261572d42" testName="ExI1_Test195" computerName="ZANAANUAR1564" duration="00:00:00.0032629" startTime="2016-08-14T19:29:31.0525662+08:00" endTime="2016-08-14T19:29:31.0565667+08:00" testType="13cdc9d9-ddb5-4fa4-a97d-d965ccfc6d4b" outcome="Failed" testListId="8c84fa94-04c1-424b-9868-57a2d4851a1d" relativeResultsDirectory="0a4447eb-5448-4962-af64-627520fe1cca">
      <Output>
        <StdOut>Debug Trace:
Enter the amount: 1.95</StdOut>
        <ErrorInfo>
          <Message>Assert.IsTrue failed. Program output do not contain the expected output (5c).</Message>
          <StackTrace>   at ExercisesTest.TestHelper.AssertOutputContains(Int32 positionFromBack, String expectedOutput, Boolean log) in \\mac\home\Desktop\CSExercises\ExercisesTest\TestHelper.cs:line 67
   at ExercisesTest.ExI1Test.ExI1_Test195() in \\mac\home\Desktop\CSExercises\ExercisesTest\SectionI\ExI1Test.cs:line 16
</StackTrace>
        </ErrorInfo>
      </Output>
    </UnitTestResult>
    <UnitTestResult executionId="60d4adb7-b95f-4a40-8a5d-2056290aa1e7" testId="26ff1520-2742-f4bc-a1c3-8e5cdfc6dc23" testName="Ex45_Test105" computerName="ZANAANUAR1564" duration="00:00:00.0055111" startTime="2016-08-14T19:29:31.0565667+08:00" endTime="2016-08-14T19:29:31.0635787+08:00" testType="13cdc9d9-ddb5-4fa4-a97d-d965ccfc6d4b" outcome="Failed" testListId="8c84fa94-04c1-424b-9868-57a2d4851a1d" relativeResultsDirectory="60d4adb7-b95f-4a40-8a5d-2056290aa1e7">
      <Output>
        <StdOut>Debug Trace:
Enter the amount: 1.05</StdOut>
        <ErrorInfo>
          <Message>Assert.IsTrue failed. Program output do not contain the expected output (5c).</Message>
          <StackTrace>   at ExercisesTest.TestHelper.AssertOutputContains(Int32 positionFromBack, String expectedOutput, Boolean log) in \\mac\home\Desktop\CSExercises\ExercisesTest\TestHelper.cs:line 67
   at ExercisesTest.ExI1Test.Ex45_Test105() in \\mac\home\Desktop\CSExercises\ExercisesTest\SectionI\ExI1Test.cs:line 29
</StackTrace>
        </ErrorInfo>
      </Output>
    </UnitTestResult>
    <UnitTestResult executionId="87c24d57-755e-456b-8a81-3e11edbe17c5" testId="703d9bbb-ee8a-2635-69c5-fc611c620eee" testName="ExI2_TestRandomMaybeAlotOfFalseResult" computerName="ZANAANUAR1564" duration="00:00:00.0029107" startTime="2016-08-14T19:29:31.0635787+08:00" endTime="2016-08-14T19:29:31.0675680+08:00" testType="13cdc9d9-ddb5-4fa4-a97d-d965ccfc6d4b" outcome="Failed" testListId="8c84fa94-04c1-424b-9868-57a2d4851a1d" relativeResultsDirectory="87c24d57-755e-456b-8a81-3e11edbe17c5">
      <Output>
        <StdOut>Debug Trace:</StdOut>
        <ErrorInfo>
          <Message>Assert.IsTrue failed. No output detected</Message>
          <StackTrace>   at ExercisesTest.ExI2Test.ExI2_TestRandomMaybeAlotOfFalseResult() in \\mac\home\Desktop\CSExercises\ExercisesTest\SectionI\Ex46_Test.cs:line 20
</StackTrace>
        </ErrorInfo>
      </Output>
    </UnitTestResult>
    <UnitTestResult executionId="d677f093-e4a6-483b-ae72-449678a1a769" testId="3e520c80-0f62-a07e-65c9-318f860f601b" testName="ExA3_SquareOf0" computerName="ZANAANUAR1564" duration="00:00:00.0003306" startTime="2016-08-14T19:29:31.0675680+08:00" endTime="2016-08-14T19:29:31.0685755+08:00" testType="13cdc9d9-ddb5-4fa4-a97d-d965ccfc6d4b" outcome="Passed" testListId="8c84fa94-04c1-424b-9868-57a2d4851a1d" relativeResultsDirectory="d677f093-e4a6-483b-ae72-449678a1a769" />
    <UnitTestResult executionId="e0abf85d-ddf9-4da3-970b-b16da3b311dc" testId="9335201e-0849-2837-cc1d-4fb4bfd54e5d" testName="ExA3_SquareOf10" computerName="ZANAANUAR1564" duration="00:00:00.0003565" startTime="2016-08-14T19:29:31.0685755+08:00" endTime="2016-08-14T19:29:31.0685755+08:00" testType="13cdc9d9-ddb5-4fa4-a97d-d965ccfc6d4b" outcome="Passed" testListId="8c84fa94-04c1-424b-9868-57a2d4851a1d" relativeResultsDirectory="e0abf85d-ddf9-4da3-970b-b16da3b311dc" />
    <UnitTestResult executionId="3b1448bf-8f42-4d96-b83c-f4a4fbcb938c" testId="2f4488dd-19dd-82ed-e8ad-8944a67ad6c6" testName="ExA3_SquareOfMin10" computerName="ZANAANUAR1564" duration="00:00:00.0003425" startTime="2016-08-14T19:29:31.0685755+08:00" endTime="2016-08-14T19:29:31.0695964+08:00" testType="13cdc9d9-ddb5-4fa4-a97d-d965ccfc6d4b" outcome="Passed" testListId="8c84fa94-04c1-424b-9868-57a2d4851a1d" relativeResultsDirectory="3b1448bf-8f42-4d96-b83c-f4a4fbcb938c" />
  </Results>
  <TestDefinitions>
    <UnitTest name="ExA2_TestWithAName" storage="y:\desktop\csexercises\exercisestest\bin\debug\exercisestest.dll" id="8d13645f-ace3-ee52-0b1f-b75f216a1c8a">
      <Execution id="6ec73ba6-2ee0-437d-817b-c8a121a03dc6" />
      <TestMethod codeBase="Y:\Desktop\CSExercises\ExercisesTest\bin\Debug\ExercisesTest.dll" adapterTypeName="Microsoft.VisualStudio.TestTools.TestTypes.Unit.UnitTestAdapter" className="ExercisesTest.ExA2Test" name="ExA2_TestWithAName" />
    </UnitTest>
    <UnitTest name="ExC3_TestWithZero" storage="y:\desktop\csexercises\exercisestest\bin\debug\exercisestest.dll" id="e3d43c25-4879-9987-1b05-886dcab007db">
      <Execution id="c193975f-2b6e-4138-8e20-b766be19821c" />
      <TestMethod codeBase="Y:\Desktop\CSExercises\ExercisesTest\bin\Debug\ExercisesTest.dll" adapterTypeName="Microsoft.VisualStudio.TestTools.TestTypes.Unit.UnitTestAdapter" className="ExercisesTest.ExC3Test" name="ExC3_TestWithZero" />
    </UnitTest>
    <UnitTest name="ExC3_TestForA" storage="y:\desktop\csexercises\exercisestest\bin\debug\exercisestest.dll" id="97c4b883-ea03-6670-c7d7-8a5271d03002">
      <Execution id="328ccf14-c6fc-4d53-ac03-9dd48465ccae" />
      <TestMethod codeBase="Y:\Desktop\CSExercises\ExercisesTest\bin\Debug\ExercisesTest.dll" adapterTypeName="Microsoft.VisualStudio.TestTools.TestTypes.Unit.UnitTestAdapter" className="ExercisesTest.ExC3Test" name="ExC3_TestForA" />
    </UnitTest>
    <UnitTest name="ExC3_TestForB" storage="y:\desktop\csexercises\exercisestest\bin\debug\exercisestest.dll" id="057093fc-37d3-acb2-7e8c-260165b052fe">
      <Execution id="ea1c3f12-4130-42a7-9098-a162ccfd0531" />
      <TestMethod codeBase="Y:\Desktop\CSExercises\ExercisesTest\bin\Debug\ExercisesTest.dll" adapterTypeName="Microsoft.VisualStudio.TestTools.TestTypes.Unit.UnitTestAdapter" className="ExercisesTest.ExC3Test" name="ExC3_TestForB" />
    </UnitTest>
    <UnitTest name="ExC3_TestForC" storage="y:\desktop\csexercises\exercisestest\bin\debug\exercisestest.dll" id="9f43dc8a-28c1-8a57-a21b-12b5d329c479">
      <Execution id="4851345d-e489-4854-885b-4a13de6998ce" />
      <TestMethod codeBase="Y:\Desktop\CSExercises\ExercisesTest\bin\Debug\ExercisesTest.dll" adapterTypeName="Microsoft.VisualStudio.TestTools.TestTypes.Unit.UnitTestAdapter" className="ExercisesTest.ExC3Test" name="ExC3_TestForC" />
    </UnitTest>
    <UnitTest name="ExC3_TestWithNegative" storage="y:\desktop\csexercises\exercisestest\bin\debug\exercisestest.dll" id="e77da0c1-e064-d298-63e2-55fde252db14">
      <Execution id="2cd0b3eb-003d-4d95-b8a9-b31829bbe161" />
      <TestMethod codeBase="Y:\Desktop\CSExercises\ExercisesTest\bin\Debug\ExercisesTest.dll" adapterTypeName="Microsoft.VisualStudio.TestTools.TestTypes.Unit.UnitTestAdapter" className="ExercisesTest.ExC3Test" name="ExC3_TestWithNegative" />
    </UnitTest>
    <UnitTest name="ExC3_TestWithLargeNumber" storage="y:\desktop\csexercises\exercisestest\bin\debug\exercisestest.dll" id="736ce668-007a-8538-cb57-b0aa4f59c7ed">
      <Execution id="591d88d4-700d-4605-b167-247ea7cfef9a" />
      <TestMethod codeBase="Y:\Desktop\CSExercises\ExercisesTest\bin\Debug\ExercisesTest.dll" adapterTypeName="Microsoft.VisualStudio.TestTools.TestTypes.Unit.UnitTestAdapter" className="ExercisesTest.ExC3Test" name="ExC3_TestWithLargeNumber" />
    </UnitTest>
    <UnitTest name="ExB5_TestWithZero" storage="y:\desktop\csexercises\exercisestest\bin\debug\exercisestest.dll" id="159ba622-1904-2602-2526-72a12ffa196f">
      <Execution id="5f261397-5da4-4892-b21a-cd275168ac27" />
      <TestMethod codeBase="Y:\Desktop\CSExercises\ExercisesTest\bin\Debug\ExercisesTest.dll" adapterTypeName="Microsoft.VisualStudio.TestTools.TestTypes.Unit.UnitTestAdapter" className="ExercisesTest.ExB5Test" name="ExB5_TestWithZero" />
    </UnitTest>
    <UnitTest name="ExB5_TestWithRandomPositiveNumber" storage="y:\desktop\csexercises\exercisestest\bin\debug\exercisestest.dll" id="4ce714ee-0184-d714-c26f-c0f025b421a2">
      <Execution id="30541502-ff87-4f1a-a83e-c2d89acfb728" />
      <TestMethod codeBase="Y:\Desktop\CSExercises\ExercisesTest\bin\Debug\ExercisesTest.dll" adapterTypeName="Microsoft.VisualStudio.TestTools.TestTypes.Unit.UnitTestAdapter" className="ExercisesTest.ExB5Test" name="ExB5_TestWithRandomPositiveNumber" />
    </UnitTest>
    <UnitTest name="ExB5_TestWithRandomNegativeNumber" storage="y:\desktop\csexercises\exercisestest\bin\debug\exercisestest.dll" id="56a6c058-ff64-0a54-1bb8-aba4833eba62">
      <Execution id="61baa352-6206-4e35-9513-0f2fe9bc23d2" />
      <TestMethod codeBase="Y:\Desktop\CSExercises\ExercisesTest\bin\Debug\ExercisesTest.dll" adapterTypeName="Microsoft.VisualStudio.TestTools.TestTypes.Unit.UnitTestAdapter" className="ExercisesTest.ExB5Test" name="ExB5_TestWithRandomNegativeNumber" />
    </UnitTest>
    <UnitTest name="ExB4_TestWithZero" storage="y:\desktop\csexercises\exercisestest\bin\debug\exercisestest.dll" id="521f27a5-8565-5e7d-7db9-96f0742480e4">
      <Execution id="02a14530-93e9-4dcc-9410-6a4ee6c0ae1d" />
      <TestMethod codeBase="Y:\Desktop\CSExercises\ExercisesTest\bin\Debug\ExercisesTest.dll" adapterTypeName="Microsoft.VisualStudio.TestTools.TestTypes.Unit.UnitTestAdapter" className="ExercisesTest.ExB4Test" name="ExB4_TestWithZero" />
    </UnitTest>
    <UnitTest name="ExB4_TestWithRandomPositiveNumber" storage="y:\desktop\csexercises\exercisestest\bin\debug\exercisestest.dll" id="d3c73420-c493-2580-26b5-713efb8af071">
      <Execution id="a01213a3-f36f-4636-b109-d516af1d159f" />
      <TestMethod codeBase="Y:\Desktop\CSExercises\ExercisesTest\bin\Debug\ExercisesTest.dll" adapterTypeName="Microsoft.VisualStudio.TestTools.TestTypes.Unit.UnitTestAdapter" className="ExercisesTest.ExB4Test" name="ExB4_TestWithRandomPositiveNumber" />
    </UnitTest>
    <UnitTest name="ExB4_TestWithRandomNegativeNumber" storage="y:\desktop\csexercises\exercisestest\bin\debug\exercisestest.dll" id="07543d53-3299-9504-fc22-6f3224244293">
      <Execution id="3cd03df1-ef35-4c08-8825-323d9468a8d3" />
      <TestMethod codeBase="Y:\Desktop\CSExercises\ExercisesTest\bin\Debug\ExercisesTest.dll" adapterTypeName="Microsoft.VisualStudio.TestTools.TestTypes.Unit.UnitTestAdapter" className="ExercisesTest.ExB4Test" name="ExB4_TestWithRandomNegativeNumber" />
    </UnitTest>
    <UnitTest name="ExB3_TestWithZero" storage="y:\desktop\csexercises\exercisestest\bin\debug\exercisestest.dll" id="547d9154-166e-a709-4ab7-dbf01b9db8a0">
      <Execution id="00e3a0b9-b11b-437c-b09b-502437f908b0" />
      <TestMethod codeBase="Y:\Desktop\CSExercises\ExercisesTest\bin\Debug\ExercisesTest.dll" adapterTypeName="Microsoft.VisualStudio.TestTools.TestTypes.Unit.UnitTestAdapter" className="ExercisesTest.ExB3Test" name="ExB3_TestWithZero" />
    </UnitTest>
    <UnitTest name="ExB3_TestWithRandomNumber" storage="y:\desktop\csexercises\exercisestest\bin\debug\exercisestest.dll" id="ff06b2a1-aac2-2828-23bf-4e83c2715f17">
      <Execution id="d5667a06-3713-49a4-96d6-0b21a447609d" />
      <TestMethod codeBase="Y:\Desktop\CSExercises\ExercisesTest\bin\Debug\ExercisesTest.dll" adapterTypeName="Microsoft.VisualStudio.TestTools.TestTypes.Unit.UnitTestAdapter" className="ExercisesTest.ExB3Test" name="ExB3_TestWithRandomNumber" />
    </UnitTest>
    <UnitTest name="ExB2_TestWithZero" storage="y:\desktop\csexercises\exercisestest\bin\debug\exercisestest.dll" id="dd7a1cf7-7671-a70a-aef5-f365aedd4d0e">
      <Execution id="b5210cf5-48ac-4b0a-920a-345093190de8" />
      <TestMethod codeBase="Y:\Desktop\CSExercises\ExercisesTest\bin\Debug\ExercisesTest.dll" adapterTypeName="Microsoft.VisualStudio.TestTools.TestTypes.Unit.UnitTestAdapter" className="ExercisesTest.ExB2Test" name="ExB2_TestWithZero" />
    </UnitTest>
    <UnitTest name="ExB2_TestWithRandomNumber" storage="y:\desktop\csexercises\exercisestest\bin\debug\exercisestest.dll" id="1e6e95e5-93d0-8567-b766-24daa399e7a5">
      <Execution id="103d9369-6c1c-4b1a-9446-c418901682de" />
      <TestMethod codeBase="Y:\Desktop\CSExercises\ExercisesTest\bin\Debug\ExercisesTest.dll" adapterTypeName="Microsoft.VisualStudio.TestTools.TestTypes.Unit.UnitTestAdapter" className="ExercisesTest.ExB2Test" name="ExB2_TestWithRandomNumber" />
    </UnitTest>
    <UnitTest name="ExB1_TestWithZero" storage="y:\desktop\csexercises\exercisestest\bin\debug\exercisestest.dll" id="928f0289-fc26-87c9-cbcc-7860f04c41e5">
      <Execution id="bbddcc80-5231-4dce-bd7e-883b726509ee" />
      <TestMethod codeBase="Y:\Desktop\CSExercises\ExercisesTest\bin\Debug\ExercisesTest.dll" adapterTypeName="Microsoft.VisualStudio.TestTools.TestTypes.Unit.UnitTestAdapter" className="ExercisesTest.ExB1Test" name="ExB1_TestWithZero" />
    </UnitTest>
    <UnitTest name="ExB1_TestWithRandomNumber" storage="y:\desktop\csexercises\exercisestest\bin\debug\exercisestest.dll" id="cf3fce46-434f-4b13-6b4c-ced354dd07f6">
      <Execution id="66f388e0-38da-428c-97a4-f3de93b89454" />
      <TestMethod codeBase="Y:\Desktop\CSExercises\ExercisesTest\bin\Debug\ExercisesTest.dll" adapterTypeName="Microsoft.VisualStudio.TestTools.TestTypes.Unit.UnitTestAdapter" className="ExercisesTest.ExB1Test" name="ExB1_TestWithRandomNumber" />
    </UnitTest>
    <UnitTest name="ExA5_Case1" storage="y:\desktop\csexercises\exercisestest\bin\debug\exercisestest.dll" id="76d0a13b-ab80-9522-b82c-80ef6e94b587">
      <Execution id="de0bd214-c580-48db-97d5-d56522283817" />
      <TestMethod codeBase="Y:\Desktop\CSExercises\ExercisesTest\bin\Debug\ExercisesTest.dll" adapterTypeName="Microsoft.VisualStudio.TestTools.TestTypes.Unit.UnitTestAdapter" className="ExercisesTest.ExA5Test" name="ExA5_Case1" />
    </UnitTest>
    <UnitTest name="ExA5_Case2" storage="y:\desktop\csexercises\exercisestest\bin\debug\exercisestest.dll" id="22a0a7fb-7586-1091-0284-41aa8e900d3a">
      <Execution id="76e0f292-227e-4f47-a95f-97a61e34df38" />
      <TestMethod codeBase="Y:\Desktop\CSExercises\ExercisesTest\bin\Debug\ExercisesTest.dll" adapterTypeName="Microsoft.VisualStudio.TestTools.TestTypes.Unit.UnitTestAdapter" className="ExercisesTest.ExA5Test" name="ExA5_Case2" />
    </UnitTest>
    <UnitTest name="ExA5_Case3" storage="y:\desktop\csexercises\exercisestest\bin\debug\exercisestest.dll" id="220c17f5-86fd-d612-976c-3a2f2514a9ee">
      <Execution id="5b57ec76-3173-499d-ab93-0b7db06ee26a" />
      <TestMethod codeBase="Y:\Desktop\CSExercises\ExercisesTest\bin\Debug\ExercisesTest.dll" adapterTypeName="Microsoft.VisualStudio.TestTools.TestTypes.Unit.UnitTestAdapter" className="ExercisesTest.ExA5Test" name="ExA5_Case3" />
    </UnitTest>
    <UnitTest name="ExA5_Case4" storage="y:\desktop\csexercises\exercisestest\bin\debug\exercisestest.dll" id="eeda8489-f414-b738-730a-b86d9a065988">
      <Execution id="8d92edf5-2203-4298-80bf-8b43e4d0fe8f" />
      <TestMethod codeBase="Y:\Desktop\CSExercises\ExercisesTest\bin\Debug\ExercisesTest.dll" adapterTypeName="Microsoft.VisualStudio.TestTools.TestTypes.Unit.UnitTestAdapter" className="ExercisesTest.ExA5Test" name="ExA5_Case4" />
    </UnitTest>
    <UnitTest name="ExA4_SquareOf0" storage="y:\desktop\csexercises\exercisestest\bin\debug\exercisestest.dll" id="7c77c2c8-c4ae-c33d-b32c-0c27ea0a4ea6">
      <Execution id="e3c5b304-df64-4823-90b9-c523446f548d" />
      <TestMethod codeBase="Y:\Desktop\CSExercises\ExercisesTest\bin\Debug\ExercisesTest.dll" adapterTypeName="Microsoft.VisualStudio.TestTools.TestTypes.Unit.UnitTestAdapter" className="ExercisesTest.ExA4Test" name="ExA4_SquareOf0" />
    </UnitTest>
    <UnitTest name="ExA4_SquareOf10" storage="y:\desktop\csexercises\exercisestest\bin\debug\exercisestest.dll" id="06b9133f-4899-3a9e-2fb2-27c70cb6b199">
      <Execution id="5bb98b6c-7287-43ec-9466-d52cc81ad128" />
      <TestMethod codeBase="Y:\Desktop\CSExercises\ExercisesTest\bin\Debug\ExercisesTest.dll" adapterTypeName="Microsoft.VisualStudio.TestTools.TestTypes.Unit.UnitTestAdapter" className="ExercisesTest.ExA4Test" name="ExA4_SquareOf10" />
    </UnitTest>
    <UnitTest name="ExA4_SquareOfMin10" storage="y:\desktop\csexercises\exercisestest\bin\debug\exercisestest.dll" id="bb1830d4-461e-fe67-a1f1-5256b7d4a372">
      <Execution id="3ba1ffde-77d0-4ba5-a0d8-58fab0b5effb" />
      <TestMethod codeBase="Y:\Desktop\CSExercises\ExercisesTest\bin\Debug\ExercisesTest.dll" adapterTypeName="Microsoft.VisualStudio.TestTools.TestTypes.Unit.UnitTestAdapter" className="ExercisesTest.ExA4Test" name="ExA4_SquareOfMin10" />
    </UnitTest>
    <UnitTest name="ExB6_TestWithZero" storage="y:\desktop\csexercises\exercisestest\bin\debug\exercisestest.dll" id="b0fe1b76-85dd-996a-6897-764077fa221a">
      <Execution id="ffcd3f87-818e-43f0-aec9-ae710c1305d5" />
      <TestMethod codeBase="Y:\Desktop\CSExercises\ExercisesTest\bin\Debug\ExercisesTest.dll" adapterTypeName="Microsoft.VisualStudio.TestTools.TestTypes.Unit.UnitTestAdapter" className="ExercisesTest.ExB6Test" name="ExB6_TestWithZero" />
    </UnitTest>
    <UnitTest name="ExB6_TestWithPositiveNumber" storage="y:\desktop\csexercises\exercisestest\bin\debug\exercisestest.dll" id="3e2b89e5-e2cc-63c8-e53e-5e4f06942620">
      <Execution id="5e31df26-d920-4206-88fc-61073ee7a014" />
      <TestMethod codeBase="Y:\Desktop\CSExercises\ExercisesTest\bin\Debug\ExercisesTest.dll" adapterTypeName="Microsoft.VisualStudio.TestTools.TestTypes.Unit.UnitTestAdapter" className="ExercisesTest.ExB6Test" name="ExB6_TestWithPositiveNumber" />
    </UnitTest>
    <UnitTest name="ExB6_TestWithNegativeNumber" storage="y:\desktop\csexercises\exercisestest\bin\debug\exercisestest.dll" id="09a74379-7aab-b6a3-6c3c-bf77ba90813f">
      <Execution id="8a20ab68-cc39-4160-8544-ee63ad21ae2a" />
      <TestMethod codeBase="Y:\Desktop\CSExercises\ExercisesTest\bin\Debug\ExercisesTest.dll" adapterTypeName="Microsoft.VisualStudio.TestTools.TestTypes.Unit.UnitTestAdapter" className="ExercisesTest.ExB6Test" name="ExB6_TestWithNegativeNumber" />
    </UnitTest>
    <UnitTest name="ExB7_TestWithZero" storage="y:\desktop\csexercises\exercisestest\bin\debug\exercisestest.dll" id="5d10d8c6-9801-fba8-47ea-4f24d629e64e">
      <Execution id="1b442503-9282-4630-a846-9ec90644f432" />
      <TestMethod codeBase="Y:\Desktop\CSExercises\ExercisesTest\bin\Debug\ExercisesTest.dll" adapterTypeName="Microsoft.VisualStudio.TestTools.TestTypes.Unit.UnitTestAdapter" className="ExercisesTest.ExB7Test" name="ExB7_TestWithZero" />
    </UnitTest>
    <UnitTest name="ExB7_TestWithRandomPositiveNumber" storage="y:\desktop\csexercises\exercisestest\bin\debug\exercisestest.dll" id="8a3c2921-0d21-9733-b802-8fd60efda746">
      <Execution id="16055c78-4376-4d7a-b925-684e4c8a399f" />
      <TestMethod codeBase="Y:\Desktop\CSExercises\ExercisesTest\bin\Debug\ExercisesTest.dll" adapterTypeName="Microsoft.VisualStudio.TestTools.TestTypes.Unit.UnitTestAdapter" className="ExercisesTest.ExB7Test" name="ExB7_TestWithRandomPositiveNumber" />
    </UnitTest>
    <UnitTest name="ExB8_TestWithZero" storage="y:\desktop\csexercises\exercisestest\bin\debug\exercisestest.dll" id="d8f4ff5b-1da8-68e0-6735-dca747510bd3">
      <Execution id="31e3c4b6-ace7-4b9c-b1bd-c06fefe133ee" />
      <TestMethod codeBase="Y:\Desktop\CSExercises\ExercisesTest\bin\Debug\ExercisesTest.dll" adapterTypeName="Microsoft.VisualStudio.TestTools.TestTypes.Unit.UnitTestAdapter" className="ExercisesTest.ExB8Test" name="ExB8_TestWithZero" />
    </UnitTest>
    <UnitTest name="ExB8_TestWithRandomPositiveNumber" storage="y:\desktop\csexercises\exercisestest\bin\debug\exercisestest.dll" id="4c46834b-f4c3-08ad-a27c-3715addd7c00">
      <Execution id="0ad17ecb-1a58-4b70-a6e5-0b2e04634e3e" />
      <TestMethod codeBase="Y:\Desktop\CSExercises\ExercisesTest\bin\Debug\ExercisesTest.dll" adapterTypeName="Microsoft.VisualStudio.TestTools.TestTypes.Unit.UnitTestAdapter" className="ExercisesTest.ExB8Test" name="ExB8_TestWithRandomPositiveNumber" />
    </UnitTest>
    <UnitTest name="ExB9TestWithZero" storage="y:\desktop\csexercises\exercisestest\bin\debug\exercisestest.dll" id="4d421191-ce69-78f3-5526-c5d9422be733">
      <Execution id="03b6c2e2-7e33-4ab5-a24b-87779041655a" />
      <TestMethod codeBase="Y:\Desktop\CSExercises\ExercisesTest\bin\Debug\ExercisesTest.dll" adapterTypeName="Microsoft.VisualStudio.TestTools.TestTypes.Unit.UnitTestAdapter" className="ExercisesTest.ExB9Test" name="ExB9TestWithZero" />
    </UnitTest>
    <UnitTest name="ExB9TestWithRandomPositiveNumber" storage="y:\desktop\csexercises\exercisestest\bin\debug\exercisestest.dll" id="2514325f-8396-182f-50e8-0dd4b88ec67a">
      <Execution id="d814d214-e3ba-45d8-9ba7-a12eac2d338f" />
      <TestMethod codeBase="Y:\Desktop\CSExercises\ExercisesTest\bin\Debug\ExercisesTest.dll" adapterTypeName="Microsoft.VisualStudio.TestTools.TestTypes.Unit.UnitTestAdapter" className="ExercisesTest.ExB9Test" name="ExB9TestWithRandomPositiveNumber" />
    </UnitTest>
    <UnitTest name="ExB10_TestWithZero" storage="y:\desktop\csexercises\exercisestest\bin\debug\exercisestest.dll" id="2f64d7d7-397c-497d-5ac2-6f48b2c6e87a">
      <Execution id="61290561-ae03-409d-8510-87296f3e0884" />
      <TestMethod codeBase="Y:\Desktop\CSExercises\ExercisesTest\bin\Debug\ExercisesTest.dll" adapterTypeName="Microsoft.VisualStudio.TestTools.TestTypes.Unit.UnitTestAdapter" className="ExercisesTest.ExB10_Test" name="ExB10_TestWithZero" />
    </UnitTest>
    <UnitTest name="ExB10_TestWithPositiveNumber" storage="y:\desktop\csexercises\exercisestest\bin\debug\exercisestest.dll" id="2c0176f9-773e-372e-9030-1985551cf0c5">
      <Execution id="525ea95b-b561-4319-b49b-519003a04d1a" />
      <TestMethod codeBase="Y:\Desktop\CSExercises\ExercisesTest\bin\Debug\ExercisesTest.dll" adapterTypeName="Microsoft.VisualStudio.TestTools.TestTypes.Unit.UnitTestAdapter" className="ExercisesTest.ExB10_Test" name="ExB10_TestWithPositiveNumber" />
    </UnitTest>
    <UnitTest name="ExC5_TestWithAmstrongNumber" storage="y:\desktop\csexercises\exercisestest\bin\debug\exercisestest.dll" id="f44f585d-496a-ceff-8ec5-5aa583d03039">
      <Execution id="a99d72cf-d703-4239-8715-0d2348ece5d6" />
      <TestMethod codeBase="Y:\Desktop\CSExercises\ExercisesTest\bin\Debug\ExercisesTest.dll" adapterTypeName="Microsoft.VisualStudio.TestTools.TestTypes.Unit.UnitTestAdapter" className="ExercisesTest.ExC5Test" name="ExC5_TestWithAmstrongNumber" />
    </UnitTest>
    <UnitTest name="ExC5_TestWithRandomPositiveNumber" storage="y:\desktop\csexercises\exercisestest\bin\debug\exercisestest.dll" id="403ee091-5d56-e49f-11e0-a0069db2d71f">
      <Execution id="f37d2114-a611-491c-b248-d9956993d5a7" />
      <TestMethod codeBase="Y:\Desktop\CSExercises\ExercisesTest\bin\Debug\ExercisesTest.dll" adapterTypeName="Microsoft.VisualStudio.TestTools.TestTypes.Unit.UnitTestAdapter" className="ExercisesTest.ExC5Test" name="ExC5_TestWithRandomPositiveNumber" />
    </UnitTest>
    <UnitTest name="ExC1_TestWithMale" storage="y:\desktop\csexercises\exercisestest\bin\debug\exercisestest.dll" id="61d166ef-4cfe-77e3-b543-897aca364290">
      <Execution id="51a1ca90-9b7b-4cbe-b603-c16e3adb099e" />
      <TestMethod codeBase="Y:\Desktop\CSExercises\ExercisesTest\bin\Debug\ExercisesTest.dll" adapterTypeName="Microsoft.VisualStudio.TestTools.TestTypes.Unit.UnitTestAdapter" className="ExercisesTest.ExC1Test" name="ExC1_TestWithMale" />
    </UnitTest>
    <UnitTest name="ExC1_TestWithFemale" storage="y:\desktop\csexercises\exercisestest\bin\debug\exercisestest.dll" id="f01da9c2-186f-f432-e2ea-a4bf6e6db11b">
      <Execution id="a944fcad-3723-4f07-abc3-13f3ab7a8fa0" />
      <TestMethod codeBase="Y:\Desktop\CSExercises\ExercisesTest\bin\Debug\ExercisesTest.dll" adapterTypeName="Microsoft.VisualStudio.TestTools.TestTypes.Unit.UnitTestAdapter" className="ExercisesTest.ExC1Test" name="ExC1_TestWithFemale" />
    </UnitTest>
    <UnitTest name="ExC1_TestWithUnknown" storage="y:\desktop\csexercises\exercisestest\bin\debug\exercisestest.dll" id="437f057a-e785-23b6-2c3b-fdb00373c2ea">
      <Execution id="957003ac-ccc9-4434-a44f-8146875c5f54" />
      <TestMethod codeBase="Y:\Desktop\CSExercises\ExercisesTest\bin\Debug\ExercisesTest.dll" adapterTypeName="Microsoft.VisualStudio.TestTools.TestTypes.Unit.UnitTestAdapter" className="ExercisesTest.ExC1Test" name="ExC1_TestWithUnknown" />
    </UnitTest>
    <UnitTest name="ExC2_TestWithUncle" storage="y:\desktop\csexercises\exercisestest\bin\debug\exercisestest.dll" id="2cc7dc39-d769-d794-e8ff-a77afcb7d16c">
      <Execution id="9ded62a5-4bd1-49f4-b805-148824514911" />
      <TestMethod codeBase="Y:\Desktop\CSExercises\ExercisesTest\bin\Debug\ExercisesTest.dll" adapterTypeName="Microsoft.VisualStudio.TestTools.TestTypes.Unit.UnitTestAdapter" className="ExercisesTest.ExC2_Test" name="ExC2_TestWithUncle" />
    </UnitTest>
    <UnitTest name="ExC2_TestWithAunty" storage="y:\desktop\csexercises\exercisestest\bin\debug\exercisestest.dll" id="358b895f-9561-e345-43e3-0530571178f3">
      <Execution id="76012fe4-52b3-4314-b685-127c112bd0fb" />
      <TestMethod codeBase="Y:\Desktop\CSExercises\ExercisesTest\bin\Debug\ExercisesTest.dll" adapterTypeName="Microsoft.VisualStudio.TestTools.TestTypes.Unit.UnitTestAdapter" className="ExercisesTest.ExC2_Test" name="ExC2_TestWithAunty" />
    </UnitTest>
    <UnitTest name="ExC2_TestWitMr" storage="y:\desktop\csexercises\exercisestest\bin\debug\exercisestest.dll" id="5786c8fe-760a-f1e2-51f3-9bf03ba7c133">
      <Execution id="22e86d7e-3dc3-48cf-b2c2-715e2cfa767a" />
      <TestMethod codeBase="Y:\Desktop\CSExercises\ExercisesTest\bin\Debug\ExercisesTest.dll" adapterTypeName="Microsoft.VisualStudio.TestTools.TestTypes.Unit.UnitTestAdapter" className="ExercisesTest.ExC2_Test" name="ExC2_TestWitMr" />
    </UnitTest>
    <UnitTest name="ExC2_TestWithMs" storage="y:\desktop\csexercises\exercisestest\bin\debug\exercisestest.dll" id="1d1c8a71-2287-e26b-162e-49d36eb500a6">
      <Execution id="de987630-70b4-4d8c-955d-afb107a62d30" />
      <TestMethod codeBase="Y:\Desktop\CSExercises\ExercisesTest\bin\Debug\ExercisesTest.dll" adapterTypeName="Microsoft.VisualStudio.TestTools.TestTypes.Unit.UnitTestAdapter" className="ExercisesTest.ExC2_Test" name="ExC2_TestWithMs" />
    </UnitTest>
    <UnitTest name="ExC2_TestWithUnknown" storage="y:\desktop\csexercises\exercisestest\bin\debug\exercisestest.dll" id="3f3b4237-6c70-8c91-dc5f-29e8e770339b">
      <Execution id="515d1d26-79c8-4c02-8006-677199b39afd" />
      <TestMethod codeBase="Y:\Desktop\CSExercises\ExercisesTest\bin\Debug\ExercisesTest.dll" adapterTypeName="Microsoft.VisualStudio.TestTools.TestTypes.Unit.UnitTestAdapter" className="ExercisesTest.ExC2_Test" name="ExC2_TestWithUnknown" />
    </UnitTest>
    <UnitTest name="ExC4_TestWithZero" storage="y:\desktop\csexercises\exercisestest\bin\debug\exercisestest.dll" id="66b3003b-1aa8-40bb-c162-a94b6568685b">
      <Execution id="26a15333-d0cb-48a1-a9cf-8dc76303205b" />
      <TestMethod codeBase="Y:\Desktop\CSExercises\ExercisesTest\bin\Debug\ExercisesTest.dll" adapterTypeName="Microsoft.VisualStudio.TestTools.TestTypes.Unit.UnitTestAdapter" className="ExercisesTest.ExC4Test" name="ExC4_TestWithZero" />
    </UnitTest>
    <UnitTest name="ExC4TestWithHalf" storage="y:\desktop\csexercises\exercisestest\bin\debug\exercisestest.dll" id="b31774ee-007b-47f0-8e32-c6031c54d16f">
      <Execution id="eef4fafe-6379-4ad1-8999-d8df58fa9e8a" />
      <TestMethod codeBase="Y:\Desktop\CSExercises\ExercisesTest\bin\Debug\ExercisesTest.dll" adapterTypeName="Microsoft.VisualStudio.TestTools.TestTypes.Unit.UnitTestAdapter" className="ExercisesTest.ExC4Test" name="ExC4TestWithHalf" />
    </UnitTest>
    <UnitTest name="ExC4Test9Km" storage="y:\desktop\csexercises\exercisestest\bin\debug\exercisestest.dll" id="27d651a7-a3b9-7a3a-3e05-60be06064821">
      <Execution id="b6458d06-3388-4818-9893-9ddeba90ea69" />
      <TestMethod codeBase="Y:\Desktop\CSExercises\ExercisesTest\bin\Debug\ExercisesTest.dll" adapterTypeName="Microsoft.VisualStudio.TestTools.TestTypes.Unit.UnitTestAdapter" className="ExercisesTest.ExC4Test" name="ExC4Test9Km" />
    </UnitTest>
    <UnitTest name="ExC4Test1213Km" storage="y:\desktop\csexercises\exercisestest\bin\debug\exercisestest.dll" id="99cc52e4-4ede-d6f1-699a-639a70caf19e">
      <Execution id="22526019-92b1-474e-9823-6ae9264a4843" />
      <TestMethod codeBase="Y:\Desktop\CSExercises\ExercisesTest\bin\Debug\ExercisesTest.dll" adapterTypeName="Microsoft.VisualStudio.TestTools.TestTypes.Unit.UnitTestAdapter" className="ExercisesTest.ExC4Test" name="ExC4Test1213Km" />
    </UnitTest>
    <UnitTest name="ExC6_TestWithZero" storage="y:\desktop\csexercises\exercisestest\bin\debug\exercisestest.dll" id="f232122e-0613-e1ee-dfe5-9b85a22cd2b0">
      <Execution id="04f6df64-e66f-4e11-aa20-4461958e6792" />
      <TestMethod codeBase="Y:\Desktop\CSExercises\ExercisesTest\bin\Debug\ExercisesTest.dll" adapterTypeName="Microsoft.VisualStudio.TestTools.TestTypes.Unit.UnitTestAdapter" className="ExercisesTest.ExC6Test" name="ExC6_TestWithZero" />
    </UnitTest>
    <UnitTest name="ExC6_TestWithOneProduct1" storage="y:\desktop\csexercises\exercisestest\bin\debug\exercisestest.dll" id="ae4e66b0-9a29-2a92-aee9-fdf389c27fe6">
      <Execution id="4dfd3337-3682-4444-8f07-9a97f22d947b" />
      <TestMethod codeBase="Y:\Desktop\CSExercises\ExercisesTest\bin\Debug\ExercisesTest.dll" adapterTypeName="Microsoft.VisualStudio.TestTools.TestTypes.Unit.UnitTestAdapter" className="ExercisesTest.ExC6Test" name="ExC6_TestWithOneProduct1" />
    </UnitTest>
    <UnitTest name="ExC6_TestWithOneProduct2" storage="y:\desktop\csexercises\exercisestest\bin\debug\exercisestest.dll" id="4297656f-1197-d292-0489-69d8ad93083c">
      <Execution id="79a38a1d-12c0-436b-82b1-d5fa9f1e9f1c" />
      <TestMethod codeBase="Y:\Desktop\CSExercises\ExercisesTest\bin\Debug\ExercisesTest.dll" adapterTypeName="Microsoft.VisualStudio.TestTools.TestTypes.Unit.UnitTestAdapter" className="ExercisesTest.ExC6Test" name="ExC6_TestWithOneProduct2" />
    </UnitTest>
    <UnitTest name="ExC6_TestWithOneProduct3" storage="y:\desktop\csexercises\exercisestest\bin\debug\exercisestest.dll" id="527da127-2853-1a9b-a2ad-f3585c728530">
      <Execution id="05281dba-1065-4b67-a2b2-8792c75ae4e9" />
      <TestMethod codeBase="Y:\Desktop\CSExercises\ExercisesTest\bin\Debug\ExercisesTest.dll" adapterTypeName="Microsoft.VisualStudio.TestTools.TestTypes.Unit.UnitTestAdapter" className="ExercisesTest.ExC6Test" name="ExC6_TestWithOneProduct3" />
    </UnitTest>
    <UnitTest name="ExC6_TestWithOneProduct4" storage="y:\desktop\csexercises\exercisestest\bin\debug\exercisestest.dll" id="62915065-52ff-5fd8-8913-0189d77875c3">
      <Execution id="239f7a39-d3c9-4e4c-b945-319ae26196ae" />
      <TestMethod codeBase="Y:\Desktop\CSExercises\ExercisesTest\bin\Debug\ExercisesTest.dll" adapterTypeName="Microsoft.VisualStudio.TestTools.TestTypes.Unit.UnitTestAdapter" className="ExercisesTest.ExC6Test" name="ExC6_TestWithOneProduct4" />
    </UnitTest>
    <UnitTest name="ExC6_TestWithOneProduct5" storage="y:\desktop\csexercises\exercisestest\bin\debug\exercisestest.dll" id="14d8a934-4e3c-5ff4-d896-b004187a9351">
      <Execution id="28ba7d9d-0151-40cd-ae91-31acf081dd03" />
      <TestMethod codeBase="Y:\Desktop\CSExercises\ExercisesTest\bin\Debug\ExercisesTest.dll" adapterTypeName="Microsoft.VisualStudio.TestTools.TestTypes.Unit.UnitTestAdapter" className="ExercisesTest.ExC6Test" name="ExC6_TestWithOneProduct5" />
    </UnitTest>
    <UnitTest name="ExC6_TestWithTwoProducts1" storage="y:\desktop\csexercises\exercisestest\bin\debug\exercisestest.dll" id="8206a26a-e532-85c1-9aad-17a6a0a5bdf0">
      <Execution id="64798929-ed8a-4e00-8003-7f6c9cf8398c" />
      <TestMethod codeBase="Y:\Desktop\CSExercises\ExercisesTest\bin\Debug\ExercisesTest.dll" adapterTypeName="Microsoft.VisualStudio.TestTools.TestTypes.Unit.UnitTestAdapter" className="ExercisesTest.ExC6Test" name="ExC6_TestWithTwoProducts1" />
    </UnitTest>
    <UnitTest name="ExC6_TestWithThreeProducts1" storage="y:\desktop\csexercises\exercisestest\bin\debug\exercisestest.dll" id="59543185-c115-6f05-fde4-7a3a3cf60da3">
      <Execution id="ab76d433-60f3-4cad-81d6-60359ded2831" />
      <TestMethod codeBase="Y:\Desktop\CSExercises\ExercisesTest\bin\Debug\ExercisesTest.dll" adapterTypeName="Microsoft.VisualStudio.TestTools.TestTypes.Unit.UnitTestAdapter" className="ExercisesTest.ExC6Test" name="ExC6_TestWithThreeProducts1" />
    </UnitTest>
    <UnitTest name="ExD1_TestWith88" storage="y:\desktop\csexercises\exercisestest\bin\debug\exercisestest.dll" id="817d2cfb-2701-d099-0d77-7dda9f9ee260">
      <Execution id="ac07cdfc-4d42-486c-b3f1-e5e4124150bc" />
      <TestMethod codeBase="Y:\Desktop\CSExercises\ExercisesTest\bin\Debug\ExercisesTest.dll" adapterTypeName="Microsoft.VisualStudio.TestTools.TestTypes.Unit.UnitTestAdapter" className="ExercisesTest.ExD1Test" name="ExD1_TestWith88" />
    </UnitTest>
    <UnitTest name="ExD1_TestNo88" storage="y:\desktop\csexercises\exercisestest\bin\debug\exercisestest.dll" id="b3b356b0-b86d-68eb-f1fa-a1fb7eedeab6">
      <Execution id="96f1e658-d363-41aa-b366-0f8465613095" />
      <TestMethod codeBase="Y:\Desktop\CSExercises\ExercisesTest\bin\Debug\ExercisesTest.dll" adapterTypeName="Microsoft.VisualStudio.TestTools.TestTypes.Unit.UnitTestAdapter" className="ExercisesTest.ExD1Test" name="ExD1_TestNo88" />
    </UnitTest>
    <UnitTest name="ExD2_TestWithPositiveNumber1" storage="y:\desktop\csexercises\exercisestest\bin\debug\exercisestest.dll" id="37f78f12-4ace-98e0-52e8-3408fb66f00f">
      <Execution id="caab7892-622c-4197-82e4-9609afc97981" />
      <TestMethod codeBase="Y:\Desktop\CSExercises\ExercisesTest\bin\Debug\ExercisesTest.dll" adapterTypeName="Microsoft.VisualStudio.TestTools.TestTypes.Unit.UnitTestAdapter" className="ExercisesTest.ExD2Test" name="ExD2_TestWithPositiveNumber1" />
    </UnitTest>
    <UnitTest name="ExD2_TestWithPositiveNumber2" storage="y:\desktop\csexercises\exercisestest\bin\debug\exercisestest.dll" id="31cdd151-4b4e-8af1-a309-064dea303c76">
      <Execution id="56a789b2-5d6f-4a3c-a59b-0b3af80835d1" />
      <TestMethod codeBase="Y:\Desktop\CSExercises\ExercisesTest\bin\Debug\ExercisesTest.dll" adapterTypeName="Microsoft.VisualStudio.TestTools.TestTypes.Unit.UnitTestAdapter" className="ExercisesTest.ExD2Test" name="ExD2_TestWithPositiveNumber2" />
    </UnitTest>
    <UnitTest name="ExD3_TestRepeatedly" storage="y:\desktop\csexercises\exercisestest\bin\debug\exercisestest.dll" id="5c4545c1-1c4b-68f6-8b78-e5e65fc45da5">
      <Execution id="b44d6b93-e4fb-43ab-8917-bc2531d0537b" />
      <TestMethod codeBase="Y:\Desktop\CSExercises\ExercisesTest\bin\Debug\ExercisesTest.dll" adapterTypeName="Microsoft.VisualStudio.TestTools.TestTypes.Unit.UnitTestAdapter" className="ExercisesTest.ExD3Test" name="ExD3_TestRepeatedly" />
    </UnitTest>
    <UnitTest name="ExD4_TestSimpleNumber" storage="y:\desktop\csexercises\exercisestest\bin\debug\exercisestest.dll" id="41d254a0-3988-4fe8-c401-d6db7cf41541">
      <Execution id="2168ceb5-23c2-460d-9a15-cf08aeeb02a5" />
      <TestMethod codeBase="Y:\Desktop\CSExercises\ExercisesTest\bin\Debug\ExercisesTest.dll" adapterTypeName="Microsoft.VisualStudio.TestTools.TestTypes.Unit.UnitTestAdapter" className="ExercisesTest.ExD4Test" name="ExD4_TestSimpleNumber" />
    </UnitTest>
    <UnitTest name="ExD4_TestBiggerNumber" storage="y:\desktop\csexercises\exercisestest\bin\debug\exercisestest.dll" id="f786c760-8fd9-385b-4101-e13a18a86146">
      <Execution id="15bd6c86-b624-4780-9e54-f65df1f70e89" />
      <TestMethod codeBase="Y:\Desktop\CSExercises\ExercisesTest\bin\Debug\ExercisesTest.dll" adapterTypeName="Microsoft.VisualStudio.TestTools.TestTypes.Unit.UnitTestAdapter" className="ExercisesTest.ExD4Test" name="ExD4_TestBiggerNumber" />
    </UnitTest>
    <UnitTest name="ExE1_TestSimpleNumber" storage="y:\desktop\csexercises\exercisestest\bin\debug\exercisestest.dll" id="93d33d17-2fa5-03db-e35e-54470f3d1f7b">
      <Execution id="c05c79e1-49b4-4822-8743-31b07f8aa263" />
      <TestMethod codeBase="Y:\Desktop\CSExercises\ExercisesTest\bin\Debug\ExercisesTest.dll" adapterTypeName="Microsoft.VisualStudio.TestTools.TestTypes.Unit.UnitTestAdapter" className="ExercisesTest.ExE1Test" name="ExE1_TestSimpleNumber" />
    </UnitTest>
    <UnitTest name="ExE1_TestBiggerNumber" storage="y:\desktop\csexercises\exercisestest\bin\debug\exercisestest.dll" id="5a209ef6-6f45-28e6-9185-5b832c31792d">
      <Execution id="a2a8f09c-975d-4ded-89b0-a2569bec833d" />
      <TestMethod codeBase="Y:\Desktop\CSExercises\ExercisesTest\bin\Debug\ExercisesTest.dll" adapterTypeName="Microsoft.VisualStudio.TestTools.TestTypes.Unit.UnitTestAdapter" className="ExercisesTest.ExE1Test" name="ExE1_TestBiggerNumber" />
    </UnitTest>
    <UnitTest name="ExE2_TestTheOnlyCase" storage="y:\desktop\csexercises\exercisestest\bin\debug\exercisestest.dll" id="380d54ab-9eb4-5e4e-c1a8-b5b0e22a59a1">
      <Execution id="c084e788-9203-4404-9851-f86e3fd8b1b2" />
      <TestMethod codeBase="Y:\Desktop\CSExercises\ExercisesTest\bin\Debug\ExercisesTest.dll" adapterTypeName="Microsoft.VisualStudio.TestTools.TestTypes.Unit.UnitTestAdapter" className="ExercisesTest.ExE2Test" name="ExE2_TestTheOnlyCase" />
    </UnitTest>
    <UnitTest name="ExE3_Test241" storage="y:\desktop\csexercises\exercisestest\bin\debug\exercisestest.dll" id="48cf3a9e-0a50-a29b-8eb0-126dcc656f66">
      <Execution id="1c10a0f7-f663-43a6-871c-66776cfb2c38" />
      <TestMethod codeBase="Y:\Desktop\CSExercises\ExercisesTest\bin\Debug\ExercisesTest.dll" adapterTypeName="Microsoft.VisualStudio.TestTools.TestTypes.Unit.UnitTestAdapter" className="ExercisesTest.ExE3Test" name="ExE3_Test241" />
    </UnitTest>
    <UnitTest name="ExE3_Test240" storage="y:\desktop\csexercises\exercisestest\bin\debug\exercisestest.dll" id="91e204a5-eff7-540d-d066-632080d4a971">
      <Execution id="0f480855-9f1f-418c-a53e-0b3c58e5a955" />
      <TestMethod codeBase="Y:\Desktop\CSExercises\ExercisesTest\bin\Debug\ExercisesTest.dll" adapterTypeName="Microsoft.VisualStudio.TestTools.TestTypes.Unit.UnitTestAdapter" className="ExercisesTest.ExE3Test" name="ExE3_Test240" />
    </UnitTest>
    <UnitTest name="ExE4_Test496" storage="y:\desktop\csexercises\exercisestest\bin\debug\exercisestest.dll" id="4f5a549c-a85c-793f-ddb0-ac8e48e5d0f1">
      <Execution id="6ba38b48-2585-4470-b01c-bfd5da07f6d5" />
      <TestMethod codeBase="Y:\Desktop\CSExercises\ExercisesTest\bin\Debug\ExercisesTest.dll" adapterTypeName="Microsoft.VisualStudio.TestTools.TestTypes.Unit.UnitTestAdapter" className="ExercisesTest.ExE4Test" name="ExE4_Test496" />
    </UnitTest>
    <UnitTest name="ExE4_Test240" storage="y:\desktop\csexercises\exercisestest\bin\debug\exercisestest.dll" id="1dc75fae-43cb-7e63-4009-7965bd630b1a">
      <Execution id="503e19fd-a810-481c-bf93-dcf9abf531a9" />
      <TestMethod codeBase="Y:\Desktop\CSExercises\ExercisesTest\bin\Debug\ExercisesTest.dll" adapterTypeName="Microsoft.VisualStudio.TestTools.TestTypes.Unit.UnitTestAdapter" className="ExercisesTest.ExE4Test" name="ExE4_Test240" />
    </UnitTest>
    <UnitTest name="ExE5_TestForTheOnlyTestCase" storage="y:\desktop\csexercises\exercisestest\bin\debug\exercisestest.dll" id="442295cb-ec7e-e437-f1f2-a6c136660fa9">
      <Execution id="8d2aa8f2-ebda-4376-8f95-882e057d5d47" />
      <TestMethod codeBase="Y:\Desktop\CSExercises\ExercisesTest\bin\Debug\ExercisesTest.dll" adapterTypeName="Microsoft.VisualStudio.TestTools.TestTypes.Unit.UnitTestAdapter" className="ExercisesTest.ExE5Test" name="ExE5_TestForTheOnlyTestCase" />
    </UnitTest>
    <UnitTest name="ExE6_TestForTheOnlyTestCase" storage="y:\desktop\csexercises\exercisestest\bin\debug\exercisestest.dll" id="d2aa1ef4-37c8-6f4f-caac-48633678d93a">
      <Execution id="6361d53f-c0d3-4df3-9bc7-a0a8af3bf09a" />
      <TestMethod codeBase="Y:\Desktop\CSExercises\ExercisesTest\bin\Debug\ExercisesTest.dll" adapterTypeName="Microsoft.VisualStudio.TestTools.TestTypes.Unit.UnitTestAdapter" className="ExercisesTest.ExE6_Test" name="ExE6_TestForTheOnlyTestCase" />
    </UnitTest>
    <UnitTest name="ExF1_TestForTheOnlyTestCase" storage="y:\desktop\csexercises\exercisestest\bin\debug\exercisestest.dll" id="dc006c73-b7ad-39c4-a618-0510c48419f9">
      <Execution id="e5cf5157-9aa4-4539-8b19-d98b264b1983" />
      <TestMethod codeBase="Y:\Desktop\CSExercises\ExercisesTest\bin\Debug\ExercisesTest.dll" adapterTypeName="Microsoft.VisualStudio.TestTools.TestTypes.Unit.UnitTestAdapter" className="ExercisesTest.ExF1Test" name="ExF1_TestForTheOnlyTestCase" />
    </UnitTest>
    <UnitTest name="ExF2_TestForTheOrder" storage="y:\desktop\csexercises\exercisestest\bin\debug\exercisestest.dll" id="5af6480c-3862-4e94-bc2c-b24cac7ca661">
      <Execution id="6b72bb05-b46f-4093-be38-e21ec81bce2e" />
      <TestMethod codeBase="Y:\Desktop\CSExercises\ExercisesTest\bin\Debug\ExercisesTest.dll" adapterTypeName="Microsoft.VisualStudio.TestTools.TestTypes.Unit.UnitTestAdapter" className="ExercisesTest.ExF2Test" name="ExF2_TestForTheOrder" />
    </UnitTest>
    <UnitTest name="ExF3_TestForSomeOfTheResult" storage="y:\desktop\csexercises\exercisestest\bin\debug\exercisestest.dll" id="b02f104d-c4e9-55a3-ef13-4320e9fcd6ec">
      <Execution id="3946d84b-6fbf-486e-9baf-043dabe68f99" />
      <TestMethod codeBase="Y:\Desktop\CSExercises\ExercisesTest\bin\Debug\ExercisesTest.dll" adapterTypeName="Microsoft.VisualStudio.TestTools.TestTypes.Unit.UnitTestAdapter" className="ExercisesTest.ExF3Test" name="ExF3_TestForSomeOfTheResult" />
    </UnitTest>
    <UnitTest name="ExG1_TestWithABCDE" storage="y:\desktop\csexercises\exercisestest\bin\debug\exercisestest.dll" id="f30f2658-99db-d72e-9ec4-31a9938fa387">
      <Execution id="2a4e2da2-92e1-4aa9-8fc8-20ddf7aeccd8" />
      <TestMethod codeBase="Y:\Desktop\CSExercises\ExercisesTest\bin\Debug\ExercisesTest.dll" adapterTypeName="Microsoft.VisualStudio.TestTools.TestTypes.Unit.UnitTestAdapter" className="ExercisesTest.ExG1Test" name="ExG1_TestWithABCDE" />
    </UnitTest>
    <UnitTest name="ExG1_TestWithRycky" storage="y:\desktop\csexercises\exercisestest\bin\debug\exercisestest.dll" id="2e593488-b56a-eff0-ca82-e8d0bb44c159">
      <Execution id="de7128ae-fc83-4543-9c71-8dfec3dc8e8d" />
      <TestMethod codeBase="Y:\Desktop\CSExercises\ExercisesTest\bin\Debug\ExercisesTest.dll" adapterTypeName="Microsoft.VisualStudio.TestTools.TestTypes.Unit.UnitTestAdapter" className="ExercisesTest.ExG1Test" name="ExG1_TestWithRycky" />
    </UnitTest>
    <UnitTest name="ExG1_TestWithAeiou" storage="y:\desktop\csexercises\exercisestest\bin\debug\exercisestest.dll" id="ab2a1fc1-80f8-bc44-f298-ece577f665f6">
      <Execution id="293c39ef-efad-4261-a578-928ca452baad" />
      <TestMethod codeBase="Y:\Desktop\CSExercises\ExercisesTest\bin\Debug\ExercisesTest.dll" adapterTypeName="Microsoft.VisualStudio.TestTools.TestTypes.Unit.UnitTestAdapter" className="ExercisesTest.ExG1Test" name="ExG1_TestWithAeiou" />
    </UnitTest>
    <UnitTest name="ExG2_TestWithMadam" storage="y:\desktop\csexercises\exercisestest\bin\debug\exercisestest.dll" id="18e3e622-092f-3e19-8553-2026a160f673">
      <Execution id="8f95f465-0cbd-4c89-936e-ce7d1dd0e7a4" />
      <TestMethod codeBase="Y:\Desktop\CSExercises\ExercisesTest\bin\Debug\ExercisesTest.dll" adapterTypeName="Microsoft.VisualStudio.TestTools.TestTypes.Unit.UnitTestAdapter" className="ExercisesTest.ExG2_Test" name="ExG2_TestWithMadam" />
    </UnitTest>
    <UnitTest name="ExG2_TestWithSanta" storage="y:\desktop\csexercises\exercisestest\bin\debug\exercisestest.dll" id="ee68900a-ee9e-ddba-3df4-cb4a828e02fb">
      <Execution id="60336701-1c71-4137-a45d-4c5503493bf5" />
      <TestMethod codeBase="Y:\Desktop\CSExercises\ExercisesTest\bin\Debug\ExercisesTest.dll" adapterTypeName="Microsoft.VisualStudio.TestTools.TestTypes.Unit.UnitTestAdapter" className="ExercisesTest.ExG2_Test" name="ExG2_TestWithSanta" />
    </UnitTest>
    <UnitTest name="ExG2_TestWithISS" storage="y:\desktop\csexercises\exercisestest\bin\debug\exercisestest.dll" id="97c6c703-6d42-4b52-af58-5bc1820c63e6">
      <Execution id="5c8ef25f-559a-4ced-8729-082039df9e3f" />
      <TestMethod codeBase="Y:\Desktop\CSExercises\ExercisesTest\bin\Debug\ExercisesTest.dll" adapterTypeName="Microsoft.VisualStudio.TestTools.TestTypes.Unit.UnitTestAdapter" className="ExercisesTest.ExG2_Test" name="ExG2_TestWithISS" />
    </UnitTest>
    <UnitTest name="ExG3_TestWithOneWord" storage="y:\desktop\csexercises\exercisestest\bin\debug\exercisestest.dll" id="009b3f8f-dd80-521b-6dfb-99834ad4fb9f">
      <Execution id="afd0bc87-581f-4b41-b13b-a815ad21f457" />
      <TestMethod codeBase="Y:\Desktop\CSExercises\ExercisesTest\bin\Debug\ExercisesTest.dll" adapterTypeName="Microsoft.VisualStudio.TestTools.TestTypes.Unit.UnitTestAdapter" className="ExercisesTest.ExG3Test" name="ExG3_TestWithOneWord" />
    </UnitTest>
    <UnitTest name="ExG3_TestWithISS" storage="y:\desktop\csexercises\exercisestest\bin\debug\exercisestest.dll" id="ec776b73-93db-33b0-d71f-976483ca31f6">
      <Execution id="5ee57e51-6da1-4a4a-958c-7d4133f77ca5" />
      <TestMethod codeBase="Y:\Desktop\CSExercises\ExercisesTest\bin\Debug\ExercisesTest.dll" adapterTypeName="Microsoft.VisualStudio.TestTools.TestTypes.Unit.UnitTestAdapter" className="ExercisesTest.ExG3Test" name="ExG3_TestWithISS" />
    </UnitTest>
    <UnitTest name="ExG4_TestOrder" storage="y:\desktop\csexercises\exercisestest\bin\debug\exercisestest.dll" id="e986587e-732a-eb08-f5bc-4cd7a66af95d">
      <Execution id="41f27886-8a3d-4d39-b386-195717109b5c" />
      <TestMethod codeBase="Y:\Desktop\CSExercises\ExercisesTest\bin\Debug\ExercisesTest.dll" adapterTypeName="Microsoft.VisualStudio.TestTools.TestTypes.Unit.UnitTestAdapter" className="ExercisesTest.ExG4Test" name="ExG4_TestOrder" />
    </UnitTest>
    <UnitTest name="ExH1_TestOneChar" storage="y:\desktop\csexercises\exercisestest\bin\debug\exercisestest.dll" id="a4ae2f7a-bc59-f21f-0330-4520bbb34ec8">
      <Execution id="6cfe3393-f72c-479e-8ffa-43eb065cbec6" />
      <TestMethod codeBase="Y:\Desktop\CSExercises\ExercisesTest\bin\Debug\ExercisesTest.dll" adapterTypeName="Microsoft.VisualStudio.TestTools.TestTypes.Unit.UnitTestAdapter" className="ExercisesTest.ExH1Test" name="ExH1_TestOneChar" />
    </UnitTest>
    <UnitTest name="ExH1_TestPositive1" storage="y:\desktop\csexercises\exercisestest\bin\debug\exercisestest.dll" id="c1d8227b-f44f-4db1-97da-6595d5433cbe">
      <Execution id="1379f078-470f-407a-96ea-3c17bebde156" />
      <TestMethod codeBase="Y:\Desktop\CSExercises\ExercisesTest\bin\Debug\ExercisesTest.dll" adapterTypeName="Microsoft.VisualStudio.TestTools.TestTypes.Unit.UnitTestAdapter" className="ExercisesTest.ExH1Test" name="ExH1_TestPositive1" />
    </UnitTest>
    <UnitTest name="ExH1_TestPositive2" storage="y:\desktop\csexercises\exercisestest\bin\debug\exercisestest.dll" id="baf4c8f9-72bd-e9a1-3899-5f643a41cbac">
      <Execution id="1f458e28-e60c-4e3a-84e6-bddcb4618989" />
      <TestMethod codeBase="Y:\Desktop\CSExercises\ExercisesTest\bin\Debug\ExercisesTest.dll" adapterTypeName="Microsoft.VisualStudio.TestTools.TestTypes.Unit.UnitTestAdapter" className="ExercisesTest.ExH1Test" name="ExH1_TestPositive2" />
    </UnitTest>
    <UnitTest name="ExH1_TestNegative1" storage="y:\desktop\csexercises\exercisestest\bin\debug\exercisestest.dll" id="1df2cd5e-05cd-0340-279c-bf437d1b1fa6">
      <Execution id="929af989-28b8-4b23-a326-660784e9f977" />
      <TestMethod codeBase="Y:\Desktop\CSExercises\ExercisesTest\bin\Debug\ExercisesTest.dll" adapterTypeName="Microsoft.VisualStudio.TestTools.TestTypes.Unit.UnitTestAdapter" className="ExercisesTest.ExH1Test" name="ExH1_TestNegative1" />
    </UnitTest>
    <UnitTest name="ExH1_TestNegative2" storage="y:\desktop\csexercises\exercisestest\bin\debug\exercisestest.dll" id="af9c61a0-f313-c3c8-1027-5c796a206b57">
      <Execution id="7c0041bc-4884-4746-80b2-23e22a4e2575" />
      <TestMethod codeBase="Y:\Desktop\CSExercises\ExercisesTest\bin\Debug\ExercisesTest.dll" adapterTypeName="Microsoft.VisualStudio.TestTools.TestTypes.Unit.UnitTestAdapter" className="ExercisesTest.ExH1Test" name="ExH1_TestNegative2" />
    </UnitTest>
    <UnitTest name="ExH2_TestOneChar" storage="y:\desktop\csexercises\exercisestest\bin\debug\exercisestest.dll" id="3d7d1584-1c63-ac50-bc50-de50031518c4">
      <Execution id="5b48b391-158d-46b0-9158-78a059a3897b" />
      <TestMethod codeBase="Y:\Desktop\CSExercises\ExercisesTest\bin\Debug\ExercisesTest.dll" adapterTypeName="Microsoft.VisualStudio.TestTools.TestTypes.Unit.UnitTestAdapter" className="ExercisesTest.ExH2Test" name="ExH2_TestOneChar" />
    </UnitTest>
    <UnitTest name="ExH2_TestPositive1" storage="y:\desktop\csexercises\exercisestest\bin\debug\exercisestest.dll" id="0edd46c6-0864-a084-7845-f3ab5a58d5e8">
      <Execution id="bf495712-5d14-413f-93d3-05d5dbe64f18" />
      <TestMethod codeBase="Y:\Desktop\CSExercises\ExercisesTest\bin\Debug\ExercisesTest.dll" adapterTypeName="Microsoft.VisualStudio.TestTools.TestTypes.Unit.UnitTestAdapter" className="ExercisesTest.ExH2Test" name="ExH2_TestPositive1" />
    </UnitTest>
    <UnitTest name="ExH2_TestPositive2" storage="y:\desktop\csexercises\exercisestest\bin\debug\exercisestest.dll" id="cbb366c6-732e-4def-9a11-8dd886c0022f">
      <Execution id="8cfa9c09-e08d-4caf-8bf0-ce6ab71f7f5a" />
      <TestMethod codeBase="Y:\Desktop\CSExercises\ExercisesTest\bin\Debug\ExercisesTest.dll" adapterTypeName="Microsoft.VisualStudio.TestTools.TestTypes.Unit.UnitTestAdapter" className="ExercisesTest.ExH2Test" name="ExH2_TestPositive2" />
    </UnitTest>
    <UnitTest name="ExH2_TestNegative1" storage="y:\desktop\csexercises\exercisestest\bin\debug\exercisestest.dll" id="1ca2fccd-4727-4051-5830-7ec18c4d7263">
      <Execution id="a04c07bf-6b26-4fdd-8251-cc71e84c1eec" />
      <TestMethod codeBase="Y:\Desktop\CSExercises\ExercisesTest\bin\Debug\ExercisesTest.dll" adapterTypeName="Microsoft.VisualStudio.TestTools.TestTypes.Unit.UnitTestAdapter" className="ExercisesTest.ExH2Test" name="ExH2_TestNegative1" />
    </UnitTest>
    <UnitTest name="ExH2_TestNegative2" storage="y:\desktop\csexercises\exercisestest\bin\debug\exercisestest.dll" id="4744dcc3-4bcc-ce0e-885e-9c28396a533f">
      <Execution id="0a1cc76d-b9e3-4f60-a3c6-f2808287fcda" />
      <TestMethod codeBase="Y:\Desktop\CSExercises\ExercisesTest\bin\Debug\ExercisesTest.dll" adapterTypeName="Microsoft.VisualStudio.TestTools.TestTypes.Unit.UnitTestAdapter" className="ExercisesTest.ExH2Test" name="ExH2_TestNegative2" />
    </UnitTest>
    <UnitTest name="ExH3_TestOneToOneHundred" storage="y:\desktop\csexercises\exercisestest\bin\debug\exercisestest.dll" id="8082022e-9ba0-4329-7312-ea4cd2cb3ab8">
      <Execution id="9b268147-3da1-4f65-8ec5-a1a670b46aab" />
      <TestMethod codeBase="Y:\Desktop\CSExercises\ExercisesTest\bin\Debug\ExercisesTest.dll" adapterTypeName="Microsoft.VisualStudio.TestTools.TestTypes.Unit.UnitTestAdapter" className="ExercisesTest.ExH3Test" name="ExH3_TestOneToOneHundred" />
    </UnitTest>
    <UnitTest name="ExH4_TestNoSubstitution" storage="y:\desktop\csexercises\exercisestest\bin\debug\exercisestest.dll" id="d4549c3c-9899-20a6-9260-01b385ff068d">
      <Execution id="2c8152bf-ebef-4209-92ee-6d76a9557e66" />
      <TestMethod codeBase="Y:\Desktop\CSExercises\ExercisesTest\bin\Debug\ExercisesTest.dll" adapterTypeName="Microsoft.VisualStudio.TestTools.TestTypes.Unit.UnitTestAdapter" className="ExercisesTest.ExH4Test" name="ExH4_TestNoSubstitution" />
    </UnitTest>
    <UnitTest name="ExH4_TestMultipleSubstitution" storage="y:\desktop\csexercises\exercisestest\bin\debug\exercisestest.dll" id="baa9a9c2-82c6-dfe0-e3fa-3cd1e3e7ccba">
      <Execution id="e8d18ce3-cc78-4451-851f-6faa24341851" />
      <TestMethod codeBase="Y:\Desktop\CSExercises\ExercisesTest\bin\Debug\ExercisesTest.dll" adapterTypeName="Microsoft.VisualStudio.TestTools.TestTypes.Unit.UnitTestAdapter" className="ExercisesTest.ExH4Test" name="ExH4_TestMultipleSubstitution" />
    </UnitTest>
    <UnitTest name="ExI1_Test195" storage="y:\desktop\csexercises\exercisestest\bin\debug\exercisestest.dll" id="b5297abf-74a9-3001-95eb-a1a261572d42">
      <Execution id="0a4447eb-5448-4962-af64-627520fe1cca" />
      <TestMethod codeBase="Y:\Desktop\CSExercises\ExercisesTest\bin\Debug\ExercisesTest.dll" adapterTypeName="Microsoft.VisualStudio.TestTools.TestTypes.Unit.UnitTestAdapter" className="ExercisesTest.ExI1Test" name="ExI1_Test195" />
    </UnitTest>
    <UnitTest name="Ex45_Test105" storage="y:\desktop\csexercises\exercisestest\bin\debug\exercisestest.dll" id="26ff1520-2742-f4bc-a1c3-8e5cdfc6dc23">
      <Execution id="60d4adb7-b95f-4a40-8a5d-2056290aa1e7" />
      <TestMethod codeBase="Y:\Desktop\CSExercises\ExercisesTest\bin\Debug\ExercisesTest.dll" adapterTypeName="Microsoft.VisualStudio.TestTools.TestTypes.Unit.UnitTestAdapter" className="ExercisesTest.ExI1Test" name="Ex45_Test105" />
    </UnitTest>
    <UnitTest name="ExI2_TestRandomMaybeAlotOfFalseResult" storage="y:\desktop\csexercises\exercisestest\bin\debug\exercisestest.dll" id="703d9bbb-ee8a-2635-69c5-fc611c620eee">
      <Execution id="87c24d57-755e-456b-8a81-3e11edbe17c5" />
      <TestMethod codeBase="Y:\Desktop\CSExercises\ExercisesTest\bin\Debug\ExercisesTest.dll" adapterTypeName="Microsoft.VisualStudio.TestTools.TestTypes.Unit.UnitTestAdapter" className="ExercisesTest.ExI2Test" name="ExI2_TestRandomMaybeAlotOfFalseResult" />
    </UnitTest>
    <UnitTest name="ExA3_SquareOf0" storage="y:\desktop\csexercises\exercisestest\bin\debug\exercisestest.dll" id="3e520c80-0f62-a07e-65c9-318f860f601b">
      <Execution id="d677f093-e4a6-483b-ae72-449678a1a769" />
      <TestMethod codeBase="Y:\Desktop\CSExercises\ExercisesTest\bin\Debug\ExercisesTest.dll" adapterTypeName="Microsoft.VisualStudio.TestTools.TestTypes.Unit.UnitTestAdapter" className="ExercisesTest.ExA3Test" name="ExA3_SquareOf0" />
    </UnitTest>
    <UnitTest name="ExA3_SquareOf10" storage="y:\desktop\csexercises\exercisestest\bin\debug\exercisestest.dll" id="9335201e-0849-2837-cc1d-4fb4bfd54e5d">
      <Execution id="e0abf85d-ddf9-4da3-970b-b16da3b311dc" />
      <TestMethod codeBase="Y:\Desktop\CSExercises\ExercisesTest\bin\Debug\ExercisesTest.dll" adapterTypeName="Microsoft.VisualStudio.TestTools.TestTypes.Unit.UnitTestAdapter" className="ExercisesTest.ExA3Test" name="ExA3_SquareOf10" />
    </UnitTest>
    <UnitTest name="ExA3_SquareOfMin10" storage="y:\desktop\csexercises\exercisestest\bin\debug\exercisestest.dll" id="2f4488dd-19dd-82ed-e8ad-8944a67ad6c6">
      <Execution id="3b1448bf-8f42-4d96-b83c-f4a4fbcb938c" />
      <TestMethod codeBase="Y:\Desktop\CSExercises\ExercisesTest\bin\Debug\ExercisesTest.dll" adapterTypeName="Microsoft.VisualStudio.TestTools.TestTypes.Unit.UnitTestAdapter" className="ExercisesTest.ExA3Test" name="ExA3_SquareOfMin10" />
    </UnitTest>
  </TestDefinitions>
  <TestEntries>
    <TestEntry testId="8d13645f-ace3-ee52-0b1f-b75f216a1c8a" executionId="6ec73ba6-2ee0-437d-817b-c8a121a03dc6" testListId="8c84fa94-04c1-424b-9868-57a2d4851a1d" />
    <TestEntry testId="e3d43c25-4879-9987-1b05-886dcab007db" executionId="c193975f-2b6e-4138-8e20-b766be19821c" testListId="8c84fa94-04c1-424b-9868-57a2d4851a1d" />
    <TestEntry testId="97c4b883-ea03-6670-c7d7-8a5271d03002" executionId="328ccf14-c6fc-4d53-ac03-9dd48465ccae" testListId="8c84fa94-04c1-424b-9868-57a2d4851a1d" />
    <TestEntry testId="057093fc-37d3-acb2-7e8c-260165b052fe" executionId="ea1c3f12-4130-42a7-9098-a162ccfd0531" testListId="8c84fa94-04c1-424b-9868-57a2d4851a1d" />
    <TestEntry testId="9f43dc8a-28c1-8a57-a21b-12b5d329c479" executionId="4851345d-e489-4854-885b-4a13de6998ce" testListId="8c84fa94-04c1-424b-9868-57a2d4851a1d" />
    <TestEntry testId="e77da0c1-e064-d298-63e2-55fde252db14" executionId="2cd0b3eb-003d-4d95-b8a9-b31829bbe161" testListId="8c84fa94-04c1-424b-9868-57a2d4851a1d" />
    <TestEntry testId="736ce668-007a-8538-cb57-b0aa4f59c7ed" executionId="591d88d4-700d-4605-b167-247ea7cfef9a" testListId="8c84fa94-04c1-424b-9868-57a2d4851a1d" />
    <TestEntry testId="159ba622-1904-2602-2526-72a12ffa196f" executionId="5f261397-5da4-4892-b21a-cd275168ac27" testListId="8c84fa94-04c1-424b-9868-57a2d4851a1d" />
    <TestEntry testId="4ce714ee-0184-d714-c26f-c0f025b421a2" executionId="30541502-ff87-4f1a-a83e-c2d89acfb728" testListId="8c84fa94-04c1-424b-9868-57a2d4851a1d" />
    <TestEntry testId="56a6c058-ff64-0a54-1bb8-aba4833eba62" executionId="61baa352-6206-4e35-9513-0f2fe9bc23d2" testListId="8c84fa94-04c1-424b-9868-57a2d4851a1d" />
    <TestEntry testId="521f27a5-8565-5e7d-7db9-96f0742480e4" executionId="02a14530-93e9-4dcc-9410-6a4ee6c0ae1d" testListId="8c84fa94-04c1-424b-9868-57a2d4851a1d" />
    <TestEntry testId="d3c73420-c493-2580-26b5-713efb8af071" executionId="a01213a3-f36f-4636-b109-d516af1d159f" testListId="8c84fa94-04c1-424b-9868-57a2d4851a1d" />
    <TestEntry testId="07543d53-3299-9504-fc22-6f3224244293" executionId="3cd03df1-ef35-4c08-8825-323d9468a8d3" testListId="8c84fa94-04c1-424b-9868-57a2d4851a1d" />
    <TestEntry testId="547d9154-166e-a709-4ab7-dbf01b9db8a0" executionId="00e3a0b9-b11b-437c-b09b-502437f908b0" testListId="8c84fa94-04c1-424b-9868-57a2d4851a1d" />
    <TestEntry testId="ff06b2a1-aac2-2828-23bf-4e83c2715f17" executionId="d5667a06-3713-49a4-96d6-0b21a447609d" testListId="8c84fa94-04c1-424b-9868-57a2d4851a1d" />
    <TestEntry testId="dd7a1cf7-7671-a70a-aef5-f365aedd4d0e" executionId="b5210cf5-48ac-4b0a-920a-345093190de8" testListId="8c84fa94-04c1-424b-9868-57a2d4851a1d" />
    <TestEntry testId="1e6e95e5-93d0-8567-b766-24daa399e7a5" executionId="103d9369-6c1c-4b1a-9446-c418901682de" testListId="8c84fa94-04c1-424b-9868-57a2d4851a1d" />
    <TestEntry testId="928f0289-fc26-87c9-cbcc-7860f04c41e5" executionId="bbddcc80-5231-4dce-bd7e-883b726509ee" testListId="8c84fa94-04c1-424b-9868-57a2d4851a1d" />
    <TestEntry testId="cf3fce46-434f-4b13-6b4c-ced354dd07f6" executionId="66f388e0-38da-428c-97a4-f3de93b89454" testListId="8c84fa94-04c1-424b-9868-57a2d4851a1d" />
    <TestEntry testId="76d0a13b-ab80-9522-b82c-80ef6e94b587" executionId="de0bd214-c580-48db-97d5-d56522283817" testListId="8c84fa94-04c1-424b-9868-57a2d4851a1d" />
    <TestEntry testId="22a0a7fb-7586-1091-0284-41aa8e900d3a" executionId="76e0f292-227e-4f47-a95f-97a61e34df38" testListId="8c84fa94-04c1-424b-9868-57a2d4851a1d" />
    <TestEntry testId="220c17f5-86fd-d612-976c-3a2f2514a9ee" executionId="5b57ec76-3173-499d-ab93-0b7db06ee26a" testListId="8c84fa94-04c1-424b-9868-57a2d4851a1d" />
    <TestEntry testId="eeda8489-f414-b738-730a-b86d9a065988" executionId="8d92edf5-2203-4298-80bf-8b43e4d0fe8f" testListId="8c84fa94-04c1-424b-9868-57a2d4851a1d" />
    <TestEntry testId="7c77c2c8-c4ae-c33d-b32c-0c27ea0a4ea6" executionId="e3c5b304-df64-4823-90b9-c523446f548d" testListId="8c84fa94-04c1-424b-9868-57a2d4851a1d" />
    <TestEntry testId="06b9133f-4899-3a9e-2fb2-27c70cb6b199" executionId="5bb98b6c-7287-43ec-9466-d52cc81ad128" testListId="8c84fa94-04c1-424b-9868-57a2d4851a1d" />
    <TestEntry testId="bb1830d4-461e-fe67-a1f1-5256b7d4a372" executionId="3ba1ffde-77d0-4ba5-a0d8-58fab0b5effb" testListId="8c84fa94-04c1-424b-9868-57a2d4851a1d" />
    <TestEntry testId="b0fe1b76-85dd-996a-6897-764077fa221a" executionId="ffcd3f87-818e-43f0-aec9-ae710c1305d5" testListId="8c84fa94-04c1-424b-9868-57a2d4851a1d" />
    <TestEntry testId="3e2b89e5-e2cc-63c8-e53e-5e4f06942620" executionId="5e31df26-d920-4206-88fc-61073ee7a014" testListId="8c84fa94-04c1-424b-9868-57a2d4851a1d" />
    <TestEntry testId="09a74379-7aab-b6a3-6c3c-bf77ba90813f" executionId="8a20ab68-cc39-4160-8544-ee63ad21ae2a" testListId="8c84fa94-04c1-424b-9868-57a2d4851a1d" />
    <TestEntry testId="5d10d8c6-9801-fba8-47ea-4f24d629e64e" executionId="1b442503-9282-4630-a846-9ec90644f432" testListId="8c84fa94-04c1-424b-9868-57a2d4851a1d" />
    <TestEntry testId="8a3c2921-0d21-9733-b802-8fd60efda746" executionId="16055c78-4376-4d7a-b925-684e4c8a399f" testListId="8c84fa94-04c1-424b-9868-57a2d4851a1d" />
    <TestEntry testId="d8f4ff5b-1da8-68e0-6735-dca747510bd3" executionId="31e3c4b6-ace7-4b9c-b1bd-c06fefe133ee" testListId="8c84fa94-04c1-424b-9868-57a2d4851a1d" />
    <TestEntry testId="4c46834b-f4c3-08ad-a27c-3715addd7c00" executionId="0ad17ecb-1a58-4b70-a6e5-0b2e04634e3e" testListId="8c84fa94-04c1-424b-9868-57a2d4851a1d" />
    <TestEntry testId="4d421191-ce69-78f3-5526-c5d9422be733" executionId="03b6c2e2-7e33-4ab5-a24b-87779041655a" testListId="8c84fa94-04c1-424b-9868-57a2d4851a1d" />
    <TestEntry testId="2514325f-8396-182f-50e8-0dd4b88ec67a" executionId="d814d214-e3ba-45d8-9ba7-a12eac2d338f" testListId="8c84fa94-04c1-424b-9868-57a2d4851a1d" />
    <TestEntry testId="2f64d7d7-397c-497d-5ac2-6f48b2c6e87a" executionId="61290561-ae03-409d-8510-87296f3e0884" testListId="8c84fa94-04c1-424b-9868-57a2d4851a1d" />
    <TestEntry testId="2c0176f9-773e-372e-9030-1985551cf0c5" executionId="525ea95b-b561-4319-b49b-519003a04d1a" testListId="8c84fa94-04c1-424b-9868-57a2d4851a1d" />
    <TestEntry testId="f44f585d-496a-ceff-8ec5-5aa583d03039" executionId="a99d72cf-d703-4239-8715-0d2348ece5d6" testListId="8c84fa94-04c1-424b-9868-57a2d4851a1d" />
    <TestEntry testId="403ee091-5d56-e49f-11e0-a0069db2d71f" executionId="f37d2114-a611-491c-b248-d9956993d5a7" testListId="8c84fa94-04c1-424b-9868-57a2d4851a1d" />
    <TestEntry testId="61d166ef-4cfe-77e3-b543-897aca364290" executionId="51a1ca90-9b7b-4cbe-b603-c16e3adb099e" testListId="8c84fa94-04c1-424b-9868-57a2d4851a1d" />
    <TestEntry testId="f01da9c2-186f-f432-e2ea-a4bf6e6db11b" executionId="a944fcad-3723-4f07-abc3-13f3ab7a8fa0" testListId="8c84fa94-04c1-424b-9868-57a2d4851a1d" />
    <TestEntry testId="437f057a-e785-23b6-2c3b-fdb00373c2ea" executionId="957003ac-ccc9-4434-a44f-8146875c5f54" testListId="8c84fa94-04c1-424b-9868-57a2d4851a1d" />
    <TestEntry testId="2cc7dc39-d769-d794-e8ff-a77afcb7d16c" executionId="9ded62a5-4bd1-49f4-b805-148824514911" testListId="8c84fa94-04c1-424b-9868-57a2d4851a1d" />
    <TestEntry testId="358b895f-9561-e345-43e3-0530571178f3" executionId="76012fe4-52b3-4314-b685-127c112bd0fb" testListId="8c84fa94-04c1-424b-9868-57a2d4851a1d" />
    <TestEntry testId="5786c8fe-760a-f1e2-51f3-9bf03ba7c133" executionId="22e86d7e-3dc3-48cf-b2c2-715e2cfa767a" testListId="8c84fa94-04c1-424b-9868-57a2d4851a1d" />
    <TestEntry testId="1d1c8a71-2287-e26b-162e-49d36eb500a6" executionId="de987630-70b4-4d8c-955d-afb107a62d30" testListId="8c84fa94-04c1-424b-9868-57a2d4851a1d" />
    <TestEntry testId="3f3b4237-6c70-8c91-dc5f-29e8e770339b" executionId="515d1d26-79c8-4c02-8006-677199b39afd" testListId="8c84fa94-04c1-424b-9868-57a2d4851a1d" />
    <TestEntry testId="66b3003b-1aa8-40bb-c162-a94b6568685b" executionId="26a15333-d0cb-48a1-a9cf-8dc76303205b" testListId="8c84fa94-04c1-424b-9868-57a2d4851a1d" />
    <TestEntry testId="b31774ee-007b-47f0-8e32-c6031c54d16f" executionId="eef4fafe-6379-4ad1-8999-d8df58fa9e8a" testListId="8c84fa94-04c1-424b-9868-57a2d4851a1d" />
    <TestEntry testId="27d651a7-a3b9-7a3a-3e05-60be06064821" executionId="b6458d06-3388-4818-9893-9ddeba90ea69" testListId="8c84fa94-04c1-424b-9868-57a2d4851a1d" />
    <TestEntry testId="99cc52e4-4ede-d6f1-699a-639a70caf19e" executionId="22526019-92b1-474e-9823-6ae9264a4843" testListId="8c84fa94-04c1-424b-9868-57a2d4851a1d" />
    <TestEntry testId="f232122e-0613-e1ee-dfe5-9b85a22cd2b0" executionId="04f6df64-e66f-4e11-aa20-4461958e6792" testListId="8c84fa94-04c1-424b-9868-57a2d4851a1d" />
    <TestEntry testId="ae4e66b0-9a29-2a92-aee9-fdf389c27fe6" executionId="4dfd3337-3682-4444-8f07-9a97f22d947b" testListId="8c84fa94-04c1-424b-9868-57a2d4851a1d" />
    <TestEntry testId="4297656f-1197-d292-0489-69d8ad93083c" executionId="79a38a1d-12c0-436b-82b1-d5fa9f1e9f1c" testListId="8c84fa94-04c1-424b-9868-57a2d4851a1d" />
    <TestEntry testId="527da127-2853-1a9b-a2ad-f3585c728530" executionId="05281dba-1065-4b67-a2b2-8792c75ae4e9" testListId="8c84fa94-04c1-424b-9868-57a2d4851a1d" />
    <TestEntry testId="62915065-52ff-5fd8-8913-0189d77875c3" executionId="239f7a39-d3c9-4e4c-b945-319ae26196ae" testListId="8c84fa94-04c1-424b-9868-57a2d4851a1d" />
    <TestEntry testId="14d8a934-4e3c-5ff4-d896-b004187a9351" executionId="28ba7d9d-0151-40cd-ae91-31acf081dd03" testListId="8c84fa94-04c1-424b-9868-57a2d4851a1d" />
    <TestEntry testId="8206a26a-e532-85c1-9aad-17a6a0a5bdf0" executionId="64798929-ed8a-4e00-8003-7f6c9cf8398c" testListId="8c84fa94-04c1-424b-9868-57a2d4851a1d" />
    <TestEntry testId="59543185-c115-6f05-fde4-7a3a3cf60da3" executionId="ab76d433-60f3-4cad-81d6-60359ded2831" testListId="8c84fa94-04c1-424b-9868-57a2d4851a1d" />
    <TestEntry testId="817d2cfb-2701-d099-0d77-7dda9f9ee260" executionId="ac07cdfc-4d42-486c-b3f1-e5e4124150bc" testListId="8c84fa94-04c1-424b-9868-57a2d4851a1d" />
    <TestEntry testId="b3b356b0-b86d-68eb-f1fa-a1fb7eedeab6" executionId="96f1e658-d363-41aa-b366-0f8465613095" testListId="8c84fa94-04c1-424b-9868-57a2d4851a1d" />
    <TestEntry testId="37f78f12-4ace-98e0-52e8-3408fb66f00f" executionId="caab7892-622c-4197-82e4-9609afc97981" testListId="8c84fa94-04c1-424b-9868-57a2d4851a1d" />
    <TestEntry testId="31cdd151-4b4e-8af1-a309-064dea303c76" executionId="56a789b2-5d6f-4a3c-a59b-0b3af80835d1" testListId="8c84fa94-04c1-424b-9868-57a2d4851a1d" />
    <TestEntry testId="5c4545c1-1c4b-68f6-8b78-e5e65fc45da5" executionId="b44d6b93-e4fb-43ab-8917-bc2531d0537b" testListId="8c84fa94-04c1-424b-9868-57a2d4851a1d" />
    <TestEntry testId="41d254a0-3988-4fe8-c401-d6db7cf41541" executionId="2168ceb5-23c2-460d-9a15-cf08aeeb02a5" testListId="8c84fa94-04c1-424b-9868-57a2d4851a1d" />
    <TestEntry testId="f786c760-8fd9-385b-4101-e13a18a86146" executionId="15bd6c86-b624-4780-9e54-f65df1f70e89" testListId="8c84fa94-04c1-424b-9868-57a2d4851a1d" />
    <TestEntry testId="93d33d17-2fa5-03db-e35e-54470f3d1f7b" executionId="c05c79e1-49b4-4822-8743-31b07f8aa263" testListId="8c84fa94-04c1-424b-9868-57a2d4851a1d" />
    <TestEntry testId="5a209ef6-6f45-28e6-9185-5b832c31792d" executionId="a2a8f09c-975d-4ded-89b0-a2569bec833d" testListId="8c84fa94-04c1-424b-9868-57a2d4851a1d" />
    <TestEntry testId="380d54ab-9eb4-5e4e-c1a8-b5b0e22a59a1" executionId="c084e788-9203-4404-9851-f86e3fd8b1b2" testListId="8c84fa94-04c1-424b-9868-57a2d4851a1d" />
    <TestEntry testId="48cf3a9e-0a50-a29b-8eb0-126dcc656f66" executionId="1c10a0f7-f663-43a6-871c-66776cfb2c38" testListId="8c84fa94-04c1-424b-9868-57a2d4851a1d" />
    <TestEntry testId="91e204a5-eff7-540d-d066-632080d4a971" executionId="0f480855-9f1f-418c-a53e-0b3c58e5a955" testListId="8c84fa94-04c1-424b-9868-57a2d4851a1d" />
    <TestEntry testId="4f5a549c-a85c-793f-ddb0-ac8e48e5d0f1" executionId="6ba38b48-2585-4470-b01c-bfd5da07f6d5" testListId="8c84fa94-04c1-424b-9868-57a2d4851a1d" />
    <TestEntry testId="1dc75fae-43cb-7e63-4009-7965bd630b1a" executionId="503e19fd-a810-481c-bf93-dcf9abf531a9" testListId="8c84fa94-04c1-424b-9868-57a2d4851a1d" />
    <TestEntry testId="442295cb-ec7e-e437-f1f2-a6c136660fa9" executionId="8d2aa8f2-ebda-4376-8f95-882e057d5d47" testListId="8c84fa94-04c1-424b-9868-57a2d4851a1d" />
    <TestEntry testId="d2aa1ef4-37c8-6f4f-caac-48633678d93a" executionId="6361d53f-c0d3-4df3-9bc7-a0a8af3bf09a" testListId="8c84fa94-04c1-424b-9868-57a2d4851a1d" />
    <TestEntry testId="dc006c73-b7ad-39c4-a618-0510c48419f9" executionId="e5cf5157-9aa4-4539-8b19-d98b264b1983" testListId="8c84fa94-04c1-424b-9868-57a2d4851a1d" />
    <TestEntry testId="5af6480c-3862-4e94-bc2c-b24cac7ca661" executionId="6b72bb05-b46f-4093-be38-e21ec81bce2e" testListId="8c84fa94-04c1-424b-9868-57a2d4851a1d" />
    <TestEntry testId="b02f104d-c4e9-55a3-ef13-4320e9fcd6ec" executionId="3946d84b-6fbf-486e-9baf-043dabe68f99" testListId="8c84fa94-04c1-424b-9868-57a2d4851a1d" />
    <TestEntry testId="f30f2658-99db-d72e-9ec4-31a9938fa387" executionId="2a4e2da2-92e1-4aa9-8fc8-20ddf7aeccd8" testListId="8c84fa94-04c1-424b-9868-57a2d4851a1d" />
    <TestEntry testId="2e593488-b56a-eff0-ca82-e8d0bb44c159" executionId="de7128ae-fc83-4543-9c71-8dfec3dc8e8d" testListId="8c84fa94-04c1-424b-9868-57a2d4851a1d" />
    <TestEntry testId="ab2a1fc1-80f8-bc44-f298-ece577f665f6" executionId="293c39ef-efad-4261-a578-928ca452baad" testListId="8c84fa94-04c1-424b-9868-57a2d4851a1d" />
    <TestEntry testId="18e3e622-092f-3e19-8553-2026a160f673" executionId="8f95f465-0cbd-4c89-936e-ce7d1dd0e7a4" testListId="8c84fa94-04c1-424b-9868-57a2d4851a1d" />
    <TestEntry testId="ee68900a-ee9e-ddba-3df4-cb4a828e02fb" executionId="60336701-1c71-4137-a45d-4c5503493bf5" testListId="8c84fa94-04c1-424b-9868-57a2d4851a1d" />
    <TestEntry testId="97c6c703-6d42-4b52-af58-5bc1820c63e6" executionId="5c8ef25f-559a-4ced-8729-082039df9e3f" testListId="8c84fa94-04c1-424b-9868-57a2d4851a1d" />
    <TestEntry testId="009b3f8f-dd80-521b-6dfb-99834ad4fb9f" executionId="afd0bc87-581f-4b41-b13b-a815ad21f457" testListId="8c84fa94-04c1-424b-9868-57a2d4851a1d" />
    <TestEntry testId="ec776b73-93db-33b0-d71f-976483ca31f6" executionId="5ee57e51-6da1-4a4a-958c-7d4133f77ca5" testListId="8c84fa94-04c1-424b-9868-57a2d4851a1d" />
    <TestEntry testId="e986587e-732a-eb08-f5bc-4cd7a66af95d" executionId="41f27886-8a3d-4d39-b386-195717109b5c" testListId="8c84fa94-04c1-424b-9868-57a2d4851a1d" />
    <TestEntry testId="a4ae2f7a-bc59-f21f-0330-4520bbb34ec8" executionId="6cfe3393-f72c-479e-8ffa-43eb065cbec6" testListId="8c84fa94-04c1-424b-9868-57a2d4851a1d" />
    <TestEntry testId="c1d8227b-f44f-4db1-97da-6595d5433cbe" executionId="1379f078-470f-407a-96ea-3c17bebde156" testListId="8c84fa94-04c1-424b-9868-57a2d4851a1d" />
    <TestEntry testId="baf4c8f9-72bd-e9a1-3899-5f643a41cbac" executionId="1f458e28-e60c-4e3a-84e6-bddcb4618989" testListId="8c84fa94-04c1-424b-9868-57a2d4851a1d" />
    <TestEntry testId="1df2cd5e-05cd-0340-279c-bf437d1b1fa6" executionId="929af989-28b8-4b23-a326-660784e9f977" testListId="8c84fa94-04c1-424b-9868-57a2d4851a1d" />
    <TestEntry testId="af9c61a0-f313-c3c8-1027-5c796a206b57" executionId="7c0041bc-4884-4746-80b2-23e22a4e2575" testListId="8c84fa94-04c1-424b-9868-57a2d4851a1d" />
    <TestEntry testId="3d7d1584-1c63-ac50-bc50-de50031518c4" executionId="5b48b391-158d-46b0-9158-78a059a3897b" testListId="8c84fa94-04c1-424b-9868-57a2d4851a1d" />
    <TestEntry testId="0edd46c6-0864-a084-7845-f3ab5a58d5e8" executionId="bf495712-5d14-413f-93d3-05d5dbe64f18" testListId="8c84fa94-04c1-424b-9868-57a2d4851a1d" />
    <TestEntry testId="cbb366c6-732e-4def-9a11-8dd886c0022f" executionId="8cfa9c09-e08d-4caf-8bf0-ce6ab71f7f5a" testListId="8c84fa94-04c1-424b-9868-57a2d4851a1d" />
    <TestEntry testId="1ca2fccd-4727-4051-5830-7ec18c4d7263" executionId="a04c07bf-6b26-4fdd-8251-cc71e84c1eec" testListId="8c84fa94-04c1-424b-9868-57a2d4851a1d" />
    <TestEntry testId="4744dcc3-4bcc-ce0e-885e-9c28396a533f" executionId="0a1cc76d-b9e3-4f60-a3c6-f2808287fcda" testListId="8c84fa94-04c1-424b-9868-57a2d4851a1d" />
    <TestEntry testId="8082022e-9ba0-4329-7312-ea4cd2cb3ab8" executionId="9b268147-3da1-4f65-8ec5-a1a670b46aab" testListId="8c84fa94-04c1-424b-9868-57a2d4851a1d" />
    <TestEntry testId="d4549c3c-9899-20a6-9260-01b385ff068d" executionId="2c8152bf-ebef-4209-92ee-6d76a9557e66" testListId="8c84fa94-04c1-424b-9868-57a2d4851a1d" />
    <TestEntry testId="baa9a9c2-82c6-dfe0-e3fa-3cd1e3e7ccba" executionId="e8d18ce3-cc78-4451-851f-6faa24341851" testListId="8c84fa94-04c1-424b-9868-57a2d4851a1d" />
    <TestEntry testId="b5297abf-74a9-3001-95eb-a1a261572d42" executionId="0a4447eb-5448-4962-af64-627520fe1cca" testListId="8c84fa94-04c1-424b-9868-57a2d4851a1d" />
    <TestEntry testId="26ff1520-2742-f4bc-a1c3-8e5cdfc6dc23" executionId="60d4adb7-b95f-4a40-8a5d-2056290aa1e7" testListId="8c84fa94-04c1-424b-9868-57a2d4851a1d" />
    <TestEntry testId="703d9bbb-ee8a-2635-69c5-fc611c620eee" executionId="87c24d57-755e-456b-8a81-3e11edbe17c5" testListId="8c84fa94-04c1-424b-9868-57a2d4851a1d" />
    <TestEntry testId="3e520c80-0f62-a07e-65c9-318f860f601b" executionId="d677f093-e4a6-483b-ae72-449678a1a769" testListId="8c84fa94-04c1-424b-9868-57a2d4851a1d" />
    <TestEntry testId="9335201e-0849-2837-cc1d-4fb4bfd54e5d" executionId="e0abf85d-ddf9-4da3-970b-b16da3b311dc" testListId="8c84fa94-04c1-424b-9868-57a2d4851a1d" />
    <TestEntry testId="2f4488dd-19dd-82ed-e8ad-8944a67ad6c6" executionId="3b1448bf-8f42-4d96-b83c-f4a4fbcb938c" testListId="8c84fa94-04c1-424b-9868-57a2d4851a1d" />
  </TestEntries>
  <TestLists>
    <TestList name="Results Not in a List" id="8c84fa94-04c1-424b-9868-57a2d4851a1d" />
    <TestList name="All Loaded Results" id="19431567-8539-422a-85d7-44ee4e166bda" />
  </TestLists>
  <ResultSummary outcome="Failed">
    <Counters total="106" executed="106" passed="46" failed="60" error="0" timeout="0" aborted="0" inconclusive="0" passedButRunAborted="0" notRunnable="0" notExecuted="0" disconnected="0" warning="0" completed="0" inProgress="0" pending="0" />
  </ResultSummary>
</TestRun>﻿<?xml version="1.0" encoding="UTF-8"?>
<TestRun id="8678564b-efbf-42cc-beb8-243175ac937b" name="zanaanuar@ZANAANUAR1564 2016-08-14 19:29:42" runUser="ZANAANUAR1564\zanaanuar" xmlns="http://microsoft.com/schemas/VisualStudio/TeamTest/2010">
  <Times creation="2016-08-14T19:29:42.9205737+08:00" queuing="2016-08-14T19:29:42.9205737+08:00" start="2016-08-14T19:29:42.9245682+08:00" finish="2016-08-14T19:29:44.3695859+08:00" />
  <TestSettings name="default" id="a9216deb-9b12-4a8b-853f-2f3d6bbb9d5a">
    <Execution>
      <TestTypeSpecific />
    </Execution>
    <Deployment runDeploymentRoot="zanaanuar_ZANAANUAR1564 2016-08-14 19_29_42" />
    <Properties />
  </TestSettings>
  <Results>
    <UnitTestResult executionId="7b574482-beaf-4d94-91f5-9482130b26a1" testId="8d13645f-ace3-ee52-0b1f-b75f216a1c8a" testName="ExA2_TestWithAName" computerName="ZANAANUAR1564" duration="00:00:00.0088609" startTime="2016-08-14T19:29:42.8257122+08:00" endTime="2016-08-14T19:29:42.8657019+08:00" testType="13cdc9d9-ddb5-4fa4-a97d-d965ccfc6d4b" outcome="Passed" testListId="8c84fa94-04c1-424b-9868-57a2d4851a1d" relativeResultsDirectory="7b574482-beaf-4d94-91f5-9482130b26a1">
      <Output>
        <StdOut>Debug Trace:
Good Morning John</StdOut>
      </Output>
    </UnitTestResult>
    <UnitTestResult executionId="be97385e-5224-4f24-91f5-4c9f2fa6a789" testId="e3d43c25-4879-9987-1b05-886dcab007db" testName="ExC3_TestWithZero" computerName="ZANAANUAR1564" duration="00:00:00.0085000" startTime="2016-08-14T19:29:42.8765666+08:00" endTime="2016-08-14T19:29:42.8845677+08:00" testType="13cdc9d9-ddb5-4fa4-a97d-d965ccfc6d4b" outcome="Failed" testListId="8c84fa94-04c1-424b-9868-57a2d4851a1d" relativeResultsDirectory="be97385e-5224-4f24-91f5-4c9f2fa6a789">
      <Output>
        <ErrorInfo>
          <Message>Assert.AreEqual failed. Expected:&lt;F&gt;. Actual:&lt;(null)&gt;. </Message>
          <StackTrace>   at ExercisesTest.ExC3Test.ExC3_TestWithZero() in \\mac\home\Desktop\CSExercises\ExercisesTest\SectionC\ExC3Test.cs:line 14
</StackTrace>
        </ErrorInfo>
      </Output>
    </UnitTestResult>
    <UnitTestResult executionId="8eec2f76-b996-4698-bc54-3c0e8087135a" testId="97c4b883-ea03-6670-c7d7-8a5271d03002" testName="ExC3_TestForA" computerName="ZANAANUAR1564" duration="00:00:00.0009597" startTime="2016-08-14T19:29:42.8855677+08:00" endTime="2016-08-14T19:29:42.8865674+08:00" testType="13cdc9d9-ddb5-4fa4-a97d-d965ccfc6d4b" outcome="Failed" testListId="8c84fa94-04c1-424b-9868-57a2d4851a1d" relativeResultsDirectory="8eec2f76-b996-4698-bc54-3c0e8087135a">
      <Output>
        <ErrorInfo>
          <Message>Assert.AreEqual failed. Expected:&lt;A&gt;. Actual:&lt;(null)&gt;. </Message>
          <StackTrace>   at ExercisesTest.ExC3Test.ExC3_TestForA() in \\mac\home\Desktop\CSExercises\ExercisesTest\SectionC\ExC3Test.cs:line 21
</StackTrace>
        </ErrorInfo>
      </Output>
    </UnitTestResult>
    <UnitTestResult executionId="8a24c407-f790-4605-b8a4-42872a71ae43" testId="057093fc-37d3-acb2-7e8c-260165b052fe" testName="ExC3_TestForB" computerName="ZANAANUAR1564" duration="00:00:00.0009315" startTime="2016-08-14T19:29:42.8865674+08:00" endTime="2016-08-14T19:29:42.8875880+08:00" testType="13cdc9d9-ddb5-4fa4-a97d-d965ccfc6d4b" outcome="Failed" testListId="8c84fa94-04c1-424b-9868-57a2d4851a1d" relativeResultsDirectory="8a24c407-f790-4605-b8a4-42872a71ae43">
      <Output>
        <ErrorInfo>
          <Message>Assert.AreEqual failed. Expected:&lt;B&gt;. Actual:&lt;(null)&gt;. </Message>
          <StackTrace>   at ExercisesTest.ExC3Test.ExC3_TestForB() in \\mac\home\Desktop\CSExercises\ExercisesTest\SectionC\ExC3Test.cs:line 28
</StackTrace>
        </ErrorInfo>
      </Output>
    </UnitTestResult>
    <UnitTestResult executionId="22e5330c-53ce-4d31-9ac0-76c89ff34e62" testId="9f43dc8a-28c1-8a57-a21b-12b5d329c479" testName="ExC3_TestForC" computerName="ZANAANUAR1564" duration="00:00:00.0009504" startTime="2016-08-14T19:29:42.8875880+08:00" endTime="2016-08-14T19:29:42.8885711+08:00" testType="13cdc9d9-ddb5-4fa4-a97d-d965ccfc6d4b" outcome="Failed" testListId="8c84fa94-04c1-424b-9868-57a2d4851a1d" relativeResultsDirectory="22e5330c-53ce-4d31-9ac0-76c89ff34e62">
      <Output>
        <ErrorInfo>
          <Message>Assert.AreEqual failed. Expected:&lt;C&gt;. Actual:&lt;(null)&gt;. </Message>
          <StackTrace>   at ExercisesTest.ExC3Test.ExC3_TestForC() in \\mac\home\Desktop\CSExercises\ExercisesTest\SectionC\ExC3Test.cs:line 35
</StackTrace>
        </ErrorInfo>
      </Output>
    </UnitTestResult>
    <UnitTestResult executionId="a702a4d0-c140-40ea-b781-5b58b6429575" testId="e77da0c1-e064-d298-63e2-55fde252db14" testName="ExC3_TestWithNegative" computerName="ZANAANUAR1564" duration="00:00:00.0009335" startTime="2016-08-14T19:29:42.8885711+08:00" endTime="2016-08-14T19:29:42.8895703+08:00" testType="13cdc9d9-ddb5-4fa4-a97d-d965ccfc6d4b" outcome="Failed" testListId="8c84fa94-04c1-424b-9868-57a2d4851a1d" relativeResultsDirectory="a702a4d0-c140-40ea-b781-5b58b6429575">
      <Output>
        <ErrorInfo>
          <Message>Assert.AreEqual failed. Expected:&lt;**Error**&gt;. Actual:&lt;(null)&gt;. </Message>
          <StackTrace>   at ExercisesTest.ExC3Test.ExC3_TestWithNegative() in \\mac\home\Desktop\CSExercises\ExercisesTest\SectionC\ExC3Test.cs:line 41
</StackTrace>
        </ErrorInfo>
      </Output>
    </UnitTestResult>
    <UnitTestResult executionId="ed91ee8b-3942-4d6d-9f9e-da5734854d48" testId="736ce668-007a-8538-cb57-b0aa4f59c7ed" testName="ExC3_TestWithLargeNumber" computerName="ZANAANUAR1564" duration="00:00:00.0011059" startTime="2016-08-14T19:29:42.8895703+08:00" endTime="2016-08-14T19:29:42.8915682+08:00" testType="13cdc9d9-ddb5-4fa4-a97d-d965ccfc6d4b" outcome="Failed" testListId="8c84fa94-04c1-424b-9868-57a2d4851a1d" relativeResultsDirectory="ed91ee8b-3942-4d6d-9f9e-da5734854d48">
      <Output>
        <ErrorInfo>
          <Message>Assert.AreEqual failed. Expected:&lt;**Error**&gt;. Actual:&lt;(null)&gt;. </Message>
          <StackTrace>   at ExercisesTest.ExC3Test.ExC3_TestWithLargeNumber() in \\mac\home\Desktop\CSExercises\ExercisesTest\SectionC\ExC3Test.cs:line 47
</StackTrace>
        </ErrorInfo>
      </Output>
    </UnitTestResult>
    <UnitTestResult executionId="184eb0f1-46de-4b1c-b132-f996ba9d5d05" testId="159ba622-1904-2602-2526-72a12ffa196f" testName="ExB5_TestWithZero" computerName="ZANAANUAR1564" duration="00:00:00.0011102" startTime="2016-08-14T19:29:42.8915682+08:00" endTime="2016-08-14T19:29:42.8925757+08:00" testType="13cdc9d9-ddb5-4fa4-a97d-d965ccfc6d4b" outcome="Passed" testListId="8c84fa94-04c1-424b-9868-57a2d4851a1d" relativeResultsDirectory="184eb0f1-46de-4b1c-b132-f996ba9d5d05">
      <Output>
        <StdOut>Debug Trace:
0
3</StdOut>
      </Output>
    </UnitTestResult>
    <UnitTestResult executionId="c61571cf-7233-47d6-ba37-b128a0219f89" testId="4ce714ee-0184-d714-c26f-c0f025b421a2" testName="ExB5_TestWithRandomPositiveNumber" computerName="ZANAANUAR1564" duration="00:00:00.0016592" startTime="2016-08-14T19:29:42.8925757+08:00" endTime="2016-08-14T19:29:42.8946028+08:00" testType="13cdc9d9-ddb5-4fa4-a97d-d965ccfc6d4b" outcome="Failed" testListId="8c84fa94-04c1-424b-9868-57a2d4851a1d" relativeResultsDirectory="c61571cf-7233-47d6-ba37-b128a0219f89">
      <Output>
        <StdOut>Debug Trace:
89
39252</StdOut>
        <ErrorInfo>
          <Message>Assert.AreEqual failed. Expected:&lt;15489&gt;. Actual:&lt;39252&gt;. Program output is different from the expected output.</Message>
          <StackTrace>   at ExercisesTest.TestHelper.AssertOutput(String expectedOutput) in \\mac\home\Desktop\CSExercises\ExercisesTest\TestHelper.cs:line 48
   at ExercisesTest.TestHelper.TestOutputEqual(Type t, String input, String output) in \\mac\home\Desktop\CSExercises\ExercisesTest\TestHelper.cs:line 97
   at ExercisesTest.ExB5Test.ExB5_TestWithRandomPositiveNumber() in \\mac\home\Desktop\CSExercises\ExercisesTest\SectionB\ExB5Test.cs:line 21
</StackTrace>
        </ErrorInfo>
      </Output>
    </UnitTestResult>
    <UnitTestResult executionId="72ada82b-0d9b-482d-88e3-2de593fdd8f6" testId="56a6c058-ff64-0a54-1bb8-aba4833eba62" testName="ExB5_TestWithRandomNegativeNumber" computerName="ZANAANUAR1564" duration="00:00:00.0015605" startTime="2016-08-14T19:29:42.8985667+08:00" endTime="2016-08-14T19:29:42.9005720+08:00" testType="13cdc9d9-ddb5-4fa4-a97d-d965ccfc6d4b" outcome="Failed" testListId="8c84fa94-04c1-424b-9868-57a2d4851a1d" relativeResultsDirectory="72ada82b-0d9b-482d-88e3-2de593fdd8f6">
      <Output>
        <StdOut>Debug Trace:
-12
771</StdOut>
        <ErrorInfo>
          <Message>Assert.AreEqual failed. Expected:&lt;339&gt;. Actual:&lt;771&gt;. Program output is different from the expected output.</Message>
          <StackTrace>   at ExercisesTest.TestHelper.AssertOutput(String expectedOutput) in \\mac\home\Desktop\CSExercises\ExercisesTest\TestHelper.cs:line 48
   at ExercisesTest.TestHelper.TestOutputEqual(Type t, String input, String output) in \\mac\home\Desktop\CSExercises\ExercisesTest\TestHelper.cs:line 97
   at ExercisesTest.ExB5Test.ExB5_TestWithRandomNegativeNumber() in \\mac\home\Desktop\CSExercises\ExercisesTest\SectionB\ExB5Test.cs:line 29
</StackTrace>
        </ErrorInfo>
      </Output>
    </UnitTestResult>
    <UnitTestResult executionId="5680e8fd-6db0-4b0d-9d23-73091367bf58" testId="521f27a5-8565-5e7d-7db9-96f0742480e4" testName="ExB4_TestWithZero" computerName="ZANAANUAR1564" duration="00:00:00.0005130" startTime="2016-08-14T19:29:42.9005720+08:00" endTime="2016-08-14T19:29:42.9015699+08:00" testType="13cdc9d9-ddb5-4fa4-a97d-d965ccfc6d4b" outcome="Passed" testListId="8c84fa94-04c1-424b-9868-57a2d4851a1d" relativeResultsDirectory="5680e8fd-6db0-4b0d-9d23-73091367bf58">
      <Output>
        <StdOut>Debug Trace:
0
32</StdOut>
      </Output>
    </UnitTestResult>
    <UnitTestResult executionId="86e182cb-6a5d-4ebc-b6ee-333342f51aaa" testId="d3c73420-c493-2580-26b5-713efb8af071" testName="ExB4_TestWithRandomPositiveNumber" computerName="ZANAANUAR1564" duration="00:00:00.0002243" startTime="2016-08-14T19:29:42.9015699+08:00" endTime="2016-08-14T19:29:42.9015699+08:00" testType="13cdc9d9-ddb5-4fa4-a97d-d965ccfc6d4b" outcome="Passed" testListId="8c84fa94-04c1-424b-9868-57a2d4851a1d" relativeResultsDirectory="86e182cb-6a5d-4ebc-b6ee-333342f51aaa">
      <Output>
        <StdOut>Debug Trace:
73
163.4</StdOut>
      </Output>
    </UnitTestResult>
    <UnitTestResult executionId="9e6814f4-76ac-486c-928c-1f5f16c93892" testId="07543d53-3299-9504-fc22-6f3224244293" testName="ExB4_TestWithRandomNegativeNumber" computerName="ZANAANUAR1564" duration="00:00:00.0002119" startTime="2016-08-14T19:29:42.9025666+08:00" endTime="2016-08-14T19:29:42.9025666+08:00" testType="13cdc9d9-ddb5-4fa4-a97d-d965ccfc6d4b" outcome="Passed" testListId="8c84fa94-04c1-424b-9868-57a2d4851a1d" relativeResultsDirectory="9e6814f4-76ac-486c-928c-1f5f16c93892">
      <Output>
        <StdOut>Debug Trace:
-28
-18.4</StdOut>
      </Output>
    </UnitTestResult>
    <UnitTestResult executionId="6d9361ea-7922-4d9c-b757-fcb52092cbb2" testId="547d9154-166e-a709-4ab7-dbf01b9db8a0" testName="ExB3_TestWithZero" computerName="ZANAANUAR1564" duration="00:00:00.0004536" startTime="2016-08-14T19:29:42.9025666+08:00" endTime="2016-08-14T19:29:42.9035681+08:00" testType="13cdc9d9-ddb5-4fa4-a97d-d965ccfc6d4b" outcome="Passed" testListId="8c84fa94-04c1-424b-9868-57a2d4851a1d" relativeResultsDirectory="6d9361ea-7922-4d9c-b757-fcb52092cbb2">
      <Output>
        <StdOut>Debug Trace:
0
$0.00</StdOut>
      </Output>
    </UnitTestResult>
    <UnitTestResult executionId="5ffdc828-da15-41f9-8e36-6f4cbcf27348" testId="ff06b2a1-aac2-2828-23bf-4e83c2715f17" testName="ExB3_TestWithRandomNumber" computerName="ZANAANUAR1564" duration="00:00:00.0002412" startTime="2016-08-14T19:29:42.9035681+08:00" endTime="2016-08-14T19:29:42.9035681+08:00" testType="13cdc9d9-ddb5-4fa4-a97d-d965ccfc6d4b" outcome="Passed" testListId="8c84fa94-04c1-424b-9868-57a2d4851a1d" relativeResultsDirectory="5ffdc828-da15-41f9-8e36-6f4cbcf27348">
      <Output>
        <StdOut>Debug Trace:
73
$82.49</StdOut>
      </Output>
    </UnitTestResult>
    <UnitTestResult executionId="4d3eeda2-f439-4ff6-a62c-bc1bd5829fc6" testId="dd7a1cf7-7671-a70a-aef5-f365aedd4d0e" testName="ExB2_TestWithZero" computerName="ZANAANUAR1564" duration="00:00:00.0003091" startTime="2016-08-14T19:29:42.9035681+08:00" endTime="2016-08-14T19:29:42.9045681+08:00" testType="13cdc9d9-ddb5-4fa4-a97d-d965ccfc6d4b" outcome="Passed" testListId="8c84fa94-04c1-424b-9868-57a2d4851a1d" relativeResultsDirectory="4d3eeda2-f439-4ff6-a62c-bc1bd5829fc6" />
    <UnitTestResult executionId="61d137c7-15aa-4639-8b87-81e6adcbe451" testId="1e6e95e5-93d0-8567-b766-24daa399e7a5" testName="ExB2_TestWithRandomNumber" computerName="ZANAANUAR1564" duration="00:00:00.0001588" startTime="2016-08-14T19:29:42.9045681+08:00" endTime="2016-08-14T19:29:42.9045681+08:00" testType="13cdc9d9-ddb5-4fa4-a97d-d965ccfc6d4b" outcome="Passed" testListId="8c84fa94-04c1-424b-9868-57a2d4851a1d" relativeResultsDirectory="61d137c7-15aa-4639-8b87-81e6adcbe451" />
    <UnitTestResult executionId="dc1dcfb9-d2ee-48b9-8596-5e883df4dbac" testId="928f0289-fc26-87c9-cbcc-7860f04c41e5" testName="ExB1_TestWithZero" computerName="ZANAANUAR1564" duration="00:00:00.0002163" startTime="2016-08-14T19:29:42.9045681+08:00" endTime="2016-08-14T19:29:42.9045681+08:00" testType="13cdc9d9-ddb5-4fa4-a97d-d965ccfc6d4b" outcome="Passed" testListId="8c84fa94-04c1-424b-9868-57a2d4851a1d" relativeResultsDirectory="dc1dcfb9-d2ee-48b9-8596-5e883df4dbac" />
    <UnitTestResult executionId="c56d748a-022f-4050-ac43-6858f97f5416" testId="cf3fce46-434f-4b13-6b4c-ced354dd07f6" testName="ExB1_TestWithRandomNumber" computerName="ZANAANUAR1564" duration="00:00:00.0001714" startTime="2016-08-14T19:29:42.9055683+08:00" endTime="2016-08-14T19:29:42.9055683+08:00" testType="13cdc9d9-ddb5-4fa4-a97d-d965ccfc6d4b" outcome="Passed" testListId="8c84fa94-04c1-424b-9868-57a2d4851a1d" relativeResultsDirectory="c56d748a-022f-4050-ac43-6858f97f5416" />
    <UnitTestResult executionId="866c99b8-ac59-4c64-b652-6e24f1dd77d9" testId="76d0a13b-ab80-9522-b82c-80ef6e94b587" testName="ExA5_Case1" computerName="ZANAANUAR1564" duration="00:00:00.0003215" startTime="2016-08-14T19:29:42.9055683+08:00" endTime="2016-08-14T19:29:42.9055683+08:00" testType="13cdc9d9-ddb5-4fa4-a97d-d965ccfc6d4b" outcome="Passed" testListId="8c84fa94-04c1-424b-9868-57a2d4851a1d" relativeResultsDirectory="866c99b8-ac59-4c64-b652-6e24f1dd77d9">
      <Output>
        <StdOut>Debug Trace:
100.1
100.10</StdOut>
      </Output>
    </UnitTestResult>
    <UnitTestResult executionId="b56d02b4-18e0-4df4-9d82-347ffd861d35" testId="22a0a7fb-7586-1091-0284-41aa8e900d3a" testName="ExA5_Case2" computerName="ZANAANUAR1564" duration="00:00:00.0001655" startTime="2016-08-14T19:29:42.9055683+08:00" endTime="2016-08-14T19:29:42.9065683+08:00" testType="13cdc9d9-ddb5-4fa4-a97d-d965ccfc6d4b" outcome="Passed" testListId="8c84fa94-04c1-424b-9868-57a2d4851a1d" relativeResultsDirectory="b56d02b4-18e0-4df4-9d82-347ffd861d35">
      <Output>
        <StdOut>Debug Trace:
0
0.00</StdOut>
      </Output>
    </UnitTestResult>
    <UnitTestResult executionId="57687514-4c8d-47d1-85db-1fccd838682d" testId="220c17f5-86fd-d612-976c-3a2f2514a9ee" testName="ExA5_Case3" computerName="ZANAANUAR1564" duration="00:00:00.0001595" startTime="2016-08-14T19:29:42.9065683+08:00" endTime="2016-08-14T19:29:42.9065683+08:00" testType="13cdc9d9-ddb5-4fa4-a97d-d965ccfc6d4b" outcome="Passed" testListId="8c84fa94-04c1-424b-9868-57a2d4851a1d" relativeResultsDirectory="57687514-4c8d-47d1-85db-1fccd838682d">
      <Output>
        <StdOut>Debug Trace:
3.232
3.23</StdOut>
      </Output>
    </UnitTestResult>
    <UnitTestResult executionId="c4aa2967-9024-4e72-975b-045ae7991401" testId="eeda8489-f414-b738-730a-b86d9a065988" testName="ExA5_Case4" computerName="ZANAANUAR1564" duration="00:00:00.0001599" startTime="2016-08-14T19:29:42.9065683+08:00" endTime="2016-08-14T19:29:42.9065683+08:00" testType="13cdc9d9-ddb5-4fa4-a97d-d965ccfc6d4b" outcome="Passed" testListId="8c84fa94-04c1-424b-9868-57a2d4851a1d" relativeResultsDirectory="c4aa2967-9024-4e72-975b-045ae7991401">
      <Output>
        <StdOut>Debug Trace:
4.555
4.56</StdOut>
      </Output>
    </UnitTestResult>
    <UnitTestResult executionId="2f1d12ae-5773-43cd-9630-11a839ca24bd" testId="7c77c2c8-c4ae-c33d-b32c-0c27ea0a4ea6" testName="ExA4_SquareOf0" computerName="ZANAANUAR1564" duration="00:00:00.0007993" startTime="2016-08-14T19:29:42.9065683+08:00" endTime="2016-08-14T19:29:42.9075682+08:00" testType="13cdc9d9-ddb5-4fa4-a97d-d965ccfc6d4b" outcome="Passed" testListId="8c84fa94-04c1-424b-9868-57a2d4851a1d" relativeResultsDirectory="2f1d12ae-5773-43cd-9630-11a839ca24bd" />
    <UnitTestResult executionId="9650a05f-3593-4ae8-8790-a9d4c3bb46b2" testId="06b9133f-4899-3a9e-2fb2-27c70cb6b199" testName="ExA4_SquareOf10" computerName="ZANAANUAR1564" duration="00:00:00.0001243" startTime="2016-08-14T19:29:42.9075682+08:00" endTime="2016-08-14T19:29:42.9085676+08:00" testType="13cdc9d9-ddb5-4fa4-a97d-d965ccfc6d4b" outcome="Passed" testListId="8c84fa94-04c1-424b-9868-57a2d4851a1d" relativeResultsDirectory="9650a05f-3593-4ae8-8790-a9d4c3bb46b2" />
    <UnitTestResult executionId="08f45c9e-2c1f-470d-84c3-672b5f90df92" testId="bb1830d4-461e-fe67-a1f1-5256b7d4a372" testName="ExA4_SquareOfMin10" computerName="ZANAANUAR1564" duration="00:00:00.0001145" startTime="2016-08-14T19:29:42.9085676+08:00" endTime="2016-08-14T19:29:42.9085676+08:00" testType="13cdc9d9-ddb5-4fa4-a97d-d965ccfc6d4b" outcome="Passed" testListId="8c84fa94-04c1-424b-9868-57a2d4851a1d" relativeResultsDirectory="08f45c9e-2c1f-470d-84c3-672b5f90df92" />
    <UnitTestResult executionId="57370f5e-22fc-4a5d-9f4d-c290e83e45c8" testId="b0fe1b76-85dd-996a-6897-764077fa221a" testName="ExB6_TestWithZero" computerName="ZANAANUAR1564" duration="00:00:00.0005083" startTime="2016-08-14T19:29:42.9085676+08:00" endTime="2016-08-14T19:29:42.9095676+08:00" testType="13cdc9d9-ddb5-4fa4-a97d-d965ccfc6d4b" outcome="Passed" testListId="8c84fa94-04c1-424b-9868-57a2d4851a1d" relativeResultsDirectory="57370f5e-22fc-4a5d-9f4d-c290e83e45c8">
      <Output>
        <StdOut>Debug Trace:
0
0
0
0
0</StdOut>
      </Output>
    </UnitTestResult>
    <UnitTestResult executionId="ae8f980e-aef8-4800-8aad-609699620102" testId="3e2b89e5-e2cc-63c8-e53e-5e4f06942620" testName="ExB6_TestWithPositiveNumber" computerName="ZANAANUAR1564" duration="00:00:00.0002146" startTime="2016-08-14T19:29:42.9095676+08:00" endTime="2016-08-14T19:29:42.9095676+08:00" testType="13cdc9d9-ddb5-4fa4-a97d-d965ccfc6d4b" outcome="Passed" testListId="8c84fa94-04c1-424b-9868-57a2d4851a1d" relativeResultsDirectory="ae8f980e-aef8-4800-8aad-609699620102">
      <Output>
        <StdOut>Debug Trace:
20
0
20
20
20</StdOut>
      </Output>
    </UnitTestResult>
    <UnitTestResult executionId="d6152640-5c2c-4c49-9a0d-f37730005f76" testId="09a74379-7aab-b6a3-6c3c-bf77ba90813f" testName="ExB6_TestWithNegativeNumber" computerName="ZANAANUAR1564" duration="00:00:00.0002818" startTime="2016-08-14T19:29:42.9095676+08:00" endTime="2016-08-14T19:29:42.9105682+08:00" testType="13cdc9d9-ddb5-4fa4-a97d-d965ccfc6d4b" outcome="Passed" testListId="8c84fa94-04c1-424b-9868-57a2d4851a1d" relativeResultsDirectory="d6152640-5c2c-4c49-9a0d-f37730005f76">
      <Output>
        <StdOut>Debug Trace:
20
0
-20
-20
44.7213595499958</StdOut>
      </Output>
    </UnitTestResult>
    <UnitTestResult executionId="f3746de4-1490-4206-b454-837784baaf57" testId="5d10d8c6-9801-fba8-47ea-4f24d629e64e" testName="ExB7_TestWithZero" computerName="ZANAANUAR1564" duration="00:00:00.0003929" startTime="2016-08-14T19:29:42.9105682+08:00" endTime="2016-08-14T19:29:42.9105682+08:00" testType="13cdc9d9-ddb5-4fa4-a97d-d965ccfc6d4b" outcome="Passed" testListId="8c84fa94-04c1-424b-9868-57a2d4851a1d" relativeResultsDirectory="f3746de4-1490-4206-b454-837784baaf57">
      <Output>
        <StdOut>Debug Trace:
0
2.4</StdOut>
      </Output>
    </UnitTestResult>
    <UnitTestResult executionId="ac512602-f48f-4e7b-89bf-a36fa0a403bf" testId="8a3c2921-0d21-9733-b802-8fd60efda746" testName="ExB7_TestWithRandomPositiveNumber" computerName="ZANAANUAR1564" duration="00:00:00.0003291" startTime="2016-08-14T19:29:42.9105682+08:00" endTime="2016-08-14T19:29:42.9115683+08:00" testType="13cdc9d9-ddb5-4fa4-a97d-d965ccfc6d4b" outcome="Passed" testListId="8c84fa94-04c1-424b-9868-57a2d4851a1d" relativeResultsDirectory="ac512602-f48f-4e7b-89bf-a36fa0a403bf">
      <Output>
        <StdOut>Debug Trace:
73.01
31.604

48.01
21.604

22.02
11.208</StdOut>
      </Output>
    </UnitTestResult>
    <UnitTestResult executionId="70c376d4-761b-42c5-a516-54d9e5c4cd2f" testId="d8f4ff5b-1da8-68e0-6735-dca747510bd3" testName="ExB8_TestWithZero" computerName="ZANAANUAR1564" duration="00:00:00.0019197" startTime="2016-08-14T19:29:42.9115683+08:00" endTime="2016-08-14T19:29:42.9135712+08:00" testType="13cdc9d9-ddb5-4fa4-a97d-d965ccfc6d4b" outcome="Failed" testListId="8c84fa94-04c1-424b-9868-57a2d4851a1d" relativeResultsDirectory="70c376d4-761b-42c5-a516-54d9e5c4cd2f">
      <Output>
        <StdOut>Debug Trace:
0
2.4</StdOut>
        <ErrorInfo>
          <Message>Assert.AreEqual failed. Expected:&lt;2.40&gt;. Actual:&lt;2.4&gt;. Program output is different from the expected output.</Message>
          <StackTrace>   at ExercisesTest.TestHelper.AssertOutput(String expectedOutput) in \\mac\home\Desktop\CSExercises\ExercisesTest\TestHelper.cs:line 48
   at ExercisesTest.TestHelper.TestOutputEqual(Type t, String input, String output) in \\mac\home\Desktop\CSExercises\ExercisesTest\TestHelper.cs:line 97
   at ExercisesTest.ExB8Test.ExB8_TestWithZero() in \\mac\home\Desktop\CSExercises\ExercisesTest\SectionB\ExB8Test.cs:line 13
</StackTrace>
        </ErrorInfo>
      </Output>
    </UnitTestResult>
    <UnitTestResult executionId="38d28492-3ce2-44ca-bc42-f1bd64a1da80" testId="4c46834b-f4c3-08ad-a27c-3715addd7c00" testName="ExB8_TestWithRandomPositiveNumber" computerName="ZANAANUAR1564" duration="00:00:00.0018261" startTime="2016-08-14T19:29:42.9135712+08:00" endTime="2016-08-14T19:29:42.9155712+08:00" testType="13cdc9d9-ddb5-4fa4-a97d-d965ccfc6d4b" outcome="Failed" testListId="8c84fa94-04c1-424b-9868-57a2d4851a1d" relativeResultsDirectory="38d28492-3ce2-44ca-bc42-f1bd64a1da80">
      <Output>
        <StdOut>Debug Trace:
73.01
31.6</StdOut>
        <ErrorInfo>
          <Message>Assert.AreEqual failed. Expected:&lt;31.60&gt;. Actual:&lt;31.6&gt;. Program output is different from the expected output.</Message>
          <StackTrace>   at ExercisesTest.TestHelper.AssertOutput(String expectedOutput) in \\mac\home\Desktop\CSExercises\ExercisesTest\TestHelper.cs:line 48
   at ExercisesTest.TestHelper.TestOutputEqual(Type t, String input, String output) in \\mac\home\Desktop\CSExercises\ExercisesTest\TestHelper.cs:line 97
   at ExercisesTest.ExB8Test.ExB8_TestWithRandomPositiveNumber() in \\mac\home\Desktop\CSExercises\ExercisesTest\SectionB\ExB8Test.cs:line 23
</StackTrace>
        </ErrorInfo>
      </Output>
    </UnitTestResult>
    <UnitTestResult executionId="c0e6d0c6-e0d4-41c9-b6e5-6a5914883e1d" testId="4d421191-ce69-78f3-5526-c5d9422be733" testName="ExB9TestWithZero" computerName="ZANAANUAR1564" duration="00:00:00.0014828" startTime="2016-08-14T19:29:42.9155712+08:00" endTime="2016-08-14T19:29:42.9175703+08:00" testType="13cdc9d9-ddb5-4fa4-a97d-d965ccfc6d4b" outcome="Failed" testListId="8c84fa94-04c1-424b-9868-57a2d4851a1d" relativeResultsDirectory="c0e6d0c6-e0d4-41c9-b6e5-6a5914883e1d">
      <Output>
        <StdOut>Debug Trace:
0
2.4</StdOut>
        <ErrorInfo>
          <Message>Assert.AreEqual failed. Expected:&lt;2.40&gt;. Actual:&lt;2.4&gt;. Program output is different from the expected output.</Message>
          <StackTrace>   at ExercisesTest.TestHelper.AssertOutput(String expectedOutput) in \\mac\home\Desktop\CSExercises\ExercisesTest\TestHelper.cs:line 48
   at ExercisesTest.TestHelper.TestOutputEqual(Type t, String input, String output) in \\mac\home\Desktop\CSExercises\ExercisesTest\TestHelper.cs:line 97
   at ExercisesTest.ExB9Test.ExB9TestWithZero() in \\mac\home\Desktop\CSExercises\ExercisesTest\SectionB\ExB9Test.cs:line 13
</StackTrace>
        </ErrorInfo>
      </Output>
    </UnitTestResult>
    <UnitTestResult executionId="7b3dc165-8f97-4d79-8597-0a84b0599f35" testId="2514325f-8396-182f-50e8-0dd4b88ec67a" testName="ExB9TestWithRandomPositiveNumber" computerName="ZANAANUAR1564" duration="00:00:00.0016288" startTime="2016-08-14T19:29:42.9175703+08:00" endTime="2016-08-14T19:29:42.9195877+08:00" testType="13cdc9d9-ddb5-4fa4-a97d-d965ccfc6d4b" outcome="Failed" testListId="8c84fa94-04c1-424b-9868-57a2d4851a1d" relativeResultsDirectory="7b3dc165-8f97-4d79-8597-0a84b0599f35">
      <Output>
        <StdOut>Debug Trace:
9.02
6.1</StdOut>
        <ErrorInfo>
          <Message>Assert.AreEqual failed. Expected:&lt;6.10&gt;. Actual:&lt;6.1&gt;. Program output is different from the expected output.</Message>
          <StackTrace>   at ExercisesTest.TestHelper.AssertOutput(String expectedOutput) in \\mac\home\Desktop\CSExercises\ExercisesTest\TestHelper.cs:line 48
   at ExercisesTest.TestHelper.TestOutputEqual(Type t, String input, String output) in \\mac\home\Desktop\CSExercises\ExercisesTest\TestHelper.cs:line 97
   at ExercisesTest.ExB9Test.ExB9TestWithRandomPositiveNumber() in \\mac\home\Desktop\CSExercises\ExercisesTest\SectionB\ExB9Test.cs:line 23
</StackTrace>
        </ErrorInfo>
      </Output>
    </UnitTestResult>
    <UnitTestResult executionId="2709abc0-7bee-4fdf-9c41-623d3d1117ae" testId="2f64d7d7-397c-497d-5ac2-6f48b2c6e87a" testName="ExB10_TestWithZero" computerName="ZANAANUAR1564" duration="00:00:00.0006018" startTime="2016-08-14T19:29:42.9195877+08:00" endTime="2016-08-14T19:29:42.9205737+08:00" testType="13cdc9d9-ddb5-4fa4-a97d-d965ccfc6d4b" outcome="Passed" testListId="8c84fa94-04c1-424b-9868-57a2d4851a1d" relativeResultsDirectory="2709abc0-7bee-4fdf-9c41-623d3d1117ae">
      <Output>
        <StdOut>Debug Trace:
0
0
0
0</StdOut>
      </Output>
    </UnitTestResult>
    <UnitTestResult executionId="7a63bd17-63e8-4f69-abef-25470571caa9" testId="2c0176f9-773e-372e-9030-1985551cf0c5" testName="ExB10_TestWithPositiveNumber" computerName="ZANAANUAR1564" duration="00:00:00.0002897" startTime="2016-08-14T19:29:42.9205737+08:00" endTime="2016-08-14T19:29:42.9215678+08:00" testType="13cdc9d9-ddb5-4fa4-a97d-d965ccfc6d4b" outcome="Passed" testListId="8c84fa94-04c1-424b-9868-57a2d4851a1d" relativeResultsDirectory="7a63bd17-63e8-4f69-abef-25470571caa9">
      <Output>
        <StdOut>Debug Trace:
3
4
5
6</StdOut>
      </Output>
    </UnitTestResult>
    <UnitTestResult executionId="658f61fb-643f-42f6-8346-408daf11309d" testId="f44f585d-496a-ceff-8ec5-5aa583d03039" testName="ExC5_TestWithAmstrongNumber" computerName="ZANAANUAR1564" duration="00:00:00.0019308" startTime="2016-08-14T19:29:42.9215678+08:00" endTime="2016-08-14T19:29:42.9235907+08:00" testType="13cdc9d9-ddb5-4fa4-a97d-d965ccfc6d4b" outcome="Failed" testListId="8c84fa94-04c1-424b-9868-57a2d4851a1d" relativeResultsDirectory="658f61fb-643f-42f6-8346-408daf11309d">
      <Output>
        <StdOut>Debug Trace:</StdOut>
        <ErrorInfo>
          <Message>Assert.IsTrue failed. There is no output detected</Message>
          <StackTrace>   at ExercisesTest.TestHelper.AssertOutput(String expectedOutput) in \\mac\home\Desktop\CSExercises\ExercisesTest\TestHelper.cs:line 47
   at ExercisesTest.TestHelper.TestOutputEqual(Type t, String input, String output) in \\mac\home\Desktop\CSExercises\ExercisesTest\TestHelper.cs:line 97
   at ExercisesTest.ExC5Test.ExC5_TestWithAmstrongNumber() in \\mac\home\Desktop\CSExercises\ExercisesTest\SectionC\ExC5Test.cs:line 13
</StackTrace>
        </ErrorInfo>
      </Output>
    </UnitTestResult>
    <UnitTestResult executionId="4e90f956-a76d-4226-9981-d1483f1a39d1" testId="403ee091-5d56-e49f-11e0-a0069db2d71f" testName="ExC5_TestWithRandomPositiveNumber" computerName="ZANAANUAR1564" duration="00:00:00.0012874" startTime="2016-08-14T19:29:42.9235907+08:00" endTime="2016-08-14T19:29:42.9245682+08:00" testType="13cdc9d9-ddb5-4fa4-a97d-d965ccfc6d4b" outcome="Failed" testListId="8c84fa94-04c1-424b-9868-57a2d4851a1d" relativeResultsDirectory="4e90f956-a76d-4226-9981-d1483f1a39d1">
      <Output>
        <StdOut>Debug Trace:</StdOut>
        <ErrorInfo>
          <Message>Assert.IsTrue failed. There is no output detected</Message>
          <StackTrace>   at ExercisesTest.TestHelper.AssertOutput(String expectedOutput) in \\mac\home\Desktop\CSExercises\ExercisesTest\TestHelper.cs:line 47
   at ExercisesTest.TestHelper.TestOutputEqual(Type t, String input, String output) in \\mac\home\Desktop\CSExercises\ExercisesTest\TestHelper.cs:line 97
   at ExercisesTest.ExC5Test.ExC5_TestWithRandomPositiveNumber() in \\mac\home\Desktop\CSExercises\ExercisesTest\SectionC\ExC5Test.cs:line 27
</StackTrace>
        </ErrorInfo>
      </Output>
    </UnitTestResult>
    <UnitTestResult executionId="8240a555-21c3-46bc-aef0-e2032cdb5c95" testId="61d166ef-4cfe-77e3-b543-897aca364290" testName="ExC1_TestWithMale" computerName="ZANAANUAR1564" duration="00:00:00.0017682" startTime="2016-08-14T19:29:42.9245682+08:00" endTime="2016-08-14T19:29:42.9275660+08:00" testType="13cdc9d9-ddb5-4fa4-a97d-d965ccfc6d4b" outcome="Failed" testListId="8c84fa94-04c1-424b-9868-57a2d4851a1d" relativeResultsDirectory="8240a555-21c3-46bc-aef0-e2032cdb5c95">
      <Output>
        <StdOut>Debug Trace:
Please enter your name: John Smith
Please enter your gender (M/F): M</StdOut>
        <ErrorInfo>
          <Message>Assert.AreEqual failed. Expected:&lt;good morning mr. john smith&gt;. Actual:&lt;please enter your gender (m/f):&gt;. Program output is different from the expected output.</Message>
          <StackTrace>   at ExercisesTest.TestHelper.AssertOutput(String expectedOutput) in \\mac\home\Desktop\CSExercises\ExercisesTest\TestHelper.cs:line 48
   at ExercisesTest.ExC1Test.ExC1_TestWithMale() in \\mac\home\Desktop\CSExercises\ExercisesTest\SectionC\ExC1Test.cs:line 15
</StackTrace>
        </ErrorInfo>
      </Output>
    </UnitTestResult>
    <UnitTestResult executionId="0771f695-08b4-4f14-8d64-0cc1da97a0ae" testId="f01da9c2-186f-f432-e2ea-a4bf6e6db11b" testName="ExC1_TestWithFemale" computerName="ZANAANUAR1564" duration="00:00:00.0011477" startTime="2016-08-14T19:29:42.9275660+08:00" endTime="2016-08-14T19:29:42.9286399+08:00" testType="13cdc9d9-ddb5-4fa4-a97d-d965ccfc6d4b" outcome="Failed" testListId="8c84fa94-04c1-424b-9868-57a2d4851a1d" relativeResultsDirectory="0771f695-08b4-4f14-8d64-0cc1da97a0ae">
      <Output>
        <StdOut>Debug Trace:
Please enter your name: Jane Austen
Please enter your gender (M/F): F</StdOut>
        <ErrorInfo>
          <Message>Assert.AreEqual failed. Expected:&lt;good morning ms. jane austen&gt;. Actual:&lt;please enter your gender (m/f):&gt;. Program output is different from the expected output.</Message>
          <StackTrace>   at ExercisesTest.TestHelper.AssertOutput(String expectedOutput) in \\mac\home\Desktop\CSExercises\ExercisesTest\TestHelper.cs:line 48
   at ExercisesTest.ExC1Test.ExC1_TestWithFemale() in \\mac\home\Desktop\CSExercises\ExercisesTest\SectionC\ExC1Test.cs:line 24
</StackTrace>
        </ErrorInfo>
      </Output>
    </UnitTestResult>
    <UnitTestResult executionId="f0563493-5850-42ed-ac00-c336a9ddc752" testId="437f057a-e785-23b6-2c3b-fdb00373c2ea" testName="ExC1_TestWithUnknown" computerName="ZANAANUAR1564" duration="00:00:00.0004043" startTime="2016-08-14T19:29:42.9286399+08:00" endTime="2016-08-14T19:29:42.9295671+08:00" testType="13cdc9d9-ddb5-4fa4-a97d-d965ccfc6d4b" outcome="Passed" testListId="8c84fa94-04c1-424b-9868-57a2d4851a1d" relativeResultsDirectory="f0563493-5850-42ed-ac00-c336a9ddc752">
      <Output>
        <StdOut>Debug Trace:
Please enter your name: Jane Austen
Please enter your gender (M/F): X</StdOut>
      </Output>
    </UnitTestResult>
    <UnitTestResult executionId="b1f7dad4-ddbe-47dc-adea-6000cdf01560" testId="2cc7dc39-d769-d794-e8ff-a77afcb7d16c" testName="ExC2_TestWithUncle" computerName="ZANAANUAR1564" duration="00:00:00.0015111" startTime="2016-08-14T19:29:42.9295671+08:00" endTime="2016-08-14T19:29:42.9305684+08:00" testType="13cdc9d9-ddb5-4fa4-a97d-d965ccfc6d4b" outcome="Failed" testListId="8c84fa94-04c1-424b-9868-57a2d4851a1d" relativeResultsDirectory="b1f7dad4-ddbe-47dc-adea-6000cdf01560">
      <Output>
        <StdOut>Debug Trace:
Please enter your name: Arnold
Please enter your gender (M/F): M
Please enter your age: 40</StdOut>
        <ErrorInfo>
          <Message>Assert.AreEqual failed. Expected:&lt;good morning uncle arnold&gt;. Actual:&lt;please enter your age:&gt;. Program output is different from the expected output.</Message>
          <StackTrace>   at ExercisesTest.TestHelper.AssertOutput(String expectedOutput) in \\mac\home\Desktop\CSExercises\ExercisesTest\TestHelper.cs:line 48
   at ExercisesTest.ExC2_Test.ExC2_TestWithUncle() in \\mac\home\Desktop\CSExercises\ExercisesTest\SectionC\ExC2_Test.cs:line 15
</StackTrace>
        </ErrorInfo>
      </Output>
    </UnitTestResult>
    <UnitTestResult executionId="538bf5be-ab3a-4c95-a898-cc6c40ecf44e" testId="358b895f-9561-e345-43e3-0530571178f3" testName="ExC2_TestWithAunty" computerName="ZANAANUAR1564" duration="00:00:00.0011615" startTime="2016-08-14T19:29:42.9315682+08:00" endTime="2016-08-14T19:29:42.9325689+08:00" testType="13cdc9d9-ddb5-4fa4-a97d-d965ccfc6d4b" outcome="Failed" testListId="8c84fa94-04c1-424b-9868-57a2d4851a1d" relativeResultsDirectory="538bf5be-ab3a-4c95-a898-cc6c40ecf44e">
      <Output>
        <StdOut>Debug Trace:
Please enter your name: Madonna
Please enter your gender (M/F): F
Please enter your age: 51</StdOut>
        <ErrorInfo>
          <Message>Assert.AreEqual failed. Expected:&lt;good morning aunty madonna&gt;. Actual:&lt;please enter your age:&gt;. Program output is different from the expected output.</Message>
          <StackTrace>   at ExercisesTest.TestHelper.AssertOutput(String expectedOutput) in \\mac\home\Desktop\CSExercises\ExercisesTest\TestHelper.cs:line 48
   at ExercisesTest.ExC2_Test.ExC2_TestWithAunty() in \\mac\home\Desktop\CSExercises\ExercisesTest\SectionC\ExC2_Test.cs:line 24
</StackTrace>
        </ErrorInfo>
      </Output>
    </UnitTestResult>
    <UnitTestResult executionId="1a6682b5-61b1-479b-b5f1-ee8b940f1f7a" testId="5786c8fe-760a-f1e2-51f3-9bf03ba7c133" testName="ExC2_TestWitMr" computerName="ZANAANUAR1564" duration="00:00:00.0017455" startTime="2016-08-14T19:29:42.9325689+08:00" endTime="2016-08-14T19:29:42.9345677+08:00" testType="13cdc9d9-ddb5-4fa4-a97d-d965ccfc6d4b" outcome="Failed" testListId="8c84fa94-04c1-424b-9868-57a2d4851a1d" relativeResultsDirectory="1a6682b5-61b1-479b-b5f1-ee8b940f1f7a">
      <Output>
        <StdOut>Debug Trace:
Please enter your name: Will Smith
Please enter your gender (M/F): M
Please enter your age:</StdOut>
        <ErrorInfo>
          <Message>Assert.AreEqual failed. Expected:&lt;good morning mr. will smith&gt;. Actual:&lt;please enter your age:&gt;. Program output is different from the expected output.</Message>
          <StackTrace>   at ExercisesTest.TestHelper.AssertOutput(String expectedOutput) in \\mac\home\Desktop\CSExercises\ExercisesTest\TestHelper.cs:line 48
   at ExercisesTest.ExC2_Test.ExC2_TestWitMr() in \\mac\home\Desktop\CSExercises\ExercisesTest\SectionC\ExC2_Test.cs:line 33
</StackTrace>
        </ErrorInfo>
      </Output>
    </UnitTestResult>
    <UnitTestResult executionId="2e2cf3ea-fc68-4541-a6ba-47007930aafc" testId="1d1c8a71-2287-e26b-162e-49d36eb500a6" testName="ExC2_TestWithMs" computerName="ZANAANUAR1564" duration="00:00:00.0011816" startTime="2016-08-14T19:29:42.9345677+08:00" endTime="2016-08-14T19:29:42.9355664+08:00" testType="13cdc9d9-ddb5-4fa4-a97d-d965ccfc6d4b" outcome="Failed" testListId="8c84fa94-04c1-424b-9868-57a2d4851a1d" relativeResultsDirectory="2e2cf3ea-fc68-4541-a6ba-47007930aafc">
      <Output>
        <StdOut>Debug Trace:
Please enter your name: Ariana Grande
Please enter your gender (M/F): F
Please enter your age: 18</StdOut>
        <ErrorInfo>
          <Message>Assert.AreEqual failed. Expected:&lt;good morning ms. ariana grande&gt;. Actual:&lt;please enter your age:&gt;. Program output is different from the expected output.</Message>
          <StackTrace>   at ExercisesTest.TestHelper.AssertOutput(String expectedOutput) in \\mac\home\Desktop\CSExercises\ExercisesTest\TestHelper.cs:line 48
   at ExercisesTest.ExC2_Test.ExC2_TestWithMs() in \\mac\home\Desktop\CSExercises\ExercisesTest\SectionC\ExC2_Test.cs:line 42
</StackTrace>
        </ErrorInfo>
      </Output>
    </UnitTestResult>
    <UnitTestResult executionId="350fc957-35a6-47e6-9a14-d735cb96c01f" testId="3f3b4237-6c70-8c91-dc5f-29e8e770339b" testName="ExC2_TestWithUnknown" computerName="ZANAANUAR1564" duration="00:00:00.0002638" startTime="2016-08-14T19:29:42.9355664+08:00" endTime="2016-08-14T19:29:42.9365698+08:00" testType="13cdc9d9-ddb5-4fa4-a97d-d965ccfc6d4b" outcome="Passed" testListId="8c84fa94-04c1-424b-9868-57a2d4851a1d" relativeResultsDirectory="350fc957-35a6-47e6-9a14-d735cb96c01f">
      <Output>
        <StdOut>Debug Trace:
Please enter your name: Jane Austen
Please enter your gender (M/F): X
Please enter your age: 20</StdOut>
      </Output>
    </UnitTestResult>
    <UnitTestResult executionId="c4be5c8a-bbe3-4f82-9603-a643db9bb159" testId="66b3003b-1aa8-40bb-c162-a94b6568685b" testName="ExC4_TestWithZero" computerName="ZANAANUAR1564" duration="00:00:00.0014333" startTime="2016-08-14T19:29:42.9365698+08:00" endTime="2016-08-14T19:29:42.9385675+08:00" testType="13cdc9d9-ddb5-4fa4-a97d-d965ccfc6d4b" outcome="Failed" testListId="8c84fa94-04c1-424b-9868-57a2d4851a1d" relativeResultsDirectory="c4be5c8a-bbe3-4f82-9603-a643db9bb159">
      <Output>
        <ErrorInfo>
          <Message>Assert.AreEqual failed. Expected:&lt;2.4&gt;. Actual:&lt;0&gt;. </Message>
          <StackTrace>   at ExercisesTest.ExC4Test.ExC4_TestWithZero() in \\mac\home\Desktop\CSExercises\ExercisesTest\SectionC\ExC4Test.cs:line 13
</StackTrace>
        </ErrorInfo>
      </Output>
    </UnitTestResult>
    <UnitTestResult executionId="ee4582ea-f173-4ac2-a822-e889ca3bf7b5" testId="b31774ee-007b-47f0-8e32-c6031c54d16f" testName="ExC4TestWithHalf" computerName="ZANAANUAR1564" duration="00:00:00.0011681" startTime="2016-08-14T19:29:42.9385675+08:00" endTime="2016-08-14T19:29:42.9395666+08:00" testType="13cdc9d9-ddb5-4fa4-a97d-d965ccfc6d4b" outcome="Failed" testListId="8c84fa94-04c1-424b-9868-57a2d4851a1d" relativeResultsDirectory="ee4582ea-f173-4ac2-a822-e889ca3bf7b5">
      <Output>
        <ErrorInfo>
          <Message>Assert.AreEqual failed. Expected:&lt;2.4&gt;. Actual:&lt;0&gt;. </Message>
          <StackTrace>   at ExercisesTest.ExC4Test.ExC4TestWithHalf() in \\mac\home\Desktop\CSExercises\ExercisesTest\SectionC\ExC4Test.cs:line 20
</StackTrace>
        </ErrorInfo>
      </Output>
    </UnitTestResult>
    <UnitTestResult executionId="f1525968-242b-4b8f-b74b-a2f14fc8f472" testId="27d651a7-a3b9-7a3a-3e05-60be06064821" testName="ExC4Test9Km" computerName="ZANAANUAR1564" duration="00:00:00.0011702" startTime="2016-08-14T19:29:42.9395666+08:00" endTime="2016-08-14T19:29:42.9405700+08:00" testType="13cdc9d9-ddb5-4fa4-a97d-d965ccfc6d4b" outcome="Failed" testListId="8c84fa94-04c1-424b-9868-57a2d4851a1d" relativeResultsDirectory="f1525968-242b-4b8f-b74b-a2f14fc8f472">
      <Output>
        <ErrorInfo>
          <Message>Assert.AreEqual failed. Expected:&lt;5.8&gt;. Actual:&lt;0&gt;. </Message>
          <StackTrace>   at ExercisesTest.ExC4Test.ExC4Test9Km() in \\mac\home\Desktop\CSExercises\ExercisesTest\SectionC\ExC4Test.cs:line 26
</StackTrace>
        </ErrorInfo>
      </Output>
    </UnitTestResult>
    <UnitTestResult executionId="3c20eeb4-d2d0-4570-b86f-095e6fc2ec12" testId="99cc52e4-4ede-d6f1-699a-639a70caf19e" testName="ExC4Test1213Km" computerName="ZANAANUAR1564" duration="00:00:00.0014378" startTime="2016-08-14T19:29:42.9405700+08:00" endTime="2016-08-14T19:29:42.9425914+08:00" testType="13cdc9d9-ddb5-4fa4-a97d-d965ccfc6d4b" outcome="Failed" testListId="8c84fa94-04c1-424b-9868-57a2d4851a1d" relativeResultsDirectory="3c20eeb4-d2d0-4570-b86f-095e6fc2ec12">
      <Output>
        <ErrorInfo>
          <Message>Assert.AreEqual failed. Expected:&lt;7.4&gt;. Actual:&lt;0&gt;. </Message>
          <StackTrace>   at ExercisesTest.ExC4Test.ExC4Test1213Km() in \\mac\home\Desktop\CSExercises\ExercisesTest\SectionC\ExC4Test.cs:line 33
</StackTrace>
        </ErrorInfo>
      </Output>
    </UnitTestResult>
    <UnitTestResult executionId="593300dc-721e-4987-9a65-ea0bc051a234" testId="f232122e-0613-e1ee-dfe5-9b85a22cd2b0" testName="ExC6_TestWithZero" computerName="ZANAANUAR1564" duration="00:00:00.0004012" startTime="2016-08-14T19:29:42.9425914+08:00" endTime="2016-08-14T19:29:42.9435718+08:00" testType="13cdc9d9-ddb5-4fa4-a97d-d965ccfc6d4b" outcome="Passed" testListId="8c84fa94-04c1-424b-9868-57a2d4851a1d" relativeResultsDirectory="593300dc-721e-4987-9a65-ea0bc051a234" />
    <UnitTestResult executionId="667a1bd7-f30f-43a3-a667-69bdfedb15d9" testId="ae4e66b0-9a29-2a92-aee9-fdf389c27fe6" testName="ExC6_TestWithOneProduct1" computerName="ZANAANUAR1564" duration="00:00:00.0018311" startTime="2016-08-14T19:29:42.9435718+08:00" endTime="2016-08-14T19:29:42.9455826+08:00" testType="13cdc9d9-ddb5-4fa4-a97d-d965ccfc6d4b" outcome="Failed" testListId="8c84fa94-04c1-424b-9868-57a2d4851a1d" relativeResultsDirectory="667a1bd7-f30f-43a3-a667-69bdfedb15d9">
      <Output>
        <ErrorInfo>
          <Message>Assert.AreEqual failed. Expected:&lt;4860&gt;. Actual:&lt;0&gt;. </Message>
          <StackTrace>   at ExercisesTest.ExC6Test.ExC6_TestWithOneProduct1() in \\mac\home\Desktop\CSExercises\ExercisesTest\SectionC\ExC6_Test.cs:line 18
</StackTrace>
        </ErrorInfo>
      </Output>
    </UnitTestResult>
    <UnitTestResult executionId="9bc3f2be-1ca6-4078-be87-e3723b833254" testId="4297656f-1197-d292-0489-69d8ad93083c" testName="ExC6_TestWithOneProduct2" computerName="ZANAANUAR1564" duration="00:00:00.0011314" startTime="2016-08-14T19:29:42.9465714+08:00" endTime="2016-08-14T19:29:42.9476642+08:00" testType="13cdc9d9-ddb5-4fa4-a97d-d965ccfc6d4b" outcome="Failed" testListId="8c84fa94-04c1-424b-9868-57a2d4851a1d" relativeResultsDirectory="9bc3f2be-1ca6-4078-be87-e3723b833254">
      <Output>
        <ErrorInfo>
          <Message>Assert.AreEqual failed. Expected:&lt;5000&gt;. Actual:&lt;0&gt;. </Message>
          <StackTrace>   at ExercisesTest.ExC6Test.ExC6_TestWithOneProduct2() in \\mac\home\Desktop\CSExercises\ExercisesTest\SectionC\ExC6_Test.cs:line 24
</StackTrace>
        </ErrorInfo>
      </Output>
    </UnitTestResult>
    <UnitTestResult executionId="250c4a89-b556-4f91-84e7-004d9164fbc2" testId="527da127-2853-1a9b-a2ad-f3585c728530" testName="ExC6_TestWithOneProduct3" computerName="ZANAANUAR1564" duration="00:00:00.0013506" startTime="2016-08-14T19:29:42.9476642+08:00" endTime="2016-08-14T19:29:42.9495691+08:00" testType="13cdc9d9-ddb5-4fa4-a97d-d965ccfc6d4b" outcome="Failed" testListId="8c84fa94-04c1-424b-9868-57a2d4851a1d" relativeResultsDirectory="250c4a89-b556-4f91-84e7-004d9164fbc2">
      <Output>
        <ErrorInfo>
          <Message>Assert.AreEqual failed. Expected:&lt;4950&gt;. Actual:&lt;0&gt;. </Message>
          <StackTrace>   at ExercisesTest.ExC6Test.ExC6_TestWithOneProduct3() in \\mac\home\Desktop\CSExercises\ExercisesTest\SectionC\ExC6_Test.cs:line 30
</StackTrace>
        </ErrorInfo>
      </Output>
    </UnitTestResult>
    <UnitTestResult executionId="d839ba95-b4eb-41c1-b074-59305a378b79" testId="62915065-52ff-5fd8-8913-0189d77875c3" testName="ExC6_TestWithOneProduct4" computerName="ZANAANUAR1564" duration="00:00:00.0039499" startTime="2016-08-14T19:29:42.9495691+08:00" endTime="2016-08-14T19:29:42.9535694+08:00" testType="13cdc9d9-ddb5-4fa4-a97d-d965ccfc6d4b" outcome="Failed" testListId="8c84fa94-04c1-424b-9868-57a2d4851a1d" relativeResultsDirectory="d839ba95-b4eb-41c1-b074-59305a378b79">
      <Output>
        <ErrorInfo>
          <Message>Assert.AreEqual failed. Expected:&lt;9000&gt;. Actual:&lt;0&gt;. </Message>
          <StackTrace>   at ExercisesTest.ExC6Test.ExC6_TestWithOneProduct4() in \\mac\home\Desktop\CSExercises\ExercisesTest\SectionC\ExC6_Test.cs:line 36
</StackTrace>
        </ErrorInfo>
      </Output>
    </UnitTestResult>
    <UnitTestResult executionId="f492fd1c-0bca-4f44-a5d7-a9394dae11c0" testId="14d8a934-4e3c-5ff4-d896-b004187a9351" testName="ExC6_TestWithOneProduct5" computerName="ZANAANUAR1564" duration="00:00:00.0023040" startTime="2016-08-14T19:29:42.9535694+08:00" endTime="2016-08-14T19:29:42.9555718+08:00" testType="13cdc9d9-ddb5-4fa4-a97d-d965ccfc6d4b" outcome="Failed" testListId="8c84fa94-04c1-424b-9868-57a2d4851a1d" relativeResultsDirectory="f492fd1c-0bca-4f44-a5d7-a9394dae11c0">
      <Output>
        <ErrorInfo>
          <Message>Assert.AreEqual failed. Expected:&lt;5600&gt;. Actual:&lt;0&gt;. </Message>
          <StackTrace>   at ExercisesTest.ExC6Test.ExC6_TestWithOneProduct5() in \\mac\home\Desktop\CSExercises\ExercisesTest\SectionC\ExC6_Test.cs:line 42
</StackTrace>
        </ErrorInfo>
      </Output>
    </UnitTestResult>
    <UnitTestResult executionId="21144761-3e13-4cfe-acd8-c0a661f07246" testId="8206a26a-e532-85c1-9aad-17a6a0a5bdf0" testName="ExC6_TestWithTwoProducts1" computerName="ZANAANUAR1564" duration="00:00:00.0014692" startTime="2016-08-14T19:29:42.9555718+08:00" endTime="2016-08-14T19:29:42.9575702+08:00" testType="13cdc9d9-ddb5-4fa4-a97d-d965ccfc6d4b" outcome="Failed" testListId="8c84fa94-04c1-424b-9868-57a2d4851a1d" relativeResultsDirectory="21144761-3e13-4cfe-acd8-c0a661f07246">
      <Output>
        <ErrorInfo>
          <Message>Assert.AreEqual failed. Expected:&lt;9265&gt;. Actual:&lt;0&gt;. </Message>
          <StackTrace>   at ExercisesTest.ExC6Test.ExC6_TestWithTwoProducts1() in \\mac\home\Desktop\CSExercises\ExercisesTest\SectionC\ExC6_Test.cs:line 48
</StackTrace>
        </ErrorInfo>
      </Output>
    </UnitTestResult>
    <UnitTestResult executionId="9d21f1c6-c42e-45a9-9157-d0910f55fca9" testId="59543185-c115-6f05-fde4-7a3a3cf60da3" testName="ExC6_TestWithThreeProducts1" computerName="ZANAANUAR1564" duration="00:00:00.0011728" startTime="2016-08-14T19:29:42.9575702+08:00" endTime="2016-08-14T19:29:42.9595772+08:00" testType="13cdc9d9-ddb5-4fa4-a97d-d965ccfc6d4b" outcome="Failed" testListId="8c84fa94-04c1-424b-9868-57a2d4851a1d" relativeResultsDirectory="9d21f1c6-c42e-45a9-9157-d0910f55fca9">
      <Output>
        <ErrorInfo>
          <Message>Assert.AreEqual failed. Expected:&lt;11365&gt;. Actual:&lt;0&gt;. </Message>
          <StackTrace>   at ExercisesTest.ExC6Test.ExC6_TestWithThreeProducts1() in \\mac\home\Desktop\CSExercises\ExercisesTest\SectionC\ExC6_Test.cs:line 54
</StackTrace>
        </ErrorInfo>
      </Output>
    </UnitTestResult>
    <UnitTestResult executionId="8dd66960-4009-436b-ae39-fa7b2bc38369" testId="817d2cfb-2701-d099-0d77-7dda9f9ee260" testName="ExD1_TestWith88" computerName="ZANAANUAR1564" duration="00:00:00.0006936" startTime="2016-08-14T19:29:42.9595772+08:00" endTime="2016-08-14T19:29:42.9605682+08:00" testType="13cdc9d9-ddb5-4fa4-a97d-d965ccfc6d4b" outcome="Passed" testListId="8c84fa94-04c1-424b-9868-57a2d4851a1d" relativeResultsDirectory="8dd66960-4009-436b-ae39-fa7b2bc38369">
      <Output>
        <StdOut>Debug Trace:
Enter a number (1-100): 29
Enter a number (1-100): 82
Enter a number (1-100): 33
Enter a number (1-100): 88
Lucky you</StdOut>
      </Output>
    </UnitTestResult>
    <UnitTestResult executionId="b7417e68-b55e-422c-a5c0-06ef0c414454" testId="b3b356b0-b86d-68eb-f1fa-a1fb7eedeab6" testName="ExD1_TestNo88" computerName="ZANAANUAR1564" duration="00:00:00.1365970" startTime="2016-08-14T19:29:42.9605682+08:00" endTime="2016-08-14T19:29:43.0975878+08:00" testType="13cdc9d9-ddb5-4fa4-a97d-d965ccfc6d4b" outcome="Passed" testListId="8c84fa94-04c1-424b-9868-57a2d4851a1d" relativeResultsDirectory="b7417e68-b55e-422c-a5c0-06ef0c414454">
      <Output>
        <StdOut>Debug Trace:
Enter a number (1-100): 29
Enter a number (1-100): 82
Enter a number (1-100): 33
Enter a number (1-100): 87
Enter a number (1-100): 
Enter a number (1-100): 
Enter a number (1-100): 
Enter a number (1-100): 
Enter a number (1-100): 
Enter a number (1-100): 
Enter a number (1-100): 
Enter a number (1-100): 
Enter a number (1-100): 
Enter a number (1-100): 
Enter a number (1-100): 
Enter a number (1-100): 
Enter a number (1-100): 
Enter a number (1-100): 
Enter a number (1-100): 
Enter a number (1-100): 
Enter a number (1-100): 
Enter a number (1-100): 
Enter a number (1-100): 
Enter a number (1-100): 
Enter a number (1-100): 
Enter a number (1-100): 
Enter a number (1-100): 
Enter a number (1-100): 
Enter a number (1-100): 
Enter a number (1-100): 
Enter a number (1-100): 
Enter a number (1-100): 
Enter a number (1-100): 
Enter a number (1-100): 
Enter a number (1-100): 
Enter a number (1-100): 
Enter a number (1-100): 
Enter a number (1-100): 
Enter a number (1-100): 
Enter a number (1-100): 
Enter a number (1-100): 
Enter a number (1-100): 
Enter a number (1-100): 
Enter a number (1-100): 
Enter a number (1-100): 
Enter a number (1-100): 
Enter a number (1-100): 
Enter a number (1-100): 
Enter a number (1-100): 
Enter a number (1-100): 
Enter a number (1-100): 
Enter a number (1-100): 
Enter a number (1-100): 
Enter a number (1-100): 
Enter a number (1-100): 
Enter a number (1-100): 
Enter a number (1-100): 
Enter a number (1-100): 
Enter a number (1-100): 
Enter a number (1-100): 
Enter a number (1-100): 
Enter a number (1-100): 
Enter a number (1-100): 
Enter a number (1-100): 
Enter a number (1-100): 
Enter a number (1-100): 
Enter a number (1-100): 
Enter a number (1-100): 
Enter a number (1-100): 
Enter a number (1-100): 
Enter a number (1-100): 
Enter a number (1-100): 
Enter a number (1-100): 
Enter a number (1-100): 
Enter a number (1-100): 
Enter a number (1-100): 
Enter a number (1-100): 
Enter a number (1-100): 
Enter a number (1-100): 
Enter a number (1-100): 
Enter a number (1-100): 
Enter a number (1-100): 
Enter a number (1-100): 
Enter a number (1-100): 
Enter a number (1-100): 
Enter a number (1-100): 
Enter a number (1-100): 
Enter a number (1-100): 
Enter a number (1-100): 
Enter a number (1-100): 
Enter a number (1-100): 
Enter a number (1-100): 
Enter a number (1-100): 
Enter a number (1-100): 
Enter a number (1-100): 
Enter a number (1-100): 
Enter a number (1-100): 
Enter a number (1-100): 
Enter a number (1-100): 
Enter a number (1-100): 
Enter a number (1-100): 
Enter a number (1-100): 
Enter a number (1-100): 
Enter a number (1-100): 
Enter a number (1-100): 
Enter a number (1-100): 
Enter a number (1-100): 
Enter a number (1-100): 
Enter a number (1-100): 
Enter a number (1-100): 
Enter a number (1-100): 
Enter a number (1-100): 
Enter a number (1-100): 
Enter a number (1-100): 
Enter a number (1-100): 
Enter a number (1-100): 
Enter a number (1-100): 
Enter a number (1-100): 
Enter a number (1-100): 
Enter a number (1-100): 
Enter a number (1-100): 
Enter a number (1-100): 
Enter a number (1-100): 
Enter a number (1-100): 
Enter a number (1-100): 
Enter a number (1-100): 
Enter a number (1-100): 
Enter a number (1-100): 
Enter a number (1-100): 
Enter a number (1-100): 
Enter a number (1-100): 
Enter a number (1-100): 
Enter a number (1-100): 
Enter a number (1-100): 
Enter a number (1-100): 
Enter a number (1-100): 
Enter a number (1-100): 
Enter a number (1-100): 
Enter a number (1-100): 
Enter a number (1-100): 
Enter a number (1-100): 
Enter a number (1-100): 
Enter a number (1-100): 
Enter a number (1-100): 
Enter a number (1-100): 
Enter a number (1-100): 
Enter a number (1-100): 
Enter a number (1-100): 
Enter a number (1-100): 
Enter a number (1-100): 
Enter a number (1-100): 
Enter a number (1-100): 
Enter a number (1-100): 
Enter a number (1-100): 
Enter a number (1-100): 
Enter a number (1-100): 
Enter a number (1-100): 
Enter a number (1-100): 
Enter a number (1-100): 
Enter a number (1-100): 
Enter a number (1-100): 
Enter a number (1-100): 
Enter a number (1-100): 
Enter a number (1-100): 
Enter a number (1-100): 
Enter a number (1-100): 
Enter a number (1-100): 
Enter a number (1-100): 
Enter a number (1-100): 
Enter a number (1-100): 
Enter a number (1-100): 
Enter a number (1-100): 
Enter a number (1-100): 
Enter a number (1-100): 
Enter a number (1-100): 
Enter a number (1-100): 
Enter a number (1-100): 
Enter a number (1-100): 
Enter a number (1-100): 
Enter a number (1-100): 
Enter a number (1-100): 
Enter a number (1-100): 
Enter a number (1-100): 
Enter a number (1-100): 
Enter a number (1-100): 
Enter a number (1-100): 
Enter a number (1-100): 
Enter a number (1-100): 
Enter a number (1-100): 
Enter a number (1-100): 
Enter a number (1-100): 
Enter a number (1-100): 
Enter a number (1-100): 
Enter a number (1-100): 
Enter a number (1-100): 
Enter a number (1-100): 
Enter a number (1-100): 
Enter a number (1-100): 
Enter a number (1-100): 
Enter a number (1-100): 
Enter a number (1-100): 
Enter a number (1-100): 
Enter a number (1-100): 
Enter a number (1-100): 
Enter a number (1-100): 
Enter a number (1-100): 
Enter a number (1-100): 
Enter a number (1-100): 
Enter a number (1-100): 
Enter a number (1-100): 
Enter a number (1-100): 
Enter a number (1-100): 
Enter a number (1-100): 
Enter a number (1-100): 
Enter a number (1-100): 
Enter a number (1-100): 
Enter a number (1-100): 
Enter a number (1-100): 
Enter a number (1-100): 
Enter a number (1-100): 
Enter a number (1-100): 
Enter a number (1-100): 
Enter a number (1-100): 
Enter a number (1-100): 
Enter a number (1-100): 
Enter a number (1-100): 
Enter a number (1-100): 
Enter a number (1-100): 
Enter a number (1-100): 
Enter a number (1-100): 
Enter a number (1-100): 
Enter a number (1-100): 
Enter a number (1-100): 
Enter a number (1-100): 
Enter a number (1-100): 
Enter a number (1-100): 
Enter a number (1-100): 
Enter a number (1-100): 
Enter a number (1-100): 
Enter a number (1-100): 
Enter a number (1-100): 
Enter a number (1-100): 
Enter a number (1-100): 
Enter a number (1-100): 
Enter a number (1-100): 
Enter a number (1-100): 
Enter a number (1-100): 
Enter a number (1-100): 
Enter a number (1-100): 
Enter a number (1-100): 
Enter a number (1-100): 
Enter a number (1-100): 
Enter a number (1-100): 
Enter a number (1-100): 
Enter a number (1-100): 
Enter a number (1-100): 
Enter a number (1-100): 
Enter a number (1-100): 
Enter a number (1-100): 
Enter a number (1-100): 
Enter a number (1-100): 
Enter a number (1-100): 
Enter a number (1-100): 
Enter a number (1-100): 
Enter a number (1-100): 
Enter a number (1-100): 
Enter a number (1-100): 
Enter a number (1-100): 
Enter a number (1-100): 
Enter a number (1-100): 
Enter a number (1-100): 
Enter a number (1-100): 
Enter a number (1-100): 
Enter a number (1-100): 
Enter a number (1-100): 
Enter a number (1-100): 
Enter a number (1-100): 
Enter a number (1-100): 
Enter a number (1-100): 
Enter a number (1-100): 
Enter a number (1-100): 
Enter a number (1-100): 
Enter a number (1-100): 
Enter a number (1-100): 
Enter a number (1-100): 
Enter a number (1-100): 
Enter a number (1-100): 
Enter a number (1-100): 
Enter a number (1-100): 
Enter a number (1-100): 
Enter a number (1-100): 
Enter a number (1-100): 
Enter a number (1-100): 
Enter a number (1-100): 
Enter a number (1-100): 
Enter a number (1-100): 
Enter a number (1-100): 
Enter a number (1-100): 
Enter a number (1-100): 
Enter a number (1-100): 
Enter a number (1-100): 
Enter a number (1-100): 
Enter a number (1-100): 
Enter a number (1-100): 
Enter a number (1-100): 
Enter a number (1-100): 
Enter a number (1-100): 
Enter a number (1-100): 
Enter a number (1-100): 
Enter a number (1-100): 
Enter a number (1-100): 
Enter a number (1-100): 
Enter a number (1-100): 
Enter a number (1-100): 
Enter a number (1-100): 
Enter a number (1-100): 
Enter a number (1-100): 
Enter a number (1-100): 
Enter a number (1-100): 
Enter a number (1-100): 
Enter a number (1-100): 
Enter a number (1-100): 
Enter a number (1-100): 
Enter a number (1-100): 
Enter a number (1-100): 
Enter a number (1-100): 
Enter a number (1-100): 
Enter a number (1-100): 
Enter a number (1-100): 
Enter a number (1-100): 
Enter a number (1-100): 
Enter a number (1-100): 
Enter a number (1-100): 
Enter a number (1-100): 
Enter a number (1-100): 
Enter a number (1-100): 
Enter a number (1-100): 
Enter a number (1-100): 
Enter a number (1-100): 
Enter a number (1-100): 
Enter a number (1-100): 
Enter a number (1-100): 
Enter a number (1-100): 
Enter a number (1-100): 
Enter a number (1-100): 
Enter a number (1-100): 
Enter a number (1-100): 
Enter a number (1-100): 
Enter a number (1-100): 
Enter a number (1-100): 
Enter a number (1-100): 
Enter a number (1-100): 
Enter a number (1-100): 
Enter a number (1-100): 
Enter a number (1-100): 
Enter a number (1-100): 
Enter a number (1-100): 
Enter a number (1-100): 
Enter a number (1-100): 
Enter a number (1-100): 
Enter a number (1-100): 
Enter a number (1-100): 
Enter a number (1-100): 
Enter a number (1-100): 
Enter a number (1-100): 
Enter a number (1-100): 
Enter a number (1-100): 
Enter a number (1-100): 
Enter a number (1-100): 
Enter a number (1-100): 
Enter a number (1-100): 
Enter a number (1-100): 
Enter a number (1-100): 
Enter a number (1-100): 
Enter a number (1-100): 
Enter a number (1-100): 
Enter a number (1-100): 
Enter a number (1-100): 
Enter a number (1-100): 
Enter a number (1-100): 
Enter a number (1-100): 
Enter a number (1-100): 
Enter a number (1-100): 
Enter a number (1-100): 
Enter a number (1-100): 
Enter a number (1-100): 
Enter a number (1-100): 
Enter a number (1-100): 
Enter a number (1-100): 
Enter a number (1-100): 
Enter a number (1-100): 
Enter a number (1-100): 
Enter a number (1-100): 
Enter a number (1-100): 
Enter a number (1-100): 
Enter a number (1-100): 
Enter a number (1-100): 
Enter a number (1-100): 
Enter a number (1-100): 
Enter a number (1-100): 
Enter a number (1-100): 
Enter a number (1-100): 
Enter a number (1-100): 
Enter a number (1-100): 
Enter a number (1-100): 
Enter a number (1-100): 
Enter a number (1-100): 
Enter a number (1-100): 
Enter a number (1-100): 
Enter a number (1-100): 
Enter a number (1-100): 
Enter a number (1-100): 
Enter a number (1-100): 
Enter a number (1-100): 
Enter a number (1-100): 
Enter a number (1-100): 
Enter a number (1-100): 
Enter a number (1-100): 
Enter a number (1-100): 
Enter a number (1-100): 
Enter a number (1-100): 
Enter a number (1-100): 
Enter a number (1-100): 
Enter a number (1-100): 
Enter a number (1-100): 
Enter a number (1-100): 
Enter a number (1-100): 
Enter a number (1-100): 
Enter a number (1-100): 
Enter a number (1-100): 
Enter a number (1-100): 
Enter a number (1-100): 
Enter a number (1-100): 
Enter a number (1-100): 
Enter a number (1-100): 
Enter a number (1-100): 
Enter a number (1-100): 
Enter a number (1-100): 
Enter a number (1-100): 
Enter a number (1-100): 
Enter a number (1-100): 
Enter a number (1-100): 
Enter a number (1-100): 
Enter a number (1-100): 
Enter a number (1-100): 
Enter a number (1-100): 
Enter a number (1-100): 
Enter a number (1-100): 
Enter a number (1-100): 
Enter a number (1-100): 
Enter a number (1-100): 
Enter a number (1-100): 
Enter a number (1-100): 
Enter a number (1-100): 
Enter a number (1-100): 
Enter a number (1-100): 
Enter a number (1-100): 
Enter a number (1-100): 
Enter a number (1-100): 
Enter a number (1-100): 
Enter a number (1-100): 
Enter a number (1-100): 
Enter a number (1-100): 
Enter a number (1-100): 
Enter a number (1-100): 
Enter a number (1-100): 
Enter a number (1-100): 
Enter a number (1-100): 
Enter a number (1-100): 
Enter a number (1-100): 
Enter a number (1-100): 
Enter a number (1-100): 
Enter a number (1-100): 
Enter a number (1-100): 
Enter a number (1-100): 
Enter a number (1-100): 
Enter a number (1-100): 
Enter a number (1-100): 
Enter a number (1-100): 
Enter a number (1-100): 
Enter a number (1-100): 
Enter a number (1-100): 
Enter a number (1-100): 
Enter a number (1-100): 
Enter a number (1-100): 
Enter a number (1-100): 
Enter a number (1-100): 
Enter a number (1-100): 
Enter a number (1-100): 
Enter a number (1-100): 
Enter a number (1-100): 
Enter a number (1-100): 
Enter a number (1-100): 
Enter a number (1-100): 
Enter a number (1-100): 
Enter a number (1-100): 
Enter a number (1-100): 
Enter a number (1-100): 
Enter a number (1-100): 
Enter a number (1-100): 
Enter a number (1-100): 
Enter a number (1-100): 
Enter a number (1-100): 
Enter a number (1-100): 
Enter a number (1-100): 
Enter a number (1-100): 
Enter a number (1-100): 
Enter a number (1-100): 
Enter a number (1-100): 
Enter a number (1-100): 
Enter a number (1-100): 
Enter a number (1-100): 
Enter a number (1-100): 
Enter a number (1-100): 
Enter a number (1-100): 
Enter a number (1-100): 
Enter a number (1-100): 
Enter a number (1-100): 
Enter a number (1-100): 
Enter a number (1-100): 
Enter a number (1-100): 
Enter a number (1-100): 
Enter a number (1-100): 
Enter a number (1-100): 
Enter a number (1-100): 
Enter a number (1-100): 
Enter a number (1-100): 
Enter a number (1-100): 
Enter a number (1-100): 
Enter a number (1-100): 
Enter a number (1-100): 
Enter a number (1-100): 
Enter a number (1-100): 
Enter a number (1-100): 
Enter a number (1-100): 
Enter a number (1-100): 
Enter a number (1-100): 
Enter a number (1-100): 
Enter a number (1-100): 
Enter a number (1-100): 
Enter a number (1-100): 
Enter a number (1-100): 
Enter a number (1-100): 
Enter a number (1-100): 
Enter a number (1-100): 
Enter a number (1-100): 
Enter a number (1-100): 
Enter a number (1-100): 
Enter a number (1-100): 
Enter a number (1-100): 
Enter a number (1-100): 
Enter a number (1-100): 
Enter a number (1-100): 
Enter a number (1-100): 
Enter a number (1-100): 
Enter a number (1-100): 
Enter a number (1-100): 
Enter a number (1-100): 
Enter a number (1-100): 
Enter a number (1-100): 
Enter a number (1-100): 
Enter a number (1-100): 
Enter a number (1-100): 
Enter a number (1-100): 
Enter a number (1-100): 
Enter a number (1-100): 
Enter a number (1-100): 
Enter a number (1-100): 
Enter a number (1-100): 
Enter a number (1-100): 
Enter a number (1-100): 
Enter a number (1-100): 
Enter a number (1-100): 
Enter a number (1-100): 
Enter a number (1-100): 
Enter a number (1-100): 
Enter a number (1-100): 
Enter a number (1-100): 
Enter a number (1-100): 
Enter a number (1-100): 
Enter a number (1-100): 
Enter a number (1-100): 
Enter a number (1-100): 
Enter a number (1-100): 
Enter a number (1-100): 
Enter a number (1-100): 
Enter a number (1-100): 
Enter a number (1-100): 
Enter a number (1-100): 
Enter a number (1-100): 
Enter a number (1-100): 
Enter a number (1-100): 
Enter a number (1-100): 
Enter a number (1-100): 
Enter a number (1-100): 
Enter a number (1-100): 
Enter a number (1-100): 
Enter a number (1-100): 
Enter a number (1-100): 
Enter a number (1-100): 
Enter a number (1-100): 
Enter a number (1-100): 
Enter a number (1-100): 
Enter a number (1-100): 
Enter a number (1-100): 
Enter a number (1-100): 
Enter a number (1-100): 
Enter a number (1-100): 
Enter a number (1-100): 
Enter a number (1-100): 
Enter a number (1-100): 
Enter a number (1-100): 
Enter a number (1-100): 
Enter a number (1-100): 
Enter a number (1-100): 
Enter a number (1-100): 
Enter a number (1-100): 
Enter a number (1-100): 
Enter a number (1-100): 
Enter a number (1-100): 
Enter a number (1-100): 
Enter a number (1-100): 
Enter a number (1-100): 
Enter a number (1-100): 
Enter a number (1-100): 
Enter a number (1-100): 
Enter a number (1-100): 
Enter a number (1-100): 
Enter a number (1-100): 
Enter a number (1-100): 
Enter a number (1-100): 
Enter a number (1-100): 
Enter a number (1-100): 
Enter a number (1-100): 
Enter a number (1-100): 
Enter a number (1-100): 
Enter a number (1-100): 
Enter a number (1-100): 
Enter a number (1-100): 
Enter a number (1-100): 
Enter a number (1-100): 
Enter a number (1-100): 
Enter a number (1-100): 
Enter a number (1-100): 
Enter a number (1-100): 
Enter a number (1-100): 
Enter a number (1-100): 
Enter a number (1-100): 
Enter a number (1-100): 
Enter a number (1-100): 
Enter a number (1-100): 
Enter a number (1-100): 
Enter a number (1-100): 
Enter a number (1-100): 
Enter a number (1-100): 
Enter a number (1-100): 
Enter a number (1-100): 
Enter a number (1-100): 
Enter a number (1-100): 
Enter a number (1-100): 
Enter a number (1-100): 
Enter a number (1-100): 
Enter a number (1-100): 
Enter a number (1-100): 
Enter a number (1-100): 
Enter a number (1-100): 
Enter a number (1-100): 
Enter a number (1-100): 
Enter a number (1-100): 
Enter a number (1-100): 
Enter a number (1-100): 
Enter a number (1-100): 
Enter a number (1-100): 
Enter a number (1-100): 
Enter a number (1-100): 
Enter a number (1-100): 
Enter a number (1-100): 
Enter a number (1-100): 
Enter a number (1-100): 
Enter a number (1-100): 
Enter a number (1-100): 
Enter a number (1-100): 
Enter a number (1-100): 
Enter a number (1-100): 
Enter a number (1-100): 
Enter a number (1-100): 
Enter a number (1-100): 
Enter a number (1-100): 
Enter a number (1-100): 
Enter a number (1-100): 
Enter a number (1-100): 
Enter a number (1-100): 
Enter a number (1-100): 
Enter a number (1-100): 
Enter a number (1-100): 
Enter a number (1-100): 
Enter a number (1-100): 
Enter a number (1-100): 
Enter a number (1-100): 
Enter a number (1-100): 
Enter a number (1-100): 
Enter a number (1-100): 
Enter a number (1-100): 
Enter a number (1-100): 
Enter a number (1-100): 
Enter a number (1-100): 
Enter a number (1-100): 
Enter a number (1-100): 
Enter a number (1-100): 
Enter a number (1-100): 
Enter a number (1-100): 
Enter a number (1-100): 
Enter a number (1-100): 
Enter a number (1-100): 
Enter a number (1-100): 
Enter a number (1-100): 
Enter a number (1-100): 
Enter a number (1-100): 
Enter a number (1-100): 
Enter a number (1-100): 
Enter a number (1-100): 
Enter a number (1-100): 
Enter a number (1-100): 
Enter a number (1-100): 
Enter a number (1-100): 
Enter a number (1-100): 
Enter a number (1-100): 
Enter a number (1-100): 
Enter a number (1-100): 
Enter a number (1-100): 
Enter a number (1-100): 
Enter a number (1-100): 
Enter a number (1-100): 
Enter a number (1-100): 
Enter a number (1-100): 
Enter a number (1-100): 
Enter a number (1-100): 
Enter a number (1-100): 
Enter a number (1-100): 
Enter a number (1-100): 
Enter a number (1-100): 
Enter a number (1-100): 
Enter a number (1-100): 
Enter a number (1-100): 
Enter a number (1-100): 
Enter a number (1-100): 
Enter a number (1-100): 
Enter a number (1-100): 
Enter a number (1-100): 
Enter a number (1-100): 
Enter a number (1-100): 
Enter a number (1-100): 
Enter a number (1-100): 
Enter a number (1-100): 
Enter a number (1-100): 
Enter a number (1-100): 
Enter a number (1-100): 
Enter a number (1-100): 
Enter a number (1-100): 
Enter a number (1-100): 
Enter a number (1-100): 
Enter a number (1-100): 
Enter a number (1-100): 
Enter a number (1-100): 
Enter a number (1-100): 
Enter a number (1-100): 
Enter a number (1-100): 
Enter a number (1-100): 
Enter a number (1-100): 
Enter a number (1-100): 
Enter a number (1-100): 
Enter a number (1-100): 
Enter a number (1-100): 
Enter a number (1-100): 
Enter a number (1-100): 
Enter a number (1-100): 
Enter a number (1-100): 
Enter a number (1-100): 
Enter a number (1-100): 
Enter a number (1-100): 
Enter a number (1-100): 
Enter a number (1-100): 
Enter a number (1-100): 
Enter a number (1-100): 
Enter a number (1-100): 
Enter a number (1-100): 
Enter a number (1-100): 
Enter a number (1-100): 
Enter a number (1-100): 
Enter a number (1-100): 
Enter a number (1-100): 
Enter a number (1-100): 
Enter a number (1-100): 
Enter a number (1-100): 
Enter a number (1-100): 
Enter a number (1-100): 
Enter a number (1-100): 
Enter a number (1-100): 
Enter a number (1-100): 
Enter a number (1-100): 
Enter a number (1-100): 
Enter a number (1-100): 
Enter a number (1-100): 
Enter a number (1-100): 
Enter a number (1-100): 
Enter a number (1-100): 
Enter a number (1-100): 
Enter a number (1-100): 
Enter a number (1-100): 
Enter a number (1-100): 
Enter a number (1-100): 
Enter a number (1-100): 
Enter a number (1-100): 
Enter a number (1-100): 
Enter a number (1-100): 
Enter a number (1-100): 
Enter a number (1-100): 
Enter a number (1-100): 
Enter a number (1-100): 
Enter a number (1-100): 
Enter a number (1-100): 
Enter a number (1-100): 
Enter a number (1-100): 
Enter a number (1-100): 
Enter a number (1-100): 
Enter a number (1-100): 
Enter a number (1-100): 
Enter a number (1-100): 
Enter a number (1-100): 
Enter a number (1-100): 
Enter a number (1-100): 
Enter a number (1-100): 
Enter a number (1-100): 
Enter a number (1-100): 
Enter a number (1-100): 
Enter a number (1-100): 
Enter a number (1-100): 
Enter a number (1-100): 
Enter a number (1-100): 
Enter a number (1-100): 
Enter a number (1-100): 
Enter a number (1-100): 
Enter a number (1-100): 
Enter a number (1-100): 
Enter a number (1-100): 
Enter a number (1-100): 
Enter a number (1-100): 
Enter a number (1-100): 
Enter a number (1-100): 
Enter a number (1-100): 
Enter a number (1-100): 
Enter a number (1-100): 
Enter a number (1-100): 
Enter a number (1-100): 
Enter a number (1-100): 
Enter a number (1-100): 
Enter a number (1-100): 
Enter a number (1-100): 
Enter a number (1-100): 
Enter a number (1-100): 
Enter a number (1-100): 
Enter a number (1-100): 
Enter a number (1-100): 
Enter a number (1-100): 
Enter a number (1-100): 
Enter a number (1-100): 
Enter a number (1-100): 
Enter a number (1-100): 
Enter a number (1-100): 
Enter a number (1-100): 
Enter a number (1-100): 
Enter a number (1-100): 
Enter a number (1-100): 
Enter a number (1-100): 
Enter a number (1-100): 
Enter a number (1-100): 
Enter a number (1-100): 
Enter a number (1-100): 
Enter a number (1-100): 
Enter a number (1-100): 
Enter a number (1-100): 
Enter a number (1-100): 
Enter a number (1-100): 
Enter a number (1-100): 
Enter a number (1-100): 
Enter a number (1-100): 
Enter a number (1-100): 
Enter a number (1-100): 
Enter a number (1-100): 
Enter a number (1-100): 
Enter a number (1-100): 
Enter a number (1-100): 
Enter a number (1-100): 
Enter a number (1-100): 
Enter a number (1-100): 
Enter a number (1-100): 
Enter a number (1-100): 
Enter a number (1-100): 
Enter a number (1-100): 
Enter a number (1-100): 
Enter a number (1-100): 
Enter a number (1-100): 
Enter a number (1-100): 
Enter a number (1-100): 
Enter a number (1-100): 
Enter a number (1-100): 
Enter a number (1-100): 
Enter a number (1-100): 
Enter a number (1-100): 
Enter a number (1-100): 
Enter a number (1-100): 
Enter a number (1-100): 
Enter a number (1-100): 
Enter a number (1-100): 
Enter a number (1-100): 
Enter a number (1-100): 
Enter a number (1-100): 
Enter a number (1-100): 
Enter a number (1-100): 
Enter a number (1-100): 
Enter a number (1-100): 
Enter a number (1-100): 
Enter a number (1-100): 
Enter a number (1-100): 
Enter a number (1-100): 
Enter a number (1-100): 
Enter a number (1-100): 
Enter a number (1-100): 
Enter a number (1-100): 
Enter a number (1-100): 
Enter a number (1-100): 
Enter a number (1-100): 
Enter a number (1-100): 
Enter a number (1-100): 
Enter a number (1-100): 
Enter a number (1-100): 
Enter a number (1-100): 
Enter a number (1-100): 
Enter a number (1-100): 
Enter a number (1-100): 
Enter a number (1-100): 
Enter a number (1-100): 
Enter a number (1-100): 
Enter a number (1-100): 
Enter a number (1-100): 
Enter a number (1-100): 
Enter a number (1-100): 
Enter a number (1-100): 
Enter a number (1-100): 
Enter a number (1-100): 
Enter a number (1-100): 
Enter a number (1-100): 
Enter a number (1-100): 
Enter a number (1-100): 
Enter a number (1-100): 
Enter a number (1-100): 
Enter a number (1-100): 
Enter a number (1-100): 
Enter a number (1-100): 
Enter a number (1-100): 
Enter a number (1-100): 
Enter a number (1-100): 
Enter a number (1-100): 
Enter a number (1-100): 
Enter a number (1-100): 
Enter a number (1-100): 
Enter a number (1-100): 
Enter a number (1-100): 
Enter a number (1-100): 
Enter a number (1-100): 
Enter a number (1-100): 
Enter a number (1-100): 
Enter a number (1-100): 
Enter a number (1-100): 
Enter a number (1-100): 
Enter a number (1-100): 
Enter a number (1-100): 
Enter a number (1-100): 
Enter a number (1-100): 
Enter a number (1-100): 
Enter a number (1-100): 
Enter a number (1-100): 
Enter a number (1-100): 
Enter a number (1-100): 
Enter a number (1-100): 
Enter a number (1-100): 
Enter a number (1-100): 
Enter a number (1-100): 
Enter a number (1-100): 
Enter a number (1-100): 
Enter a number (1-100): 
Enter a number (1-100): 
Enter a number (1-100): 
Enter a number (1-100): 
Enter a number (1-100): 
Enter a number (1-100): 
Enter a number (1-100): 
Enter a number (1-100): 
Enter a number (1-100): 
Enter a number (1-100): 
Enter a number (1-100): 
Enter a number (1-100): 
Enter a number (1-100): 
Enter a number (1-100): 
Enter a number (1-100): 
Enter a number (1-100): 
Enter a number (1-100): 
Enter a number (1-100): 
Enter a number (1-100): 
Enter a number (1-100): 
Enter a number (1-100): 
Enter a number (1-100): 
Enter a number (1-100): 
Enter a number (1-100): 
Enter a number (1-100): 
Enter a number (1-100): 
Enter a number (1-100): 
Enter a number (1-100): 
Enter a number (1-100): 
Enter a number (1-100): 
Enter a number (1-100): 
Enter a number (1-100): 
Enter a number (1-100): 
Enter a number (1-100): 
Enter a number (1-100): 
Enter a number (1-100): 
Enter a number (1-100): 
Enter a number (1-100): 
Enter a number (1-100): 
Enter a number (1-100): 
Enter a number (1-100): 
Enter a number (1-100): 
Enter a number (1-100): 
Enter a number (1-100): 
Enter a number (1-100): 
Enter a number (1-100): 
Enter a number (1-100): 
Enter a number (1-100): 
Enter a number (1-100): 
Enter a number (1-100): 
Enter a number (1-100): 
Enter a number (1-100): 
Enter a number (1-100): 
Enter a number (1-100): 
Enter a number (1-100): 
Enter a number (1-100): 
Enter a number (1-100): 
Enter a number (1-100): 
Enter a number (1-100): 
Enter a number (1-100): 
Enter a number (1-100): 
Enter a number (1-100): 
Enter a number (1-100): 
Enter a number (1-100): 
Enter a number (1-100): 
Enter a number (1-100): 
Enter a number (1-100): 
Enter a number (1-100): 
Enter a number (1-100): 
Enter a number (1-100): 
Enter a number (1-100): 
Enter a number (1-100): 
Enter a number (1-100): 
Enter a number (1-100): 
Enter a number (1-100): 
Enter a number (1-100): 
Enter a number (1-100): 
Enter a number (1-100): 
Enter a number (1-100): 
Enter a number (1-100): 
Enter a number (1-100): 
Enter a number (1-100): 
Enter a number (1-100): 
Enter a number (1-100): 
Enter a number (1-100): 
Enter a number (1-100): 
Enter a number (1-100): 
Enter a number (1-100): 
Enter a number (1-100): 
Enter a number (1-100): 
Enter a number (1-100): 
Enter a number (1-100): 
Enter a number (1-100): 
Enter a number (1-100): 
Enter a number (1-100): 
Enter a number (1-100): 
Enter a number (1-100): 
Enter a number (1-100): 
Enter a number (1-100): 
Enter a number (1-100): 
Enter a number (1-100): 
Enter a number (1-100): 
Enter a number (1-100): 
Enter a number (1-100): 
Enter a number (1-100): 
Enter a number (1-100): 
Enter a number (1-100): 
Enter a number (1-100): 
Enter a number (1-100): 
Enter a number (1-100): 
Enter a number (1-100): 
Enter a number (1-100): 
Enter a number (1-100): 
Enter a number (1-100): 
Enter a number (1-100): 
Enter a number (1-100): 
Enter a number (1-100): 
Enter a number (1-100): 
Enter a number (1-100): 
Enter a number (1-100): 
Enter a number (1-100): 
Enter a number (1-100): 
Enter a number (1-100): 
Enter a number (1-100): 
Enter a number (1-100): 
Enter a number (1-100): 
Enter a number (1-100): 
Enter a number (1-100): 
Enter a number (1-100): 
Enter a number (1-100): 
Enter a number (1-100): 
Enter a number (1-100): 
Enter a number (1-100): 
Enter a number (1-100): 
Enter a number (1-100): 
Enter a number (1-100): 
Enter a number (1-100): 
Enter a number (1-100): 
Enter a number (1-100): 
Enter a number (1-100): 
Enter a number (1-100): 
Enter a number (1-100): 
Enter a number (1-100): 
Enter a number (1-100): 
Enter a number (1-100): 
Enter a number (1-100): 
Enter a number (1-100): 
Enter a number (1-100): 
Enter a number (1-100): 
Enter a number (1-100): 
Enter a number (1-100): 
Enter a number (1-100): 
Enter a number (1-100): 
Enter a number (1-100): 
Enter a number (1-100): 
Enter a number (1-100): 
Enter a number (1-100): 
Enter a number (1-100): 
Enter a number (1-100): 
Enter a number (1-100): 
Enter a number (1-100): 
Enter a number (1-100): 
Enter a number (1-100): 
Enter a number (1-100): 
Enter a number (1-100): 
Enter a number (1-100): 
Enter a number (1-100): 
Enter a number (1-100): 
Enter a number (1-100): 
Enter a number (1-100): 
Enter a number (1-100): 
Enter a number (1-100): 
Enter a number (1-100): 
Enter a number (1-100): 
Enter a number (1-100): 
Enter a number (1-100): 
Enter a number (1-100): 
Enter a number (1-100): 
Enter a number (1-100): 
Enter a number (1-100): 
Enter a number (1-100): 
Enter a number (1-100): 
Enter a number (1-100): 
Enter a number (1-100): 
Enter a number (1-100): 
Enter a number (1-100): 
Enter a number (1-100): 
Enter a number (1-100): 
Enter a number (1-100): 
Enter a number (1-100): 
Enter a number (1-100): 
Enter a number (1-100): 
Enter a number (1-100): 
Enter a number (1-100): 
Enter a number (1-100): 
Enter a number (1-100): 
Enter a number (1-100): 
Enter a number (1-100): 
Enter a number (1-100): 
Enter a number (1-100): 
Enter a number (1-100): 
Enter a number (1-100): 
Enter a number (1-100): 
Enter a number (1-100): 
Enter a number (1-100): 
Enter a number (1-100): 
Enter a number (1-100): 
Enter a number (1-100): 
Enter a number (1-100): 
Enter a number (1-100): 
Enter a number (1-100): 
Enter a number (1-100): 
Enter a number (1-100): 
Enter a number (1-100): 
Enter a number (1-100): 
Enter a number (1-100): 
Enter a number (1-100): 
Enter a number (1-100): 
Enter a number (1-100): 
Enter a number (1-100): 
Enter a number (1-100): 
Enter a number (1-100): 
Enter a number (1-100): 
Enter a number (1-100): 
Enter a number (1-100): 
Enter a number (1-100): 
Enter a number (1-100): 
Enter a number (1-100): 
Enter a number (1-100): 
Enter a number (1-100): 
Enter a number (1-100): 
Enter a number (1-100): 
Enter a number (1-100): 
Enter a number (1-100): 
Enter a number (1-100): 
Enter a number (1-100): 
Enter a number (1-100): 
Enter a number (1-100): 
Enter a number (1-100): 
Enter a number (1-100): 
Enter a number (1-100): 
Enter a number (1-100): 
Enter a number (1-100): 
Enter a number (1-100): 
Enter a number (1-100): 
Enter a number (1-100): 
Enter a number (1-100): 
Enter a number (1-100): 
Enter a number (1-100): 
Enter a number (1-100): 
Enter a number (1-100): 
Enter a number (1-100): 
Enter a number (1-100): 
Enter a number (1-100): 
Enter a number (1-100): 
Enter a number (1-100): 
Enter a number (1-100): 
Enter a number (1-100): 
Enter a number (1-100): 
Enter a number (1-100): 
Enter a number (1-100): 
Enter a number (1-100): 
Enter a number (1-100): 
Enter a number (1-100): 
Enter a number (1-100): 
Enter a number (1-100): 
Enter a number (1-100): 
Enter a number (1-100): 
Enter a number (1-100): 
Enter a number (1-100): 
Enter a number (1-100): 
Enter a number (1-100): 
Enter a number (1-100): 
Enter a number (1-100): 
Enter a number (1-100): 
Enter a number (1-100): 
Enter a number (1-100): 
Enter a number (1-100): 
Enter a number (1-100): 
Enter a number (1-100): 
Enter a number (1-100): 
Enter a number (1-100): 
Enter a number (1-100): 
Enter a number (1-100): 
Enter a number (1-100): 
Enter a number (1-100): 
Enter a number (1-100): 
Enter a number (1-100): 
Enter a number (1-100): 
Enter a number (1-100): 
Enter a number (1-100): 
Enter a number (1-100): 
Enter a number (1-100): 
Enter a number (1-100): 
Enter a number (1-100): 
Enter a number (1-100): 
Enter a number (1-100): 
Enter a number (1-100): 
Enter a number (1-100): 
Enter a number (1-100): 
Enter a number (1-100): 
Enter a number (1-100): 
Enter a number (1-100): 
Enter a number (1-100): 
Enter a number (1-100): 
Enter a number (1-100): 
Enter a number (1-100): 
Enter a number (1-100): 
Enter a number (1-100): 
Enter a number (1-100): 
Enter a number (1-100): 
Enter a number (1-100): 
Enter a number (1-100): 
Enter a number (1-100): 
Enter a number (1-100): 
Enter a number (1-100): 
Enter a number (1-100): 
Enter a number (1-100): 
Enter a number (1-100): 
Enter a number (1-100): 
Enter a number (1-100): 
Enter a number (1-100): 
Enter a number (1-100): 
Enter a number (1-100): 
Enter a number (1-100): 
Enter a number (1-100): 
Enter a number (1-100): 
Enter a number (1-100): 
Enter a number (1-100): 
Enter a number (1-100): 
Enter a number (1-100): 
Enter a number (1-100): 
Enter a number (1-100): 
Enter a number (1-100): 
Enter a number (1-100): 
Enter a number (1-100): 
Enter a number (1-100): 
Enter a number (1-100): 
Enter a number (1-100): 
Enter a number (1-100): 
Enter a number (1-100): 
Enter a number (1-100): 
Enter a number (1-100): 
Enter a number (1-100): 
Enter a number (1-100): 
Enter a number (1-100): 
Enter a number (1-100): 
Enter a number (1-100): 
Enter a number (1-100): 
Enter a number (1-100): 
Enter a number (1-100): 
Enter a number (1-100): 
Enter a number (1-100): 
Enter a number (1-100): 
Enter a number (1-100): 
Enter a number (1-100): 
Enter a number (1-100): 
Enter a number (1-100): 
Enter a number (1-100): 
Enter a number (1-100): 
Enter a number (1-100): 
Enter a number (1-100): 
Enter a number (1-100): 
Enter a number (1-100): 
Enter a number (1-100): 
Enter a number (1-100): 
Enter a number (1-100): 
Enter a number (1-100): 
Enter a number (1-100): 
Enter a number (1-100): 
Enter a number (1-100): 
Enter a number (1-100): 
Enter a number (1-100): 
Enter a number (1-100): 
Enter a number (1-100): 
Enter a number (1-100): 
Enter a number (1-100): 
Enter a number (1-100): 
Enter a number (1-100): 
Enter a number (1-100): 
Enter a number (1-100): 
Enter a number (1-100): 
Enter a number (1-100): 
Enter a number (1-100): 
Enter a number (1-100): 
Enter a number (1-100): 
Enter a number (1-100): 
Enter a number (1-100): 
Enter a number (1-100): 
Enter a number (1-100): 
Enter a number (1-100): 
Enter a number (1-100): 
Enter a number (1-100): 
Enter a number (1-100): 
Enter a number (1-100): 
Enter a number (1-100): 
Enter a number (1-100): 
Enter a number (1-100): 
Enter a number (1-100): 
Enter a number (1-100): 
Enter a number (1-100): 
Enter a number (1-100): 
Enter a number (1-100): 
Enter a number (1-100): 
Enter a number (1-100): 
Enter a number (1-100): 
Enter a number (1-100): 
Enter a number (1-100): 
Enter a number (1-100): 
Enter a number (1-100): 
Enter a number (1-100): 
Enter a number (1-100): 
Enter a number (1-100): 
Enter a number (1-100): 
Enter a number (1-100): 
Enter a number (1-100): 
Enter a number (1-100): 
Enter a number (1-100): 
Enter a number (1-100): 
Enter a number (1-100): 
Enter a number (1-100): 
Enter a number (1-100): 
Enter a number (1-100): 
Enter a number (1-100): 
Enter a number (1-100): 
Enter a number (1-100): 
Enter a number (1-100): 
Enter a number (1-100): 
Enter a number (1-100): 
Enter a number (1-100): 
Enter a number (1-100): 
Enter a number (1-100): 
Enter a number (1-100): 
Enter a number (1-100): 
Enter a number (1-100): 
Enter a number (1-100): 
Enter a number (1-100): 
Enter a number (1-100): 
Enter a number (1-100): 
Enter a number (1-100): 
Enter a number (1-100): 
Enter a number (1-100): 
Enter a number (1-100): 
Enter a number (1-100): 
Enter a number (1-100): 
Enter a number (1-100): 
Enter a number (1-100): 
Enter a number (1-100): 
Enter a number (1-100): 
Enter a number (1-100): 
Enter a number (1-100): 
Enter a number (1-100): 
Enter a number (1-100): 
Enter a number (1-100): 
Enter a number (1-100): 
Enter a number (1-100): 
Enter a number (1-100): 
Enter a number (1-100): 
Enter a number (1-100): 
Enter a number (1-100): 
Enter a number (1-100): 
Enter a number (1-100): 
Enter a number (1-100): 
Enter a number (1-100): 
Enter a number (1-100): 
Enter a number (1-100): 
Enter a number (1-100): 
Enter a number (1-100): 
Enter a number (1-100): 
Enter a number (1-100): 
Enter a number (1-100): 
Enter a number (1-100): 
Enter a number (1-100): 
Enter a number (1-100): 
Enter a number (1-100): 
Enter a number (1-100): 
Enter a number (1-100): 
Enter a number (1-100): 
Enter a number (1-100): 
Enter a number (1-100): 
Enter a number (1-100): 
Enter a number (1-100): 
Enter a number (1-100): 
Enter a number (1-100): 
Enter a number (1-100): 
Enter a number (1-100): 
Enter a number (1-100): 
Enter a number (1-100): 
Enter a number (1-100): 
Enter a number (1-100): 
Enter a number (1-100): 
Enter a number (1-100): 
Enter a number (1-100): 
Enter a number (1-100): 
Enter a number (1-100): 
Enter a number (1-100): 
Enter a number (1-100): 
Enter a number (1-100): 
Enter a number (1-100): 
Enter a number (1-100): 
Enter a number (1-100): 
Enter a number (1-100): 
Enter a number (1-100): 
Enter a number (1-100): 
Enter a number (1-100): 
Enter a number (1-100): 
Enter a number (1-100): 
Enter a number (1-100): 
Enter a number (1-100): 
Enter a number (1-100): 
Enter a number (1-100): 
Enter a number (1-100): 
Enter a number (1-100): 
Enter a number (1-100): 
Enter a number (1-100): 
Enter a number (1-100): 
Enter a number (1-100): 
Enter a number (1-100): 
Enter a number (1-100): 
Enter a number (1-100): 
Enter a number (1-100): 
Enter a number (1-100): 
Enter a number (1-100): 
Enter a number (1-100): 
Enter a number (1-100): 
Enter a number (1-100): 
Enter a number (1-100): 
Enter a number (1-100): 
Enter a number (1-100): 
Enter a number (1-100): 
Enter a number (1-100): 
Enter a number (1-100): 
Enter a number (1-100): 
Enter a number (1-100): 
Enter a number (1-100): 
Enter a number (1-100): 
Enter a number (1-100): 
Enter a number (1-100): 
Enter a number (1-100): 
Enter a number (1-100): 
Enter a number (1-100): 
Enter a number (1-100): 
Enter a number (1-100): 
Enter a number (1-100): 
Enter a number (1-100): 
Enter a number (1-100): 
Enter a number (1-100): 
Enter a number (1-100): 
Enter a number (1-100): 
Enter a number (1-100): 
Enter a number (1-100): 
Enter a number (1-100): 
Enter a number (1-100): 
Enter a number (1-100): 
Enter a number (1-100): 
Enter a number (1-100): 
Enter a number (1-100): 
Enter a number (1-100): 
Enter a number (1-100): 
Enter a number (1-100): 
Enter a number (1-100): 
Enter a number (1-100): 
Enter a number (1-100): 
Enter a number (1-100): 
Enter a number (1-100): 
Enter a number (1-100): 
Enter a number (1-100): 
Enter a number (1-100): 
Enter a number (1-100): 
Enter a number (1-100): 
Enter a number (1-100): 
Enter a number (1-100): 
Enter a number (1-100): 
Enter a number (1-100): 
Enter a number (1-100): 
Enter a number (1-100): 
Enter a number (1-100): 
Enter a number (1-100): 
Enter a number (1-100): 
Enter a number (1-100): 
Enter a number (1-100): 
Enter a number (1-100): 
Enter a number (1-100): 
Enter a number (1-100): 
Enter a number (1-100): 
Enter a number (1-100): 
Enter a number (1-100): 
Enter a number (1-100): 
Enter a number (1-100): 
Enter a number (1-100): 
Enter a number (1-100): 
Enter a number (1-100): 
Enter a number (1-100): 
Enter a number (1-100): 
Enter a number (1-100): 
Enter a number (1-100): 
Enter a number (1-100): 
Enter a number (1-100): 
Enter a number (1-100): 
Enter a number (1-100): 
Enter a number (1-100): 
Enter a number (1-100): 
Enter a number (1-100): 
Enter a number (1-100): 
Enter a number (1-100): 
Enter a number (1-100): 
Enter a number (1-100): 
Enter a number (1-100): 
Enter a number (1-100): 
Enter a number (1-100): 
Enter a number (1-100): 
Enter a number (1-100): 
Enter a number (1-100): 
Enter a number (1-100): 
Enter a number (1-100): 
Enter a number (1-100): 
Enter a number (1-100): 
Enter a number (1-100): 
Enter a number (1-100): 
Enter a number (1-100): 
Enter a number (1-100): 
Enter a number (1-100): 
Enter a number (1-100): 
Enter a number (1-100): 
Enter a number (1-100): 
Enter a number (1-100): 
Enter a number (1-100): 
Enter a number (1-100): 
Enter a number (1-100): 
Enter a number (1-100): 
Enter a number (1-100): 
Enter a number (1-100): 
Enter a number (1-100): 
Enter a number (1-100): 
Enter a number (1-100): 
Enter a number (1-100): 
Enter a number (1-100): 
Enter a number (1-100): 
Enter a number (1-100): 
Enter a number (1-100): 
Enter a number (1-100): 
Enter a number (1-100): 
Enter a number (1-100): 
Enter a number (1-100): 
Enter a number (1-100): 
Enter a number (1-100): 
Enter a number (1-100): 
Enter a number (1-100): 
Enter a number (1-100): 
Enter a number (1-100): 
Enter a number (1-100): 
Enter a number (1-100): 
Enter a number (1-100): 
Enter a number (1-100): 
Enter a number (1-100): 
Enter a number (1-100): 
Enter a number (1-100): 
Enter a number (1-100): 
Enter a number (1-100): 
Enter a number (1-100): 
Enter a number (1-100): 
Enter a number (1-100): 
Enter a number (1-100): 
Enter a number (1-100): 
Enter a number (1-100): 
Enter a number (1-100): 
Enter a number (1-100): 
Enter a number (1-100): 
Enter a number (1-100): 
Enter a number (1-100): 
Enter a number (1-100): 
Enter a number (1-100): 
Enter a number (1-100): 
Enter a number (1-100): 
Enter a number (1-100): 
Enter a number (1-100): 
Enter a number (1-100): 
Enter a number (1-100): 
Enter a number (1-100): 
Enter a number (1-100): 
Enter a number (1-100): 
Enter a number (1-100): 
Enter a number (1-100): 
Enter a number (1-100): 
Enter a number (1-100): 
Enter a number (1-100): 
Enter a number (1-100): 
Enter a number (1-100): 
Enter a number (1-100): 
Enter a number (1-100): 
Enter a number (1-100): 
Enter a number (1-100): 
Enter a number (1-100): 
Enter a number (1-100): 
Enter a number (1-100): 
Enter a number (1-100): 
Enter a number (1-100): 
Enter a number (1-100): 
Enter a number (1-100): 
Enter a number (1-100): 
Enter a number (1-100): 
Enter a number (1-100): 
Enter a number (1-100): 
Enter a number (1-100): 
Enter a number (1-100): 
Enter a number (1-100): 
Enter a number (1-100): 
Enter a number (1-100): 
Enter a number (1-100): 
Enter a number (1-100): 
Enter a number (1-100): 
Enter a number (1-100): 
Enter a number (1-100): 
Enter a number (1-100): 
Enter a number (1-100): 
Enter a number (1-100): 
Enter a number (1-100): 
Enter a number (1-100): 
Enter a number (1-100): 
Enter a number (1-100): 
Enter a number (1-100): 
Enter a number (1-100): 
Enter a number (1-100): 
Enter a number (1-100): 
Enter a number (1-100): 
Enter a number (1-100): 
Enter a number (1-100): 
Enter a number (1-100): 
Enter a number (1-100): 
Enter a number (1-100): 
Enter a number (1-100): 
Enter a number (1-100): 
Enter a number (1-100): 
Enter a number (1-100): 
Enter a number (1-100): 
Enter a number (1-100): 
Enter a number (1-100): 
Enter a number (1-100): 
Enter a number (1-100): 
Enter a number (1-100): 
Enter a number (1-100): 
Enter a number (1-100): 
Enter a number (1-100): 
Enter a number (1-100): 
Enter a number (1-100): 
Enter a number (1-100): 
Enter a number (1-100): 
Enter a number (1-100): 
Enter a number (1-100): 
Enter a number (1-100): 
Enter a number (1-100): 
Enter a number (1-100): 
Enter a number (1-100): 
Enter a number (1-100): 
Enter a number (1-100): 
Enter a number (1-100): 
Enter a number (1-100): 
Enter a number (1-100): 
Enter a number (1-100): 
Enter a number (1-100): 
Enter a number (1-100): 
Enter a number (1-100): 
Enter a number (1-100): 
Enter a number (1-100): 
Enter a number (1-100): 
Enter a number (1-100): 
Enter a number (1-100): 
Enter a number (1-100): 
Enter a number (1-100): 
Enter a number (1-100): 
Enter a number (1-100): 
Enter a number (1-100): 
Enter a number (1-100): 
Enter a number (1-100): 
Enter a number (1-100): 
Enter a number (1-100): 
Enter a number (1-100): 
Enter a number (1-100): 
Enter a number (1-100): 
Enter a number (1-100): 
Enter a number (1-100): 
Enter a number (1-100): 
Enter a number (1-100): 
Enter a number (1-100): 
Enter a number (1-100): 
Enter a number (1-100): 
Enter a number (1-100): 
Enter a number (1-100): 
Enter a number (1-100): 
Enter a number (1-100): 
Enter a number (1-100): 
Enter a number (1-100): 
Enter a number (1-100): 
Enter a number (1-100): 
Enter a number (1-100): 
Enter a number (1-100): 
Enter a number (1-100): 
Enter a number (1-100): 
Enter a number (1-100): 
Enter a number (1-100): 
Enter a number (1-100): 
Enter a number (1-100): 
Enter a number (1-100): 
Enter a number (1-100): 
Enter a number (1-100): 
Enter a number (1-100): 
Enter a number (1-100): 
Enter a number (1-100): 
Enter a number (1-100): 
Enter a number (1-100): 
Enter a number (1-100): 
Enter a number (1-100): 
Enter a number (1-100): 
Enter a number (1-100): 
Enter a number (1-100): 
Enter a number (1-100): 
Enter a number (1-100): 
Enter a number (1-100): 
Enter a number (1-100): 
Enter a number (1-100): 
Enter a number (1-100): 
Enter a number (1-100): 
Enter a number (1-100): 
Enter a number (1-100): 
Enter a number (1-100): 
Enter a number (1-100): 
Enter a number (1-100): 
Enter a number (1-100): 
Enter a number (1-100): 
Enter a number (1-100): 
Enter a number (1-100): 
Enter a number (1-100): 
Enter a number (1-100): 
Enter a number (1-100): 
Enter a number (1-100): 
Enter a number (1-100): 
Enter a number (1-100): 
Enter a number (1-100): 
Enter a number (1-100): 
Enter a number (1-100): 
Enter a number (1-100): 
Enter a number (1-100): 
Enter a number (1-100): 
Enter a number (1-100): 
Enter a number (1-100): 
Enter a number (1-100): 
Enter a number (1-100): 
Enter a number (1-100): 
Enter a number (1-100): 
Enter a number (1-100): 
Enter a number (1-100): 
Enter a number (1-100): 
Enter a number (1-100): 
Enter a number (1-100): 
Enter a number (1-100): 
Enter a number (1-100): 
Enter a number (1-100): 
Enter a number (1-100): 
Enter a number (1-100): 
Enter a number (1-100): 
Enter a number (1-100): 
Enter a number (1-100): 
Enter a number (1-100): 
Enter a number (1-100): 
Enter a number (1-100): 
Enter a number (1-100): 
Enter a number (1-100): 
Enter a number (1-100): 
Enter a number (1-100): 
Enter a number (1-100): 
Enter a number (1-100): 
Enter a number (1-100): 
Enter a number (1-100): 
Enter a number (1-100): 
Enter a number (1-100): 
Enter a number (1-100): 
Enter a number (1-100): 
Enter a number (1-100): 
Enter a number (1-100): 
Enter a number (1-100): 
Enter a number (1-100): 
Enter a number (1-100): 
Enter a number (1-100): 
Enter a number (1-100): 
Enter a number (1-100): 
Enter a number (1-100): 
Enter a number (1-100): 
Enter a number (1-100): 
Enter a number (1-100): 
Enter a number (1-100): 
Enter a number (1-100): 
Enter a number (1-100): 
Enter a number (1-100): 
Enter a number (1-100): 
Enter a number (1-100): 
Enter a number (1-100): 
Enter a number (1-100): 
Enter a number (1-100): 
Enter a number (1-100): 
Enter a number (1-100): 
Enter a number (1-100): 
Enter a number (1-100): 
Enter a number (1-100): 
Enter a number (1-100): 
Enter a number (1-100): 
Enter a number (1-100): 
Enter a number (1-100): 
Enter a number (1-100): 
Enter a number (1-100): 
Enter a number (1-100): 
Enter a number (1-100): 
Enter a number (1-100): 
Enter a number (1-100): 
Enter a number (1-100): 
Enter a number (1-100): 
Enter a number (1-100): 
Enter a number (1-100): 
Enter a number (1-100): 
Enter a number (1-100): 
Enter a number (1-100):</StdOut>
      </Output>
    </UnitTestResult>
    <UnitTestResult executionId="45395a11-536b-4a63-9ea0-c07f7e9803c6" testId="37f78f12-4ace-98e0-52e8-3408fb66f00f" testName="ExD2_TestWithPositiveNumber1" computerName="ZANAANUAR1564" duration="00:00:00.0016284" startTime="2016-08-14T19:29:43.0975878+08:00" endTime="2016-08-14T19:29:43.1005767+08:00" testType="13cdc9d9-ddb5-4fa4-a97d-d965ccfc6d4b" outcome="Passed" testListId="8c84fa94-04c1-424b-9868-57a2d4851a1d" relativeResultsDirectory="45395a11-536b-4a63-9ea0-c07f7e9803c6" />
    <UnitTestResult executionId="3fc74e7f-adae-4586-a8b7-46ca1d90330b" testId="31cdd151-4b4e-8af1-a309-064dea303c76" testName="ExD2_TestWithPositiveNumber2" computerName="ZANAANUAR1564" duration="00:00:00.0003465" startTime="2016-08-14T19:29:43.1005767+08:00" endTime="2016-08-14T19:29:43.1005767+08:00" testType="13cdc9d9-ddb5-4fa4-a97d-d965ccfc6d4b" outcome="Passed" testListId="8c84fa94-04c1-424b-9868-57a2d4851a1d" relativeResultsDirectory="3fc74e7f-adae-4586-a8b7-46ca1d90330b" />
    <UnitTestResult executionId="eaded0d8-12c4-40a0-8042-4fbd55602c31" testId="5c4545c1-1c4b-68f6-8b78-e5e65fc45da5" testName="ExD3_TestRepeatedly" computerName="ZANAANUAR1564" duration="00:00:00.7103025" startTime="2016-08-14T19:29:43.1015668+08:00" endTime="2016-08-14T19:29:43.8126534+08:00" testType="13cdc9d9-ddb5-4fa4-a97d-d965ccfc6d4b" outcome="Passed" testListId="8c84fa94-04c1-424b-9868-57a2d4851a1d" relativeResultsDirectory="eaded0d8-12c4-40a0-8042-4fbd55602c31">
      <Output>
        <StdOut>Debug Trace:
Guess a number (0-9): 0
Guess a number (0-9): 1
Guess a number (0-9): 2
Guess a number (0-9): 3
Guess a number (0-9): 4
Guess a number (0-9): 5
Guess a number (0-9): 6
Guess a number (0-9): 7
Guess a number (0-9): 8
You are lousy

Guess a number (0-9): 0
Guess a number (0-9): 1
Guess a number (0-9): 2
Guess a number (0-9): 3
Guess a number (0-9): 4
Guess a number (0-9): 5
Guess a number (0-9): 6
Guess a number (0-9): 7
Guess a number (0-9): 8
You are lousy

Guess a number (0-9): 0
Guess a number (0-9): 1
Guess a number (0-9): 2
Guess a number (0-9): 3
Guess a number (0-9): 4
Guess a number (0-9): 5
Guess a number (0-9): 6
Guess a number (0-9): 7
You are lousy

Guess a number (0-9): 0
Guess a number (0-9): 1
Guess a number (0-9): 2
Guess a number (0-9): 3
Guess a number (0-9): 4
Guess a number (0-9): 5
Guess a number (0-9): 6
Guess a number (0-9): 7
Guess a number (0-9): 8
You are lousy

Guess a number (0-9): 0
Guess a number (0-9): 1
Guess a number (0-9): 2
Guess a number (0-9): 3
You are a good guess

Guess a number (0-9): 0
Guess a number (0-9): 1
Guess a number (0-9): 2
Guess a number (0-9): 3
Guess a number (0-9): 4
Guess a number (0-9): 5
Guess a number (0-9): 6
Guess a number (0-9): 7
Guess a number (0-9): 8
You are lousy

Guess a number (0-9): 0
You are a Wizard!</StdOut>
      </Output>
    </UnitTestResult>
    <UnitTestResult executionId="21c73e2d-4f18-462f-b071-6ccdb0f7eab6" testId="41d254a0-3988-4fe8-c401-d6db7cf41541" testName="ExD4_TestSimpleNumber" computerName="ZANAANUAR1564" duration="00:00:00.0004650" startTime="2016-08-14T19:29:43.8126534+08:00" endTime="2016-08-14T19:29:43.8135682+08:00" testType="13cdc9d9-ddb5-4fa4-a97d-d965ccfc6d4b" outcome="Passed" testListId="8c84fa94-04c1-424b-9868-57a2d4851a1d" relativeResultsDirectory="21c73e2d-4f18-462f-b071-6ccdb0f7eab6">
      <Output>
        <StdOut>Debug Trace:
Enter a number: 16
4.0000000000013</StdOut>
      </Output>
    </UnitTestResult>
    <UnitTestResult executionId="bfec8d0b-84d4-4649-a6b9-8f21f868d9d3" testId="f786c760-8fd9-385b-4101-e13a18a86146" testName="ExD4_TestBiggerNumber" computerName="ZANAANUAR1564" duration="00:00:00.0001321" startTime="2016-08-14T19:29:43.8135682+08:00" endTime="2016-08-14T19:29:43.8135682+08:00" testType="13cdc9d9-ddb5-4fa4-a97d-d965ccfc6d4b" outcome="Passed" testListId="8c84fa94-04c1-424b-9868-57a2d4851a1d" relativeResultsDirectory="bfec8d0b-84d4-4649-a6b9-8f21f868d9d3">
      <Output>
        <StdOut>Debug Trace:
Enter a number: 243
15.5884572681199</StdOut>
      </Output>
    </UnitTestResult>
    <UnitTestResult executionId="d1742071-9992-45dd-ba81-0393235f9c4d" testId="93d33d17-2fa5-03db-e35e-54470f3d1f7b" testName="ExE1_TestSimpleNumber" computerName="ZANAANUAR1564" duration="00:00:00.0013572" startTime="2016-08-14T19:29:43.8135682+08:00" endTime="2016-08-14T19:29:43.8145693+08:00" testType="13cdc9d9-ddb5-4fa4-a97d-d965ccfc6d4b" outcome="Failed" testListId="8c84fa94-04c1-424b-9868-57a2d4851a1d" relativeResultsDirectory="d1742071-9992-45dd-ba81-0393235f9c4d">
      <Output>
        <ErrorInfo>
          <Message>Assert.AreEqual failed. Expected:&lt;120&gt;. Actual:&lt;0&gt;. </Message>
          <StackTrace>   at ExercisesTest.ExE1Test.ExE1_TestSimpleNumber() in \\mac\home\Desktop\CSExercises\ExercisesTest\SectionE\ExE1Test.cs:line 12
</StackTrace>
        </ErrorInfo>
      </Output>
    </UnitTestResult>
    <UnitTestResult executionId="33512f94-8483-4697-bc54-5c12841098ad" testId="5a209ef6-6f45-28e6-9185-5b832c31792d" testName="ExE1_TestBiggerNumber" computerName="ZANAANUAR1564" duration="00:00:00.0010734" startTime="2016-08-14T19:29:43.8155686+08:00" endTime="2016-08-14T19:29:43.8165760+08:00" testType="13cdc9d9-ddb5-4fa4-a97d-d965ccfc6d4b" outcome="Failed" testListId="8c84fa94-04c1-424b-9868-57a2d4851a1d" relativeResultsDirectory="33512f94-8483-4697-bc54-5c12841098ad">
      <Output>
        <ErrorInfo>
          <Message>Assert.AreEqual failed. Expected:&lt;720&gt;. Actual:&lt;0&gt;. </Message>
          <StackTrace>   at ExercisesTest.ExE1Test.ExE1_TestBiggerNumber() in \\mac\home\Desktop\CSExercises\ExercisesTest\SectionE\ExE1Test.cs:line 19
</StackTrace>
        </ErrorInfo>
      </Output>
    </UnitTestResult>
    <UnitTestResult executionId="4289b727-293c-4c9f-9bd4-fbf5f6d25bec" testId="380d54ab-9eb4-5e4e-c1a8-b5b0e22a59a1" testName="ExE2_TestTheOnlyCase" computerName="ZANAANUAR1564" duration="00:00:00.0015584" startTime="2016-08-14T19:29:43.8165760+08:00" endTime="2016-08-14T19:29:43.8185676+08:00" testType="13cdc9d9-ddb5-4fa4-a97d-d965ccfc6d4b" outcome="Failed" testListId="8c84fa94-04c1-424b-9868-57a2d4851a1d" relativeResultsDirectory="4289b727-293c-4c9f-9bd4-fbf5f6d25bec">
      <Output>
        <StdOut>Debug Trace:</StdOut>
        <ErrorInfo>
          <Message>Assert.IsTrue failed. There is no output detected</Message>
          <StackTrace>   at ExercisesTest.TestHelper.AssertOutputContains(Int32 positionFromBack, String expectedOutput, Boolean log) in \\mac\home\Desktop\CSExercises\ExercisesTest\TestHelper.cs:line 65
   at ExercisesTest.ExE2Test.ExE2_TestTheOnlyCase() in \\mac\home\Desktop\CSExercises\ExercisesTest\SectionE\ExE2Test.cs:line 15
</StackTrace>
        </ErrorInfo>
      </Output>
    </UnitTestResult>
    <UnitTestResult executionId="d4c62436-5b92-4f24-9333-3dc42cbada6d" testId="48cf3a9e-0a50-a29b-8eb0-126dcc656f66" testName="ExE3_Test241" computerName="ZANAANUAR1564" duration="00:00:00.0003304" startTime="2016-08-14T19:29:43.8185676+08:00" endTime="2016-08-14T19:29:43.8185676+08:00" testType="13cdc9d9-ddb5-4fa4-a97d-d965ccfc6d4b" outcome="Passed" testListId="8c84fa94-04c1-424b-9868-57a2d4851a1d" relativeResultsDirectory="d4c62436-5b92-4f24-9333-3dc42cbada6d">
      <Output>
        <StdOut>Debug Trace:
Please enter an integer: 241
Not Prime</StdOut>
      </Output>
    </UnitTestResult>
    <UnitTestResult executionId="d457d393-56d3-4100-b438-9fcb5c11baff" testId="91e204a5-eff7-540d-d066-632080d4a971" testName="ExE3_Test240" computerName="ZANAANUAR1564" duration="00:00:00.0001169" startTime="2016-08-14T19:29:43.8185676+08:00" endTime="2016-08-14T19:29:43.8195687+08:00" testType="13cdc9d9-ddb5-4fa4-a97d-d965ccfc6d4b" outcome="Passed" testListId="8c84fa94-04c1-424b-9868-57a2d4851a1d" relativeResultsDirectory="d457d393-56d3-4100-b438-9fcb5c11baff">
      <Output>
        <StdOut>Debug Trace:
Please enter an integer: 240
Not Prime</StdOut>
      </Output>
    </UnitTestResult>
    <UnitTestResult executionId="2839e9f2-d61d-4824-a82f-0fd4d39e3dce" testId="4f5a549c-a85c-793f-ddb0-ac8e48e5d0f1" testName="ExE4_Test496" computerName="ZANAANUAR1564" duration="00:00:00.0003089" startTime="2016-08-14T19:29:43.8195687+08:00" endTime="2016-08-14T19:29:43.8195687+08:00" testType="13cdc9d9-ddb5-4fa4-a97d-d965ccfc6d4b" outcome="Passed" testListId="8c84fa94-04c1-424b-9868-57a2d4851a1d" relativeResultsDirectory="2839e9f2-d61d-4824-a82f-0fd4d39e3dce">
      <Output>
        <StdOut>Debug Trace:
Please enter an integer: 496
Not Perfect Number</StdOut>
      </Output>
    </UnitTestResult>
    <UnitTestResult executionId="54b78c0e-4eaf-4148-9c34-8b7d02dbcd85" testId="1dc75fae-43cb-7e63-4009-7965bd630b1a" testName="ExE4_Test240" computerName="ZANAANUAR1564" duration="00:00:00.0002545" startTime="2016-08-14T19:29:43.8205675+08:00" endTime="2016-08-14T19:29:43.8205675+08:00" testType="13cdc9d9-ddb5-4fa4-a97d-d965ccfc6d4b" outcome="Passed" testListId="8c84fa94-04c1-424b-9868-57a2d4851a1d" relativeResultsDirectory="54b78c0e-4eaf-4148-9c34-8b7d02dbcd85">
      <Output>
        <StdOut>Debug Trace:
Please enter an integer: 240
Not Perfect Number</StdOut>
      </Output>
    </UnitTestResult>
    <UnitTestResult executionId="48bd6929-52c0-4d99-96d6-2f5c29c3f7aa" testId="442295cb-ec7e-e437-f1f2-a6c136660fa9" testName="ExE5_TestForTheOnlyTestCase" computerName="ZANAANUAR1564" duration="00:00:00.0024233" startTime="2016-08-14T19:29:43.8205675+08:00" endTime="2016-08-14T19:29:43.8245660+08:00" testType="13cdc9d9-ddb5-4fa4-a97d-d965ccfc6d4b" outcome="Failed" testListId="8c84fa94-04c1-424b-9868-57a2d4851a1d" relativeResultsDirectory="48bd6929-52c0-4d99-96d6-2f5c29c3f7aa">
      <Output>
        <StdOut>Debug Trace:</StdOut>
        <ErrorInfo>
          <Message>Assert.IsTrue failed. There is no output detected</Message>
          <StackTrace>   at ExercisesTest.TestHelper.AssertOutputContains(Int32 positionFromBack, String expectedOutput, Boolean log) in \\mac\home\Desktop\CSExercises\ExercisesTest\TestHelper.cs:line 65
   at ExercisesTest.ExE5Test.ExE5_TestForTheOnlyTestCase() in \\mac\home\Desktop\CSExercises\ExercisesTest\SectionE\ExE5Test.cs:line 15
</StackTrace>
        </ErrorInfo>
      </Output>
    </UnitTestResult>
    <UnitTestResult executionId="da06bcc4-1f51-4837-a2cb-a4ed9ba0af59" testId="d2aa1ef4-37c8-6f4f-caac-48633678d93a" testName="ExE6_TestForTheOnlyTestCase" computerName="ZANAANUAR1564" duration="00:00:00.0025275" startTime="2016-08-14T19:29:43.8245660+08:00" endTime="2016-08-14T19:29:43.8275662+08:00" testType="13cdc9d9-ddb5-4fa4-a97d-d965ccfc6d4b" outcome="Failed" testListId="8c84fa94-04c1-424b-9868-57a2d4851a1d" relativeResultsDirectory="da06bcc4-1f51-4837-a2cb-a4ed9ba0af59">
      <Output>
        <StdOut>Debug Trace:</StdOut>
        <ErrorInfo>
          <Message>Assert.IsTrue failed. There is no output detected</Message>
          <StackTrace>   at ExercisesTest.TestHelper.AssertOutputContains(Int32 positionFromBack, String expectedOutput, Boolean log) in \\mac\home\Desktop\CSExercises\ExercisesTest\TestHelper.cs:line 65
   at ExercisesTest.ExE6_Test.ExE6_TestForTheOnlyTestCase() in \\mac\home\Desktop\CSExercises\ExercisesTest\SectionE\ExE6Test.cs:line 15
</StackTrace>
        </ErrorInfo>
      </Output>
    </UnitTestResult>
    <UnitTestResult executionId="abf6f705-ad47-40b7-8a74-e3a3eeb0f88d" testId="dc006c73-b7ad-39c4-a618-0510c48419f9" testName="ExF1_TestForTheOnlyTestCase" computerName="ZANAANUAR1564" duration="00:00:00.0025615" startTime="2016-08-14T19:29:43.8275662+08:00" endTime="2016-08-14T19:29:43.8315665+08:00" testType="13cdc9d9-ddb5-4fa4-a97d-d965ccfc6d4b" outcome="Failed" testListId="8c84fa94-04c1-424b-9868-57a2d4851a1d" relativeResultsDirectory="abf6f705-ad47-40b7-8a74-e3a3eeb0f88d">
      <Output>
        <StdOut>Debug Trace:
Enter sales for month 0: 1000
Enter sales for month 1: 2000
Enter sales for month 2: 3000
Enter sales for month 3: 4000
Enter sales for month 4: 5000
Enter sales for month 5: 6000
Enter sales for month 6: 7000
Enter sales for month 7: 8000
Enter sales for month 8: 9000
Enter sales for month 9: 10000
Enter sales for month 10: 11000
Enter sales for month 11: 12000
Maximum Sales: 0
Minimum Sales: 0
Average Sales: 0</StdOut>
        <ErrorInfo>
          <Message>Assert.IsTrue failed. Program output do not contain the expected output (6500).</Message>
          <StackTrace>   at ExercisesTest.TestHelper.AssertOutputContains(Int32 positionFromBack, String expectedOutput, Boolean log) in \\mac\home\Desktop\CSExercises\ExercisesTest\TestHelper.cs:line 67
   at ExercisesTest.ExF1Test.ExF1_TestForTheOnlyTestCase() in \\mac\home\Desktop\CSExercises\ExercisesTest\SectionF\ExF1Test.cs:line 31
</StackTrace>
        </ErrorInfo>
      </Output>
    </UnitTestResult>
    <UnitTestResult executionId="ce476527-8e7b-42bd-9105-8009d3d16c84" testId="5af6480c-3862-4e94-bc2c-b24cac7ca661" testName="ExF2_TestForTheOrder" computerName="ZANAANUAR1564" duration="00:00:00.0031489" startTime="2016-08-14T19:29:43.8315665+08:00" endTime="2016-08-14T19:29:43.8345696+08:00" testType="13cdc9d9-ddb5-4fa4-a97d-d965ccfc6d4b" outcome="Failed" testListId="8c84fa94-04c1-424b-9868-57a2d4851a1d" relativeResultsDirectory="ce476527-8e7b-42bd-9105-8009d3d16c84">
      <Output>
        <StdOut>Debug Trace:
86 35 41 49 89 51 11 71 50 75 25 58 40 14 44 3 63 81 93 79 

86 35 41 49 89 51 11 71 50 75 25 58 40 14 44 3 63 81 93 79</StdOut>
        <ErrorInfo>
          <Message>Assert.AreEqual failed. Expected:&lt;93&gt;. Actual:&lt;86&gt;. </Message>
          <StackTrace>   at ExercisesTest.ExF2Test.ExF2_TestForTheOrder() in \\mac\home\Desktop\CSExercises\ExercisesTest\SectionF\ExF2Test.cs:line 22
</StackTrace>
        </ErrorInfo>
      </Output>
    </UnitTestResult>
    <UnitTestResult executionId="f46cad8f-ed06-49b1-b549-09aa9f8b2df8" testId="b02f104d-c4e9-55a3-ef13-4320e9fcd6ec" testName="ExF3_TestForSomeOfTheResult" computerName="ZANAANUAR1564" duration="00:00:00.0049823" startTime="2016-08-14T19:29:43.8345696+08:00" endTime="2016-08-14T19:29:43.8405692+08:00" testType="13cdc9d9-ddb5-4fa4-a97d-d965ccfc6d4b" outcome="Failed" testListId="8c84fa94-04c1-424b-9868-57a2d4851a1d" relativeResultsDirectory="f46cad8f-ed06-49b1-b549-09aa9f8b2df8">
      <Output>
        <StdOut>Debug Trace:
Total marks for student 0: 0
Avg marks for student 0: 0
Total marks for student 1: 0
Avg marks for student 1: 0
Total marks for student 2: 0
Avg marks for student 2: 0
Total marks for student 3: 0
Avg marks for student 3: 0
Total marks for student 4: 0
Avg marks for student 4: 0
Total marks for student 5: 0
Avg marks for student 5: 0
Total marks for student 6: 0
Avg marks for student 6: 0
Total marks for student 7: 0
Avg marks for student 7: 0
Total marks for student 8: 0
Avg marks for student 8: 0
Total marks for student 9: 0
Avg marks for student 9: 0
Total marks for student 10: 0
Avg marks for student 10: 0
Total marks for student 11: 0
Avg marks for student 11: 0
Avg marks for subject 0: 0
Avg marks for subject 1: 0
Avg marks for subject 2: 0
Avg marks for subject 3: 0</StdOut>
        <ErrorInfo>
          <Message>Assert.AreEqual failed. Expected:&lt;1&gt;. Actual:&lt;0&gt;. </Message>
          <StackTrace>   at ExercisesTest.ExF3Test.ExF3_TestForSomeOfTheResult() in \\mac\home\Desktop\CSExercises\ExercisesTest\SectionF\ExF3Test.cs:line 16
</StackTrace>
        </ErrorInfo>
      </Output>
    </UnitTestResult>
    <UnitTestResult executionId="4051bbd2-911d-4755-a341-3a34c955b8a6" testId="f30f2658-99db-d72e-9ec4-31a9938fa387" testName="ExG1_TestWithABCDE" computerName="ZANAANUAR1564" duration="00:00:00.0052112" startTime="2016-08-14T19:29:43.8405692+08:00" endTime="2016-08-14T19:29:43.8465684+08:00" testType="13cdc9d9-ddb5-4fa4-a97d-d965ccfc6d4b" outcome="Failed" testListId="8c84fa94-04c1-424b-9868-57a2d4851a1d" relativeResultsDirectory="4051bbd2-911d-4755-a341-3a34c955b8a6">
      <Output>
        <StdOut>Debug Trace:
Please enter a phrase: Abcde
Total number of vowels: 0
Number of a: 0
Number of e: 0
Number of i: 0
Number of o: 0
Number of u: 0</StdOut>
        <ErrorInfo>
          <Message>Assert.AreEqual failed. Expected:&lt;1&gt;. Actual:&lt;0&gt;. </Message>
          <StackTrace>   at ExercisesTest.ExG1Test.ExG1_TestWithABCDE() in \\mac\home\Desktop\CSExercises\ExercisesTest\SectionG\ExG1Test.cs:line 17
</StackTrace>
        </ErrorInfo>
      </Output>
    </UnitTestResult>
    <UnitTestResult executionId="823ea72c-f47d-4fc4-952d-098a286f5821" testId="2e593488-b56a-eff0-ca82-e8d0bb44c159" testName="ExG1_TestWithRycky" computerName="ZANAANUAR1564" duration="00:00:00.0005032" startTime="2016-08-14T19:29:43.8465684+08:00" endTime="2016-08-14T19:29:43.8475704+08:00" testType="13cdc9d9-ddb5-4fa4-a97d-d965ccfc6d4b" outcome="Passed" testListId="8c84fa94-04c1-424b-9868-57a2d4851a1d" relativeResultsDirectory="823ea72c-f47d-4fc4-952d-098a286f5821">
      <Output>
        <StdOut>Debug Trace:
Please enter a phrase: rykcy
Total number of vowels: 0
Number of a: 0
Number of e: 0
Number of i: 0
Number of o: 0
Number of u: 0</StdOut>
      </Output>
    </UnitTestResult>
    <UnitTestResult executionId="a377d96f-8db8-4a9a-8a34-8756138e1be1" testId="ab2a1fc1-80f8-bc44-f298-ece577f665f6" testName="ExG1_TestWithAeiou" computerName="ZANAANUAR1564" duration="00:00:00.0018812" startTime="2016-08-14T19:29:43.8475704+08:00" endTime="2016-08-14T19:29:43.8505686+08:00" testType="13cdc9d9-ddb5-4fa4-a97d-d965ccfc6d4b" outcome="Failed" testListId="8c84fa94-04c1-424b-9868-57a2d4851a1d" relativeResultsDirectory="a377d96f-8db8-4a9a-8a34-8756138e1be1">
      <Output>
        <StdOut>Debug Trace:
Please enter a phrase: AEIOUaeiou
Total number of vowels: 0
Number of a: 0
Number of e: 0
Number of i: 0
Number of o: 0
Number of u: 0</StdOut>
        <ErrorInfo>
          <Message>Assert.AreEqual failed. Expected:&lt;1&gt;. Actual:&lt;0&gt;. </Message>
          <StackTrace>   at ExercisesTest.ExG1Test.ExG1_TestWithAeiou() in \\mac\home\Desktop\CSExercises\ExercisesTest\SectionG\ExG1Test.cs:line 40
</StackTrace>
        </ErrorInfo>
      </Output>
    </UnitTestResult>
    <UnitTestResult executionId="36d5d54b-adb2-4bcf-88e3-e1b0d112659a" testId="18e3e622-092f-3e19-8553-2026a160f673" testName="ExG2_TestWithMadam" computerName="ZANAANUAR1564" duration="00:00:00.0043793" startTime="2016-08-14T19:29:43.8505686+08:00" endTime="2016-08-14T19:29:43.8555704+08:00" testType="13cdc9d9-ddb5-4fa4-a97d-d965ccfc6d4b" outcome="Failed" testListId="8c84fa94-04c1-424b-9868-57a2d4851a1d" relativeResultsDirectory="36d5d54b-adb2-4bcf-88e3-e1b0d112659a">
      <Output>
        <StdOut>Debug Trace:
Please enter a phrase: madam
Not Palindrome</StdOut>
        <ErrorInfo>
          <Message>Assert.AreEqual failed. Expected:&lt;palindrome&gt;. Actual:&lt;not palindrome&gt;. Program output is different from the expected output.</Message>
          <StackTrace>   at ExercisesTest.TestHelper.AssertOutput(String expectedOutput) in \\mac\home\Desktop\CSExercises\ExercisesTest\TestHelper.cs:line 48
   at ExercisesTest.TestHelper.TestOutputEqual(Type t, String input, String output) in \\mac\home\Desktop\CSExercises\ExercisesTest\TestHelper.cs:line 97
   at ExercisesTest.ExG2_Test.ExG2_TestWithMadam() in \\mac\home\Desktop\CSExercises\ExercisesTest\SectionG\ExG2_Test.cs:line 12
</StackTrace>
        </ErrorInfo>
      </Output>
    </UnitTestResult>
    <UnitTestResult executionId="56afe859-7dfd-4e21-99c4-333da819fded" testId="ee68900a-ee9e-ddba-3df4-cb4a828e02fb" testName="ExG2_TestWithSanta" computerName="ZANAANUAR1564" duration="00:00:00.0041753" startTime="2016-08-14T19:29:43.8565877+08:00" endTime="2016-08-14T19:29:43.8615710+08:00" testType="13cdc9d9-ddb5-4fa4-a97d-d965ccfc6d4b" outcome="Failed" testListId="8c84fa94-04c1-424b-9868-57a2d4851a1d" relativeResultsDirectory="56afe859-7dfd-4e21-99c4-333da819fded">
      <Output>
        <StdOut>Debug Trace:
Please enter a phrase: A Santa at NASA
Not Palindrome</StdOut>
        <ErrorInfo>
          <Message>Assert.AreEqual failed. Expected:&lt;palindrome&gt;. Actual:&lt;not palindrome&gt;. Program output is different from the expected output.</Message>
          <StackTrace>   at ExercisesTest.TestHelper.AssertOutput(String expectedOutput) in \\mac\home\Desktop\CSExercises\ExercisesTest\TestHelper.cs:line 48
   at ExercisesTest.TestHelper.TestOutputEqual(Type t, String input, String output) in \\mac\home\Desktop\CSExercises\ExercisesTest\TestHelper.cs:line 97
   at ExercisesTest.ExG2_Test.ExG2_TestWithSanta() in \\mac\home\Desktop\CSExercises\ExercisesTest\SectionG\ExG2_Test.cs:line 18
</StackTrace>
        </ErrorInfo>
      </Output>
    </UnitTestResult>
    <UnitTestResult executionId="c515607e-6e87-4661-b61c-32ed966317be" testId="97c6c703-6d42-4b52-af58-5bc1820c63e6" testName="ExG2_TestWithISS" computerName="ZANAANUAR1564" duration="00:00:00.0001946" startTime="2016-08-14T19:29:43.8615710+08:00" endTime="2016-08-14T19:29:43.8615710+08:00" testType="13cdc9d9-ddb5-4fa4-a97d-d965ccfc6d4b" outcome="Passed" testListId="8c84fa94-04c1-424b-9868-57a2d4851a1d" relativeResultsDirectory="c515607e-6e87-4661-b61c-32ed966317be">
      <Output>
        <StdOut>Debug Trace:
Please enter a phrase: Institute of Systems Science
Not Palindrome</StdOut>
      </Output>
    </UnitTestResult>
    <UnitTestResult executionId="cfed348a-6893-43ed-bf4c-b713bd07b994" testId="009b3f8f-dd80-521b-6dfb-99834ad4fb9f" testName="ExG3_TestWithOneWord" computerName="ZANAANUAR1564" duration="00:00:00.0024566" startTime="2016-08-14T19:29:43.8615710+08:00" endTime="2016-08-14T19:29:43.8645681+08:00" testType="13cdc9d9-ddb5-4fa4-a97d-d965ccfc6d4b" outcome="Failed" testListId="8c84fa94-04c1-424b-9868-57a2d4851a1d" relativeResultsDirectory="cfed348a-6893-43ed-bf4c-b713bd07b994">
      <Output>
        <StdOut>Debug Trace:
Please enter a phrase:    ball</StdOut>
        <ErrorInfo>
          <Message>Assert.IsTrue failed. Program output do not contain the expected output (   Ball).</Message>
          <StackTrace>   at ExercisesTest.TestHelper.AssertOutputContains(String expectedOutput) in \\mac\home\Desktop\CSExercises\ExercisesTest\TestHelper.cs:line 56
   at ExercisesTest.TestHelper.TestOutputContains(Type t, String input, String output) in \\mac\home\Desktop\CSExercises\ExercisesTest\TestHelper.cs:line 115
   at ExercisesTest.ExG3Test.ExG3_TestWithOneWord() in \\mac\home\Desktop\CSExercises\ExercisesTest\SectionG\ExG3Test.cs:line 13
</StackTrace>
        </ErrorInfo>
      </Output>
    </UnitTestResult>
    <UnitTestResult executionId="3bd739c8-d06d-40f0-bc0a-96fef8666bc6" testId="ec776b73-93db-33b0-d71f-976483ca31f6" testName="ExG3_TestWithISS" computerName="ZANAANUAR1564" duration="00:00:00.0020885" startTime="2016-08-14T19:29:43.8645681+08:00" endTime="2016-08-14T19:29:43.8675661+08:00" testType="13cdc9d9-ddb5-4fa4-a97d-d965ccfc6d4b" outcome="Failed" testListId="8c84fa94-04c1-424b-9868-57a2d4851a1d" relativeResultsDirectory="3bd739c8-d06d-40f0-bc0a-96fef8666bc6">
      <Output>
        <StdOut>Debug Trace:
Please enter a phrase: institute Of systems science</StdOut>
        <ErrorInfo>
          <Message>Assert.IsTrue failed. Program output do not contain the expected output (Institute of Systems Science).</Message>
          <StackTrace>   at ExercisesTest.TestHelper.AssertOutputContains(String expectedOutput) in \\mac\home\Desktop\CSExercises\ExercisesTest\TestHelper.cs:line 56
   at ExercisesTest.TestHelper.TestOutputContains(Type t, String input, String output) in \\mac\home\Desktop\CSExercises\ExercisesTest\TestHelper.cs:line 115
   at ExercisesTest.ExG3Test.ExG3_TestWithISS() in \\mac\home\Desktop\CSExercises\ExercisesTest\SectionG\ExG3Test.cs:line 19
</StackTrace>
        </ErrorInfo>
      </Output>
    </UnitTestResult>
    <UnitTestResult executionId="764e2c3c-0b16-436b-b7f8-78a831e4fed5" testId="e986587e-732a-eb08-f5bc-4cd7a66af95d" testName="ExG4_TestOrder" computerName="ZANAANUAR1564" duration="00:00:00.0021037" startTime="2016-08-14T19:29:43.8675661+08:00" endTime="2016-08-14T19:29:43.8715681+08:00" testType="13cdc9d9-ddb5-4fa4-a97d-d965ccfc6d4b" outcome="Failed" testListId="8c84fa94-04c1-424b-9868-57a2d4851a1d" relativeResultsDirectory="764e2c3c-0b16-436b-b7f8-78a831e4fed5">
      <Output>
        <StdOut>Debug Trace:</StdOut>
        <ErrorInfo>
          <Message>Assert.IsTrue failed. There is no output detected</Message>
          <StackTrace>   at ExercisesTest.TestHelper.AssertOutputContains(Int32 positionFromBack, String expectedOutput, Boolean log) in \\mac\home\Desktop\CSExercises\ExercisesTest\TestHelper.cs:line 65
   at ExercisesTest.ExG4Test.ExG4_TestOrder() in \\mac\home\Desktop\CSExercises\ExercisesTest\SectionG\ExG4Test.cs:line 15
</StackTrace>
        </ErrorInfo>
      </Output>
    </UnitTestResult>
    <UnitTestResult executionId="1b238e3c-1fe2-4d2a-9ba6-fc2d9a98e3ce" testId="a4ae2f7a-bc59-f21f-0330-4520bbb34ec8" testName="ExH1_TestOneChar" computerName="ZANAANUAR1564" duration="00:00:00.0052761" startTime="2016-08-14T19:29:43.8715681+08:00" endTime="2016-08-14T19:29:43.8775701+08:00" testType="13cdc9d9-ddb5-4fa4-a97d-d965ccfc6d4b" outcome="Failed" testListId="8c84fa94-04c1-424b-9868-57a2d4851a1d" relativeResultsDirectory="1b238e3c-1fe2-4d2a-9ba6-fc2d9a98e3ce">
      <Output>
        <StdOut>Debug Trace:
The brown fox, o</StdOut>
        <ErrorInfo>
          <Message>Assert.IsTrue failed. </Message>
          <StackTrace>   at ExercisesTest.ExH1Test.ExH1_TestOneChar() in \\mac\home\Desktop\CSExercises\ExercisesTest\SectionH\ExH1Test.cs:line 15
</StackTrace>
        </ErrorInfo>
      </Output>
    </UnitTestResult>
    <UnitTestResult executionId="7ab3a12d-6bfc-457b-a50f-6519bd112f5d" testId="c1d8227b-f44f-4db1-97da-6595d5433cbe" testName="ExH1_TestPositive1" computerName="ZANAANUAR1564" duration="00:00:00.0040403" startTime="2016-08-14T19:29:43.8775701+08:00" endTime="2016-08-14T19:29:43.8815688+08:00" testType="13cdc9d9-ddb5-4fa4-a97d-d965ccfc6d4b" outcome="Failed" testListId="8c84fa94-04c1-424b-9868-57a2d4851a1d" relativeResultsDirectory="7ab3a12d-6bfc-457b-a50f-6519bd112f5d">
      <Output>
        <StdOut>Debug Trace:
The brown fox, FOX</StdOut>
        <ErrorInfo>
          <Message>Assert.IsTrue failed. </Message>
          <StackTrace>   at ExercisesTest.ExH1Test.ExH1_TestPositive1() in \\mac\home\Desktop\CSExercises\ExercisesTest\SectionH\ExH1Test.cs:line 23
</StackTrace>
        </ErrorInfo>
      </Output>
    </UnitTestResult>
    <UnitTestResult executionId="d380303a-1909-4ded-85f7-abeabf3fcb0c" testId="baf4c8f9-72bd-e9a1-3899-5f643a41cbac" testName="ExH1_TestPositive2" computerName="ZANAANUAR1564" duration="00:00:00.0020332" startTime="2016-08-14T19:29:43.8825908+08:00" endTime="2016-08-14T19:29:43.8845669+08:00" testType="13cdc9d9-ddb5-4fa4-a97d-d965ccfc6d4b" outcome="Failed" testListId="8c84fa94-04c1-424b-9868-57a2d4851a1d" relativeResultsDirectory="d380303a-1909-4ded-85f7-abeabf3fcb0c">
      <Output>
        <StdOut>Debug Trace:
The brown fox, bRO</StdOut>
        <ErrorInfo>
          <Message>Assert.IsTrue failed. </Message>
          <StackTrace>   at ExercisesTest.ExH1Test.ExH1_TestPositive2() in \\mac\home\Desktop\CSExercises\ExercisesTest\SectionH\ExH1Test.cs:line 31
</StackTrace>
        </ErrorInfo>
      </Output>
    </UnitTestResult>
    <UnitTestResult executionId="04521d08-f7ad-477b-a48b-ea2982cc073a" testId="1df2cd5e-05cd-0340-279c-bf437d1b1fa6" testName="ExH1_TestNegative1" computerName="ZANAANUAR1564" duration="00:00:00.0005815" startTime="2016-08-14T19:29:43.8845669+08:00" endTime="2016-08-14T19:29:43.8855663+08:00" testType="13cdc9d9-ddb5-4fa4-a97d-d965ccfc6d4b" outcome="Passed" testListId="8c84fa94-04c1-424b-9868-57a2d4851a1d" relativeResultsDirectory="04521d08-f7ad-477b-a48b-ea2982cc073a">
      <Output>
        <StdOut>Debug Trace:
T, FOX</StdOut>
      </Output>
    </UnitTestResult>
    <UnitTestResult executionId="66272ca2-0890-41f2-bd81-540b6e5da853" testId="af9c61a0-f313-c3c8-1027-5c796a206b57" testName="ExH1_TestNegative2" computerName="ZANAANUAR1564" duration="00:00:00.0002150" startTime="2016-08-14T19:29:43.8855663+08:00" endTime="2016-08-14T19:29:43.8865668+08:00" testType="13cdc9d9-ddb5-4fa4-a97d-d965ccfc6d4b" outcome="Passed" testListId="8c84fa94-04c1-424b-9868-57a2d4851a1d" relativeResultsDirectory="66272ca2-0890-41f2-bd81-540b6e5da853">
      <Output>
        <StdOut>Debug Trace:
The bras basah complex, bRO</StdOut>
      </Output>
    </UnitTestResult>
    <UnitTestResult executionId="43858dda-2f51-4b10-bb3e-5f3f7b860942" testId="3d7d1584-1c63-ac50-bc50-de50031518c4" testName="ExH2_TestOneChar" computerName="ZANAANUAR1564" duration="00:00:00.0035888" startTime="2016-08-14T19:29:43.8865668+08:00" endTime="2016-08-14T19:29:43.8905760+08:00" testType="13cdc9d9-ddb5-4fa4-a97d-d965ccfc6d4b" outcome="Failed" testListId="8c84fa94-04c1-424b-9868-57a2d4851a1d" relativeResultsDirectory="43858dda-2f51-4b10-bb3e-5f3f7b860942">
      <Output>
        <StdOut>Debug Trace:
The brown fox, o =&gt; should return 6</StdOut>
        <ErrorInfo>
          <Message>Assert.AreEqual failed. Expected:&lt;6&gt;. Actual:&lt;0&gt;. </Message>
          <StackTrace>   at ExercisesTest.ExH2Test.ExH2_TestOneChar() in \\mac\home\Desktop\CSExercises\ExercisesTest\SectionH\ExH2Test.cs:line 15
</StackTrace>
        </ErrorInfo>
      </Output>
    </UnitTestResult>
    <UnitTestResult executionId="af8a3e48-5bda-4865-8942-792189d8f4fe" testId="0edd46c6-0864-a084-7845-f3ab5a58d5e8" testName="ExH2_TestPositive1" computerName="ZANAANUAR1564" duration="00:00:00.0032238" startTime="2016-08-14T19:29:43.8925703+08:00" endTime="2016-08-14T19:29:43.8965684+08:00" testType="13cdc9d9-ddb5-4fa4-a97d-d965ccfc6d4b" outcome="Failed" testListId="8c84fa94-04c1-424b-9868-57a2d4851a1d" relativeResultsDirectory="af8a3e48-5bda-4865-8942-792189d8f4fe">
      <Output>
        <StdOut>Debug Trace:
The brown fox, FOX =&gt; should return 10</StdOut>
        <ErrorInfo>
          <Message>Assert.AreEqual failed. Expected:&lt;10&gt;. Actual:&lt;0&gt;. </Message>
          <StackTrace>   at ExercisesTest.ExH2Test.ExH2_TestPositive1() in \\mac\home\Desktop\CSExercises\ExercisesTest\SectionH\ExH2Test.cs:line 23
</StackTrace>
        </ErrorInfo>
      </Output>
    </UnitTestResult>
    <UnitTestResult executionId="3fdc9f32-582b-40be-8f15-f070cd57674f" testId="cbb366c6-732e-4def-9a11-8dd886c0022f" testName="ExH2_TestPositive2" computerName="ZANAANUAR1564" duration="00:00:00.0025013" startTime="2016-08-14T19:29:43.8965684+08:00" endTime="2016-08-14T19:29:43.8995661+08:00" testType="13cdc9d9-ddb5-4fa4-a97d-d965ccfc6d4b" outcome="Failed" testListId="8c84fa94-04c1-424b-9868-57a2d4851a1d" relativeResultsDirectory="3fdc9f32-582b-40be-8f15-f070cd57674f">
      <Output>
        <StdOut>Debug Trace:
The brown fox, bRO =&gt; should return 4</StdOut>
        <ErrorInfo>
          <Message>Assert.AreEqual failed. Expected:&lt;4&gt;. Actual:&lt;0&gt;. </Message>
          <StackTrace>   at ExercisesTest.ExH2Test.ExH2_TestPositive2() in \\mac\home\Desktop\CSExercises\ExercisesTest\SectionH\ExH2Test.cs:line 31
</StackTrace>
        </ErrorInfo>
      </Output>
    </UnitTestResult>
    <UnitTestResult executionId="61fd9504-b1f2-4156-987f-c681f84034a5" testId="1ca2fccd-4727-4051-5830-7ec18c4d7263" testName="ExH2_TestNegative1" computerName="ZANAANUAR1564" duration="00:00:00.0027595" startTime="2016-08-14T19:29:43.8995661+08:00" endTime="2016-08-14T19:29:43.9025670+08:00" testType="13cdc9d9-ddb5-4fa4-a97d-d965ccfc6d4b" outcome="Failed" testListId="8c84fa94-04c1-424b-9868-57a2d4851a1d" relativeResultsDirectory="61fd9504-b1f2-4156-987f-c681f84034a5">
      <Output>
        <StdOut>Debug Trace:
T, FOX =&gt; should return -1</StdOut>
        <ErrorInfo>
          <Message>Assert.AreEqual failed. Expected:&lt;-1&gt;. Actual:&lt;0&gt;. </Message>
          <StackTrace>   at ExercisesTest.ExH2Test.ExH2_TestNegative1() in \\mac\home\Desktop\CSExercises\ExercisesTest\SectionH\ExH2Test.cs:line 39
</StackTrace>
        </ErrorInfo>
      </Output>
    </UnitTestResult>
    <UnitTestResult executionId="b52a27c0-f2ad-4a73-91cb-58648ce6c1d2" testId="4744dcc3-4bcc-ce0e-885e-9c28396a533f" testName="ExH2_TestNegative2" computerName="ZANAANUAR1564" duration="00:00:00.0032745" startTime="2016-08-14T19:29:43.9025670+08:00" endTime="2016-08-14T19:29:43.9066028+08:00" testType="13cdc9d9-ddb5-4fa4-a97d-d965ccfc6d4b" outcome="Failed" testListId="8c84fa94-04c1-424b-9868-57a2d4851a1d" relativeResultsDirectory="b52a27c0-f2ad-4a73-91cb-58648ce6c1d2">
      <Output>
        <StdOut>Debug Trace:
The bras basah complex, bRO =&gt; should return -1</StdOut>
        <ErrorInfo>
          <Message>Assert.AreEqual failed. Expected:&lt;-1&gt;. Actual:&lt;0&gt;. </Message>
          <StackTrace>   at ExercisesTest.ExH2Test.ExH2_TestNegative2() in \\mac\home\Desktop\CSExercises\ExercisesTest\SectionH\ExH2Test.cs:line 47
</StackTrace>
        </ErrorInfo>
      </Output>
    </UnitTestResult>
    <UnitTestResult executionId="97358294-5a13-4762-8c9f-39fc25b601fa" testId="8082022e-9ba0-4329-7312-ea4cd2cb3ab8" testName="ExH3_TestOneToOneHundred" computerName="ZANAANUAR1564" duration="00:00:00.0037367" startTime="2016-08-14T19:29:43.9066028+08:00" endTime="2016-08-14T19:29:43.9115704+08:00" testType="13cdc9d9-ddb5-4fa4-a97d-d965ccfc6d4b" outcome="Failed" testListId="8c84fa94-04c1-424b-9868-57a2d4851a1d" relativeResultsDirectory="97358294-5a13-4762-8c9f-39fc25b601fa">
      <Output>
        <StdOut>Debug Trace:
Hex of 1 should be 1</StdOut>
        <ErrorInfo>
          <Message>Assert.AreEqual failed. Expected:&lt;1&gt;. Actual:&lt;(null)&gt;. </Message>
          <StackTrace>   at ExercisesTest.ExH3Test.ExH3_TestOneToOneHundred() in \\mac\home\Desktop\CSExercises\ExercisesTest\SectionH\ExH3Test.cs:line 19
</StackTrace>
        </ErrorInfo>
      </Output>
    </UnitTestResult>
    <UnitTestResult executionId="dd675314-3918-4993-9bbb-8292869909da" testId="d4549c3c-9899-20a6-9260-01b385ff068d" testName="ExH4_TestNoSubstitution" computerName="ZANAANUAR1564" duration="00:00:00.0019384" startTime="2016-08-14T19:29:43.9115704+08:00" endTime="2016-08-14T19:29:43.9145676+08:00" testType="13cdc9d9-ddb5-4fa4-a97d-d965ccfc6d4b" outcome="Failed" testListId="8c84fa94-04c1-424b-9868-57a2d4851a1d" relativeResultsDirectory="dd675314-3918-4993-9bbb-8292869909da">
      <Output>
        <StdOut>Debug Trace:
Bad dog, e, o =&gt; Bad dog</StdOut>
        <ErrorInfo>
          <Message>Assert.AreEqual failed. Expected:&lt;Bad dog&gt;. Actual:&lt;(null)&gt;. </Message>
          <StackTrace>   at ExercisesTest.ExH4Test.ExH4_TestNoSubstitution() in \\mac\home\Desktop\CSExercises\ExercisesTest\SectionH\ExH4Test.cs:line 14
</StackTrace>
        </ErrorInfo>
      </Output>
    </UnitTestResult>
    <UnitTestResult executionId="bb8adc2a-340c-46eb-a1f6-822e423e67eb" testId="baa9a9c2-82c6-dfe0-e3fa-3cd1e3e7ccba" testName="ExH4_TestMultipleSubstitution" computerName="ZANAANUAR1564" duration="00:00:00.0020143" startTime="2016-08-14T19:29:43.9145676+08:00" endTime="2016-08-14T19:29:43.9185692+08:00" testType="13cdc9d9-ddb5-4fa4-a97d-d965ccfc6d4b" outcome="Failed" testListId="8c84fa94-04c1-424b-9868-57a2d4851a1d" relativeResultsDirectory="bb8adc2a-340c-46eb-a1f6-822e423e67eb">
      <Output>
        <StdOut>Debug Trace:
Bad dog, d, f =&gt; Baf fog</StdOut>
        <ErrorInfo>
          <Message>Assert.AreEqual failed. Expected:&lt;Baf fog&gt;. Actual:&lt;(null)&gt;. </Message>
          <StackTrace>   at ExercisesTest.ExH4Test.ExH4_TestMultipleSubstitution() in \\mac\home\Desktop\CSExercises\ExercisesTest\SectionH\ExH4Test.cs:line 21
</StackTrace>
        </ErrorInfo>
      </Output>
    </UnitTestResult>
    <UnitTestResult executionId="f1361d62-760c-4fa4-a476-abf49d590c2b" testId="b5297abf-74a9-3001-95eb-a1a261572d42" testName="ExI1_Test195" computerName="ZANAANUAR1564" duration="00:00:00.0052915" startTime="2016-08-14T19:29:43.9185692+08:00" endTime="2016-08-14T19:29:43.9255878+08:00" testType="13cdc9d9-ddb5-4fa4-a97d-d965ccfc6d4b" outcome="Failed" testListId="8c84fa94-04c1-424b-9868-57a2d4851a1d" relativeResultsDirectory="f1361d62-760c-4fa4-a476-abf49d590c2b">
      <Output>
        <StdOut>Debug Trace:
Enter the amount: 1.95</StdOut>
        <ErrorInfo>
          <Message>Assert.IsTrue failed. Program output do not contain the expected output (5c).</Message>
          <StackTrace>   at ExercisesTest.TestHelper.AssertOutputContains(Int32 positionFromBack, String expectedOutput, Boolean log) in \\mac\home\Desktop\CSExercises\ExercisesTest\TestHelper.cs:line 67
   at ExercisesTest.ExI1Test.ExI1_Test195() in \\mac\home\Desktop\CSExercises\ExercisesTest\SectionI\ExI1Test.cs:line 16
</StackTrace>
        </ErrorInfo>
      </Output>
    </UnitTestResult>
    <UnitTestResult executionId="d268691a-f888-4e0e-8d21-16a68e06397b" testId="26ff1520-2742-f4bc-a1c3-8e5cdfc6dc23" testName="Ex45_Test105" computerName="ZANAANUAR1564" duration="00:00:00.0033682" startTime="2016-08-14T19:29:43.9255878+08:00" endTime="2016-08-14T19:29:43.9295721+08:00" testType="13cdc9d9-ddb5-4fa4-a97d-d965ccfc6d4b" outcome="Failed" testListId="8c84fa94-04c1-424b-9868-57a2d4851a1d" relativeResultsDirectory="d268691a-f888-4e0e-8d21-16a68e06397b">
      <Output>
        <StdOut>Debug Trace:
Enter the amount: 1.05</StdOut>
        <ErrorInfo>
          <Message>Assert.IsTrue failed. Program output do not contain the expected output (5c).</Message>
          <StackTrace>   at ExercisesTest.TestHelper.AssertOutputContains(Int32 positionFromBack, String expectedOutput, Boolean log) in \\mac\home\Desktop\CSExercises\ExercisesTest\TestHelper.cs:line 67
   at ExercisesTest.ExI1Test.Ex45_Test105() in \\mac\home\Desktop\CSExercises\ExercisesTest\SectionI\ExI1Test.cs:line 29
</StackTrace>
        </ErrorInfo>
      </Output>
    </UnitTestResult>
    <UnitTestResult executionId="1d9cb88c-9297-4cc1-bd6d-67bd951b1f59" testId="703d9bbb-ee8a-2635-69c5-fc611c620eee" testName="ExI2_TestRandomMaybeAlotOfFalseResult" computerName="ZANAANUAR1564" duration="00:00:00.0035258" startTime="2016-08-14T19:29:43.9295721+08:00" endTime="2016-08-14T19:29:43.9335783+08:00" testType="13cdc9d9-ddb5-4fa4-a97d-d965ccfc6d4b" outcome="Failed" testListId="8c84fa94-04c1-424b-9868-57a2d4851a1d" relativeResultsDirectory="1d9cb88c-9297-4cc1-bd6d-67bd951b1f59">
      <Output>
        <StdOut>Debug Trace:</StdOut>
        <ErrorInfo>
          <Message>Assert.IsTrue failed. No output detected</Message>
          <StackTrace>   at ExercisesTest.ExI2Test.ExI2_TestRandomMaybeAlotOfFalseResult() in \\mac\home\Desktop\CSExercises\ExercisesTest\SectionI\Ex46_Test.cs:line 20
</StackTrace>
        </ErrorInfo>
      </Output>
    </UnitTestResult>
    <UnitTestResult executionId="5f71cd63-0e38-4a37-9a8d-71f83e0b6adb" testId="3e520c80-0f62-a07e-65c9-318f860f601b" testName="ExA3_SquareOf0" computerName="ZANAANUAR1564" duration="00:00:00.0007794" startTime="2016-08-14T19:29:43.9335783+08:00" endTime="2016-08-14T19:29:43.9355666+08:00" testType="13cdc9d9-ddb5-4fa4-a97d-d965ccfc6d4b" outcome="Passed" testListId="8c84fa94-04c1-424b-9868-57a2d4851a1d" relativeResultsDirectory="5f71cd63-0e38-4a37-9a8d-71f83e0b6adb" />
    <UnitTestResult executionId="23096c3a-ddfe-4ec7-8342-e18d308c82ec" testId="9335201e-0849-2837-cc1d-4fb4bfd54e5d" testName="ExA3_SquareOf10" computerName="ZANAANUAR1564" duration="00:00:00.0003808" startTime="2016-08-14T19:29:43.9355666+08:00" endTime="2016-08-14T19:29:43.9365664+08:00" testType="13cdc9d9-ddb5-4fa4-a97d-d965ccfc6d4b" outcome="Passed" testListId="8c84fa94-04c1-424b-9868-57a2d4851a1d" relativeResultsDirectory="23096c3a-ddfe-4ec7-8342-e18d308c82ec" />
    <UnitTestResult executionId="c57581b8-38ec-4b75-899e-11a51d11d209" testId="2f4488dd-19dd-82ed-e8ad-8944a67ad6c6" testName="ExA3_SquareOfMin10" computerName="ZANAANUAR1564" duration="00:00:00.0003652" startTime="2016-08-14T19:29:43.9365664+08:00" endTime="2016-08-14T19:29:43.9375654+08:00" testType="13cdc9d9-ddb5-4fa4-a97d-d965ccfc6d4b" outcome="Passed" testListId="8c84fa94-04c1-424b-9868-57a2d4851a1d" relativeResultsDirectory="c57581b8-38ec-4b75-899e-11a51d11d209" />
  </Results>
  <TestDefinitions>
    <UnitTest name="ExA2_TestWithAName" storage="y:\desktop\csexercises\exercisestest\bin\debug\exercisestest.dll" id="8d13645f-ace3-ee52-0b1f-b75f216a1c8a">
      <Execution id="7b574482-beaf-4d94-91f5-9482130b26a1" />
      <TestMethod codeBase="Y:\Desktop\CSExercises\ExercisesTest\bin\Debug\ExercisesTest.dll" adapterTypeName="Microsoft.VisualStudio.TestTools.TestTypes.Unit.UnitTestAdapter" className="ExercisesTest.ExA2Test" name="ExA2_TestWithAName" />
    </UnitTest>
    <UnitTest name="ExC3_TestWithZero" storage="y:\desktop\csexercises\exercisestest\bin\debug\exercisestest.dll" id="e3d43c25-4879-9987-1b05-886dcab007db">
      <Execution id="be97385e-5224-4f24-91f5-4c9f2fa6a789" />
      <TestMethod codeBase="Y:\Desktop\CSExercises\ExercisesTest\bin\Debug\ExercisesTest.dll" adapterTypeName="Microsoft.VisualStudio.TestTools.TestTypes.Unit.UnitTestAdapter" className="ExercisesTest.ExC3Test" name="ExC3_TestWithZero" />
    </UnitTest>
    <UnitTest name="ExC3_TestForA" storage="y:\desktop\csexercises\exercisestest\bin\debug\exercisestest.dll" id="97c4b883-ea03-6670-c7d7-8a5271d03002">
      <Execution id="8eec2f76-b996-4698-bc54-3c0e8087135a" />
      <TestMethod codeBase="Y:\Desktop\CSExercises\ExercisesTest\bin\Debug\ExercisesTest.dll" adapterTypeName="Microsoft.VisualStudio.TestTools.TestTypes.Unit.UnitTestAdapter" className="ExercisesTest.ExC3Test" name="ExC3_TestForA" />
    </UnitTest>
    <UnitTest name="ExC3_TestForB" storage="y:\desktop\csexercises\exercisestest\bin\debug\exercisestest.dll" id="057093fc-37d3-acb2-7e8c-260165b052fe">
      <Execution id="8a24c407-f790-4605-b8a4-42872a71ae43" />
      <TestMethod codeBase="Y:\Desktop\CSExercises\ExercisesTest\bin\Debug\ExercisesTest.dll" adapterTypeName="Microsoft.VisualStudio.TestTools.TestTypes.Unit.UnitTestAdapter" className="ExercisesTest.ExC3Test" name="ExC3_TestForB" />
    </UnitTest>
    <UnitTest name="ExC3_TestForC" storage="y:\desktop\csexercises\exercisestest\bin\debug\exercisestest.dll" id="9f43dc8a-28c1-8a57-a21b-12b5d329c479">
      <Execution id="22e5330c-53ce-4d31-9ac0-76c89ff34e62" />
      <TestMethod codeBase="Y:\Desktop\CSExercises\ExercisesTest\bin\Debug\ExercisesTest.dll" adapterTypeName="Microsoft.VisualStudio.TestTools.TestTypes.Unit.UnitTestAdapter" className="ExercisesTest.ExC3Test" name="ExC3_TestForC" />
    </UnitTest>
    <UnitTest name="ExC3_TestWithNegative" storage="y:\desktop\csexercises\exercisestest\bin\debug\exercisestest.dll" id="e77da0c1-e064-d298-63e2-55fde252db14">
      <Execution id="a702a4d0-c140-40ea-b781-5b58b6429575" />
      <TestMethod codeBase="Y:\Desktop\CSExercises\ExercisesTest\bin\Debug\ExercisesTest.dll" adapterTypeName="Microsoft.VisualStudio.TestTools.TestTypes.Unit.UnitTestAdapter" className="ExercisesTest.ExC3Test" name="ExC3_TestWithNegative" />
    </UnitTest>
    <UnitTest name="ExC3_TestWithLargeNumber" storage="y:\desktop\csexercises\exercisestest\bin\debug\exercisestest.dll" id="736ce668-007a-8538-cb57-b0aa4f59c7ed">
      <Execution id="ed91ee8b-3942-4d6d-9f9e-da5734854d48" />
      <TestMethod codeBase="Y:\Desktop\CSExercises\ExercisesTest\bin\Debug\ExercisesTest.dll" adapterTypeName="Microsoft.VisualStudio.TestTools.TestTypes.Unit.UnitTestAdapter" className="ExercisesTest.ExC3Test" name="ExC3_TestWithLargeNumber" />
    </UnitTest>
    <UnitTest name="ExB5_TestWithZero" storage="y:\desktop\csexercises\exercisestest\bin\debug\exercisestest.dll" id="159ba622-1904-2602-2526-72a12ffa196f">
      <Execution id="184eb0f1-46de-4b1c-b132-f996ba9d5d05" />
      <TestMethod codeBase="Y:\Desktop\CSExercises\ExercisesTest\bin\Debug\ExercisesTest.dll" adapterTypeName="Microsoft.VisualStudio.TestTools.TestTypes.Unit.UnitTestAdapter" className="ExercisesTest.ExB5Test" name="ExB5_TestWithZero" />
    </UnitTest>
    <UnitTest name="ExB5_TestWithRandomPositiveNumber" storage="y:\desktop\csexercises\exercisestest\bin\debug\exercisestest.dll" id="4ce714ee-0184-d714-c26f-c0f025b421a2">
      <Execution id="c61571cf-7233-47d6-ba37-b128a0219f89" />
      <TestMethod codeBase="Y:\Desktop\CSExercises\ExercisesTest\bin\Debug\ExercisesTest.dll" adapterTypeName="Microsoft.VisualStudio.TestTools.TestTypes.Unit.UnitTestAdapter" className="ExercisesTest.ExB5Test" name="ExB5_TestWithRandomPositiveNumber" />
    </UnitTest>
    <UnitTest name="ExB5_TestWithRandomNegativeNumber" storage="y:\desktop\csexercises\exercisestest\bin\debug\exercisestest.dll" id="56a6c058-ff64-0a54-1bb8-aba4833eba62">
      <Execution id="72ada82b-0d9b-482d-88e3-2de593fdd8f6" />
      <TestMethod codeBase="Y:\Desktop\CSExercises\ExercisesTest\bin\Debug\ExercisesTest.dll" adapterTypeName="Microsoft.VisualStudio.TestTools.TestTypes.Unit.UnitTestAdapter" className="ExercisesTest.ExB5Test" name="ExB5_TestWithRandomNegativeNumber" />
    </UnitTest>
    <UnitTest name="ExB4_TestWithZero" storage="y:\desktop\csexercises\exercisestest\bin\debug\exercisestest.dll" id="521f27a5-8565-5e7d-7db9-96f0742480e4">
      <Execution id="5680e8fd-6db0-4b0d-9d23-73091367bf58" />
      <TestMethod codeBase="Y:\Desktop\CSExercises\ExercisesTest\bin\Debug\ExercisesTest.dll" adapterTypeName="Microsoft.VisualStudio.TestTools.TestTypes.Unit.UnitTestAdapter" className="ExercisesTest.ExB4Test" name="ExB4_TestWithZero" />
    </UnitTest>
    <UnitTest name="ExB4_TestWithRandomPositiveNumber" storage="y:\desktop\csexercises\exercisestest\bin\debug\exercisestest.dll" id="d3c73420-c493-2580-26b5-713efb8af071">
      <Execution id="86e182cb-6a5d-4ebc-b6ee-333342f51aaa" />
      <TestMethod codeBase="Y:\Desktop\CSExercises\ExercisesTest\bin\Debug\ExercisesTest.dll" adapterTypeName="Microsoft.VisualStudio.TestTools.TestTypes.Unit.UnitTestAdapter" className="ExercisesTest.ExB4Test" name="ExB4_TestWithRandomPositiveNumber" />
    </UnitTest>
    <UnitTest name="ExB4_TestWithRandomNegativeNumber" storage="y:\desktop\csexercises\exercisestest\bin\debug\exercisestest.dll" id="07543d53-3299-9504-fc22-6f3224244293">
      <Execution id="9e6814f4-76ac-486c-928c-1f5f16c93892" />
      <TestMethod codeBase="Y:\Desktop\CSExercises\ExercisesTest\bin\Debug\ExercisesTest.dll" adapterTypeName="Microsoft.VisualStudio.TestTools.TestTypes.Unit.UnitTestAdapter" className="ExercisesTest.ExB4Test" name="ExB4_TestWithRandomNegativeNumber" />
    </UnitTest>
    <UnitTest name="ExB3_TestWithZero" storage="y:\desktop\csexercises\exercisestest\bin\debug\exercisestest.dll" id="547d9154-166e-a709-4ab7-dbf01b9db8a0">
      <Execution id="6d9361ea-7922-4d9c-b757-fcb52092cbb2" />
      <TestMethod codeBase="Y:\Desktop\CSExercises\ExercisesTest\bin\Debug\ExercisesTest.dll" adapterTypeName="Microsoft.VisualStudio.TestTools.TestTypes.Unit.UnitTestAdapter" className="ExercisesTest.ExB3Test" name="ExB3_TestWithZero" />
    </UnitTest>
    <UnitTest name="ExB3_TestWithRandomNumber" storage="y:\desktop\csexercises\exercisestest\bin\debug\exercisestest.dll" id="ff06b2a1-aac2-2828-23bf-4e83c2715f17">
      <Execution id="5ffdc828-da15-41f9-8e36-6f4cbcf27348" />
      <TestMethod codeBase="Y:\Desktop\CSExercises\ExercisesTest\bin\Debug\ExercisesTest.dll" adapterTypeName="Microsoft.VisualStudio.TestTools.TestTypes.Unit.UnitTestAdapter" className="ExercisesTest.ExB3Test" name="ExB3_TestWithRandomNumber" />
    </UnitTest>
    <UnitTest name="ExB2_TestWithZero" storage="y:\desktop\csexercises\exercisestest\bin\debug\exercisestest.dll" id="dd7a1cf7-7671-a70a-aef5-f365aedd4d0e">
      <Execution id="4d3eeda2-f439-4ff6-a62c-bc1bd5829fc6" />
      <TestMethod codeBase="Y:\Desktop\CSExercises\ExercisesTest\bin\Debug\ExercisesTest.dll" adapterTypeName="Microsoft.VisualStudio.TestTools.TestTypes.Unit.UnitTestAdapter" className="ExercisesTest.ExB2Test" name="ExB2_TestWithZero" />
    </UnitTest>
    <UnitTest name="ExB2_TestWithRandomNumber" storage="y:\desktop\csexercises\exercisestest\bin\debug\exercisestest.dll" id="1e6e95e5-93d0-8567-b766-24daa399e7a5">
      <Execution id="61d137c7-15aa-4639-8b87-81e6adcbe451" />
      <TestMethod codeBase="Y:\Desktop\CSExercises\ExercisesTest\bin\Debug\ExercisesTest.dll" adapterTypeName="Microsoft.VisualStudio.TestTools.TestTypes.Unit.UnitTestAdapter" className="ExercisesTest.ExB2Test" name="ExB2_TestWithRandomNumber" />
    </UnitTest>
    <UnitTest name="ExB1_TestWithZero" storage="y:\desktop\csexercises\exercisestest\bin\debug\exercisestest.dll" id="928f0289-fc26-87c9-cbcc-7860f04c41e5">
      <Execution id="dc1dcfb9-d2ee-48b9-8596-5e883df4dbac" />
      <TestMethod codeBase="Y:\Desktop\CSExercises\ExercisesTest\bin\Debug\ExercisesTest.dll" adapterTypeName="Microsoft.VisualStudio.TestTools.TestTypes.Unit.UnitTestAdapter" className="ExercisesTest.ExB1Test" name="ExB1_TestWithZero" />
    </UnitTest>
    <UnitTest name="ExB1_TestWithRandomNumber" storage="y:\desktop\csexercises\exercisestest\bin\debug\exercisestest.dll" id="cf3fce46-434f-4b13-6b4c-ced354dd07f6">
      <Execution id="c56d748a-022f-4050-ac43-6858f97f5416" />
      <TestMethod codeBase="Y:\Desktop\CSExercises\ExercisesTest\bin\Debug\ExercisesTest.dll" adapterTypeName="Microsoft.VisualStudio.TestTools.TestTypes.Unit.UnitTestAdapter" className="ExercisesTest.ExB1Test" name="ExB1_TestWithRandomNumber" />
    </UnitTest>
    <UnitTest name="ExA5_Case1" storage="y:\desktop\csexercises\exercisestest\bin\debug\exercisestest.dll" id="76d0a13b-ab80-9522-b82c-80ef6e94b587">
      <Execution id="866c99b8-ac59-4c64-b652-6e24f1dd77d9" />
      <TestMethod codeBase="Y:\Desktop\CSExercises\ExercisesTest\bin\Debug\ExercisesTest.dll" adapterTypeName="Microsoft.VisualStudio.TestTools.TestTypes.Unit.UnitTestAdapter" className="ExercisesTest.ExA5Test" name="ExA5_Case1" />
    </UnitTest>
    <UnitTest name="ExA5_Case2" storage="y:\desktop\csexercises\exercisestest\bin\debug\exercisestest.dll" id="22a0a7fb-7586-1091-0284-41aa8e900d3a">
      <Execution id="b56d02b4-18e0-4df4-9d82-347ffd861d35" />
      <TestMethod codeBase="Y:\Desktop\CSExercises\ExercisesTest\bin\Debug\ExercisesTest.dll" adapterTypeName="Microsoft.VisualStudio.TestTools.TestTypes.Unit.UnitTestAdapter" className="ExercisesTest.ExA5Test" name="ExA5_Case2" />
    </UnitTest>
    <UnitTest name="ExA5_Case3" storage="y:\desktop\csexercises\exercisestest\bin\debug\exercisestest.dll" id="220c17f5-86fd-d612-976c-3a2f2514a9ee">
      <Execution id="57687514-4c8d-47d1-85db-1fccd838682d" />
      <TestMethod codeBase="Y:\Desktop\CSExercises\ExercisesTest\bin\Debug\ExercisesTest.dll" adapterTypeName="Microsoft.VisualStudio.TestTools.TestTypes.Unit.UnitTestAdapter" className="ExercisesTest.ExA5Test" name="ExA5_Case3" />
    </UnitTest>
    <UnitTest name="ExA5_Case4" storage="y:\desktop\csexercises\exercisestest\bin\debug\exercisestest.dll" id="eeda8489-f414-b738-730a-b86d9a065988">
      <Execution id="c4aa2967-9024-4e72-975b-045ae7991401" />
      <TestMethod codeBase="Y:\Desktop\CSExercises\ExercisesTest\bin\Debug\ExercisesTest.dll" adapterTypeName="Microsoft.VisualStudio.TestTools.TestTypes.Unit.UnitTestAdapter" className="ExercisesTest.ExA5Test" name="ExA5_Case4" />
    </UnitTest>
    <UnitTest name="ExA4_SquareOf0" storage="y:\desktop\csexercises\exercisestest\bin\debug\exercisestest.dll" id="7c77c2c8-c4ae-c33d-b32c-0c27ea0a4ea6">
      <Execution id="2f1d12ae-5773-43cd-9630-11a839ca24bd" />
      <TestMethod codeBase="Y:\Desktop\CSExercises\ExercisesTest\bin\Debug\ExercisesTest.dll" adapterTypeName="Microsoft.VisualStudio.TestTools.TestTypes.Unit.UnitTestAdapter" className="ExercisesTest.ExA4Test" name="ExA4_SquareOf0" />
    </UnitTest>
    <UnitTest name="ExA4_SquareOf10" storage="y:\desktop\csexercises\exercisestest\bin\debug\exercisestest.dll" id="06b9133f-4899-3a9e-2fb2-27c70cb6b199">
      <Execution id="9650a05f-3593-4ae8-8790-a9d4c3bb46b2" />
      <TestMethod codeBase="Y:\Desktop\CSExercises\ExercisesTest\bin\Debug\ExercisesTest.dll" adapterTypeName="Microsoft.VisualStudio.TestTools.TestTypes.Unit.UnitTestAdapter" className="ExercisesTest.ExA4Test" name="ExA4_SquareOf10" />
    </UnitTest>
    <UnitTest name="ExA4_SquareOfMin10" storage="y:\desktop\csexercises\exercisestest\bin\debug\exercisestest.dll" id="bb1830d4-461e-fe67-a1f1-5256b7d4a372">
      <Execution id="08f45c9e-2c1f-470d-84c3-672b5f90df92" />
      <TestMethod codeBase="Y:\Desktop\CSExercises\ExercisesTest\bin\Debug\ExercisesTest.dll" adapterTypeName="Microsoft.VisualStudio.TestTools.TestTypes.Unit.UnitTestAdapter" className="ExercisesTest.ExA4Test" name="ExA4_SquareOfMin10" />
    </UnitTest>
    <UnitTest name="ExB6_TestWithZero" storage="y:\desktop\csexercises\exercisestest\bin\debug\exercisestest.dll" id="b0fe1b76-85dd-996a-6897-764077fa221a">
      <Execution id="57370f5e-22fc-4a5d-9f4d-c290e83e45c8" />
      <TestMethod codeBase="Y:\Desktop\CSExercises\ExercisesTest\bin\Debug\ExercisesTest.dll" adapterTypeName="Microsoft.VisualStudio.TestTools.TestTypes.Unit.UnitTestAdapter" className="ExercisesTest.ExB6Test" name="ExB6_TestWithZero" />
    </UnitTest>
    <UnitTest name="ExB6_TestWithPositiveNumber" storage="y:\desktop\csexercises\exercisestest\bin\debug\exercisestest.dll" id="3e2b89e5-e2cc-63c8-e53e-5e4f06942620">
      <Execution id="ae8f980e-aef8-4800-8aad-609699620102" />
      <TestMethod codeBase="Y:\Desktop\CSExercises\ExercisesTest\bin\Debug\ExercisesTest.dll" adapterTypeName="Microsoft.VisualStudio.TestTools.TestTypes.Unit.UnitTestAdapter" className="ExercisesTest.ExB6Test" name="ExB6_TestWithPositiveNumber" />
    </UnitTest>
    <UnitTest name="ExB6_TestWithNegativeNumber" storage="y:\desktop\csexercises\exercisestest\bin\debug\exercisestest.dll" id="09a74379-7aab-b6a3-6c3c-bf77ba90813f">
      <Execution id="d6152640-5c2c-4c49-9a0d-f37730005f76" />
      <TestMethod codeBase="Y:\Desktop\CSExercises\ExercisesTest\bin\Debug\ExercisesTest.dll" adapterTypeName="Microsoft.VisualStudio.TestTools.TestTypes.Unit.UnitTestAdapter" className="ExercisesTest.ExB6Test" name="ExB6_TestWithNegativeNumber" />
    </UnitTest>
    <UnitTest name="ExB7_TestWithZero" storage="y:\desktop\csexercises\exercisestest\bin\debug\exercisestest.dll" id="5d10d8c6-9801-fba8-47ea-4f24d629e64e">
      <Execution id="f3746de4-1490-4206-b454-837784baaf57" />
      <TestMethod codeBase="Y:\Desktop\CSExercises\ExercisesTest\bin\Debug\ExercisesTest.dll" adapterTypeName="Microsoft.VisualStudio.TestTools.TestTypes.Unit.UnitTestAdapter" className="ExercisesTest.ExB7Test" name="ExB7_TestWithZero" />
    </UnitTest>
    <UnitTest name="ExB7_TestWithRandomPositiveNumber" storage="y:\desktop\csexercises\exercisestest\bin\debug\exercisestest.dll" id="8a3c2921-0d21-9733-b802-8fd60efda746">
      <Execution id="ac512602-f48f-4e7b-89bf-a36fa0a403bf" />
      <TestMethod codeBase="Y:\Desktop\CSExercises\ExercisesTest\bin\Debug\ExercisesTest.dll" adapterTypeName="Microsoft.VisualStudio.TestTools.TestTypes.Unit.UnitTestAdapter" className="ExercisesTest.ExB7Test" name="ExB7_TestWithRandomPositiveNumber" />
    </UnitTest>
    <UnitTest name="ExB8_TestWithZero" storage="y:\desktop\csexercises\exercisestest\bin\debug\exercisestest.dll" id="d8f4ff5b-1da8-68e0-6735-dca747510bd3">
      <Execution id="70c376d4-761b-42c5-a516-54d9e5c4cd2f" />
      <TestMethod codeBase="Y:\Desktop\CSExercises\ExercisesTest\bin\Debug\ExercisesTest.dll" adapterTypeName="Microsoft.VisualStudio.TestTools.TestTypes.Unit.UnitTestAdapter" className="ExercisesTest.ExB8Test" name="ExB8_TestWithZero" />
    </UnitTest>
    <UnitTest name="ExB8_TestWithRandomPositiveNumber" storage="y:\desktop\csexercises\exercisestest\bin\debug\exercisestest.dll" id="4c46834b-f4c3-08ad-a27c-3715addd7c00">
      <Execution id="38d28492-3ce2-44ca-bc42-f1bd64a1da80" />
      <TestMethod codeBase="Y:\Desktop\CSExercises\ExercisesTest\bin\Debug\ExercisesTest.dll" adapterTypeName="Microsoft.VisualStudio.TestTools.TestTypes.Unit.UnitTestAdapter" className="ExercisesTest.ExB8Test" name="ExB8_TestWithRandomPositiveNumber" />
    </UnitTest>
    <UnitTest name="ExB9TestWithZero" storage="y:\desktop\csexercises\exercisestest\bin\debug\exercisestest.dll" id="4d421191-ce69-78f3-5526-c5d9422be733">
      <Execution id="c0e6d0c6-e0d4-41c9-b6e5-6a5914883e1d" />
      <TestMethod codeBase="Y:\Desktop\CSExercises\ExercisesTest\bin\Debug\ExercisesTest.dll" adapterTypeName="Microsoft.VisualStudio.TestTools.TestTypes.Unit.UnitTestAdapter" className="ExercisesTest.ExB9Test" name="ExB9TestWithZero" />
    </UnitTest>
    <UnitTest name="ExB9TestWithRandomPositiveNumber" storage="y:\desktop\csexercises\exercisestest\bin\debug\exercisestest.dll" id="2514325f-8396-182f-50e8-0dd4b88ec67a">
      <Execution id="7b3dc165-8f97-4d79-8597-0a84b0599f35" />
      <TestMethod codeBase="Y:\Desktop\CSExercises\ExercisesTest\bin\Debug\ExercisesTest.dll" adapterTypeName="Microsoft.VisualStudio.TestTools.TestTypes.Unit.UnitTestAdapter" className="ExercisesTest.ExB9Test" name="ExB9TestWithRandomPositiveNumber" />
    </UnitTest>
    <UnitTest name="ExB10_TestWithZero" storage="y:\desktop\csexercises\exercisestest\bin\debug\exercisestest.dll" id="2f64d7d7-397c-497d-5ac2-6f48b2c6e87a">
      <Execution id="2709abc0-7bee-4fdf-9c41-623d3d1117ae" />
      <TestMethod codeBase="Y:\Desktop\CSExercises\ExercisesTest\bin\Debug\ExercisesTest.dll" adapterTypeName="Microsoft.VisualStudio.TestTools.TestTypes.Unit.UnitTestAdapter" className="ExercisesTest.ExB10_Test" name="ExB10_TestWithZero" />
    </UnitTest>
    <UnitTest name="ExB10_TestWithPositiveNumber" storage="y:\desktop\csexercises\exercisestest\bin\debug\exercisestest.dll" id="2c0176f9-773e-372e-9030-1985551cf0c5">
      <Execution id="7a63bd17-63e8-4f69-abef-25470571caa9" />
      <TestMethod codeBase="Y:\Desktop\CSExercises\ExercisesTest\bin\Debug\ExercisesTest.dll" adapterTypeName="Microsoft.VisualStudio.TestTools.TestTypes.Unit.UnitTestAdapter" className="ExercisesTest.ExB10_Test" name="ExB10_TestWithPositiveNumber" />
    </UnitTest>
    <UnitTest name="ExC5_TestWithAmstrongNumber" storage="y:\desktop\csexercises\exercisestest\bin\debug\exercisestest.dll" id="f44f585d-496a-ceff-8ec5-5aa583d03039">
      <Execution id="658f61fb-643f-42f6-8346-408daf11309d" />
      <TestMethod codeBase="Y:\Desktop\CSExercises\ExercisesTest\bin\Debug\ExercisesTest.dll" adapterTypeName="Microsoft.VisualStudio.TestTools.TestTypes.Unit.UnitTestAdapter" className="ExercisesTest.ExC5Test" name="ExC5_TestWithAmstrongNumber" />
    </UnitTest>
    <UnitTest name="ExC5_TestWithRandomPositiveNumber" storage="y:\desktop\csexercises\exercisestest\bin\debug\exercisestest.dll" id="403ee091-5d56-e49f-11e0-a0069db2d71f">
      <Execution id="4e90f956-a76d-4226-9981-d1483f1a39d1" />
      <TestMethod codeBase="Y:\Desktop\CSExercises\ExercisesTest\bin\Debug\ExercisesTest.dll" adapterTypeName="Microsoft.VisualStudio.TestTools.TestTypes.Unit.UnitTestAdapter" className="ExercisesTest.ExC5Test" name="ExC5_TestWithRandomPositiveNumber" />
    </UnitTest>
    <UnitTest name="ExC1_TestWithMale" storage="y:\desktop\csexercises\exercisestest\bin\debug\exercisestest.dll" id="61d166ef-4cfe-77e3-b543-897aca364290">
      <Execution id="8240a555-21c3-46bc-aef0-e2032cdb5c95" />
      <TestMethod codeBase="Y:\Desktop\CSExercises\ExercisesTest\bin\Debug\ExercisesTest.dll" adapterTypeName="Microsoft.VisualStudio.TestTools.TestTypes.Unit.UnitTestAdapter" className="ExercisesTest.ExC1Test" name="ExC1_TestWithMale" />
    </UnitTest>
    <UnitTest name="ExC1_TestWithFemale" storage="y:\desktop\csexercises\exercisestest\bin\debug\exercisestest.dll" id="f01da9c2-186f-f432-e2ea-a4bf6e6db11b">
      <Execution id="0771f695-08b4-4f14-8d64-0cc1da97a0ae" />
      <TestMethod codeBase="Y:\Desktop\CSExercises\ExercisesTest\bin\Debug\ExercisesTest.dll" adapterTypeName="Microsoft.VisualStudio.TestTools.TestTypes.Unit.UnitTestAdapter" className="ExercisesTest.ExC1Test" name="ExC1_TestWithFemale" />
    </UnitTest>
    <UnitTest name="ExC1_TestWithUnknown" storage="y:\desktop\csexercises\exercisestest\bin\debug\exercisestest.dll" id="437f057a-e785-23b6-2c3b-fdb00373c2ea">
      <Execution id="f0563493-5850-42ed-ac00-c336a9ddc752" />
      <TestMethod codeBase="Y:\Desktop\CSExercises\ExercisesTest\bin\Debug\ExercisesTest.dll" adapterTypeName="Microsoft.VisualStudio.TestTools.TestTypes.Unit.UnitTestAdapter" className="ExercisesTest.ExC1Test" name="ExC1_TestWithUnknown" />
    </UnitTest>
    <UnitTest name="ExC2_TestWithUncle" storage="y:\desktop\csexercises\exercisestest\bin\debug\exercisestest.dll" id="2cc7dc39-d769-d794-e8ff-a77afcb7d16c">
      <Execution id="b1f7dad4-ddbe-47dc-adea-6000cdf01560" />
      <TestMethod codeBase="Y:\Desktop\CSExercises\ExercisesTest\bin\Debug\ExercisesTest.dll" adapterTypeName="Microsoft.VisualStudio.TestTools.TestTypes.Unit.UnitTestAdapter" className="ExercisesTest.ExC2_Test" name="ExC2_TestWithUncle" />
    </UnitTest>
    <UnitTest name="ExC2_TestWithAunty" storage="y:\desktop\csexercises\exercisestest\bin\debug\exercisestest.dll" id="358b895f-9561-e345-43e3-0530571178f3">
      <Execution id="538bf5be-ab3a-4c95-a898-cc6c40ecf44e" />
      <TestMethod codeBase="Y:\Desktop\CSExercises\ExercisesTest\bin\Debug\ExercisesTest.dll" adapterTypeName="Microsoft.VisualStudio.TestTools.TestTypes.Unit.UnitTestAdapter" className="ExercisesTest.ExC2_Test" name="ExC2_TestWithAunty" />
    </UnitTest>
    <UnitTest name="ExC2_TestWitMr" storage="y:\desktop\csexercises\exercisestest\bin\debug\exercisestest.dll" id="5786c8fe-760a-f1e2-51f3-9bf03ba7c133">
      <Execution id="1a6682b5-61b1-479b-b5f1-ee8b940f1f7a" />
      <TestMethod codeBase="Y:\Desktop\CSExercises\ExercisesTest\bin\Debug\ExercisesTest.dll" adapterTypeName="Microsoft.VisualStudio.TestTools.TestTypes.Unit.UnitTestAdapter" className="ExercisesTest.ExC2_Test" name="ExC2_TestWitMr" />
    </UnitTest>
    <UnitTest name="ExC2_TestWithMs" storage="y:\desktop\csexercises\exercisestest\bin\debug\exercisestest.dll" id="1d1c8a71-2287-e26b-162e-49d36eb500a6">
      <Execution id="2e2cf3ea-fc68-4541-a6ba-47007930aafc" />
      <TestMethod codeBase="Y:\Desktop\CSExercises\ExercisesTest\bin\Debug\ExercisesTest.dll" adapterTypeName="Microsoft.VisualStudio.TestTools.TestTypes.Unit.UnitTestAdapter" className="ExercisesTest.ExC2_Test" name="ExC2_TestWithMs" />
    </UnitTest>
    <UnitTest name="ExC2_TestWithUnknown" storage="y:\desktop\csexercises\exercisestest\bin\debug\exercisestest.dll" id="3f3b4237-6c70-8c91-dc5f-29e8e770339b">
      <Execution id="350fc957-35a6-47e6-9a14-d735cb96c01f" />
      <TestMethod codeBase="Y:\Desktop\CSExercises\ExercisesTest\bin\Debug\ExercisesTest.dll" adapterTypeName="Microsoft.VisualStudio.TestTools.TestTypes.Unit.UnitTestAdapter" className="ExercisesTest.ExC2_Test" name="ExC2_TestWithUnknown" />
    </UnitTest>
    <UnitTest name="ExC4_TestWithZero" storage="y:\desktop\csexercises\exercisestest\bin\debug\exercisestest.dll" id="66b3003b-1aa8-40bb-c162-a94b6568685b">
      <Execution id="c4be5c8a-bbe3-4f82-9603-a643db9bb159" />
      <TestMethod codeBase="Y:\Desktop\CSExercises\ExercisesTest\bin\Debug\ExercisesTest.dll" adapterTypeName="Microsoft.VisualStudio.TestTools.TestTypes.Unit.UnitTestAdapter" className="ExercisesTest.ExC4Test" name="ExC4_TestWithZero" />
    </UnitTest>
    <UnitTest name="ExC4TestWithHalf" storage="y:\desktop\csexercises\exercisestest\bin\debug\exercisestest.dll" id="b31774ee-007b-47f0-8e32-c6031c54d16f">
      <Execution id="ee4582ea-f173-4ac2-a822-e889ca3bf7b5" />
      <TestMethod codeBase="Y:\Desktop\CSExercises\ExercisesTest\bin\Debug\ExercisesTest.dll" adapterTypeName="Microsoft.VisualStudio.TestTools.TestTypes.Unit.UnitTestAdapter" className="ExercisesTest.ExC4Test" name="ExC4TestWithHalf" />
    </UnitTest>
    <UnitTest name="ExC4Test9Km" storage="y:\desktop\csexercises\exercisestest\bin\debug\exercisestest.dll" id="27d651a7-a3b9-7a3a-3e05-60be06064821">
      <Execution id="f1525968-242b-4b8f-b74b-a2f14fc8f472" />
      <TestMethod codeBase="Y:\Desktop\CSExercises\ExercisesTest\bin\Debug\ExercisesTest.dll" adapterTypeName="Microsoft.VisualStudio.TestTools.TestTypes.Unit.UnitTestAdapter" className="ExercisesTest.ExC4Test" name="ExC4Test9Km" />
    </UnitTest>
    <UnitTest name="ExC4Test1213Km" storage="y:\desktop\csexercises\exercisestest\bin\debug\exercisestest.dll" id="99cc52e4-4ede-d6f1-699a-639a70caf19e">
      <Execution id="3c20eeb4-d2d0-4570-b86f-095e6fc2ec12" />
      <TestMethod codeBase="Y:\Desktop\CSExercises\ExercisesTest\bin\Debug\ExercisesTest.dll" adapterTypeName="Microsoft.VisualStudio.TestTools.TestTypes.Unit.UnitTestAdapter" className="ExercisesTest.ExC4Test" name="ExC4Test1213Km" />
    </UnitTest>
    <UnitTest name="ExC6_TestWithZero" storage="y:\desktop\csexercises\exercisestest\bin\debug\exercisestest.dll" id="f232122e-0613-e1ee-dfe5-9b85a22cd2b0">
      <Execution id="593300dc-721e-4987-9a65-ea0bc051a234" />
      <TestMethod codeBase="Y:\Desktop\CSExercises\ExercisesTest\bin\Debug\ExercisesTest.dll" adapterTypeName="Microsoft.VisualStudio.TestTools.TestTypes.Unit.UnitTestAdapter" className="ExercisesTest.ExC6Test" name="ExC6_TestWithZero" />
    </UnitTest>
    <UnitTest name="ExC6_TestWithOneProduct1" storage="y:\desktop\csexercises\exercisestest\bin\debug\exercisestest.dll" id="ae4e66b0-9a29-2a92-aee9-fdf389c27fe6">
      <Execution id="667a1bd7-f30f-43a3-a667-69bdfedb15d9" />
      <TestMethod codeBase="Y:\Desktop\CSExercises\ExercisesTest\bin\Debug\ExercisesTest.dll" adapterTypeName="Microsoft.VisualStudio.TestTools.TestTypes.Unit.UnitTestAdapter" className="ExercisesTest.ExC6Test" name="ExC6_TestWithOneProduct1" />
    </UnitTest>
    <UnitTest name="ExC6_TestWithOneProduct2" storage="y:\desktop\csexercises\exercisestest\bin\debug\exercisestest.dll" id="4297656f-1197-d292-0489-69d8ad93083c">
      <Execution id="9bc3f2be-1ca6-4078-be87-e3723b833254" />
      <TestMethod codeBase="Y:\Desktop\CSExercises\ExercisesTest\bin\Debug\ExercisesTest.dll" adapterTypeName="Microsoft.VisualStudio.TestTools.TestTypes.Unit.UnitTestAdapter" className="ExercisesTest.ExC6Test" name="ExC6_TestWithOneProduct2" />
    </UnitTest>
    <UnitTest name="ExC6_TestWithOneProduct3" storage="y:\desktop\csexercises\exercisestest\bin\debug\exercisestest.dll" id="527da127-2853-1a9b-a2ad-f3585c728530">
      <Execution id="250c4a89-b556-4f91-84e7-004d9164fbc2" />
      <TestMethod codeBase="Y:\Desktop\CSExercises\ExercisesTest\bin\Debug\ExercisesTest.dll" adapterTypeName="Microsoft.VisualStudio.TestTools.TestTypes.Unit.UnitTestAdapter" className="ExercisesTest.ExC6Test" name="ExC6_TestWithOneProduct3" />
    </UnitTest>
    <UnitTest name="ExC6_TestWithOneProduct4" storage="y:\desktop\csexercises\exercisestest\bin\debug\exercisestest.dll" id="62915065-52ff-5fd8-8913-0189d77875c3">
      <Execution id="d839ba95-b4eb-41c1-b074-59305a378b79" />
      <TestMethod codeBase="Y:\Desktop\CSExercises\ExercisesTest\bin\Debug\ExercisesTest.dll" adapterTypeName="Microsoft.VisualStudio.TestTools.TestTypes.Unit.UnitTestAdapter" className="ExercisesTest.ExC6Test" name="ExC6_TestWithOneProduct4" />
    </UnitTest>
    <UnitTest name="ExC6_TestWithOneProduct5" storage="y:\desktop\csexercises\exercisestest\bin\debug\exercisestest.dll" id="14d8a934-4e3c-5ff4-d896-b004187a9351">
      <Execution id="f492fd1c-0bca-4f44-a5d7-a9394dae11c0" />
      <TestMethod codeBase="Y:\Desktop\CSExercises\ExercisesTest\bin\Debug\ExercisesTest.dll" adapterTypeName="Microsoft.VisualStudio.TestTools.TestTypes.Unit.UnitTestAdapter" className="ExercisesTest.ExC6Test" name="ExC6_TestWithOneProduct5" />
    </UnitTest>
    <UnitTest name="ExC6_TestWithTwoProducts1" storage="y:\desktop\csexercises\exercisestest\bin\debug\exercisestest.dll" id="8206a26a-e532-85c1-9aad-17a6a0a5bdf0">
      <Execution id="21144761-3e13-4cfe-acd8-c0a661f07246" />
      <TestMethod codeBase="Y:\Desktop\CSExercises\ExercisesTest\bin\Debug\ExercisesTest.dll" adapterTypeName="Microsoft.VisualStudio.TestTools.TestTypes.Unit.UnitTestAdapter" className="ExercisesTest.ExC6Test" name="ExC6_TestWithTwoProducts1" />
    </UnitTest>
    <UnitTest name="ExC6_TestWithThreeProducts1" storage="y:\desktop\csexercises\exercisestest\bin\debug\exercisestest.dll" id="59543185-c115-6f05-fde4-7a3a3cf60da3">
      <Execution id="9d21f1c6-c42e-45a9-9157-d0910f55fca9" />
      <TestMethod codeBase="Y:\Desktop\CSExercises\ExercisesTest\bin\Debug\ExercisesTest.dll" adapterTypeName="Microsoft.VisualStudio.TestTools.TestTypes.Unit.UnitTestAdapter" className="ExercisesTest.ExC6Test" name="ExC6_TestWithThreeProducts1" />
    </UnitTest>
    <UnitTest name="ExD1_TestWith88" storage="y:\desktop\csexercises\exercisestest\bin\debug\exercisestest.dll" id="817d2cfb-2701-d099-0d77-7dda9f9ee260">
      <Execution id="8dd66960-4009-436b-ae39-fa7b2bc38369" />
      <TestMethod codeBase="Y:\Desktop\CSExercises\ExercisesTest\bin\Debug\ExercisesTest.dll" adapterTypeName="Microsoft.VisualStudio.TestTools.TestTypes.Unit.UnitTestAdapter" className="ExercisesTest.ExD1Test" name="ExD1_TestWith88" />
    </UnitTest>
    <UnitTest name="ExD1_TestNo88" storage="y:\desktop\csexercises\exercisestest\bin\debug\exercisestest.dll" id="b3b356b0-b86d-68eb-f1fa-a1fb7eedeab6">
      <Execution id="b7417e68-b55e-422c-a5c0-06ef0c414454" />
      <TestMethod codeBase="Y:\Desktop\CSExercises\ExercisesTest\bin\Debug\ExercisesTest.dll" adapterTypeName="Microsoft.VisualStudio.TestTools.TestTypes.Unit.UnitTestAdapter" className="ExercisesTest.ExD1Test" name="ExD1_TestNo88" />
    </UnitTest>
    <UnitTest name="ExD2_TestWithPositiveNumber1" storage="y:\desktop\csexercises\exercisestest\bin\debug\exercisestest.dll" id="37f78f12-4ace-98e0-52e8-3408fb66f00f">
      <Execution id="45395a11-536b-4a63-9ea0-c07f7e9803c6" />
      <TestMethod codeBase="Y:\Desktop\CSExercises\ExercisesTest\bin\Debug\ExercisesTest.dll" adapterTypeName="Microsoft.VisualStudio.TestTools.TestTypes.Unit.UnitTestAdapter" className="ExercisesTest.ExD2Test" name="ExD2_TestWithPositiveNumber1" />
    </UnitTest>
    <UnitTest name="ExD2_TestWithPositiveNumber2" storage="y:\desktop\csexercises\exercisestest\bin\debug\exercisestest.dll" id="31cdd151-4b4e-8af1-a309-064dea303c76">
      <Execution id="3fc74e7f-adae-4586-a8b7-46ca1d90330b" />
      <TestMethod codeBase="Y:\Desktop\CSExercises\ExercisesTest\bin\Debug\ExercisesTest.dll" adapterTypeName="Microsoft.VisualStudio.TestTools.TestTypes.Unit.UnitTestAdapter" className="ExercisesTest.ExD2Test" name="ExD2_TestWithPositiveNumber2" />
    </UnitTest>
    <UnitTest name="ExD3_TestRepeatedly" storage="y:\desktop\csexercises\exercisestest\bin\debug\exercisestest.dll" id="5c4545c1-1c4b-68f6-8b78-e5e65fc45da5">
      <Execution id="eaded0d8-12c4-40a0-8042-4fbd55602c31" />
      <TestMethod codeBase="Y:\Desktop\CSExercises\ExercisesTest\bin\Debug\ExercisesTest.dll" adapterTypeName="Microsoft.VisualStudio.TestTools.TestTypes.Unit.UnitTestAdapter" className="ExercisesTest.ExD3Test" name="ExD3_TestRepeatedly" />
    </UnitTest>
    <UnitTest name="ExD4_TestSimpleNumber" storage="y:\desktop\csexercises\exercisestest\bin\debug\exercisestest.dll" id="41d254a0-3988-4fe8-c401-d6db7cf41541">
      <Execution id="21c73e2d-4f18-462f-b071-6ccdb0f7eab6" />
      <TestMethod codeBase="Y:\Desktop\CSExercises\ExercisesTest\bin\Debug\ExercisesTest.dll" adapterTypeName="Microsoft.VisualStudio.TestTools.TestTypes.Unit.UnitTestAdapter" className="ExercisesTest.ExD4Test" name="ExD4_TestSimpleNumber" />
    </UnitTest>
    <UnitTest name="ExD4_TestBiggerNumber" storage="y:\desktop\csexercises\exercisestest\bin\debug\exercisestest.dll" id="f786c760-8fd9-385b-4101-e13a18a86146">
      <Execution id="bfec8d0b-84d4-4649-a6b9-8f21f868d9d3" />
      <TestMethod codeBase="Y:\Desktop\CSExercises\ExercisesTest\bin\Debug\ExercisesTest.dll" adapterTypeName="Microsoft.VisualStudio.TestTools.TestTypes.Unit.UnitTestAdapter" className="ExercisesTest.ExD4Test" name="ExD4_TestBiggerNumber" />
    </UnitTest>
    <UnitTest name="ExE1_TestSimpleNumber" storage="y:\desktop\csexercises\exercisestest\bin\debug\exercisestest.dll" id="93d33d17-2fa5-03db-e35e-54470f3d1f7b">
      <Execution id="d1742071-9992-45dd-ba81-0393235f9c4d" />
      <TestMethod codeBase="Y:\Desktop\CSExercises\ExercisesTest\bin\Debug\ExercisesTest.dll" adapterTypeName="Microsoft.VisualStudio.TestTools.TestTypes.Unit.UnitTestAdapter" className="ExercisesTest.ExE1Test" name="ExE1_TestSimpleNumber" />
    </UnitTest>
    <UnitTest name="ExE1_TestBiggerNumber" storage="y:\desktop\csexercises\exercisestest\bin\debug\exercisestest.dll" id="5a209ef6-6f45-28e6-9185-5b832c31792d">
      <Execution id="33512f94-8483-4697-bc54-5c12841098ad" />
      <TestMethod codeBase="Y:\Desktop\CSExercises\ExercisesTest\bin\Debug\ExercisesTest.dll" adapterTypeName="Microsoft.VisualStudio.TestTools.TestTypes.Unit.UnitTestAdapter" className="ExercisesTest.ExE1Test" name="ExE1_TestBiggerNumber" />
    </UnitTest>
    <UnitTest name="ExE2_TestTheOnlyCase" storage="y:\desktop\csexercises\exercisestest\bin\debug\exercisestest.dll" id="380d54ab-9eb4-5e4e-c1a8-b5b0e22a59a1">
      <Execution id="4289b727-293c-4c9f-9bd4-fbf5f6d25bec" />
      <TestMethod codeBase="Y:\Desktop\CSExercises\ExercisesTest\bin\Debug\ExercisesTest.dll" adapterTypeName="Microsoft.VisualStudio.TestTools.TestTypes.Unit.UnitTestAdapter" className="ExercisesTest.ExE2Test" name="ExE2_TestTheOnlyCase" />
    </UnitTest>
    <UnitTest name="ExE3_Test241" storage="y:\desktop\csexercises\exercisestest\bin\debug\exercisestest.dll" id="48cf3a9e-0a50-a29b-8eb0-126dcc656f66">
      <Execution id="d4c62436-5b92-4f24-9333-3dc42cbada6d" />
      <TestMethod codeBase="Y:\Desktop\CSExercises\ExercisesTest\bin\Debug\ExercisesTest.dll" adapterTypeName="Microsoft.VisualStudio.TestTools.TestTypes.Unit.UnitTestAdapter" className="ExercisesTest.ExE3Test" name="ExE3_Test241" />
    </UnitTest>
    <UnitTest name="ExE3_Test240" storage="y:\desktop\csexercises\exercisestest\bin\debug\exercisestest.dll" id="91e204a5-eff7-540d-d066-632080d4a971">
      <Execution id="d457d393-56d3-4100-b438-9fcb5c11baff" />
      <TestMethod codeBase="Y:\Desktop\CSExercises\ExercisesTest\bin\Debug\ExercisesTest.dll" adapterTypeName="Microsoft.VisualStudio.TestTools.TestTypes.Unit.UnitTestAdapter" className="ExercisesTest.ExE3Test" name="ExE3_Test240" />
    </UnitTest>
    <UnitTest name="ExE4_Test496" storage="y:\desktop\csexercises\exercisestest\bin\debug\exercisestest.dll" id="4f5a549c-a85c-793f-ddb0-ac8e48e5d0f1">
      <Execution id="2839e9f2-d61d-4824-a82f-0fd4d39e3dce" />
      <TestMethod codeBase="Y:\Desktop\CSExercises\ExercisesTest\bin\Debug\ExercisesTest.dll" adapterTypeName="Microsoft.VisualStudio.TestTools.TestTypes.Unit.UnitTestAdapter" className="ExercisesTest.ExE4Test" name="ExE4_Test496" />
    </UnitTest>
    <UnitTest name="ExE4_Test240" storage="y:\desktop\csexercises\exercisestest\bin\debug\exercisestest.dll" id="1dc75fae-43cb-7e63-4009-7965bd630b1a">
      <Execution id="54b78c0e-4eaf-4148-9c34-8b7d02dbcd85" />
      <TestMethod codeBase="Y:\Desktop\CSExercises\ExercisesTest\bin\Debug\ExercisesTest.dll" adapterTypeName="Microsoft.VisualStudio.TestTools.TestTypes.Unit.UnitTestAdapter" className="ExercisesTest.ExE4Test" name="ExE4_Test240" />
    </UnitTest>
    <UnitTest name="ExE5_TestForTheOnlyTestCase" storage="y:\desktop\csexercises\exercisestest\bin\debug\exercisestest.dll" id="442295cb-ec7e-e437-f1f2-a6c136660fa9">
      <Execution id="48bd6929-52c0-4d99-96d6-2f5c29c3f7aa" />
      <TestMethod codeBase="Y:\Desktop\CSExercises\ExercisesTest\bin\Debug\ExercisesTest.dll" adapterTypeName="Microsoft.VisualStudio.TestTools.TestTypes.Unit.UnitTestAdapter" className="ExercisesTest.ExE5Test" name="ExE5_TestForTheOnlyTestCase" />
    </UnitTest>
    <UnitTest name="ExE6_TestForTheOnlyTestCase" storage="y:\desktop\csexercises\exercisestest\bin\debug\exercisestest.dll" id="d2aa1ef4-37c8-6f4f-caac-48633678d93a">
      <Execution id="da06bcc4-1f51-4837-a2cb-a4ed9ba0af59" />
      <TestMethod codeBase="Y:\Desktop\CSExercises\ExercisesTest\bin\Debug\ExercisesTest.dll" adapterTypeName="Microsoft.VisualStudio.TestTools.TestTypes.Unit.UnitTestAdapter" className="ExercisesTest.ExE6_Test" name="ExE6_TestForTheOnlyTestCase" />
    </UnitTest>
    <UnitTest name="ExF1_TestForTheOnlyTestCase" storage="y:\desktop\csexercises\exercisestest\bin\debug\exercisestest.dll" id="dc006c73-b7ad-39c4-a618-0510c48419f9">
      <Execution id="abf6f705-ad47-40b7-8a74-e3a3eeb0f88d" />
      <TestMethod codeBase="Y:\Desktop\CSExercises\ExercisesTest\bin\Debug\ExercisesTest.dll" adapterTypeName="Microsoft.VisualStudio.TestTools.TestTypes.Unit.UnitTestAdapter" className="ExercisesTest.ExF1Test" name="ExF1_TestForTheOnlyTestCase" />
    </UnitTest>
    <UnitTest name="ExF2_TestForTheOrder" storage="y:\desktop\csexercises\exercisestest\bin\debug\exercisestest.dll" id="5af6480c-3862-4e94-bc2c-b24cac7ca661">
      <Execution id="ce476527-8e7b-42bd-9105-8009d3d16c84" />
      <TestMethod codeBase="Y:\Desktop\CSExercises\ExercisesTest\bin\Debug\ExercisesTest.dll" adapterTypeName="Microsoft.VisualStudio.TestTools.TestTypes.Unit.UnitTestAdapter" className="ExercisesTest.ExF2Test" name="ExF2_TestForTheOrder" />
    </UnitTest>
    <UnitTest name="ExF3_TestForSomeOfTheResult" storage="y:\desktop\csexercises\exercisestest\bin\debug\exercisestest.dll" id="b02f104d-c4e9-55a3-ef13-4320e9fcd6ec">
      <Execution id="f46cad8f-ed06-49b1-b549-09aa9f8b2df8" />
      <TestMethod codeBase="Y:\Desktop\CSExercises\ExercisesTest\bin\Debug\ExercisesTest.dll" adapterTypeName="Microsoft.VisualStudio.TestTools.TestTypes.Unit.UnitTestAdapter" className="ExercisesTest.ExF3Test" name="ExF3_TestForSomeOfTheResult" />
    </UnitTest>
    <UnitTest name="ExG1_TestWithABCDE" storage="y:\desktop\csexercises\exercisestest\bin\debug\exercisestest.dll" id="f30f2658-99db-d72e-9ec4-31a9938fa387">
      <Execution id="4051bbd2-911d-4755-a341-3a34c955b8a6" />
      <TestMethod codeBase="Y:\Desktop\CSExercises\ExercisesTest\bin\Debug\ExercisesTest.dll" adapterTypeName="Microsoft.VisualStudio.TestTools.TestTypes.Unit.UnitTestAdapter" className="ExercisesTest.ExG1Test" name="ExG1_TestWithABCDE" />
    </UnitTest>
    <UnitTest name="ExG1_TestWithRycky" storage="y:\desktop\csexercises\exercisestest\bin\debug\exercisestest.dll" id="2e593488-b56a-eff0-ca82-e8d0bb44c159">
      <Execution id="823ea72c-f47d-4fc4-952d-098a286f5821" />
      <TestMethod codeBase="Y:\Desktop\CSExercises\ExercisesTest\bin\Debug\ExercisesTest.dll" adapterTypeName="Microsoft.VisualStudio.TestTools.TestTypes.Unit.UnitTestAdapter" className="ExercisesTest.ExG1Test" name="ExG1_TestWithRycky" />
    </UnitTest>
    <UnitTest name="ExG1_TestWithAeiou" storage="y:\desktop\csexercises\exercisestest\bin\debug\exercisestest.dll" id="ab2a1fc1-80f8-bc44-f298-ece577f665f6">
      <Execution id="a377d96f-8db8-4a9a-8a34-8756138e1be1" />
      <TestMethod codeBase="Y:\Desktop\CSExercises\ExercisesTest\bin\Debug\ExercisesTest.dll" adapterTypeName="Microsoft.VisualStudio.TestTools.TestTypes.Unit.UnitTestAdapter" className="ExercisesTest.ExG1Test" name="ExG1_TestWithAeiou" />
    </UnitTest>
    <UnitTest name="ExG2_TestWithMadam" storage="y:\desktop\csexercises\exercisestest\bin\debug\exercisestest.dll" id="18e3e622-092f-3e19-8553-2026a160f673">
      <Execution id="36d5d54b-adb2-4bcf-88e3-e1b0d112659a" />
      <TestMethod codeBase="Y:\Desktop\CSExercises\ExercisesTest\bin\Debug\ExercisesTest.dll" adapterTypeName="Microsoft.VisualStudio.TestTools.TestTypes.Unit.UnitTestAdapter" className="ExercisesTest.ExG2_Test" name="ExG2_TestWithMadam" />
    </UnitTest>
    <UnitTest name="ExG2_TestWithSanta" storage="y:\desktop\csexercises\exercisestest\bin\debug\exercisestest.dll" id="ee68900a-ee9e-ddba-3df4-cb4a828e02fb">
      <Execution id="56afe859-7dfd-4e21-99c4-333da819fded" />
      <TestMethod codeBase="Y:\Desktop\CSExercises\ExercisesTest\bin\Debug\ExercisesTest.dll" adapterTypeName="Microsoft.VisualStudio.TestTools.TestTypes.Unit.UnitTestAdapter" className="ExercisesTest.ExG2_Test" name="ExG2_TestWithSanta" />
    </UnitTest>
    <UnitTest name="ExG2_TestWithISS" storage="y:\desktop\csexercises\exercisestest\bin\debug\exercisestest.dll" id="97c6c703-6d42-4b52-af58-5bc1820c63e6">
      <Execution id="c515607e-6e87-4661-b61c-32ed966317be" />
      <TestMethod codeBase="Y:\Desktop\CSExercises\ExercisesTest\bin\Debug\ExercisesTest.dll" adapterTypeName="Microsoft.VisualStudio.TestTools.TestTypes.Unit.UnitTestAdapter" className="ExercisesTest.ExG2_Test" name="ExG2_TestWithISS" />
    </UnitTest>
    <UnitTest name="ExG3_TestWithOneWord" storage="y:\desktop\csexercises\exercisestest\bin\debug\exercisestest.dll" id="009b3f8f-dd80-521b-6dfb-99834ad4fb9f">
      <Execution id="cfed348a-6893-43ed-bf4c-b713bd07b994" />
      <TestMethod codeBase="Y:\Desktop\CSExercises\ExercisesTest\bin\Debug\ExercisesTest.dll" adapterTypeName="Microsoft.VisualStudio.TestTools.TestTypes.Unit.UnitTestAdapter" className="ExercisesTest.ExG3Test" name="ExG3_TestWithOneWord" />
    </UnitTest>
    <UnitTest name="ExG3_TestWithISS" storage="y:\desktop\csexercises\exercisestest\bin\debug\exercisestest.dll" id="ec776b73-93db-33b0-d71f-976483ca31f6">
      <Execution id="3bd739c8-d06d-40f0-bc0a-96fef8666bc6" />
      <TestMethod codeBase="Y:\Desktop\CSExercises\ExercisesTest\bin\Debug\ExercisesTest.dll" adapterTypeName="Microsoft.VisualStudio.TestTools.TestTypes.Unit.UnitTestAdapter" className="ExercisesTest.ExG3Test" name="ExG3_TestWithISS" />
    </UnitTest>
    <UnitTest name="ExG4_TestOrder" storage="y:\desktop\csexercises\exercisestest\bin\debug\exercisestest.dll" id="e986587e-732a-eb08-f5bc-4cd7a66af95d">
      <Execution id="764e2c3c-0b16-436b-b7f8-78a831e4fed5" />
      <TestMethod codeBase="Y:\Desktop\CSExercises\ExercisesTest\bin\Debug\ExercisesTest.dll" adapterTypeName="Microsoft.VisualStudio.TestTools.TestTypes.Unit.UnitTestAdapter" className="ExercisesTest.ExG4Test" name="ExG4_TestOrder" />
    </UnitTest>
    <UnitTest name="ExH1_TestOneChar" storage="y:\desktop\csexercises\exercisestest\bin\debug\exercisestest.dll" id="a4ae2f7a-bc59-f21f-0330-4520bbb34ec8">
      <Execution id="1b238e3c-1fe2-4d2a-9ba6-fc2d9a98e3ce" />
      <TestMethod codeBase="Y:\Desktop\CSExercises\ExercisesTest\bin\Debug\ExercisesTest.dll" adapterTypeName="Microsoft.VisualStudio.TestTools.TestTypes.Unit.UnitTestAdapter" className="ExercisesTest.ExH1Test" name="ExH1_TestOneChar" />
    </UnitTest>
    <UnitTest name="ExH1_TestPositive1" storage="y:\desktop\csexercises\exercisestest\bin\debug\exercisestest.dll" id="c1d8227b-f44f-4db1-97da-6595d5433cbe">
      <Execution id="7ab3a12d-6bfc-457b-a50f-6519bd112f5d" />
      <TestMethod codeBase="Y:\Desktop\CSExercises\ExercisesTest\bin\Debug\ExercisesTest.dll" adapterTypeName="Microsoft.VisualStudio.TestTools.TestTypes.Unit.UnitTestAdapter" className="ExercisesTest.ExH1Test" name="ExH1_TestPositive1" />
    </UnitTest>
    <UnitTest name="ExH1_TestPositive2" storage="y:\desktop\csexercises\exercisestest\bin\debug\exercisestest.dll" id="baf4c8f9-72bd-e9a1-3899-5f643a41cbac">
      <Execution id="d380303a-1909-4ded-85f7-abeabf3fcb0c" />
      <TestMethod codeBase="Y:\Desktop\CSExercises\ExercisesTest\bin\Debug\ExercisesTest.dll" adapterTypeName="Microsoft.VisualStudio.TestTools.TestTypes.Unit.UnitTestAdapter" className="ExercisesTest.ExH1Test" name="ExH1_TestPositive2" />
    </UnitTest>
    <UnitTest name="ExH1_TestNegative1" storage="y:\desktop\csexercises\exercisestest\bin\debug\exercisestest.dll" id="1df2cd5e-05cd-0340-279c-bf437d1b1fa6">
      <Execution id="04521d08-f7ad-477b-a48b-ea2982cc073a" />
      <TestMethod codeBase="Y:\Desktop\CSExercises\ExercisesTest\bin\Debug\ExercisesTest.dll" adapterTypeName="Microsoft.VisualStudio.TestTools.TestTypes.Unit.UnitTestAdapter" className="ExercisesTest.ExH1Test" name="ExH1_TestNegative1" />
    </UnitTest>
    <UnitTest name="ExH1_TestNegative2" storage="y:\desktop\csexercises\exercisestest\bin\debug\exercisestest.dll" id="af9c61a0-f313-c3c8-1027-5c796a206b57">
      <Execution id="66272ca2-0890-41f2-bd81-540b6e5da853" />
      <TestMethod codeBase="Y:\Desktop\CSExercises\ExercisesTest\bin\Debug\ExercisesTest.dll" adapterTypeName="Microsoft.VisualStudio.TestTools.TestTypes.Unit.UnitTestAdapter" className="ExercisesTest.ExH1Test" name="ExH1_TestNegative2" />
    </UnitTest>
    <UnitTest name="ExH2_TestOneChar" storage="y:\desktop\csexercises\exercisestest\bin\debug\exercisestest.dll" id="3d7d1584-1c63-ac50-bc50-de50031518c4">
      <Execution id="43858dda-2f51-4b10-bb3e-5f3f7b860942" />
      <TestMethod codeBase="Y:\Desktop\CSExercises\ExercisesTest\bin\Debug\ExercisesTest.dll" adapterTypeName="Microsoft.VisualStudio.TestTools.TestTypes.Unit.UnitTestAdapter" className="ExercisesTest.ExH2Test" name="ExH2_TestOneChar" />
    </UnitTest>
    <UnitTest name="ExH2_TestPositive1" storage="y:\desktop\csexercises\exercisestest\bin\debug\exercisestest.dll" id="0edd46c6-0864-a084-7845-f3ab5a58d5e8">
      <Execution id="af8a3e48-5bda-4865-8942-792189d8f4fe" />
      <TestMethod codeBase="Y:\Desktop\CSExercises\ExercisesTest\bin\Debug\ExercisesTest.dll" adapterTypeName="Microsoft.VisualStudio.TestTools.TestTypes.Unit.UnitTestAdapter" className="ExercisesTest.ExH2Test" name="ExH2_TestPositive1" />
    </UnitTest>
    <UnitTest name="ExH2_TestPositive2" storage="y:\desktop\csexercises\exercisestest\bin\debug\exercisestest.dll" id="cbb366c6-732e-4def-9a11-8dd886c0022f">
      <Execution id="3fdc9f32-582b-40be-8f15-f070cd57674f" />
      <TestMethod codeBase="Y:\Desktop\CSExercises\ExercisesTest\bin\Debug\ExercisesTest.dll" adapterTypeName="Microsoft.VisualStudio.TestTools.TestTypes.Unit.UnitTestAdapter" className="ExercisesTest.ExH2Test" name="ExH2_TestPositive2" />
    </UnitTest>
    <UnitTest name="ExH2_TestNegative1" storage="y:\desktop\csexercises\exercisestest\bin\debug\exercisestest.dll" id="1ca2fccd-4727-4051-5830-7ec18c4d7263">
      <Execution id="61fd9504-b1f2-4156-987f-c681f84034a5" />
      <TestMethod codeBase="Y:\Desktop\CSExercises\ExercisesTest\bin\Debug\ExercisesTest.dll" adapterTypeName="Microsoft.VisualStudio.TestTools.TestTypes.Unit.UnitTestAdapter" className="ExercisesTest.ExH2Test" name="ExH2_TestNegative1" />
    </UnitTest>
    <UnitTest name="ExH2_TestNegative2" storage="y:\desktop\csexercises\exercisestest\bin\debug\exercisestest.dll" id="4744dcc3-4bcc-ce0e-885e-9c28396a533f">
      <Execution id="b52a27c0-f2ad-4a73-91cb-58648ce6c1d2" />
      <TestMethod codeBase="Y:\Desktop\CSExercises\ExercisesTest\bin\Debug\ExercisesTest.dll" adapterTypeName="Microsoft.VisualStudio.TestTools.TestTypes.Unit.UnitTestAdapter" className="ExercisesTest.ExH2Test" name="ExH2_TestNegative2" />
    </UnitTest>
    <UnitTest name="ExH3_TestOneToOneHundred" storage="y:\desktop\csexercises\exercisestest\bin\debug\exercisestest.dll" id="8082022e-9ba0-4329-7312-ea4cd2cb3ab8">
      <Execution id="97358294-5a13-4762-8c9f-39fc25b601fa" />
      <TestMethod codeBase="Y:\Desktop\CSExercises\ExercisesTest\bin\Debug\ExercisesTest.dll" adapterTypeName="Microsoft.VisualStudio.TestTools.TestTypes.Unit.UnitTestAdapter" className="ExercisesTest.ExH3Test" name="ExH3_TestOneToOneHundred" />
    </UnitTest>
    <UnitTest name="ExH4_TestNoSubstitution" storage="y:\desktop\csexercises\exercisestest\bin\debug\exercisestest.dll" id="d4549c3c-9899-20a6-9260-01b385ff068d">
      <Execution id="dd675314-3918-4993-9bbb-8292869909da" />
      <TestMethod codeBase="Y:\Desktop\CSExercises\ExercisesTest\bin\Debug\ExercisesTest.dll" adapterTypeName="Microsoft.VisualStudio.TestTools.TestTypes.Unit.UnitTestAdapter" className="ExercisesTest.ExH4Test" name="ExH4_TestNoSubstitution" />
    </UnitTest>
    <UnitTest name="ExH4_TestMultipleSubstitution" storage="y:\desktop\csexercises\exercisestest\bin\debug\exercisestest.dll" id="baa9a9c2-82c6-dfe0-e3fa-3cd1e3e7ccba">
      <Execution id="bb8adc2a-340c-46eb-a1f6-822e423e67eb" />
      <TestMethod codeBase="Y:\Desktop\CSExercises\ExercisesTest\bin\Debug\ExercisesTest.dll" adapterTypeName="Microsoft.VisualStudio.TestTools.TestTypes.Unit.UnitTestAdapter" className="ExercisesTest.ExH4Test" name="ExH4_TestMultipleSubstitution" />
    </UnitTest>
    <UnitTest name="ExI1_Test195" storage="y:\desktop\csexercises\exercisestest\bin\debug\exercisestest.dll" id="b5297abf-74a9-3001-95eb-a1a261572d42">
      <Execution id="f1361d62-760c-4fa4-a476-abf49d590c2b" />
      <TestMethod codeBase="Y:\Desktop\CSExercises\ExercisesTest\bin\Debug\ExercisesTest.dll" adapterTypeName="Microsoft.VisualStudio.TestTools.TestTypes.Unit.UnitTestAdapter" className="ExercisesTest.ExI1Test" name="ExI1_Test195" />
    </UnitTest>
    <UnitTest name="Ex45_Test105" storage="y:\desktop\csexercises\exercisestest\bin\debug\exercisestest.dll" id="26ff1520-2742-f4bc-a1c3-8e5cdfc6dc23">
      <Execution id="d268691a-f888-4e0e-8d21-16a68e06397b" />
      <TestMethod codeBase="Y:\Desktop\CSExercises\ExercisesTest\bin\Debug\ExercisesTest.dll" adapterTypeName="Microsoft.VisualStudio.TestTools.TestTypes.Unit.UnitTestAdapter" className="ExercisesTest.ExI1Test" name="Ex45_Test105" />
    </UnitTest>
    <UnitTest name="ExI2_TestRandomMaybeAlotOfFalseResult" storage="y:\desktop\csexercises\exercisestest\bin\debug\exercisestest.dll" id="703d9bbb-ee8a-2635-69c5-fc611c620eee">
      <Execution id="1d9cb88c-9297-4cc1-bd6d-67bd951b1f59" />
      <TestMethod codeBase="Y:\Desktop\CSExercises\ExercisesTest\bin\Debug\ExercisesTest.dll" adapterTypeName="Microsoft.VisualStudio.TestTools.TestTypes.Unit.UnitTestAdapter" className="ExercisesTest.ExI2Test" name="ExI2_TestRandomMaybeAlotOfFalseResult" />
    </UnitTest>
    <UnitTest name="ExA3_SquareOf0" storage="y:\desktop\csexercises\exercisestest\bin\debug\exercisestest.dll" id="3e520c80-0f62-a07e-65c9-318f860f601b">
      <Execution id="5f71cd63-0e38-4a37-9a8d-71f83e0b6adb" />
      <TestMethod codeBase="Y:\Desktop\CSExercises\ExercisesTest\bin\Debug\ExercisesTest.dll" adapterTypeName="Microsoft.VisualStudio.TestTools.TestTypes.Unit.UnitTestAdapter" className="ExercisesTest.ExA3Test" name="ExA3_SquareOf0" />
    </UnitTest>
    <UnitTest name="ExA3_SquareOf10" storage="y:\desktop\csexercises\exercisestest\bin\debug\exercisestest.dll" id="9335201e-0849-2837-cc1d-4fb4bfd54e5d">
      <Execution id="23096c3a-ddfe-4ec7-8342-e18d308c82ec" />
      <TestMethod codeBase="Y:\Desktop\CSExercises\ExercisesTest\bin\Debug\ExercisesTest.dll" adapterTypeName="Microsoft.VisualStudio.TestTools.TestTypes.Unit.UnitTestAdapter" className="ExercisesTest.ExA3Test" name="ExA3_SquareOf10" />
    </UnitTest>
    <UnitTest name="ExA3_SquareOfMin10" storage="y:\desktop\csexercises\exercisestest\bin\debug\exercisestest.dll" id="2f4488dd-19dd-82ed-e8ad-8944a67ad6c6">
      <Execution id="c57581b8-38ec-4b75-899e-11a51d11d209" />
      <TestMethod codeBase="Y:\Desktop\CSExercises\ExercisesTest\bin\Debug\ExercisesTest.dll" adapterTypeName="Microsoft.VisualStudio.TestTools.TestTypes.Unit.UnitTestAdapter" className="ExercisesTest.ExA3Test" name="ExA3_SquareOfMin10" />
    </UnitTest>
  </TestDefinitions>
  <TestEntries>
    <TestEntry testId="8d13645f-ace3-ee52-0b1f-b75f216a1c8a" executionId="7b574482-beaf-4d94-91f5-9482130b26a1" testListId="8c84fa94-04c1-424b-9868-57a2d4851a1d" />
    <TestEntry testId="e3d43c25-4879-9987-1b05-886dcab007db" executionId="be97385e-5224-4f24-91f5-4c9f2fa6a789" testListId="8c84fa94-04c1-424b-9868-57a2d4851a1d" />
    <TestEntry testId="97c4b883-ea03-6670-c7d7-8a5271d03002" executionId="8eec2f76-b996-4698-bc54-3c0e8087135a" testListId="8c84fa94-04c1-424b-9868-57a2d4851a1d" />
    <TestEntry testId="057093fc-37d3-acb2-7e8c-260165b052fe" executionId="8a24c407-f790-4605-b8a4-42872a71ae43" testListId="8c84fa94-04c1-424b-9868-57a2d4851a1d" />
    <TestEntry testId="9f43dc8a-28c1-8a57-a21b-12b5d329c479" executionId="22e5330c-53ce-4d31-9ac0-76c89ff34e62" testListId="8c84fa94-04c1-424b-9868-57a2d4851a1d" />
    <TestEntry testId="e77da0c1-e064-d298-63e2-55fde252db14" executionId="a702a4d0-c140-40ea-b781-5b58b6429575" testListId="8c84fa94-04c1-424b-9868-57a2d4851a1d" />
    <TestEntry testId="736ce668-007a-8538-cb57-b0aa4f59c7ed" executionId="ed91ee8b-3942-4d6d-9f9e-da5734854d48" testListId="8c84fa94-04c1-424b-9868-57a2d4851a1d" />
    <TestEntry testId="159ba622-1904-2602-2526-72a12ffa196f" executionId="184eb0f1-46de-4b1c-b132-f996ba9d5d05" testListId="8c84fa94-04c1-424b-9868-57a2d4851a1d" />
    <TestEntry testId="4ce714ee-0184-d714-c26f-c0f025b421a2" executionId="c61571cf-7233-47d6-ba37-b128a0219f89" testListId="8c84fa94-04c1-424b-9868-57a2d4851a1d" />
    <TestEntry testId="56a6c058-ff64-0a54-1bb8-aba4833eba62" executionId="72ada82b-0d9b-482d-88e3-2de593fdd8f6" testListId="8c84fa94-04c1-424b-9868-57a2d4851a1d" />
    <TestEntry testId="521f27a5-8565-5e7d-7db9-96f0742480e4" executionId="5680e8fd-6db0-4b0d-9d23-73091367bf58" testListId="8c84fa94-04c1-424b-9868-57a2d4851a1d" />
    <TestEntry testId="d3c73420-c493-2580-26b5-713efb8af071" executionId="86e182cb-6a5d-4ebc-b6ee-333342f51aaa" testListId="8c84fa94-04c1-424b-9868-57a2d4851a1d" />
    <TestEntry testId="07543d53-3299-9504-fc22-6f3224244293" executionId="9e6814f4-76ac-486c-928c-1f5f16c93892" testListId="8c84fa94-04c1-424b-9868-57a2d4851a1d" />
    <TestEntry testId="547d9154-166e-a709-4ab7-dbf01b9db8a0" executionId="6d9361ea-7922-4d9c-b757-fcb52092cbb2" testListId="8c84fa94-04c1-424b-9868-57a2d4851a1d" />
    <TestEntry testId="ff06b2a1-aac2-2828-23bf-4e83c2715f17" executionId="5ffdc828-da15-41f9-8e36-6f4cbcf27348" testListId="8c84fa94-04c1-424b-9868-57a2d4851a1d" />
    <TestEntry testId="dd7a1cf7-7671-a70a-aef5-f365aedd4d0e" executionId="4d3eeda2-f439-4ff6-a62c-bc1bd5829fc6" testListId="8c84fa94-04c1-424b-9868-57a2d4851a1d" />
    <TestEntry testId="1e6e95e5-93d0-8567-b766-24daa399e7a5" executionId="61d137c7-15aa-4639-8b87-81e6adcbe451" testListId="8c84fa94-04c1-424b-9868-57a2d4851a1d" />
    <TestEntry testId="928f0289-fc26-87c9-cbcc-7860f04c41e5" executionId="dc1dcfb9-d2ee-48b9-8596-5e883df4dbac" testListId="8c84fa94-04c1-424b-9868-57a2d4851a1d" />
    <TestEntry testId="cf3fce46-434f-4b13-6b4c-ced354dd07f6" executionId="c56d748a-022f-4050-ac43-6858f97f5416" testListId="8c84fa94-04c1-424b-9868-57a2d4851a1d" />
    <TestEntry testId="76d0a13b-ab80-9522-b82c-80ef6e94b587" executionId="866c99b8-ac59-4c64-b652-6e24f1dd77d9" testListId="8c84fa94-04c1-424b-9868-57a2d4851a1d" />
    <TestEntry testId="22a0a7fb-7586-1091-0284-41aa8e900d3a" executionId="b56d02b4-18e0-4df4-9d82-347ffd861d35" testListId="8c84fa94-04c1-424b-9868-57a2d4851a1d" />
    <TestEntry testId="220c17f5-86fd-d612-976c-3a2f2514a9ee" executionId="57687514-4c8d-47d1-85db-1fccd838682d" testListId="8c84fa94-04c1-424b-9868-57a2d4851a1d" />
    <TestEntry testId="eeda8489-f414-b738-730a-b86d9a065988" executionId="c4aa2967-9024-4e72-975b-045ae7991401" testListId="8c84fa94-04c1-424b-9868-57a2d4851a1d" />
    <TestEntry testId="7c77c2c8-c4ae-c33d-b32c-0c27ea0a4ea6" executionId="2f1d12ae-5773-43cd-9630-11a839ca24bd" testListId="8c84fa94-04c1-424b-9868-57a2d4851a1d" />
    <TestEntry testId="06b9133f-4899-3a9e-2fb2-27c70cb6b199" executionId="9650a05f-3593-4ae8-8790-a9d4c3bb46b2" testListId="8c84fa94-04c1-424b-9868-57a2d4851a1d" />
    <TestEntry testId="bb1830d4-461e-fe67-a1f1-5256b7d4a372" executionId="08f45c9e-2c1f-470d-84c3-672b5f90df92" testListId="8c84fa94-04c1-424b-9868-57a2d4851a1d" />
    <TestEntry testId="b0fe1b76-85dd-996a-6897-764077fa221a" executionId="57370f5e-22fc-4a5d-9f4d-c290e83e45c8" testListId="8c84fa94-04c1-424b-9868-57a2d4851a1d" />
    <TestEntry testId="3e2b89e5-e2cc-63c8-e53e-5e4f06942620" executionId="ae8f980e-aef8-4800-8aad-609699620102" testListId="8c84fa94-04c1-424b-9868-57a2d4851a1d" />
    <TestEntry testId="09a74379-7aab-b6a3-6c3c-bf77ba90813f" executionId="d6152640-5c2c-4c49-9a0d-f37730005f76" testListId="8c84fa94-04c1-424b-9868-57a2d4851a1d" />
    <TestEntry testId="5d10d8c6-9801-fba8-47ea-4f24d629e64e" executionId="f3746de4-1490-4206-b454-837784baaf57" testListId="8c84fa94-04c1-424b-9868-57a2d4851a1d" />
    <TestEntry testId="8a3c2921-0d21-9733-b802-8fd60efda746" executionId="ac512602-f48f-4e7b-89bf-a36fa0a403bf" testListId="8c84fa94-04c1-424b-9868-57a2d4851a1d" />
    <TestEntry testId="d8f4ff5b-1da8-68e0-6735-dca747510bd3" executionId="70c376d4-761b-42c5-a516-54d9e5c4cd2f" testListId="8c84fa94-04c1-424b-9868-57a2d4851a1d" />
    <TestEntry testId="4c46834b-f4c3-08ad-a27c-3715addd7c00" executionId="38d28492-3ce2-44ca-bc42-f1bd64a1da80" testListId="8c84fa94-04c1-424b-9868-57a2d4851a1d" />
    <TestEntry testId="4d421191-ce69-78f3-5526-c5d9422be733" executionId="c0e6d0c6-e0d4-41c9-b6e5-6a5914883e1d" testListId="8c84fa94-04c1-424b-9868-57a2d4851a1d" />
    <TestEntry testId="2514325f-8396-182f-50e8-0dd4b88ec67a" executionId="7b3dc165-8f97-4d79-8597-0a84b0599f35" testListId="8c84fa94-04c1-424b-9868-57a2d4851a1d" />
    <TestEntry testId="2f64d7d7-397c-497d-5ac2-6f48b2c6e87a" executionId="2709abc0-7bee-4fdf-9c41-623d3d1117ae" testListId="8c84fa94-04c1-424b-9868-57a2d4851a1d" />
    <TestEntry testId="2c0176f9-773e-372e-9030-1985551cf0c5" executionId="7a63bd17-63e8-4f69-abef-25470571caa9" testListId="8c84fa94-04c1-424b-9868-57a2d4851a1d" />
    <TestEntry testId="f44f585d-496a-ceff-8ec5-5aa583d03039" executionId="658f61fb-643f-42f6-8346-408daf11309d" testListId="8c84fa94-04c1-424b-9868-57a2d4851a1d" />
    <TestEntry testId="403ee091-5d56-e49f-11e0-a0069db2d71f" executionId="4e90f956-a76d-4226-9981-d1483f1a39d1" testListId="8c84fa94-04c1-424b-9868-57a2d4851a1d" />
    <TestEntry testId="61d166ef-4cfe-77e3-b543-897aca364290" executionId="8240a555-21c3-46bc-aef0-e2032cdb5c95" testListId="8c84fa94-04c1-424b-9868-57a2d4851a1d" />
    <TestEntry testId="f01da9c2-186f-f432-e2ea-a4bf6e6db11b" executionId="0771f695-08b4-4f14-8d64-0cc1da97a0ae" testListId="8c84fa94-04c1-424b-9868-57a2d4851a1d" />
    <TestEntry testId="437f057a-e785-23b6-2c3b-fdb00373c2ea" executionId="f0563493-5850-42ed-ac00-c336a9ddc752" testListId="8c84fa94-04c1-424b-9868-57a2d4851a1d" />
    <TestEntry testId="2cc7dc39-d769-d794-e8ff-a77afcb7d16c" executionId="b1f7dad4-ddbe-47dc-adea-6000cdf01560" testListId="8c84fa94-04c1-424b-9868-57a2d4851a1d" />
    <TestEntry testId="358b895f-9561-e345-43e3-0530571178f3" executionId="538bf5be-ab3a-4c95-a898-cc6c40ecf44e" testListId="8c84fa94-04c1-424b-9868-57a2d4851a1d" />
    <TestEntry testId="5786c8fe-760a-f1e2-51f3-9bf03ba7c133" executionId="1a6682b5-61b1-479b-b5f1-ee8b940f1f7a" testListId="8c84fa94-04c1-424b-9868-57a2d4851a1d" />
    <TestEntry testId="1d1c8a71-2287-e26b-162e-49d36eb500a6" executionId="2e2cf3ea-fc68-4541-a6ba-47007930aafc" testListId="8c84fa94-04c1-424b-9868-57a2d4851a1d" />
    <TestEntry testId="3f3b4237-6c70-8c91-dc5f-29e8e770339b" executionId="350fc957-35a6-47e6-9a14-d735cb96c01f" testListId="8c84fa94-04c1-424b-9868-57a2d4851a1d" />
    <TestEntry testId="66b3003b-1aa8-40bb-c162-a94b6568685b" executionId="c4be5c8a-bbe3-4f82-9603-a643db9bb159" testListId="8c84fa94-04c1-424b-9868-57a2d4851a1d" />
    <TestEntry testId="b31774ee-007b-47f0-8e32-c6031c54d16f" executionId="ee4582ea-f173-4ac2-a822-e889ca3bf7b5" testListId="8c84fa94-04c1-424b-9868-57a2d4851a1d" />
    <TestEntry testId="27d651a7-a3b9-7a3a-3e05-60be06064821" executionId="f1525968-242b-4b8f-b74b-a2f14fc8f472" testListId="8c84fa94-04c1-424b-9868-57a2d4851a1d" />
    <TestEntry testId="99cc52e4-4ede-d6f1-699a-639a70caf19e" executionId="3c20eeb4-d2d0-4570-b86f-095e6fc2ec12" testListId="8c84fa94-04c1-424b-9868-57a2d4851a1d" />
    <TestEntry testId="f232122e-0613-e1ee-dfe5-9b85a22cd2b0" executionId="593300dc-721e-4987-9a65-ea0bc051a234" testListId="8c84fa94-04c1-424b-9868-57a2d4851a1d" />
    <TestEntry testId="ae4e66b0-9a29-2a92-aee9-fdf389c27fe6" executionId="667a1bd7-f30f-43a3-a667-69bdfedb15d9" testListId="8c84fa94-04c1-424b-9868-57a2d4851a1d" />
    <TestEntry testId="4297656f-1197-d292-0489-69d8ad93083c" executionId="9bc3f2be-1ca6-4078-be87-e3723b833254" testListId="8c84fa94-04c1-424b-9868-57a2d4851a1d" />
    <TestEntry testId="527da127-2853-1a9b-a2ad-f3585c728530" executionId="250c4a89-b556-4f91-84e7-004d9164fbc2" testListId="8c84fa94-04c1-424b-9868-57a2d4851a1d" />
    <TestEntry testId="62915065-52ff-5fd8-8913-0189d77875c3" executionId="d839ba95-b4eb-41c1-b074-59305a378b79" testListId="8c84fa94-04c1-424b-9868-57a2d4851a1d" />
    <TestEntry testId="14d8a934-4e3c-5ff4-d896-b004187a9351" executionId="f492fd1c-0bca-4f44-a5d7-a9394dae11c0" testListId="8c84fa94-04c1-424b-9868-57a2d4851a1d" />
    <TestEntry testId="8206a26a-e532-85c1-9aad-17a6a0a5bdf0" executionId="21144761-3e13-4cfe-acd8-c0a661f07246" testListId="8c84fa94-04c1-424b-9868-57a2d4851a1d" />
    <TestEntry testId="59543185-c115-6f05-fde4-7a3a3cf60da3" executionId="9d21f1c6-c42e-45a9-9157-d0910f55fca9" testListId="8c84fa94-04c1-424b-9868-57a2d4851a1d" />
    <TestEntry testId="817d2cfb-2701-d099-0d77-7dda9f9ee260" executionId="8dd66960-4009-436b-ae39-fa7b2bc38369" testListId="8c84fa94-04c1-424b-9868-57a2d4851a1d" />
    <TestEntry testId="b3b356b0-b86d-68eb-f1fa-a1fb7eedeab6" executionId="b7417e68-b55e-422c-a5c0-06ef0c414454" testListId="8c84fa94-04c1-424b-9868-57a2d4851a1d" />
    <TestEntry testId="37f78f12-4ace-98e0-52e8-3408fb66f00f" executionId="45395a11-536b-4a63-9ea0-c07f7e9803c6" testListId="8c84fa94-04c1-424b-9868-57a2d4851a1d" />
    <TestEntry testId="31cdd151-4b4e-8af1-a309-064dea303c76" executionId="3fc74e7f-adae-4586-a8b7-46ca1d90330b" testListId="8c84fa94-04c1-424b-9868-57a2d4851a1d" />
    <TestEntry testId="5c4545c1-1c4b-68f6-8b78-e5e65fc45da5" executionId="eaded0d8-12c4-40a0-8042-4fbd55602c31" testListId="8c84fa94-04c1-424b-9868-57a2d4851a1d" />
    <TestEntry testId="41d254a0-3988-4fe8-c401-d6db7cf41541" executionId="21c73e2d-4f18-462f-b071-6ccdb0f7eab6" testListId="8c84fa94-04c1-424b-9868-57a2d4851a1d" />
    <TestEntry testId="f786c760-8fd9-385b-4101-e13a18a86146" executionId="bfec8d0b-84d4-4649-a6b9-8f21f868d9d3" testListId="8c84fa94-04c1-424b-9868-57a2d4851a1d" />
    <TestEntry testId="93d33d17-2fa5-03db-e35e-54470f3d1f7b" executionId="d1742071-9992-45dd-ba81-0393235f9c4d" testListId="8c84fa94-04c1-424b-9868-57a2d4851a1d" />
    <TestEntry testId="5a209ef6-6f45-28e6-9185-5b832c31792d" executionId="33512f94-8483-4697-bc54-5c12841098ad" testListId="8c84fa94-04c1-424b-9868-57a2d4851a1d" />
    <TestEntry testId="380d54ab-9eb4-5e4e-c1a8-b5b0e22a59a1" executionId="4289b727-293c-4c9f-9bd4-fbf5f6d25bec" testListId="8c84fa94-04c1-424b-9868-57a2d4851a1d" />
    <TestEntry testId="48cf3a9e-0a50-a29b-8eb0-126dcc656f66" executionId="d4c62436-5b92-4f24-9333-3dc42cbada6d" testListId="8c84fa94-04c1-424b-9868-57a2d4851a1d" />
    <TestEntry testId="91e204a5-eff7-540d-d066-632080d4a971" executionId="d457d393-56d3-4100-b438-9fcb5c11baff" testListId="8c84fa94-04c1-424b-9868-57a2d4851a1d" />
    <TestEntry testId="4f5a549c-a85c-793f-ddb0-ac8e48e5d0f1" executionId="2839e9f2-d61d-4824-a82f-0fd4d39e3dce" testListId="8c84fa94-04c1-424b-9868-57a2d4851a1d" />
    <TestEntry testId="1dc75fae-43cb-7e63-4009-7965bd630b1a" executionId="54b78c0e-4eaf-4148-9c34-8b7d02dbcd85" testListId="8c84fa94-04c1-424b-9868-57a2d4851a1d" />
    <TestEntry testId="442295cb-ec7e-e437-f1f2-a6c136660fa9" executionId="48bd6929-52c0-4d99-96d6-2f5c29c3f7aa" testListId="8c84fa94-04c1-424b-9868-57a2d4851a1d" />
    <TestEntry testId="d2aa1ef4-37c8-6f4f-caac-48633678d93a" executionId="da06bcc4-1f51-4837-a2cb-a4ed9ba0af59" testListId="8c84fa94-04c1-424b-9868-57a2d4851a1d" />
    <TestEntry testId="dc006c73-b7ad-39c4-a618-0510c48419f9" executionId="abf6f705-ad47-40b7-8a74-e3a3eeb0f88d" testListId="8c84fa94-04c1-424b-9868-57a2d4851a1d" />
    <TestEntry testId="5af6480c-3862-4e94-bc2c-b24cac7ca661" executionId="ce476527-8e7b-42bd-9105-8009d3d16c84" testListId="8c84fa94-04c1-424b-9868-57a2d4851a1d" />
    <TestEntry testId="b02f104d-c4e9-55a3-ef13-4320e9fcd6ec" executionId="f46cad8f-ed06-49b1-b549-09aa9f8b2df8" testListId="8c84fa94-04c1-424b-9868-57a2d4851a1d" />
    <TestEntry testId="f30f2658-99db-d72e-9ec4-31a9938fa387" executionId="4051bbd2-911d-4755-a341-3a34c955b8a6" testListId="8c84fa94-04c1-424b-9868-57a2d4851a1d" />
    <TestEntry testId="2e593488-b56a-eff0-ca82-e8d0bb44c159" executionId="823ea72c-f47d-4fc4-952d-098a286f5821" testListId="8c84fa94-04c1-424b-9868-57a2d4851a1d" />
    <TestEntry testId="ab2a1fc1-80f8-bc44-f298-ece577f665f6" executionId="a377d96f-8db8-4a9a-8a34-8756138e1be1" testListId="8c84fa94-04c1-424b-9868-57a2d4851a1d" />
    <TestEntry testId="18e3e622-092f-3e19-8553-2026a160f673" executionId="36d5d54b-adb2-4bcf-88e3-e1b0d112659a" testListId="8c84fa94-04c1-424b-9868-57a2d4851a1d" />
    <TestEntry testId="ee68900a-ee9e-ddba-3df4-cb4a828e02fb" executionId="56afe859-7dfd-4e21-99c4-333da819fded" testListId="8c84fa94-04c1-424b-9868-57a2d4851a1d" />
    <TestEntry testId="97c6c703-6d42-4b52-af58-5bc1820c63e6" executionId="c515607e-6e87-4661-b61c-32ed966317be" testListId="8c84fa94-04c1-424b-9868-57a2d4851a1d" />
    <TestEntry testId="009b3f8f-dd80-521b-6dfb-99834ad4fb9f" executionId="cfed348a-6893-43ed-bf4c-b713bd07b994" testListId="8c84fa94-04c1-424b-9868-57a2d4851a1d" />
    <TestEntry testId="ec776b73-93db-33b0-d71f-976483ca31f6" executionId="3bd739c8-d06d-40f0-bc0a-96fef8666bc6" testListId="8c84fa94-04c1-424b-9868-57a2d4851a1d" />
    <TestEntry testId="e986587e-732a-eb08-f5bc-4cd7a66af95d" executionId="764e2c3c-0b16-436b-b7f8-78a831e4fed5" testListId="8c84fa94-04c1-424b-9868-57a2d4851a1d" />
    <TestEntry testId="a4ae2f7a-bc59-f21f-0330-4520bbb34ec8" executionId="1b238e3c-1fe2-4d2a-9ba6-fc2d9a98e3ce" testListId="8c84fa94-04c1-424b-9868-57a2d4851a1d" />
    <TestEntry testId="c1d8227b-f44f-4db1-97da-6595d5433cbe" executionId="7ab3a12d-6bfc-457b-a50f-6519bd112f5d" testListId="8c84fa94-04c1-424b-9868-57a2d4851a1d" />
    <TestEntry testId="baf4c8f9-72bd-e9a1-3899-5f643a41cbac" executionId="d380303a-1909-4ded-85f7-abeabf3fcb0c" testListId="8c84fa94-04c1-424b-9868-57a2d4851a1d" />
    <TestEntry testId="1df2cd5e-05cd-0340-279c-bf437d1b1fa6" executionId="04521d08-f7ad-477b-a48b-ea2982cc073a" testListId="8c84fa94-04c1-424b-9868-57a2d4851a1d" />
    <TestEntry testId="af9c61a0-f313-c3c8-1027-5c796a206b57" executionId="66272ca2-0890-41f2-bd81-540b6e5da853" testListId="8c84fa94-04c1-424b-9868-57a2d4851a1d" />
    <TestEntry testId="3d7d1584-1c63-ac50-bc50-de50031518c4" executionId="43858dda-2f51-4b10-bb3e-5f3f7b860942" testListId="8c84fa94-04c1-424b-9868-57a2d4851a1d" />
    <TestEntry testId="0edd46c6-0864-a084-7845-f3ab5a58d5e8" executionId="af8a3e48-5bda-4865-8942-792189d8f4fe" testListId="8c84fa94-04c1-424b-9868-57a2d4851a1d" />
    <TestEntry testId="cbb366c6-732e-4def-9a11-8dd886c0022f" executionId="3fdc9f32-582b-40be-8f15-f070cd57674f" testListId="8c84fa94-04c1-424b-9868-57a2d4851a1d" />
    <TestEntry testId="1ca2fccd-4727-4051-5830-7ec18c4d7263" executionId="61fd9504-b1f2-4156-987f-c681f84034a5" testListId="8c84fa94-04c1-424b-9868-57a2d4851a1d" />
    <TestEntry testId="4744dcc3-4bcc-ce0e-885e-9c28396a533f" executionId="b52a27c0-f2ad-4a73-91cb-58648ce6c1d2" testListId="8c84fa94-04c1-424b-9868-57a2d4851a1d" />
    <TestEntry testId="8082022e-9ba0-4329-7312-ea4cd2cb3ab8" executionId="97358294-5a13-4762-8c9f-39fc25b601fa" testListId="8c84fa94-04c1-424b-9868-57a2d4851a1d" />
    <TestEntry testId="d4549c3c-9899-20a6-9260-01b385ff068d" executionId="dd675314-3918-4993-9bbb-8292869909da" testListId="8c84fa94-04c1-424b-9868-57a2d4851a1d" />
    <TestEntry testId="baa9a9c2-82c6-dfe0-e3fa-3cd1e3e7ccba" executionId="bb8adc2a-340c-46eb-a1f6-822e423e67eb" testListId="8c84fa94-04c1-424b-9868-57a2d4851a1d" />
    <TestEntry testId="b5297abf-74a9-3001-95eb-a1a261572d42" executionId="f1361d62-760c-4fa4-a476-abf49d590c2b" testListId="8c84fa94-04c1-424b-9868-57a2d4851a1d" />
    <TestEntry testId="26ff1520-2742-f4bc-a1c3-8e5cdfc6dc23" executionId="d268691a-f888-4e0e-8d21-16a68e06397b" testListId="8c84fa94-04c1-424b-9868-57a2d4851a1d" />
    <TestEntry testId="703d9bbb-ee8a-2635-69c5-fc611c620eee" executionId="1d9cb88c-9297-4cc1-bd6d-67bd951b1f59" testListId="8c84fa94-04c1-424b-9868-57a2d4851a1d" />
    <TestEntry testId="3e520c80-0f62-a07e-65c9-318f860f601b" executionId="5f71cd63-0e38-4a37-9a8d-71f83e0b6adb" testListId="8c84fa94-04c1-424b-9868-57a2d4851a1d" />
    <TestEntry testId="9335201e-0849-2837-cc1d-4fb4bfd54e5d" executionId="23096c3a-ddfe-4ec7-8342-e18d308c82ec" testListId="8c84fa94-04c1-424b-9868-57a2d4851a1d" />
    <TestEntry testId="2f4488dd-19dd-82ed-e8ad-8944a67ad6c6" executionId="c57581b8-38ec-4b75-899e-11a51d11d209" testListId="8c84fa94-04c1-424b-9868-57a2d4851a1d" />
  </TestEntries>
  <TestLists>
    <TestList name="Results Not in a List" id="8c84fa94-04c1-424b-9868-57a2d4851a1d" />
    <TestList name="All Loaded Results" id="19431567-8539-422a-85d7-44ee4e166bda" />
  </TestLists>
  <ResultSummary outcome="Failed">
    <Counters total="106" executed="106" passed="46" failed="60" error="0" timeout="0" aborted="0" inconclusive="0" passedButRunAborted="0" notRunnable="0" notExecuted="0" disconnected="0" warning="0" completed="0" inProgress="0" pending="0" />
  </ResultSummary>
</TestRun>﻿<?xml version="1.0" encoding="UTF-8"?>
<TestRun id="d8a9719c-42ee-4e24-ab46-7bc18dd2a60c" name="zanaanuar@ZANAANUAR1564 2016-08-14 19:29:46" runUser="ZANAANUAR1564\zanaanuar" xmlns="http://microsoft.com/schemas/VisualStudio/TeamTest/2010">
  <Times creation="2016-08-14T19:29:46.9805688+08:00" queuing="2016-08-14T19:29:46.9805688+08:00" start="2016-08-14T19:29:46.9855662+08:00" finish="2016-08-14T19:29:48.4116501+08:00" />
  <TestSettings name="default" id="7614de49-ebab-48c5-b322-b33a9aac6b9b">
    <Execution>
      <TestTypeSpecific />
    </Execution>
    <Deployment runDeploymentRoot="zanaanuar_ZANAANUAR1564 2016-08-14 19_29_46" />
    <Properties />
  </TestSettings>
  <Results>
    <UnitTestResult executionId="666628af-3d6b-44fc-a9f3-e9dcd503df54" testId="8d13645f-ace3-ee52-0b1f-b75f216a1c8a" testName="ExA2_TestWithAName" computerName="ZANAANUAR1564" duration="00:00:00.0093289" startTime="2016-08-14T19:29:46.8836973+08:00" endTime="2016-08-14T19:29:46.9235679+08:00" testType="13cdc9d9-ddb5-4fa4-a97d-d965ccfc6d4b" outcome="Passed" testListId="8c84fa94-04c1-424b-9868-57a2d4851a1d" relativeResultsDirectory="666628af-3d6b-44fc-a9f3-e9dcd503df54">
      <Output>
        <StdOut>Debug Trace:
Good Morning John</StdOut>
      </Output>
    </UnitTestResult>
    <UnitTestResult executionId="f1533c33-4c6e-4711-be7f-28e5db678f2f" testId="e3d43c25-4879-9987-1b05-886dcab007db" testName="ExC3_TestWithZero" computerName="ZANAANUAR1564" duration="00:00:00.0083773" startTime="2016-08-14T19:29:46.9346713+08:00" endTime="2016-08-14T19:29:46.9425671+08:00" testType="13cdc9d9-ddb5-4fa4-a97d-d965ccfc6d4b" outcome="Failed" testListId="8c84fa94-04c1-424b-9868-57a2d4851a1d" relativeResultsDirectory="f1533c33-4c6e-4711-be7f-28e5db678f2f">
      <Output>
        <ErrorInfo>
          <Message>Assert.AreEqual failed. Expected:&lt;F&gt;. Actual:&lt;(null)&gt;. </Message>
          <StackTrace>   at ExercisesTest.ExC3Test.ExC3_TestWithZero() in \\mac\home\Desktop\CSExercises\ExercisesTest\SectionC\ExC3Test.cs:line 14
</StackTrace>
        </ErrorInfo>
      </Output>
    </UnitTestResult>
    <UnitTestResult executionId="b96b0543-7803-41bb-8a80-c45be13aee53" testId="97c4b883-ea03-6670-c7d7-8a5271d03002" testName="ExC3_TestForA" computerName="ZANAANUAR1564" duration="00:00:00.0009374" startTime="2016-08-14T19:29:46.9425671+08:00" endTime="2016-08-14T19:29:46.9445673+08:00" testType="13cdc9d9-ddb5-4fa4-a97d-d965ccfc6d4b" outcome="Failed" testListId="8c84fa94-04c1-424b-9868-57a2d4851a1d" relativeResultsDirectory="b96b0543-7803-41bb-8a80-c45be13aee53">
      <Output>
        <ErrorInfo>
          <Message>Assert.AreEqual failed. Expected:&lt;A&gt;. Actual:&lt;(null)&gt;. </Message>
          <StackTrace>   at ExercisesTest.ExC3Test.ExC3_TestForA() in \\mac\home\Desktop\CSExercises\ExercisesTest\SectionC\ExC3Test.cs:line 21
</StackTrace>
        </ErrorInfo>
      </Output>
    </UnitTestResult>
    <UnitTestResult executionId="fe149575-6172-4de0-9d03-2ef5d02a8328" testId="057093fc-37d3-acb2-7e8c-260165b052fe" testName="ExC3_TestForB" computerName="ZANAANUAR1564" duration="00:00:00.0009189" startTime="2016-08-14T19:29:46.9445673+08:00" endTime="2016-08-14T19:29:46.9455657+08:00" testType="13cdc9d9-ddb5-4fa4-a97d-d965ccfc6d4b" outcome="Failed" testListId="8c84fa94-04c1-424b-9868-57a2d4851a1d" relativeResultsDirectory="fe149575-6172-4de0-9d03-2ef5d02a8328">
      <Output>
        <ErrorInfo>
          <Message>Assert.AreEqual failed. Expected:&lt;B&gt;. Actual:&lt;(null)&gt;. </Message>
          <StackTrace>   at ExercisesTest.ExC3Test.ExC3_TestForB() in \\mac\home\Desktop\CSExercises\ExercisesTest\SectionC\ExC3Test.cs:line 28
</StackTrace>
        </ErrorInfo>
      </Output>
    </UnitTestResult>
    <UnitTestResult executionId="64b1fb57-317e-45bf-9aae-c8bd62c567e9" testId="9f43dc8a-28c1-8a57-a21b-12b5d329c479" testName="ExC3_TestForC" computerName="ZANAANUAR1564" duration="00:00:00.0009815" startTime="2016-08-14T19:29:46.9455657+08:00" endTime="2016-08-14T19:29:46.9465712+08:00" testType="13cdc9d9-ddb5-4fa4-a97d-d965ccfc6d4b" outcome="Failed" testListId="8c84fa94-04c1-424b-9868-57a2d4851a1d" relativeResultsDirectory="64b1fb57-317e-45bf-9aae-c8bd62c567e9">
      <Output>
        <ErrorInfo>
          <Message>Assert.AreEqual failed. Expected:&lt;C&gt;. Actual:&lt;(null)&gt;. </Message>
          <StackTrace>   at ExercisesTest.ExC3Test.ExC3_TestForC() in \\mac\home\Desktop\CSExercises\ExercisesTest\SectionC\ExC3Test.cs:line 35
</StackTrace>
        </ErrorInfo>
      </Output>
    </UnitTestResult>
    <UnitTestResult executionId="531e8e93-8ebe-47af-8280-539b0d468369" testId="e77da0c1-e064-d298-63e2-55fde252db14" testName="ExC3_TestWithNegative" computerName="ZANAANUAR1564" duration="00:00:00.0009860" startTime="2016-08-14T19:29:46.9465712+08:00" endTime="2016-08-14T19:29:46.9475704+08:00" testType="13cdc9d9-ddb5-4fa4-a97d-d965ccfc6d4b" outcome="Failed" testListId="8c84fa94-04c1-424b-9868-57a2d4851a1d" relativeResultsDirectory="531e8e93-8ebe-47af-8280-539b0d468369">
      <Output>
        <ErrorInfo>
          <Message>Assert.AreEqual failed. Expected:&lt;**Error**&gt;. Actual:&lt;(null)&gt;. </Message>
          <StackTrace>   at ExercisesTest.ExC3Test.ExC3_TestWithNegative() in \\mac\home\Desktop\CSExercises\ExercisesTest\SectionC\ExC3Test.cs:line 41
</StackTrace>
        </ErrorInfo>
      </Output>
    </UnitTestResult>
    <UnitTestResult executionId="30a763f9-b2f4-4398-811e-2d46637f9550" testId="736ce668-007a-8538-cb57-b0aa4f59c7ed" testName="ExC3_TestWithLargeNumber" computerName="ZANAANUAR1564" duration="00:00:00.0011000" startTime="2016-08-14T19:29:46.9475704+08:00" endTime="2016-08-14T19:29:46.9495679+08:00" testType="13cdc9d9-ddb5-4fa4-a97d-d965ccfc6d4b" outcome="Failed" testListId="8c84fa94-04c1-424b-9868-57a2d4851a1d" relativeResultsDirectory="30a763f9-b2f4-4398-811e-2d46637f9550">
      <Output>
        <ErrorInfo>
          <Message>Assert.AreEqual failed. Expected:&lt;**Error**&gt;. Actual:&lt;(null)&gt;. </Message>
          <StackTrace>   at ExercisesTest.ExC3Test.ExC3_TestWithLargeNumber() in \\mac\home\Desktop\CSExercises\ExercisesTest\SectionC\ExC3Test.cs:line 47
</StackTrace>
        </ErrorInfo>
      </Output>
    </UnitTestResult>
    <UnitTestResult executionId="57101fda-618a-48e9-be34-41032314365e" testId="159ba622-1904-2602-2526-72a12ffa196f" testName="ExB5_TestWithZero" computerName="ZANAANUAR1564" duration="00:00:00.0011620" startTime="2016-08-14T19:29:46.9495679+08:00" endTime="2016-08-14T19:29:46.9505682+08:00" testType="13cdc9d9-ddb5-4fa4-a97d-d965ccfc6d4b" outcome="Passed" testListId="8c84fa94-04c1-424b-9868-57a2d4851a1d" relativeResultsDirectory="57101fda-618a-48e9-be34-41032314365e">
      <Output>
        <StdOut>Debug Trace:
0
3</StdOut>
      </Output>
    </UnitTestResult>
    <UnitTestResult executionId="ed983137-0478-4d04-9e28-d4aaf6beb0b8" testId="4ce714ee-0184-d714-c26f-c0f025b421a2" testName="ExB5_TestWithRandomPositiveNumber" computerName="ZANAANUAR1564" duration="00:00:00.0016166" startTime="2016-08-14T19:29:46.9505682+08:00" endTime="2016-08-14T19:29:46.9525677+08:00" testType="13cdc9d9-ddb5-4fa4-a97d-d965ccfc6d4b" outcome="Failed" testListId="8c84fa94-04c1-424b-9868-57a2d4851a1d" relativeResultsDirectory="ed983137-0478-4d04-9e28-d4aaf6beb0b8">
      <Output>
        <StdOut>Debug Trace:
98
47631</StdOut>
        <ErrorInfo>
          <Message>Assert.AreEqual failed. Expected:&lt;18819&gt;. Actual:&lt;47631&gt;. Program output is different from the expected output.</Message>
          <StackTrace>   at ExercisesTest.TestHelper.AssertOutput(String expectedOutput) in \\mac\home\Desktop\CSExercises\ExercisesTest\TestHelper.cs:line 48
   at ExercisesTest.TestHelper.TestOutputEqual(Type t, String input, String output) in \\mac\home\Desktop\CSExercises\ExercisesTest\TestHelper.cs:line 97
   at ExercisesTest.ExB5Test.ExB5_TestWithRandomPositiveNumber() in \\mac\home\Desktop\CSExercises\ExercisesTest\SectionB\ExB5Test.cs:line 21
</StackTrace>
        </ErrorInfo>
      </Output>
    </UnitTestResult>
    <UnitTestResult executionId="395a2e77-31e9-469d-82c2-8b262b4f2cb3" testId="56a6c058-ff64-0a54-1bb8-aba4833eba62" testName="ExB5_TestWithRandomNegativeNumber" computerName="ZANAANUAR1564" duration="00:00:00.0012931" startTime="2016-08-14T19:29:46.9577122+08:00" endTime="2016-08-14T19:29:46.9585696+08:00" testType="13cdc9d9-ddb5-4fa4-a97d-d965ccfc6d4b" outcome="Failed" testListId="8c84fa94-04c1-424b-9868-57a2d4851a1d" relativeResultsDirectory="395a2e77-31e9-469d-82c2-8b262b4f2cb3">
      <Output>
        <StdOut>Debug Trace:
-3
60</StdOut>
        <ErrorInfo>
          <Message>Assert.AreEqual failed. Expected:&lt;33&gt;. Actual:&lt;60&gt;. Program output is different from the expected output.</Message>
          <StackTrace>   at ExercisesTest.TestHelper.AssertOutput(String expectedOutput) in \\mac\home\Desktop\CSExercises\ExercisesTest\TestHelper.cs:line 48
   at ExercisesTest.TestHelper.TestOutputEqual(Type t, String input, String output) in \\mac\home\Desktop\CSExercises\ExercisesTest\TestHelper.cs:line 97
   at ExercisesTest.ExB5Test.ExB5_TestWithRandomNegativeNumber() in \\mac\home\Desktop\CSExercises\ExercisesTest\SectionB\ExB5Test.cs:line 29
</StackTrace>
        </ErrorInfo>
      </Output>
    </UnitTestResult>
    <UnitTestResult executionId="a20c06cd-786b-4ae2-8acf-b7a33def3270" testId="521f27a5-8565-5e7d-7db9-96f0742480e4" testName="ExB4_TestWithZero" computerName="ZANAANUAR1564" duration="00:00:00.0006777" startTime="2016-08-14T19:29:46.9585696+08:00" endTime="2016-08-14T19:29:46.9595711+08:00" testType="13cdc9d9-ddb5-4fa4-a97d-d965ccfc6d4b" outcome="Passed" testListId="8c84fa94-04c1-424b-9868-57a2d4851a1d" relativeResultsDirectory="a20c06cd-786b-4ae2-8acf-b7a33def3270">
      <Output>
        <StdOut>Debug Trace:
0
32</StdOut>
      </Output>
    </UnitTestResult>
    <UnitTestResult executionId="81c8d954-1b75-4f48-a5b8-fabbb0d28cb1" testId="d3c73420-c493-2580-26b5-713efb8af071" testName="ExB4_TestWithRandomPositiveNumber" computerName="ZANAANUAR1564" duration="00:00:00.0002862" startTime="2016-08-14T19:29:46.9595711+08:00" endTime="2016-08-14T19:29:46.9605680+08:00" testType="13cdc9d9-ddb5-4fa4-a97d-d965ccfc6d4b" outcome="Passed" testListId="8c84fa94-04c1-424b-9868-57a2d4851a1d" relativeResultsDirectory="81c8d954-1b75-4f48-a5b8-fabbb0d28cb1">
      <Output>
        <StdOut>Debug Trace:
98
208.4</StdOut>
      </Output>
    </UnitTestResult>
    <UnitTestResult executionId="bcce44e9-ba07-4e58-9f26-632685fd4953" testId="07543d53-3299-9504-fc22-6f3224244293" testName="ExB4_TestWithRandomNegativeNumber" computerName="ZANAANUAR1564" duration="00:00:00.0002883" startTime="2016-08-14T19:29:46.9605680+08:00" endTime="2016-08-14T19:29:46.9605680+08:00" testType="13cdc9d9-ddb5-4fa4-a97d-d965ccfc6d4b" outcome="Passed" testListId="8c84fa94-04c1-424b-9868-57a2d4851a1d" relativeResultsDirectory="bcce44e9-ba07-4e58-9f26-632685fd4953">
      <Output>
        <StdOut>Debug Trace:
-3
26.6</StdOut>
      </Output>
    </UnitTestResult>
    <UnitTestResult executionId="c290f84d-1bb9-46da-a949-9bbd5d6207bc" testId="547d9154-166e-a709-4ab7-dbf01b9db8a0" testName="ExB3_TestWithZero" computerName="ZANAANUAR1564" duration="00:00:00.0005848" startTime="2016-08-14T19:29:46.9605680+08:00" endTime="2016-08-14T19:29:46.9615686+08:00" testType="13cdc9d9-ddb5-4fa4-a97d-d965ccfc6d4b" outcome="Passed" testListId="8c84fa94-04c1-424b-9868-57a2d4851a1d" relativeResultsDirectory="c290f84d-1bb9-46da-a949-9bbd5d6207bc">
      <Output>
        <StdOut>Debug Trace:
0
$0.00</StdOut>
      </Output>
    </UnitTestResult>
    <UnitTestResult executionId="2fe4c82c-4397-4b76-ac7f-d21db1183b64" testId="ff06b2a1-aac2-2828-23bf-4e83c2715f17" testName="ExB3_TestWithRandomNumber" computerName="ZANAANUAR1564" duration="00:00:00.0005165" startTime="2016-08-14T19:29:46.9615686+08:00" endTime="2016-08-14T19:29:46.9625690+08:00" testType="13cdc9d9-ddb5-4fa4-a97d-d965ccfc6d4b" outcome="Passed" testListId="8c84fa94-04c1-424b-9868-57a2d4851a1d" relativeResultsDirectory="2fe4c82c-4397-4b76-ac7f-d21db1183b64">
      <Output>
        <StdOut>Debug Trace:
35
$39.55</StdOut>
      </Output>
    </UnitTestResult>
    <UnitTestResult executionId="40404d8c-8088-4c9e-82ef-9dba91e47e69" testId="dd7a1cf7-7671-a70a-aef5-f365aedd4d0e" testName="ExB2_TestWithZero" computerName="ZANAANUAR1564" duration="00:00:00.0003889" startTime="2016-08-14T19:29:46.9625690+08:00" endTime="2016-08-14T19:29:46.9635659+08:00" testType="13cdc9d9-ddb5-4fa4-a97d-d965ccfc6d4b" outcome="Passed" testListId="8c84fa94-04c1-424b-9868-57a2d4851a1d" relativeResultsDirectory="40404d8c-8088-4c9e-82ef-9dba91e47e69" />
    <UnitTestResult executionId="ef95435f-7d59-429d-a1f2-95d52be1d9d1" testId="1e6e95e5-93d0-8567-b766-24daa399e7a5" testName="ExB2_TestWithRandomNumber" computerName="ZANAANUAR1564" duration="00:00:00.0007624" startTime="2016-08-14T19:29:46.9635659+08:00" endTime="2016-08-14T19:29:46.9645717+08:00" testType="13cdc9d9-ddb5-4fa4-a97d-d965ccfc6d4b" outcome="Passed" testListId="8c84fa94-04c1-424b-9868-57a2d4851a1d" relativeResultsDirectory="ef95435f-7d59-429d-a1f2-95d52be1d9d1" />
    <UnitTestResult executionId="ab057bdb-0807-43c3-91e9-df26d72c15a2" testId="928f0289-fc26-87c9-cbcc-7860f04c41e5" testName="ExB1_TestWithZero" computerName="ZANAANUAR1564" duration="00:00:00.0003139" startTime="2016-08-14T19:29:46.9645717+08:00" endTime="2016-08-14T19:29:46.9655712+08:00" testType="13cdc9d9-ddb5-4fa4-a97d-d965ccfc6d4b" outcome="Passed" testListId="8c84fa94-04c1-424b-9868-57a2d4851a1d" relativeResultsDirectory="ab057bdb-0807-43c3-91e9-df26d72c15a2" />
    <UnitTestResult executionId="b0fa07f5-af7d-40c5-a510-e642a0848211" testId="cf3fce46-434f-4b13-6b4c-ced354dd07f6" testName="ExB1_TestWithRandomNumber" computerName="ZANAANUAR1564" duration="00:00:00.0002421" startTime="2016-08-14T19:29:46.9655712+08:00" endTime="2016-08-14T19:29:46.9655712+08:00" testType="13cdc9d9-ddb5-4fa4-a97d-d965ccfc6d4b" outcome="Passed" testListId="8c84fa94-04c1-424b-9868-57a2d4851a1d" relativeResultsDirectory="b0fa07f5-af7d-40c5-a510-e642a0848211" />
    <UnitTestResult executionId="a3fb15e7-1476-49bf-95ac-855e67cd5238" testId="76d0a13b-ab80-9522-b82c-80ef6e94b587" testName="ExA5_Case1" computerName="ZANAANUAR1564" duration="00:00:00.0004524" startTime="2016-08-14T19:29:46.9655712+08:00" endTime="2016-08-14T19:29:46.9665680+08:00" testType="13cdc9d9-ddb5-4fa4-a97d-d965ccfc6d4b" outcome="Passed" testListId="8c84fa94-04c1-424b-9868-57a2d4851a1d" relativeResultsDirectory="a3fb15e7-1476-49bf-95ac-855e67cd5238">
      <Output>
        <StdOut>Debug Trace:
100.1
100.10</StdOut>
      </Output>
    </UnitTestResult>
    <UnitTestResult executionId="1b8c97b8-b30f-4512-9002-9ba9fdeba2ba" testId="22a0a7fb-7586-1091-0284-41aa8e900d3a" testName="ExA5_Case2" computerName="ZANAANUAR1564" duration="00:00:00.0002370" startTime="2016-08-14T19:29:46.9665680+08:00" endTime="2016-08-14T19:29:46.9675691+08:00" testType="13cdc9d9-ddb5-4fa4-a97d-d965ccfc6d4b" outcome="Passed" testListId="8c84fa94-04c1-424b-9868-57a2d4851a1d" relativeResultsDirectory="1b8c97b8-b30f-4512-9002-9ba9fdeba2ba">
      <Output>
        <StdOut>Debug Trace:
0
0.00</StdOut>
      </Output>
    </UnitTestResult>
    <UnitTestResult executionId="3689c5a4-912e-4e07-95fb-6b3800c1a9f6" testId="220c17f5-86fd-d612-976c-3a2f2514a9ee" testName="ExA5_Case3" computerName="ZANAANUAR1564" duration="00:00:00.0002252" startTime="2016-08-14T19:29:46.9675691+08:00" endTime="2016-08-14T19:29:46.9675691+08:00" testType="13cdc9d9-ddb5-4fa4-a97d-d965ccfc6d4b" outcome="Passed" testListId="8c84fa94-04c1-424b-9868-57a2d4851a1d" relativeResultsDirectory="3689c5a4-912e-4e07-95fb-6b3800c1a9f6">
      <Output>
        <StdOut>Debug Trace:
3.232
3.23</StdOut>
      </Output>
    </UnitTestResult>
    <UnitTestResult executionId="bf3b603f-24c1-4991-80bc-e1093de93d57" testId="eeda8489-f414-b738-730a-b86d9a065988" testName="ExA5_Case4" computerName="ZANAANUAR1564" duration="00:00:00.0002455" startTime="2016-08-14T19:29:46.9675691+08:00" endTime="2016-08-14T19:29:46.9685686+08:00" testType="13cdc9d9-ddb5-4fa4-a97d-d965ccfc6d4b" outcome="Passed" testListId="8c84fa94-04c1-424b-9868-57a2d4851a1d" relativeResultsDirectory="bf3b603f-24c1-4991-80bc-e1093de93d57">
      <Output>
        <StdOut>Debug Trace:
4.555
4.56</StdOut>
      </Output>
    </UnitTestResult>
    <UnitTestResult executionId="b6a23215-955f-4c84-b494-13ef052e2e8f" testId="7c77c2c8-c4ae-c33d-b32c-0c27ea0a4ea6" testName="ExA4_SquareOf0" computerName="ZANAANUAR1564" duration="00:00:00.0008249" startTime="2016-08-14T19:29:46.9685686+08:00" endTime="2016-08-14T19:29:46.9695678+08:00" testType="13cdc9d9-ddb5-4fa4-a97d-d965ccfc6d4b" outcome="Passed" testListId="8c84fa94-04c1-424b-9868-57a2d4851a1d" relativeResultsDirectory="b6a23215-955f-4c84-b494-13ef052e2e8f" />
    <UnitTestResult executionId="6cc42fa7-8cf0-4c44-9bcb-12b62bf6516b" testId="06b9133f-4899-3a9e-2fb2-27c70cb6b199" testName="ExA4_SquareOf10" computerName="ZANAANUAR1564" duration="00:00:00.0001252" startTime="2016-08-14T19:29:46.9695678+08:00" endTime="2016-08-14T19:29:46.9695678+08:00" testType="13cdc9d9-ddb5-4fa4-a97d-d965ccfc6d4b" outcome="Passed" testListId="8c84fa94-04c1-424b-9868-57a2d4851a1d" relativeResultsDirectory="6cc42fa7-8cf0-4c44-9bcb-12b62bf6516b" />
    <UnitTestResult executionId="f1887f62-5033-4936-8334-baaf3344135f" testId="bb1830d4-461e-fe67-a1f1-5256b7d4a372" testName="ExA4_SquareOfMin10" computerName="ZANAANUAR1564" duration="00:00:00.0001170" startTime="2016-08-14T19:29:46.9695678+08:00" endTime="2016-08-14T19:29:46.9695678+08:00" testType="13cdc9d9-ddb5-4fa4-a97d-d965ccfc6d4b" outcome="Passed" testListId="8c84fa94-04c1-424b-9868-57a2d4851a1d" relativeResultsDirectory="f1887f62-5033-4936-8334-baaf3344135f" />
    <UnitTestResult executionId="c09a549c-d2e8-4b20-ac63-419c0871a280" testId="b0fe1b76-85dd-996a-6897-764077fa221a" testName="ExB6_TestWithZero" computerName="ZANAANUAR1564" duration="00:00:00.0005090" startTime="2016-08-14T19:29:46.9695678+08:00" endTime="2016-08-14T19:29:46.9705668+08:00" testType="13cdc9d9-ddb5-4fa4-a97d-d965ccfc6d4b" outcome="Passed" testListId="8c84fa94-04c1-424b-9868-57a2d4851a1d" relativeResultsDirectory="c09a549c-d2e8-4b20-ac63-419c0871a280">
      <Output>
        <StdOut>Debug Trace:
0
0
0
0
0</StdOut>
      </Output>
    </UnitTestResult>
    <UnitTestResult executionId="acc5df0b-e73d-499d-9716-b7ccbd120d6c" testId="3e2b89e5-e2cc-63c8-e53e-5e4f06942620" testName="ExB6_TestWithPositiveNumber" computerName="ZANAANUAR1564" duration="00:00:00.0002461" startTime="2016-08-14T19:29:46.9705668+08:00" endTime="2016-08-14T19:29:46.9715684+08:00" testType="13cdc9d9-ddb5-4fa4-a97d-d965ccfc6d4b" outcome="Passed" testListId="8c84fa94-04c1-424b-9868-57a2d4851a1d" relativeResultsDirectory="acc5df0b-e73d-499d-9716-b7ccbd120d6c">
      <Output>
        <StdOut>Debug Trace:
20
0
20
20
20</StdOut>
      </Output>
    </UnitTestResult>
    <UnitTestResult executionId="7731a51c-b0b3-4cbc-943b-6e5fda817179" testId="09a74379-7aab-b6a3-6c3c-bf77ba90813f" testName="ExB6_TestWithNegativeNumber" computerName="ZANAANUAR1564" duration="00:00:00.0002166" startTime="2016-08-14T19:29:46.9715684+08:00" endTime="2016-08-14T19:29:46.9715684+08:00" testType="13cdc9d9-ddb5-4fa4-a97d-d965ccfc6d4b" outcome="Passed" testListId="8c84fa94-04c1-424b-9868-57a2d4851a1d" relativeResultsDirectory="7731a51c-b0b3-4cbc-943b-6e5fda817179">
      <Output>
        <StdOut>Debug Trace:
20
0
-20
-20
44.7213595499958</StdOut>
      </Output>
    </UnitTestResult>
    <UnitTestResult executionId="2b568c84-92c7-4767-aed3-05e5c6c23a98" testId="5d10d8c6-9801-fba8-47ea-4f24d629e64e" testName="ExB7_TestWithZero" computerName="ZANAANUAR1564" duration="00:00:00.0003953" startTime="2016-08-14T19:29:46.9715684+08:00" endTime="2016-08-14T19:29:46.9725663+08:00" testType="13cdc9d9-ddb5-4fa4-a97d-d965ccfc6d4b" outcome="Passed" testListId="8c84fa94-04c1-424b-9868-57a2d4851a1d" relativeResultsDirectory="2b568c84-92c7-4767-aed3-05e5c6c23a98">
      <Output>
        <StdOut>Debug Trace:
0
2.4</StdOut>
      </Output>
    </UnitTestResult>
    <UnitTestResult executionId="f848ba8c-ea5c-44ff-bd7c-60738de77113" testId="8a3c2921-0d21-9733-b802-8fd60efda746" testName="ExB7_TestWithRandomPositiveNumber" computerName="ZANAANUAR1564" duration="00:00:00.0003682" startTime="2016-08-14T19:29:46.9725663+08:00" endTime="2016-08-14T19:29:46.9725663+08:00" testType="13cdc9d9-ddb5-4fa4-a97d-d965ccfc6d4b" outcome="Passed" testListId="8c84fa94-04c1-424b-9868-57a2d4851a1d" relativeResultsDirectory="f848ba8c-ea5c-44ff-bd7c-60738de77113">
      <Output>
        <StdOut>Debug Trace:
35.01
16.404

46.01
20.804

61.01
26.804</StdOut>
      </Output>
    </UnitTestResult>
    <UnitTestResult executionId="75c454b1-a2a0-4178-9e48-ee5624951fe8" testId="d8f4ff5b-1da8-68e0-6735-dca747510bd3" testName="ExB8_TestWithZero" computerName="ZANAANUAR1564" duration="00:00:00.0020591" startTime="2016-08-14T19:29:46.9725663+08:00" endTime="2016-08-14T19:29:46.9755681+08:00" testType="13cdc9d9-ddb5-4fa4-a97d-d965ccfc6d4b" outcome="Failed" testListId="8c84fa94-04c1-424b-9868-57a2d4851a1d" relativeResultsDirectory="75c454b1-a2a0-4178-9e48-ee5624951fe8">
      <Output>
        <StdOut>Debug Trace:
0
2.4</StdOut>
        <ErrorInfo>
          <Message>Assert.AreEqual failed. Expected:&lt;2.40&gt;. Actual:&lt;2.4&gt;. Program output is different from the expected output.</Message>
          <StackTrace>   at ExercisesTest.TestHelper.AssertOutput(String expectedOutput) in \\mac\home\Desktop\CSExercises\ExercisesTest\TestHelper.cs:line 48
   at ExercisesTest.TestHelper.TestOutputEqual(Type t, String input, String output) in \\mac\home\Desktop\CSExercises\ExercisesTest\TestHelper.cs:line 97
   at ExercisesTest.ExB8Test.ExB8_TestWithZero() in \\mac\home\Desktop\CSExercises\ExercisesTest\SectionB\ExB8Test.cs:line 13
</StackTrace>
        </ErrorInfo>
      </Output>
    </UnitTestResult>
    <UnitTestResult executionId="18fc1a1f-65d9-4645-9b80-22ce9779de5e" testId="4c46834b-f4c3-08ad-a27c-3715addd7c00" testName="ExB8_TestWithRandomPositiveNumber" computerName="ZANAANUAR1564" duration="00:00:00.0013017" startTime="2016-08-14T19:29:46.9755681+08:00" endTime="2016-08-14T19:29:46.9765694+08:00" testType="13cdc9d9-ddb5-4fa4-a97d-d965ccfc6d4b" outcome="Failed" testListId="8c84fa94-04c1-424b-9868-57a2d4851a1d" relativeResultsDirectory="18fc1a1f-65d9-4645-9b80-22ce9779de5e">
      <Output>
        <StdOut>Debug Trace:
35.01
16.4</StdOut>
        <ErrorInfo>
          <Message>Assert.AreEqual failed. Expected:&lt;16.40&gt;. Actual:&lt;16.4&gt;. Program output is different from the expected output.</Message>
          <StackTrace>   at ExercisesTest.TestHelper.AssertOutput(String expectedOutput) in \\mac\home\Desktop\CSExercises\ExercisesTest\TestHelper.cs:line 48
   at ExercisesTest.TestHelper.TestOutputEqual(Type t, String input, String output) in \\mac\home\Desktop\CSExercises\ExercisesTest\TestHelper.cs:line 97
   at ExercisesTest.ExB8Test.ExB8_TestWithRandomPositiveNumber() in \\mac\home\Desktop\CSExercises\ExercisesTest\SectionB\ExB8Test.cs:line 23
</StackTrace>
        </ErrorInfo>
      </Output>
    </UnitTestResult>
    <UnitTestResult executionId="8edc7f8c-e551-4193-a086-6beb6ce1863d" testId="4d421191-ce69-78f3-5526-c5d9422be733" testName="ExB9TestWithZero" computerName="ZANAANUAR1564" duration="00:00:00.0014274" startTime="2016-08-14T19:29:46.9765694+08:00" endTime="2016-08-14T19:29:46.9785705+08:00" testType="13cdc9d9-ddb5-4fa4-a97d-d965ccfc6d4b" outcome="Failed" testListId="8c84fa94-04c1-424b-9868-57a2d4851a1d" relativeResultsDirectory="8edc7f8c-e551-4193-a086-6beb6ce1863d">
      <Output>
        <StdOut>Debug Trace:
0
2.4</StdOut>
        <ErrorInfo>
          <Message>Assert.AreEqual failed. Expected:&lt;2.40&gt;. Actual:&lt;2.4&gt;. Program output is different from the expected output.</Message>
          <StackTrace>   at ExercisesTest.TestHelper.AssertOutput(String expectedOutput) in \\mac\home\Desktop\CSExercises\ExercisesTest\TestHelper.cs:line 48
   at ExercisesTest.TestHelper.TestOutputEqual(Type t, String input, String output) in \\mac\home\Desktop\CSExercises\ExercisesTest\TestHelper.cs:line 97
   at ExercisesTest.ExB9Test.ExB9TestWithZero() in \\mac\home\Desktop\CSExercises\ExercisesTest\SectionB\ExB9Test.cs:line 13
</StackTrace>
        </ErrorInfo>
      </Output>
    </UnitTestResult>
    <UnitTestResult executionId="0a2bffb1-ac11-4c29-a2e5-200e21cbd3e8" testId="2514325f-8396-182f-50e8-0dd4b88ec67a" testName="ExB9TestWithRandomPositiveNumber" computerName="ZANAANUAR1564" duration="00:00:00.0014012" startTime="2016-08-14T19:29:46.9785705+08:00" endTime="2016-08-14T19:29:46.9805688+08:00" testType="13cdc9d9-ddb5-4fa4-a97d-d965ccfc6d4b" outcome="Failed" testListId="8c84fa94-04c1-424b-9868-57a2d4851a1d" relativeResultsDirectory="0a2bffb1-ac11-4c29-a2e5-200e21cbd3e8">
      <Output>
        <StdOut>Debug Trace:
18.02
9.7</StdOut>
        <ErrorInfo>
          <Message>Assert.AreEqual failed. Expected:&lt;9.70&gt;. Actual:&lt;9.7&gt;. Program output is different from the expected output.</Message>
          <StackTrace>   at ExercisesTest.TestHelper.AssertOutput(String expectedOutput) in \\mac\home\Desktop\CSExercises\ExercisesTest\TestHelper.cs:line 48
   at ExercisesTest.TestHelper.TestOutputEqual(Type t, String input, String output) in \\mac\home\Desktop\CSExercises\ExercisesTest\TestHelper.cs:line 97
   at ExercisesTest.ExB9Test.ExB9TestWithRandomPositiveNumber() in \\mac\home\Desktop\CSExercises\ExercisesTest\SectionB\ExB9Test.cs:line 23
</StackTrace>
        </ErrorInfo>
      </Output>
    </UnitTestResult>
    <UnitTestResult executionId="298cbfe8-66d7-4ad0-b5d5-8a0fd0b4f362" testId="2f64d7d7-397c-497d-5ac2-6f48b2c6e87a" testName="ExB10_TestWithZero" computerName="ZANAANUAR1564" duration="00:00:00.0006210" startTime="2016-08-14T19:29:46.9805688+08:00" endTime="2016-08-14T19:29:46.9815710+08:00" testType="13cdc9d9-ddb5-4fa4-a97d-d965ccfc6d4b" outcome="Passed" testListId="8c84fa94-04c1-424b-9868-57a2d4851a1d" relativeResultsDirectory="298cbfe8-66d7-4ad0-b5d5-8a0fd0b4f362">
      <Output>
        <StdOut>Debug Trace:
0
0
0
0</StdOut>
      </Output>
    </UnitTestResult>
    <UnitTestResult executionId="66520ec2-f737-45b7-ab67-f72dbfe7f43d" testId="2c0176f9-773e-372e-9030-1985551cf0c5" testName="ExB10_TestWithPositiveNumber" computerName="ZANAANUAR1564" duration="00:00:00.0002861" startTime="2016-08-14T19:29:46.9815710+08:00" endTime="2016-08-14T19:29:46.9815710+08:00" testType="13cdc9d9-ddb5-4fa4-a97d-d965ccfc6d4b" outcome="Passed" testListId="8c84fa94-04c1-424b-9868-57a2d4851a1d" relativeResultsDirectory="66520ec2-f737-45b7-ab67-f72dbfe7f43d">
      <Output>
        <StdOut>Debug Trace:
3
4
5
6</StdOut>
      </Output>
    </UnitTestResult>
    <UnitTestResult executionId="757f9f73-c535-4bfa-a8f5-5a9d5ba18d4d" testId="f44f585d-496a-ceff-8ec5-5aa583d03039" testName="ExC5_TestWithAmstrongNumber" computerName="ZANAANUAR1564" duration="00:00:00.0014793" startTime="2016-08-14T19:29:46.9815710+08:00" endTime="2016-08-14T19:29:46.9835689+08:00" testType="13cdc9d9-ddb5-4fa4-a97d-d965ccfc6d4b" outcome="Failed" testListId="8c84fa94-04c1-424b-9868-57a2d4851a1d" relativeResultsDirectory="757f9f73-c535-4bfa-a8f5-5a9d5ba18d4d">
      <Output>
        <StdOut>Debug Trace:</StdOut>
        <ErrorInfo>
          <Message>Assert.IsTrue failed. There is no output detected</Message>
          <StackTrace>   at ExercisesTest.TestHelper.AssertOutput(String expectedOutput) in \\mac\home\Desktop\CSExercises\ExercisesTest\TestHelper.cs:line 47
   at ExercisesTest.TestHelper.TestOutputEqual(Type t, String input, String output) in \\mac\home\Desktop\CSExercises\ExercisesTest\TestHelper.cs:line 97
   at ExercisesTest.ExC5Test.ExC5_TestWithAmstrongNumber() in \\mac\home\Desktop\CSExercises\ExercisesTest\SectionC\ExC5Test.cs:line 13
</StackTrace>
        </ErrorInfo>
      </Output>
    </UnitTestResult>
    <UnitTestResult executionId="86ca1c9b-ddc8-4a9d-a98d-834c15329da2" testId="403ee091-5d56-e49f-11e0-a0069db2d71f" testName="ExC5_TestWithRandomPositiveNumber" computerName="ZANAANUAR1564" duration="00:00:00.0012702" startTime="2016-08-14T19:29:46.9835689+08:00" endTime="2016-08-14T19:29:46.9855662+08:00" testType="13cdc9d9-ddb5-4fa4-a97d-d965ccfc6d4b" outcome="Failed" testListId="8c84fa94-04c1-424b-9868-57a2d4851a1d" relativeResultsDirectory="86ca1c9b-ddc8-4a9d-a98d-834c15329da2">
      <Output>
        <StdOut>Debug Trace:</StdOut>
        <ErrorInfo>
          <Message>Assert.IsTrue failed. There is no output detected</Message>
          <StackTrace>   at ExercisesTest.TestHelper.AssertOutput(String expectedOutput) in \\mac\home\Desktop\CSExercises\ExercisesTest\TestHelper.cs:line 47
   at ExercisesTest.TestHelper.TestOutputEqual(Type t, String input, String output) in \\mac\home\Desktop\CSExercises\ExercisesTest\TestHelper.cs:line 97
   at ExercisesTest.ExC5Test.ExC5_TestWithRandomPositiveNumber() in \\mac\home\Desktop\CSExercises\ExercisesTest\SectionC\ExC5Test.cs:line 27
</StackTrace>
        </ErrorInfo>
      </Output>
    </UnitTestResult>
    <UnitTestResult executionId="0d683c59-2e2c-4551-b662-7f3c4689b6ad" testId="61d166ef-4cfe-77e3-b543-897aca364290" testName="ExC1_TestWithMale" computerName="ZANAANUAR1564" duration="00:00:00.0018835" startTime="2016-08-14T19:29:46.9855662+08:00" endTime="2016-08-14T19:29:46.9875679+08:00" testType="13cdc9d9-ddb5-4fa4-a97d-d965ccfc6d4b" outcome="Failed" testListId="8c84fa94-04c1-424b-9868-57a2d4851a1d" relativeResultsDirectory="0d683c59-2e2c-4551-b662-7f3c4689b6ad">
      <Output>
        <StdOut>Debug Trace:
Please enter your name: John Smith
Please enter your gender (M/F): M</StdOut>
        <ErrorInfo>
          <Message>Assert.AreEqual failed. Expected:&lt;good morning mr. john smith&gt;. Actual:&lt;please enter your gender (m/f):&gt;. Program output is different from the expected output.</Message>
          <StackTrace>   at ExercisesTest.TestHelper.AssertOutput(String expectedOutput) in \\mac\home\Desktop\CSExercises\ExercisesTest\TestHelper.cs:line 48
   at ExercisesTest.ExC1Test.ExC1_TestWithMale() in \\mac\home\Desktop\CSExercises\ExercisesTest\SectionC\ExC1Test.cs:line 15
</StackTrace>
        </ErrorInfo>
      </Output>
    </UnitTestResult>
    <UnitTestResult executionId="10966d15-b9cc-4dcb-aa77-de829d05841e" testId="f01da9c2-186f-f432-e2ea-a4bf6e6db11b" testName="ExC1_TestWithFemale" computerName="ZANAANUAR1564" duration="00:00:00.0011932" startTime="2016-08-14T19:29:46.9875679+08:00" endTime="2016-08-14T19:29:46.9885681+08:00" testType="13cdc9d9-ddb5-4fa4-a97d-d965ccfc6d4b" outcome="Failed" testListId="8c84fa94-04c1-424b-9868-57a2d4851a1d" relativeResultsDirectory="10966d15-b9cc-4dcb-aa77-de829d05841e">
      <Output>
        <StdOut>Debug Trace:
Please enter your name: Jane Austen
Please enter your gender (M/F): F</StdOut>
        <ErrorInfo>
          <Message>Assert.AreEqual failed. Expected:&lt;good morning ms. jane austen&gt;. Actual:&lt;please enter your gender (m/f):&gt;. Program output is different from the expected output.</Message>
          <StackTrace>   at ExercisesTest.TestHelper.AssertOutput(String expectedOutput) in \\mac\home\Desktop\CSExercises\ExercisesTest\TestHelper.cs:line 48
   at ExercisesTest.ExC1Test.ExC1_TestWithFemale() in \\mac\home\Desktop\CSExercises\ExercisesTest\SectionC\ExC1Test.cs:line 24
</StackTrace>
        </ErrorInfo>
      </Output>
    </UnitTestResult>
    <UnitTestResult executionId="94710c52-4f27-47df-a5d1-2109fae64bbf" testId="437f057a-e785-23b6-2c3b-fdb00373c2ea" testName="ExC1_TestWithUnknown" computerName="ZANAANUAR1564" duration="00:00:00.0004391" startTime="2016-08-14T19:29:46.9885681+08:00" endTime="2016-08-14T19:29:46.9895683+08:00" testType="13cdc9d9-ddb5-4fa4-a97d-d965ccfc6d4b" outcome="Passed" testListId="8c84fa94-04c1-424b-9868-57a2d4851a1d" relativeResultsDirectory="94710c52-4f27-47df-a5d1-2109fae64bbf">
      <Output>
        <StdOut>Debug Trace:
Please enter your name: Jane Austen
Please enter your gender (M/F): X</StdOut>
      </Output>
    </UnitTestResult>
    <UnitTestResult executionId="d4fc9f0e-e612-4b4e-bf49-58cf27286103" testId="2cc7dc39-d769-d794-e8ff-a77afcb7d16c" testName="ExC2_TestWithUncle" computerName="ZANAANUAR1564" duration="00:00:00.0016069" startTime="2016-08-14T19:29:46.9895683+08:00" endTime="2016-08-14T19:29:46.9915707+08:00" testType="13cdc9d9-ddb5-4fa4-a97d-d965ccfc6d4b" outcome="Failed" testListId="8c84fa94-04c1-424b-9868-57a2d4851a1d" relativeResultsDirectory="d4fc9f0e-e612-4b4e-bf49-58cf27286103">
      <Output>
        <StdOut>Debug Trace:
Please enter your name: Arnold
Please enter your gender (M/F): M
Please enter your age: 40</StdOut>
        <ErrorInfo>
          <Message>Assert.AreEqual failed. Expected:&lt;good morning uncle arnold&gt;. Actual:&lt;please enter your age:&gt;. Program output is different from the expected output.</Message>
          <StackTrace>   at ExercisesTest.TestHelper.AssertOutput(String expectedOutput) in \\mac\home\Desktop\CSExercises\ExercisesTest\TestHelper.cs:line 48
   at ExercisesTest.ExC2_Test.ExC2_TestWithUncle() in \\mac\home\Desktop\CSExercises\ExercisesTest\SectionC\ExC2_Test.cs:line 15
</StackTrace>
        </ErrorInfo>
      </Output>
    </UnitTestResult>
    <UnitTestResult executionId="591f6a7f-fdf0-41ac-a6a4-c3b8d36960ab" testId="358b895f-9561-e345-43e3-0530571178f3" testName="ExC2_TestWithAunty" computerName="ZANAANUAR1564" duration="00:00:00.0012148" startTime="2016-08-14T19:29:46.9915707+08:00" endTime="2016-08-14T19:29:46.9925676+08:00" testType="13cdc9d9-ddb5-4fa4-a97d-d965ccfc6d4b" outcome="Failed" testListId="8c84fa94-04c1-424b-9868-57a2d4851a1d" relativeResultsDirectory="591f6a7f-fdf0-41ac-a6a4-c3b8d36960ab">
      <Output>
        <StdOut>Debug Trace:
Please enter your name: Madonna
Please enter your gender (M/F): F
Please enter your age: 51</StdOut>
        <ErrorInfo>
          <Message>Assert.AreEqual failed. Expected:&lt;good morning aunty madonna&gt;. Actual:&lt;please enter your age:&gt;. Program output is different from the expected output.</Message>
          <StackTrace>   at ExercisesTest.TestHelper.AssertOutput(String expectedOutput) in \\mac\home\Desktop\CSExercises\ExercisesTest\TestHelper.cs:line 48
   at ExercisesTest.ExC2_Test.ExC2_TestWithAunty() in \\mac\home\Desktop\CSExercises\ExercisesTest\SectionC\ExC2_Test.cs:line 24
</StackTrace>
        </ErrorInfo>
      </Output>
    </UnitTestResult>
    <UnitTestResult executionId="daade20b-9bb1-491c-998e-997ab1c6adb5" testId="5786c8fe-760a-f1e2-51f3-9bf03ba7c133" testName="ExC2_TestWitMr" computerName="ZANAANUAR1564" duration="00:00:00.0012028" startTime="2016-08-14T19:29:46.9925676+08:00" endTime="2016-08-14T19:29:46.9945689+08:00" testType="13cdc9d9-ddb5-4fa4-a97d-d965ccfc6d4b" outcome="Failed" testListId="8c84fa94-04c1-424b-9868-57a2d4851a1d" relativeResultsDirectory="daade20b-9bb1-491c-998e-997ab1c6adb5">
      <Output>
        <StdOut>Debug Trace:
Please enter your name: Will Smith
Please enter your gender (M/F): M
Please enter your age:</StdOut>
        <ErrorInfo>
          <Message>Assert.AreEqual failed. Expected:&lt;good morning mr. will smith&gt;. Actual:&lt;please enter your age:&gt;. Program output is different from the expected output.</Message>
          <StackTrace>   at ExercisesTest.TestHelper.AssertOutput(String expectedOutput) in \\mac\home\Desktop\CSExercises\ExercisesTest\TestHelper.cs:line 48
   at ExercisesTest.ExC2_Test.ExC2_TestWitMr() in \\mac\home\Desktop\CSExercises\ExercisesTest\SectionC\ExC2_Test.cs:line 33
</StackTrace>
        </ErrorInfo>
      </Output>
    </UnitTestResult>
    <UnitTestResult executionId="b3747841-66a9-42b5-b9b4-8b610ec315ab" testId="1d1c8a71-2287-e26b-162e-49d36eb500a6" testName="ExC2_TestWithMs" computerName="ZANAANUAR1564" duration="00:00:00.0011655" startTime="2016-08-14T19:29:46.9945689+08:00" endTime="2016-08-14T19:29:46.9955670+08:00" testType="13cdc9d9-ddb5-4fa4-a97d-d965ccfc6d4b" outcome="Failed" testListId="8c84fa94-04c1-424b-9868-57a2d4851a1d" relativeResultsDirectory="b3747841-66a9-42b5-b9b4-8b610ec315ab">
      <Output>
        <StdOut>Debug Trace:
Please enter your name: Ariana Grande
Please enter your gender (M/F): F
Please enter your age: 18</StdOut>
        <ErrorInfo>
          <Message>Assert.AreEqual failed. Expected:&lt;good morning ms. ariana grande&gt;. Actual:&lt;please enter your age:&gt;. Program output is different from the expected output.</Message>
          <StackTrace>   at ExercisesTest.TestHelper.AssertOutput(String expectedOutput) in \\mac\home\Desktop\CSExercises\ExercisesTest\TestHelper.cs:line 48
   at ExercisesTest.ExC2_Test.ExC2_TestWithMs() in \\mac\home\Desktop\CSExercises\ExercisesTest\SectionC\ExC2_Test.cs:line 42
</StackTrace>
        </ErrorInfo>
      </Output>
    </UnitTestResult>
    <UnitTestResult executionId="6e6e3762-36cb-45ea-8a2d-a81f34b65958" testId="3f3b4237-6c70-8c91-dc5f-29e8e770339b" testName="ExC2_TestWithUnknown" computerName="ZANAANUAR1564" duration="00:00:00.0003844" startTime="2016-08-14T19:29:46.9955670+08:00" endTime="2016-08-14T19:29:46.9965691+08:00" testType="13cdc9d9-ddb5-4fa4-a97d-d965ccfc6d4b" outcome="Passed" testListId="8c84fa94-04c1-424b-9868-57a2d4851a1d" relativeResultsDirectory="6e6e3762-36cb-45ea-8a2d-a81f34b65958">
      <Output>
        <StdOut>Debug Trace:
Please enter your name: Jane Austen
Please enter your gender (M/F): X
Please enter your age: 20</StdOut>
      </Output>
    </UnitTestResult>
    <UnitTestResult executionId="cd52b52d-92e7-4c1f-9f07-16abbccf5aff" testId="66b3003b-1aa8-40bb-c162-a94b6568685b" testName="ExC4_TestWithZero" computerName="ZANAANUAR1564" duration="00:00:00.0014631" startTime="2016-08-14T19:29:46.9965691+08:00" endTime="2016-08-14T19:29:46.9985658+08:00" testType="13cdc9d9-ddb5-4fa4-a97d-d965ccfc6d4b" outcome="Failed" testListId="8c84fa94-04c1-424b-9868-57a2d4851a1d" relativeResultsDirectory="cd52b52d-92e7-4c1f-9f07-16abbccf5aff">
      <Output>
        <ErrorInfo>
          <Message>Assert.AreEqual failed. Expected:&lt;2.4&gt;. Actual:&lt;0&gt;. </Message>
          <StackTrace>   at ExercisesTest.ExC4Test.ExC4_TestWithZero() in \\mac\home\Desktop\CSExercises\ExercisesTest\SectionC\ExC4Test.cs:line 13
</StackTrace>
        </ErrorInfo>
      </Output>
    </UnitTestResult>
    <UnitTestResult executionId="1c06e554-dbac-460e-93cc-618275eebaf0" testId="b31774ee-007b-47f0-8e32-c6031c54d16f" testName="ExC4TestWithHalf" computerName="ZANAANUAR1564" duration="00:00:00.0010483" startTime="2016-08-14T19:29:46.9985658+08:00" endTime="2016-08-14T19:29:46.9995695+08:00" testType="13cdc9d9-ddb5-4fa4-a97d-d965ccfc6d4b" outcome="Failed" testListId="8c84fa94-04c1-424b-9868-57a2d4851a1d" relativeResultsDirectory="1c06e554-dbac-460e-93cc-618275eebaf0">
      <Output>
        <ErrorInfo>
          <Message>Assert.AreEqual failed. Expected:&lt;2.4&gt;. Actual:&lt;0&gt;. </Message>
          <StackTrace>   at ExercisesTest.ExC4Test.ExC4TestWithHalf() in \\mac\home\Desktop\CSExercises\ExercisesTest\SectionC\ExC4Test.cs:line 20
</StackTrace>
        </ErrorInfo>
      </Output>
    </UnitTestResult>
    <UnitTestResult executionId="7bc3af9f-859d-4ddd-8dd3-90434e4324fb" testId="27d651a7-a3b9-7a3a-3e05-60be06064821" testName="ExC4Test9Km" computerName="ZANAANUAR1564" duration="00:00:00.0010967" startTime="2016-08-14T19:29:46.9995695+08:00" endTime="2016-08-14T19:29:47.0005684+08:00" testType="13cdc9d9-ddb5-4fa4-a97d-d965ccfc6d4b" outcome="Failed" testListId="8c84fa94-04c1-424b-9868-57a2d4851a1d" relativeResultsDirectory="7bc3af9f-859d-4ddd-8dd3-90434e4324fb">
      <Output>
        <ErrorInfo>
          <Message>Assert.AreEqual failed. Expected:&lt;5.8&gt;. Actual:&lt;0&gt;. </Message>
          <StackTrace>   at ExercisesTest.ExC4Test.ExC4Test9Km() in \\mac\home\Desktop\CSExercises\ExercisesTest\SectionC\ExC4Test.cs:line 26
</StackTrace>
        </ErrorInfo>
      </Output>
    </UnitTestResult>
    <UnitTestResult executionId="2cc73fd6-c4e9-4663-be60-568a5ae44b3c" testId="99cc52e4-4ede-d6f1-699a-639a70caf19e" testName="ExC4Test1213Km" computerName="ZANAANUAR1564" duration="00:00:00.0011202" startTime="2016-08-14T19:29:47.0005684+08:00" endTime="2016-08-14T19:29:47.0025677+08:00" testType="13cdc9d9-ddb5-4fa4-a97d-d965ccfc6d4b" outcome="Failed" testListId="8c84fa94-04c1-424b-9868-57a2d4851a1d" relativeResultsDirectory="2cc73fd6-c4e9-4663-be60-568a5ae44b3c">
      <Output>
        <ErrorInfo>
          <Message>Assert.AreEqual failed. Expected:&lt;7.4&gt;. Actual:&lt;0&gt;. </Message>
          <StackTrace>   at ExercisesTest.ExC4Test.ExC4Test1213Km() in \\mac\home\Desktop\CSExercises\ExercisesTest\SectionC\ExC4Test.cs:line 33
</StackTrace>
        </ErrorInfo>
      </Output>
    </UnitTestResult>
    <UnitTestResult executionId="4ec5af53-2d9a-43aa-833d-0528e47737fe" testId="f232122e-0613-e1ee-dfe5-9b85a22cd2b0" testName="ExC6_TestWithZero" computerName="ZANAANUAR1564" duration="00:00:00.0003179" startTime="2016-08-14T19:29:47.0025677+08:00" endTime="2016-08-14T19:29:47.0035677+08:00" testType="13cdc9d9-ddb5-4fa4-a97d-d965ccfc6d4b" outcome="Passed" testListId="8c84fa94-04c1-424b-9868-57a2d4851a1d" relativeResultsDirectory="4ec5af53-2d9a-43aa-833d-0528e47737fe" />
    <UnitTestResult executionId="1a09a8d2-e149-4500-9be1-55592b03b3eb" testId="ae4e66b0-9a29-2a92-aee9-fdf389c27fe6" testName="ExC6_TestWithOneProduct1" computerName="ZANAANUAR1564" duration="00:00:00.0012870" startTime="2016-08-14T19:29:47.0035677+08:00" endTime="2016-08-14T19:29:47.0045711+08:00" testType="13cdc9d9-ddb5-4fa4-a97d-d965ccfc6d4b" outcome="Failed" testListId="8c84fa94-04c1-424b-9868-57a2d4851a1d" relativeResultsDirectory="1a09a8d2-e149-4500-9be1-55592b03b3eb">
      <Output>
        <ErrorInfo>
          <Message>Assert.AreEqual failed. Expected:&lt;4860&gt;. Actual:&lt;0&gt;. </Message>
          <StackTrace>   at ExercisesTest.ExC6Test.ExC6_TestWithOneProduct1() in \\mac\home\Desktop\CSExercises\ExercisesTest\SectionC\ExC6_Test.cs:line 18
</StackTrace>
        </ErrorInfo>
      </Output>
    </UnitTestResult>
    <UnitTestResult executionId="fbd6fe5c-0a1f-4a93-a9e4-d80652d86e57" testId="4297656f-1197-d292-0489-69d8ad93083c" testName="ExC6_TestWithOneProduct2" computerName="ZANAANUAR1564" duration="00:00:00.0011348" startTime="2016-08-14T19:29:47.0045711+08:00" endTime="2016-08-14T19:29:47.0055674+08:00" testType="13cdc9d9-ddb5-4fa4-a97d-d965ccfc6d4b" outcome="Failed" testListId="8c84fa94-04c1-424b-9868-57a2d4851a1d" relativeResultsDirectory="fbd6fe5c-0a1f-4a93-a9e4-d80652d86e57">
      <Output>
        <ErrorInfo>
          <Message>Assert.AreEqual failed. Expected:&lt;5000&gt;. Actual:&lt;0&gt;. </Message>
          <StackTrace>   at ExercisesTest.ExC6Test.ExC6_TestWithOneProduct2() in \\mac\home\Desktop\CSExercises\ExercisesTest\SectionC\ExC6_Test.cs:line 24
</StackTrace>
        </ErrorInfo>
      </Output>
    </UnitTestResult>
    <UnitTestResult executionId="6131c42a-cb78-4b37-861f-d631af24ca9e" testId="527da127-2853-1a9b-a2ad-f3585c728530" testName="ExC6_TestWithOneProduct3" computerName="ZANAANUAR1564" duration="00:00:00.0012201" startTime="2016-08-14T19:29:47.0065689+08:00" endTime="2016-08-14T19:29:47.0075716+08:00" testType="13cdc9d9-ddb5-4fa4-a97d-d965ccfc6d4b" outcome="Failed" testListId="8c84fa94-04c1-424b-9868-57a2d4851a1d" relativeResultsDirectory="6131c42a-cb78-4b37-861f-d631af24ca9e">
      <Output>
        <ErrorInfo>
          <Message>Assert.AreEqual failed. Expected:&lt;4950&gt;. Actual:&lt;0&gt;. </Message>
          <StackTrace>   at ExercisesTest.ExC6Test.ExC6_TestWithOneProduct3() in \\mac\home\Desktop\CSExercises\ExercisesTest\SectionC\ExC6_Test.cs:line 30
</StackTrace>
        </ErrorInfo>
      </Output>
    </UnitTestResult>
    <UnitTestResult executionId="e786a74f-a751-46d2-be46-abf7179edf82" testId="62915065-52ff-5fd8-8913-0189d77875c3" testName="ExC6_TestWithOneProduct4" computerName="ZANAANUAR1564" duration="00:00:00.0012833" startTime="2016-08-14T19:29:47.0075716+08:00" endTime="2016-08-14T19:29:47.0095680+08:00" testType="13cdc9d9-ddb5-4fa4-a97d-d965ccfc6d4b" outcome="Failed" testListId="8c84fa94-04c1-424b-9868-57a2d4851a1d" relativeResultsDirectory="e786a74f-a751-46d2-be46-abf7179edf82">
      <Output>
        <ErrorInfo>
          <Message>Assert.AreEqual failed. Expected:&lt;9000&gt;. Actual:&lt;0&gt;. </Message>
          <StackTrace>   at ExercisesTest.ExC6Test.ExC6_TestWithOneProduct4() in \\mac\home\Desktop\CSExercises\ExercisesTest\SectionC\ExC6_Test.cs:line 36
</StackTrace>
        </ErrorInfo>
      </Output>
    </UnitTestResult>
    <UnitTestResult executionId="01fb20e4-61cc-4913-b66b-00283caac211" testId="14d8a934-4e3c-5ff4-d896-b004187a9351" testName="ExC6_TestWithOneProduct5" computerName="ZANAANUAR1564" duration="00:00:00.0010246" startTime="2016-08-14T19:29:47.0095680+08:00" endTime="2016-08-14T19:29:47.0105659+08:00" testType="13cdc9d9-ddb5-4fa4-a97d-d965ccfc6d4b" outcome="Failed" testListId="8c84fa94-04c1-424b-9868-57a2d4851a1d" relativeResultsDirectory="01fb20e4-61cc-4913-b66b-00283caac211">
      <Output>
        <ErrorInfo>
          <Message>Assert.AreEqual failed. Expected:&lt;5600&gt;. Actual:&lt;0&gt;. </Message>
          <StackTrace>   at ExercisesTest.ExC6Test.ExC6_TestWithOneProduct5() in \\mac\home\Desktop\CSExercises\ExercisesTest\SectionC\ExC6_Test.cs:line 42
</StackTrace>
        </ErrorInfo>
      </Output>
    </UnitTestResult>
    <UnitTestResult executionId="5edb82c5-eff0-4e51-8e40-f429cf514690" testId="8206a26a-e532-85c1-9aad-17a6a0a5bdf0" testName="ExC6_TestWithTwoProducts1" computerName="ZANAANUAR1564" duration="00:00:00.0010598" startTime="2016-08-14T19:29:47.0105659+08:00" endTime="2016-08-14T19:29:47.0115667+08:00" testType="13cdc9d9-ddb5-4fa4-a97d-d965ccfc6d4b" outcome="Failed" testListId="8c84fa94-04c1-424b-9868-57a2d4851a1d" relativeResultsDirectory="5edb82c5-eff0-4e51-8e40-f429cf514690">
      <Output>
        <ErrorInfo>
          <Message>Assert.AreEqual failed. Expected:&lt;9265&gt;. Actual:&lt;0&gt;. </Message>
          <StackTrace>   at ExercisesTest.ExC6Test.ExC6_TestWithTwoProducts1() in \\mac\home\Desktop\CSExercises\ExercisesTest\SectionC\ExC6_Test.cs:line 48
</StackTrace>
        </ErrorInfo>
      </Output>
    </UnitTestResult>
    <UnitTestResult executionId="d8511e6f-6939-4bb8-93d2-a603b3b1c4e9" testId="59543185-c115-6f05-fde4-7a3a3cf60da3" testName="ExC6_TestWithThreeProducts1" computerName="ZANAANUAR1564" duration="00:00:00.0011120" startTime="2016-08-14T19:29:47.0115667+08:00" endTime="2016-08-14T19:29:47.0125682+08:00" testType="13cdc9d9-ddb5-4fa4-a97d-d965ccfc6d4b" outcome="Failed" testListId="8c84fa94-04c1-424b-9868-57a2d4851a1d" relativeResultsDirectory="d8511e6f-6939-4bb8-93d2-a603b3b1c4e9">
      <Output>
        <ErrorInfo>
          <Message>Assert.AreEqual failed. Expected:&lt;11365&gt;. Actual:&lt;0&gt;. </Message>
          <StackTrace>   at ExercisesTest.ExC6Test.ExC6_TestWithThreeProducts1() in \\mac\home\Desktop\CSExercises\ExercisesTest\SectionC\ExC6_Test.cs:line 54
</StackTrace>
        </ErrorInfo>
      </Output>
    </UnitTestResult>
    <UnitTestResult executionId="2bfaf9e8-e25c-49ec-a823-11253d67f608" testId="817d2cfb-2701-d099-0d77-7dda9f9ee260" testName="ExD1_TestWith88" computerName="ZANAANUAR1564" duration="00:00:00.0005242" startTime="2016-08-14T19:29:47.0125682+08:00" endTime="2016-08-14T19:29:47.0135700+08:00" testType="13cdc9d9-ddb5-4fa4-a97d-d965ccfc6d4b" outcome="Passed" testListId="8c84fa94-04c1-424b-9868-57a2d4851a1d" relativeResultsDirectory="2bfaf9e8-e25c-49ec-a823-11253d67f608">
      <Output>
        <StdOut>Debug Trace:
Enter a number (1-100): 89
Enter a number (1-100): 98
Enter a number (1-100): 32
Enter a number (1-100): 88
Lucky you</StdOut>
      </Output>
    </UnitTestResult>
    <UnitTestResult executionId="cec676b6-8eae-4aaa-90ff-9cca1be90fa9" testId="b3b356b0-b86d-68eb-f1fa-a1fb7eedeab6" testName="ExD1_TestNo88" computerName="ZANAANUAR1564" duration="00:00:00.1151470" startTime="2016-08-14T19:29:47.0135700+08:00" endTime="2016-08-14T19:29:47.1295806+08:00" testType="13cdc9d9-ddb5-4fa4-a97d-d965ccfc6d4b" outcome="Passed" testListId="8c84fa94-04c1-424b-9868-57a2d4851a1d" relativeResultsDirectory="cec676b6-8eae-4aaa-90ff-9cca1be90fa9">
      <Output>
        <StdOut>Debug Trace:
Enter a number (1-100): 89
Enter a number (1-100): 98
Enter a number (1-100): 32
Enter a number (1-100): 87
Enter a number (1-100): 
Enter a number (1-100): 
Enter a number (1-100): 
Enter a number (1-100): 
Enter a number (1-100): 
Enter a number (1-100): 
Enter a number (1-100): 
Enter a number (1-100): 
Enter a number (1-100): 
Enter a number (1-100): 
Enter a number (1-100): 
Enter a number (1-100): 
Enter a number (1-100): 
Enter a number (1-100): 
Enter a number (1-100): 
Enter a number (1-100): 
Enter a number (1-100): 
Enter a number (1-100): 
Enter a number (1-100): 
Enter a number (1-100): 
Enter a number (1-100): 
Enter a number (1-100): 
Enter a number (1-100): 
Enter a number (1-100): 
Enter a number (1-100): 
Enter a number (1-100): 
Enter a number (1-100): 
Enter a number (1-100): 
Enter a number (1-100): 
Enter a number (1-100): 
Enter a number (1-100): 
Enter a number (1-100): 
Enter a number (1-100): 
Enter a number (1-100): 
Enter a number (1-100): 
Enter a number (1-100): 
Enter a number (1-100): 
Enter a number (1-100): 
Enter a number (1-100): 
Enter a number (1-100): 
Enter a number (1-100): 
Enter a number (1-100): 
Enter a number (1-100): 
Enter a number (1-100): 
Enter a number (1-100): 
Enter a number (1-100): 
Enter a number (1-100): 
Enter a number (1-100): 
Enter a number (1-100): 
Enter a number (1-100): 
Enter a number (1-100): 
Enter a number (1-100): 
Enter a number (1-100): 
Enter a number (1-100): 
Enter a number (1-100): 
Enter a number (1-100): 
Enter a number (1-100): 
Enter a number (1-100): 
Enter a number (1-100): 
Enter a number (1-100): 
Enter a number (1-100): 
Enter a number (1-100): 
Enter a number (1-100): 
Enter a number (1-100): 
Enter a number (1-100): 
Enter a number (1-100): 
Enter a number (1-100): 
Enter a number (1-100): 
Enter a number (1-100): 
Enter a number (1-100): 
Enter a number (1-100): 
Enter a number (1-100): 
Enter a number (1-100): 
Enter a number (1-100): 
Enter a number (1-100): 
Enter a number (1-100): 
Enter a number (1-100): 
Enter a number (1-100): 
Enter a number (1-100): 
Enter a number (1-100): 
Enter a number (1-100): 
Enter a number (1-100): 
Enter a number (1-100): 
Enter a number (1-100): 
Enter a number (1-100): 
Enter a number (1-100): 
Enter a number (1-100): 
Enter a number (1-100): 
Enter a number (1-100): 
Enter a number (1-100): 
Enter a number (1-100): 
Enter a number (1-100): 
Enter a number (1-100): 
Enter a number (1-100): 
Enter a number (1-100): 
Enter a number (1-100): 
Enter a number (1-100): 
Enter a number (1-100): 
Enter a number (1-100): 
Enter a number (1-100): 
Enter a number (1-100): 
Enter a number (1-100): 
Enter a number (1-100): 
Enter a number (1-100): 
Enter a number (1-100): 
Enter a number (1-100): 
Enter a number (1-100): 
Enter a number (1-100): 
Enter a number (1-100): 
Enter a number (1-100): 
Enter a number (1-100): 
Enter a number (1-100): 
Enter a number (1-100): 
Enter a number (1-100): 
Enter a number (1-100): 
Enter a number (1-100): 
Enter a number (1-100): 
Enter a number (1-100): 
Enter a number (1-100): 
Enter a number (1-100): 
Enter a number (1-100): 
Enter a number (1-100): 
Enter a number (1-100): 
Enter a number (1-100): 
Enter a number (1-100): 
Enter a number (1-100): 
Enter a number (1-100): 
Enter a number (1-100): 
Enter a number (1-100): 
Enter a number (1-100): 
Enter a number (1-100): 
Enter a number (1-100): 
Enter a number (1-100): 
Enter a number (1-100): 
Enter a number (1-100): 
Enter a number (1-100): 
Enter a number (1-100): 
Enter a number (1-100): 
Enter a number (1-100): 
Enter a number (1-100): 
Enter a number (1-100): 
Enter a number (1-100): 
Enter a number (1-100): 
Enter a number (1-100): 
Enter a number (1-100): 
Enter a number (1-100): 
Enter a number (1-100): 
Enter a number (1-100): 
Enter a number (1-100): 
Enter a number (1-100): 
Enter a number (1-100): 
Enter a number (1-100): 
Enter a number (1-100): 
Enter a number (1-100): 
Enter a number (1-100): 
Enter a number (1-100): 
Enter a number (1-100): 
Enter a number (1-100): 
Enter a number (1-100): 
Enter a number (1-100): 
Enter a number (1-100): 
Enter a number (1-100): 
Enter a number (1-100): 
Enter a number (1-100): 
Enter a number (1-100): 
Enter a number (1-100): 
Enter a number (1-100): 
Enter a number (1-100): 
Enter a number (1-100): 
Enter a number (1-100): 
Enter a number (1-100): 
Enter a number (1-100): 
Enter a number (1-100): 
Enter a number (1-100): 
Enter a number (1-100): 
Enter a number (1-100): 
Enter a number (1-100): 
Enter a number (1-100): 
Enter a number (1-100): 
Enter a number (1-100): 
Enter a number (1-100): 
Enter a number (1-100): 
Enter a number (1-100): 
Enter a number (1-100): 
Enter a number (1-100): 
Enter a number (1-100): 
Enter a number (1-100): 
Enter a number (1-100): 
Enter a number (1-100): 
Enter a number (1-100): 
Enter a number (1-100): 
Enter a number (1-100): 
Enter a number (1-100): 
Enter a number (1-100): 
Enter a number (1-100): 
Enter a number (1-100): 
Enter a number (1-100): 
Enter a number (1-100): 
Enter a number (1-100): 
Enter a number (1-100): 
Enter a number (1-100): 
Enter a number (1-100): 
Enter a number (1-100): 
Enter a number (1-100): 
Enter a number (1-100): 
Enter a number (1-100): 
Enter a number (1-100): 
Enter a number (1-100): 
Enter a number (1-100): 
Enter a number (1-100): 
Enter a number (1-100): 
Enter a number (1-100): 
Enter a number (1-100): 
Enter a number (1-100): 
Enter a number (1-100): 
Enter a number (1-100): 
Enter a number (1-100): 
Enter a number (1-100): 
Enter a number (1-100): 
Enter a number (1-100): 
Enter a number (1-100): 
Enter a number (1-100): 
Enter a number (1-100): 
Enter a number (1-100): 
Enter a number (1-100): 
Enter a number (1-100): 
Enter a number (1-100): 
Enter a number (1-100): 
Enter a number (1-100): 
Enter a number (1-100): 
Enter a number (1-100): 
Enter a number (1-100): 
Enter a number (1-100): 
Enter a number (1-100): 
Enter a number (1-100): 
Enter a number (1-100): 
Enter a number (1-100): 
Enter a number (1-100): 
Enter a number (1-100): 
Enter a number (1-100): 
Enter a number (1-100): 
Enter a number (1-100): 
Enter a number (1-100): 
Enter a number (1-100): 
Enter a number (1-100): 
Enter a number (1-100): 
Enter a number (1-100): 
Enter a number (1-100): 
Enter a number (1-100): 
Enter a number (1-100): 
Enter a number (1-100): 
Enter a number (1-100): 
Enter a number (1-100): 
Enter a number (1-100): 
Enter a number (1-100): 
Enter a number (1-100): 
Enter a number (1-100): 
Enter a number (1-100): 
Enter a number (1-100): 
Enter a number (1-100): 
Enter a number (1-100): 
Enter a number (1-100): 
Enter a number (1-100): 
Enter a number (1-100): 
Enter a number (1-100): 
Enter a number (1-100): 
Enter a number (1-100): 
Enter a number (1-100): 
Enter a number (1-100): 
Enter a number (1-100): 
Enter a number (1-100): 
Enter a number (1-100): 
Enter a number (1-100): 
Enter a number (1-100): 
Enter a number (1-100): 
Enter a number (1-100): 
Enter a number (1-100): 
Enter a number (1-100): 
Enter a number (1-100): 
Enter a number (1-100): 
Enter a number (1-100): 
Enter a number (1-100): 
Enter a number (1-100): 
Enter a number (1-100): 
Enter a number (1-100): 
Enter a number (1-100): 
Enter a number (1-100): 
Enter a number (1-100): 
Enter a number (1-100): 
Enter a number (1-100): 
Enter a number (1-100): 
Enter a number (1-100): 
Enter a number (1-100): 
Enter a number (1-100): 
Enter a number (1-100): 
Enter a number (1-100): 
Enter a number (1-100): 
Enter a number (1-100): 
Enter a number (1-100): 
Enter a number (1-100): 
Enter a number (1-100): 
Enter a number (1-100): 
Enter a number (1-100): 
Enter a number (1-100): 
Enter a number (1-100): 
Enter a number (1-100): 
Enter a number (1-100): 
Enter a number (1-100): 
Enter a number (1-100): 
Enter a number (1-100): 
Enter a number (1-100): 
Enter a number (1-100): 
Enter a number (1-100): 
Enter a number (1-100): 
Enter a number (1-100): 
Enter a number (1-100): 
Enter a number (1-100): 
Enter a number (1-100): 
Enter a number (1-100): 
Enter a number (1-100): 
Enter a number (1-100): 
Enter a number (1-100): 
Enter a number (1-100): 
Enter a number (1-100): 
Enter a number (1-100): 
Enter a number (1-100): 
Enter a number (1-100): 
Enter a number (1-100): 
Enter a number (1-100): 
Enter a number (1-100): 
Enter a number (1-100): 
Enter a number (1-100): 
Enter a number (1-100): 
Enter a number (1-100): 
Enter a number (1-100): 
Enter a number (1-100): 
Enter a number (1-100): 
Enter a number (1-100): 
Enter a number (1-100): 
Enter a number (1-100): 
Enter a number (1-100): 
Enter a number (1-100): 
Enter a number (1-100): 
Enter a number (1-100): 
Enter a number (1-100): 
Enter a number (1-100): 
Enter a number (1-100): 
Enter a number (1-100): 
Enter a number (1-100): 
Enter a number (1-100): 
Enter a number (1-100): 
Enter a number (1-100): 
Enter a number (1-100): 
Enter a number (1-100): 
Enter a number (1-100): 
Enter a number (1-100): 
Enter a number (1-100): 
Enter a number (1-100): 
Enter a number (1-100): 
Enter a number (1-100): 
Enter a number (1-100): 
Enter a number (1-100): 
Enter a number (1-100): 
Enter a number (1-100): 
Enter a number (1-100): 
Enter a number (1-100): 
Enter a number (1-100): 
Enter a number (1-100): 
Enter a number (1-100): 
Enter a number (1-100): 
Enter a number (1-100): 
Enter a number (1-100): 
Enter a number (1-100): 
Enter a number (1-100): 
Enter a number (1-100): 
Enter a number (1-100): 
Enter a number (1-100): 
Enter a number (1-100): 
Enter a number (1-100): 
Enter a number (1-100): 
Enter a number (1-100): 
Enter a number (1-100): 
Enter a number (1-100): 
Enter a number (1-100): 
Enter a number (1-100): 
Enter a number (1-100): 
Enter a number (1-100): 
Enter a number (1-100): 
Enter a number (1-100): 
Enter a number (1-100): 
Enter a number (1-100): 
Enter a number (1-100): 
Enter a number (1-100): 
Enter a number (1-100): 
Enter a number (1-100): 
Enter a number (1-100): 
Enter a number (1-100): 
Enter a number (1-100): 
Enter a number (1-100): 
Enter a number (1-100): 
Enter a number (1-100): 
Enter a number (1-100): 
Enter a number (1-100): 
Enter a number (1-100): 
Enter a number (1-100): 
Enter a number (1-100): 
Enter a number (1-100): 
Enter a number (1-100): 
Enter a number (1-100): 
Enter a number (1-100): 
Enter a number (1-100): 
Enter a number (1-100): 
Enter a number (1-100): 
Enter a number (1-100): 
Enter a number (1-100): 
Enter a number (1-100): 
Enter a number (1-100): 
Enter a number (1-100): 
Enter a number (1-100): 
Enter a number (1-100): 
Enter a number (1-100): 
Enter a number (1-100): 
Enter a number (1-100): 
Enter a number (1-100): 
Enter a number (1-100): 
Enter a number (1-100): 
Enter a number (1-100): 
Enter a number (1-100): 
Enter a number (1-100): 
Enter a number (1-100): 
Enter a number (1-100): 
Enter a number (1-100): 
Enter a number (1-100): 
Enter a number (1-100): 
Enter a number (1-100): 
Enter a number (1-100): 
Enter a number (1-100): 
Enter a number (1-100): 
Enter a number (1-100): 
Enter a number (1-100): 
Enter a number (1-100): 
Enter a number (1-100): 
Enter a number (1-100): 
Enter a number (1-100): 
Enter a number (1-100): 
Enter a number (1-100): 
Enter a number (1-100): 
Enter a number (1-100): 
Enter a number (1-100): 
Enter a number (1-100): 
Enter a number (1-100): 
Enter a number (1-100): 
Enter a number (1-100): 
Enter a number (1-100): 
Enter a number (1-100): 
Enter a number (1-100): 
Enter a number (1-100): 
Enter a number (1-100): 
Enter a number (1-100): 
Enter a number (1-100): 
Enter a number (1-100): 
Enter a number (1-100): 
Enter a number (1-100): 
Enter a number (1-100): 
Enter a number (1-100): 
Enter a number (1-100): 
Enter a number (1-100): 
Enter a number (1-100): 
Enter a number (1-100): 
Enter a number (1-100): 
Enter a number (1-100): 
Enter a number (1-100): 
Enter a number (1-100): 
Enter a number (1-100): 
Enter a number (1-100): 
Enter a number (1-100): 
Enter a number (1-100): 
Enter a number (1-100): 
Enter a number (1-100): 
Enter a number (1-100): 
Enter a number (1-100): 
Enter a number (1-100): 
Enter a number (1-100): 
Enter a number (1-100): 
Enter a number (1-100): 
Enter a number (1-100): 
Enter a number (1-100): 
Enter a number (1-100): 
Enter a number (1-100): 
Enter a number (1-100): 
Enter a number (1-100): 
Enter a number (1-100): 
Enter a number (1-100): 
Enter a number (1-100): 
Enter a number (1-100): 
Enter a number (1-100): 
Enter a number (1-100): 
Enter a number (1-100): 
Enter a number (1-100): 
Enter a number (1-100): 
Enter a number (1-100): 
Enter a number (1-100): 
Enter a number (1-100): 
Enter a number (1-100): 
Enter a number (1-100): 
Enter a number (1-100): 
Enter a number (1-100): 
Enter a number (1-100): 
Enter a number (1-100): 
Enter a number (1-100): 
Enter a number (1-100): 
Enter a number (1-100): 
Enter a number (1-100): 
Enter a number (1-100): 
Enter a number (1-100): 
Enter a number (1-100): 
Enter a number (1-100): 
Enter a number (1-100): 
Enter a number (1-100): 
Enter a number (1-100): 
Enter a number (1-100): 
Enter a number (1-100): 
Enter a number (1-100): 
Enter a number (1-100): 
Enter a number (1-100): 
Enter a number (1-100): 
Enter a number (1-100): 
Enter a number (1-100): 
Enter a number (1-100): 
Enter a number (1-100): 
Enter a number (1-100): 
Enter a number (1-100): 
Enter a number (1-100): 
Enter a number (1-100): 
Enter a number (1-100): 
Enter a number (1-100): 
Enter a number (1-100): 
Enter a number (1-100): 
Enter a number (1-100): 
Enter a number (1-100): 
Enter a number (1-100): 
Enter a number (1-100): 
Enter a number (1-100): 
Enter a number (1-100): 
Enter a number (1-100): 
Enter a number (1-100): 
Enter a number (1-100): 
Enter a number (1-100): 
Enter a number (1-100): 
Enter a number (1-100): 
Enter a number (1-100): 
Enter a number (1-100): 
Enter a number (1-100): 
Enter a number (1-100): 
Enter a number (1-100): 
Enter a number (1-100): 
Enter a number (1-100): 
Enter a number (1-100): 
Enter a number (1-100): 
Enter a number (1-100): 
Enter a number (1-100): 
Enter a number (1-100): 
Enter a number (1-100): 
Enter a number (1-100): 
Enter a number (1-100): 
Enter a number (1-100): 
Enter a number (1-100): 
Enter a number (1-100): 
Enter a number (1-100): 
Enter a number (1-100): 
Enter a number (1-100): 
Enter a number (1-100): 
Enter a number (1-100): 
Enter a number (1-100): 
Enter a number (1-100): 
Enter a number (1-100): 
Enter a number (1-100): 
Enter a number (1-100): 
Enter a number (1-100): 
Enter a number (1-100): 
Enter a number (1-100): 
Enter a number (1-100): 
Enter a number (1-100): 
Enter a number (1-100): 
Enter a number (1-100): 
Enter a number (1-100): 
Enter a number (1-100): 
Enter a number (1-100): 
Enter a number (1-100): 
Enter a number (1-100): 
Enter a number (1-100): 
Enter a number (1-100): 
Enter a number (1-100): 
Enter a number (1-100): 
Enter a number (1-100): 
Enter a number (1-100): 
Enter a number (1-100): 
Enter a number (1-100): 
Enter a number (1-100): 
Enter a number (1-100): 
Enter a number (1-100): 
Enter a number (1-100): 
Enter a number (1-100): 
Enter a number (1-100): 
Enter a number (1-100): 
Enter a number (1-100): 
Enter a number (1-100): 
Enter a number (1-100): 
Enter a number (1-100): 
Enter a number (1-100): 
Enter a number (1-100): 
Enter a number (1-100): 
Enter a number (1-100): 
Enter a number (1-100): 
Enter a number (1-100): 
Enter a number (1-100): 
Enter a number (1-100): 
Enter a number (1-100): 
Enter a number (1-100): 
Enter a number (1-100): 
Enter a number (1-100): 
Enter a number (1-100): 
Enter a number (1-100): 
Enter a number (1-100): 
Enter a number (1-100): 
Enter a number (1-100): 
Enter a number (1-100): 
Enter a number (1-100): 
Enter a number (1-100): 
Enter a number (1-100): 
Enter a number (1-100): 
Enter a number (1-100): 
Enter a number (1-100): 
Enter a number (1-100): 
Enter a number (1-100): 
Enter a number (1-100): 
Enter a number (1-100): 
Enter a number (1-100): 
Enter a number (1-100): 
Enter a number (1-100): 
Enter a number (1-100): 
Enter a number (1-100): 
Enter a number (1-100): 
Enter a number (1-100): 
Enter a number (1-100): 
Enter a number (1-100): 
Enter a number (1-100): 
Enter a number (1-100): 
Enter a number (1-100): 
Enter a number (1-100): 
Enter a number (1-100): 
Enter a number (1-100): 
Enter a number (1-100): 
Enter a number (1-100): 
Enter a number (1-100): 
Enter a number (1-100): 
Enter a number (1-100): 
Enter a number (1-100): 
Enter a number (1-100): 
Enter a number (1-100): 
Enter a number (1-100): 
Enter a number (1-100): 
Enter a number (1-100): 
Enter a number (1-100): 
Enter a number (1-100): 
Enter a number (1-100): 
Enter a number (1-100): 
Enter a number (1-100): 
Enter a number (1-100): 
Enter a number (1-100): 
Enter a number (1-100): 
Enter a number (1-100): 
Enter a number (1-100): 
Enter a number (1-100): 
Enter a number (1-100): 
Enter a number (1-100): 
Enter a number (1-100): 
Enter a number (1-100): 
Enter a number (1-100): 
Enter a number (1-100): 
Enter a number (1-100): 
Enter a number (1-100): 
Enter a number (1-100): 
Enter a number (1-100): 
Enter a number (1-100): 
Enter a number (1-100): 
Enter a number (1-100): 
Enter a number (1-100): 
Enter a number (1-100): 
Enter a number (1-100): 
Enter a number (1-100): 
Enter a number (1-100): 
Enter a number (1-100): 
Enter a number (1-100): 
Enter a number (1-100): 
Enter a number (1-100): 
Enter a number (1-100): 
Enter a number (1-100): 
Enter a number (1-100): 
Enter a number (1-100): 
Enter a number (1-100): 
Enter a number (1-100): 
Enter a number (1-100): 
Enter a number (1-100): 
Enter a number (1-100): 
Enter a number (1-100): 
Enter a number (1-100): 
Enter a number (1-100): 
Enter a number (1-100): 
Enter a number (1-100): 
Enter a number (1-100): 
Enter a number (1-100): 
Enter a number (1-100): 
Enter a number (1-100): 
Enter a number (1-100): 
Enter a number (1-100): 
Enter a number (1-100): 
Enter a number (1-100): 
Enter a number (1-100): 
Enter a number (1-100): 
Enter a number (1-100): 
Enter a number (1-100): 
Enter a number (1-100): 
Enter a number (1-100): 
Enter a number (1-100): 
Enter a number (1-100): 
Enter a number (1-100): 
Enter a number (1-100): 
Enter a number (1-100): 
Enter a number (1-100): 
Enter a number (1-100): 
Enter a number (1-100): 
Enter a number (1-100): 
Enter a number (1-100): 
Enter a number (1-100): 
Enter a number (1-100): 
Enter a number (1-100): 
Enter a number (1-100): 
Enter a number (1-100): 
Enter a number (1-100): 
Enter a number (1-100): 
Enter a number (1-100): 
Enter a number (1-100): 
Enter a number (1-100): 
Enter a number (1-100): 
Enter a number (1-100): 
Enter a number (1-100): 
Enter a number (1-100): 
Enter a number (1-100): 
Enter a number (1-100): 
Enter a number (1-100): 
Enter a number (1-100): 
Enter a number (1-100): 
Enter a number (1-100): 
Enter a number (1-100): 
Enter a number (1-100): 
Enter a number (1-100): 
Enter a number (1-100): 
Enter a number (1-100): 
Enter a number (1-100): 
Enter a number (1-100): 
Enter a number (1-100): 
Enter a number (1-100): 
Enter a number (1-100): 
Enter a number (1-100): 
Enter a number (1-100): 
Enter a number (1-100): 
Enter a number (1-100): 
Enter a number (1-100): 
Enter a number (1-100): 
Enter a number (1-100): 
Enter a number (1-100): 
Enter a number (1-100): 
Enter a number (1-100): 
Enter a number (1-100): 
Enter a number (1-100): 
Enter a number (1-100): 
Enter a number (1-100): 
Enter a number (1-100): 
Enter a number (1-100): 
Enter a number (1-100): 
Enter a number (1-100): 
Enter a number (1-100): 
Enter a number (1-100): 
Enter a number (1-100): 
Enter a number (1-100): 
Enter a number (1-100): 
Enter a number (1-100): 
Enter a number (1-100): 
Enter a number (1-100): 
Enter a number (1-100): 
Enter a number (1-100): 
Enter a number (1-100): 
Enter a number (1-100): 
Enter a number (1-100): 
Enter a number (1-100): 
Enter a number (1-100): 
Enter a number (1-100): 
Enter a number (1-100): 
Enter a number (1-100): 
Enter a number (1-100): 
Enter a number (1-100): 
Enter a number (1-100): 
Enter a number (1-100): 
Enter a number (1-100): 
Enter a number (1-100): 
Enter a number (1-100): 
Enter a number (1-100): 
Enter a number (1-100): 
Enter a number (1-100): 
Enter a number (1-100): 
Enter a number (1-100): 
Enter a number (1-100): 
Enter a number (1-100): 
Enter a number (1-100): 
Enter a number (1-100): 
Enter a number (1-100): 
Enter a number (1-100): 
Enter a number (1-100): 
Enter a number (1-100): 
Enter a number (1-100): 
Enter a number (1-100): 
Enter a number (1-100): 
Enter a number (1-100): 
Enter a number (1-100): 
Enter a number (1-100): 
Enter a number (1-100): 
Enter a number (1-100): 
Enter a number (1-100): 
Enter a number (1-100): 
Enter a number (1-100): 
Enter a number (1-100): 
Enter a number (1-100): 
Enter a number (1-100): 
Enter a number (1-100): 
Enter a number (1-100): 
Enter a number (1-100): 
Enter a number (1-100): 
Enter a number (1-100): 
Enter a number (1-100): 
Enter a number (1-100): 
Enter a number (1-100): 
Enter a number (1-100): 
Enter a number (1-100): 
Enter a number (1-100): 
Enter a number (1-100): 
Enter a number (1-100): 
Enter a number (1-100): 
Enter a number (1-100): 
Enter a number (1-100): 
Enter a number (1-100): 
Enter a number (1-100): 
Enter a number (1-100): 
Enter a number (1-100): 
Enter a number (1-100): 
Enter a number (1-100): 
Enter a number (1-100): 
Enter a number (1-100): 
Enter a number (1-100): 
Enter a number (1-100): 
Enter a number (1-100): 
Enter a number (1-100): 
Enter a number (1-100): 
Enter a number (1-100): 
Enter a number (1-100): 
Enter a number (1-100): 
Enter a number (1-100): 
Enter a number (1-100): 
Enter a number (1-100): 
Enter a number (1-100): 
Enter a number (1-100): 
Enter a number (1-100): 
Enter a number (1-100): 
Enter a number (1-100): 
Enter a number (1-100): 
Enter a number (1-100): 
Enter a number (1-100): 
Enter a number (1-100): 
Enter a number (1-100): 
Enter a number (1-100): 
Enter a number (1-100): 
Enter a number (1-100): 
Enter a number (1-100): 
Enter a number (1-100): 
Enter a number (1-100): 
Enter a number (1-100): 
Enter a number (1-100): 
Enter a number (1-100): 
Enter a number (1-100): 
Enter a number (1-100): 
Enter a number (1-100): 
Enter a number (1-100): 
Enter a number (1-100): 
Enter a number (1-100): 
Enter a number (1-100): 
Enter a number (1-100): 
Enter a number (1-100): 
Enter a number (1-100): 
Enter a number (1-100): 
Enter a number (1-100): 
Enter a number (1-100): 
Enter a number (1-100): 
Enter a number (1-100): 
Enter a number (1-100): 
Enter a number (1-100): 
Enter a number (1-100): 
Enter a number (1-100): 
Enter a number (1-100): 
Enter a number (1-100): 
Enter a number (1-100): 
Enter a number (1-100): 
Enter a number (1-100): 
Enter a number (1-100): 
Enter a number (1-100): 
Enter a number (1-100): 
Enter a number (1-100): 
Enter a number (1-100): 
Enter a number (1-100): 
Enter a number (1-100): 
Enter a number (1-100): 
Enter a number (1-100): 
Enter a number (1-100): 
Enter a number (1-100): 
Enter a number (1-100): 
Enter a number (1-100): 
Enter a number (1-100): 
Enter a number (1-100): 
Enter a number (1-100): 
Enter a number (1-100): 
Enter a number (1-100): 
Enter a number (1-100): 
Enter a number (1-100): 
Enter a number (1-100): 
Enter a number (1-100): 
Enter a number (1-100): 
Enter a number (1-100): 
Enter a number (1-100): 
Enter a number (1-100): 
Enter a number (1-100): 
Enter a number (1-100): 
Enter a number (1-100): 
Enter a number (1-100): 
Enter a number (1-100): 
Enter a number (1-100): 
Enter a number (1-100): 
Enter a number (1-100): 
Enter a number (1-100): 
Enter a number (1-100): 
Enter a number (1-100): 
Enter a number (1-100): 
Enter a number (1-100): 
Enter a number (1-100): 
Enter a number (1-100): 
Enter a number (1-100): 
Enter a number (1-100): 
Enter a number (1-100): 
Enter a number (1-100): 
Enter a number (1-100): 
Enter a number (1-100): 
Enter a number (1-100): 
Enter a number (1-100): 
Enter a number (1-100): 
Enter a number (1-100): 
Enter a number (1-100): 
Enter a number (1-100): 
Enter a number (1-100): 
Enter a number (1-100): 
Enter a number (1-100): 
Enter a number (1-100): 
Enter a number (1-100): 
Enter a number (1-100): 
Enter a number (1-100): 
Enter a number (1-100): 
Enter a number (1-100): 
Enter a number (1-100): 
Enter a number (1-100): 
Enter a number (1-100): 
Enter a number (1-100): 
Enter a number (1-100): 
Enter a number (1-100): 
Enter a number (1-100): 
Enter a number (1-100): 
Enter a number (1-100): 
Enter a number (1-100): 
Enter a number (1-100): 
Enter a number (1-100): 
Enter a number (1-100): 
Enter a number (1-100): 
Enter a number (1-100): 
Enter a number (1-100): 
Enter a number (1-100): 
Enter a number (1-100): 
Enter a number (1-100): 
Enter a number (1-100): 
Enter a number (1-100): 
Enter a number (1-100): 
Enter a number (1-100): 
Enter a number (1-100): 
Enter a number (1-100): 
Enter a number (1-100): 
Enter a number (1-100): 
Enter a number (1-100): 
Enter a number (1-100): 
Enter a number (1-100): 
Enter a number (1-100): 
Enter a number (1-100): 
Enter a number (1-100): 
Enter a number (1-100): 
Enter a number (1-100): 
Enter a number (1-100): 
Enter a number (1-100): 
Enter a number (1-100): 
Enter a number (1-100): 
Enter a number (1-100): 
Enter a number (1-100): 
Enter a number (1-100): 
Enter a number (1-100): 
Enter a number (1-100): 
Enter a number (1-100): 
Enter a number (1-100): 
Enter a number (1-100): 
Enter a number (1-100): 
Enter a number (1-100): 
Enter a number (1-100): 
Enter a number (1-100): 
Enter a number (1-100): 
Enter a number (1-100): 
Enter a number (1-100): 
Enter a number (1-100): 
Enter a number (1-100): 
Enter a number (1-100): 
Enter a number (1-100): 
Enter a number (1-100): 
Enter a number (1-100): 
Enter a number (1-100): 
Enter a number (1-100): 
Enter a number (1-100): 
Enter a number (1-100): 
Enter a number (1-100): 
Enter a number (1-100): 
Enter a number (1-100): 
Enter a number (1-100): 
Enter a number (1-100): 
Enter a number (1-100): 
Enter a number (1-100): 
Enter a number (1-100): 
Enter a number (1-100): 
Enter a number (1-100): 
Enter a number (1-100): 
Enter a number (1-100): 
Enter a number (1-100): 
Enter a number (1-100): 
Enter a number (1-100): 
Enter a number (1-100): 
Enter a number (1-100): 
Enter a number (1-100): 
Enter a number (1-100): 
Enter a number (1-100): 
Enter a number (1-100): 
Enter a number (1-100): 
Enter a number (1-100): 
Enter a number (1-100): 
Enter a number (1-100): 
Enter a number (1-100): 
Enter a number (1-100): 
Enter a number (1-100): 
Enter a number (1-100): 
Enter a number (1-100): 
Enter a number (1-100): 
Enter a number (1-100): 
Enter a number (1-100): 
Enter a number (1-100): 
Enter a number (1-100): 
Enter a number (1-100): 
Enter a number (1-100): 
Enter a number (1-100): 
Enter a number (1-100): 
Enter a number (1-100): 
Enter a number (1-100): 
Enter a number (1-100): 
Enter a number (1-100): 
Enter a number (1-100): 
Enter a number (1-100): 
Enter a number (1-100): 
Enter a number (1-100): 
Enter a number (1-100): 
Enter a number (1-100): 
Enter a number (1-100): 
Enter a number (1-100): 
Enter a number (1-100): 
Enter a number (1-100): 
Enter a number (1-100): 
Enter a number (1-100): 
Enter a number (1-100): 
Enter a number (1-100): 
Enter a number (1-100): 
Enter a number (1-100): 
Enter a number (1-100): 
Enter a number (1-100): 
Enter a number (1-100): 
Enter a number (1-100): 
Enter a number (1-100): 
Enter a number (1-100): 
Enter a number (1-100): 
Enter a number (1-100): 
Enter a number (1-100): 
Enter a number (1-100): 
Enter a number (1-100): 
Enter a number (1-100): 
Enter a number (1-100): 
Enter a number (1-100): 
Enter a number (1-100): 
Enter a number (1-100): 
Enter a number (1-100): 
Enter a number (1-100): 
Enter a number (1-100): 
Enter a number (1-100): 
Enter a number (1-100): 
Enter a number (1-100): 
Enter a number (1-100): 
Enter a number (1-100): 
Enter a number (1-100): 
Enter a number (1-100): 
Enter a number (1-100): 
Enter a number (1-100): 
Enter a number (1-100): 
Enter a number (1-100): 
Enter a number (1-100): 
Enter a number (1-100): 
Enter a number (1-100): 
Enter a number (1-100): 
Enter a number (1-100): 
Enter a number (1-100): 
Enter a number (1-100): 
Enter a number (1-100): 
Enter a number (1-100): 
Enter a number (1-100): 
Enter a number (1-100): 
Enter a number (1-100): 
Enter a number (1-100): 
Enter a number (1-100): 
Enter a number (1-100): 
Enter a number (1-100): 
Enter a number (1-100): 
Enter a number (1-100): 
Enter a number (1-100): 
Enter a number (1-100): 
Enter a number (1-100): 
Enter a number (1-100): 
Enter a number (1-100): 
Enter a number (1-100): 
Enter a number (1-100): 
Enter a number (1-100): 
Enter a number (1-100): 
Enter a number (1-100): 
Enter a number (1-100): 
Enter a number (1-100): 
Enter a number (1-100): 
Enter a number (1-100): 
Enter a number (1-100): 
Enter a number (1-100): 
Enter a number (1-100): 
Enter a number (1-100): 
Enter a number (1-100): 
Enter a number (1-100): 
Enter a number (1-100): 
Enter a number (1-100): 
Enter a number (1-100): 
Enter a number (1-100): 
Enter a number (1-100): 
Enter a number (1-100): 
Enter a number (1-100): 
Enter a number (1-100): 
Enter a number (1-100): 
Enter a number (1-100): 
Enter a number (1-100): 
Enter a number (1-100): 
Enter a number (1-100): 
Enter a number (1-100): 
Enter a number (1-100): 
Enter a number (1-100): 
Enter a number (1-100): 
Enter a number (1-100): 
Enter a number (1-100): 
Enter a number (1-100): 
Enter a number (1-100): 
Enter a number (1-100): 
Enter a number (1-100): 
Enter a number (1-100): 
Enter a number (1-100): 
Enter a number (1-100): 
Enter a number (1-100): 
Enter a number (1-100): 
Enter a number (1-100): 
Enter a number (1-100): 
Enter a number (1-100): 
Enter a number (1-100): 
Enter a number (1-100): 
Enter a number (1-100): 
Enter a number (1-100): 
Enter a number (1-100): 
Enter a number (1-100): 
Enter a number (1-100): 
Enter a number (1-100): 
Enter a number (1-100): 
Enter a number (1-100): 
Enter a number (1-100): 
Enter a number (1-100): 
Enter a number (1-100): 
Enter a number (1-100): 
Enter a number (1-100): 
Enter a number (1-100): 
Enter a number (1-100): 
Enter a number (1-100): 
Enter a number (1-100): 
Enter a number (1-100): 
Enter a number (1-100): 
Enter a number (1-100): 
Enter a number (1-100): 
Enter a number (1-100): 
Enter a number (1-100): 
Enter a number (1-100): 
Enter a number (1-100): 
Enter a number (1-100): 
Enter a number (1-100): 
Enter a number (1-100): 
Enter a number (1-100): 
Enter a number (1-100): 
Enter a number (1-100): 
Enter a number (1-100): 
Enter a number (1-100): 
Enter a number (1-100): 
Enter a number (1-100): 
Enter a number (1-100): 
Enter a number (1-100): 
Enter a number (1-100): 
Enter a number (1-100): 
Enter a number (1-100): 
Enter a number (1-100): 
Enter a number (1-100): 
Enter a number (1-100): 
Enter a number (1-100): 
Enter a number (1-100): 
Enter a number (1-100): 
Enter a number (1-100): 
Enter a number (1-100): 
Enter a number (1-100): 
Enter a number (1-100): 
Enter a number (1-100): 
Enter a number (1-100): 
Enter a number (1-100): 
Enter a number (1-100): 
Enter a number (1-100): 
Enter a number (1-100): 
Enter a number (1-100): 
Enter a number (1-100): 
Enter a number (1-100): 
Enter a number (1-100): 
Enter a number (1-100): 
Enter a number (1-100): 
Enter a number (1-100): 
Enter a number (1-100): 
Enter a number (1-100): 
Enter a number (1-100): 
Enter a number (1-100): 
Enter a number (1-100): 
Enter a number (1-100): 
Enter a number (1-100): 
Enter a number (1-100): 
Enter a number (1-100): 
Enter a number (1-100): 
Enter a number (1-100): 
Enter a number (1-100): 
Enter a number (1-100): 
Enter a number (1-100): 
Enter a number (1-100): 
Enter a number (1-100): 
Enter a number (1-100): 
Enter a number (1-100): 
Enter a number (1-100): 
Enter a number (1-100): 
Enter a number (1-100): 
Enter a number (1-100): 
Enter a number (1-100): 
Enter a number (1-100): 
Enter a number (1-100): 
Enter a number (1-100): 
Enter a number (1-100): 
Enter a number (1-100): 
Enter a number (1-100): 
Enter a number (1-100): 
Enter a number (1-100): 
Enter a number (1-100): 
Enter a number (1-100): 
Enter a number (1-100): 
Enter a number (1-100): 
Enter a number (1-100): 
Enter a number (1-100): 
Enter a number (1-100): 
Enter a number (1-100): 
Enter a number (1-100): 
Enter a number (1-100): 
Enter a number (1-100): 
Enter a number (1-100): 
Enter a number (1-100): 
Enter a number (1-100): 
Enter a number (1-100): 
Enter a number (1-100): 
Enter a number (1-100): 
Enter a number (1-100): 
Enter a number (1-100): 
Enter a number (1-100): 
Enter a number (1-100): 
Enter a number (1-100): 
Enter a number (1-100): 
Enter a number (1-100): 
Enter a number (1-100): 
Enter a number (1-100): 
Enter a number (1-100): 
Enter a number (1-100): 
Enter a number (1-100): 
Enter a number (1-100): 
Enter a number (1-100): 
Enter a number (1-100): 
Enter a number (1-100): 
Enter a number (1-100): 
Enter a number (1-100): 
Enter a number (1-100): 
Enter a number (1-100): 
Enter a number (1-100): 
Enter a number (1-100): 
Enter a number (1-100): 
Enter a number (1-100): 
Enter a number (1-100): 
Enter a number (1-100): 
Enter a number (1-100): 
Enter a number (1-100): 
Enter a number (1-100): 
Enter a number (1-100): 
Enter a number (1-100): 
Enter a number (1-100): 
Enter a number (1-100): 
Enter a number (1-100): 
Enter a number (1-100): 
Enter a number (1-100): 
Enter a number (1-100): 
Enter a number (1-100): 
Enter a number (1-100): 
Enter a number (1-100): 
Enter a number (1-100): 
Enter a number (1-100): 
Enter a number (1-100): 
Enter a number (1-100): 
Enter a number (1-100): 
Enter a number (1-100): 
Enter a number (1-100): 
Enter a number (1-100): 
Enter a number (1-100): 
Enter a number (1-100): 
Enter a number (1-100): 
Enter a number (1-100): 
Enter a number (1-100): 
Enter a number (1-100): 
Enter a number (1-100): 
Enter a number (1-100): 
Enter a number (1-100): 
Enter a number (1-100): 
Enter a number (1-100): 
Enter a number (1-100): 
Enter a number (1-100): 
Enter a number (1-100): 
Enter a number (1-100): 
Enter a number (1-100): 
Enter a number (1-100): 
Enter a number (1-100): 
Enter a number (1-100): 
Enter a number (1-100): 
Enter a number (1-100): 
Enter a number (1-100): 
Enter a number (1-100): 
Enter a number (1-100): 
Enter a number (1-100): 
Enter a number (1-100): 
Enter a number (1-100): 
Enter a number (1-100): 
Enter a number (1-100): 
Enter a number (1-100): 
Enter a number (1-100): 
Enter a number (1-100): 
Enter a number (1-100): 
Enter a number (1-100): 
Enter a number (1-100): 
Enter a number (1-100): 
Enter a number (1-100): 
Enter a number (1-100): 
Enter a number (1-100): 
Enter a number (1-100): 
Enter a number (1-100): 
Enter a number (1-100): 
Enter a number (1-100): 
Enter a number (1-100): 
Enter a number (1-100): 
Enter a number (1-100): 
Enter a number (1-100): 
Enter a number (1-100): 
Enter a number (1-100): 
Enter a number (1-100): 
Enter a number (1-100): 
Enter a number (1-100): 
Enter a number (1-100): 
Enter a number (1-100): 
Enter a number (1-100): 
Enter a number (1-100): 
Enter a number (1-100): 
Enter a number (1-100): 
Enter a number (1-100): 
Enter a number (1-100): 
Enter a number (1-100): 
Enter a number (1-100): 
Enter a number (1-100): 
Enter a number (1-100): 
Enter a number (1-100): 
Enter a number (1-100): 
Enter a number (1-100): 
Enter a number (1-100): 
Enter a number (1-100): 
Enter a number (1-100): 
Enter a number (1-100): 
Enter a number (1-100): 
Enter a number (1-100): 
Enter a number (1-100): 
Enter a number (1-100): 
Enter a number (1-100): 
Enter a number (1-100): 
Enter a number (1-100): 
Enter a number (1-100): 
Enter a number (1-100): 
Enter a number (1-100): 
Enter a number (1-100): 
Enter a number (1-100): 
Enter a number (1-100): 
Enter a number (1-100): 
Enter a number (1-100): 
Enter a number (1-100): 
Enter a number (1-100): 
Enter a number (1-100): 
Enter a number (1-100): 
Enter a number (1-100): 
Enter a number (1-100): 
Enter a number (1-100): 
Enter a number (1-100): 
Enter a number (1-100): 
Enter a number (1-100): 
Enter a number (1-100): 
Enter a number (1-100): 
Enter a number (1-100): 
Enter a number (1-100): 
Enter a number (1-100): 
Enter a number (1-100): 
Enter a number (1-100): 
Enter a number (1-100): 
Enter a number (1-100): 
Enter a number (1-100): 
Enter a number (1-100): 
Enter a number (1-100): 
Enter a number (1-100): 
Enter a number (1-100): 
Enter a number (1-100): 
Enter a number (1-100): 
Enter a number (1-100): 
Enter a number (1-100): 
Enter a number (1-100): 
Enter a number (1-100): 
Enter a number (1-100): 
Enter a number (1-100): 
Enter a number (1-100): 
Enter a number (1-100): 
Enter a number (1-100): 
Enter a number (1-100): 
Enter a number (1-100): 
Enter a number (1-100): 
Enter a number (1-100): 
Enter a number (1-100): 
Enter a number (1-100): 
Enter a number (1-100): 
Enter a number (1-100): 
Enter a number (1-100): 
Enter a number (1-100): 
Enter a number (1-100): 
Enter a number (1-100): 
Enter a number (1-100): 
Enter a number (1-100): 
Enter a number (1-100): 
Enter a number (1-100): 
Enter a number (1-100): 
Enter a number (1-100): 
Enter a number (1-100): 
Enter a number (1-100): 
Enter a number (1-100): 
Enter a number (1-100): 
Enter a number (1-100): 
Enter a number (1-100): 
Enter a number (1-100): 
Enter a number (1-100): 
Enter a number (1-100): 
Enter a number (1-100): 
Enter a number (1-100): 
Enter a number (1-100): 
Enter a number (1-100): 
Enter a number (1-100): 
Enter a number (1-100): 
Enter a number (1-100): 
Enter a number (1-100): 
Enter a number (1-100): 
Enter a number (1-100): 
Enter a number (1-100): 
Enter a number (1-100): 
Enter a number (1-100): 
Enter a number (1-100): 
Enter a number (1-100): 
Enter a number (1-100): 
Enter a number (1-100): 
Enter a number (1-100): 
Enter a number (1-100): 
Enter a number (1-100): 
Enter a number (1-100): 
Enter a number (1-100): 
Enter a number (1-100): 
Enter a number (1-100): 
Enter a number (1-100): 
Enter a number (1-100): 
Enter a number (1-100): 
Enter a number (1-100): 
Enter a number (1-100): 
Enter a number (1-100): 
Enter a number (1-100): 
Enter a number (1-100): 
Enter a number (1-100): 
Enter a number (1-100): 
Enter a number (1-100): 
Enter a number (1-100): 
Enter a number (1-100): 
Enter a number (1-100): 
Enter a number (1-100): 
Enter a number (1-100): 
Enter a number (1-100): 
Enter a number (1-100): 
Enter a number (1-100): 
Enter a number (1-100): 
Enter a number (1-100): 
Enter a number (1-100): 
Enter a number (1-100): 
Enter a number (1-100): 
Enter a number (1-100): 
Enter a number (1-100): 
Enter a number (1-100): 
Enter a number (1-100): 
Enter a number (1-100): 
Enter a number (1-100): 
Enter a number (1-100): 
Enter a number (1-100): 
Enter a number (1-100): 
Enter a number (1-100): 
Enter a number (1-100): 
Enter a number (1-100): 
Enter a number (1-100): 
Enter a number (1-100): 
Enter a number (1-100): 
Enter a number (1-100): 
Enter a number (1-100): 
Enter a number (1-100): 
Enter a number (1-100): 
Enter a number (1-100): 
Enter a number (1-100): 
Enter a number (1-100): 
Enter a number (1-100): 
Enter a number (1-100): 
Enter a number (1-100): 
Enter a number (1-100): 
Enter a number (1-100): 
Enter a number (1-100): 
Enter a number (1-100): 
Enter a number (1-100): 
Enter a number (1-100): 
Enter a number (1-100): 
Enter a number (1-100): 
Enter a number (1-100): 
Enter a number (1-100): 
Enter a number (1-100): 
Enter a number (1-100): 
Enter a number (1-100): 
Enter a number (1-100): 
Enter a number (1-100): 
Enter a number (1-100): 
Enter a number (1-100): 
Enter a number (1-100): 
Enter a number (1-100): 
Enter a number (1-100): 
Enter a number (1-100): 
Enter a number (1-100): 
Enter a number (1-100): 
Enter a number (1-100): 
Enter a number (1-100): 
Enter a number (1-100): 
Enter a number (1-100): 
Enter a number (1-100): 
Enter a number (1-100): 
Enter a number (1-100): 
Enter a number (1-100): 
Enter a number (1-100): 
Enter a number (1-100): 
Enter a number (1-100): 
Enter a number (1-100): 
Enter a number (1-100): 
Enter a number (1-100): 
Enter a number (1-100): 
Enter a number (1-100): 
Enter a number (1-100): 
Enter a number (1-100): 
Enter a number (1-100): 
Enter a number (1-100): 
Enter a number (1-100): 
Enter a number (1-100): 
Enter a number (1-100): 
Enter a number (1-100): 
Enter a number (1-100): 
Enter a number (1-100): 
Enter a number (1-100): 
Enter a number (1-100): 
Enter a number (1-100): 
Enter a number (1-100): 
Enter a number (1-100): 
Enter a number (1-100): 
Enter a number (1-100): 
Enter a number (1-100): 
Enter a number (1-100): 
Enter a number (1-100): 
Enter a number (1-100): 
Enter a number (1-100): 
Enter a number (1-100): 
Enter a number (1-100): 
Enter a number (1-100): 
Enter a number (1-100): 
Enter a number (1-100): 
Enter a number (1-100): 
Enter a number (1-100): 
Enter a number (1-100): 
Enter a number (1-100): 
Enter a number (1-100): 
Enter a number (1-100): 
Enter a number (1-100): 
Enter a number (1-100): 
Enter a number (1-100): 
Enter a number (1-100): 
Enter a number (1-100): 
Enter a number (1-100): 
Enter a number (1-100): 
Enter a number (1-100): 
Enter a number (1-100): 
Enter a number (1-100): 
Enter a number (1-100): 
Enter a number (1-100): 
Enter a number (1-100): 
Enter a number (1-100): 
Enter a number (1-100): 
Enter a number (1-100): 
Enter a number (1-100): 
Enter a number (1-100): 
Enter a number (1-100): 
Enter a number (1-100): 
Enter a number (1-100): 
Enter a number (1-100): 
Enter a number (1-100): 
Enter a number (1-100): 
Enter a number (1-100): 
Enter a number (1-100): 
Enter a number (1-100): 
Enter a number (1-100): 
Enter a number (1-100): 
Enter a number (1-100): 
Enter a number (1-100): 
Enter a number (1-100): 
Enter a number (1-100): 
Enter a number (1-100): 
Enter a number (1-100): 
Enter a number (1-100): 
Enter a number (1-100): 
Enter a number (1-100): 
Enter a number (1-100): 
Enter a number (1-100): 
Enter a number (1-100): 
Enter a number (1-100): 
Enter a number (1-100): 
Enter a number (1-100): 
Enter a number (1-100): 
Enter a number (1-100): 
Enter a number (1-100): 
Enter a number (1-100): 
Enter a number (1-100): 
Enter a number (1-100): 
Enter a number (1-100): 
Enter a number (1-100): 
Enter a number (1-100): 
Enter a number (1-100): 
Enter a number (1-100): 
Enter a number (1-100): 
Enter a number (1-100): 
Enter a number (1-100): 
Enter a number (1-100): 
Enter a number (1-100): 
Enter a number (1-100): 
Enter a number (1-100): 
Enter a number (1-100): 
Enter a number (1-100): 
Enter a number (1-100): 
Enter a number (1-100): 
Enter a number (1-100): 
Enter a number (1-100): 
Enter a number (1-100): 
Enter a number (1-100): 
Enter a number (1-100): 
Enter a number (1-100): 
Enter a number (1-100): 
Enter a number (1-100): 
Enter a number (1-100): 
Enter a number (1-100): 
Enter a number (1-100): 
Enter a number (1-100): 
Enter a number (1-100): 
Enter a number (1-100): 
Enter a number (1-100): 
Enter a number (1-100): 
Enter a number (1-100): 
Enter a number (1-100): 
Enter a number (1-100): 
Enter a number (1-100): 
Enter a number (1-100): 
Enter a number (1-100): 
Enter a number (1-100): 
Enter a number (1-100): 
Enter a number (1-100): 
Enter a number (1-100): 
Enter a number (1-100): 
Enter a number (1-100): 
Enter a number (1-100): 
Enter a number (1-100): 
Enter a number (1-100): 
Enter a number (1-100): 
Enter a number (1-100): 
Enter a number (1-100): 
Enter a number (1-100): 
Enter a number (1-100): 
Enter a number (1-100): 
Enter a number (1-100): 
Enter a number (1-100): 
Enter a number (1-100): 
Enter a number (1-100): 
Enter a number (1-100): 
Enter a number (1-100): 
Enter a number (1-100): 
Enter a number (1-100): 
Enter a number (1-100): 
Enter a number (1-100): 
Enter a number (1-100): 
Enter a number (1-100): 
Enter a number (1-100): 
Enter a number (1-100): 
Enter a number (1-100): 
Enter a number (1-100): 
Enter a number (1-100): 
Enter a number (1-100): 
Enter a number (1-100): 
Enter a number (1-100): 
Enter a number (1-100): 
Enter a number (1-100): 
Enter a number (1-100): 
Enter a number (1-100): 
Enter a number (1-100): 
Enter a number (1-100): 
Enter a number (1-100): 
Enter a number (1-100): 
Enter a number (1-100): 
Enter a number (1-100): 
Enter a number (1-100): 
Enter a number (1-100): 
Enter a number (1-100): 
Enter a number (1-100): 
Enter a number (1-100): 
Enter a number (1-100): 
Enter a number (1-100): 
Enter a number (1-100): 
Enter a number (1-100): 
Enter a number (1-100): 
Enter a number (1-100): 
Enter a number (1-100): 
Enter a number (1-100): 
Enter a number (1-100): 
Enter a number (1-100): 
Enter a number (1-100): 
Enter a number (1-100): 
Enter a number (1-100): 
Enter a number (1-100): 
Enter a number (1-100): 
Enter a number (1-100): 
Enter a number (1-100): 
Enter a number (1-100): 
Enter a number (1-100): 
Enter a number (1-100): 
Enter a number (1-100): 
Enter a number (1-100): 
Enter a number (1-100): 
Enter a number (1-100): 
Enter a number (1-100): 
Enter a number (1-100): 
Enter a number (1-100): 
Enter a number (1-100): 
Enter a number (1-100): 
Enter a number (1-100): 
Enter a number (1-100): 
Enter a number (1-100): 
Enter a number (1-100): 
Enter a number (1-100): 
Enter a number (1-100): 
Enter a number (1-100): 
Enter a number (1-100): 
Enter a number (1-100): 
Enter a number (1-100): 
Enter a number (1-100): 
Enter a number (1-100): 
Enter a number (1-100): 
Enter a number (1-100): 
Enter a number (1-100): 
Enter a number (1-100): 
Enter a number (1-100): 
Enter a number (1-100): 
Enter a number (1-100): 
Enter a number (1-100): 
Enter a number (1-100): 
Enter a number (1-100): 
Enter a number (1-100): 
Enter a number (1-100): 
Enter a number (1-100): 
Enter a number (1-100): 
Enter a number (1-100): 
Enter a number (1-100): 
Enter a number (1-100): 
Enter a number (1-100): 
Enter a number (1-100): 
Enter a number (1-100): 
Enter a number (1-100): 
Enter a number (1-100): 
Enter a number (1-100): 
Enter a number (1-100): 
Enter a number (1-100): 
Enter a number (1-100): 
Enter a number (1-100): 
Enter a number (1-100): 
Enter a number (1-100): 
Enter a number (1-100): 
Enter a number (1-100): 
Enter a number (1-100): 
Enter a number (1-100): 
Enter a number (1-100): 
Enter a number (1-100): 
Enter a number (1-100): 
Enter a number (1-100):</StdOut>
      </Output>
    </UnitTestResult>
    <UnitTestResult executionId="a463f35e-4373-4233-8e25-8d093fd835ef" testId="37f78f12-4ace-98e0-52e8-3408fb66f00f" testName="ExD2_TestWithPositiveNumber1" computerName="ZANAANUAR1564" duration="00:00:00.0010916" startTime="2016-08-14T19:29:47.1295806+08:00" endTime="2016-08-14T19:29:47.1315877+08:00" testType="13cdc9d9-ddb5-4fa4-a97d-d965ccfc6d4b" outcome="Passed" testListId="8c84fa94-04c1-424b-9868-57a2d4851a1d" relativeResultsDirectory="a463f35e-4373-4233-8e25-8d093fd835ef" />
    <UnitTestResult executionId="af7e9bdb-1241-414c-90ed-8301bba59598" testId="31cdd151-4b4e-8af1-a309-064dea303c76" testName="ExD2_TestWithPositiveNumber2" computerName="ZANAANUAR1564" duration="00:00:00.0001402" startTime="2016-08-14T19:29:47.1315877+08:00" endTime="2016-08-14T19:29:47.1325684+08:00" testType="13cdc9d9-ddb5-4fa4-a97d-d965ccfc6d4b" outcome="Passed" testListId="8c84fa94-04c1-424b-9868-57a2d4851a1d" relativeResultsDirectory="af7e9bdb-1241-414c-90ed-8301bba59598" />
    <UnitTestResult executionId="3a8ced95-4b06-4683-a42b-39f52eb81f33" testId="5c4545c1-1c4b-68f6-8b78-e5e65fc45da5" testName="ExD3_TestRepeatedly" computerName="ZANAANUAR1564" duration="00:00:00.7099412" startTime="2016-08-14T19:29:47.1325684+08:00" endTime="2016-08-14T19:29:47.8428297+08:00" testType="13cdc9d9-ddb5-4fa4-a97d-d965ccfc6d4b" outcome="Passed" testListId="8c84fa94-04c1-424b-9868-57a2d4851a1d" relativeResultsDirectory="3a8ced95-4b06-4683-a42b-39f52eb81f33">
      <Output>
        <StdOut>Debug Trace:
Guess a number (0-9): 0
Guess a number (0-9): 1
Guess a number (0-9): 2
Guess a number (0-9): 3
Guess a number (0-9): 4
Guess a number (0-9): 5
Guess a number (0-9): 6
Guess a number (0-9): 7
You are lousy

Guess a number (0-9): 0
Guess a number (0-9): 1
Guess a number (0-9): 2
Guess a number (0-9): 3
Guess a number (0-9): 4
Guess a number (0-9): 5
Guess a number (0-9): 6
Guess a number (0-9): 7
You are lousy

Guess a number (0-9): 0
Guess a number (0-9): 1
Guess a number (0-9): 2
Guess a number (0-9): 3
Guess a number (0-9): 4
Guess a number (0-9): 5
Guess a number (0-9): 6
Guess a number (0-9): 7
Guess a number (0-9): 8
You are lousy

Guess a number (0-9): 0
Guess a number (0-9): 1
Guess a number (0-9): 2
Guess a number (0-9): 3
Guess a number (0-9): 4
Guess a number (0-9): 5
Guess a number (0-9): 6
Guess a number (0-9): 7
You are lousy

Guess a number (0-9): 0
Guess a number (0-9): 1
Guess a number (0-9): 2
You are a good guess

Guess a number (0-9): 0
Guess a number (0-9): 1
Guess a number (0-9): 2
Guess a number (0-9): 3
You are a good guess

Guess a number (0-9): 0
You are a Wizard!</StdOut>
      </Output>
    </UnitTestResult>
    <UnitTestResult executionId="8e6a4d09-bfef-43bd-a538-fff4772cc872" testId="41d254a0-3988-4fe8-c401-d6db7cf41541" testName="ExD4_TestSimpleNumber" computerName="ZANAANUAR1564" duration="00:00:00.0005941" startTime="2016-08-14T19:29:47.8428297+08:00" endTime="2016-08-14T19:29:47.8435672+08:00" testType="13cdc9d9-ddb5-4fa4-a97d-d965ccfc6d4b" outcome="Passed" testListId="8c84fa94-04c1-424b-9868-57a2d4851a1d" relativeResultsDirectory="8e6a4d09-bfef-43bd-a538-fff4772cc872">
      <Output>
        <StdOut>Debug Trace:
Enter a number: 16
4.00000018768784</StdOut>
      </Output>
    </UnitTestResult>
    <UnitTestResult executionId="d35b582f-83c3-402c-9411-a87548ae2029" testId="f786c760-8fd9-385b-4101-e13a18a86146" testName="ExD4_TestBiggerNumber" computerName="ZANAANUAR1564" duration="00:00:00.0001450" startTime="2016-08-14T19:29:47.8435672+08:00" endTime="2016-08-14T19:29:47.8435672+08:00" testType="13cdc9d9-ddb5-4fa4-a97d-d965ccfc6d4b" outcome="Passed" testListId="8c84fa94-04c1-424b-9868-57a2d4851a1d" relativeResultsDirectory="d35b582f-83c3-402c-9411-a87548ae2029">
      <Output>
        <StdOut>Debug Trace:
Enter a number: 243
15.5884572681199</StdOut>
      </Output>
    </UnitTestResult>
    <UnitTestResult executionId="7b12a97c-6983-49d2-9727-04096460843d" testId="93d33d17-2fa5-03db-e35e-54470f3d1f7b" testName="ExE1_TestSimpleNumber" computerName="ZANAANUAR1564" duration="00:00:00.0013548" startTime="2016-08-14T19:29:47.8435672+08:00" endTime="2016-08-14T19:29:47.8455829+08:00" testType="13cdc9d9-ddb5-4fa4-a97d-d965ccfc6d4b" outcome="Failed" testListId="8c84fa94-04c1-424b-9868-57a2d4851a1d" relativeResultsDirectory="7b12a97c-6983-49d2-9727-04096460843d">
      <Output>
        <ErrorInfo>
          <Message>Assert.AreEqual failed. Expected:&lt;120&gt;. Actual:&lt;0&gt;. </Message>
          <StackTrace>   at ExercisesTest.ExE1Test.ExE1_TestSimpleNumber() in \\mac\home\Desktop\CSExercises\ExercisesTest\SectionE\ExE1Test.cs:line 12
</StackTrace>
        </ErrorInfo>
      </Output>
    </UnitTestResult>
    <UnitTestResult executionId="ba4c3e8a-527b-4d3b-b1c9-4a6afdd146d6" testId="5a209ef6-6f45-28e6-9185-5b832c31792d" testName="ExE1_TestBiggerNumber" computerName="ZANAANUAR1564" duration="00:00:00.0010353" startTime="2016-08-14T19:29:47.8455829+08:00" endTime="2016-08-14T19:29:47.8465722+08:00" testType="13cdc9d9-ddb5-4fa4-a97d-d965ccfc6d4b" outcome="Failed" testListId="8c84fa94-04c1-424b-9868-57a2d4851a1d" relativeResultsDirectory="ba4c3e8a-527b-4d3b-b1c9-4a6afdd146d6">
      <Output>
        <ErrorInfo>
          <Message>Assert.AreEqual failed. Expected:&lt;720&gt;. Actual:&lt;0&gt;. </Message>
          <StackTrace>   at ExercisesTest.ExE1Test.ExE1_TestBiggerNumber() in \\mac\home\Desktop\CSExercises\ExercisesTest\SectionE\ExE1Test.cs:line 19
</StackTrace>
        </ErrorInfo>
      </Output>
    </UnitTestResult>
    <UnitTestResult executionId="13dd9056-0712-4511-9c34-d20c774c8b76" testId="380d54ab-9eb4-5e4e-c1a8-b5b0e22a59a1" testName="ExE2_TestTheOnlyCase" computerName="ZANAANUAR1564" duration="00:00:00.0015583" startTime="2016-08-14T19:29:47.8465722+08:00" endTime="2016-08-14T19:29:47.8485703+08:00" testType="13cdc9d9-ddb5-4fa4-a97d-d965ccfc6d4b" outcome="Failed" testListId="8c84fa94-04c1-424b-9868-57a2d4851a1d" relativeResultsDirectory="13dd9056-0712-4511-9c34-d20c774c8b76">
      <Output>
        <StdOut>Debug Trace:</StdOut>
        <ErrorInfo>
          <Message>Assert.IsTrue failed. There is no output detected</Message>
          <StackTrace>   at ExercisesTest.TestHelper.AssertOutputContains(Int32 positionFromBack, String expectedOutput, Boolean log) in \\mac\home\Desktop\CSExercises\ExercisesTest\TestHelper.cs:line 65
   at ExercisesTest.ExE2Test.ExE2_TestTheOnlyCase() in \\mac\home\Desktop\CSExercises\ExercisesTest\SectionE\ExE2Test.cs:line 15
</StackTrace>
        </ErrorInfo>
      </Output>
    </UnitTestResult>
    <UnitTestResult executionId="742998a3-1ace-4c2c-9694-d3f1dbace761" testId="48cf3a9e-0a50-a29b-8eb0-126dcc656f66" testName="ExE3_Test241" computerName="ZANAANUAR1564" duration="00:00:00.0003544" startTime="2016-08-14T19:29:47.8485703+08:00" endTime="2016-08-14T19:29:47.8495688+08:00" testType="13cdc9d9-ddb5-4fa4-a97d-d965ccfc6d4b" outcome="Passed" testListId="8c84fa94-04c1-424b-9868-57a2d4851a1d" relativeResultsDirectory="742998a3-1ace-4c2c-9694-d3f1dbace761">
      <Output>
        <StdOut>Debug Trace:
Please enter an integer: 241
Not Prime</StdOut>
      </Output>
    </UnitTestResult>
    <UnitTestResult executionId="8b110604-131f-4fd3-baa4-7dfda970523d" testId="91e204a5-eff7-540d-d066-632080d4a971" testName="ExE3_Test240" computerName="ZANAANUAR1564" duration="00:00:00.0001128" startTime="2016-08-14T19:29:47.8495688+08:00" endTime="2016-08-14T19:29:47.8495688+08:00" testType="13cdc9d9-ddb5-4fa4-a97d-d965ccfc6d4b" outcome="Passed" testListId="8c84fa94-04c1-424b-9868-57a2d4851a1d" relativeResultsDirectory="8b110604-131f-4fd3-baa4-7dfda970523d">
      <Output>
        <StdOut>Debug Trace:
Please enter an integer: 240
Not Prime</StdOut>
      </Output>
    </UnitTestResult>
    <UnitTestResult executionId="394c3185-6581-4ad0-b772-922c1ff18c9a" testId="4f5a549c-a85c-793f-ddb0-ac8e48e5d0f1" testName="ExE4_Test496" computerName="ZANAANUAR1564" duration="00:00:00.0003483" startTime="2016-08-14T19:29:47.8495688+08:00" endTime="2016-08-14T19:29:47.8505676+08:00" testType="13cdc9d9-ddb5-4fa4-a97d-d965ccfc6d4b" outcome="Passed" testListId="8c84fa94-04c1-424b-9868-57a2d4851a1d" relativeResultsDirectory="394c3185-6581-4ad0-b772-922c1ff18c9a">
      <Output>
        <StdOut>Debug Trace:
Please enter an integer: 496
Not Perfect Number</StdOut>
      </Output>
    </UnitTestResult>
    <UnitTestResult executionId="93bfdaa3-ac7a-427d-9096-78013e25e2e7" testId="1dc75fae-43cb-7e63-4009-7965bd630b1a" testName="ExE4_Test240" computerName="ZANAANUAR1564" duration="00:00:00.0002596" startTime="2016-08-14T19:29:47.8505676+08:00" endTime="2016-08-14T19:29:47.8505676+08:00" testType="13cdc9d9-ddb5-4fa4-a97d-d965ccfc6d4b" outcome="Passed" testListId="8c84fa94-04c1-424b-9868-57a2d4851a1d" relativeResultsDirectory="93bfdaa3-ac7a-427d-9096-78013e25e2e7">
      <Output>
        <StdOut>Debug Trace:
Please enter an integer: 240
Not Perfect Number</StdOut>
      </Output>
    </UnitTestResult>
    <UnitTestResult executionId="29c44581-d1bd-4e55-91cd-5fc39bdb8d01" testId="442295cb-ec7e-e437-f1f2-a6c136660fa9" testName="ExE5_TestForTheOnlyTestCase" computerName="ZANAANUAR1564" duration="00:00:00.0028118" startTime="2016-08-14T19:29:47.8505676+08:00" endTime="2016-08-14T19:29:47.8545659+08:00" testType="13cdc9d9-ddb5-4fa4-a97d-d965ccfc6d4b" outcome="Failed" testListId="8c84fa94-04c1-424b-9868-57a2d4851a1d" relativeResultsDirectory="29c44581-d1bd-4e55-91cd-5fc39bdb8d01">
      <Output>
        <StdOut>Debug Trace:</StdOut>
        <ErrorInfo>
          <Message>Assert.IsTrue failed. There is no output detected</Message>
          <StackTrace>   at ExercisesTest.TestHelper.AssertOutputContains(Int32 positionFromBack, String expectedOutput, Boolean log) in \\mac\home\Desktop\CSExercises\ExercisesTest\TestHelper.cs:line 65
   at ExercisesTest.ExE5Test.ExE5_TestForTheOnlyTestCase() in \\mac\home\Desktop\CSExercises\ExercisesTest\SectionE\ExE5Test.cs:line 15
</StackTrace>
        </ErrorInfo>
      </Output>
    </UnitTestResult>
    <UnitTestResult executionId="6783324d-6700-4e2b-af88-b33b3daddbf3" testId="d2aa1ef4-37c8-6f4f-caac-48633678d93a" testName="ExE6_TestForTheOnlyTestCase" computerName="ZANAANUAR1564" duration="00:00:00.0028573" startTime="2016-08-14T19:29:47.8545659+08:00" endTime="2016-08-14T19:29:47.8575655+08:00" testType="13cdc9d9-ddb5-4fa4-a97d-d965ccfc6d4b" outcome="Failed" testListId="8c84fa94-04c1-424b-9868-57a2d4851a1d" relativeResultsDirectory="6783324d-6700-4e2b-af88-b33b3daddbf3">
      <Output>
        <StdOut>Debug Trace:</StdOut>
        <ErrorInfo>
          <Message>Assert.IsTrue failed. There is no output detected</Message>
          <StackTrace>   at ExercisesTest.TestHelper.AssertOutputContains(Int32 positionFromBack, String expectedOutput, Boolean log) in \\mac\home\Desktop\CSExercises\ExercisesTest\TestHelper.cs:line 65
   at ExercisesTest.ExE6_Test.ExE6_TestForTheOnlyTestCase() in \\mac\home\Desktop\CSExercises\ExercisesTest\SectionE\ExE6Test.cs:line 15
</StackTrace>
        </ErrorInfo>
      </Output>
    </UnitTestResult>
    <UnitTestResult executionId="50661afa-77ad-47d0-aa8b-7544d57a1e83" testId="dc006c73-b7ad-39c4-a618-0510c48419f9" testName="ExF1_TestForTheOnlyTestCase" computerName="ZANAANUAR1564" duration="00:00:00.0032372" startTime="2016-08-14T19:29:47.8585659+08:00" endTime="2016-08-14T19:29:47.8625681+08:00" testType="13cdc9d9-ddb5-4fa4-a97d-d965ccfc6d4b" outcome="Failed" testListId="8c84fa94-04c1-424b-9868-57a2d4851a1d" relativeResultsDirectory="50661afa-77ad-47d0-aa8b-7544d57a1e83">
      <Output>
        <StdOut>Debug Trace:
Enter sales for month 0: 1000
Enter sales for month 1: 2000
Enter sales for month 2: 3000
Enter sales for month 3: 4000
Enter sales for month 4: 5000
Enter sales for month 5: 6000
Enter sales for month 6: 7000
Enter sales for month 7: 8000
Enter sales for month 8: 9000
Enter sales for month 9: 10000
Enter sales for month 10: 11000
Enter sales for month 11: 12000
Maximum Sales: 0
Minimum Sales: 0
Average Sales: 0</StdOut>
        <ErrorInfo>
          <Message>Assert.IsTrue failed. Program output do not contain the expected output (6500).</Message>
          <StackTrace>   at ExercisesTest.TestHelper.AssertOutputContains(Int32 positionFromBack, String expectedOutput, Boolean log) in \\mac\home\Desktop\CSExercises\ExercisesTest\TestHelper.cs:line 67
   at ExercisesTest.ExF1Test.ExF1_TestForTheOnlyTestCase() in \\mac\home\Desktop\CSExercises\ExercisesTest\SectionF\ExF1Test.cs:line 31
</StackTrace>
        </ErrorInfo>
      </Output>
    </UnitTestResult>
    <UnitTestResult executionId="8c41401b-03d9-4ac0-a762-c60872bce0ef" testId="5af6480c-3862-4e94-bc2c-b24cac7ca661" testName="ExF2_TestForTheOrder" computerName="ZANAANUAR1564" duration="00:00:00.0022612" startTime="2016-08-14T19:29:47.8625681+08:00" endTime="2016-08-14T19:29:47.8655664+08:00" testType="13cdc9d9-ddb5-4fa4-a97d-d965ccfc6d4b" outcome="Failed" testListId="8c84fa94-04c1-424b-9868-57a2d4851a1d" relativeResultsDirectory="8c41401b-03d9-4ac0-a762-c60872bce0ef">
      <Output>
        <StdOut>Debug Trace:
86 35 41 49 89 51 11 71 50 75 25 58 40 14 44 3 63 81 93 79 

86 35 41 49 89 51 11 71 50 75 25 58 40 14 44 3 63 81 93 79</StdOut>
        <ErrorInfo>
          <Message>Assert.AreEqual failed. Expected:&lt;93&gt;. Actual:&lt;86&gt;. </Message>
          <StackTrace>   at ExercisesTest.ExF2Test.ExF2_TestForTheOrder() in \\mac\home\Desktop\CSExercises\ExercisesTest\SectionF\ExF2Test.cs:line 22
</StackTrace>
        </ErrorInfo>
      </Output>
    </UnitTestResult>
    <UnitTestResult executionId="04db4cbe-5a70-4b5f-bf6e-49657b44fe90" testId="b02f104d-c4e9-55a3-ef13-4320e9fcd6ec" testName="ExF3_TestForSomeOfTheResult" computerName="ZANAANUAR1564" duration="00:00:00.0046118" startTime="2016-08-14T19:29:47.8655664+08:00" endTime="2016-08-14T19:29:47.8705763+08:00" testType="13cdc9d9-ddb5-4fa4-a97d-d965ccfc6d4b" outcome="Failed" testListId="8c84fa94-04c1-424b-9868-57a2d4851a1d" relativeResultsDirectory="04db4cbe-5a70-4b5f-bf6e-49657b44fe90">
      <Output>
        <StdOut>Debug Trace:
Total marks for student 0: 0
Avg marks for student 0: 0
Total marks for student 1: 0
Avg marks for student 1: 0
Total marks for student 2: 0
Avg marks for student 2: 0
Total marks for student 3: 0
Avg marks for student 3: 0
Total marks for student 4: 0
Avg marks for student 4: 0
Total marks for student 5: 0
Avg marks for student 5: 0
Total marks for student 6: 0
Avg marks for student 6: 0
Total marks for student 7: 0
Avg marks for student 7: 0
Total marks for student 8: 0
Avg marks for student 8: 0
Total marks for student 9: 0
Avg marks for student 9: 0
Total marks for student 10: 0
Avg marks for student 10: 0
Total marks for student 11: 0
Avg marks for student 11: 0
Avg marks for subject 0: 0
Avg marks for subject 1: 0
Avg marks for subject 2: 0
Avg marks for subject 3: 0</StdOut>
        <ErrorInfo>
          <Message>Assert.AreEqual failed. Expected:&lt;1&gt;. Actual:&lt;0&gt;. </Message>
          <StackTrace>   at ExercisesTest.ExF3Test.ExF3_TestForSomeOfTheResult() in \\mac\home\Desktop\CSExercises\ExercisesTest\SectionF\ExF3Test.cs:line 16
</StackTrace>
        </ErrorInfo>
      </Output>
    </UnitTestResult>
    <UnitTestResult executionId="7251b6a5-b882-4898-ac22-f13e22d85fdd" testId="f30f2658-99db-d72e-9ec4-31a9938fa387" testName="ExG1_TestWithABCDE" computerName="ZANAANUAR1564" duration="00:00:00.0053203" startTime="2016-08-14T19:29:47.8705763+08:00" endTime="2016-08-14T19:29:47.8785683+08:00" testType="13cdc9d9-ddb5-4fa4-a97d-d965ccfc6d4b" outcome="Failed" testListId="8c84fa94-04c1-424b-9868-57a2d4851a1d" relativeResultsDirectory="7251b6a5-b882-4898-ac22-f13e22d85fdd">
      <Output>
        <StdOut>Debug Trace:
Please enter a phrase: Abcde
Total number of vowels: 0
Number of a: 0
Number of e: 0
Number of i: 0
Number of o: 0
Number of u: 0</StdOut>
        <ErrorInfo>
          <Message>Assert.AreEqual failed. Expected:&lt;1&gt;. Actual:&lt;0&gt;. </Message>
          <StackTrace>   at ExercisesTest.ExG1Test.ExG1_TestWithABCDE() in \\mac\home\Desktop\CSExercises\ExercisesTest\SectionG\ExG1Test.cs:line 17
</StackTrace>
        </ErrorInfo>
      </Output>
    </UnitTestResult>
    <UnitTestResult executionId="fc84cd66-ff55-43a3-8793-78f47f33daf5" testId="2e593488-b56a-eff0-ca82-e8d0bb44c159" testName="ExG1_TestWithRycky" computerName="ZANAANUAR1564" duration="00:00:00.0006247" startTime="2016-08-14T19:29:47.8785683+08:00" endTime="2016-08-14T19:29:47.8795690+08:00" testType="13cdc9d9-ddb5-4fa4-a97d-d965ccfc6d4b" outcome="Passed" testListId="8c84fa94-04c1-424b-9868-57a2d4851a1d" relativeResultsDirectory="fc84cd66-ff55-43a3-8793-78f47f33daf5">
      <Output>
        <StdOut>Debug Trace:
Please enter a phrase: rykcy
Total number of vowels: 0
Number of a: 0
Number of e: 0
Number of i: 0
Number of o: 0
Number of u: 0</StdOut>
      </Output>
    </UnitTestResult>
    <UnitTestResult executionId="bca2aa02-f1b6-4b1a-82b9-eafc54fcb4e0" testId="ab2a1fc1-80f8-bc44-f298-ece577f665f6" testName="ExG1_TestWithAeiou" computerName="ZANAANUAR1564" duration="00:00:00.0017416" startTime="2016-08-14T19:29:47.8795690+08:00" endTime="2016-08-14T19:29:47.8815664+08:00" testType="13cdc9d9-ddb5-4fa4-a97d-d965ccfc6d4b" outcome="Failed" testListId="8c84fa94-04c1-424b-9868-57a2d4851a1d" relativeResultsDirectory="bca2aa02-f1b6-4b1a-82b9-eafc54fcb4e0">
      <Output>
        <StdOut>Debug Trace:
Please enter a phrase: AEIOUaeiou
Total number of vowels: 0
Number of a: 0
Number of e: 0
Number of i: 0
Number of o: 0
Number of u: 0</StdOut>
        <ErrorInfo>
          <Message>Assert.AreEqual failed. Expected:&lt;1&gt;. Actual:&lt;0&gt;. </Message>
          <StackTrace>   at ExercisesTest.ExG1Test.ExG1_TestWithAeiou() in \\mac\home\Desktop\CSExercises\ExercisesTest\SectionG\ExG1Test.cs:line 40
</StackTrace>
        </ErrorInfo>
      </Output>
    </UnitTestResult>
    <UnitTestResult executionId="c8583245-6604-41b5-a1f7-973b192a75f2" testId="18e3e622-092f-3e19-8553-2026a160f673" testName="ExG2_TestWithMadam" computerName="ZANAANUAR1564" duration="00:00:00.0058032" startTime="2016-08-14T19:29:47.8815664+08:00" endTime="2016-08-14T19:29:47.8885671+08:00" testType="13cdc9d9-ddb5-4fa4-a97d-d965ccfc6d4b" outcome="Failed" testListId="8c84fa94-04c1-424b-9868-57a2d4851a1d" relativeResultsDirectory="c8583245-6604-41b5-a1f7-973b192a75f2">
      <Output>
        <StdOut>Debug Trace:
Please enter a phrase: madam
Not Palindrome</StdOut>
        <ErrorInfo>
          <Message>Assert.AreEqual failed. Expected:&lt;palindrome&gt;. Actual:&lt;not palindrome&gt;. Program output is different from the expected output.</Message>
          <StackTrace>   at ExercisesTest.TestHelper.AssertOutput(String expectedOutput) in \\mac\home\Desktop\CSExercises\ExercisesTest\TestHelper.cs:line 48
   at ExercisesTest.TestHelper.TestOutputEqual(Type t, String input, String output) in \\mac\home\Desktop\CSExercises\ExercisesTest\TestHelper.cs:line 97
   at ExercisesTest.ExG2_Test.ExG2_TestWithMadam() in \\mac\home\Desktop\CSExercises\ExercisesTest\SectionG\ExG2_Test.cs:line 12
</StackTrace>
        </ErrorInfo>
      </Output>
    </UnitTestResult>
    <UnitTestResult executionId="154c1835-d41d-4a31-ba09-585ae5227108" testId="ee68900a-ee9e-ddba-3df4-cb4a828e02fb" testName="ExG2_TestWithSanta" computerName="ZANAANUAR1564" duration="00:00:00.0031957" startTime="2016-08-14T19:29:47.8885671+08:00" endTime="2016-08-14T19:29:47.8925668+08:00" testType="13cdc9d9-ddb5-4fa4-a97d-d965ccfc6d4b" outcome="Failed" testListId="8c84fa94-04c1-424b-9868-57a2d4851a1d" relativeResultsDirectory="154c1835-d41d-4a31-ba09-585ae5227108">
      <Output>
        <StdOut>Debug Trace:
Please enter a phrase: A Santa at NASA
Not Palindrome</StdOut>
        <ErrorInfo>
          <Message>Assert.AreEqual failed. Expected:&lt;palindrome&gt;. Actual:&lt;not palindrome&gt;. Program output is different from the expected output.</Message>
          <StackTrace>   at ExercisesTest.TestHelper.AssertOutput(String expectedOutput) in \\mac\home\Desktop\CSExercises\ExercisesTest\TestHelper.cs:line 48
   at ExercisesTest.TestHelper.TestOutputEqual(Type t, String input, String output) in \\mac\home\Desktop\CSExercises\ExercisesTest\TestHelper.cs:line 97
   at ExercisesTest.ExG2_Test.ExG2_TestWithSanta() in \\mac\home\Desktop\CSExercises\ExercisesTest\SectionG\ExG2_Test.cs:line 18
</StackTrace>
        </ErrorInfo>
      </Output>
    </UnitTestResult>
    <UnitTestResult executionId="98cf1f65-866f-41fd-adca-ee18871c6ff6" testId="97c6c703-6d42-4b52-af58-5bc1820c63e6" testName="ExG2_TestWithISS" computerName="ZANAANUAR1564" duration="00:00:00.0007047" startTime="2016-08-14T19:29:47.8935668+08:00" endTime="2016-08-14T19:29:47.8935668+08:00" testType="13cdc9d9-ddb5-4fa4-a97d-d965ccfc6d4b" outcome="Passed" testListId="8c84fa94-04c1-424b-9868-57a2d4851a1d" relativeResultsDirectory="98cf1f65-866f-41fd-adca-ee18871c6ff6">
      <Output>
        <StdOut>Debug Trace:
Please enter a phrase: Institute of Systems Science
Not Palindrome</StdOut>
      </Output>
    </UnitTestResult>
    <UnitTestResult executionId="88a2e5ed-4792-4fc7-82b5-5848b5d961b5" testId="009b3f8f-dd80-521b-6dfb-99834ad4fb9f" testName="ExG3_TestWithOneWord" computerName="ZANAANUAR1564" duration="00:00:00.0030384" startTime="2016-08-14T19:29:47.8945731+08:00" endTime="2016-08-14T19:29:47.8975667+08:00" testType="13cdc9d9-ddb5-4fa4-a97d-d965ccfc6d4b" outcome="Failed" testListId="8c84fa94-04c1-424b-9868-57a2d4851a1d" relativeResultsDirectory="88a2e5ed-4792-4fc7-82b5-5848b5d961b5">
      <Output>
        <StdOut>Debug Trace:
Please enter a phrase:    ball</StdOut>
        <ErrorInfo>
          <Message>Assert.IsTrue failed. Program output do not contain the expected output (   Ball).</Message>
          <StackTrace>   at ExercisesTest.TestHelper.AssertOutputContains(String expectedOutput) in \\mac\home\Desktop\CSExercises\ExercisesTest\TestHelper.cs:line 56
   at ExercisesTest.TestHelper.TestOutputContains(Type t, String input, String output) in \\mac\home\Desktop\CSExercises\ExercisesTest\TestHelper.cs:line 115
   at ExercisesTest.ExG3Test.ExG3_TestWithOneWord() in \\mac\home\Desktop\CSExercises\ExercisesTest\SectionG\ExG3Test.cs:line 13
</StackTrace>
        </ErrorInfo>
      </Output>
    </UnitTestResult>
    <UnitTestResult executionId="d4b70eac-d413-4e7c-a08e-f48990202be7" testId="ec776b73-93db-33b0-d71f-976483ca31f6" testName="ExG3_TestWithISS" computerName="ZANAANUAR1564" duration="00:00:00.0020230" startTime="2016-08-14T19:29:47.8975667+08:00" endTime="2016-08-14T19:29:47.9005903+08:00" testType="13cdc9d9-ddb5-4fa4-a97d-d965ccfc6d4b" outcome="Failed" testListId="8c84fa94-04c1-424b-9868-57a2d4851a1d" relativeResultsDirectory="d4b70eac-d413-4e7c-a08e-f48990202be7">
      <Output>
        <StdOut>Debug Trace:
Please enter a phrase: institute Of systems science</StdOut>
        <ErrorInfo>
          <Message>Assert.IsTrue failed. Program output do not contain the expected output (Institute of Systems Science).</Message>
          <StackTrace>   at ExercisesTest.TestHelper.AssertOutputContains(String expectedOutput) in \\mac\home\Desktop\CSExercises\ExercisesTest\TestHelper.cs:line 56
   at ExercisesTest.TestHelper.TestOutputContains(Type t, String input, String output) in \\mac\home\Desktop\CSExercises\ExercisesTest\TestHelper.cs:line 115
   at ExercisesTest.ExG3Test.ExG3_TestWithISS() in \\mac\home\Desktop\CSExercises\ExercisesTest\SectionG\ExG3Test.cs:line 19
</StackTrace>
        </ErrorInfo>
      </Output>
    </UnitTestResult>
    <UnitTestResult executionId="cddda382-73c8-4732-8076-313850a6a23b" testId="e986587e-732a-eb08-f5bc-4cd7a66af95d" testName="ExG4_TestOrder" computerName="ZANAANUAR1564" duration="00:00:00.0053466" startTime="2016-08-14T19:29:47.9005903+08:00" endTime="2016-08-14T19:29:47.9065755+08:00" testType="13cdc9d9-ddb5-4fa4-a97d-d965ccfc6d4b" outcome="Failed" testListId="8c84fa94-04c1-424b-9868-57a2d4851a1d" relativeResultsDirectory="cddda382-73c8-4732-8076-313850a6a23b">
      <Output>
        <StdOut>Debug Trace:</StdOut>
        <ErrorInfo>
          <Message>Assert.IsTrue failed. There is no output detected</Message>
          <StackTrace>   at ExercisesTest.TestHelper.AssertOutputContains(Int32 positionFromBack, String expectedOutput, Boolean log) in \\mac\home\Desktop\CSExercises\ExercisesTest\TestHelper.cs:line 65
   at ExercisesTest.ExG4Test.ExG4_TestOrder() in \\mac\home\Desktop\CSExercises\ExercisesTest\SectionG\ExG4Test.cs:line 15
</StackTrace>
        </ErrorInfo>
      </Output>
    </UnitTestResult>
    <UnitTestResult executionId="6edce9d1-9a42-48a1-8388-51f9f3f45f04" testId="a4ae2f7a-bc59-f21f-0330-4520bbb34ec8" testName="ExH1_TestOneChar" computerName="ZANAANUAR1564" duration="00:00:00.0021375" startTime="2016-08-14T19:29:47.9065755+08:00" endTime="2016-08-14T19:29:47.9105688+08:00" testType="13cdc9d9-ddb5-4fa4-a97d-d965ccfc6d4b" outcome="Failed" testListId="8c84fa94-04c1-424b-9868-57a2d4851a1d" relativeResultsDirectory="6edce9d1-9a42-48a1-8388-51f9f3f45f04">
      <Output>
        <StdOut>Debug Trace:
The brown fox, o</StdOut>
        <ErrorInfo>
          <Message>Assert.IsTrue failed. </Message>
          <StackTrace>   at ExercisesTest.ExH1Test.ExH1_TestOneChar() in \\mac\home\Desktop\CSExercises\ExercisesTest\SectionH\ExH1Test.cs:line 15
</StackTrace>
        </ErrorInfo>
      </Output>
    </UnitTestResult>
    <UnitTestResult executionId="23c1f700-299c-484e-9e21-f16df14a05cc" testId="c1d8227b-f44f-4db1-97da-6595d5433cbe" testName="ExH1_TestPositive1" computerName="ZANAANUAR1564" duration="00:00:00.0032025" startTime="2016-08-14T19:29:47.9105688+08:00" endTime="2016-08-14T19:29:47.9145660+08:00" testType="13cdc9d9-ddb5-4fa4-a97d-d965ccfc6d4b" outcome="Failed" testListId="8c84fa94-04c1-424b-9868-57a2d4851a1d" relativeResultsDirectory="23c1f700-299c-484e-9e21-f16df14a05cc">
      <Output>
        <StdOut>Debug Trace:
The brown fox, FOX</StdOut>
        <ErrorInfo>
          <Message>Assert.IsTrue failed. </Message>
          <StackTrace>   at ExercisesTest.ExH1Test.ExH1_TestPositive1() in \\mac\home\Desktop\CSExercises\ExercisesTest\SectionH\ExH1Test.cs:line 23
</StackTrace>
        </ErrorInfo>
      </Output>
    </UnitTestResult>
    <UnitTestResult executionId="34bd34ef-26be-4829-ab10-27f46ca05e32" testId="baf4c8f9-72bd-e9a1-3899-5f643a41cbac" testName="ExH1_TestPositive2" computerName="ZANAANUAR1564" duration="00:00:00.0018718" startTime="2016-08-14T19:29:47.9145660+08:00" endTime="2016-08-14T19:29:47.9165659+08:00" testType="13cdc9d9-ddb5-4fa4-a97d-d965ccfc6d4b" outcome="Failed" testListId="8c84fa94-04c1-424b-9868-57a2d4851a1d" relativeResultsDirectory="34bd34ef-26be-4829-ab10-27f46ca05e32">
      <Output>
        <StdOut>Debug Trace:
The brown fox, bRO</StdOut>
        <ErrorInfo>
          <Message>Assert.IsTrue failed. </Message>
          <StackTrace>   at ExercisesTest.ExH1Test.ExH1_TestPositive2() in \\mac\home\Desktop\CSExercises\ExercisesTest\SectionH\ExH1Test.cs:line 31
</StackTrace>
        </ErrorInfo>
      </Output>
    </UnitTestResult>
    <UnitTestResult executionId="820a9282-3cfc-4a3f-8034-271c1edaaa96" testId="1df2cd5e-05cd-0340-279c-bf437d1b1fa6" testName="ExH1_TestNegative1" computerName="ZANAANUAR1564" duration="00:00:00.0007247" startTime="2016-08-14T19:29:47.9165659+08:00" endTime="2016-08-14T19:29:47.9175672+08:00" testType="13cdc9d9-ddb5-4fa4-a97d-d965ccfc6d4b" outcome="Passed" testListId="8c84fa94-04c1-424b-9868-57a2d4851a1d" relativeResultsDirectory="820a9282-3cfc-4a3f-8034-271c1edaaa96">
      <Output>
        <StdOut>Debug Trace:
T, FOX</StdOut>
      </Output>
    </UnitTestResult>
    <UnitTestResult executionId="ce451c5f-eeab-46d0-a7cf-9f079ae9a7b5" testId="af9c61a0-f313-c3c8-1027-5c796a206b57" testName="ExH1_TestNegative2" computerName="ZANAANUAR1564" duration="00:00:00.0002112" startTime="2016-08-14T19:29:47.9175672+08:00" endTime="2016-08-14T19:29:47.9195656+08:00" testType="13cdc9d9-ddb5-4fa4-a97d-d965ccfc6d4b" outcome="Passed" testListId="8c84fa94-04c1-424b-9868-57a2d4851a1d" relativeResultsDirectory="ce451c5f-eeab-46d0-a7cf-9f079ae9a7b5">
      <Output>
        <StdOut>Debug Trace:
The bras basah complex, bRO</StdOut>
      </Output>
    </UnitTestResult>
    <UnitTestResult executionId="d5b67df7-f52c-4fad-9f91-87becd2d24f8" testId="3d7d1584-1c63-ac50-bc50-de50031518c4" testName="ExH2_TestOneChar" computerName="ZANAANUAR1564" duration="00:00:00.0048489" startTime="2016-08-14T19:29:47.9195656+08:00" endTime="2016-08-14T19:29:47.9255695+08:00" testType="13cdc9d9-ddb5-4fa4-a97d-d965ccfc6d4b" outcome="Failed" testListId="8c84fa94-04c1-424b-9868-57a2d4851a1d" relativeResultsDirectory="d5b67df7-f52c-4fad-9f91-87becd2d24f8">
      <Output>
        <StdOut>Debug Trace:
The brown fox, o =&gt; should return 6</StdOut>
        <ErrorInfo>
          <Message>Assert.AreEqual failed. Expected:&lt;6&gt;. Actual:&lt;0&gt;. </Message>
          <StackTrace>   at ExercisesTest.ExH2Test.ExH2_TestOneChar() in \\mac\home\Desktop\CSExercises\ExercisesTest\SectionH\ExH2Test.cs:line 15
</StackTrace>
        </ErrorInfo>
      </Output>
    </UnitTestResult>
    <UnitTestResult executionId="04801aab-f419-4d38-964f-c1429cde36fa" testId="0edd46c6-0864-a084-7845-f3ab5a58d5e8" testName="ExH2_TestPositive1" computerName="ZANAANUAR1564" duration="00:00:00.0027197" startTime="2016-08-14T19:29:47.9255695+08:00" endTime="2016-08-14T19:29:47.9285692+08:00" testType="13cdc9d9-ddb5-4fa4-a97d-d965ccfc6d4b" outcome="Failed" testListId="8c84fa94-04c1-424b-9868-57a2d4851a1d" relativeResultsDirectory="04801aab-f419-4d38-964f-c1429cde36fa">
      <Output>
        <StdOut>Debug Trace:
The brown fox, FOX =&gt; should return 10</StdOut>
        <ErrorInfo>
          <Message>Assert.AreEqual failed. Expected:&lt;10&gt;. Actual:&lt;0&gt;. </Message>
          <StackTrace>   at ExercisesTest.ExH2Test.ExH2_TestPositive1() in \\mac\home\Desktop\CSExercises\ExercisesTest\SectionH\ExH2Test.cs:line 23
</StackTrace>
        </ErrorInfo>
      </Output>
    </UnitTestResult>
    <UnitTestResult executionId="42106c04-8e03-4130-89c7-4c5eaf9263fd" testId="cbb366c6-732e-4def-9a11-8dd886c0022f" testName="ExH2_TestPositive2" computerName="ZANAANUAR1564" duration="00:00:00.0030626" startTime="2016-08-14T19:29:47.9285692+08:00" endTime="2016-08-14T19:29:47.9325686+08:00" testType="13cdc9d9-ddb5-4fa4-a97d-d965ccfc6d4b" outcome="Failed" testListId="8c84fa94-04c1-424b-9868-57a2d4851a1d" relativeResultsDirectory="42106c04-8e03-4130-89c7-4c5eaf9263fd">
      <Output>
        <StdOut>Debug Trace:
The brown fox, bRO =&gt; should return 4</StdOut>
        <ErrorInfo>
          <Message>Assert.AreEqual failed. Expected:&lt;4&gt;. Actual:&lt;0&gt;. </Message>
          <StackTrace>   at ExercisesTest.ExH2Test.ExH2_TestPositive2() in \\mac\home\Desktop\CSExercises\ExercisesTest\SectionH\ExH2Test.cs:line 31
</StackTrace>
        </ErrorInfo>
      </Output>
    </UnitTestResult>
    <UnitTestResult executionId="402be3d3-3aa3-4789-8bb6-97a103aa123c" testId="1ca2fccd-4727-4051-5830-7ec18c4d7263" testName="ExH2_TestNegative1" computerName="ZANAANUAR1564" duration="00:00:00.0022752" startTime="2016-08-14T19:29:47.9325686+08:00" endTime="2016-08-14T19:29:47.9345871+08:00" testType="13cdc9d9-ddb5-4fa4-a97d-d965ccfc6d4b" outcome="Failed" testListId="8c84fa94-04c1-424b-9868-57a2d4851a1d" relativeResultsDirectory="402be3d3-3aa3-4789-8bb6-97a103aa123c">
      <Output>
        <StdOut>Debug Trace:
T, FOX =&gt; should return -1</StdOut>
        <ErrorInfo>
          <Message>Assert.AreEqual failed. Expected:&lt;-1&gt;. Actual:&lt;0&gt;. </Message>
          <StackTrace>   at ExercisesTest.ExH2Test.ExH2_TestNegative1() in \\mac\home\Desktop\CSExercises\ExercisesTest\SectionH\ExH2Test.cs:line 39
</StackTrace>
        </ErrorInfo>
      </Output>
    </UnitTestResult>
    <UnitTestResult executionId="fda0aa1c-17da-44be-9e93-e916e9252580" testId="4744dcc3-4bcc-ce0e-885e-9c28396a533f" testName="ExH2_TestNegative2" computerName="ZANAANUAR1564" duration="00:00:00.0063369" startTime="2016-08-14T19:29:47.9345871+08:00" endTime="2016-08-14T19:29:47.9415726+08:00" testType="13cdc9d9-ddb5-4fa4-a97d-d965ccfc6d4b" outcome="Failed" testListId="8c84fa94-04c1-424b-9868-57a2d4851a1d" relativeResultsDirectory="fda0aa1c-17da-44be-9e93-e916e9252580">
      <Output>
        <StdOut>Debug Trace:
The bras basah complex, bRO =&gt; should return -1</StdOut>
        <ErrorInfo>
          <Message>Assert.AreEqual failed. Expected:&lt;-1&gt;. Actual:&lt;0&gt;. </Message>
          <StackTrace>   at ExercisesTest.ExH2Test.ExH2_TestNegative2() in \\mac\home\Desktop\CSExercises\ExercisesTest\SectionH\ExH2Test.cs:line 47
</StackTrace>
        </ErrorInfo>
      </Output>
    </UnitTestResult>
    <UnitTestResult executionId="dac3e25e-e68a-424d-877d-6e519bdc7d69" testId="8082022e-9ba0-4329-7312-ea4cd2cb3ab8" testName="ExH3_TestOneToOneHundred" computerName="ZANAANUAR1564" duration="00:00:00.0019344" startTime="2016-08-14T19:29:47.9425684+08:00" endTime="2016-08-14T19:29:47.9455699+08:00" testType="13cdc9d9-ddb5-4fa4-a97d-d965ccfc6d4b" outcome="Failed" testListId="8c84fa94-04c1-424b-9868-57a2d4851a1d" relativeResultsDirectory="dac3e25e-e68a-424d-877d-6e519bdc7d69">
      <Output>
        <StdOut>Debug Trace:
Hex of 1 should be 1</StdOut>
        <ErrorInfo>
          <Message>Assert.AreEqual failed. Expected:&lt;1&gt;. Actual:&lt;(null)&gt;. </Message>
          <StackTrace>   at ExercisesTest.ExH3Test.ExH3_TestOneToOneHundred() in \\mac\home\Desktop\CSExercises\ExercisesTest\SectionH\ExH3Test.cs:line 19
</StackTrace>
        </ErrorInfo>
      </Output>
    </UnitTestResult>
    <UnitTestResult executionId="b28049fd-ddeb-485f-a4f6-4905333a77b9" testId="d4549c3c-9899-20a6-9260-01b385ff068d" testName="ExH4_TestNoSubstitution" computerName="ZANAANUAR1564" duration="00:00:00.0032503" startTime="2016-08-14T19:29:47.9455699+08:00" endTime="2016-08-14T19:29:47.9485687+08:00" testType="13cdc9d9-ddb5-4fa4-a97d-d965ccfc6d4b" outcome="Failed" testListId="8c84fa94-04c1-424b-9868-57a2d4851a1d" relativeResultsDirectory="b28049fd-ddeb-485f-a4f6-4905333a77b9">
      <Output>
        <StdOut>Debug Trace:
Bad dog, e, o =&gt; Bad dog</StdOut>
        <ErrorInfo>
          <Message>Assert.AreEqual failed. Expected:&lt;Bad dog&gt;. Actual:&lt;(null)&gt;. </Message>
          <StackTrace>   at ExercisesTest.ExH4Test.ExH4_TestNoSubstitution() in \\mac\home\Desktop\CSExercises\ExercisesTest\SectionH\ExH4Test.cs:line 14
</StackTrace>
        </ErrorInfo>
      </Output>
    </UnitTestResult>
    <UnitTestResult executionId="01689fef-c317-4e94-abcd-ba198ec291dc" testId="baa9a9c2-82c6-dfe0-e3fa-3cd1e3e7ccba" testName="ExH4_TestMultipleSubstitution" computerName="ZANAANUAR1564" duration="00:00:00.0022452" startTime="2016-08-14T19:29:47.9495670+08:00" endTime="2016-08-14T19:29:47.9515662+08:00" testType="13cdc9d9-ddb5-4fa4-a97d-d965ccfc6d4b" outcome="Failed" testListId="8c84fa94-04c1-424b-9868-57a2d4851a1d" relativeResultsDirectory="01689fef-c317-4e94-abcd-ba198ec291dc">
      <Output>
        <StdOut>Debug Trace:
Bad dog, d, f =&gt; Baf fog</StdOut>
        <ErrorInfo>
          <Message>Assert.AreEqual failed. Expected:&lt;Baf fog&gt;. Actual:&lt;(null)&gt;. </Message>
          <StackTrace>   at ExercisesTest.ExH4Test.ExH4_TestMultipleSubstitution() in \\mac\home\Desktop\CSExercises\ExercisesTest\SectionH\ExH4Test.cs:line 21
</StackTrace>
        </ErrorInfo>
      </Output>
    </UnitTestResult>
    <UnitTestResult executionId="e579bbeb-82e7-42a4-b8e3-0e2d885396f3" testId="b5297abf-74a9-3001-95eb-a1a261572d42" testName="ExI1_Test195" computerName="ZANAANUAR1564" duration="00:00:00.0051180" startTime="2016-08-14T19:29:47.9515662+08:00" endTime="2016-08-14T19:29:47.9575750+08:00" testType="13cdc9d9-ddb5-4fa4-a97d-d965ccfc6d4b" outcome="Failed" testListId="8c84fa94-04c1-424b-9868-57a2d4851a1d" relativeResultsDirectory="e579bbeb-82e7-42a4-b8e3-0e2d885396f3">
      <Output>
        <StdOut>Debug Trace:
Enter the amount: 1.95</StdOut>
        <ErrorInfo>
          <Message>Assert.IsTrue failed. Program output do not contain the expected output (5c).</Message>
          <StackTrace>   at ExercisesTest.TestHelper.AssertOutputContains(Int32 positionFromBack, String expectedOutput, Boolean log) in \\mac\home\Desktop\CSExercises\ExercisesTest\TestHelper.cs:line 67
   at ExercisesTest.ExI1Test.ExI1_Test195() in \\mac\home\Desktop\CSExercises\ExercisesTest\SectionI\ExI1Test.cs:line 16
</StackTrace>
        </ErrorInfo>
      </Output>
    </UnitTestResult>
    <UnitTestResult executionId="5c1ba694-8648-4806-948b-6c056deb3006" testId="26ff1520-2742-f4bc-a1c3-8e5cdfc6dc23" testName="Ex45_Test105" computerName="ZANAANUAR1564" duration="00:00:00.0025178" startTime="2016-08-14T19:29:47.9585806+08:00" endTime="2016-08-14T19:29:47.9615698+08:00" testType="13cdc9d9-ddb5-4fa4-a97d-d965ccfc6d4b" outcome="Failed" testListId="8c84fa94-04c1-424b-9868-57a2d4851a1d" relativeResultsDirectory="5c1ba694-8648-4806-948b-6c056deb3006">
      <Output>
        <StdOut>Debug Trace:
Enter the amount: 1.05</StdOut>
        <ErrorInfo>
          <Message>Assert.IsTrue failed. Program output do not contain the expected output (5c).</Message>
          <StackTrace>   at ExercisesTest.TestHelper.AssertOutputContains(Int32 positionFromBack, String expectedOutput, Boolean log) in \\mac\home\Desktop\CSExercises\ExercisesTest\TestHelper.cs:line 67
   at ExercisesTest.ExI1Test.Ex45_Test105() in \\mac\home\Desktop\CSExercises\ExercisesTest\SectionI\ExI1Test.cs:line 29
</StackTrace>
        </ErrorInfo>
      </Output>
    </UnitTestResult>
    <UnitTestResult executionId="c5bf04ae-dcb6-42e5-958e-fff341695aeb" testId="703d9bbb-ee8a-2635-69c5-fc611c620eee" testName="ExI2_TestRandomMaybeAlotOfFalseResult" computerName="ZANAANUAR1564" duration="00:00:00.0038250" startTime="2016-08-14T19:29:47.9615698+08:00" endTime="2016-08-14T19:29:47.9655764+08:00" testType="13cdc9d9-ddb5-4fa4-a97d-d965ccfc6d4b" outcome="Failed" testListId="8c84fa94-04c1-424b-9868-57a2d4851a1d" relativeResultsDirectory="c5bf04ae-dcb6-42e5-958e-fff341695aeb">
      <Output>
        <StdOut>Debug Trace:</StdOut>
        <ErrorInfo>
          <Message>Assert.IsTrue failed. No output detected</Message>
          <StackTrace>   at ExercisesTest.ExI2Test.ExI2_TestRandomMaybeAlotOfFalseResult() in \\mac\home\Desktop\CSExercises\ExercisesTest\SectionI\Ex46_Test.cs:line 20
</StackTrace>
        </ErrorInfo>
      </Output>
    </UnitTestResult>
    <UnitTestResult executionId="61889ffe-6312-4726-be22-6d64f96fafdd" testId="3e520c80-0f62-a07e-65c9-318f860f601b" testName="ExA3_SquareOf0" computerName="ZANAANUAR1564" duration="00:00:00.0007444" startTime="2016-08-14T19:29:47.9655764+08:00" endTime="2016-08-14T19:29:47.9675657+08:00" testType="13cdc9d9-ddb5-4fa4-a97d-d965ccfc6d4b" outcome="Passed" testListId="8c84fa94-04c1-424b-9868-57a2d4851a1d" relativeResultsDirectory="61889ffe-6312-4726-be22-6d64f96fafdd" />
    <UnitTestResult executionId="84069afc-19df-4a04-b4ee-89b24942443f" testId="9335201e-0849-2837-cc1d-4fb4bfd54e5d" testName="ExA3_SquareOf10" computerName="ZANAANUAR1564" duration="00:00:00.0001254" startTime="2016-08-14T19:29:47.9675657+08:00" endTime="2016-08-14T19:29:47.9685661+08:00" testType="13cdc9d9-ddb5-4fa4-a97d-d965ccfc6d4b" outcome="Passed" testListId="8c84fa94-04c1-424b-9868-57a2d4851a1d" relativeResultsDirectory="84069afc-19df-4a04-b4ee-89b24942443f" />
    <UnitTestResult executionId="dd6d859e-e885-478c-8967-e4eb4dd23333" testId="2f4488dd-19dd-82ed-e8ad-8944a67ad6c6" testName="ExA3_SquareOfMin10" computerName="ZANAANUAR1564" duration="00:00:00.0003667" startTime="2016-08-14T19:29:47.9685661+08:00" endTime="2016-08-14T19:29:47.9685661+08:00" testType="13cdc9d9-ddb5-4fa4-a97d-d965ccfc6d4b" outcome="Passed" testListId="8c84fa94-04c1-424b-9868-57a2d4851a1d" relativeResultsDirectory="dd6d859e-e885-478c-8967-e4eb4dd23333" />
  </Results>
  <TestDefinitions>
    <UnitTest name="ExA2_TestWithAName" storage="y:\desktop\csexercises\exercisestest\bin\debug\exercisestest.dll" id="8d13645f-ace3-ee52-0b1f-b75f216a1c8a">
      <Execution id="666628af-3d6b-44fc-a9f3-e9dcd503df54" />
      <TestMethod codeBase="Y:\Desktop\CSExercises\ExercisesTest\bin\Debug\ExercisesTest.dll" adapterTypeName="Microsoft.VisualStudio.TestTools.TestTypes.Unit.UnitTestAdapter" className="ExercisesTest.ExA2Test" name="ExA2_TestWithAName" />
    </UnitTest>
    <UnitTest name="ExC3_TestWithZero" storage="y:\desktop\csexercises\exercisestest\bin\debug\exercisestest.dll" id="e3d43c25-4879-9987-1b05-886dcab007db">
      <Execution id="f1533c33-4c6e-4711-be7f-28e5db678f2f" />
      <TestMethod codeBase="Y:\Desktop\CSExercises\ExercisesTest\bin\Debug\ExercisesTest.dll" adapterTypeName="Microsoft.VisualStudio.TestTools.TestTypes.Unit.UnitTestAdapter" className="ExercisesTest.ExC3Test" name="ExC3_TestWithZero" />
    </UnitTest>
    <UnitTest name="ExC3_TestForA" storage="y:\desktop\csexercises\exercisestest\bin\debug\exercisestest.dll" id="97c4b883-ea03-6670-c7d7-8a5271d03002">
      <Execution id="b96b0543-7803-41bb-8a80-c45be13aee53" />
      <TestMethod codeBase="Y:\Desktop\CSExercises\ExercisesTest\bin\Debug\ExercisesTest.dll" adapterTypeName="Microsoft.VisualStudio.TestTools.TestTypes.Unit.UnitTestAdapter" className="ExercisesTest.ExC3Test" name="ExC3_TestForA" />
    </UnitTest>
    <UnitTest name="ExC3_TestForB" storage="y:\desktop\csexercises\exercisestest\bin\debug\exercisestest.dll" id="057093fc-37d3-acb2-7e8c-260165b052fe">
      <Execution id="fe149575-6172-4de0-9d03-2ef5d02a8328" />
      <TestMethod codeBase="Y:\Desktop\CSExercises\ExercisesTest\bin\Debug\ExercisesTest.dll" adapterTypeName="Microsoft.VisualStudio.TestTools.TestTypes.Unit.UnitTestAdapter" className="ExercisesTest.ExC3Test" name="ExC3_TestForB" />
    </UnitTest>
    <UnitTest name="ExC3_TestForC" storage="y:\desktop\csexercises\exercisestest\bin\debug\exercisestest.dll" id="9f43dc8a-28c1-8a57-a21b-12b5d329c479">
      <Execution id="64b1fb57-317e-45bf-9aae-c8bd62c567e9" />
      <TestMethod codeBase="Y:\Desktop\CSExercises\ExercisesTest\bin\Debug\ExercisesTest.dll" adapterTypeName="Microsoft.VisualStudio.TestTools.TestTypes.Unit.UnitTestAdapter" className="ExercisesTest.ExC3Test" name="ExC3_TestForC" />
    </UnitTest>
    <UnitTest name="ExC3_TestWithNegative" storage="y:\desktop\csexercises\exercisestest\bin\debug\exercisestest.dll" id="e77da0c1-e064-d298-63e2-55fde252db14">
      <Execution id="531e8e93-8ebe-47af-8280-539b0d468369" />
      <TestMethod codeBase="Y:\Desktop\CSExercises\ExercisesTest\bin\Debug\ExercisesTest.dll" adapterTypeName="Microsoft.VisualStudio.TestTools.TestTypes.Unit.UnitTestAdapter" className="ExercisesTest.ExC3Test" name="ExC3_TestWithNegative" />
    </UnitTest>
    <UnitTest name="ExC3_TestWithLargeNumber" storage="y:\desktop\csexercises\exercisestest\bin\debug\exercisestest.dll" id="736ce668-007a-8538-cb57-b0aa4f59c7ed">
      <Execution id="30a763f9-b2f4-4398-811e-2d46637f9550" />
      <TestMethod codeBase="Y:\Desktop\CSExercises\ExercisesTest\bin\Debug\ExercisesTest.dll" adapterTypeName="Microsoft.VisualStudio.TestTools.TestTypes.Unit.UnitTestAdapter" className="ExercisesTest.ExC3Test" name="ExC3_TestWithLargeNumber" />
    </UnitTest>
    <UnitTest name="ExB5_TestWithZero" storage="y:\desktop\csexercises\exercisestest\bin\debug\exercisestest.dll" id="159ba622-1904-2602-2526-72a12ffa196f">
      <Execution id="57101fda-618a-48e9-be34-41032314365e" />
      <TestMethod codeBase="Y:\Desktop\CSExercises\ExercisesTest\bin\Debug\ExercisesTest.dll" adapterTypeName="Microsoft.VisualStudio.TestTools.TestTypes.Unit.UnitTestAdapter" className="ExercisesTest.ExB5Test" name="ExB5_TestWithZero" />
    </UnitTest>
    <UnitTest name="ExB5_TestWithRandomPositiveNumber" storage="y:\desktop\csexercises\exercisestest\bin\debug\exercisestest.dll" id="4ce714ee-0184-d714-c26f-c0f025b421a2">
      <Execution id="ed983137-0478-4d04-9e28-d4aaf6beb0b8" />
      <TestMethod codeBase="Y:\Desktop\CSExercises\ExercisesTest\bin\Debug\ExercisesTest.dll" adapterTypeName="Microsoft.VisualStudio.TestTools.TestTypes.Unit.UnitTestAdapter" className="ExercisesTest.ExB5Test" name="ExB5_TestWithRandomPositiveNumber" />
    </UnitTest>
    <UnitTest name="ExB5_TestWithRandomNegativeNumber" storage="y:\desktop\csexercises\exercisestest\bin\debug\exercisestest.dll" id="56a6c058-ff64-0a54-1bb8-aba4833eba62">
      <Execution id="395a2e77-31e9-469d-82c2-8b262b4f2cb3" />
      <TestMethod codeBase="Y:\Desktop\CSExercises\ExercisesTest\bin\Debug\ExercisesTest.dll" adapterTypeName="Microsoft.VisualStudio.TestTools.TestTypes.Unit.UnitTestAdapter" className="ExercisesTest.ExB5Test" name="ExB5_TestWithRandomNegativeNumber" />
    </UnitTest>
    <UnitTest name="ExB4_TestWithZero" storage="y:\desktop\csexercises\exercisestest\bin\debug\exercisestest.dll" id="521f27a5-8565-5e7d-7db9-96f0742480e4">
      <Execution id="a20c06cd-786b-4ae2-8acf-b7a33def3270" />
      <TestMethod codeBase="Y:\Desktop\CSExercises\ExercisesTest\bin\Debug\ExercisesTest.dll" adapterTypeName="Microsoft.VisualStudio.TestTools.TestTypes.Unit.UnitTestAdapter" className="ExercisesTest.ExB4Test" name="ExB4_TestWithZero" />
    </UnitTest>
    <UnitTest name="ExB4_TestWithRandomPositiveNumber" storage="y:\desktop\csexercises\exercisestest\bin\debug\exercisestest.dll" id="d3c73420-c493-2580-26b5-713efb8af071">
      <Execution id="81c8d954-1b75-4f48-a5b8-fabbb0d28cb1" />
      <TestMethod codeBase="Y:\Desktop\CSExercises\ExercisesTest\bin\Debug\ExercisesTest.dll" adapterTypeName="Microsoft.VisualStudio.TestTools.TestTypes.Unit.UnitTestAdapter" className="ExercisesTest.ExB4Test" name="ExB4_TestWithRandomPositiveNumber" />
    </UnitTest>
    <UnitTest name="ExB4_TestWithRandomNegativeNumber" storage="y:\desktop\csexercises\exercisestest\bin\debug\exercisestest.dll" id="07543d53-3299-9504-fc22-6f3224244293">
      <Execution id="bcce44e9-ba07-4e58-9f26-632685fd4953" />
      <TestMethod codeBase="Y:\Desktop\CSExercises\ExercisesTest\bin\Debug\ExercisesTest.dll" adapterTypeName="Microsoft.VisualStudio.TestTools.TestTypes.Unit.UnitTestAdapter" className="ExercisesTest.ExB4Test" name="ExB4_TestWithRandomNegativeNumber" />
    </UnitTest>
    <UnitTest name="ExB3_TestWithZero" storage="y:\desktop\csexercises\exercisestest\bin\debug\exercisestest.dll" id="547d9154-166e-a709-4ab7-dbf01b9db8a0">
      <Execution id="c290f84d-1bb9-46da-a949-9bbd5d6207bc" />
      <TestMethod codeBase="Y:\Desktop\CSExercises\ExercisesTest\bin\Debug\ExercisesTest.dll" adapterTypeName="Microsoft.VisualStudio.TestTools.TestTypes.Unit.UnitTestAdapter" className="ExercisesTest.ExB3Test" name="ExB3_TestWithZero" />
    </UnitTest>
    <UnitTest name="ExB3_TestWithRandomNumber" storage="y:\desktop\csexercises\exercisestest\bin\debug\exercisestest.dll" id="ff06b2a1-aac2-2828-23bf-4e83c2715f17">
      <Execution id="2fe4c82c-4397-4b76-ac7f-d21db1183b64" />
      <TestMethod codeBase="Y:\Desktop\CSExercises\ExercisesTest\bin\Debug\ExercisesTest.dll" adapterTypeName="Microsoft.VisualStudio.TestTools.TestTypes.Unit.UnitTestAdapter" className="ExercisesTest.ExB3Test" name="ExB3_TestWithRandomNumber" />
    </UnitTest>
    <UnitTest name="ExB2_TestWithZero" storage="y:\desktop\csexercises\exercisestest\bin\debug\exercisestest.dll" id="dd7a1cf7-7671-a70a-aef5-f365aedd4d0e">
      <Execution id="40404d8c-8088-4c9e-82ef-9dba91e47e69" />
      <TestMethod codeBase="Y:\Desktop\CSExercises\ExercisesTest\bin\Debug\ExercisesTest.dll" adapterTypeName="Microsoft.VisualStudio.TestTools.TestTypes.Unit.UnitTestAdapter" className="ExercisesTest.ExB2Test" name="ExB2_TestWithZero" />
    </UnitTest>
    <UnitTest name="ExB2_TestWithRandomNumber" storage="y:\desktop\csexercises\exercisestest\bin\debug\exercisestest.dll" id="1e6e95e5-93d0-8567-b766-24daa399e7a5">
      <Execution id="ef95435f-7d59-429d-a1f2-95d52be1d9d1" />
      <TestMethod codeBase="Y:\Desktop\CSExercises\ExercisesTest\bin\Debug\ExercisesTest.dll" adapterTypeName="Microsoft.VisualStudio.TestTools.TestTypes.Unit.UnitTestAdapter" className="ExercisesTest.ExB2Test" name="ExB2_TestWithRandomNumber" />
    </UnitTest>
    <UnitTest name="ExB1_TestWithZero" storage="y:\desktop\csexercises\exercisestest\bin\debug\exercisestest.dll" id="928f0289-fc26-87c9-cbcc-7860f04c41e5">
      <Execution id="ab057bdb-0807-43c3-91e9-df26d72c15a2" />
      <TestMethod codeBase="Y:\Desktop\CSExercises\ExercisesTest\bin\Debug\ExercisesTest.dll" adapterTypeName="Microsoft.VisualStudio.TestTools.TestTypes.Unit.UnitTestAdapter" className="ExercisesTest.ExB1Test" name="ExB1_TestWithZero" />
    </UnitTest>
    <UnitTest name="ExB1_TestWithRandomNumber" storage="y:\desktop\csexercises\exercisestest\bin\debug\exercisestest.dll" id="cf3fce46-434f-4b13-6b4c-ced354dd07f6">
      <Execution id="b0fa07f5-af7d-40c5-a510-e642a0848211" />
      <TestMethod codeBase="Y:\Desktop\CSExercises\ExercisesTest\bin\Debug\ExercisesTest.dll" adapterTypeName="Microsoft.VisualStudio.TestTools.TestTypes.Unit.UnitTestAdapter" className="ExercisesTest.ExB1Test" name="ExB1_TestWithRandomNumber" />
    </UnitTest>
    <UnitTest name="ExA5_Case1" storage="y:\desktop\csexercises\exercisestest\bin\debug\exercisestest.dll" id="76d0a13b-ab80-9522-b82c-80ef6e94b587">
      <Execution id="a3fb15e7-1476-49bf-95ac-855e67cd5238" />
      <TestMethod codeBase="Y:\Desktop\CSExercises\ExercisesTest\bin\Debug\ExercisesTest.dll" adapterTypeName="Microsoft.VisualStudio.TestTools.TestTypes.Unit.UnitTestAdapter" className="ExercisesTest.ExA5Test" name="ExA5_Case1" />
    </UnitTest>
    <UnitTest name="ExA5_Case2" storage="y:\desktop\csexercises\exercisestest\bin\debug\exercisestest.dll" id="22a0a7fb-7586-1091-0284-41aa8e900d3a">
      <Execution id="1b8c97b8-b30f-4512-9002-9ba9fdeba2ba" />
      <TestMethod codeBase="Y:\Desktop\CSExercises\ExercisesTest\bin\Debug\ExercisesTest.dll" adapterTypeName="Microsoft.VisualStudio.TestTools.TestTypes.Unit.UnitTestAdapter" className="ExercisesTest.ExA5Test" name="ExA5_Case2" />
    </UnitTest>
    <UnitTest name="ExA5_Case3" storage="y:\desktop\csexercises\exercisestest\bin\debug\exercisestest.dll" id="220c17f5-86fd-d612-976c-3a2f2514a9ee">
      <Execution id="3689c5a4-912e-4e07-95fb-6b3800c1a9f6" />
      <TestMethod codeBase="Y:\Desktop\CSExercises\ExercisesTest\bin\Debug\ExercisesTest.dll" adapterTypeName="Microsoft.VisualStudio.TestTools.TestTypes.Unit.UnitTestAdapter" className="ExercisesTest.ExA5Test" name="ExA5_Case3" />
    </UnitTest>
    <UnitTest name="ExA5_Case4" storage="y:\desktop\csexercises\exercisestest\bin\debug\exercisestest.dll" id="eeda8489-f414-b738-730a-b86d9a065988">
      <Execution id="bf3b603f-24c1-4991-80bc-e1093de93d57" />
      <TestMethod codeBase="Y:\Desktop\CSExercises\ExercisesTest\bin\Debug\ExercisesTest.dll" adapterTypeName="Microsoft.VisualStudio.TestTools.TestTypes.Unit.UnitTestAdapter" className="ExercisesTest.ExA5Test" name="ExA5_Case4" />
    </UnitTest>
    <UnitTest name="ExA4_SquareOf0" storage="y:\desktop\csexercises\exercisestest\bin\debug\exercisestest.dll" id="7c77c2c8-c4ae-c33d-b32c-0c27ea0a4ea6">
      <Execution id="b6a23215-955f-4c84-b494-13ef052e2e8f" />
      <TestMethod codeBase="Y:\Desktop\CSExercises\ExercisesTest\bin\Debug\ExercisesTest.dll" adapterTypeName="Microsoft.VisualStudio.TestTools.TestTypes.Unit.UnitTestAdapter" className="ExercisesTest.ExA4Test" name="ExA4_SquareOf0" />
    </UnitTest>
    <UnitTest name="ExA4_SquareOf10" storage="y:\desktop\csexercises\exercisestest\bin\debug\exercisestest.dll" id="06b9133f-4899-3a9e-2fb2-27c70cb6b199">
      <Execution id="6cc42fa7-8cf0-4c44-9bcb-12b62bf6516b" />
      <TestMethod codeBase="Y:\Desktop\CSExercises\ExercisesTest\bin\Debug\ExercisesTest.dll" adapterTypeName="Microsoft.VisualStudio.TestTools.TestTypes.Unit.UnitTestAdapter" className="ExercisesTest.ExA4Test" name="ExA4_SquareOf10" />
    </UnitTest>
    <UnitTest name="ExA4_SquareOfMin10" storage="y:\desktop\csexercises\exercisestest\bin\debug\exercisestest.dll" id="bb1830d4-461e-fe67-a1f1-5256b7d4a372">
      <Execution id="f1887f62-5033-4936-8334-baaf3344135f" />
      <TestMethod codeBase="Y:\Desktop\CSExercises\ExercisesTest\bin\Debug\ExercisesTest.dll" adapterTypeName="Microsoft.VisualStudio.TestTools.TestTypes.Unit.UnitTestAdapter" className="ExercisesTest.ExA4Test" name="ExA4_SquareOfMin10" />
    </UnitTest>
    <UnitTest name="ExB6_TestWithZero" storage="y:\desktop\csexercises\exercisestest\bin\debug\exercisestest.dll" id="b0fe1b76-85dd-996a-6897-764077fa221a">
      <Execution id="c09a549c-d2e8-4b20-ac63-419c0871a280" />
      <TestMethod codeBase="Y:\Desktop\CSExercises\ExercisesTest\bin\Debug\ExercisesTest.dll" adapterTypeName="Microsoft.VisualStudio.TestTools.TestTypes.Unit.UnitTestAdapter" className="ExercisesTest.ExB6Test" name="ExB6_TestWithZero" />
    </UnitTest>
    <UnitTest name="ExB6_TestWithPositiveNumber" storage="y:\desktop\csexercises\exercisestest\bin\debug\exercisestest.dll" id="3e2b89e5-e2cc-63c8-e53e-5e4f06942620">
      <Execution id="acc5df0b-e73d-499d-9716-b7ccbd120d6c" />
      <TestMethod codeBase="Y:\Desktop\CSExercises\ExercisesTest\bin\Debug\ExercisesTest.dll" adapterTypeName="Microsoft.VisualStudio.TestTools.TestTypes.Unit.UnitTestAdapter" className="ExercisesTest.ExB6Test" name="ExB6_TestWithPositiveNumber" />
    </UnitTest>
    <UnitTest name="ExB6_TestWithNegativeNumber" storage="y:\desktop\csexercises\exercisestest\bin\debug\exercisestest.dll" id="09a74379-7aab-b6a3-6c3c-bf77ba90813f">
      <Execution id="7731a51c-b0b3-4cbc-943b-6e5fda817179" />
      <TestMethod codeBase="Y:\Desktop\CSExercises\ExercisesTest\bin\Debug\ExercisesTest.dll" adapterTypeName="Microsoft.VisualStudio.TestTools.TestTypes.Unit.UnitTestAdapter" className="ExercisesTest.ExB6Test" name="ExB6_TestWithNegativeNumber" />
    </UnitTest>
    <UnitTest name="ExB7_TestWithZero" storage="y:\desktop\csexercises\exercisestest\bin\debug\exercisestest.dll" id="5d10d8c6-9801-fba8-47ea-4f24d629e64e">
      <Execution id="2b568c84-92c7-4767-aed3-05e5c6c23a98" />
      <TestMethod codeBase="Y:\Desktop\CSExercises\ExercisesTest\bin\Debug\ExercisesTest.dll" adapterTypeName="Microsoft.VisualStudio.TestTools.TestTypes.Unit.UnitTestAdapter" className="ExercisesTest.ExB7Test" name="ExB7_TestWithZero" />
    </UnitTest>
    <UnitTest name="ExB7_TestWithRandomPositiveNumber" storage="y:\desktop\csexercises\exercisestest\bin\debug\exercisestest.dll" id="8a3c2921-0d21-9733-b802-8fd60efda746">
      <Execution id="f848ba8c-ea5c-44ff-bd7c-60738de77113" />
      <TestMethod codeBase="Y:\Desktop\CSExercises\ExercisesTest\bin\Debug\ExercisesTest.dll" adapterTypeName="Microsoft.VisualStudio.TestTools.TestTypes.Unit.UnitTestAdapter" className="ExercisesTest.ExB7Test" name="ExB7_TestWithRandomPositiveNumber" />
    </UnitTest>
    <UnitTest name="ExB8_TestWithZero" storage="y:\desktop\csexercises\exercisestest\bin\debug\exercisestest.dll" id="d8f4ff5b-1da8-68e0-6735-dca747510bd3">
      <Execution id="75c454b1-a2a0-4178-9e48-ee5624951fe8" />
      <TestMethod codeBase="Y:\Desktop\CSExercises\ExercisesTest\bin\Debug\ExercisesTest.dll" adapterTypeName="Microsoft.VisualStudio.TestTools.TestTypes.Unit.UnitTestAdapter" className="ExercisesTest.ExB8Test" name="ExB8_TestWithZero" />
    </UnitTest>
    <UnitTest name="ExB8_TestWithRandomPositiveNumber" storage="y:\desktop\csexercises\exercisestest\bin\debug\exercisestest.dll" id="4c46834b-f4c3-08ad-a27c-3715addd7c00">
      <Execution id="18fc1a1f-65d9-4645-9b80-22ce9779de5e" />
      <TestMethod codeBase="Y:\Desktop\CSExercises\ExercisesTest\bin\Debug\ExercisesTest.dll" adapterTypeName="Microsoft.VisualStudio.TestTools.TestTypes.Unit.UnitTestAdapter" className="ExercisesTest.ExB8Test" name="ExB8_TestWithRandomPositiveNumber" />
    </UnitTest>
    <UnitTest name="ExB9TestWithZero" storage="y:\desktop\csexercises\exercisestest\bin\debug\exercisestest.dll" id="4d421191-ce69-78f3-5526-c5d9422be733">
      <Execution id="8edc7f8c-e551-4193-a086-6beb6ce1863d" />
      <TestMethod codeBase="Y:\Desktop\CSExercises\ExercisesTest\bin\Debug\ExercisesTest.dll" adapterTypeName="Microsoft.VisualStudio.TestTools.TestTypes.Unit.UnitTestAdapter" className="ExercisesTest.ExB9Test" name="ExB9TestWithZero" />
    </UnitTest>
    <UnitTest name="ExB9TestWithRandomPositiveNumber" storage="y:\desktop\csexercises\exercisestest\bin\debug\exercisestest.dll" id="2514325f-8396-182f-50e8-0dd4b88ec67a">
      <Execution id="0a2bffb1-ac11-4c29-a2e5-200e21cbd3e8" />
      <TestMethod codeBase="Y:\Desktop\CSExercises\ExercisesTest\bin\Debug\ExercisesTest.dll" adapterTypeName="Microsoft.VisualStudio.TestTools.TestTypes.Unit.UnitTestAdapter" className="ExercisesTest.ExB9Test" name="ExB9TestWithRandomPositiveNumber" />
    </UnitTest>
    <UnitTest name="ExB10_TestWithZero" storage="y:\desktop\csexercises\exercisestest\bin\debug\exercisestest.dll" id="2f64d7d7-397c-497d-5ac2-6f48b2c6e87a">
      <Execution id="298cbfe8-66d7-4ad0-b5d5-8a0fd0b4f362" />
      <TestMethod codeBase="Y:\Desktop\CSExercises\ExercisesTest\bin\Debug\ExercisesTest.dll" adapterTypeName="Microsoft.VisualStudio.TestTools.TestTypes.Unit.UnitTestAdapter" className="ExercisesTest.ExB10_Test" name="ExB10_TestWithZero" />
    </UnitTest>
    <UnitTest name="ExB10_TestWithPositiveNumber" storage="y:\desktop\csexercises\exercisestest\bin\debug\exercisestest.dll" id="2c0176f9-773e-372e-9030-1985551cf0c5">
      <Execution id="66520ec2-f737-45b7-ab67-f72dbfe7f43d" />
      <TestMethod codeBase="Y:\Desktop\CSExercises\ExercisesTest\bin\Debug\ExercisesTest.dll" adapterTypeName="Microsoft.VisualStudio.TestTools.TestTypes.Unit.UnitTestAdapter" className="ExercisesTest.ExB10_Test" name="ExB10_TestWithPositiveNumber" />
    </UnitTest>
    <UnitTest name="ExC5_TestWithAmstrongNumber" storage="y:\desktop\csexercises\exercisestest\bin\debug\exercisestest.dll" id="f44f585d-496a-ceff-8ec5-5aa583d03039">
      <Execution id="757f9f73-c535-4bfa-a8f5-5a9d5ba18d4d" />
      <TestMethod codeBase="Y:\Desktop\CSExercises\ExercisesTest\bin\Debug\ExercisesTest.dll" adapterTypeName="Microsoft.VisualStudio.TestTools.TestTypes.Unit.UnitTestAdapter" className="ExercisesTest.ExC5Test" name="ExC5_TestWithAmstrongNumber" />
    </UnitTest>
    <UnitTest name="ExC5_TestWithRandomPositiveNumber" storage="y:\desktop\csexercises\exercisestest\bin\debug\exercisestest.dll" id="403ee091-5d56-e49f-11e0-a0069db2d71f">
      <Execution id="86ca1c9b-ddc8-4a9d-a98d-834c15329da2" />
      <TestMethod codeBase="Y:\Desktop\CSExercises\ExercisesTest\bin\Debug\ExercisesTest.dll" adapterTypeName="Microsoft.VisualStudio.TestTools.TestTypes.Unit.UnitTestAdapter" className="ExercisesTest.ExC5Test" name="ExC5_TestWithRandomPositiveNumber" />
    </UnitTest>
    <UnitTest name="ExC1_TestWithMale" storage="y:\desktop\csexercises\exercisestest\bin\debug\exercisestest.dll" id="61d166ef-4cfe-77e3-b543-897aca364290">
      <Execution id="0d683c59-2e2c-4551-b662-7f3c4689b6ad" />
      <TestMethod codeBase="Y:\Desktop\CSExercises\ExercisesTest\bin\Debug\ExercisesTest.dll" adapterTypeName="Microsoft.VisualStudio.TestTools.TestTypes.Unit.UnitTestAdapter" className="ExercisesTest.ExC1Test" name="ExC1_TestWithMale" />
    </UnitTest>
    <UnitTest name="ExC1_TestWithFemale" storage="y:\desktop\csexercises\exercisestest\bin\debug\exercisestest.dll" id="f01da9c2-186f-f432-e2ea-a4bf6e6db11b">
      <Execution id="10966d15-b9cc-4dcb-aa77-de829d05841e" />
      <TestMethod codeBase="Y:\Desktop\CSExercises\ExercisesTest\bin\Debug\ExercisesTest.dll" adapterTypeName="Microsoft.VisualStudio.TestTools.TestTypes.Unit.UnitTestAdapter" className="ExercisesTest.ExC1Test" name="ExC1_TestWithFemale" />
    </UnitTest>
    <UnitTest name="ExC1_TestWithUnknown" storage="y:\desktop\csexercises\exercisestest\bin\debug\exercisestest.dll" id="437f057a-e785-23b6-2c3b-fdb00373c2ea">
      <Execution id="94710c52-4f27-47df-a5d1-2109fae64bbf" />
      <TestMethod codeBase="Y:\Desktop\CSExercises\ExercisesTest\bin\Debug\ExercisesTest.dll" adapterTypeName="Microsoft.VisualStudio.TestTools.TestTypes.Unit.UnitTestAdapter" className="ExercisesTest.ExC1Test" name="ExC1_TestWithUnknown" />
    </UnitTest>
    <UnitTest name="ExC2_TestWithUncle" storage="y:\desktop\csexercises\exercisestest\bin\debug\exercisestest.dll" id="2cc7dc39-d769-d794-e8ff-a77afcb7d16c">
      <Execution id="d4fc9f0e-e612-4b4e-bf49-58cf27286103" />
      <TestMethod codeBase="Y:\Desktop\CSExercises\ExercisesTest\bin\Debug\ExercisesTest.dll" adapterTypeName="Microsoft.VisualStudio.TestTools.TestTypes.Unit.UnitTestAdapter" className="ExercisesTest.ExC2_Test" name="ExC2_TestWithUncle" />
    </UnitTest>
    <UnitTest name="ExC2_TestWithAunty" storage="y:\desktop\csexercises\exercisestest\bin\debug\exercisestest.dll" id="358b895f-9561-e345-43e3-0530571178f3">
      <Execution id="591f6a7f-fdf0-41ac-a6a4-c3b8d36960ab" />
      <TestMethod codeBase="Y:\Desktop\CSExercises\ExercisesTest\bin\Debug\ExercisesTest.dll" adapterTypeName="Microsoft.VisualStudio.TestTools.TestTypes.Unit.UnitTestAdapter" className="ExercisesTest.ExC2_Test" name="ExC2_TestWithAunty" />
    </UnitTest>
    <UnitTest name="ExC2_TestWitMr" storage="y:\desktop\csexercises\exercisestest\bin\debug\exercisestest.dll" id="5786c8fe-760a-f1e2-51f3-9bf03ba7c133">
      <Execution id="daade20b-9bb1-491c-998e-997ab1c6adb5" />
      <TestMethod codeBase="Y:\Desktop\CSExercises\ExercisesTest\bin\Debug\ExercisesTest.dll" adapterTypeName="Microsoft.VisualStudio.TestTools.TestTypes.Unit.UnitTestAdapter" className="ExercisesTest.ExC2_Test" name="ExC2_TestWitMr" />
    </UnitTest>
    <UnitTest name="ExC2_TestWithMs" storage="y:\desktop\csexercises\exercisestest\bin\debug\exercisestest.dll" id="1d1c8a71-2287-e26b-162e-49d36eb500a6">
      <Execution id="b3747841-66a9-42b5-b9b4-8b610ec315ab" />
      <TestMethod codeBase="Y:\Desktop\CSExercises\ExercisesTest\bin\Debug\ExercisesTest.dll" adapterTypeName="Microsoft.VisualStudio.TestTools.TestTypes.Unit.UnitTestAdapter" className="ExercisesTest.ExC2_Test" name="ExC2_TestWithMs" />
    </UnitTest>
    <UnitTest name="ExC2_TestWithUnknown" storage="y:\desktop\csexercises\exercisestest\bin\debug\exercisestest.dll" id="3f3b4237-6c70-8c91-dc5f-29e8e770339b">
      <Execution id="6e6e3762-36cb-45ea-8a2d-a81f34b65958" />
      <TestMethod codeBase="Y:\Desktop\CSExercises\ExercisesTest\bin\Debug\ExercisesTest.dll" adapterTypeName="Microsoft.VisualStudio.TestTools.TestTypes.Unit.UnitTestAdapter" className="ExercisesTest.ExC2_Test" name="ExC2_TestWithUnknown" />
    </UnitTest>
    <UnitTest name="ExC4_TestWithZero" storage="y:\desktop\csexercises\exercisestest\bin\debug\exercisestest.dll" id="66b3003b-1aa8-40bb-c162-a94b6568685b">
      <Execution id="cd52b52d-92e7-4c1f-9f07-16abbccf5aff" />
      <TestMethod codeBase="Y:\Desktop\CSExercises\ExercisesTest\bin\Debug\ExercisesTest.dll" adapterTypeName="Microsoft.VisualStudio.TestTools.TestTypes.Unit.UnitTestAdapter" className="ExercisesTest.ExC4Test" name="ExC4_TestWithZero" />
    </UnitTest>
    <UnitTest name="ExC4TestWithHalf" storage="y:\desktop\csexercises\exercisestest\bin\debug\exercisestest.dll" id="b31774ee-007b-47f0-8e32-c6031c54d16f">
      <Execution id="1c06e554-dbac-460e-93cc-618275eebaf0" />
      <TestMethod codeBase="Y:\Desktop\CSExercises\ExercisesTest\bin\Debug\ExercisesTest.dll" adapterTypeName="Microsoft.VisualStudio.TestTools.TestTypes.Unit.UnitTestAdapter" className="ExercisesTest.ExC4Test" name="ExC4TestWithHalf" />
    </UnitTest>
    <UnitTest name="ExC4Test9Km" storage="y:\desktop\csexercises\exercisestest\bin\debug\exercisestest.dll" id="27d651a7-a3b9-7a3a-3e05-60be06064821">
      <Execution id="7bc3af9f-859d-4ddd-8dd3-90434e4324fb" />
      <TestMethod codeBase="Y:\Desktop\CSExercises\ExercisesTest\bin\Debug\ExercisesTest.dll" adapterTypeName="Microsoft.VisualStudio.TestTools.TestTypes.Unit.UnitTestAdapter" className="ExercisesTest.ExC4Test" name="ExC4Test9Km" />
    </UnitTest>
    <UnitTest name="ExC4Test1213Km" storage="y:\desktop\csexercises\exercisestest\bin\debug\exercisestest.dll" id="99cc52e4-4ede-d6f1-699a-639a70caf19e">
      <Execution id="2cc73fd6-c4e9-4663-be60-568a5ae44b3c" />
      <TestMethod codeBase="Y:\Desktop\CSExercises\ExercisesTest\bin\Debug\ExercisesTest.dll" adapterTypeName="Microsoft.VisualStudio.TestTools.TestTypes.Unit.UnitTestAdapter" className="ExercisesTest.ExC4Test" name="ExC4Test1213Km" />
    </UnitTest>
    <UnitTest name="ExC6_TestWithZero" storage="y:\desktop\csexercises\exercisestest\bin\debug\exercisestest.dll" id="f232122e-0613-e1ee-dfe5-9b85a22cd2b0">
      <Execution id="4ec5af53-2d9a-43aa-833d-0528e47737fe" />
      <TestMethod codeBase="Y:\Desktop\CSExercises\ExercisesTest\bin\Debug\ExercisesTest.dll" adapterTypeName="Microsoft.VisualStudio.TestTools.TestTypes.Unit.UnitTestAdapter" className="ExercisesTest.ExC6Test" name="ExC6_TestWithZero" />
    </UnitTest>
    <UnitTest name="ExC6_TestWithOneProduct1" storage="y:\desktop\csexercises\exercisestest\bin\debug\exercisestest.dll" id="ae4e66b0-9a29-2a92-aee9-fdf389c27fe6">
      <Execution id="1a09a8d2-e149-4500-9be1-55592b03b3eb" />
      <TestMethod codeBase="Y:\Desktop\CSExercises\ExercisesTest\bin\Debug\ExercisesTest.dll" adapterTypeName="Microsoft.VisualStudio.TestTools.TestTypes.Unit.UnitTestAdapter" className="ExercisesTest.ExC6Test" name="ExC6_TestWithOneProduct1" />
    </UnitTest>
    <UnitTest name="ExC6_TestWithOneProduct2" storage="y:\desktop\csexercises\exercisestest\bin\debug\exercisestest.dll" id="4297656f-1197-d292-0489-69d8ad93083c">
      <Execution id="fbd6fe5c-0a1f-4a93-a9e4-d80652d86e57" />
      <TestMethod codeBase="Y:\Desktop\CSExercises\ExercisesTest\bin\Debug\ExercisesTest.dll" adapterTypeName="Microsoft.VisualStudio.TestTools.TestTypes.Unit.UnitTestAdapter" className="ExercisesTest.ExC6Test" name="ExC6_TestWithOneProduct2" />
    </UnitTest>
    <UnitTest name="ExC6_TestWithOneProduct3" storage="y:\desktop\csexercises\exercisestest\bin\debug\exercisestest.dll" id="527da127-2853-1a9b-a2ad-f3585c728530">
      <Execution id="6131c42a-cb78-4b37-861f-d631af24ca9e" />
      <TestMethod codeBase="Y:\Desktop\CSExercises\ExercisesTest\bin\Debug\ExercisesTest.dll" adapterTypeName="Microsoft.VisualStudio.TestTools.TestTypes.Unit.UnitTestAdapter" className="ExercisesTest.ExC6Test" name="ExC6_TestWithOneProduct3" />
    </UnitTest>
    <UnitTest name="ExC6_TestWithOneProduct4" storage="y:\desktop\csexercises\exercisestest\bin\debug\exercisestest.dll" id="62915065-52ff-5fd8-8913-0189d77875c3">
      <Execution id="e786a74f-a751-46d2-be46-abf7179edf82" />
      <TestMethod codeBase="Y:\Desktop\CSExercises\ExercisesTest\bin\Debug\ExercisesTest.dll" adapterTypeName="Microsoft.VisualStudio.TestTools.TestTypes.Unit.UnitTestAdapter" className="ExercisesTest.ExC6Test" name="ExC6_TestWithOneProduct4" />
    </UnitTest>
    <UnitTest name="ExC6_TestWithOneProduct5" storage="y:\desktop\csexercises\exercisestest\bin\debug\exercisestest.dll" id="14d8a934-4e3c-5ff4-d896-b004187a9351">
      <Execution id="01fb20e4-61cc-4913-b66b-00283caac211" />
      <TestMethod codeBase="Y:\Desktop\CSExercises\ExercisesTest\bin\Debug\ExercisesTest.dll" adapterTypeName="Microsoft.VisualStudio.TestTools.TestTypes.Unit.UnitTestAdapter" className="ExercisesTest.ExC6Test" name="ExC6_TestWithOneProduct5" />
    </UnitTest>
    <UnitTest name="ExC6_TestWithTwoProducts1" storage="y:\desktop\csexercises\exercisestest\bin\debug\exercisestest.dll" id="8206a26a-e532-85c1-9aad-17a6a0a5bdf0">
      <Execution id="5edb82c5-eff0-4e51-8e40-f429cf514690" />
      <TestMethod codeBase="Y:\Desktop\CSExercises\ExercisesTest\bin\Debug\ExercisesTest.dll" adapterTypeName="Microsoft.VisualStudio.TestTools.TestTypes.Unit.UnitTestAdapter" className="ExercisesTest.ExC6Test" name="ExC6_TestWithTwoProducts1" />
    </UnitTest>
    <UnitTest name="ExC6_TestWithThreeProducts1" storage="y:\desktop\csexercises\exercisestest\bin\debug\exercisestest.dll" id="59543185-c115-6f05-fde4-7a3a3cf60da3">
      <Execution id="d8511e6f-6939-4bb8-93d2-a603b3b1c4e9" />
      <TestMethod codeBase="Y:\Desktop\CSExercises\ExercisesTest\bin\Debug\ExercisesTest.dll" adapterTypeName="Microsoft.VisualStudio.TestTools.TestTypes.Unit.UnitTestAdapter" className="ExercisesTest.ExC6Test" name="ExC6_TestWithThreeProducts1" />
    </UnitTest>
    <UnitTest name="ExD1_TestWith88" storage="y:\desktop\csexercises\exercisestest\bin\debug\exercisestest.dll" id="817d2cfb-2701-d099-0d77-7dda9f9ee260">
      <Execution id="2bfaf9e8-e25c-49ec-a823-11253d67f608" />
      <TestMethod codeBase="Y:\Desktop\CSExercises\ExercisesTest\bin\Debug\ExercisesTest.dll" adapterTypeName="Microsoft.VisualStudio.TestTools.TestTypes.Unit.UnitTestAdapter" className="ExercisesTest.ExD1Test" name="ExD1_TestWith88" />
    </UnitTest>
    <UnitTest name="ExD1_TestNo88" storage="y:\desktop\csexercises\exercisestest\bin\debug\exercisestest.dll" id="b3b356b0-b86d-68eb-f1fa-a1fb7eedeab6">
      <Execution id="cec676b6-8eae-4aaa-90ff-9cca1be90fa9" />
      <TestMethod codeBase="Y:\Desktop\CSExercises\ExercisesTest\bin\Debug\ExercisesTest.dll" adapterTypeName="Microsoft.VisualStudio.TestTools.TestTypes.Unit.UnitTestAdapter" className="ExercisesTest.ExD1Test" name="ExD1_TestNo88" />
    </UnitTest>
    <UnitTest name="ExD2_TestWithPositiveNumber1" storage="y:\desktop\csexercises\exercisestest\bin\debug\exercisestest.dll" id="37f78f12-4ace-98e0-52e8-3408fb66f00f">
      <Execution id="a463f35e-4373-4233-8e25-8d093fd835ef" />
      <TestMethod codeBase="Y:\Desktop\CSExercises\ExercisesTest\bin\Debug\ExercisesTest.dll" adapterTypeName="Microsoft.VisualStudio.TestTools.TestTypes.Unit.UnitTestAdapter" className="ExercisesTest.ExD2Test" name="ExD2_TestWithPositiveNumber1" />
    </UnitTest>
    <UnitTest name="ExD2_TestWithPositiveNumber2" storage="y:\desktop\csexercises\exercisestest\bin\debug\exercisestest.dll" id="31cdd151-4b4e-8af1-a309-064dea303c76">
      <Execution id="af7e9bdb-1241-414c-90ed-8301bba59598" />
      <TestMethod codeBase="Y:\Desktop\CSExercises\ExercisesTest\bin\Debug\ExercisesTest.dll" adapterTypeName="Microsoft.VisualStudio.TestTools.TestTypes.Unit.UnitTestAdapter" className="ExercisesTest.ExD2Test" name="ExD2_TestWithPositiveNumber2" />
    </UnitTest>
    <UnitTest name="ExD3_TestRepeatedly" storage="y:\desktop\csexercises\exercisestest\bin\debug\exercisestest.dll" id="5c4545c1-1c4b-68f6-8b78-e5e65fc45da5">
      <Execution id="3a8ced95-4b06-4683-a42b-39f52eb81f33" />
      <TestMethod codeBase="Y:\Desktop\CSExercises\ExercisesTest\bin\Debug\ExercisesTest.dll" adapterTypeName="Microsoft.VisualStudio.TestTools.TestTypes.Unit.UnitTestAdapter" className="ExercisesTest.ExD3Test" name="ExD3_TestRepeatedly" />
    </UnitTest>
    <UnitTest name="ExD4_TestSimpleNumber" storage="y:\desktop\csexercises\exercisestest\bin\debug\exercisestest.dll" id="41d254a0-3988-4fe8-c401-d6db7cf41541">
      <Execution id="8e6a4d09-bfef-43bd-a538-fff4772cc872" />
      <TestMethod codeBase="Y:\Desktop\CSExercises\ExercisesTest\bin\Debug\ExercisesTest.dll" adapterTypeName="Microsoft.VisualStudio.TestTools.TestTypes.Unit.UnitTestAdapter" className="ExercisesTest.ExD4Test" name="ExD4_TestSimpleNumber" />
    </UnitTest>
    <UnitTest name="ExD4_TestBiggerNumber" storage="y:\desktop\csexercises\exercisestest\bin\debug\exercisestest.dll" id="f786c760-8fd9-385b-4101-e13a18a86146">
      <Execution id="d35b582f-83c3-402c-9411-a87548ae2029" />
      <TestMethod codeBase="Y:\Desktop\CSExercises\ExercisesTest\bin\Debug\ExercisesTest.dll" adapterTypeName="Microsoft.VisualStudio.TestTools.TestTypes.Unit.UnitTestAdapter" className="ExercisesTest.ExD4Test" name="ExD4_TestBiggerNumber" />
    </UnitTest>
    <UnitTest name="ExE1_TestSimpleNumber" storage="y:\desktop\csexercises\exercisestest\bin\debug\exercisestest.dll" id="93d33d17-2fa5-03db-e35e-54470f3d1f7b">
      <Execution id="7b12a97c-6983-49d2-9727-04096460843d" />
      <TestMethod codeBase="Y:\Desktop\CSExercises\ExercisesTest\bin\Debug\ExercisesTest.dll" adapterTypeName="Microsoft.VisualStudio.TestTools.TestTypes.Unit.UnitTestAdapter" className="ExercisesTest.ExE1Test" name="ExE1_TestSimpleNumber" />
    </UnitTest>
    <UnitTest name="ExE1_TestBiggerNumber" storage="y:\desktop\csexercises\exercisestest\bin\debug\exercisestest.dll" id="5a209ef6-6f45-28e6-9185-5b832c31792d">
      <Execution id="ba4c3e8a-527b-4d3b-b1c9-4a6afdd146d6" />
      <TestMethod codeBase="Y:\Desktop\CSExercises\ExercisesTest\bin\Debug\ExercisesTest.dll" adapterTypeName="Microsoft.VisualStudio.TestTools.TestTypes.Unit.UnitTestAdapter" className="ExercisesTest.ExE1Test" name="ExE1_TestBiggerNumber" />
    </UnitTest>
    <UnitTest name="ExE2_TestTheOnlyCase" storage="y:\desktop\csexercises\exercisestest\bin\debug\exercisestest.dll" id="380d54ab-9eb4-5e4e-c1a8-b5b0e22a59a1">
      <Execution id="13dd9056-0712-4511-9c34-d20c774c8b76" />
      <TestMethod codeBase="Y:\Desktop\CSExercises\ExercisesTest\bin\Debug\ExercisesTest.dll" adapterTypeName="Microsoft.VisualStudio.TestTools.TestTypes.Unit.UnitTestAdapter" className="ExercisesTest.ExE2Test" name="ExE2_TestTheOnlyCase" />
    </UnitTest>
    <UnitTest name="ExE3_Test241" storage="y:\desktop\csexercises\exercisestest\bin\debug\exercisestest.dll" id="48cf3a9e-0a50-a29b-8eb0-126dcc656f66">
      <Execution id="742998a3-1ace-4c2c-9694-d3f1dbace761" />
      <TestMethod codeBase="Y:\Desktop\CSExercises\ExercisesTest\bin\Debug\ExercisesTest.dll" adapterTypeName="Microsoft.VisualStudio.TestTools.TestTypes.Unit.UnitTestAdapter" className="ExercisesTest.ExE3Test" name="ExE3_Test241" />
    </UnitTest>
    <UnitTest name="ExE3_Test240" storage="y:\desktop\csexercises\exercisestest\bin\debug\exercisestest.dll" id="91e204a5-eff7-540d-d066-632080d4a971">
      <Execution id="8b110604-131f-4fd3-baa4-7dfda970523d" />
      <TestMethod codeBase="Y:\Desktop\CSExercises\ExercisesTest\bin\Debug\ExercisesTest.dll" adapterTypeName="Microsoft.VisualStudio.TestTools.TestTypes.Unit.UnitTestAdapter" className="ExercisesTest.ExE3Test" name="ExE3_Test240" />
    </UnitTest>
    <UnitTest name="ExE4_Test496" storage="y:\desktop\csexercises\exercisestest\bin\debug\exercisestest.dll" id="4f5a549c-a85c-793f-ddb0-ac8e48e5d0f1">
      <Execution id="394c3185-6581-4ad0-b772-922c1ff18c9a" />
      <TestMethod codeBase="Y:\Desktop\CSExercises\ExercisesTest\bin\Debug\ExercisesTest.dll" adapterTypeName="Microsoft.VisualStudio.TestTools.TestTypes.Unit.UnitTestAdapter" className="ExercisesTest.ExE4Test" name="ExE4_Test496" />
    </UnitTest>
    <UnitTest name="ExE4_Test240" storage="y:\desktop\csexercises\exercisestest\bin\debug\exercisestest.dll" id="1dc75fae-43cb-7e63-4009-7965bd630b1a">
      <Execution id="93bfdaa3-ac7a-427d-9096-78013e25e2e7" />
      <TestMethod codeBase="Y:\Desktop\CSExercises\ExercisesTest\bin\Debug\ExercisesTest.dll" adapterTypeName="Microsoft.VisualStudio.TestTools.TestTypes.Unit.UnitTestAdapter" className="ExercisesTest.ExE4Test" name="ExE4_Test240" />
    </UnitTest>
    <UnitTest name="ExE5_TestForTheOnlyTestCase" storage="y:\desktop\csexercises\exercisestest\bin\debug\exercisestest.dll" id="442295cb-ec7e-e437-f1f2-a6c136660fa9">
      <Execution id="29c44581-d1bd-4e55-91cd-5fc39bdb8d01" />
      <TestMethod codeBase="Y:\Desktop\CSExercises\ExercisesTest\bin\Debug\ExercisesTest.dll" adapterTypeName="Microsoft.VisualStudio.TestTools.TestTypes.Unit.UnitTestAdapter" className="ExercisesTest.ExE5Test" name="ExE5_TestForTheOnlyTestCase" />
    </UnitTest>
    <UnitTest name="ExE6_TestForTheOnlyTestCase" storage="y:\desktop\csexercises\exercisestest\bin\debug\exercisestest.dll" id="d2aa1ef4-37c8-6f4f-caac-48633678d93a">
      <Execution id="6783324d-6700-4e2b-af88-b33b3daddbf3" />
      <TestMethod codeBase="Y:\Desktop\CSExercises\ExercisesTest\bin\Debug\ExercisesTest.dll" adapterTypeName="Microsoft.VisualStudio.TestTools.TestTypes.Unit.UnitTestAdapter" className="ExercisesTest.ExE6_Test" name="ExE6_TestForTheOnlyTestCase" />
    </UnitTest>
    <UnitTest name="ExF1_TestForTheOnlyTestCase" storage="y:\desktop\csexercises\exercisestest\bin\debug\exercisestest.dll" id="dc006c73-b7ad-39c4-a618-0510c48419f9">
      <Execution id="50661afa-77ad-47d0-aa8b-7544d57a1e83" />
      <TestMethod codeBase="Y:\Desktop\CSExercises\ExercisesTest\bin\Debug\ExercisesTest.dll" adapterTypeName="Microsoft.VisualStudio.TestTools.TestTypes.Unit.UnitTestAdapter" className="ExercisesTest.ExF1Test" name="ExF1_TestForTheOnlyTestCase" />
    </UnitTest>
    <UnitTest name="ExF2_TestForTheOrder" storage="y:\desktop\csexercises\exercisestest\bin\debug\exercisestest.dll" id="5af6480c-3862-4e94-bc2c-b24cac7ca661">
      <Execution id="8c41401b-03d9-4ac0-a762-c60872bce0ef" />
      <TestMethod codeBase="Y:\Desktop\CSExercises\ExercisesTest\bin\Debug\ExercisesTest.dll" adapterTypeName="Microsoft.VisualStudio.TestTools.TestTypes.Unit.UnitTestAdapter" className="ExercisesTest.ExF2Test" name="ExF2_TestForTheOrder" />
    </UnitTest>
    <UnitTest name="ExF3_TestForSomeOfTheResult" storage="y:\desktop\csexercises\exercisestest\bin\debug\exercisestest.dll" id="b02f104d-c4e9-55a3-ef13-4320e9fcd6ec">
      <Execution id="04db4cbe-5a70-4b5f-bf6e-49657b44fe90" />
      <TestMethod codeBase="Y:\Desktop\CSExercises\ExercisesTest\bin\Debug\ExercisesTest.dll" adapterTypeName="Microsoft.VisualStudio.TestTools.TestTypes.Unit.UnitTestAdapter" className="ExercisesTest.ExF3Test" name="ExF3_TestForSomeOfTheResult" />
    </UnitTest>
    <UnitTest name="ExG1_TestWithABCDE" storage="y:\desktop\csexercises\exercisestest\bin\debug\exercisestest.dll" id="f30f2658-99db-d72e-9ec4-31a9938fa387">
      <Execution id="7251b6a5-b882-4898-ac22-f13e22d85fdd" />
      <TestMethod codeBase="Y:\Desktop\CSExercises\ExercisesTest\bin\Debug\ExercisesTest.dll" adapterTypeName="Microsoft.VisualStudio.TestTools.TestTypes.Unit.UnitTestAdapter" className="ExercisesTest.ExG1Test" name="ExG1_TestWithABCDE" />
    </UnitTest>
    <UnitTest name="ExG1_TestWithRycky" storage="y:\desktop\csexercises\exercisestest\bin\debug\exercisestest.dll" id="2e593488-b56a-eff0-ca82-e8d0bb44c159">
      <Execution id="fc84cd66-ff55-43a3-8793-78f47f33daf5" />
      <TestMethod codeBase="Y:\Desktop\CSExercises\ExercisesTest\bin\Debug\ExercisesTest.dll" adapterTypeName="Microsoft.VisualStudio.TestTools.TestTypes.Unit.UnitTestAdapter" className="ExercisesTest.ExG1Test" name="ExG1_TestWithRycky" />
    </UnitTest>
    <UnitTest name="ExG1_TestWithAeiou" storage="y:\desktop\csexercises\exercisestest\bin\debug\exercisestest.dll" id="ab2a1fc1-80f8-bc44-f298-ece577f665f6">
      <Execution id="bca2aa02-f1b6-4b1a-82b9-eafc54fcb4e0" />
      <TestMethod codeBase="Y:\Desktop\CSExercises\ExercisesTest\bin\Debug\ExercisesTest.dll" adapterTypeName="Microsoft.VisualStudio.TestTools.TestTypes.Unit.UnitTestAdapter" className="ExercisesTest.ExG1Test" name="ExG1_TestWithAeiou" />
    </UnitTest>
    <UnitTest name="ExG2_TestWithMadam" storage="y:\desktop\csexercises\exercisestest\bin\debug\exercisestest.dll" id="18e3e622-092f-3e19-8553-2026a160f673">
      <Execution id="c8583245-6604-41b5-a1f7-973b192a75f2" />
      <TestMethod codeBase="Y:\Desktop\CSExercises\ExercisesTest\bin\Debug\ExercisesTest.dll" adapterTypeName="Microsoft.VisualStudio.TestTools.TestTypes.Unit.UnitTestAdapter" className="ExercisesTest.ExG2_Test" name="ExG2_TestWithMadam" />
    </UnitTest>
    <UnitTest name="ExG2_TestWithSanta" storage="y:\desktop\csexercises\exercisestest\bin\debug\exercisestest.dll" id="ee68900a-ee9e-ddba-3df4-cb4a828e02fb">
      <Execution id="154c1835-d41d-4a31-ba09-585ae5227108" />
      <TestMethod codeBase="Y:\Desktop\CSExercises\ExercisesTest\bin\Debug\ExercisesTest.dll" adapterTypeName="Microsoft.VisualStudio.TestTools.TestTypes.Unit.UnitTestAdapter" className="ExercisesTest.ExG2_Test" name="ExG2_TestWithSanta" />
    </UnitTest>
    <UnitTest name="ExG2_TestWithISS" storage="y:\desktop\csexercises\exercisestest\bin\debug\exercisestest.dll" id="97c6c703-6d42-4b52-af58-5bc1820c63e6">
      <Execution id="98cf1f65-866f-41fd-adca-ee18871c6ff6" />
      <TestMethod codeBase="Y:\Desktop\CSExercises\ExercisesTest\bin\Debug\ExercisesTest.dll" adapterTypeName="Microsoft.VisualStudio.TestTools.TestTypes.Unit.UnitTestAdapter" className="ExercisesTest.ExG2_Test" name="ExG2_TestWithISS" />
    </UnitTest>
    <UnitTest name="ExG3_TestWithOneWord" storage="y:\desktop\csexercises\exercisestest\bin\debug\exercisestest.dll" id="009b3f8f-dd80-521b-6dfb-99834ad4fb9f">
      <Execution id="88a2e5ed-4792-4fc7-82b5-5848b5d961b5" />
      <TestMethod codeBase="Y:\Desktop\CSExercises\ExercisesTest\bin\Debug\ExercisesTest.dll" adapterTypeName="Microsoft.VisualStudio.TestTools.TestTypes.Unit.UnitTestAdapter" className="ExercisesTest.ExG3Test" name="ExG3_TestWithOneWord" />
    </UnitTest>
    <UnitTest name="ExG3_TestWithISS" storage="y:\desktop\csexercises\exercisestest\bin\debug\exercisestest.dll" id="ec776b73-93db-33b0-d71f-976483ca31f6">
      <Execution id="d4b70eac-d413-4e7c-a08e-f48990202be7" />
      <TestMethod codeBase="Y:\Desktop\CSExercises\ExercisesTest\bin\Debug\ExercisesTest.dll" adapterTypeName="Microsoft.VisualStudio.TestTools.TestTypes.Unit.UnitTestAdapter" className="ExercisesTest.ExG3Test" name="ExG3_TestWithISS" />
    </UnitTest>
    <UnitTest name="ExG4_TestOrder" storage="y:\desktop\csexercises\exercisestest\bin\debug\exercisestest.dll" id="e986587e-732a-eb08-f5bc-4cd7a66af95d">
      <Execution id="cddda382-73c8-4732-8076-313850a6a23b" />
      <TestMethod codeBase="Y:\Desktop\CSExercises\ExercisesTest\bin\Debug\ExercisesTest.dll" adapterTypeName="Microsoft.VisualStudio.TestTools.TestTypes.Unit.UnitTestAdapter" className="ExercisesTest.ExG4Test" name="ExG4_TestOrder" />
    </UnitTest>
    <UnitTest name="ExH1_TestOneChar" storage="y:\desktop\csexercises\exercisestest\bin\debug\exercisestest.dll" id="a4ae2f7a-bc59-f21f-0330-4520bbb34ec8">
      <Execution id="6edce9d1-9a42-48a1-8388-51f9f3f45f04" />
      <TestMethod codeBase="Y:\Desktop\CSExercises\ExercisesTest\bin\Debug\ExercisesTest.dll" adapterTypeName="Microsoft.VisualStudio.TestTools.TestTypes.Unit.UnitTestAdapter" className="ExercisesTest.ExH1Test" name="ExH1_TestOneChar" />
    </UnitTest>
    <UnitTest name="ExH1_TestPositive1" storage="y:\desktop\csexercises\exercisestest\bin\debug\exercisestest.dll" id="c1d8227b-f44f-4db1-97da-6595d5433cbe">
      <Execution id="23c1f700-299c-484e-9e21-f16df14a05cc" />
      <TestMethod codeBase="Y:\Desktop\CSExercises\ExercisesTest\bin\Debug\ExercisesTest.dll" adapterTypeName="Microsoft.VisualStudio.TestTools.TestTypes.Unit.UnitTestAdapter" className="ExercisesTest.ExH1Test" name="ExH1_TestPositive1" />
    </UnitTest>
    <UnitTest name="ExH1_TestPositive2" storage="y:\desktop\csexercises\exercisestest\bin\debug\exercisestest.dll" id="baf4c8f9-72bd-e9a1-3899-5f643a41cbac">
      <Execution id="34bd34ef-26be-4829-ab10-27f46ca05e32" />
      <TestMethod codeBase="Y:\Desktop\CSExercises\ExercisesTest\bin\Debug\ExercisesTest.dll" adapterTypeName="Microsoft.VisualStudio.TestTools.TestTypes.Unit.UnitTestAdapter" className="ExercisesTest.ExH1Test" name="ExH1_TestPositive2" />
    </UnitTest>
    <UnitTest name="ExH1_TestNegative1" storage="y:\desktop\csexercises\exercisestest\bin\debug\exercisestest.dll" id="1df2cd5e-05cd-0340-279c-bf437d1b1fa6">
      <Execution id="820a9282-3cfc-4a3f-8034-271c1edaaa96" />
      <TestMethod codeBase="Y:\Desktop\CSExercises\ExercisesTest\bin\Debug\ExercisesTest.dll" adapterTypeName="Microsoft.VisualStudio.TestTools.TestTypes.Unit.UnitTestAdapter" className="ExercisesTest.ExH1Test" name="ExH1_TestNegative1" />
    </UnitTest>
    <UnitTest name="ExH1_TestNegative2" storage="y:\desktop\csexercises\exercisestest\bin\debug\exercisestest.dll" id="af9c61a0-f313-c3c8-1027-5c796a206b57">
      <Execution id="ce451c5f-eeab-46d0-a7cf-9f079ae9a7b5" />
      <TestMethod codeBase="Y:\Desktop\CSExercises\ExercisesTest\bin\Debug\ExercisesTest.dll" adapterTypeName="Microsoft.VisualStudio.TestTools.TestTypes.Unit.UnitTestAdapter" className="ExercisesTest.ExH1Test" name="ExH1_TestNegative2" />
    </UnitTest>
    <UnitTest name="ExH2_TestOneChar" storage="y:\desktop\csexercises\exercisestest\bin\debug\exercisestest.dll" id="3d7d1584-1c63-ac50-bc50-de50031518c4">
      <Execution id="d5b67df7-f52c-4fad-9f91-87becd2d24f8" />
      <TestMethod codeBase="Y:\Desktop\CSExercises\ExercisesTest\bin\Debug\ExercisesTest.dll" adapterTypeName="Microsoft.VisualStudio.TestTools.TestTypes.Unit.UnitTestAdapter" className="ExercisesTest.ExH2Test" name="ExH2_TestOneChar" />
    </UnitTest>
    <UnitTest name="ExH2_TestPositive1" storage="y:\desktop\csexercises\exercisestest\bin\debug\exercisestest.dll" id="0edd46c6-0864-a084-7845-f3ab5a58d5e8">
      <Execution id="04801aab-f419-4d38-964f-c1429cde36fa" />
      <TestMethod codeBase="Y:\Desktop\CSExercises\ExercisesTest\bin\Debug\ExercisesTest.dll" adapterTypeName="Microsoft.VisualStudio.TestTools.TestTypes.Unit.UnitTestAdapter" className="ExercisesTest.ExH2Test" name="ExH2_TestPositive1" />
    </UnitTest>
    <UnitTest name="ExH2_TestPositive2" storage="y:\desktop\csexercises\exercisestest\bin\debug\exercisestest.dll" id="cbb366c6-732e-4def-9a11-8dd886c0022f">
      <Execution id="42106c04-8e03-4130-89c7-4c5eaf9263fd" />
      <TestMethod codeBase="Y:\Desktop\CSExercises\ExercisesTest\bin\Debug\ExercisesTest.dll" adapterTypeName="Microsoft.VisualStudio.TestTools.TestTypes.Unit.UnitTestAdapter" className="ExercisesTest.ExH2Test" name="ExH2_TestPositive2" />
    </UnitTest>
    <UnitTest name="ExH2_TestNegative1" storage="y:\desktop\csexercises\exercisestest\bin\debug\exercisestest.dll" id="1ca2fccd-4727-4051-5830-7ec18c4d7263">
      <Execution id="402be3d3-3aa3-4789-8bb6-97a103aa123c" />
      <TestMethod codeBase="Y:\Desktop\CSExercises\ExercisesTest\bin\Debug\ExercisesTest.dll" adapterTypeName="Microsoft.VisualStudio.TestTools.TestTypes.Unit.UnitTestAdapter" className="ExercisesTest.ExH2Test" name="ExH2_TestNegative1" />
    </UnitTest>
    <UnitTest name="ExH2_TestNegative2" storage="y:\desktop\csexercises\exercisestest\bin\debug\exercisestest.dll" id="4744dcc3-4bcc-ce0e-885e-9c28396a533f">
      <Execution id="fda0aa1c-17da-44be-9e93-e916e9252580" />
      <TestMethod codeBase="Y:\Desktop\CSExercises\ExercisesTest\bin\Debug\ExercisesTest.dll" adapterTypeName="Microsoft.VisualStudio.TestTools.TestTypes.Unit.UnitTestAdapter" className="ExercisesTest.ExH2Test" name="ExH2_TestNegative2" />
    </UnitTest>
    <UnitTest name="ExH3_TestOneToOneHundred" storage="y:\desktop\csexercises\exercisestest\bin\debug\exercisestest.dll" id="8082022e-9ba0-4329-7312-ea4cd2cb3ab8">
      <Execution id="dac3e25e-e68a-424d-877d-6e519bdc7d69" />
      <TestMethod codeBase="Y:\Desktop\CSExercises\ExercisesTest\bin\Debug\ExercisesTest.dll" adapterTypeName="Microsoft.VisualStudio.TestTools.TestTypes.Unit.UnitTestAdapter" className="ExercisesTest.ExH3Test" name="ExH3_TestOneToOneHundred" />
    </UnitTest>
    <UnitTest name="ExH4_TestNoSubstitution" storage="y:\desktop\csexercises\exercisestest\bin\debug\exercisestest.dll" id="d4549c3c-9899-20a6-9260-01b385ff068d">
      <Execution id="b28049fd-ddeb-485f-a4f6-4905333a77b9" />
      <TestMethod codeBase="Y:\Desktop\CSExercises\ExercisesTest\bin\Debug\ExercisesTest.dll" adapterTypeName="Microsoft.VisualStudio.TestTools.TestTypes.Unit.UnitTestAdapter" className="ExercisesTest.ExH4Test" name="ExH4_TestNoSubstitution" />
    </UnitTest>
    <UnitTest name="ExH4_TestMultipleSubstitution" storage="y:\desktop\csexercises\exercisestest\bin\debug\exercisestest.dll" id="baa9a9c2-82c6-dfe0-e3fa-3cd1e3e7ccba">
      <Execution id="01689fef-c317-4e94-abcd-ba198ec291dc" />
      <TestMethod codeBase="Y:\Desktop\CSExercises\ExercisesTest\bin\Debug\ExercisesTest.dll" adapterTypeName="Microsoft.VisualStudio.TestTools.TestTypes.Unit.UnitTestAdapter" className="ExercisesTest.ExH4Test" name="ExH4_TestMultipleSubstitution" />
    </UnitTest>
    <UnitTest name="ExI1_Test195" storage="y:\desktop\csexercises\exercisestest\bin\debug\exercisestest.dll" id="b5297abf-74a9-3001-95eb-a1a261572d42">
      <Execution id="e579bbeb-82e7-42a4-b8e3-0e2d885396f3" />
      <TestMethod codeBase="Y:\Desktop\CSExercises\ExercisesTest\bin\Debug\ExercisesTest.dll" adapterTypeName="Microsoft.VisualStudio.TestTools.TestTypes.Unit.UnitTestAdapter" className="ExercisesTest.ExI1Test" name="ExI1_Test195" />
    </UnitTest>
    <UnitTest name="Ex45_Test105" storage="y:\desktop\csexercises\exercisestest\bin\debug\exercisestest.dll" id="26ff1520-2742-f4bc-a1c3-8e5cdfc6dc23">
      <Execution id="5c1ba694-8648-4806-948b-6c056deb3006" />
      <TestMethod codeBase="Y:\Desktop\CSExercises\ExercisesTest\bin\Debug\ExercisesTest.dll" adapterTypeName="Microsoft.VisualStudio.TestTools.TestTypes.Unit.UnitTestAdapter" className="ExercisesTest.ExI1Test" name="Ex45_Test105" />
    </UnitTest>
    <UnitTest name="ExI2_TestRandomMaybeAlotOfFalseResult" storage="y:\desktop\csexercises\exercisestest\bin\debug\exercisestest.dll" id="703d9bbb-ee8a-2635-69c5-fc611c620eee">
      <Execution id="c5bf04ae-dcb6-42e5-958e-fff341695aeb" />
      <TestMethod codeBase="Y:\Desktop\CSExercises\ExercisesTest\bin\Debug\ExercisesTest.dll" adapterTypeName="Microsoft.VisualStudio.TestTools.TestTypes.Unit.UnitTestAdapter" className="ExercisesTest.ExI2Test" name="ExI2_TestRandomMaybeAlotOfFalseResult" />
    </UnitTest>
    <UnitTest name="ExA3_SquareOf0" storage="y:\desktop\csexercises\exercisestest\bin\debug\exercisestest.dll" id="3e520c80-0f62-a07e-65c9-318f860f601b">
      <Execution id="61889ffe-6312-4726-be22-6d64f96fafdd" />
      <TestMethod codeBase="Y:\Desktop\CSExercises\ExercisesTest\bin\Debug\ExercisesTest.dll" adapterTypeName="Microsoft.VisualStudio.TestTools.TestTypes.Unit.UnitTestAdapter" className="ExercisesTest.ExA3Test" name="ExA3_SquareOf0" />
    </UnitTest>
    <UnitTest name="ExA3_SquareOf10" storage="y:\desktop\csexercises\exercisestest\bin\debug\exercisestest.dll" id="9335201e-0849-2837-cc1d-4fb4bfd54e5d">
      <Execution id="84069afc-19df-4a04-b4ee-89b24942443f" />
      <TestMethod codeBase="Y:\Desktop\CSExercises\ExercisesTest\bin\Debug\ExercisesTest.dll" adapterTypeName="Microsoft.VisualStudio.TestTools.TestTypes.Unit.UnitTestAdapter" className="ExercisesTest.ExA3Test" name="ExA3_SquareOf10" />
    </UnitTest>
    <UnitTest name="ExA3_SquareOfMin10" storage="y:\desktop\csexercises\exercisestest\bin\debug\exercisestest.dll" id="2f4488dd-19dd-82ed-e8ad-8944a67ad6c6">
      <Execution id="dd6d859e-e885-478c-8967-e4eb4dd23333" />
      <TestMethod codeBase="Y:\Desktop\CSExercises\ExercisesTest\bin\Debug\ExercisesTest.dll" adapterTypeName="Microsoft.VisualStudio.TestTools.TestTypes.Unit.UnitTestAdapter" className="ExercisesTest.ExA3Test" name="ExA3_SquareOfMin10" />
    </UnitTest>
  </TestDefinitions>
  <TestEntries>
    <TestEntry testId="8d13645f-ace3-ee52-0b1f-b75f216a1c8a" executionId="666628af-3d6b-44fc-a9f3-e9dcd503df54" testListId="8c84fa94-04c1-424b-9868-57a2d4851a1d" />
    <TestEntry testId="e3d43c25-4879-9987-1b05-886dcab007db" executionId="f1533c33-4c6e-4711-be7f-28e5db678f2f" testListId="8c84fa94-04c1-424b-9868-57a2d4851a1d" />
    <TestEntry testId="97c4b883-ea03-6670-c7d7-8a5271d03002" executionId="b96b0543-7803-41bb-8a80-c45be13aee53" testListId="8c84fa94-04c1-424b-9868-57a2d4851a1d" />
    <TestEntry testId="057093fc-37d3-acb2-7e8c-260165b052fe" executionId="fe149575-6172-4de0-9d03-2ef5d02a8328" testListId="8c84fa94-04c1-424b-9868-57a2d4851a1d" />
    <TestEntry testId="9f43dc8a-28c1-8a57-a21b-12b5d329c479" executionId="64b1fb57-317e-45bf-9aae-c8bd62c567e9" testListId="8c84fa94-04c1-424b-9868-57a2d4851a1d" />
    <TestEntry testId="e77da0c1-e064-d298-63e2-55fde252db14" executionId="531e8e93-8ebe-47af-8280-539b0d468369" testListId="8c84fa94-04c1-424b-9868-57a2d4851a1d" />
    <TestEntry testId="736ce668-007a-8538-cb57-b0aa4f59c7ed" executionId="30a763f9-b2f4-4398-811e-2d46637f9550" testListId="8c84fa94-04c1-424b-9868-57a2d4851a1d" />
    <TestEntry testId="159ba622-1904-2602-2526-72a12ffa196f" executionId="57101fda-618a-48e9-be34-41032314365e" testListId="8c84fa94-04c1-424b-9868-57a2d4851a1d" />
    <TestEntry testId="4ce714ee-0184-d714-c26f-c0f025b421a2" executionId="ed983137-0478-4d04-9e28-d4aaf6beb0b8" testListId="8c84fa94-04c1-424b-9868-57a2d4851a1d" />
    <TestEntry testId="56a6c058-ff64-0a54-1bb8-aba4833eba62" executionId="395a2e77-31e9-469d-82c2-8b262b4f2cb3" testListId="8c84fa94-04c1-424b-9868-57a2d4851a1d" />
    <TestEntry testId="521f27a5-8565-5e7d-7db9-96f0742480e4" executionId="a20c06cd-786b-4ae2-8acf-b7a33def3270" testListId="8c84fa94-04c1-424b-9868-57a2d4851a1d" />
    <TestEntry testId="d3c73420-c493-2580-26b5-713efb8af071" executionId="81c8d954-1b75-4f48-a5b8-fabbb0d28cb1" testListId="8c84fa94-04c1-424b-9868-57a2d4851a1d" />
    <TestEntry testId="07543d53-3299-9504-fc22-6f3224244293" executionId="bcce44e9-ba07-4e58-9f26-632685fd4953" testListId="8c84fa94-04c1-424b-9868-57a2d4851a1d" />
    <TestEntry testId="547d9154-166e-a709-4ab7-dbf01b9db8a0" executionId="c290f84d-1bb9-46da-a949-9bbd5d6207bc" testListId="8c84fa94-04c1-424b-9868-57a2d4851a1d" />
    <TestEntry testId="ff06b2a1-aac2-2828-23bf-4e83c2715f17" executionId="2fe4c82c-4397-4b76-ac7f-d21db1183b64" testListId="8c84fa94-04c1-424b-9868-57a2d4851a1d" />
    <TestEntry testId="dd7a1cf7-7671-a70a-aef5-f365aedd4d0e" executionId="40404d8c-8088-4c9e-82ef-9dba91e47e69" testListId="8c84fa94-04c1-424b-9868-57a2d4851a1d" />
    <TestEntry testId="1e6e95e5-93d0-8567-b766-24daa399e7a5" executionId="ef95435f-7d59-429d-a1f2-95d52be1d9d1" testListId="8c84fa94-04c1-424b-9868-57a2d4851a1d" />
    <TestEntry testId="928f0289-fc26-87c9-cbcc-7860f04c41e5" executionId="ab057bdb-0807-43c3-91e9-df26d72c15a2" testListId="8c84fa94-04c1-424b-9868-57a2d4851a1d" />
    <TestEntry testId="cf3fce46-434f-4b13-6b4c-ced354dd07f6" executionId="b0fa07f5-af7d-40c5-a510-e642a0848211" testListId="8c84fa94-04c1-424b-9868-57a2d4851a1d" />
    <TestEntry testId="76d0a13b-ab80-9522-b82c-80ef6e94b587" executionId="a3fb15e7-1476-49bf-95ac-855e67cd5238" testListId="8c84fa94-04c1-424b-9868-57a2d4851a1d" />
    <TestEntry testId="22a0a7fb-7586-1091-0284-41aa8e900d3a" executionId="1b8c97b8-b30f-4512-9002-9ba9fdeba2ba" testListId="8c84fa94-04c1-424b-9868-57a2d4851a1d" />
    <TestEntry testId="220c17f5-86fd-d612-976c-3a2f2514a9ee" executionId="3689c5a4-912e-4e07-95fb-6b3800c1a9f6" testListId="8c84fa94-04c1-424b-9868-57a2d4851a1d" />
    <TestEntry testId="eeda8489-f414-b738-730a-b86d9a065988" executionId="bf3b603f-24c1-4991-80bc-e1093de93d57" testListId="8c84fa94-04c1-424b-9868-57a2d4851a1d" />
    <TestEntry testId="7c77c2c8-c4ae-c33d-b32c-0c27ea0a4ea6" executionId="b6a23215-955f-4c84-b494-13ef052e2e8f" testListId="8c84fa94-04c1-424b-9868-57a2d4851a1d" />
    <TestEntry testId="06b9133f-4899-3a9e-2fb2-27c70cb6b199" executionId="6cc42fa7-8cf0-4c44-9bcb-12b62bf6516b" testListId="8c84fa94-04c1-424b-9868-57a2d4851a1d" />
    <TestEntry testId="bb1830d4-461e-fe67-a1f1-5256b7d4a372" executionId="f1887f62-5033-4936-8334-baaf3344135f" testListId="8c84fa94-04c1-424b-9868-57a2d4851a1d" />
    <TestEntry testId="b0fe1b76-85dd-996a-6897-764077fa221a" executionId="c09a549c-d2e8-4b20-ac63-419c0871a280" testListId="8c84fa94-04c1-424b-9868-57a2d4851a1d" />
    <TestEntry testId="3e2b89e5-e2cc-63c8-e53e-5e4f06942620" executionId="acc5df0b-e73d-499d-9716-b7ccbd120d6c" testListId="8c84fa94-04c1-424b-9868-57a2d4851a1d" />
    <TestEntry testId="09a74379-7aab-b6a3-6c3c-bf77ba90813f" executionId="7731a51c-b0b3-4cbc-943b-6e5fda817179" testListId="8c84fa94-04c1-424b-9868-57a2d4851a1d" />
    <TestEntry testId="5d10d8c6-9801-fba8-47ea-4f24d629e64e" executionId="2b568c84-92c7-4767-aed3-05e5c6c23a98" testListId="8c84fa94-04c1-424b-9868-57a2d4851a1d" />
    <TestEntry testId="8a3c2921-0d21-9733-b802-8fd60efda746" executionId="f848ba8c-ea5c-44ff-bd7c-60738de77113" testListId="8c84fa94-04c1-424b-9868-57a2d4851a1d" />
    <TestEntry testId="d8f4ff5b-1da8-68e0-6735-dca747510bd3" executionId="75c454b1-a2a0-4178-9e48-ee5624951fe8" testListId="8c84fa94-04c1-424b-9868-57a2d4851a1d" />
    <TestEntry testId="4c46834b-f4c3-08ad-a27c-3715addd7c00" executionId="18fc1a1f-65d9-4645-9b80-22ce9779de5e" testListId="8c84fa94-04c1-424b-9868-57a2d4851a1d" />
    <TestEntry testId="4d421191-ce69-78f3-5526-c5d9422be733" executionId="8edc7f8c-e551-4193-a086-6beb6ce1863d" testListId="8c84fa94-04c1-424b-9868-57a2d4851a1d" />
    <TestEntry testId="2514325f-8396-182f-50e8-0dd4b88ec67a" executionId="0a2bffb1-ac11-4c29-a2e5-200e21cbd3e8" testListId="8c84fa94-04c1-424b-9868-57a2d4851a1d" />
    <TestEntry testId="2f64d7d7-397c-497d-5ac2-6f48b2c6e87a" executionId="298cbfe8-66d7-4ad0-b5d5-8a0fd0b4f362" testListId="8c84fa94-04c1-424b-9868-57a2d4851a1d" />
    <TestEntry testId="2c0176f9-773e-372e-9030-1985551cf0c5" executionId="66520ec2-f737-45b7-ab67-f72dbfe7f43d" testListId="8c84fa94-04c1-424b-9868-57a2d4851a1d" />
    <TestEntry testId="f44f585d-496a-ceff-8ec5-5aa583d03039" executionId="757f9f73-c535-4bfa-a8f5-5a9d5ba18d4d" testListId="8c84fa94-04c1-424b-9868-57a2d4851a1d" />
    <TestEntry testId="403ee091-5d56-e49f-11e0-a0069db2d71f" executionId="86ca1c9b-ddc8-4a9d-a98d-834c15329da2" testListId="8c84fa94-04c1-424b-9868-57a2d4851a1d" />
    <TestEntry testId="61d166ef-4cfe-77e3-b543-897aca364290" executionId="0d683c59-2e2c-4551-b662-7f3c4689b6ad" testListId="8c84fa94-04c1-424b-9868-57a2d4851a1d" />
    <TestEntry testId="f01da9c2-186f-f432-e2ea-a4bf6e6db11b" executionId="10966d15-b9cc-4dcb-aa77-de829d05841e" testListId="8c84fa94-04c1-424b-9868-57a2d4851a1d" />
    <TestEntry testId="437f057a-e785-23b6-2c3b-fdb00373c2ea" executionId="94710c52-4f27-47df-a5d1-2109fae64bbf" testListId="8c84fa94-04c1-424b-9868-57a2d4851a1d" />
    <TestEntry testId="2cc7dc39-d769-d794-e8ff-a77afcb7d16c" executionId="d4fc9f0e-e612-4b4e-bf49-58cf27286103" testListId="8c84fa94-04c1-424b-9868-57a2d4851a1d" />
    <TestEntry testId="358b895f-9561-e345-43e3-0530571178f3" executionId="591f6a7f-fdf0-41ac-a6a4-c3b8d36960ab" testListId="8c84fa94-04c1-424b-9868-57a2d4851a1d" />
    <TestEntry testId="5786c8fe-760a-f1e2-51f3-9bf03ba7c133" executionId="daade20b-9bb1-491c-998e-997ab1c6adb5" testListId="8c84fa94-04c1-424b-9868-57a2d4851a1d" />
    <TestEntry testId="1d1c8a71-2287-e26b-162e-49d36eb500a6" executionId="b3747841-66a9-42b5-b9b4-8b610ec315ab" testListId="8c84fa94-04c1-424b-9868-57a2d4851a1d" />
    <TestEntry testId="3f3b4237-6c70-8c91-dc5f-29e8e770339b" executionId="6e6e3762-36cb-45ea-8a2d-a81f34b65958" testListId="8c84fa94-04c1-424b-9868-57a2d4851a1d" />
    <TestEntry testId="66b3003b-1aa8-40bb-c162-a94b6568685b" executionId="cd52b52d-92e7-4c1f-9f07-16abbccf5aff" testListId="8c84fa94-04c1-424b-9868-57a2d4851a1d" />
    <TestEntry testId="b31774ee-007b-47f0-8e32-c6031c54d16f" executionId="1c06e554-dbac-460e-93cc-618275eebaf0" testListId="8c84fa94-04c1-424b-9868-57a2d4851a1d" />
    <TestEntry testId="27d651a7-a3b9-7a3a-3e05-60be06064821" executionId="7bc3af9f-859d-4ddd-8dd3-90434e4324fb" testListId="8c84fa94-04c1-424b-9868-57a2d4851a1d" />
    <TestEntry testId="99cc52e4-4ede-d6f1-699a-639a70caf19e" executionId="2cc73fd6-c4e9-4663-be60-568a5ae44b3c" testListId="8c84fa94-04c1-424b-9868-57a2d4851a1d" />
    <TestEntry testId="f232122e-0613-e1ee-dfe5-9b85a22cd2b0" executionId="4ec5af53-2d9a-43aa-833d-0528e47737fe" testListId="8c84fa94-04c1-424b-9868-57a2d4851a1d" />
    <TestEntry testId="ae4e66b0-9a29-2a92-aee9-fdf389c27fe6" executionId="1a09a8d2-e149-4500-9be1-55592b03b3eb" testListId="8c84fa94-04c1-424b-9868-57a2d4851a1d" />
    <TestEntry testId="4297656f-1197-d292-0489-69d8ad93083c" executionId="fbd6fe5c-0a1f-4a93-a9e4-d80652d86e57" testListId="8c84fa94-04c1-424b-9868-57a2d4851a1d" />
    <TestEntry testId="527da127-2853-1a9b-a2ad-f3585c728530" executionId="6131c42a-cb78-4b37-861f-d631af24ca9e" testListId="8c84fa94-04c1-424b-9868-57a2d4851a1d" />
    <TestEntry testId="62915065-52ff-5fd8-8913-0189d77875c3" executionId="e786a74f-a751-46d2-be46-abf7179edf82" testListId="8c84fa94-04c1-424b-9868-57a2d4851a1d" />
    <TestEntry testId="14d8a934-4e3c-5ff4-d896-b004187a9351" executionId="01fb20e4-61cc-4913-b66b-00283caac211" testListId="8c84fa94-04c1-424b-9868-57a2d4851a1d" />
    <TestEntry testId="8206a26a-e532-85c1-9aad-17a6a0a5bdf0" executionId="5edb82c5-eff0-4e51-8e40-f429cf514690" testListId="8c84fa94-04c1-424b-9868-57a2d4851a1d" />
    <TestEntry testId="59543185-c115-6f05-fde4-7a3a3cf60da3" executionId="d8511e6f-6939-4bb8-93d2-a603b3b1c4e9" testListId="8c84fa94-04c1-424b-9868-57a2d4851a1d" />
    <TestEntry testId="817d2cfb-2701-d099-0d77-7dda9f9ee260" executionId="2bfaf9e8-e25c-49ec-a823-11253d67f608" testListId="8c84fa94-04c1-424b-9868-57a2d4851a1d" />
    <TestEntry testId="b3b356b0-b86d-68eb-f1fa-a1fb7eedeab6" executionId="cec676b6-8eae-4aaa-90ff-9cca1be90fa9" testListId="8c84fa94-04c1-424b-9868-57a2d4851a1d" />
    <TestEntry testId="37f78f12-4ace-98e0-52e8-3408fb66f00f" executionId="a463f35e-4373-4233-8e25-8d093fd835ef" testListId="8c84fa94-04c1-424b-9868-57a2d4851a1d" />
    <TestEntry testId="31cdd151-4b4e-8af1-a309-064dea303c76" executionId="af7e9bdb-1241-414c-90ed-8301bba59598" testListId="8c84fa94-04c1-424b-9868-57a2d4851a1d" />
    <TestEntry testId="5c4545c1-1c4b-68f6-8b78-e5e65fc45da5" executionId="3a8ced95-4b06-4683-a42b-39f52eb81f33" testListId="8c84fa94-04c1-424b-9868-57a2d4851a1d" />
    <TestEntry testId="41d254a0-3988-4fe8-c401-d6db7cf41541" executionId="8e6a4d09-bfef-43bd-a538-fff4772cc872" testListId="8c84fa94-04c1-424b-9868-57a2d4851a1d" />
    <TestEntry testId="f786c760-8fd9-385b-4101-e13a18a86146" executionId="d35b582f-83c3-402c-9411-a87548ae2029" testListId="8c84fa94-04c1-424b-9868-57a2d4851a1d" />
    <TestEntry testId="93d33d17-2fa5-03db-e35e-54470f3d1f7b" executionId="7b12a97c-6983-49d2-9727-04096460843d" testListId="8c84fa94-04c1-424b-9868-57a2d4851a1d" />
    <TestEntry testId="5a209ef6-6f45-28e6-9185-5b832c31792d" executionId="ba4c3e8a-527b-4d3b-b1c9-4a6afdd146d6" testListId="8c84fa94-04c1-424b-9868-57a2d4851a1d" />
    <TestEntry testId="380d54ab-9eb4-5e4e-c1a8-b5b0e22a59a1" executionId="13dd9056-0712-4511-9c34-d20c774c8b76" testListId="8c84fa94-04c1-424b-9868-57a2d4851a1d" />
    <TestEntry testId="48cf3a9e-0a50-a29b-8eb0-126dcc656f66" executionId="742998a3-1ace-4c2c-9694-d3f1dbace761" testListId="8c84fa94-04c1-424b-9868-57a2d4851a1d" />
    <TestEntry testId="91e204a5-eff7-540d-d066-632080d4a971" executionId="8b110604-131f-4fd3-baa4-7dfda970523d" testListId="8c84fa94-04c1-424b-9868-57a2d4851a1d" />
    <TestEntry testId="4f5a549c-a85c-793f-ddb0-ac8e48e5d0f1" executionId="394c3185-6581-4ad0-b772-922c1ff18c9a" testListId="8c84fa94-04c1-424b-9868-57a2d4851a1d" />
    <TestEntry testId="1dc75fae-43cb-7e63-4009-7965bd630b1a" executionId="93bfdaa3-ac7a-427d-9096-78013e25e2e7" testListId="8c84fa94-04c1-424b-9868-57a2d4851a1d" />
    <TestEntry testId="442295cb-ec7e-e437-f1f2-a6c136660fa9" executionId="29c44581-d1bd-4e55-91cd-5fc39bdb8d01" testListId="8c84fa94-04c1-424b-9868-57a2d4851a1d" />
    <TestEntry testId="d2aa1ef4-37c8-6f4f-caac-48633678d93a" executionId="6783324d-6700-4e2b-af88-b33b3daddbf3" testListId="8c84fa94-04c1-424b-9868-57a2d4851a1d" />
    <TestEntry testId="dc006c73-b7ad-39c4-a618-0510c48419f9" executionId="50661afa-77ad-47d0-aa8b-7544d57a1e83" testListId="8c84fa94-04c1-424b-9868-57a2d4851a1d" />
    <TestEntry testId="5af6480c-3862-4e94-bc2c-b24cac7ca661" executionId="8c41401b-03d9-4ac0-a762-c60872bce0ef" testListId="8c84fa94-04c1-424b-9868-57a2d4851a1d" />
    <TestEntry testId="b02f104d-c4e9-55a3-ef13-4320e9fcd6ec" executionId="04db4cbe-5a70-4b5f-bf6e-49657b44fe90" testListId="8c84fa94-04c1-424b-9868-57a2d4851a1d" />
    <TestEntry testId="f30f2658-99db-d72e-9ec4-31a9938fa387" executionId="7251b6a5-b882-4898-ac22-f13e22d85fdd" testListId="8c84fa94-04c1-424b-9868-57a2d4851a1d" />
    <TestEntry testId="2e593488-b56a-eff0-ca82-e8d0bb44c159" executionId="fc84cd66-ff55-43a3-8793-78f47f33daf5" testListId="8c84fa94-04c1-424b-9868-57a2d4851a1d" />
    <TestEntry testId="ab2a1fc1-80f8-bc44-f298-ece577f665f6" executionId="bca2aa02-f1b6-4b1a-82b9-eafc54fcb4e0" testListId="8c84fa94-04c1-424b-9868-57a2d4851a1d" />
    <TestEntry testId="18e3e622-092f-3e19-8553-2026a160f673" executionId="c8583245-6604-41b5-a1f7-973b192a75f2" testListId="8c84fa94-04c1-424b-9868-57a2d4851a1d" />
    <TestEntry testId="ee68900a-ee9e-ddba-3df4-cb4a828e02fb" executionId="154c1835-d41d-4a31-ba09-585ae5227108" testListId="8c84fa94-04c1-424b-9868-57a2d4851a1d" />
    <TestEntry testId="97c6c703-6d42-4b52-af58-5bc1820c63e6" executionId="98cf1f65-866f-41fd-adca-ee18871c6ff6" testListId="8c84fa94-04c1-424b-9868-57a2d4851a1d" />
    <TestEntry testId="009b3f8f-dd80-521b-6dfb-99834ad4fb9f" executionId="88a2e5ed-4792-4fc7-82b5-5848b5d961b5" testListId="8c84fa94-04c1-424b-9868-57a2d4851a1d" />
    <TestEntry testId="ec776b73-93db-33b0-d71f-976483ca31f6" executionId="d4b70eac-d413-4e7c-a08e-f48990202be7" testListId="8c84fa94-04c1-424b-9868-57a2d4851a1d" />
    <TestEntry testId="e986587e-732a-eb08-f5bc-4cd7a66af95d" executionId="cddda382-73c8-4732-8076-313850a6a23b" testListId="8c84fa94-04c1-424b-9868-57a2d4851a1d" />
    <TestEntry testId="a4ae2f7a-bc59-f21f-0330-4520bbb34ec8" executionId="6edce9d1-9a42-48a1-8388-51f9f3f45f04" testListId="8c84fa94-04c1-424b-9868-57a2d4851a1d" />
    <TestEntry testId="c1d8227b-f44f-4db1-97da-6595d5433cbe" executionId="23c1f700-299c-484e-9e21-f16df14a05cc" testListId="8c84fa94-04c1-424b-9868-57a2d4851a1d" />
    <TestEntry testId="baf4c8f9-72bd-e9a1-3899-5f643a41cbac" executionId="34bd34ef-26be-4829-ab10-27f46ca05e32" testListId="8c84fa94-04c1-424b-9868-57a2d4851a1d" />
    <TestEntry testId="1df2cd5e-05cd-0340-279c-bf437d1b1fa6" executionId="820a9282-3cfc-4a3f-8034-271c1edaaa96" testListId="8c84fa94-04c1-424b-9868-57a2d4851a1d" />
    <TestEntry testId="af9c61a0-f313-c3c8-1027-5c796a206b57" executionId="ce451c5f-eeab-46d0-a7cf-9f079ae9a7b5" testListId="8c84fa94-04c1-424b-9868-57a2d4851a1d" />
    <TestEntry testId="3d7d1584-1c63-ac50-bc50-de50031518c4" executionId="d5b67df7-f52c-4fad-9f91-87becd2d24f8" testListId="8c84fa94-04c1-424b-9868-57a2d4851a1d" />
    <TestEntry testId="0edd46c6-0864-a084-7845-f3ab5a58d5e8" executionId="04801aab-f419-4d38-964f-c1429cde36fa" testListId="8c84fa94-04c1-424b-9868-57a2d4851a1d" />
    <TestEntry testId="cbb366c6-732e-4def-9a11-8dd886c0022f" executionId="42106c04-8e03-4130-89c7-4c5eaf9263fd" testListId="8c84fa94-04c1-424b-9868-57a2d4851a1d" />
    <TestEntry testId="1ca2fccd-4727-4051-5830-7ec18c4d7263" executionId="402be3d3-3aa3-4789-8bb6-97a103aa123c" testListId="8c84fa94-04c1-424b-9868-57a2d4851a1d" />
    <TestEntry testId="4744dcc3-4bcc-ce0e-885e-9c28396a533f" executionId="fda0aa1c-17da-44be-9e93-e916e9252580" testListId="8c84fa94-04c1-424b-9868-57a2d4851a1d" />
    <TestEntry testId="8082022e-9ba0-4329-7312-ea4cd2cb3ab8" executionId="dac3e25e-e68a-424d-877d-6e519bdc7d69" testListId="8c84fa94-04c1-424b-9868-57a2d4851a1d" />
    <TestEntry testId="d4549c3c-9899-20a6-9260-01b385ff068d" executionId="b28049fd-ddeb-485f-a4f6-4905333a77b9" testListId="8c84fa94-04c1-424b-9868-57a2d4851a1d" />
    <TestEntry testId="baa9a9c2-82c6-dfe0-e3fa-3cd1e3e7ccba" executionId="01689fef-c317-4e94-abcd-ba198ec291dc" testListId="8c84fa94-04c1-424b-9868-57a2d4851a1d" />
    <TestEntry testId="b5297abf-74a9-3001-95eb-a1a261572d42" executionId="e579bbeb-82e7-42a4-b8e3-0e2d885396f3" testListId="8c84fa94-04c1-424b-9868-57a2d4851a1d" />
    <TestEntry testId="26ff1520-2742-f4bc-a1c3-8e5cdfc6dc23" executionId="5c1ba694-8648-4806-948b-6c056deb3006" testListId="8c84fa94-04c1-424b-9868-57a2d4851a1d" />
    <TestEntry testId="703d9bbb-ee8a-2635-69c5-fc611c620eee" executionId="c5bf04ae-dcb6-42e5-958e-fff341695aeb" testListId="8c84fa94-04c1-424b-9868-57a2d4851a1d" />
    <TestEntry testId="3e520c80-0f62-a07e-65c9-318f860f601b" executionId="61889ffe-6312-4726-be22-6d64f96fafdd" testListId="8c84fa94-04c1-424b-9868-57a2d4851a1d" />
    <TestEntry testId="9335201e-0849-2837-cc1d-4fb4bfd54e5d" executionId="84069afc-19df-4a04-b4ee-89b24942443f" testListId="8c84fa94-04c1-424b-9868-57a2d4851a1d" />
    <TestEntry testId="2f4488dd-19dd-82ed-e8ad-8944a67ad6c6" executionId="dd6d859e-e885-478c-8967-e4eb4dd23333" testListId="8c84fa94-04c1-424b-9868-57a2d4851a1d" />
  </TestEntries>
  <TestLists>
    <TestList name="Results Not in a List" id="8c84fa94-04c1-424b-9868-57a2d4851a1d" />
    <TestList name="All Loaded Results" id="19431567-8539-422a-85d7-44ee4e166bda" />
  </TestLists>
  <ResultSummary outcome="Failed">
    <Counters total="106" executed="106" passed="46" failed="60" error="0" timeout="0" aborted="0" inconclusive="0" passedButRunAborted="0" notRunnable="0" notExecuted="0" disconnected="0" warning="0" completed="0" inProgress="0" pending="0" />
  </ResultSummary>
</TestRun>